Job started on babel-4-1 at Tue Mar 25 12:48:36 EDT 2025
Job ID: 4446150
Using device: cuda
[2025-03-25 12:48:39,634][root][INFO] - model:
  _target_: models.ffno.FFNO1D
  in_channels: 1
  out_channels: 1
  width: 32
  n_modes: 16
  factor: 4
  n_layers: 4
  ff_weight_norm: true
  n_ff_layers: 2
  layer_norm: false
  grid: null
  dropout: 0.0
  mode: full
dataset:
  reduced_batch: 1
  reduced_resolution: 1
  reduced_resolution_t: 8
  pde: burger_2.0
  data_path1: data/pdebench/1D_Burgers_Sols_Nu2.0.hdf5
training:
  batch_size: 64
  epochs: 100
  learning_rate: 0.001
  use_normalizer: false
project_name: ${dataset.pde}_${hydra:runtime.choices.model}
checkpoint_dir: checkpoints

Project name: burger_2.0_ffno_1d/ffno_1d
Model name: models.ffno.FFNO1D
PDE Dataset: burger_2.0
Loading from file: /home/rvk/data/pdebench/1D_Burgers_Sols_Nu2.0.hdf5
(10000, 201, 1024)
Total data shape: (10000, 26, 1024)
x shape: (240000, 1, 1024)
y shape: (240000, 1, 1024)
grid shape: torch.Size([1024, 1])
---------Using data normalizer---------------
Train dataset size: 192000
Validation dataset size: 24000
Test dataset size: 24000
<class 'torch.Tensor'> -0.008333712816238403 -0.008334048092365265 1.0694516897201538 1.0695152282714844
Sample Input shape: torch.Size([64, 1, 1024])
Sample Output shape: torch.Size([64, 1, 1024])
FFNO1D(
  (in_proj): WNLinear(in_features=2, out_features=32, bias=True)
  (fourier_layers): ModuleList(
    (0-3): 4 x FSpectralConv1d(
      (fourier_weight): ParameterList(  (0): Parameter containing: [torch.float32 of size 32x32x16x2 (cuda:0)])
      (backcast_ff): FeedForward(
        (layers): ModuleList(
          (0): Sequential(
            (0): Linear(in_features=32, out_features=128, bias=True)
            (1): Dropout(p=0.0, inplace=False)
            (2): GELU(approximate='none')
            (3): Identity()
          )
          (1): Sequential(
            (0): Linear(in_features=128, out_features=32, bias=True)
            (1): Dropout(p=0.0, inplace=False)
            (2): Identity()
            (3): Identity()
          )
        )
      )
      (act): Identity()
    )
  )
  (out_proj): WNLinear(in_features=32, out_features=1, bias=True)
)
Epoch 0, Train Loss: 0.09023796, Val Loss: 0.02565353
Epoch 10, Train Loss: 0.01094518, Val Loss: 0.00232563
Epoch 20, Train Loss: 0.00875194, Val Loss: 0.00511019
Epoch 30, Train Loss: 0.00689303, Val Loss: 0.00602796
Epoch 40, Train Loss: 0.00483616, Val Loss: 0.01107806
Epoch 50, Train Loss: 0.00442778, Val Loss: 0.00130518
Epoch 60, Train Loss: 0.00286717, Val Loss: 0.00268740
Epoch 70, Train Loss: 0.00167476, Val Loss: 0.00092137
Epoch 80, Train Loss: 0.00087656, Val Loss: 0.00108539
Epoch 90, Train Loss: 0.00034821, Val Loss: 0.00019900
Test L2 Loss: 0.000449
Figure saved to output_logs/predictions/burger_2.0_fno_4446150_predictions.png
Original test data shape: x=torch.Size([24000, 1, 1024]), y=torch.Size([24000, 1, 1024])

Evaluating at resolution factor: 1
Resolution factor 1 - Relative L2 Loss: 0.000449

Evaluating at resolution factor: 2
Downsampled shapes: x=torch.Size([24000, 1, 512]), y=torch.Size([24000, 1, 512])
Resolution factor 2 - Relative L2 Loss: 0.000462

Evaluating at resolution factor: 4
Downsampled shapes: x=torch.Size([24000, 1, 256]), y=torch.Size([24000, 1, 256])
Resolution factor 4 - Relative L2 Loss: 0.000463

Evaluating at resolution factor: 8
Downsampled shapes: x=torch.Size([24000, 1, 128]), y=torch.Size([24000, 1, 128])
Resolution factor 8 - Relative L2 Loss: 0.000466

Evaluating at resolution factor: 16
Downsampled shapes: x=torch.Size([24000, 1, 64]), y=torch.Size([24000, 1, 64])
Resolution factor 16 - Relative L2 Loss: 0.000471

Evaluating at resolution factor: 32
Downsampled shapes: x=torch.Size([24000, 1, 32]), y=torch.Size([24000, 1, 32])
Resolution factor 32 - Relative L2 Loss: 0.000510

Summary of Super-Resolution Evaluation:
Resolution factor 1: Relative L2 Loss = 0.000449
Resolution factor 2: Relative L2 Loss = 0.000462
Resolution factor 4: Relative L2 Loss = 0.000463
Resolution factor 8: Relative L2 Loss = 0.000466
Resolution factor 16: Relative L2 Loss = 0.000471
Resolution factor 32: Relative L2 Loss = 0.000510
Model saved to checkpoints/ffno1d/burger_2.0_4446150.pt
[1;34mwandb[0m: 
[1;34mwandb[0m: 🚀 View run [33mdry-night-18[0m at: [34mhttps://wandb.ai/rohanvk-carnegie-mellon-university/ffno1d/runs/64tqz917[0m
[1;34mwandb[0m: Find logs at: [1;35mwandb/run-20250325_124857-64tqz917/logs[0m
Job completed at Tue Mar 25 13:22:15 EDT 2025
