Job started on babel-a-20 at Sun May 11 18:10:16 EDT 2025
Job ID: 4843467
GPU information:
Sun May 11 18:10:17 2025       
+-----------------------------------------------------------------------------------------+
| NVIDIA-SMI 560.35.03              Driver Version: 560.35.03      CUDA Version: 12.6     |
|-----------------------------------------+------------------------+----------------------+
| GPU  Name                 Persistence-M | Bus-Id          Disp.A | Volatile Uncorr. ECC |
| Fan  Temp   Perf          Pwr:Usage/Cap |           Memory-Usage | GPU-Util  Compute M. |
|                                         |                        |               MIG M. |
|=========================================+========================+======================|
|   0  NVIDIA A100-SXM4-40GB          On  |   00000000:0A:00.0 Off |                    0 |
| N/A   39C    P0             59W /  252W |       1MiB /  40960MiB |      0%      Default |
|                                         |                        |             Disabled |
+-----------------------------------------+------------------------+----------------------+
|   1  NVIDIA A100-SXM4-40GB          On  |   00000000:4D:00.0 Off |                    0 |
| N/A   43C    P0             63W /  252W |       1MiB /  40960MiB |      0%      Default |
|                                         |                        |             Disabled |
+-----------------------------------------+------------------------+----------------------+
                                                                                         
+-----------------------------------------------------------------------------------------+
| Processes:                                                                              |
|  GPU   GI   CI        PID   Type   Process name                              GPU Memory |
|        ID   ID                                                               Usage      |
|=========================================================================================|
|  No running processes found                                                             |
+-----------------------------------------------------------------------------------------+
CUDA devices:
CUDA_VISIBLE_DEVICES: 0,1
Using device: cuda
[2025-05-11 18:10:22,370][root][INFO] - model:
  _target_: models.ffno.FFNO2D
  in_channels: 3
  out_channels: 3
  width: 32
  factor: 4
  n_modes: 16
  n_layers: 4
  dropout: 0.0
  mode: full
  ff_weight_norm: true
  n_ff_layers: 2
  layer_norm: true
dataset:
  reduced_batch: 1
  reduced_resolution: 4
  reduced_resolution_t: 4
  pde: navier_stokes_0
  data_path1: data/pdebench/ns_incom_inhom_2d_512-0.hdf5
training:
  batch_size: 16
  epochs: 100
  learning_rate: 0.001
  use_normalizer: false
project_name: ${dataset.pde}_${hydra:runtime.choices.model}
checkpoint_dir: checkpoints

Project name: navier_stokes_0_ffno_2d/ns_ffno_2d
Model name: models.ffno.FFNO2D
PDE Dataset: navier_stokes_0
Loading from file: /home/rvk/data/pdebench/ns_incom_inhom_2d_512-0.hdf5
Available keys: ['force', 'particles', 't', 'velocity']
Velocity data shape: (4, 1000, 512, 512, 2)
Particles data shape: (4, 1000, 512, 512, 1)
Combined data shape: (4, 250, 128, 128, 3)
x shape: torch.Size([992, 3, 128, 128])
y shape: torch.Size([992, 3, 128, 128])
---------Using data normalizer---------------
Train dataset size: 793
Validation dataset size: 99
Test dataset size: 100
<class 'torch.Tensor'> 0.004213007166981697 0.00431559793651104 0.9075433015823364 0.9155406951904297
Sample Input shape: torch.Size([16, 3, 128, 128])
Sample Output shape: torch.Size([16, 3, 128, 128])
FFNO2D(
  (in_proj): WNLinear(in_features=5, out_features=32, bias=True)
  (fourier_layers): ModuleList(
    (0-3): 4 x FSpectralConv2d(
      (fourier_weight): ParameterList(
          (0): Parameter containing: [torch.float32 of size 32x32x16x2 (cuda:0)]
          (1): Parameter containing: [torch.float32 of size 32x32x16x2 (cuda:0)]
      )
      (backcast_ff): FeedForward(
        (layers): ModuleList(
          (0): Sequential(
            (0): Linear(in_features=32, out_features=128, bias=True)
            (1): Dropout(p=0.0, inplace=False)
            (2): GELU(approximate='none')
            (3): Identity()
          )
          (1): Sequential(
            (0): Linear(in_features=128, out_features=32, bias=True)
            (1): Dropout(p=0.0, inplace=False)
            (2): Identity()
            (3): LayerNorm((32,), eps=1e-05, elementwise_affine=True)
          )
        )
      )
    )
  )
  (out_proj): WNLinear(in_features=32, out_features=3, bias=True)
)
Epoch 0, Train Loss: 0.28690537, Val Loss: 0.10530746
Epoch 10, Train Loss: 0.05304946, Val Loss: 0.06463650
Epoch 20, Train Loss: 0.04650553, Val Loss: 0.04930989
Epoch 30, Train Loss: 0.04221342, Val Loss: 0.04390338
Epoch 40, Train Loss: 0.04032346, Val Loss: 0.04213046
Epoch 50, Train Loss: 0.03908903, Val Loss: 0.04098090
Epoch 60, Train Loss: 0.03832214, Val Loss: 0.04035249
Epoch 70, Train Loss: 0.03768554, Val Loss: 0.03996730
Epoch 80, Train Loss: 0.03727296, Val Loss: 0.03970237
Epoch 90, Train Loss: 0.03707131, Val Loss: 0.03961998
Test L2 Loss: 0.021118
Model saved to checkpoints/ffno2d/navier_stokes_0_4843467.pt
Original test data shape: x=torch.Size([100, 3, 128, 128]), y=torch.Size([100, 3, 128, 128])

Evaluating at resolution factor: 1
Resolution factor 1 - Relative L2 Loss: 0.020557

Evaluating at resolution factor: 2
Downsampled shapes: x=torch.Size([100, 3, 64, 64]), y=torch.Size([100, 3, 64, 64])
Resolution factor 2 - Relative L2 Loss: 0.067399

Evaluating at resolution factor: 4
Downsampled shapes: x=torch.Size([100, 3, 32, 32]), y=torch.Size([100, 3, 32, 32])
Resolution factor 4 - Relative L2 Loss: 0.090151

Evaluating at resolution factor: 8
Downsampled shapes: x=torch.Size([100, 3, 16, 16]), y=torch.Size([100, 3, 16, 16])
Skipping Resolution factor 8 because not enough modes

Evaluating at resolution factor: 16
Downsampled shapes: x=torch.Size([100, 3, 8, 8]), y=torch.Size([100, 3, 8, 8])
Skipping Resolution factor 16 because not enough modes

Evaluating at resolution factor: 32
Downsampled shapes: x=torch.Size([100, 3, 4, 4]), y=torch.Size([100, 3, 4, 4])
Skipping Resolution factor 32 because not enough modes
Loading from file: /home/rvk/data/pdebench/ns_incom_inhom_2d_512-0.hdf5
Available keys: ['force', 'particles', 't', 'velocity']
Velocity data shape: (4, 1000, 512, 512, 2)
Particles data shape: (4, 1000, 512, 512, 1)
Combined data shape: (4, 250, 512, 512, 3)
x shape: torch.Size([992, 3, 512, 512])
y shape: torch.Size([992, 3, 512, 512])
---------Using data normalizer---------------
Train dataset size: 793
Validation dataset size: 99
Test dataset size: 100
Original test data shape: x=torch.Size([100, 3, 512, 512]), y=torch.Size([100, 3, 512, 512])
Testing resolutions: [256, 512]

Evaluating at resolution: 256
Downsampled shapes: x=torch.Size([100, 3, 256, 256]), y=torch.Size([100, 3, 256, 256])
Resolution 256 - Relative L2 Loss: 0.044887

Evaluating at resolution: 512
Downsampled shapes: x=torch.Size([100, 3, 512, 512]), y=torch.Size([100, 3, 512, 512])
Resolution 512 - Relative L2 Loss: 0.050911

Summary of Super-Resolution Evaluation:
Resolution factor 1: Relative L2 Loss = 0.020557
Resolution factor 2: Relative L2 Loss = 0.067399
Resolution factor 4: Relative L2 Loss = 0.090151

Summary of Higher-Resolution Evaluation:
Resolution 256: Relative L2 Loss = 0.044887
Resolution 512: Relative L2 Loss = 0.050911
[1;34mwandb[0m: 
[1;34mwandb[0m: 🚀 View run [33mvibrant-snow-4[0m at: [34mhttps://wandb.ai/rohanvk-carnegie-mellon-university/ffno2d/runs/fz1ffjsz[0m
[1;34mwandb[0m: Find logs at: [1;35mwandb/run-20250511_181128-fz1ffjsz/logs[0m
Job completed at Sun May 11 18:17:03 EDT 2025
