Job started on babel-4-9 at Tue Apr  8 14:19:13 EDT 2025
Job ID: 4531443
Using device: cuda
[2025-04-08 14:19:16,108][root][INFO] - model:
  _target_: models.s4_1d.S4Model
  d_input: 10
  d_output: 1
  d_model: 64
  n_layers: 4
  dropout: 0.2
  prenorm: false
dataset:
  reduced_batch: 4
  reduced_resolution: 1
  reduced_resolution_t: 1
  window_size: 10
  pde: burger_1.0
  data_path1: data/pdebench/1D_Burgers_Sols_Nu1.0.hdf5
training:
  batch_size: 64
  epochs: 100
  learning_rate: 0.001
  use_normalizer: false
project_name: ${dataset.pde}_${hydra:runtime.choices.model}
checkpoint_dir: checkpoints

Project name: burger_1.0_s4_1d/s4_1d
Model name: models.s4_1d.S4Model
PDE Dataset: burger_1.0
Loading from file: /home/rvk/data/pdebench/1D_Burgers_Sols_Nu1.0.hdf5
(10000, 201, 1024)
Total data shape: (2500, 201, 1024)
x shape: (477500, 10, 1024)
y shape: (477500, 1, 1024)
grid shape: torch.Size([1024, 1])
---------Using data normalizer---------------
Train dataset size: 382000
Validation dataset size: 47750
Test dataset size: 47750
<class 'torch.Tensor'> 0.1162329688668251 0.11634791642427444 0.919631838798523 0.9163758158683777
Sample Input shape: torch.Size([64, 10, 1024])
Sample Output shape: torch.Size([64, 1, 1024])
S4Model(
  (encoder): Linear(in_features=11, out_features=64, bias=True)
  (s4_layers): ModuleList(
    (0-3): 4 x S4D(
      (kernel): S4DKernel()
      (activation): GELU(approximate='none')
      (dropout): DropoutNd()
      (output_linear): Sequential(
        (0): Conv1d(64, 128, kernel_size=(1,), stride=(1,))
        (1): GLU(dim=-2)
      )
    )
  )
  (norms): ModuleList(
    (0-3): 4 x LayerNorm((64,), eps=1e-05, elementwise_affine=True)
  )
  (dropouts): ModuleList(
    (0-3): 4 x Dropout(p=0.2, inplace=False)
  )
  (decoder): Linear(in_features=64, out_features=1, bias=True)
)
Epoch 0, Train Loss: 0.15970035, Val Loss: 0.02548416
Epoch 10, Train Loss: 0.00712108, Val Loss: 0.00271042
Epoch 20, Train Loss: 0.00622789, Val Loss: 0.00262104
Epoch 30, Train Loss: 0.00499129, Val Loss: 0.00195438
Epoch 40, Train Loss: 0.00407298, Val Loss: 0.00526633
Epoch 50, Train Loss: 0.00338284, Val Loss: 0.00151875
Epoch 60, Train Loss: 0.00228341, Val Loss: 0.00123795
Epoch 70, Train Loss: 0.00152835, Val Loss: 0.00102400
Epoch 80, Train Loss: 0.00094713, Val Loss: 0.00102693
Epoch 90, Train Loss: 0.00061268, Val Loss: 0.00097801
Test L2 Loss: 0.000892
-----Visualizing Saved------
Figure saved to output_logs/predictions/burger_1.0_fno_4531443_predictions.png
Model saved to checkpoints/s4model/burger_1.0_4531443.pt
Original test data shape: x=torch.Size([47750, 10, 1024]), y=torch.Size([47750, 1, 1024])

Evaluating at resolution factor: 1
Resolution factor 1 - Relative L2 Loss: 0.000892

Evaluating at resolution factor: 2
Downsampled shapes: x=torch.Size([47750, 10, 512]), y=torch.Size([47750, 1, 512])
Resolution factor 2 - Relative L2 Loss: 0.001000

Evaluating at resolution factor: 4
Downsampled shapes: x=torch.Size([47750, 10, 256]), y=torch.Size([47750, 1, 256])
Resolution factor 4 - Relative L2 Loss: 0.001041

Evaluating at resolution factor: 8
Downsampled shapes: x=torch.Size([47750, 10, 128]), y=torch.Size([47750, 1, 128])
Resolution factor 8 - Relative L2 Loss: 0.001154

Evaluating at resolution factor: 16
Downsampled shapes: x=torch.Size([47750, 10, 64]), y=torch.Size([47750, 1, 64])
Resolution factor 16 - Relative L2 Loss: 0.001345

Evaluating at resolution factor: 32
Downsampled shapes: x=torch.Size([47750, 10, 32]), y=torch.Size([47750, 1, 32])
Resolution factor 32 - Relative L2 Loss: 0.001442

Summary of Super-Resolution Evaluation:
Resolution factor 1: Relative L2 Loss = 0.000892
Resolution factor 2: Relative L2 Loss = 0.001000
Resolution factor 4: Relative L2 Loss = 0.001041
Resolution factor 8: Relative L2 Loss = 0.001154
Resolution factor 16: Relative L2 Loss = 0.001345
Resolution factor 32: Relative L2 Loss = 0.001442
Job completed at Tue Apr  8 16:22:31 EDT 2025
