Job started on babel-4-1 at Tue Mar 25 12:14:18 EDT 2025
Job ID: 4446148
Using device: cuda
[2025-03-25 12:14:22,675][root][INFO] - model:
  _target_: models.ffno.FFNO1D
  in_channels: 1
  out_channels: 1
  width: 32
  n_modes: 16
  factor: 4
  n_layers: 4
  ff_weight_norm: true
  n_ff_layers: 2
  layer_norm: false
  grid: null
  dropout: 0.0
  mode: full
dataset:
  reduced_batch: 1
  reduced_resolution: 1
  reduced_resolution_t: 8
  pde: burger_1.0
  data_path1: data/pdebench/1D_Burgers_Sols_Nu1.0.hdf5
training:
  batch_size: 64
  epochs: 100
  learning_rate: 0.001
  use_normalizer: false
project_name: ${dataset.pde}_${hydra:runtime.choices.model}
checkpoint_dir: checkpoints

Project name: burger_1.0_ffno_1d/ffno_1d
Model name: models.ffno.FFNO1D
PDE Dataset: burger_1.0
Loading from file: /home/rvk/data/pdebench/1D_Burgers_Sols_Nu1.0.hdf5
(10000, 201, 1024)
Total data shape: (10000, 26, 1024)
x shape: (240000, 1, 1024)
y shape: (240000, 1, 1024)
grid shape: torch.Size([1024, 1])
---------Using data normalizer---------------
Train dataset size: 192000
Validation dataset size: 24000
Test dataset size: 24000
<class 'torch.Tensor'> 0.0006307787261903286 0.0006284383125603199 0.9134618639945984 0.913526713848114
Sample Input shape: torch.Size([64, 1, 1024])
Sample Output shape: torch.Size([64, 1, 1024])
FFNO1D(
  (in_proj): WNLinear(in_features=2, out_features=32, bias=True)
  (fourier_layers): ModuleList(
    (0-3): 4 x FSpectralConv1d(
      (fourier_weight): ParameterList(  (0): Parameter containing: [torch.float32 of size 32x32x16x2 (cuda:0)])
      (backcast_ff): FeedForward(
        (layers): ModuleList(
          (0): Sequential(
            (0): Linear(in_features=32, out_features=128, bias=True)
            (1): Dropout(p=0.0, inplace=False)
            (2): GELU(approximate='none')
            (3): Identity()
          )
          (1): Sequential(
            (0): Linear(in_features=128, out_features=32, bias=True)
            (1): Dropout(p=0.0, inplace=False)
            (2): Identity()
            (3): Identity()
          )
        )
      )
      (act): Identity()
    )
  )
  (out_proj): WNLinear(in_features=32, out_features=1, bias=True)
)
Epoch 0, Train Loss: 0.10359345, Val Loss: 0.06615131
Epoch 10, Train Loss: 0.01431576, Val Loss: 0.00688069
Epoch 20, Train Loss: 0.00947138, Val Loss: 0.01326156
Epoch 30, Train Loss: 0.00709939, Val Loss: 0.01169287
Epoch 40, Train Loss: 0.00539420, Val Loss: 0.00351007
Epoch 50, Train Loss: 0.00367893, Val Loss: 0.00165778
Epoch 60, Train Loss: 0.00283089, Val Loss: 0.00179120
Epoch 70, Train Loss: 0.00173800, Val Loss: 0.00355265
Epoch 80, Train Loss: 0.00096759, Val Loss: 0.00077359
Epoch 90, Train Loss: 0.00047947, Val Loss: 0.00033661
Test L2 Loss: 0.000386
Figure saved to output_logs/predictions/burger_1.0_fno_4446148_predictions.png
Original test data shape: x=torch.Size([24000, 1, 1024]), y=torch.Size([24000, 1, 1024])

Evaluating at resolution factor: 1
Resolution factor 1 - Relative L2 Loss: 0.000386

Evaluating at resolution factor: 2
Downsampled shapes: x=torch.Size([24000, 1, 512]), y=torch.Size([24000, 1, 512])
Resolution factor 2 - Relative L2 Loss: 0.000958

Evaluating at resolution factor: 4
Downsampled shapes: x=torch.Size([24000, 1, 256]), y=torch.Size([24000, 1, 256])
Resolution factor 4 - Relative L2 Loss: 0.000961

Evaluating at resolution factor: 8
Downsampled shapes: x=torch.Size([24000, 1, 128]), y=torch.Size([24000, 1, 128])
Resolution factor 8 - Relative L2 Loss: 0.000968

Evaluating at resolution factor: 16
Downsampled shapes: x=torch.Size([24000, 1, 64]), y=torch.Size([24000, 1, 64])
Resolution factor 16 - Relative L2 Loss: 0.000980

Evaluating at resolution factor: 32
Downsampled shapes: x=torch.Size([24000, 1, 32]), y=torch.Size([24000, 1, 32])
Resolution factor 32 - Relative L2 Loss: 0.001005

Summary of Super-Resolution Evaluation:
Resolution factor 1: Relative L2 Loss = 0.000386
Resolution factor 2: Relative L2 Loss = 0.000958
Resolution factor 4: Relative L2 Loss = 0.000961
Resolution factor 8: Relative L2 Loss = 0.000968
Resolution factor 16: Relative L2 Loss = 0.000980
Resolution factor 32: Relative L2 Loss = 0.001005
Model saved to checkpoints/ffno1d/burger_1.0_4446148.pt
[1;34mwandb[0m: 
[1;34mwandb[0m: 🚀 View run [33measy-wood-17[0m at: [34mhttps://wandb.ai/rohanvk-carnegie-mellon-university/ffno1d/runs/chpcai58[0m
[1;34mwandb[0m: Find logs at: [1;35mwandb/run-20250325_121440-chpcai58/logs[0m
Job completed at Tue Mar 25 12:48:25 EDT 2025
