Job started on babel-8-9 at Tue Sep  9 02:04:26 EDT 2025
Job ID: 5444200
GPU information:
Tue Sep  9 02:04:26 2025       
+-----------------------------------------------------------------------------------------+
| NVIDIA-SMI 575.51.03              Driver Version: 575.51.03      CUDA Version: 12.9     |
|-----------------------------------------+------------------------+----------------------+
| GPU  Name                 Persistence-M | Bus-Id          Disp.A | Volatile Uncorr. ECC |
| Fan  Temp   Perf          Pwr:Usage/Cap |           Memory-Usage | GPU-Util  Compute M. |
|                                         |                        |               MIG M. |
|=========================================+========================+======================|
|   0  NVIDIA L40S                    On  |   00000000:52:00.0 Off |                    0 |
| N/A   27C    P8             30W /  350W |       0MiB /  46068MiB |      0%      Default |
|                                         |                        |                  N/A |
+-----------------------------------------+------------------------+----------------------+
|   1  NVIDIA L40S                    On  |   00000000:56:00.0 Off |                    0 |
| N/A   24C    P8             30W /  350W |       0MiB /  46068MiB |      0%      Default |
|                                         |                        |                  N/A |
+-----------------------------------------+------------------------+----------------------+
                                                                                         
+-----------------------------------------------------------------------------------------+
| Processes:                                                                              |
|  GPU   GI   CI              PID   Type   Process name                        GPU Memory |
|        ID   ID                                                               Usage      |
|=========================================================================================|
|  No running processes found                                                             |
+-----------------------------------------------------------------------------------------+
CUDA devices:
CUDA_VISIBLE_DEVICES: 0,1
Using device: cuda
Available GPUs: 2
[2025-09-09 02:04:32,390][root][INFO] - model:
  _target_: models.ffno.FFNO2D
  in_channels: 1
  out_channels: 1
  width: 64
  factor: 4
  n_modes: 64
  n_layers: 4
  dropout: 0.2
  mode: full
  ff_weight_norm: true
  n_ff_layers: 3
  layer_norm: true
  use_grid: true
dataset:
  dataset_params:
    _target_: dataloaders.ns_naive_true_multires.ns_true_multires_markov_dataset
    saved_folder: /data/user_data/rvk/ns_data/
    file_extension: .h5
    viscosity: '0.00001'
    reduced_batch: 1
    reduced_resolution_t: 1
    data_mres_size:
      256: 50
      128: 450
      64: 450
    add_res:
    - 32
    add_res_samples:
      32: 50
    downsample_from_res: 64
    data_normalizer: true
    normalization_type: simple
    num_samples_max: -1
    eval_dataset_target: dataloaders.ns_naive_markov.ns_markov_dataset
    eval_filename: ns_256_0.00001.h5
    eval_saved_folder: /data/user_data/rvk/ns_data/
  resize_to_train: false
  evaluation_type: naive_downsample
  window_size: 15
  original_res: 256
  max_test_resolution: 256
  train_mres: true
  pde: ns
training:
  batch_size: 4
  epochs: 100
  learning_rate: 0.001
  use_normalizer: false
project_name: ${dataset.pde}_${hydra:runtime.choices.model}
checkpoint_dir: checkpoints

Project name: ns_ffno_2d/ffno_2d
Model name: models.ffno.FFNO2D
PDE Dataset: ns
This is True Multi-Resolution Training. Train Resolution is the highest data resolution in the multi-resolution data
---------------------
Creating true multi-resolution Navier-Stokes dataset from /data/user_data/rvk/ns_data/
Viscosity: 0.00001, File extension: .h5
Target samples per resolution: {256: 50, 128: 450, 64: 450}
Additional downsampled resolutions: [32]
Target samples per downsampled resolution: {32: 50}
Will downsample from resolution: 64
Loading Navier-Stokes multi-resolution data from /data/user_data/rvk/ns_data/
Viscosity: 0.00001, File extension: .h5
Target samples per resolution (from files): {256: 50, 128: 450, 64: 450}
Additional downsampled resolutions: [32]
Target samples per downsampled resolution: {32: 50}
Will downsample from resolution: 64
Loading resolution 256 from /data/user_data/rvk/ns_data/ns_256_0.00001.h5
  Loading .h5 file...
  Available keys: ['a', 't', 'u']
  Raw data shape for 256: (1024, 256, 256, 32)
  Detected (batch, height, width, time) format, transposing to (batch, time, height, width)
  Converted to shape: (1024, 32, 256, 256, 1)
  After reduction: (1024, 32, 256, 256, 1)
  Split 'train' data shape: (819, 32, 256, 256, 1)
  Subsampled to 40 samples for train split
  Added 1200 sample pairs from resolution 256
Loading resolution 128 from /data/user_data/rvk/ns_data/ns_128_0.00001.h5
  Loading .h5 file...
  Available keys: ['a', 't', 'u']
  Raw data shape for 128: (1024, 128, 128, 32)
  Detected (batch, height, width, time) format, transposing to (batch, time, height, width)
  Converted to shape: (1024, 32, 128, 128, 1)
  After reduction: (1024, 32, 128, 128, 1)
  Split 'train' data shape: (819, 32, 128, 128, 1)
  Subsampled to 360 samples for train split
  Added 10800 sample pairs from resolution 128
Loading resolution 64 from /data/user_data/rvk/ns_data/ns_64_0.00001.h5
  Loading .h5 file...
  Available keys: ['a', 't', 'u']
  Raw data shape for 64: (1024, 64, 64, 32)
  Detected (batch, height, width, time) format, transposing to (batch, time, height, width)
  Converted to shape: (1024, 32, 64, 64, 1)
  After reduction: (1024, 32, 64, 64, 1)
  Split 'train' data shape: (819, 32, 64, 64, 1)
  Subsampled to 360 samples for train split
  Added 10800 sample pairs from resolution 64
Adding downsampled resolutions: [32]
Adding downsampled data from /data/user_data/rvk/ns_data/ns_64_0.00001.h5
  Loading .h5 file...
  Available keys: ['a', 't', 'u']
  Detected (batch, height, width, time) format, transposing to (batch, time, height, width)
  Added 1200 downsampled samples at resolution 32
Total samples loaded: 24000
Resolution distribution:
  128_file: 10800 samples
  256_file: 1200 samples
  32_downsampled: 1200 samples
  64_file: 10800 samples
Sample x shapes: [(1, 256, 256), (1, 256, 256), (1, 256, 256)]
Sample y shapes: [(1, 256, 256), (1, 256, 256), (1, 256, 256)]
Loading Navier-Stokes multi-resolution data from /data/user_data/rvk/ns_data/
Viscosity: 0.00001, File extension: .h5
Target samples per resolution (from files): {256: 50, 128: 450, 64: 450}
Additional downsampled resolutions: [32]
Target samples per downsampled resolution: {32: 50}
Will downsample from resolution: 64
Loading resolution 256 from /data/user_data/rvk/ns_data/ns_256_0.00001.h5
  Loading .h5 file...
  Available keys: ['a', 't', 'u']
  Raw data shape for 256: (1024, 256, 256, 32)
  Detected (batch, height, width, time) format, transposing to (batch, time, height, width)
  Converted to shape: (1024, 32, 256, 256, 1)
  After reduction: (1024, 32, 256, 256, 1)
  Split 'val' data shape: (102, 32, 256, 256, 1)
  Subsampled to 5 samples for val split
  Added 150 sample pairs from resolution 256
Loading resolution 128 from /data/user_data/rvk/ns_data/ns_128_0.00001.h5
  Loading .h5 file...
  Available keys: ['a', 't', 'u']
  Raw data shape for 128: (1024, 128, 128, 32)
  Detected (batch, height, width, time) format, transposing to (batch, time, height, width)
  Converted to shape: (1024, 32, 128, 128, 1)
  After reduction: (1024, 32, 128, 128, 1)
  Split 'val' data shape: (102, 32, 128, 128, 1)
  Using all 102 samples for val split
  Added 3060 sample pairs from resolution 128
Loading resolution 64 from /data/user_data/rvk/ns_data/ns_64_0.00001.h5
  Loading .h5 file...
  Available keys: ['a', 't', 'u']
  Raw data shape for 64: (1024, 64, 64, 32)
  Detected (batch, height, width, time) format, transposing to (batch, time, height, width)
  Converted to shape: (1024, 32, 64, 64, 1)
  After reduction: (1024, 32, 64, 64, 1)
  Split 'val' data shape: (102, 32, 64, 64, 1)
  Using all 102 samples for val split
  Added 3060 sample pairs from resolution 64
Adding downsampled resolutions: [32]
Adding downsampled data from /data/user_data/rvk/ns_data/ns_64_0.00001.h5
  Loading .h5 file...
  Available keys: ['a', 't', 'u']
  Detected (batch, height, width, time) format, transposing to (batch, time, height, width)
  Added 150 downsampled samples at resolution 32
Total samples loaded: 6420
Resolution distribution:
  128_file: 3060 samples
  256_file: 150 samples
  32_downsampled: 150 samples
  64_file: 3060 samples
Sample x shapes: [(1, 256, 256), (1, 256, 256), (1, 256, 256)]
Sample y shapes: [(1, 256, 256), (1, 256, 256), (1, 256, 256)]
Loading Navier-Stokes multi-resolution data from /data/user_data/rvk/ns_data/
Viscosity: 0.00001, File extension: .h5
Target samples per resolution (from files): {256: 50, 128: 450, 64: 450}
Additional downsampled resolutions: [32]
Target samples per downsampled resolution: {32: 50}
Will downsample from resolution: 64
Loading resolution 256 from /data/user_data/rvk/ns_data/ns_256_0.00001.h5
  Loading .h5 file...
  Available keys: ['a', 't', 'u']
  Raw data shape for 256: (1024, 256, 256, 32)
  Detected (batch, height, width, time) format, transposing to (batch, time, height, width)
  Converted to shape: (1024, 32, 256, 256, 1)
  After reduction: (1024, 32, 256, 256, 1)
  Split 'test' data shape: (103, 32, 256, 256, 1)
  Subsampled to 5 samples for test split
  Added 150 sample pairs from resolution 256
Loading resolution 128 from /data/user_data/rvk/ns_data/ns_128_0.00001.h5
  Loading .h5 file...
  Available keys: ['a', 't', 'u']
  Raw data shape for 128: (1024, 128, 128, 32)
  Detected (batch, height, width, time) format, transposing to (batch, time, height, width)
  Converted to shape: (1024, 32, 128, 128, 1)
  After reduction: (1024, 32, 128, 128, 1)
  Split 'test' data shape: (103, 32, 128, 128, 1)
  Using all 103 samples for test split
  Added 3090 sample pairs from resolution 128
Loading resolution 64 from /data/user_data/rvk/ns_data/ns_64_0.00001.h5
  Loading .h5 file...
  Available keys: ['a', 't', 'u']
  Raw data shape for 64: (1024, 64, 64, 32)
  Detected (batch, height, width, time) format, transposing to (batch, time, height, width)
  Converted to shape: (1024, 32, 64, 64, 1)
  After reduction: (1024, 32, 64, 64, 1)
  Split 'test' data shape: (103, 32, 64, 64, 1)
  Using all 103 samples for test split
  Added 3090 sample pairs from resolution 64
Adding downsampled resolutions: [32]
Adding downsampled data from /data/user_data/rvk/ns_data/ns_64_0.00001.h5
  Loading .h5 file...
  Available keys: ['a', 't', 'u']
  Detected (batch, height, width, time) format, transposing to (batch, time, height, width)
  Added 150 downsampled samples at resolution 32
Total samples loaded: 6480
Resolution distribution:
  128_file: 3090 samples
  256_file: 150 samples
  32_downsampled: 150 samples
  64_file: 3090 samples
Sample x shapes: [(1, 256, 256), (1, 256, 256), (1, 256, 256)]
Sample y shapes: [(1, 256, 256), (1, 256, 256), (1, 256, 256)]
---------Using simple global normalization---------------
Global statistics: X(mean=0.000000, std=0.318536), Y(mean=0.000000, std=0.323836)

Final dataset sizes:
Train dataset size: 24000
Validation dataset size: 6420
Test dataset size: 6480
<dataloaders.ns_naive_true_multires.ns_true_multires_markov_dataset.<locals>.SimpleNormalizedDataset object at 0x147c73adcb90>
Detected 2 GPUs. Adjusting batch size from 4 to 8
Created resolution groups:
  Resolution 256: 1200 samples
  Resolution 128: 10800 samples
  Resolution 64: 10800 samples
  Resolution 32: 1200 samples
Created resolution groups:
  Resolution 256: 150 samples
  Resolution 128: 3060 samples
  Resolution 64: 3060 samples
  Resolution 32: 150 samples
Created resolution groups:
  Resolution 256: 150 samples
  Resolution 128: 3090 samples
  Resolution 64: 3090 samples
  Resolution 32: 150 samples
<class 'torch.Tensor'> -8.032657206058502e-09 -6.984919309616089e-09 0.9876757264137268 0.9836575388908386
FFNO2D(
  (in_proj): WNLinear(in_features=3, out_features=64, bias=True)
  (fourier_layers): ModuleList(
    (0-3): 4 x FSpectralConv2d(
      (fourier_weight): ParameterList(
          (0): Parameter containing: [torch.float32 of size 64x64x64x2 (cuda:0)]
          (1): Parameter containing: [torch.float32 of size 64x64x64x2 (cuda:0)]
      )
      (backcast_ff): FeedForward(
        (layers): ModuleList(
          (0): Sequential(
            (0): Linear(in_features=64, out_features=256, bias=True)
            (1): Dropout(p=0.2, inplace=False)
            (2): GELU(approximate='none')
            (3): Identity()
          )
          (1): Sequential(
            (0): Linear(in_features=256, out_features=256, bias=True)
            (1): Dropout(p=0.2, inplace=False)
            (2): GELU(approximate='none')
            (3): Identity()
          )
          (2): Sequential(
            (0): Linear(in_features=256, out_features=64, bias=True)
            (1): Dropout(p=0.2, inplace=False)
            (2): Identity()
            (3): LayerNorm((64,), eps=1e-05, elementwise_affine=True)
          )
        )
      )
    )
  )
  (out_proj): WNLinear(in_features=64, out_features=1, bias=True)
)
Using DataParallel with 2 GPUs
Total Model Parameters: 4.59M
Trainable Parameters: 4.59M
