Job started on babel-4-21 at Thu Jul  3 21:13:03 EDT 2025
Job ID: 5185464
GPU information:
Thu Jul  3 21:13:03 2025       
+-----------------------------------------------------------------------------------------+
| NVIDIA-SMI 575.51.03              Driver Version: 575.51.03      CUDA Version: 12.9     |
|-----------------------------------------+------------------------+----------------------+
| GPU  Name                 Persistence-M | Bus-Id          Disp.A | Volatile Uncorr. ECC |
| Fan  Temp   Perf          Pwr:Usage/Cap |           Memory-Usage | GPU-Util  Compute M. |
|                                         |                        |               MIG M. |
|=========================================+========================+======================|
|   0  NVIDIA L40S                    On  |   00000000:81:00.0 Off |                    0 |
| N/A   28C    P8             31W /  350W |       0MiB /  46068MiB |      0%      Default |
|                                         |                        |                  N/A |
+-----------------------------------------+------------------------+----------------------+
|   1  NVIDIA L40S                    On  |   00000000:A1:00.0 Off |                    0 |
| N/A   28C    P8             31W /  350W |       0MiB /  46068MiB |      0%      Default |
|                                         |                        |                  N/A |
+-----------------------------------------+------------------------+----------------------+
                                                                                         
+-----------------------------------------------------------------------------------------+
| Processes:                                                                              |
|  GPU   GI   CI              PID   Type   Process name                        GPU Memory |
|        ID   ID                                                               Usage      |
|=========================================================================================|
|  No running processes found                                                             |
+-----------------------------------------------------------------------------------------+
CUDA devices:
CUDA_VISIBLE_DEVICES: 0,1
Using device: cuda
[2025-07-03 21:13:08,467][root][INFO] - model:
  _target_: models.ffno.FFNO2D
  in_channels: 3
  out_channels: 3
  width: 32
  factor: 4
  n_modes: 16
  n_layers: 4
  dropout: 0.1
  mode: full
  ff_weight_norm: true
  n_ff_layers: 2
  layer_norm: true
  use_grid: false
dataset:
  dataset_params:
    _target_: dataloaders.active_matter_markov.active_matter_markov_dataset
    filename: /data/user_data/rvk/well/datasets/active_matter/data/train/active_matter_L_10.0_zeta_17.0_alpha_-5.0.hdf5
    saved_folder: .
    reduced_batch: 1
    reduced_resolution: 1
    reduced_resolution_t: 1
    s: 64
    data_normalizer: true
    num_samples_max: -1
  window_size: 15
  original_res: 512
  train_resolution: 64
  multi_res:
  - 1
  - 16
  train_mres: false
  pde: navier_stokes_0
training:
  batch_size: 16
  epochs: 100
  learning_rate: 0.001
  use_normalizer: false
project_name: ${dataset.pde}_${hydra:runtime.choices.model}
checkpoint_dir: checkpoints

Project name: navier_stokes_0_ffno_2d/ns_ffno_2d
Model name: models.ffno.FFNO2D
PDE Dataset: navier_stokes_0
---------------------
Loading from file: /data/user_data/rvk/well/datasets/active_matter/data/train/active_matter_L_10.0_zeta_17.0_alpha_-5.0.hdf5
Available keys: ['boundary_conditions', 'dimensions', 'scalars', 't0_fields', 't1_fields', 't2_fields']
Concentration data shape: (5, 81, 256, 256)
Velocity data shape: (5, 81, 256, 256, 2)
Alpha: -5.0
Zeta: 17.0
Concentration data shape after expanding: (5, 81, 256, 256, 1)
Combined data shape: (5, 81, 256, 256, 3)
Channels: [concentration, vx, vy]
Grid shape: torch.Size([256, 256, 2])
Current Spatial Size: 256
Resizing from 256x256 to 64x64
Downsampling using downsample function
Data shape after resizing: (5, 81, 64, 64, 3)
x shape: torch.Size([400, 3, 64, 64])
y shape: torch.Size([400, 3, 64, 64])
grid shape: torch.Size([64, 64, 2])
---------Computing min-max normalization statistics---------------
Input data range: [-3.263288, 3.157624]
Output data range: [-3.263288, 3.113212]
Train dataset size: 320
Validation dataset size: 40
Test dataset size: 40
<dataloaders.active_matter_markov.active_matter_markov_dataset.<locals>.MinMaxNormalizedDataset object at 0x149fe218c910>
<class 'torch.Tensor'> 0.5601417422294617 0.5640432238578796 0.11148955672979355 0.11238257586956024
FFNO2D(
  (in_proj): WNLinear(in_features=3, out_features=32, bias=True)
  (fourier_layers): ModuleList(
    (0-3): 4 x FSpectralConv2d(
      (fourier_weight): ParameterList(
          (0): Parameter containing: [torch.float32 of size 32x32x16x2 (cuda:0)]
          (1): Parameter containing: [torch.float32 of size 32x32x16x2 (cuda:0)]
      )
      (backcast_ff): FeedForward(
        (layers): ModuleList(
          (0): Sequential(
            (0): Linear(in_features=32, out_features=128, bias=True)
            (1): Dropout(p=0.1, inplace=False)
            (2): GELU(approximate='none')
            (3): Identity()
          )
          (1): Sequential(
            (0): Linear(in_features=128, out_features=32, bias=True)
            (1): Dropout(p=0.1, inplace=False)
            (2): Identity()
            (3): LayerNorm((32,), eps=1e-05, elementwise_affine=True)
          )
        )
      )
    )
  )
  (out_proj): WNLinear(in_features=32, out_features=3, bias=True)
)
Total Model Parameters: 0.30M
Trainable Parameters: 0.30M
Epoch 0, Train Loss: 0.93042444, Val Loss: 0.20897674
Epoch 10, Train Loss: 0.11052243, Val Loss: 0.07337018
Epoch 20, Train Loss: 0.07227527, Val Loss: 0.06176378
Epoch 30, Train Loss: 0.06153146, Val Loss: 0.05638547
Epoch 40, Train Loss: 0.05645759, Val Loss: 0.05177863
Epoch 50, Train Loss: 0.05228136, Val Loss: 0.04712717
Epoch 60, Train Loss: 0.05024207, Val Loss: 0.04520180
Epoch 70, Train Loss: 0.04826948, Val Loss: 0.04177986
Epoch 80, Train Loss: 0.04669336, Val Loss: 0.04036189
Epoch 90, Train Loss: 0.04574795, Val Loss: 0.03879107
Test L2 Loss: 0.177670
Model saved to checkpoints/ffno2d/navier_stokes_0_5185464.pt
Created/verified figures directory: figures/5185464
Using provided normalization statistics from training resolution 64:
  Input range: [-3.263288, 3.157624]
  Output range: [-3.263288, 3.113212]
Testing resolutions: [32, 64, 128, 256, 512]
Loading from file: /data/user_data/rvk/well/datasets/active_matter/data/train/active_matter_L_10.0_zeta_17.0_alpha_-5.0.hdf5
Available keys: ['boundary_conditions', 'dimensions', 'scalars', 't0_fields', 't1_fields', 't2_fields']
Concentration data shape: (5, 81, 256, 256)
Velocity data shape: (5, 81, 256, 256, 2)
Alpha: -5.0
Zeta: 17.0
Concentration data shape after expanding: (5, 81, 256, 256, 1)
Combined data shape: (5, 81, 256, 256, 3)
Channels: [concentration, vx, vy]
Grid shape: torch.Size([256, 256, 2])
Current Spatial Size: 256
Resizing from 256x256 to 32x32
Downsampling using downsample function
Data shape after resizing: (5, 81, 32, 32, 3)
x shape: torch.Size([400, 3, 32, 32])
y shape: torch.Size([400, 3, 32, 32])
grid shape: torch.Size([32, 32, 2])
Train dataset size: 320
Validation dataset size: 40
Test dataset size: 40
Resolution 32 - Relative L2 Loss: 0.175373
Loading from file: /data/user_data/rvk/well/datasets/active_matter/data/train/active_matter_L_10.0_zeta_17.0_alpha_-5.0.hdf5
Available keys: ['boundary_conditions', 'dimensions', 'scalars', 't0_fields', 't1_fields', 't2_fields']
Concentration data shape: (5, 81, 256, 256)
Velocity data shape: (5, 81, 256, 256, 2)
Alpha: -5.0
Zeta: 17.0
Concentration data shape after expanding: (5, 81, 256, 256, 1)
Combined data shape: (5, 81, 256, 256, 3)
Channels: [concentration, vx, vy]
Grid shape: torch.Size([256, 256, 2])
Current Spatial Size: 256
Resizing from 256x256 to 64x64
Downsampling using downsample function
Data shape after resizing: (5, 81, 64, 64, 3)
x shape: torch.Size([400, 3, 64, 64])
y shape: torch.Size([400, 3, 64, 64])
grid shape: torch.Size([64, 64, 2])
Train dataset size: 320
Validation dataset size: 40
Test dataset size: 40
Resolution 64 - Relative L2 Loss: 0.177670
Loading from file: /data/user_data/rvk/well/datasets/active_matter/data/train/active_matter_L_10.0_zeta_17.0_alpha_-5.0.hdf5
Available keys: ['boundary_conditions', 'dimensions', 'scalars', 't0_fields', 't1_fields', 't2_fields']
Concentration data shape: (5, 81, 256, 256)
Velocity data shape: (5, 81, 256, 256, 2)
Alpha: -5.0
Zeta: 17.0
Concentration data shape after expanding: (5, 81, 256, 256, 1)
Combined data shape: (5, 81, 256, 256, 3)
Channels: [concentration, vx, vy]
Grid shape: torch.Size([256, 256, 2])
Current Spatial Size: 256
Resizing from 256x256 to 128x128
Downsampling using downsample function
Data shape after resizing: (5, 81, 128, 128, 3)
x shape: torch.Size([400, 3, 128, 128])
y shape: torch.Size([400, 3, 128, 128])
grid shape: torch.Size([128, 128, 2])
Train dataset size: 320
Validation dataset size: 40
Test dataset size: 40
Resolution 128 - Relative L2 Loss: 0.177743
Loading from file: /data/user_data/rvk/well/datasets/active_matter/data/train/active_matter_L_10.0_zeta_17.0_alpha_-5.0.hdf5
Available keys: ['boundary_conditions', 'dimensions', 'scalars', 't0_fields', 't1_fields', 't2_fields']
Concentration data shape: (5, 81, 256, 256)
Velocity data shape: (5, 81, 256, 256, 2)
Alpha: -5.0
Zeta: 17.0
Concentration data shape after expanding: (5, 81, 256, 256, 1)
Combined data shape: (5, 81, 256, 256, 3)
Channels: [concentration, vx, vy]
Grid shape: torch.Size([256, 256, 2])
Current Spatial Size: 256
x shape: torch.Size([400, 3, 256, 256])
y shape: torch.Size([400, 3, 256, 256])
grid shape: torch.Size([256, 256, 2])
Train dataset size: 320
Validation dataset size: 40
Test dataset size: 40
Resolution 256 - Relative L2 Loss: 0.177744
Loading from file: /data/user_data/rvk/well/datasets/active_matter/data/train/active_matter_L_10.0_zeta_17.0_alpha_-5.0.hdf5
Available keys: ['boundary_conditions', 'dimensions', 'scalars', 't0_fields', 't1_fields', 't2_fields']
Concentration data shape: (5, 81, 256, 256)
Velocity data shape: (5, 81, 256, 256, 2)
Alpha: -5.0
Zeta: 17.0
Concentration data shape after expanding: (5, 81, 256, 256, 1)
Combined data shape: (5, 81, 256, 256, 3)
Channels: [concentration, vx, vy]
Grid shape: torch.Size([256, 256, 2])
Current Spatial Size: 256
Resizing from 256x256 to 512x512
Upsampling using resize function
Data shape after resizing: (5, 81, 512, 512, 3)
x shape: torch.Size([400, 3, 512, 512])
y shape: torch.Size([400, 3, 512, 512])
grid shape: torch.Size([512, 512, 2])
Train dataset size: 320
Validation dataset size: 40
Test dataset size: 40
Resolution 512 - Relative L2 Loss: 0.177744
Creating prediction vs target plots...
Detected 3 channel(s) in the data
Plotting Channel 0...
Saved main comparison plot to: figures/5185464/prediction_plots/navier_stokes_comparison_20250703_211338.png
Saved error plot to: figures/5185464/prediction_plots/navier_stokes_error_20250703_211338.png
Saved individual plot for resolution 32 to: figures/5185464/prediction_plots/navier_stokes_res_32_20250703_211338.png
Saved individual plot for resolution 64 to: figures/5185464/prediction_plots/navier_stokes_res_64_20250703_211338.png
Saved individual plot for resolution 128 to: figures/5185464/prediction_plots/navier_stokes_res_128_20250703_211338.png
Saved individual plot for resolution 256 to: figures/5185464/prediction_plots/navier_stokes_res_256_20250703_211338.png
Saved individual plot for resolution 512 to: figures/5185464/prediction_plots/navier_stokes_res_512_20250703_211338.png
Plotting Channel 1...
Saved main comparison plot to: figures/5185464/prediction_plots/navier_stokes_comparison_ch1_20250703_211338.png
Saved error plot to: figures/5185464/prediction_plots/navier_stokes_error_ch1_20250703_211338.png
Saved individual plot for resolution 32 to: figures/5185464/prediction_plots/navier_stokes_res_32_ch1_20250703_211338.png
Saved individual plot for resolution 64 to: figures/5185464/prediction_plots/navier_stokes_res_64_ch1_20250703_211338.png
Saved individual plot for resolution 128 to: figures/5185464/prediction_plots/navier_stokes_res_128_ch1_20250703_211338.png
Saved individual plot for resolution 256 to: figures/5185464/prediction_plots/navier_stokes_res_256_ch1_20250703_211338.png
Saved individual plot for resolution 512 to: figures/5185464/prediction_plots/navier_stokes_res_512_ch1_20250703_211338.png
Plotting Channel 2...
Saved main comparison plot to: figures/5185464/prediction_plots/navier_stokes_comparison_ch2_20250703_211338.png
Saved error plot to: figures/5185464/prediction_plots/navier_stokes_error_ch2_20250703_211338.png
Saved individual plot for resolution 32 to: figures/5185464/prediction_plots/navier_stokes_res_32_ch2_20250703_211338.png
Saved individual plot for resolution 64 to: figures/5185464/prediction_plots/navier_stokes_res_64_ch2_20250703_211338.png
Saved individual plot for resolution 128 to: figures/5185464/prediction_plots/navier_stokes_res_128_ch2_20250703_211338.png
Saved individual plot for resolution 256 to: figures/5185464/prediction_plots/navier_stokes_res_256_ch2_20250703_211338.png
Saved individual plot for resolution 512 to: figures/5185464/prediction_plots/navier_stokes_res_512_ch2_20250703_211338.png
Saved all channels comparison plot to: figures/5185464/prediction_plots/navier_stokes_all_channels_20250703_211338.png
Saved numerical results: figures/5185464/evaluation_results_20250703_211405.csv
Saved summary: figures/5185464/evaluation_summary_20250703_211405.txt

==================================================
EVALUATION SUMMARY
==================================================
Resolution  32: 0.175373
Resolution  64: 0.177670
Resolution 128: 0.177743
Resolution 256: 0.177744
Resolution 512: 0.177744

Summary of Super-Resolution Evaluation:
Resolution factor 32: Relative L2 Loss = 0.175373
Resolution factor 64: Relative L2 Loss = 0.177670
Resolution factor 128: Relative L2 Loss = 0.177743
Resolution factor 256: Relative L2 Loss = 0.177744
Resolution factor 512: Relative L2 Loss = 0.177744

Evaluation plots saved to: figures/5185464
Wandb run: https://wandb.ai/rohanvk-carnegie-mellon-university/ffno2d/runs/15g5uun0
Job completed at Thu Jul  3 21:14:08 EDT 2025
