Job started on babel-10-13 at Sun Apr  6 12:12:18 EDT 2025
Job ID: 4515741
Using device: cuda
[2025-04-06 12:12:22,766][root][INFO] - model:
  _target_: models.s4_1d.S4Model
  d_input: 10
  d_output: 1
  d_model: 64
  n_layers: 4
  dropout: 0.2
  prenorm: false
dataset:
  reduced_batch: 4
  reduced_resolution: 1
  reduced_resolution_t: 1
  window_size: 10
  pde: burger_0.001
  data_path1: data/pdebench/1D_Burgers_Sols_Nu0.001.hdf5
training:
  batch_size: 64
  epochs: 100
  learning_rate: 0.001
  use_normalizer: false
project_name: ${dataset.pde}_${hydra:runtime.choices.model}
checkpoint_dir: checkpoints

Project name: burger_0.001_s4_1d/s4_1d
Model name: models.s4_1d.S4Model
PDE Dataset: burger_0.001
Loading from file: /home/rvk/data/pdebench/1D_Burgers_Sols_Nu0.001.hdf5
(10000, 201, 1024)
Total data shape: (2500, 201, 1024)
x shape: (477500, 10, 1024)
y shape: (477500, 1, 1024)
grid shape: torch.Size([1024, 1])
---------Using data normalizer---------------
Train dataset size: 382000
Validation dataset size: 47750
Test dataset size: 47750
<class 'torch.Tensor'> -0.07266480475664139 -0.07326500117778778 0.9406800270080566 0.938565194606781
Sample Input shape: torch.Size([64, 10, 1024])
Sample Output shape: torch.Size([64, 1, 1024])
S4Model(
  (encoder): Linear(in_features=11, out_features=64, bias=True)
  (s4_layers): ModuleList(
    (0-3): 4 x S4D(
      (kernel): S4DKernel()
      (activation): GELU(approximate='none')
      (dropout): DropoutNd()
      (output_linear): Sequential(
        (0): Conv1d(64, 128, kernel_size=(1,), stride=(1,))
        (1): GLU(dim=-2)
      )
    )
  )
  (norms): ModuleList(
    (0-3): 4 x LayerNorm((64,), eps=1e-05, elementwise_affine=True)
  )
  (dropouts): ModuleList(
    (0-3): 4 x Dropout(p=0.2, inplace=False)
  )
  (decoder): Linear(in_features=64, out_features=1, bias=True)
)
Sample Output: torch.Size([64, 1024, 1])
Loss: tensor(1.6994, device='cuda:0')
Epoch 0, Train Loss: 0.05514080, Val Loss: 0.02178471
Epoch 10, Train Loss: 0.01365990, Val Loss: 0.01320037
Epoch 20, Train Loss: 0.01211550, Val Loss: 0.01236976
Epoch 30, Train Loss: 0.01134337, Val Loss: 0.01000028
Epoch 40, Train Loss: 0.01082624, Val Loss: 0.01096509
Epoch 50, Train Loss: 0.01035829, Val Loss: 0.00965240
Epoch 60, Train Loss: 0.00999254, Val Loss: 0.00945424
Epoch 70, Train Loss: 0.00973096, Val Loss: 0.00917953
Epoch 80, Train Loss: 0.00954661, Val Loss: 0.00949687
Epoch 90, Train Loss: 0.00945507, Val Loss: 0.00916408
[1;34mwandb[0m: 
[1;34mwandb[0m: 🚀 View run [33mcrusher-daedalus-6[0m at: [34mhttps://wandb.ai/rohanvk-carnegie-mellon-university/s4model/runs/cx8gpbou[0m
[1;34mwandb[0m: Find logs at: [1;35mwandb/run-20250406_121302-cx8gpbou/logs[0m
Job completed at Sun Apr  6 14:56:49 EDT 2025
