Job started on babel-1-27 at Thu Jun 26 02:07:32 EDT 2025
Job ID: 5160068
GPU information:
Thu Jun 26 02:07:32 2025       
+-----------------------------------------------------------------------------------------+
| NVIDIA-SMI 575.51.03              Driver Version: 575.51.03      CUDA Version: 12.9     |
|-----------------------------------------+------------------------+----------------------+
| GPU  Name                 Persistence-M | Bus-Id          Disp.A | Volatile Uncorr. ECC |
| Fan  Temp   Perf          Pwr:Usage/Cap |           Memory-Usage | GPU-Util  Compute M. |
|                                         |                        |               MIG M. |
|=========================================+========================+======================|
|   0  NVIDIA RTX A6000               On  |   00000000:25:00.0 Off |                  Off |
| 30%   36C    P8             22W /  300W |       1MiB /  49140MiB |      0%      Default |
|                                         |                        |                  N/A |
+-----------------------------------------+------------------------+----------------------+
|   1  NVIDIA RTX A6000               On  |   00000000:61:00.0 Off |                  Off |
| 30%   35C    P8             24W /  300W |       1MiB /  49140MiB |      0%      Default |
|                                         |                        |                  N/A |
+-----------------------------------------+------------------------+----------------------+
                                                                                         
+-----------------------------------------------------------------------------------------+
| Processes:                                                                              |
|  GPU   GI   CI              PID   Type   Process name                        GPU Memory |
|        ID   ID                                                               Usage      |
|=========================================================================================|
|  No running processes found                                                             |
+-----------------------------------------------------------------------------------------+
CUDA devices:
CUDA_VISIBLE_DEVICES: 0,1
Using device: cuda
[2025-06-26 02:08:33,621][root][INFO] - model:
  _target_: null
  image_size: 64
  patch_size: 4
  num_channels: 3
  num_out_channels: 3
  embed_dim: 96
  depths:
  - 8
  - 8
  - 8
  - 8
  num_heads:
  - 3
  - 6
  - 12
  - 24
  skip_connections:
  - 2
  - 2
  - 2
  - 0
  window_size: 16
  mlp_ratio: 4.0
  qkv_bias: true
  hidden_dropout_prob: 0.0
  attention_probs_dropout_prob: 0.0
  drop_path_rate: 0.0
  hidden_act: gelu
  use_absolute_embeddings: false
  initializer_range: 0.02
  layer_norm_eps: 1.0e-05
  p: 1
  channel_slice_list_normalized_loss:
  - 0
  - 1
  - 2
  - 3
  residual_model: convnext
  use_conditioning: true
  learn_residual: false
dataset:
  reduced_batch: 1
  reduced_resolution: 1
  reduced_resolution_t: 1
  window_size: 15
  original_res: 512
  train_resolution: 512
  multi_res:
  - 1
  - 4
  s: 512
  train_mres: false
  pde: navier_stokes_0
  data_path1: /data/user_data/rvk/data/pdebench/ns_incom_inhom_2d_512-0.hdf5
training:
  batch_size: 16
  epochs: 100
  learning_rate: 0.001
  use_normalizer: false
project_name: ${dataset.pde}_${hydra:runtime.choices.model}
checkpoint_dir: checkpoints

Project name: navier_stokes_0_pos/pos
PDE Dataset: navier_stokes_0
Model: pos
Loading from file: /data/user_data/rvk/data/pdebench/ns_incom_inhom_2d_512-0.hdf5
Available keys: ['force', 'particles', 't', 'velocity']
Velocity data shape: (4, 1000, 512, 512, 2)
Particles data shape: (4, 1000, 512, 512, 1)
Combined data shape: (4, 1000, 512, 512, 3)
Current Spatial Size: 512
x shape: torch.Size([3992, 3, 512, 512])
y shape: torch.Size([3992, 3, 512, 512])
---------Computing min-max normalization statistics---------------
Input data range: [-2.759037, 2.506686]
Output data range: [-2.752234, 2.492671]
Train dataset size: 3193
Validation dataset size: 399
Test dataset size: 400
<class 'torch.Tensor'> 0.5243883728981018 0.5251732468605042 0.09683307260274887 0.09716107696294785
Total Model Parameters: 157.73M
Trainable Parameters: 157.73M
Epoch 0, Train Loss: 0.43540257, Val Loss: 0.13903223
Epoch 10, Train Loss: 0.02183694, Val Loss: 0.02156844
Epoch 20, Train Loss: 0.01539915, Val Loss: 0.01458006
Epoch 30, Train Loss: 0.01173182, Val Loss: 0.01137551
Epoch 40, Train Loss: 0.06800858, Val Loss: 0.04125236
Epoch 50, Train Loss: 0.01224537, Val Loss: 0.01220364
Epoch 60, Train Loss: 0.01153121, Val Loss: 0.01245413
Epoch 70, Train Loss: 0.01103840, Val Loss: 0.01095273
Epoch 80, Train Loss: 0.01024261, Val Loss: 0.01040669
Epoch 90, Train Loss: 0.01020227, Val Loss: 0.01016683
Test L2 Loss: 0.057269
Model saved to checkpoints/pos/navier_stokes_0_5160068.pt
Using provided normalization statistics from training resolution 512:
  Input range: [-2.759037, 2.506686]
  Output range: [-2.752234, 2.492671]
Testing resolutions: [32, 64, 128, 256, 512]
Loading from file: /data/user_data/rvk/data/pdebench/ns_incom_inhom_2d_512-0.hdf5
Available keys: ['force', 'particles', 't', 'velocity']
Velocity data shape: (4, 1000, 512, 512, 2)
Particles data shape: (4, 1000, 512, 512, 1)
Combined data shape: (4, 1000, 512, 512, 3)
Current Spatial Size: 512
Downsampling from 512x512 to 32x32
Data shape after downsampling: (4, 1000, 32, 32, 3)
x shape: torch.Size([3992, 3, 32, 32])
y shape: torch.Size([3992, 3, 32, 32])
Train dataset size: 3193
Validation dataset size: 399
Test dataset size: 400
Resolution 32 - Relative L2 Loss: 0.011502
Loading from file: /data/user_data/rvk/data/pdebench/ns_incom_inhom_2d_512-0.hdf5
Available keys: ['force', 'particles', 't', 'velocity']
Velocity data shape: (4, 1000, 512, 512, 2)
Particles data shape: (4, 1000, 512, 512, 1)
Combined data shape: (4, 1000, 512, 512, 3)
Current Spatial Size: 512
Downsampling from 512x512 to 64x64
Data shape after downsampling: (4, 1000, 64, 64, 3)
x shape: torch.Size([3992, 3, 64, 64])
y shape: torch.Size([3992, 3, 64, 64])
Train dataset size: 3193
Validation dataset size: 399
Test dataset size: 400
Resolution 64 - Relative L2 Loss: 0.014991
Loading from file: /data/user_data/rvk/data/pdebench/ns_incom_inhom_2d_512-0.hdf5
Available keys: ['force', 'particles', 't', 'velocity']
Velocity data shape: (4, 1000, 512, 512, 2)
Particles data shape: (4, 1000, 512, 512, 1)
Combined data shape: (4, 1000, 512, 512, 3)
Current Spatial Size: 512
Downsampling from 512x512 to 128x128
Data shape after downsampling: (4, 1000, 128, 128, 3)
x shape: torch.Size([3992, 3, 128, 128])
y shape: torch.Size([3992, 3, 128, 128])
Train dataset size: 3193
Validation dataset size: 399
Test dataset size: 400
Resolution 128 - Relative L2 Loss: 0.053297
Loading from file: /data/user_data/rvk/data/pdebench/ns_incom_inhom_2d_512-0.hdf5
Available keys: ['force', 'particles', 't', 'velocity']
Velocity data shape: (4, 1000, 512, 512, 2)
Particles data shape: (4, 1000, 512, 512, 1)
Combined data shape: (4, 1000, 512, 512, 3)
Current Spatial Size: 512
Downsampling from 512x512 to 256x256
Data shape after downsampling: (4, 1000, 256, 256, 3)
x shape: torch.Size([3992, 3, 256, 256])
y shape: torch.Size([3992, 3, 256, 256])
Train dataset size: 3193
Validation dataset size: 399
Test dataset size: 400
Resolution 256 - Relative L2 Loss: 0.056912
Loading from file: /data/user_data/rvk/data/pdebench/ns_incom_inhom_2d_512-0.hdf5
Available keys: ['force', 'particles', 't', 'velocity']
Velocity data shape: (4, 1000, 512, 512, 2)
Particles data shape: (4, 1000, 512, 512, 1)
Combined data shape: (4, 1000, 512, 512, 3)
Current Spatial Size: 512
x shape: torch.Size([3992, 3, 512, 512])
y shape: torch.Size([3992, 3, 512, 512])
Train dataset size: 3193
Validation dataset size: 399
Test dataset size: 400
Resolution 512 - Relative L2 Loss: 0.057269

==================================================
EVALUATION SUMMARY
==================================================
Resolution  32: 0.011502
Resolution  64: 0.014991
Resolution 128: 0.053297
Resolution 256: 0.056912
Resolution 512: 0.057269

Summary of Super-Resolution Evaluation:
Resolution factor 32: Relative L2 Loss = 0.011502
Resolution factor 64: Relative L2 Loss = 0.014991
Resolution factor 128: Relative L2 Loss = 0.053297
Resolution factor 256: Relative L2 Loss = 0.056912
Resolution factor 512: Relative L2 Loss = 0.057269
Job completed at Thu Jun 26 04:28:03 EDT 2025
