Job started on babel-1-27 at Tue Apr  8 00:52:14 EDT 2025
Job ID: 4529276
Job started on babel-1-27 at Tue Apr  8 00:52:14 EDT 2025
Job ID: 4529276
GPU information:
Tue Apr  8 00:52:14 2025       
+-----------------------------------------------------------------------------------------+
| NVIDIA-SMI 560.35.03              Driver Version: 560.35.03      CUDA Version: 12.6     |
|-----------------------------------------+------------------------+----------------------+
| GPU  Name                 Persistence-M | Bus-Id          Disp.A | Volatile Uncorr. ECC |
| Fan  Temp   Perf          Pwr:Usage/Cap |           Memory-Usage | GPU-Util  Compute M. |
|                                         |                        |               MIG M. |
|=========================================+========================+======================|
|   0  NVIDIA RTX A6000               On  |   00000000:25:00.0 Off |                  Off |
| 30%   39C    P8             24W /  219W |       2MiB /  49140MiB |      0%      Default |
|                                         |                        |                  N/A |
+-----------------------------------------+------------------------+----------------------+
|   1  NVIDIA RTX A6000               On  |   00000000:61:00.0 Off |                  Off |
| 30%   40C    P8             24W /  219W |       2MiB /  49140MiB |      0%      Default |
|                                         |                        |                  N/A |
+-----------------------------------------+------------------------+----------------------+
                                                                                         
+-----------------------------------------------------------------------------------------+
| Processes:                                                                              |
|  GPU   GI   CI        PID   Type   Process name                              GPU Memory |
|        ID   ID                                                               Usage      |
|=========================================================================================|
|  No running processes found                                                             |
+-----------------------------------------------------------------------------------------+
CUDA devices:
CUDA_VISIBLE_DEVICES: 0,1
Using device: cuda
[2025-04-08 00:52:21,424][root][INFO] - model:
  _target_: models.s4_1d.S4Model
  d_input: 10
  d_output: 1
  d_model: 64
  n_layers: 4
  dropout: 0.2
  prenorm: false
dataset:
  reduced_batch: 4
  reduced_resolution: 1
  reduced_resolution_t: 1
  window_size: 10
  pde: burger_0.001
  data_path1: data/pdebench/1D_Burgers_Sols_Nu0.001.hdf5
training:
  batch_size: 64
  epochs: 100
  learning_rate: 0.001
  use_normalizer: false
project_name: ${dataset.pde}_${hydra:runtime.choices.model}
checkpoint_dir: checkpoints

Project name: burger_0.001_s4_1d/s4_1d
Model name: models.s4_1d.S4Model
PDE Dataset: burger_0.001
Loading from file: /home/rvk/data/pdebench/1D_Burgers_Sols_Nu0.001.hdf5
(10000, 201, 1024)
Total data shape: (2500, 201, 1024)
x shape: (477500, 10, 1024)
y shape: (477500, 1, 1024)
grid shape: torch.Size([1024, 1])
---------Using data normalizer---------------
Train dataset size: 382000
Validation dataset size: 47750
Test dataset size: 47750
<class 'torch.Tensor'> -0.03289155289530754 -0.033176712691783905 1.0065456628799438 1.008101224899292
Sample Input shape: torch.Size([64, 10, 1024])
Sample Output shape: torch.Size([64, 1, 1024])
S4Model(
  (encoder): Linear(in_features=11, out_features=64, bias=True)
  (s4_layers): ModuleList(
    (0-3): 4 x S4D(
      (kernel): S4DKernel()
      (activation): GELU(approximate='none')
      (dropout): DropoutNd()
      (output_linear): Sequential(
        (0): Conv1d(64, 128, kernel_size=(1,), stride=(1,))
        (1): GLU(dim=-2)
      )
    )
  )
  (norms): ModuleList(
    (0-3): 4 x LayerNorm((64,), eps=1e-05, elementwise_affine=True)
  )
  (dropouts): ModuleList(
    (0-3): 4 x Dropout(p=0.2, inplace=False)
  )
  (decoder): Linear(in_features=64, out_features=1, bias=True)
)
Epoch 0, Train Loss: 0.05085916, Val Loss: 0.02975971
Epoch 10, Train Loss: 0.01422131, Val Loss: 0.01086613
Epoch 20, Train Loss: 0.01243047, Val Loss: 0.01015058
Epoch 30, Train Loss: 0.01159798, Val Loss: 0.00934876
Epoch 40, Train Loss: 0.01102127, Val Loss: 0.00912708
Epoch 50, Train Loss: 0.01054887, Val Loss: 0.00956992
Epoch 60, Train Loss: 0.01019453, Val Loss: 0.00944214
Epoch 70, Train Loss: 0.00992419, Val Loss: 0.00870289
Epoch 80, Train Loss: 0.00975490, Val Loss: 0.00865147
Epoch 90, Train Loss: 0.00966932, Val Loss: 0.00875012
Test L2 Loss: 0.008726
-----Visualizing Saved------
Figure saved to output_logs/predictions/burger_0.001_fno_4529276_predictions.png
Model saved to checkpoints/s4model/burger_0.001_4529276.pt
Original test data shape: x=torch.Size([47750, 10, 1024]), y=torch.Size([47750, 1, 1024])

Evaluating at resolution factor: 1
Resolution factor 1 - Relative L2 Loss: 0.008726

Evaluating at resolution factor: 2
Downsampled shapes: x=torch.Size([47750, 10, 512]), y=torch.Size([47750, 1, 512])
Resolution factor 2 - Relative L2 Loss: 0.513657

Evaluating at resolution factor: 4
Downsampled shapes: x=torch.Size([47750, 10, 256]), y=torch.Size([47750, 1, 256])
Resolution factor 4 - Relative L2 Loss: 0.873389

Evaluating at resolution factor: 8
Downsampled shapes: x=torch.Size([47750, 10, 128]), y=torch.Size([47750, 1, 128])
Resolution factor 8 - Relative L2 Loss: 1.017426

Evaluating at resolution factor: 16
Downsampled shapes: x=torch.Size([47750, 10, 64]), y=torch.Size([47750, 1, 64])
Resolution factor 16 - Relative L2 Loss: 0.754636

Evaluating at resolution factor: 32
Downsampled shapes: x=torch.Size([47750, 10, 32]), y=torch.Size([47750, 1, 32])
Resolution factor 32 - Relative L2 Loss: 0.458462

Summary of Super-Resolution Evaluation:
Resolution factor 1: Relative L2 Loss = 0.008726
Resolution factor 2: Relative L2 Loss = 0.513657
Resolution factor 4: Relative L2 Loss = 0.873389
Resolution factor 8: Relative L2 Loss = 1.017426
Resolution factor 16: Relative L2 Loss = 0.754636
Resolution factor 32: Relative L2 Loss = 0.458462
[1;34mwandb[0m: 
[1;34mwandb[0m: 🚀 View run [33mdesert-dream-8[0m at: [34mhttps://wandb.ai/rohanvk-carnegie-mellon-university/s4model/runs/bzqgqlur[0m
[1;34mwandb[0m: Find logs at: [1;35mwandb/run-20250408_005258-bzqgqlur/logs[0m
Job completed at Tue Apr  8 04:44:10 EDT 2025
