Job started on babel-15-32 at Wed Jun 18 15:54:40 EDT 2025
Job ID: 5130545
GPU information:
Wed Jun 18 15:54:40 2025       
+-----------------------------------------------------------------------------------------+
| NVIDIA-SMI 575.51.03              Driver Version: 575.51.03      CUDA Version: 12.9     |
|-----------------------------------------+------------------------+----------------------+
| GPU  Name                 Persistence-M | Bus-Id          Disp.A | Volatile Uncorr. ECC |
| Fan  Temp   Perf          Pwr:Usage/Cap |           Memory-Usage | GPU-Util  Compute M. |
|                                         |                        |               MIG M. |
|=========================================+========================+======================|
|   0  NVIDIA RTX A6000               On  |   00000000:88:00.0 Off |                  Off |
| 30%   31C    P8             25W /  300W |       1MiB /  49140MiB |      0%      Default |
|                                         |                        |                  N/A |
+-----------------------------------------+------------------------+----------------------+
|   1  NVIDIA RTX A6000               On  |   00000000:89:00.0 Off |                  Off |
| 30%   34C    P8             34W /  300W |       1MiB /  49140MiB |      0%      Default |
|                                         |                        |                  N/A |
+-----------------------------------------+------------------------+----------------------+
                                                                                         
+-----------------------------------------------------------------------------------------+
| Processes:                                                                              |
|  GPU   GI   CI              PID   Type   Process name                        GPU Memory |
|        ID   ID                                                               Usage      |
|=========================================================================================|
|  No running processes found                                                             |
+-----------------------------------------------------------------------------------------+
CUDA devices:
CUDA_VISIBLE_DEVICES: 0,1
Using device: cuda
[2025-06-18 15:54:46,077][root][INFO] - model:
  _target_: models.CNO2d.CNO2d
  in_dim: 3
  out_dim: 3
  N_layers: 4
  N_res: 4
  N_res_neck: 4
  channel_multiplier: 16
  use_bn: false
dataset:
  reduced_batch: 1
  reduced_resolution: 1
  reduced_resolution_t: 1
  window_size: 15
  original_res: 512
  train_resolution: 256
  multi_res:
  - 1
  - 2
  - 8
  train_mres: false
  pde: navier_stokes_0
  data_path1: data/pdebench/ns_incom_inhom_2d_512-0.hdf5
training:
  batch_size: 32
  epochs: 10
  learning_rate: 0.001
  use_normalizer: false
project_name: ${dataset.pde}_${hydra:runtime.choices.model}
checkpoint_dir: checkpoints

Project name: navier_stokes_0_cno_2d/cno_2d
Model name: models.CNO2d.CNO2d
PDE Dataset: navier_stokes_0
Loading from file: /home/rvk/data/pdebench/ns_incom_inhom_2d_512-0.hdf5
Available keys: ['force', 'particles', 't', 'velocity']
Velocity data shape: (4, 1000, 512, 512, 2)
Particles data shape: (4, 1000, 512, 512, 1)
Combined data shape: (4, 1000, 512, 512, 3)
x shape: torch.Size([3992, 3, 512, 512])
y shape: torch.Size([3992, 3, 512, 512])
---------Using data normalizer---------------
Train dataset size: 3193
Validation dataset size: 399
Test dataset size: 400
<class 'torch.Tensor'> -0.004183619748800993 -0.004201172385364771 0.9964262247085571 0.9986693263053894
Sample Input shape: torch.Size([32, 3, 512, 512])
Sample Output shape: torch.Size([32, 3, 512, 512])
CNO2d(
  (lift): LiftProjectBlock(
    (inter_CNOBlock): CNOBlock(
      (convolution): Conv2d(3, 64, kernel_size=(3, 3), stride=(1, 1), padding=(1, 1))
      (batch_norm): Identity()
      (act): CNO_LReLu(
        (act): LeakyReLU(negative_slope=0.01)
      )
    )
    (convolution): Conv2d(64, 8, kernel_size=(3, 3), stride=(1, 1), padding=(1, 1))
  )
  (project): LiftProjectBlock(
    (inter_CNOBlock): CNOBlock(
      (convolution): Conv2d(16, 64, kernel_size=(3, 3), stride=(1, 1), padding=(1, 1))
      (batch_norm): Identity()
      (act): CNO_LReLu(
        (act): LeakyReLU(negative_slope=0.01)
      )
    )
    (convolution): Conv2d(64, 3, kernel_size=(3, 3), stride=(1, 1), padding=(1, 1))
  )
  (encoder): ModuleList(
    (0): CNOBlock(
      (convolution): Conv2d(8, 16, kernel_size=(3, 3), stride=(1, 1), padding=(1, 1))
      (batch_norm): Identity()
      (act): CNO_LReLu(
        (act): LeakyReLU(negative_slope=0.01)
      )
    )
    (1): CNOBlock(
      (convolution): Conv2d(16, 32, kernel_size=(3, 3), stride=(1, 1), padding=(1, 1))
      (batch_norm): Identity()
      (act): CNO_LReLu(
        (act): LeakyReLU(negative_slope=0.01)
      )
    )
    (2): CNOBlock(
      (convolution): Conv2d(32, 64, kernel_size=(3, 3), stride=(1, 1), padding=(1, 1))
      (batch_norm): Identity()
      (act): CNO_LReLu(
        (act): LeakyReLU(negative_slope=0.01)
      )
    )
    (3): CNOBlock(
      (convolution): Conv2d(64, 128, kernel_size=(3, 3), stride=(1, 1), padding=(1, 1))
      (batch_norm): Identity()
      (act): CNO_LReLu(
        (act): LeakyReLU(negative_slope=0.01)
      )
    )
  )
  (ED_expansion): ModuleList(
    (0): CNOBlock(
      (convolution): Conv2d(8, 8, kernel_size=(3, 3), stride=(1, 1), padding=(1, 1))
      (batch_norm): Identity()
      (act): CNO_LReLu(
        (act): LeakyReLU(negative_slope=0.01)
      )
    )
    (1): CNOBlock(
      (convolution): Conv2d(16, 16, kernel_size=(3, 3), stride=(1, 1), padding=(1, 1))
      (batch_norm): Identity()
      (act): CNO_LReLu(
        (act): LeakyReLU(negative_slope=0.01)
      )
    )
    (2): CNOBlock(
      (convolution): Conv2d(32, 32, kernel_size=(3, 3), stride=(1, 1), padding=(1, 1))
      (batch_norm): Identity()
      (act): CNO_LReLu(
        (act): LeakyReLU(negative_slope=0.01)
      )
    )
    (3): CNOBlock(
      (convolution): Conv2d(64, 64, kernel_size=(3, 3), stride=(1, 1), padding=(1, 1))
      (batch_norm): Identity()
      (act): CNO_LReLu(
        (act): LeakyReLU(negative_slope=0.01)
      )
    )
    (4): CNOBlock(
      (convolution): Conv2d(128, 128, kernel_size=(3, 3), stride=(1, 1), padding=(1, 1))
      (batch_norm): Identity()
      (act): CNO_LReLu(
        (act): LeakyReLU(negative_slope=0.01)
      )
    )
  )
  (decoder): ModuleList(
    (0): CNOBlock(
      (convolution): Conv2d(128, 64, kernel_size=(3, 3), stride=(1, 1), padding=(1, 1))
      (batch_norm): Identity()
      (act): CNO_LReLu(
        (act): LeakyReLU(negative_slope=0.01)
      )
    )
    (1): CNOBlock(
      (convolution): Conv2d(128, 32, kernel_size=(3, 3), stride=(1, 1), padding=(1, 1))
      (batch_norm): Identity()
      (act): CNO_LReLu(
        (act): LeakyReLU(negative_slope=0.01)
      )
    )
    (2): CNOBlock(
      (convolution): Conv2d(64, 16, kernel_size=(3, 3), stride=(1, 1), padding=(1, 1))
      (batch_norm): Identity()
      (act): CNO_LReLu(
        (act): LeakyReLU(negative_slope=0.01)
      )
    )
    (3): CNOBlock(
      (convolution): Conv2d(32, 8, kernel_size=(3, 3), stride=(1, 1), padding=(1, 1))
      (batch_norm): Identity()
      (act): CNO_LReLu(
        (act): LeakyReLU(negative_slope=0.01)
      )
    )
  )
  (res_net_neck): ResNet(
    (res_nets): Sequential(
      (0): ResidualBlock(
        (convolution1): Conv2d(128, 128, kernel_size=(3, 3), stride=(1, 1), padding=(1, 1))
        (convolution2): Conv2d(128, 128, kernel_size=(3, 3), stride=(1, 1), padding=(1, 1))
        (batch_norm1): Identity()
        (batch_norm2): Identity()
        (act): CNO_LReLu(
          (act): LeakyReLU(negative_slope=0.01)
        )
      )
      (1): ResidualBlock(
        (convolution1): Conv2d(128, 128, kernel_size=(3, 3), stride=(1, 1), padding=(1, 1))
        (convolution2): Conv2d(128, 128, kernel_size=(3, 3), stride=(1, 1), padding=(1, 1))
        (batch_norm1): Identity()
        (batch_norm2): Identity()
        (act): CNO_LReLu(
          (act): LeakyReLU(negative_slope=0.01)
        )
      )
      (2): ResidualBlock(
        (convolution1): Conv2d(128, 128, kernel_size=(3, 3), stride=(1, 1), padding=(1, 1))
        (convolution2): Conv2d(128, 128, kernel_size=(3, 3), stride=(1, 1), padding=(1, 1))
        (batch_norm1): Identity()
        (batch_norm2): Identity()
        (act): CNO_LReLu(
          (act): LeakyReLU(negative_slope=0.01)
        )
      )
      (3): ResidualBlock(
        (convolution1): Conv2d(128, 128, kernel_size=(3, 3), stride=(1, 1), padding=(1, 1))
        (convolution2): Conv2d(128, 128, kernel_size=(3, 3), stride=(1, 1), padding=(1, 1))
        (batch_norm1): Identity()
        (batch_norm2): Identity()
        (act): CNO_LReLu(
          (act): LeakyReLU(negative_slope=0.01)
        )
      )
    )
  )
  (res_nets): Sequential(
    (0): ResNet(
      (res_nets): Sequential(
        (0): ResidualBlock(
          (convolution1): Conv2d(8, 8, kernel_size=(3, 3), stride=(1, 1), padding=(1, 1))
          (convolution2): Conv2d(8, 8, kernel_size=(3, 3), stride=(1, 1), padding=(1, 1))
          (batch_norm1): Identity()
          (batch_norm2): Identity()
          (act): CNO_LReLu(
            (act): LeakyReLU(negative_slope=0.01)
          )
        )
        (1): ResidualBlock(
          (convolution1): Conv2d(8, 8, kernel_size=(3, 3), stride=(1, 1), padding=(1, 1))
          (convolution2): Conv2d(8, 8, kernel_size=(3, 3), stride=(1, 1), padding=(1, 1))
          (batch_norm1): Identity()
          (batch_norm2): Identity()
          (act): CNO_LReLu(
            (act): LeakyReLU(negative_slope=0.01)
          )
        )
        (2): ResidualBlock(
          (convolution1): Conv2d(8, 8, kernel_size=(3, 3), stride=(1, 1), padding=(1, 1))
          (convolution2): Conv2d(8, 8, kernel_size=(3, 3), stride=(1, 1), padding=(1, 1))
          (batch_norm1): Identity()
          (batch_norm2): Identity()
          (act): CNO_LReLu(
            (act): LeakyReLU(negative_slope=0.01)
          )
        )
        (3): ResidualBlock(
          (convolution1): Conv2d(8, 8, kernel_size=(3, 3), stride=(1, 1), padding=(1, 1))
          (convolution2): Conv2d(8, 8, kernel_size=(3, 3), stride=(1, 1), padding=(1, 1))
          (batch_norm1): Identity()
          (batch_norm2): Identity()
          (act): CNO_LReLu(
            (act): LeakyReLU(negative_slope=0.01)
          )
        )
      )
    )
    (1): ResNet(
      (res_nets): Sequential(
        (0): ResidualBlock(
          (convolution1): Conv2d(16, 16, kernel_size=(3, 3), stride=(1, 1), padding=(1, 1))
          (convolution2): Conv2d(16, 16, kernel_size=(3, 3), stride=(1, 1), padding=(1, 1))
          (batch_norm1): Identity()
          (batch_norm2): Identity()
          (act): CNO_LReLu(
            (act): LeakyReLU(negative_slope=0.01)
          )
        )
        (1): ResidualBlock(
          (convolution1): Conv2d(16, 16, kernel_size=(3, 3), stride=(1, 1), padding=(1, 1))
          (convolution2): Conv2d(16, 16, kernel_size=(3, 3), stride=(1, 1), padding=(1, 1))
          (batch_norm1): Identity()
          (batch_norm2): Identity()
          (act): CNO_LReLu(
            (act): LeakyReLU(negative_slope=0.01)
          )
        )
        (2): ResidualBlock(
          (convolution1): Conv2d(16, 16, kernel_size=(3, 3), stride=(1, 1), padding=(1, 1))
          (convolution2): Conv2d(16, 16, kernel_size=(3, 3), stride=(1, 1), padding=(1, 1))
          (batch_norm1): Identity()
          (batch_norm2): Identity()
          (act): CNO_LReLu(
            (act): LeakyReLU(negative_slope=0.01)
          )
        )
        (3): ResidualBlock(
          (convolution1): Conv2d(16, 16, kernel_size=(3, 3), stride=(1, 1), padding=(1, 1))
          (convolution2): Conv2d(16, 16, kernel_size=(3, 3), stride=(1, 1), padding=(1, 1))
          (batch_norm1): Identity()
          (batch_norm2): Identity()
          (act): CNO_LReLu(
            (act): LeakyReLU(negative_slope=0.01)
          )
        )
      )
    )
    (2): ResNet(
      (res_nets): Sequential(
        (0): ResidualBlock(
          (convolution1): Conv2d(32, 32, kernel_size=(3, 3), stride=(1, 1), padding=(1, 1))
          (convolution2): Conv2d(32, 32, kernel_size=(3, 3), stride=(1, 1), padding=(1, 1))
          (batch_norm1): Identity()
          (batch_norm2): Identity()
          (act): CNO_LReLu(
            (act): LeakyReLU(negative_slope=0.01)
          )
        )
        (1): ResidualBlock(
          (convolution1): Conv2d(32, 32, kernel_size=(3, 3), stride=(1, 1), padding=(1, 1))
          (convolution2): Conv2d(32, 32, kernel_size=(3, 3), stride=(1, 1), padding=(1, 1))
          (batch_norm1): Identity()
          (batch_norm2): Identity()
          (act): CNO_LReLu(
            (act): LeakyReLU(negative_slope=0.01)
          )
        )
        (2): ResidualBlock(
          (convolution1): Conv2d(32, 32, kernel_size=(3, 3), stride=(1, 1), padding=(1, 1))
          (convolution2): Conv2d(32, 32, kernel_size=(3, 3), stride=(1, 1), padding=(1, 1))
          (batch_norm1): Identity()
          (batch_norm2): Identity()
          (act): CNO_LReLu(
            (act): LeakyReLU(negative_slope=0.01)
          )
        )
        (3): ResidualBlock(
          (convolution1): Conv2d(32, 32, kernel_size=(3, 3), stride=(1, 1), padding=(1, 1))
          (convolution2): Conv2d(32, 32, kernel_size=(3, 3), stride=(1, 1), padding=(1, 1))
          (batch_norm1): Identity()
          (batch_norm2): Identity()
          (act): CNO_LReLu(
            (act): LeakyReLU(negative_slope=0.01)
          )
        )
      )
    )
    (3): ResNet(
      (res_nets): Sequential(
        (0): ResidualBlock(
          (convolution1): Conv2d(64, 64, kernel_size=(3, 3), stride=(1, 1), padding=(1, 1))
          (convolution2): Conv2d(64, 64, kernel_size=(3, 3), stride=(1, 1), padding=(1, 1))
          (batch_norm1): Identity()
          (batch_norm2): Identity()
          (act): CNO_LReLu(
            (act): LeakyReLU(negative_slope=0.01)
          )
        )
        (1): ResidualBlock(
          (convolution1): Conv2d(64, 64, kernel_size=(3, 3), stride=(1, 1), padding=(1, 1))
          (convolution2): Conv2d(64, 64, kernel_size=(3, 3), stride=(1, 1), padding=(1, 1))
          (batch_norm1): Identity()
          (batch_norm2): Identity()
          (act): CNO_LReLu(
            (act): LeakyReLU(negative_slope=0.01)
          )
        )
        (2): ResidualBlock(
          (convolution1): Conv2d(64, 64, kernel_size=(3, 3), stride=(1, 1), padding=(1, 1))
          (convolution2): Conv2d(64, 64, kernel_size=(3, 3), stride=(1, 1), padding=(1, 1))
          (batch_norm1): Identity()
          (batch_norm2): Identity()
          (act): CNO_LReLu(
            (act): LeakyReLU(negative_slope=0.01)
          )
        )
        (3): ResidualBlock(
          (convolution1): Conv2d(64, 64, kernel_size=(3, 3), stride=(1, 1), padding=(1, 1))
          (convolution2): Conv2d(64, 64, kernel_size=(3, 3), stride=(1, 1), padding=(1, 1))
          (batch_norm1): Identity()
          (batch_norm2): Identity()
          (act): CNO_LReLu(
            (act): LeakyReLU(negative_slope=0.01)
          )
        )
      )
    )
  )
)
Epoch 0, Train Loss: 0.25777592, Val Loss: 0.10072065
[1;34mwandb[0m: 
[1;34mwandb[0m: 🚀 View run [33mcerulean-eon-1[0m at: [34mhttps://wandb.ai/rohanvk-carnegie-mellon-university/cno2d/runs/sca9uw5x[0m
[1;34mwandb[0m: Find logs at: [1;35mwandb/run-20250618_155700-sca9uw5x/logs[0m
Job completed at Wed Jun 18 16:12:26 EDT 2025
