Job started on shire-1-6 at Mon Jun  9 18:48:27 EDT 2025
Job ID: 5046737
GPU information:
Mon Jun  9 18:48:27 2025       
+-----------------------------------------------------------------------------------------+
| NVIDIA-SMI 575.51.03              Driver Version: 575.51.03      CUDA Version: 12.9     |
|-----------------------------------------+------------------------+----------------------+
| GPU  Name                 Persistence-M | Bus-Id          Disp.A | Volatile Uncorr. ECC |
| Fan  Temp   Perf          Pwr:Usage/Cap |           Memory-Usage | GPU-Util  Compute M. |
|                                         |                        |               MIG M. |
|=========================================+========================+======================|
|   0  NVIDIA GeForce GTX 1080 Ti     On  |   00000000:01:00.0 Off |                  N/A |
| 23%   21C    P8              7W /  170W |       3MiB /  11264MiB |      0%      Default |
|                                         |                        |                  N/A |
+-----------------------------------------+------------------------+----------------------+
|   1  NVIDIA GeForce GTX 1080 Ti     On  |   00000000:04:00.0 Off |                  N/A |
| 23%   28C    P8              8W /  170W |       3MiB /  11264MiB |      0%      Default |
|                                         |                        |                  N/A |
+-----------------------------------------+------------------------+----------------------+
                                                                                         
+-----------------------------------------------------------------------------------------+
| Processes:                                                                              |
|  GPU   GI   CI              PID   Type   Process name                        GPU Memory |
|        ID   ID                                                               Usage      |
|=========================================================================================|
|  No running processes found                                                             |
+-----------------------------------------------------------------------------------------+
CUDA devices:
CUDA_VISIBLE_DEVICES: 0,1
Using device: cuda
[2025-06-09 18:48:34,308][root][INFO] - model:
  _target_: models.ffno.FFNO1D
  in_channels: 1
  out_channels: 1
  width: 32
  n_modes: 16
  factor: 4
  n_layers: 4
  ff_weight_norm: true
  n_ff_layers: 2
  layer_norm: false
  grid: null
  dropout: 0.0
  mode: full
dataset:
  reduced_batch: 4
  reduced_resolution: 1
  reduced_resolution_t: 1
  window_size: 15
  original_res: 1024
  multi_res:
  - 2
  - 4
  - 8
  train_mres: true
  pde: burger_0.001
  data_path1: data/pdebench/1D_Burgers_Sols_Nu0.001.hdf5
training:
  batch_size: 32
  epochs: 150
  learning_rate: 0.001
  use_normalizer: false
project_name: ${dataset.pde}_${hydra:runtime.choices.model}
checkpoint_dir: checkpoints

Project name: burger_0.001_ffno_1d/ffno_1d
Model name: models.ffno.FFNO1D
PDE Dataset: burger_0.001
Loading from file: /home/rvk/data/pdebench/1D_Burgers_Sols_Nu0.001.hdf5
(10000, 201, 1024)
Total data shape: (2500, 201, 1024)
x shape: (497500, 1, 1024)
y shape: (497500, 1, 1024)
grid shape: torch.Size([1024, 1])
---------Using data normalizer---------------
Train dataset size: 398000
Validation dataset size: 49750
Test dataset size: 49750
<class 'torch.Tensor'> -0.053620632737874985 -0.05371139571070671 0.9099689722061157 0.910510778427124
Sample Input shape: torch.Size([32, 1, 1024])
Sample Output shape: torch.Size([32, 1, 1024])
FFNO1D(
  (in_proj): WNLinear(in_features=2, out_features=32, bias=True)
  (fourier_layers): ModuleList(
    (0-3): 4 x FSpectralConv1d(
      (fourier_weight): ParameterList(  (0): Parameter containing: [torch.float32 of size 32x32x16x2 (cuda:0)])
      (backcast_ff): FeedForward(
        (layers): ModuleList(
          (0): Sequential(
            (0): Linear(in_features=32, out_features=128, bias=True)
            (1): Dropout(p=0.0, inplace=False)
            (2): GELU(approximate='none')
            (3): Identity()
          )
          (1): Sequential(
            (0): Linear(in_features=128, out_features=32, bias=True)
            (1): Dropout(p=0.0, inplace=False)
            (2): Identity()
            (3): Identity()
          )
        )
      )
      (act): Identity()
    )
  )
  (out_proj): WNLinear(in_features=32, out_features=1, bias=True)
)
Epoch 0, Train Loss: 0.02243983, Val Loss: 0.01272803
Epoch 10, Train Loss: 0.00789572, Val Loss: 0.00720284
Epoch 20, Train Loss: 0.00634596, Val Loss: 0.00675066
Epoch 30, Train Loss: 0.00578679, Val Loss: 0.00576200
Epoch 40, Train Loss: 0.00536140, Val Loss: 0.00499730
Epoch 50, Train Loss: 0.00497155, Val Loss: 0.00486227
Epoch 60, Train Loss: 0.00457393, Val Loss: 0.00534443
Epoch 70, Train Loss: 0.00420766, Val Loss: 0.00403608
Epoch 80, Train Loss: 0.00384763, Val Loss: 0.00395549
Epoch 90, Train Loss: 0.00354003, Val Loss: 0.00333975
Epoch 100, Train Loss: 0.00320140, Val Loss: 0.00337999
Epoch 110, Train Loss: 0.00292400, Val Loss: 0.00311421
Epoch 120, Train Loss: 0.00271069, Val Loss: 0.00275771
Epoch 130, Train Loss: 0.00252613, Val Loss: 0.00262407
Epoch 140, Train Loss: 0.00243429, Val Loss: 0.00253316
Test L2 Loss: 0.001689
-----Visualizing Saved------
Figure saved to output_logs/predictions/burger_0.001_fno_5046737_predictions.png
Model saved to checkpoints/ffno1d/burger_0.001_5046737.pt
Original test data shape: x=torch.Size([49750, 1, 1024]), y=torch.Size([49750, 1, 1024])

Evaluating at resolution factor: 1
Resolution factor 1 - Relative L2 Loss: 0.001689

Evaluating at resolution factor: 2
Downsampled shapes: x=torch.Size([49750, 1, 512]), y=torch.Size([49750, 1, 512])
Resolution factor 2 - Relative L2 Loss: 0.002667

Evaluating at resolution factor: 4
Downsampled shapes: x=torch.Size([49750, 1, 256]), y=torch.Size([49750, 1, 256])
Resolution factor 4 - Relative L2 Loss: 0.002922

Evaluating at resolution factor: 8
Downsampled shapes: x=torch.Size([49750, 1, 128]), y=torch.Size([49750, 1, 128])
Resolution factor 8 - Relative L2 Loss: 0.004503

Evaluating at resolution factor: 16
Downsampled shapes: x=torch.Size([49750, 1, 64]), y=torch.Size([49750, 1, 64])
Resolution factor 16 - Relative L2 Loss: 0.028144

Evaluating at resolution factor: 32
Downsampled shapes: x=torch.Size([49750, 1, 32]), y=torch.Size([49750, 1, 32])
Resolution factor 32 - Relative L2 Loss: 0.053805
Loading from file: /home/rvk/data/pdebench/1D_Burgers_Sols_Nu0.001.hdf5
(10000, 201, 1024)
Total data shape: (2500, 201, 1024)
x shape: (497500, 1, 1024)
y shape: (497500, 1, 1024)
grid shape: torch.Size([1024, 1])
---------Using data normalizer---------------
Train dataset size: 398000
Validation dataset size: 49750
Test dataset size: 49750
Original test data shape: x=torch.Size([49750, 1, 1024]), y=torch.Size([49750, 1, 1024])
Testing resolutions: []

Summary of Super-Resolution Evaluation:
Resolution factor 1: Relative L2 Loss = 0.001689
Resolution factor 2: Relative L2 Loss = 0.002667
Resolution factor 4: Relative L2 Loss = 0.002922
Resolution factor 8: Relative L2 Loss = 0.004503
Resolution factor 16: Relative L2 Loss = 0.028144
Resolution factor 32: Relative L2 Loss = 0.053805

Summary of Higher-Resolution Evaluation:
[1;34mwandb[0m: 
[1;34mwandb[0m: 🚀 View run [33mclean-meadow-89[0m at: [34mhttps://wandb.ai/rohanvk-carnegie-mellon-university/ffno1d/runs/jsre1n5w[0m
[1;34mwandb[0m: Find logs at: [1;35mwandb/run-20250609_184905-jsre1n5w/logs[0m
Job completed at Tue Jun 10 01:21:06 EDT 2025
