Job started on babel-3-27 at Mon Aug  4 15:05:50 EDT 2025
Job ID: 5297436
GPU information:
Mon Aug  4 15:05:50 2025       
+-----------------------------------------------------------------------------------------+
| NVIDIA-SMI 575.51.03              Driver Version: 575.51.03      CUDA Version: 12.9     |
|-----------------------------------------+------------------------+----------------------+
| GPU  Name                 Persistence-M | Bus-Id          Disp.A | Volatile Uncorr. ECC |
| Fan  Temp   Perf          Pwr:Usage/Cap |           Memory-Usage | GPU-Util  Compute M. |
|                                         |                        |               MIG M. |
|=========================================+========================+======================|
|   0  NVIDIA RTX A6000               On  |   00000000:01:00.0 Off |                  Off |
| 50%   67C    P0             98W /  300W |       1MiB /  49140MiB |      0%      Default |
|                                         |                        |                  N/A |
+-----------------------------------------+------------------------+----------------------+
|   1  NVIDIA RTX A6000               On  |   00000000:41:00.0 Off |                  Off |
| 30%   32C    P8             22W /  300W |       1MiB /  49140MiB |      0%      Default |
|                                         |                        |                  N/A |
+-----------------------------------------+------------------------+----------------------+
                                                                                         
+-----------------------------------------------------------------------------------------+
| Processes:                                                                              |
|  GPU   GI   CI              PID   Type   Process name                        GPU Memory |
|        ID   ID                                                               Usage      |
|=========================================================================================|
|  No running processes found                                                             |
+-----------------------------------------------------------------------------------------+
CUDA devices:
CUDA_VISIBLE_DEVICES: 0,1
Using device: cuda
[2025-08-04 15:05:55,780][root][INFO] - model:
  _target_: models.ffno.FFNO1D
  in_channels: 1
  out_channels: 1
  factor: 4
  n_modes: 16
  width: 64
  n_layers: 8
  ff_weight_norm: true
  n_ff_layers: 2
  layer_norm: true
  dropout: 0.0
  mode: full
  activation: relu
  use_grid: false
dataset:
  dataset_params:
    _target_: dataloaders.ks.ks_markov_dataset
    filename: KS_train_2048.h5
    saved_folder: /data/user_data/rvk/ks/res_65/visc_1.0_L64.0_lmax3_et100.0_nte140_nt500
    val_filename: KS_valid.h5
    test_filename: KS_test.h5
    reduced_batch: 2
    reduced_resolution: 1
    reduced_resolution_t: 1
    s: 512
    data_normalizer: true
    num_samples_max: -1
  window_size: 15
  original_res: 65
  multi_res:
  - 1
  - 16
  train_mres: false
  pde: ks
training:
  batch_size: 64
  epochs: 100
  learning_rate: 0.001
  use_normalizer: false
project_name: ${dataset.pde}_${hydra:runtime.choices.model}
checkpoint_dir: checkpoints

Project name: ks_ffno_1d/ffno_1d
Model name: models.ffno.FFNO1D
PDE Dataset: ks
---------------------
Loading from file: /data/user_data/rvk/ks/res_65/visc_1.0_L64.0_lmax3_et100.0_nte140_nt500/KS_train_2048.h5
Available data keys in 'train': ['dt', 'dx', 'pde_140-65', 't', 'x']
PDE data shape: (2048, 140, 65)
Time data shape: (2048, 140)
Spatial coordinates shape: (65,)
dx shape: (2048,)
dt shape: (2048,)
Final data shape: (1024, 140, 65)
Current Spatial Size: 65
Resizing from 65 to 512
Upsampling using FFT-based resize_1d function
Data shape after resizing: (1024, 140, 512)
Updated spatial coordinates shape: (512,)
x shape: torch.Size([142336, 1, 512])
y shape: torch.Size([142336, 1, 512])
spatial coordinates shape: (512,)
Loading from file: /data/user_data/rvk/ks/res_65/visc_1.0_L64.0_lmax3_et100.0_nte140_nt500/KS_valid.h5
Available data keys in 'valid': ['dt', 'dx', 'pde_140-65', 't', 'x']
PDE data shape: (256, 140, 65)
Time data shape: (256, 140)
Spatial coordinates shape: (65,)
dx shape: (256,)
dt shape: (256,)
Final data shape: (128, 140, 65)
Current Spatial Size: 65
Resizing from 65 to 512
Upsampling using FFT-based resize_1d function
Data shape after resizing: (128, 140, 512)
Updated spatial coordinates shape: (512,)
x shape: torch.Size([17792, 1, 512])
y shape: torch.Size([17792, 1, 512])
spatial coordinates shape: (512,)
Loading from file: /data/user_data/rvk/ks/res_65/visc_1.0_L64.0_lmax3_et100.0_nte140_nt500/KS_test.h5
Available data keys in 'test': ['dt', 'dx', 'pde_140-65', 't', 'x']
PDE data shape: (256, 140, 65)
Time data shape: (256, 140)
Spatial coordinates shape: (65,)
dx shape: (256,)
dt shape: (256,)
Final data shape: (128, 140, 65)
Current Spatial Size: 65
Resizing from 65 to 512
Upsampling using FFT-based resize_1d function
Data shape after resizing: (128, 140, 512)
Updated spatial coordinates shape: (512,)
x shape: torch.Size([17792, 1, 512])
y shape: torch.Size([17792, 1, 512])
spatial coordinates shape: (512,)
---------Computing min-max normalization statistics---------------
Input data range: [-3.680157, 3.596827]
Output data range: [-3.680157, 3.596827]
Train dataset size: 142336
Validation dataset size: 17792
Test dataset size: 17792
<dataloaders.ks.ks_markov_dataset.<locals>.MinMaxNormalizedDataset object at 0x14f3c5e7bd90>
<class 'torch.Tensor'> 0.505725622177124 0.505725622177124 0.1771477609872818 0.17707416415214539
FFNO1D(
  (in_proj): WNLinear(in_features=1, out_features=64, bias=True)
  (fourier_layers): ModuleList(
    (0-7): 8 x FSpectralConv1d(
      (fourier_weight): ParameterList(  (0): Parameter containing: [torch.float32 of size 64x64x16x2 (cuda:0)])
      (backcast_ff): FeedForward(
        (layers): ModuleList(
          (0): Sequential(
            (0): Linear(in_features=64, out_features=256, bias=True)
            (1): Dropout(p=0.0, inplace=False)
            (2): GELU(approximate='none')
            (3): Identity()
          )
          (1): Sequential(
            (0): Linear(in_features=256, out_features=64, bias=True)
            (1): Dropout(p=0.0, inplace=False)
            (2): Identity()
            (3): LayerNorm((64,), eps=1e-05, elementwise_affine=True)
          )
        )
      )
    )
  )
  (out_proj): WNLinear(in_features=64, out_features=1, bias=True)
)
Total Model Parameters: 1.31M
Trainable Parameters: 1.31M
Epoch 0, Train Loss: 0.10155614, Val Loss: 0.02916551
Epoch 10, Train Loss: 0.00303711, Val Loss: 0.00293916
Epoch 20, Train Loss: 0.00094023, Val Loss: 0.00080917
Epoch 30, Train Loss: 0.00064927, Val Loss: 0.00061645
Epoch 40, Train Loss: 0.00044700, Val Loss: 0.00030851
Epoch 50, Train Loss: 0.00017438, Val Loss: 0.00016982
Epoch 60, Train Loss: 0.00017664, Val Loss: 0.00019339
Epoch 70, Train Loss: 0.00017280, Val Loss: 0.00017398
Epoch 80, Train Loss: 0.00011508, Val Loss: 0.00012013
Epoch 90, Train Loss: 0.00011236, Val Loss: 0.00011429
Test L2 Loss: 0.000321
Model saved to checkpoints/ffno1d/ks_5297436.pt
Created/verified figures directory: figures/5297436
Evaluating KS model at multiple resolutions
Using provided normalization statistics from training resolution 512:
  Input range: [-3.680157, 3.596827]
  Output range: [-3.680157, 3.596827]
Testing resolutions: [32, 64, 128, 256, 512]
Loading from file: /data/user_data/rvk/ks/res_65/visc_1.0_L64.0_lmax3_et100.0_nte140_nt500/KS_train_2048.h5
Available data keys in 'train': ['dt', 'dx', 'pde_140-65', 't', 'x']
PDE data shape: (2048, 140, 65)
Time data shape: (2048, 140)
Spatial coordinates shape: (65,)
dx shape: (2048,)
dt shape: (2048,)
Final data shape: (1024, 140, 65)
Current Spatial Size: 65
Resizing from 65 to 32
Downsampling using FFT-based downsample_1d function
Data shape after resizing: (1024, 140, 32)
Updated spatial coordinates shape: (32,)
x shape: torch.Size([142336, 1, 32])
y shape: torch.Size([142336, 1, 32])
spatial coordinates shape: (32,)
Loading from file: /data/user_data/rvk/ks/res_65/visc_1.0_L64.0_lmax3_et100.0_nte140_nt500/KS_valid.h5
Available data keys in 'valid': ['dt', 'dx', 'pde_140-65', 't', 'x']
PDE data shape: (256, 140, 65)
Time data shape: (256, 140)
Spatial coordinates shape: (65,)
dx shape: (256,)
dt shape: (256,)
Final data shape: (128, 140, 65)
Current Spatial Size: 65
Resizing from 65 to 32
Downsampling using FFT-based downsample_1d function
Data shape after resizing: (128, 140, 32)
Updated spatial coordinates shape: (32,)
x shape: torch.Size([17792, 1, 32])
y shape: torch.Size([17792, 1, 32])
spatial coordinates shape: (32,)
Loading from file: /data/user_data/rvk/ks/res_65/visc_1.0_L64.0_lmax3_et100.0_nte140_nt500/KS_test.h5
Available data keys in 'test': ['dt', 'dx', 'pde_140-65', 't', 'x']
PDE data shape: (256, 140, 65)
Time data shape: (256, 140)
Spatial coordinates shape: (65,)
dx shape: (256,)
dt shape: (256,)
Final data shape: (128, 140, 65)
Current Spatial Size: 65
Resizing from 65 to 32
Downsampling using FFT-based downsample_1d function
Data shape after resizing: (128, 140, 32)
Updated spatial coordinates shape: (32,)
x shape: torch.Size([17792, 1, 32])
y shape: torch.Size([17792, 1, 32])
spatial coordinates shape: (32,)
Train dataset size: 142336
Validation dataset size: 17792
Test dataset size: 17792
Selected random indices for plotting: [8426, 6059, 13297, 12200, 11784, 12869, 13470, 11782, 11441, 8577]
Collected 10 examples for resolution 32
Resolution 32 - Relative L2 Loss: 0.000212
Memory cleaned after resolution 32
Loading from file: /data/user_data/rvk/ks/res_65/visc_1.0_L64.0_lmax3_et100.0_nte140_nt500/KS_train_2048.h5
Available data keys in 'train': ['dt', 'dx', 'pde_140-65', 't', 'x']
PDE data shape: (2048, 140, 65)
Time data shape: (2048, 140)
Spatial coordinates shape: (65,)
dx shape: (2048,)
dt shape: (2048,)
Final data shape: (1024, 140, 65)
Current Spatial Size: 65
Resizing from 65 to 64
Downsampling using FFT-based downsample_1d function
Data shape after resizing: (1024, 140, 64)
Updated spatial coordinates shape: (64,)
x shape: torch.Size([142336, 1, 64])
y shape: torch.Size([142336, 1, 64])
spatial coordinates shape: (64,)
Loading from file: /data/user_data/rvk/ks/res_65/visc_1.0_L64.0_lmax3_et100.0_nte140_nt500/KS_valid.h5
Available data keys in 'valid': ['dt', 'dx', 'pde_140-65', 't', 'x']
PDE data shape: (256, 140, 65)
Time data shape: (256, 140)
Spatial coordinates shape: (65,)
dx shape: (256,)
dt shape: (256,)
Final data shape: (128, 140, 65)
Current Spatial Size: 65
Resizing from 65 to 64
Downsampling using FFT-based downsample_1d function
Data shape after resizing: (128, 140, 64)
Updated spatial coordinates shape: (64,)
x shape: torch.Size([17792, 1, 64])
y shape: torch.Size([17792, 1, 64])
spatial coordinates shape: (64,)
Loading from file: /data/user_data/rvk/ks/res_65/visc_1.0_L64.0_lmax3_et100.0_nte140_nt500/KS_test.h5
Available data keys in 'test': ['dt', 'dx', 'pde_140-65', 't', 'x']
PDE data shape: (256, 140, 65)
Time data shape: (256, 140)
Spatial coordinates shape: (65,)
dx shape: (256,)
dt shape: (256,)
Final data shape: (128, 140, 65)
Current Spatial Size: 65
Resizing from 65 to 64
Downsampling using FFT-based downsample_1d function
Data shape after resizing: (128, 140, 64)
Updated spatial coordinates shape: (64,)
x shape: torch.Size([17792, 1, 64])
y shape: torch.Size([17792, 1, 64])
spatial coordinates shape: (64,)
Train dataset size: 142336
Validation dataset size: 17792
Test dataset size: 17792
Collected 10 examples for resolution 64
Resolution 64 - Relative L2 Loss: 0.000308
Memory cleaned after resolution 64
Loading from file: /data/user_data/rvk/ks/res_65/visc_1.0_L64.0_lmax3_et100.0_nte140_nt500/KS_train_2048.h5
Available data keys in 'train': ['dt', 'dx', 'pde_140-65', 't', 'x']
PDE data shape: (2048, 140, 65)
Time data shape: (2048, 140)
Spatial coordinates shape: (65,)
dx shape: (2048,)
dt shape: (2048,)
Final data shape: (1024, 140, 65)
Current Spatial Size: 65
Resizing from 65 to 128
Upsampling using FFT-based resize_1d function
Data shape after resizing: (1024, 140, 128)
Updated spatial coordinates shape: (128,)
x shape: torch.Size([142336, 1, 128])
y shape: torch.Size([142336, 1, 128])
spatial coordinates shape: (128,)
Loading from file: /data/user_data/rvk/ks/res_65/visc_1.0_L64.0_lmax3_et100.0_nte140_nt500/KS_valid.h5
Available data keys in 'valid': ['dt', 'dx', 'pde_140-65', 't', 'x']
PDE data shape: (256, 140, 65)
Time data shape: (256, 140)
Spatial coordinates shape: (65,)
dx shape: (256,)
dt shape: (256,)
Final data shape: (128, 140, 65)
Current Spatial Size: 65
Resizing from 65 to 128
Upsampling using FFT-based resize_1d function
Data shape after resizing: (128, 140, 128)
Updated spatial coordinates shape: (128,)
x shape: torch.Size([17792, 1, 128])
y shape: torch.Size([17792, 1, 128])
spatial coordinates shape: (128,)
Loading from file: /data/user_data/rvk/ks/res_65/visc_1.0_L64.0_lmax3_et100.0_nte140_nt500/KS_test.h5
Available data keys in 'test': ['dt', 'dx', 'pde_140-65', 't', 'x']
PDE data shape: (256, 140, 65)
Time data shape: (256, 140)
Spatial coordinates shape: (65,)
dx shape: (256,)
dt shape: (256,)
Final data shape: (128, 140, 65)
Current Spatial Size: 65
Resizing from 65 to 128
Upsampling using FFT-based resize_1d function
Data shape after resizing: (128, 140, 128)
Updated spatial coordinates shape: (128,)
x shape: torch.Size([17792, 1, 128])
y shape: torch.Size([17792, 1, 128])
spatial coordinates shape: (128,)
Train dataset size: 142336
Validation dataset size: 17792
Test dataset size: 17792
Collected 10 examples for resolution 128
Resolution 128 - Relative L2 Loss: 0.000320
Memory cleaned after resolution 128
Loading from file: /data/user_data/rvk/ks/res_65/visc_1.0_L64.0_lmax3_et100.0_nte140_nt500/KS_train_2048.h5
Available data keys in 'train': ['dt', 'dx', 'pde_140-65', 't', 'x']
PDE data shape: (2048, 140, 65)
Time data shape: (2048, 140)
Spatial coordinates shape: (65,)
dx shape: (2048,)
dt shape: (2048,)
Final data shape: (1024, 140, 65)
Current Spatial Size: 65
Resizing from 65 to 256
Upsampling using FFT-based resize_1d function
Data shape after resizing: (1024, 140, 256)
Updated spatial coordinates shape: (256,)
x shape: torch.Size([142336, 1, 256])
y shape: torch.Size([142336, 1, 256])
spatial coordinates shape: (256,)
Loading from file: /data/user_data/rvk/ks/res_65/visc_1.0_L64.0_lmax3_et100.0_nte140_nt500/KS_valid.h5
Available data keys in 'valid': ['dt', 'dx', 'pde_140-65', 't', 'x']
PDE data shape: (256, 140, 65)
Time data shape: (256, 140)
Spatial coordinates shape: (65,)
dx shape: (256,)
dt shape: (256,)
Final data shape: (128, 140, 65)
Current Spatial Size: 65
Resizing from 65 to 256
Upsampling using FFT-based resize_1d function
Data shape after resizing: (128, 140, 256)
Updated spatial coordinates shape: (256,)
x shape: torch.Size([17792, 1, 256])
y shape: torch.Size([17792, 1, 256])
spatial coordinates shape: (256,)
Loading from file: /data/user_data/rvk/ks/res_65/visc_1.0_L64.0_lmax3_et100.0_nte140_nt500/KS_test.h5
Available data keys in 'test': ['dt', 'dx', 'pde_140-65', 't', 'x']
PDE data shape: (256, 140, 65)
Time data shape: (256, 140)
Spatial coordinates shape: (65,)
dx shape: (256,)
dt shape: (256,)
Final data shape: (128, 140, 65)
Current Spatial Size: 65
Resizing from 65 to 256
Upsampling using FFT-based resize_1d function
Data shape after resizing: (128, 140, 256)
Updated spatial coordinates shape: (256,)
x shape: torch.Size([17792, 1, 256])
y shape: torch.Size([17792, 1, 256])
spatial coordinates shape: (256,)
Train dataset size: 142336
Validation dataset size: 17792
Test dataset size: 17792
Collected 10 examples for resolution 256
Resolution 256 - Relative L2 Loss: 0.000321
Memory cleaned after resolution 256
Loading from file: /data/user_data/rvk/ks/res_65/visc_1.0_L64.0_lmax3_et100.0_nte140_nt500/KS_train_2048.h5
Available data keys in 'train': ['dt', 'dx', 'pde_140-65', 't', 'x']
PDE data shape: (2048, 140, 65)
Time data shape: (2048, 140)
Spatial coordinates shape: (65,)
dx shape: (2048,)
dt shape: (2048,)
Final data shape: (1024, 140, 65)
Current Spatial Size: 65
Resizing from 65 to 512
Upsampling using FFT-based resize_1d function
Data shape after resizing: (1024, 140, 512)
Updated spatial coordinates shape: (512,)
x shape: torch.Size([142336, 1, 512])
y shape: torch.Size([142336, 1, 512])
spatial coordinates shape: (512,)
Loading from file: /data/user_data/rvk/ks/res_65/visc_1.0_L64.0_lmax3_et100.0_nte140_nt500/KS_valid.h5
Available data keys in 'valid': ['dt', 'dx', 'pde_140-65', 't', 'x']
PDE data shape: (256, 140, 65)
Time data shape: (256, 140)
Spatial coordinates shape: (65,)
dx shape: (256,)
dt shape: (256,)
Final data shape: (128, 140, 65)
Current Spatial Size: 65
Resizing from 65 to 512
Upsampling using FFT-based resize_1d function
Data shape after resizing: (128, 140, 512)
Updated spatial coordinates shape: (512,)
x shape: torch.Size([17792, 1, 512])
y shape: torch.Size([17792, 1, 512])
spatial coordinates shape: (512,)
Loading from file: /data/user_data/rvk/ks/res_65/visc_1.0_L64.0_lmax3_et100.0_nte140_nt500/KS_test.h5
Available data keys in 'test': ['dt', 'dx', 'pde_140-65', 't', 'x']
PDE data shape: (256, 140, 65)
Time data shape: (256, 140)
Spatial coordinates shape: (65,)
dx shape: (256,)
dt shape: (256,)
Final data shape: (128, 140, 65)
Current Spatial Size: 65
Resizing from 65 to 512
Upsampling using FFT-based resize_1d function
Data shape after resizing: (128, 140, 512)
Updated spatial coordinates shape: (512,)
x shape: torch.Size([17792, 1, 512])
y shape: torch.Size([17792, 1, 512])
spatial coordinates shape: (512,)
Train dataset size: 142336
Validation dataset size: 17792
Test dataset size: 17792
Collected 10 examples for resolution 512
Resolution 512 - Relative L2 Loss: 0.000321
Memory cleaned after resolution 512
Creating prediction vs target plots...
Saved prediction plot: figures/5297436/prediction_plots/ks_predictions_vs_targets_10_examples.png
Saved numerical results: figures/5297436/ks_1d_evaluation_results_20250804_162229.csv
Saved summary: figures/5297436/ks_1d_evaluation_summary_20250804_162229.txt

==================================================
KS EVALUATION SUMMARY
==================================================
Resolution  32: 0.000212
Resolution  64: 0.000308
Resolution 128: 0.000320
Resolution 256: 0.000321
Resolution 512: 0.000321

Summary of Super-Resolution Evaluation:
Resolution factor 32: Relative L2 Loss = 0.000212
Resolution factor 64: Relative L2 Loss = 0.000308
Resolution factor 128: Relative L2 Loss = 0.000320
Resolution factor 256: Relative L2 Loss = 0.000321
Resolution factor 512: Relative L2 Loss = 0.000321

Evaluation plots saved to: figures/5297436
Wandb run: https://wandb.ai/rohanvk-carnegie-mellon-university/ffno1d/runs/o60fyeed
Job completed at Mon Aug  4 16:22:33 EDT 2025
