Job started on babel-15-28 at Tue Jun 10 11:31:02 EDT 2025
Job ID: 5049110
GPU information:
Tue Jun 10 11:31:02 2025       
+-----------------------------------------------------------------------------------------+
| NVIDIA-SMI 575.51.03              Driver Version: 575.51.03      CUDA Version: 12.9     |
|-----------------------------------------+------------------------+----------------------+
| GPU  Name                 Persistence-M | Bus-Id          Disp.A | Volatile Uncorr. ECC |
| Fan  Temp   Perf          Pwr:Usage/Cap |           Memory-Usage | GPU-Util  Compute M. |
|                                         |                        |               MIG M. |
|=========================================+========================+======================|
|   0  NVIDIA RTX A6000               On  |   00000000:02:00.0 Off |                  Off |
| 30%   28C    P8             16W /  300W |       1MiB /  49140MiB |      0%      Default |
|                                         |                        |                  N/A |
+-----------------------------------------+------------------------+----------------------+
|   1  NVIDIA RTX A6000               On  |   00000000:03:00.0 Off |                  Off |
| 30%   25C    P8              7W /  300W |       1MiB /  49140MiB |      0%      Default |
|                                         |                        |                  N/A |
+-----------------------------------------+------------------------+----------------------+
                                                                                         
+-----------------------------------------------------------------------------------------+
| Processes:                                                                              |
|  GPU   GI   CI              PID   Type   Process name                        GPU Memory |
|        ID   ID                                                               Usage      |
|=========================================================================================|
|  No running processes found                                                             |
+-----------------------------------------------------------------------------------------+
CUDA devices:
CUDA_VISIBLE_DEVICES: 0,1
Using device: cuda
[2025-06-10 11:31:09,129][root][INFO] - model:
  _target_: models.ffno.FFNO1D
  in_channels: 1
  out_channels: 1
  width: 32
  n_modes: 16
  factor: 4
  n_layers: 4
  ff_weight_norm: true
  n_ff_layers: 2
  layer_norm: false
  grid: null
  dropout: 0.0
  mode: full
dataset:
  reduced_batch: 4
  reduced_resolution: 1
  reduced_resolution_t: 1
  window_size: 15
  original_res: 1024
  multi_res:
  - 1
  - 32
  train_mres: true
  pde: burger_0.001
  data_path1: data/pdebench/1D_Burgers_Sols_Nu0.001.hdf5
training:
  batch_size: 32
  epochs: 150
  learning_rate: 0.001
  use_normalizer: false
project_name: ${dataset.pde}_${hydra:runtime.choices.model}
checkpoint_dir: checkpoints

Project name: burger_0.001_ffno_1d/ffno_1d
Model name: models.ffno.FFNO1D
PDE Dataset: burger_0.001
Loading from file: /home/rvk/data/pdebench/1D_Burgers_Sols_Nu0.001.hdf5
(10000, 201, 1024)
Total data shape: (2500, 201, 1024)
x shape: (497500, 1, 1024)
y shape: (497500, 1, 1024)
grid shape: torch.Size([1024, 1])
---------Using data normalizer---------------
Train dataset size: 398000
Validation dataset size: 49750
Test dataset size: 49750
<class 'torch.Tensor'> -0.2721838355064392 -0.272626131772995 0.9392111301422119 0.9391363859176636
Sample Input shape: torch.Size([32, 1, 1024])
Sample Output shape: torch.Size([32, 1, 1024])
FFNO1D(
  (in_proj): WNLinear(in_features=2, out_features=32, bias=True)
  (fourier_layers): ModuleList(
    (0-3): 4 x FSpectralConv1d(
      (fourier_weight): ParameterList(  (0): Parameter containing: [torch.float32 of size 32x32x16x2 (cuda:0)])
      (backcast_ff): FeedForward(
        (layers): ModuleList(
          (0): Sequential(
            (0): Linear(in_features=32, out_features=128, bias=True)
            (1): Dropout(p=0.0, inplace=False)
            (2): GELU(approximate='none')
            (3): Identity()
          )
          (1): Sequential(
            (0): Linear(in_features=128, out_features=32, bias=True)
            (1): Dropout(p=0.0, inplace=False)
            (2): Identity()
            (3): Identity()
          )
        )
      )
      (act): Identity()
    )
  )
  (out_proj): WNLinear(in_features=32, out_features=1, bias=True)
)
Epoch 0, Train Loss: 0.03163979, Val Loss: 0.02407641
Epoch 10, Train Loss: 0.01392718, Val Loss: 0.01269696
Epoch 20, Train Loss: 0.01298081, Val Loss: 0.01633702
Epoch 30, Train Loss: 0.01198647, Val Loss: 0.01187666
Epoch 40, Train Loss: 0.01159440, Val Loss: 0.01101225
Epoch 50, Train Loss: 0.01086636, Val Loss: 0.01152229
Epoch 60, Train Loss: 0.01042751, Val Loss: 0.01290449
Epoch 70, Train Loss: 0.00980530, Val Loss: 0.01011350
Epoch 80, Train Loss: 0.00926340, Val Loss: 0.00952262
Epoch 90, Train Loss: 0.00867202, Val Loss: 0.00864946
Epoch 100, Train Loss: 0.00818961, Val Loss: 0.00841605
Epoch 110, Train Loss: 0.00768558, Val Loss: 0.00801167
Epoch 120, Train Loss: 0.00717428, Val Loss: 0.00746814
Epoch 130, Train Loss: 0.00683380, Val Loss: 0.00746616
Epoch 140, Train Loss: 0.00674989, Val Loss: 0.00713193
Test L2 Loss: 0.002884
-----Visualizing Saved------
Figure saved to output_logs/predictions/burger_0.001_fno_5049110_predictions.png
Model saved to checkpoints/ffno1d/burger_0.001_5049110.pt
Original test data shape: x=torch.Size([49750, 1, 1024]), y=torch.Size([49750, 1, 1024])

Evaluating at resolution factor: 1
Resolution factor 1 - Relative L2 Loss: 0.016659

Evaluating at resolution factor: 2
Downsampled shapes: x=torch.Size([49750, 1, 512]), y=torch.Size([49750, 1, 512])
Resolution factor 2 - Relative L2 Loss: 0.003602

Evaluating at resolution factor: 4
Downsampled shapes: x=torch.Size([49750, 1, 256]), y=torch.Size([49750, 1, 256])
Resolution factor 4 - Relative L2 Loss: 0.004814

Evaluating at resolution factor: 8
Downsampled shapes: x=torch.Size([49750, 1, 128]), y=torch.Size([49750, 1, 128])
Resolution factor 8 - Relative L2 Loss: 0.011692

Evaluating at resolution factor: 16
Downsampled shapes: x=torch.Size([49750, 1, 64]), y=torch.Size([49750, 1, 64])
Resolution factor 16 - Relative L2 Loss: 0.027940

Evaluating at resolution factor: 32
Downsampled shapes: x=torch.Size([49750, 1, 32]), y=torch.Size([49750, 1, 32])
Resolution factor 32 - Relative L2 Loss: 0.016627
Loading from file: /home/rvk/data/pdebench/1D_Burgers_Sols_Nu0.001.hdf5
(10000, 201, 1024)
Total data shape: (2500, 201, 1024)
x shape: (497500, 1, 1024)
y shape: (497500, 1, 1024)
grid shape: torch.Size([1024, 1])
---------Using data normalizer---------------
Train dataset size: 398000
Validation dataset size: 49750
Test dataset size: 49750
Original test data shape: x=torch.Size([49750, 1, 1024]), y=torch.Size([49750, 1, 1024])
Testing resolutions: []

Summary of Super-Resolution Evaluation:
Resolution factor 1: Relative L2 Loss = 0.016659
Resolution factor 2: Relative L2 Loss = 0.003602
Resolution factor 4: Relative L2 Loss = 0.004814
Resolution factor 8: Relative L2 Loss = 0.011692
Resolution factor 16: Relative L2 Loss = 0.027940
Resolution factor 32: Relative L2 Loss = 0.016627

Summary of Higher-Resolution Evaluation:
[1;34mwandb[0m: 
[1;34mwandb[0m: 🚀 View run [33mstellar-shadow-94[0m at: [34mhttps://wandb.ai/rohanvk-carnegie-mellon-university/ffno1d/runs/suyj96ew[0m
[1;34mwandb[0m: Find logs at: [1;35mwandb/run-20250610_113137-suyj96ew/logs[0m
Job completed at Tue Jun 10 17:38:37 EDT 2025
