Job started on babel-3-21 at Wed Apr 23 17:13:01 EDT 2025
Job ID: 4630444
Using device: cuda
[2025-04-23 17:13:04,476][root][INFO] - model:
  _target_: models.s4_1d.S4Model
  d_input: 15
  d_output: 1
  d_model: 64
  n_layers: 4
  dropout: 0.2
  prenorm: false
dataset:
  reduced_batch: 4
  reduced_resolution: 32
  reduced_resolution_t: 1
  window_size: 15
  original_res: 1024
  pde: burger_4.0
  data_path1: data/pdebench/1D_Burgers_Sols_Nu4.0.hdf5
training:
  batch_size: 64
  epochs: 100
  learning_rate: 0.001
  use_normalizer: false
project_name: ${dataset.pde}_${hydra:runtime.choices.model}
checkpoint_dir: checkpoints

Project name: burger_4.0_s4_1d/s4_1d
Model name: models.s4_1d.S4Model
PDE Dataset: burger_4.0
Loading from file: /home/rvk/data/pdebench/1D_Burgers_Sols_Nu4.0.hdf5
(10000, 201, 1024)
Total data shape: (2500, 201, 32)
x shape: (465000, 15, 32)
y shape: (465000, 1, 32)
grid shape: torch.Size([32, 1])
---------Using data normalizer---------------
Train dataset size: 372000
Validation dataset size: 46500
Test dataset size: 46500
<class 'torch.Tensor'> -0.057403627783060074 -0.057414207607507706 0.8593512773513794 0.8597075939178467
Sample Input shape: torch.Size([64, 15, 32])
Sample Output shape: torch.Size([64, 1, 32])
[2025-04-23 17:13:25,119][models.s4][WARNING] - CUDA extension for structured kernels (Cauchy and Vandermonde multiplication) not found. Install by going to extensions/kernels/ and running `python setup.py install`, for improved speed and memory efficiency. Note that the kernel changed for state-spaces 4.0 and must be recompiled.
[2025-04-23 17:13:25,120][models.s4][WARNING] - Falling back on slow Cauchy and Vandermonde kernel. Install at least one of pykeops or the CUDA extension for better speed and memory efficiency.
[2025-04-23 17:13:25,264][models.s4][INFO] - Constructing S4 (H, N, L) = (64, 32, None)
[2025-04-23 17:13:25,440][models.s4][INFO] - Constructing S4 (H, N, L) = (64, 32, None)
[2025-04-23 17:13:25,627][models.s4][INFO] - Constructing S4 (H, N, L) = (64, 32, None)
[2025-04-23 17:13:25,837][models.s4][INFO] - Constructing S4 (H, N, L) = (64, 32, None)
S4Model(
  (encoder): Linear(in_features=16, out_features=64, bias=True)
  (s4_layers): ModuleList(
    (0-3): 4 x S4Block(
      (layer): FFTConv(
        (activation): GELU(approximate='none')
        (kernel): SSMKernelDPLR()
        (drop): Dropout(p=0.2, inplace=False)
        (drop_kernel): Identity()
      )
      (mult_activation): Identity()
      (drop): Dropout(p=0.2, inplace=False)
      (output_linear): Sequential(
        (0): Linear(in_features=64, out_features=128, bias=True)
        (1): GLU(dim=-1)
      )
      (residual_layer): ZeroLayer()
    )
  )
  (norms): ModuleList(
    (0-3): 4 x LayerNorm((64,), eps=1e-05, elementwise_affine=True)
  )
  (dropouts): ModuleList(
    (0-3): 4 x Dropout(p=0.2, inplace=False)
  )
  (decoder): Linear(in_features=64, out_features=1, bias=True)
)
[2025-04-23 17:13:33,876][models.s4][INFO] - S4: Initializing kernel to length 32
[2025-04-23 17:13:33,983][models.s4][INFO] - S4: Initializing kernel to length 32
[2025-04-23 17:13:33,988][models.s4][INFO] - S4: Initializing kernel to length 32
[2025-04-23 17:13:33,993][models.s4][INFO] - S4: Initializing kernel to length 32
Epoch 0, Train Loss: 0.04229555, Val Loss: 0.02487793
Epoch 10, Train Loss: 0.00590936, Val Loss: 0.00314327
Epoch 20, Train Loss: 0.00471316, Val Loss: 0.00286548
Epoch 30, Train Loss: 0.00406621, Val Loss: 0.00124576
Epoch 40, Train Loss: 0.00336430, Val Loss: 0.01129237
Epoch 50, Train Loss: 0.00264846, Val Loss: 0.00291663
Epoch 60, Train Loss: 0.00179792, Val Loss: 0.00056608
Epoch 70, Train Loss: 0.00109435, Val Loss: 0.00294035
Epoch 80, Train Loss: 0.00054016, Val Loss: 0.00117970
Epoch 90, Train Loss: 0.00020195, Val Loss: 0.00041578
Test L2 Loss: 0.000053
-----Visualizing Saved------
Figure saved to output_logs/predictions/burger_4.0_fno_4630444_predictions.png
Model saved to checkpoints/s4model/burger_4.0_4630444.pt
Original test data shape: x=torch.Size([46500, 15, 32]), y=torch.Size([46500, 1, 32])

Evaluating at resolution factor: 1
Resolution factor 1 - Relative L2 Loss: 0.000053

Evaluating at resolution factor: 2
Downsampled shapes: x=torch.Size([46500, 15, 16]), y=torch.Size([46500, 1, 16])
Resolution factor 2 - Relative L2 Loss: 0.000190

Evaluating at resolution factor: 4
Downsampled shapes: x=torch.Size([46500, 15, 8]), y=torch.Size([46500, 1, 8])
Resolution factor 4 - Relative L2 Loss: 0.000190

Evaluating at resolution factor: 8
Downsampled shapes: x=torch.Size([46500, 15, 4]), y=torch.Size([46500, 1, 4])
Resolution factor 8 - Relative L2 Loss: 0.000165

Evaluating at resolution factor: 16
Downsampled shapes: x=torch.Size([46500, 15, 2]), y=torch.Size([46500, 1, 2])
Resolution factor 16 - Relative L2 Loss: 0.000160

Evaluating at resolution factor: 32
Downsampled shapes: x=torch.Size([46500, 15, 1]), y=torch.Size([46500, 1, 1])
Resolution factor 32 - Relative L2 Loss: 0.000160
Loading from file: /home/rvk/data/pdebench/1D_Burgers_Sols_Nu4.0.hdf5
(10000, 201, 1024)
Total data shape: (2500, 201, 1024)
x shape: (465000, 15, 1024)
y shape: (465000, 1, 1024)
grid shape: torch.Size([1024, 1])
---------Using data normalizer---------------
Train dataset size: 372000
Validation dataset size: 46500
Test dataset size: 46500
Original test data shape: x=torch.Size([46500, 15, 1024]), y=torch.Size([46500, 1, 1024])
Testing resolutions: [64, 128, 256, 512, 1024]

Evaluating at resolution: 64
Downsampled shapes: x=torch.Size([46500, 15, 64]), y=torch.Size([46500, 1, 64])
[2025-04-23 20:12:14,559][models.s4][INFO] - S4: Doubling length from L = 32 to 64
[2025-04-23 20:12:14,572][models.s4][INFO] - S4: Doubling length from L = 32 to 64
[2025-04-23 20:12:14,575][models.s4][INFO] - S4: Doubling length from L = 32 to 64
[2025-04-23 20:12:14,579][models.s4][INFO] - S4: Doubling length from L = 32 to 64
Resolution 64 - Relative L2 Loss: 0.000234

Evaluating at resolution: 128
Downsampled shapes: x=torch.Size([46500, 15, 128]), y=torch.Size([46500, 1, 128])
[2025-04-23 20:12:19,059][models.s4][INFO] - S4: Doubling length from L = 64 to 128
[2025-04-23 20:12:19,068][models.s4][INFO] - S4: Doubling length from L = 64 to 128
[2025-04-23 20:12:19,072][models.s4][INFO] - S4: Doubling length from L = 64 to 128
[2025-04-23 20:12:19,075][models.s4][INFO] - S4: Doubling length from L = 64 to 128
Resolution 128 - Relative L2 Loss: 0.000190

Evaluating at resolution: 256
Downsampled shapes: x=torch.Size([46500, 15, 256]), y=torch.Size([46500, 1, 256])
[2025-04-23 20:12:24,362][models.s4][INFO] - S4: Doubling length from L = 128 to 256
[2025-04-23 20:12:24,371][models.s4][INFO] - S4: Doubling length from L = 128 to 256
[2025-04-23 20:12:24,375][models.s4][INFO] - S4: Doubling length from L = 128 to 256
[2025-04-23 20:12:24,378][models.s4][INFO] - S4: Doubling length from L = 128 to 256
Resolution 256 - Relative L2 Loss: 0.000190

Evaluating at resolution: 512
Downsampled shapes: x=torch.Size([46500, 15, 512]), y=torch.Size([46500, 1, 512])
[2025-04-23 20:12:30,264][models.s4][INFO] - S4: Doubling length from L = 256 to 512
[2025-04-23 20:12:30,273][models.s4][INFO] - S4: Doubling length from L = 256 to 512
[2025-04-23 20:12:30,277][models.s4][INFO] - S4: Doubling length from L = 256 to 512
[2025-04-23 20:12:30,281][models.s4][INFO] - S4: Doubling length from L = 256 to 512
Resolution 512 - Relative L2 Loss: 0.000186

Evaluating at resolution: 1024
Downsampled shapes: x=torch.Size([46500, 15, 1024]), y=torch.Size([46500, 1, 1024])
[2025-04-23 20:12:38,774][models.s4][INFO] - S4: Doubling length from L = 512 to 1024
[2025-04-23 20:12:38,794][models.s4][INFO] - S4: Doubling length from L = 512 to 1024
[2025-04-23 20:12:38,800][models.s4][INFO] - S4: Doubling length from L = 512 to 1024
[2025-04-23 20:12:38,805][models.s4][INFO] - S4: Doubling length from L = 512 to 1024
Resolution 1024 - Relative L2 Loss: 0.000188

Summary of Super-Resolution Evaluation:
Resolution factor 1: Relative L2 Loss = 0.000053
Resolution factor 2: Relative L2 Loss = 0.000190
Resolution factor 4: Relative L2 Loss = 0.000190
Resolution factor 8: Relative L2 Loss = 0.000165
Resolution factor 16: Relative L2 Loss = 0.000160
Resolution factor 32: Relative L2 Loss = 0.000160

Summary of Higher-Resolution Evaluation:
Resolution 64: Relative L2 Loss = 0.000234
Resolution 128: Relative L2 Loss = 0.000190
Resolution 256: Relative L2 Loss = 0.000190
Resolution 512: Relative L2 Loss = 0.000186
Resolution 1024: Relative L2 Loss = 0.000188
Job completed at Wed Apr 23 20:12:58 EDT 2025
