Job started on babel-3-17 at Tue Aug 26 00:50:08 EDT 2025
Job ID: 5395876
GPU information:
Tue Aug 26 00:50:08 2025       
+-----------------------------------------------------------------------------------------+
| NVIDIA-SMI 575.51.03              Driver Version: 575.51.03      CUDA Version: 12.9     |
|-----------------------------------------+------------------------+----------------------+
| GPU  Name                 Persistence-M | Bus-Id          Disp.A | Volatile Uncorr. ECC |
| Fan  Temp   Perf          Pwr:Usage/Cap |           Memory-Usage | GPU-Util  Compute M. |
|                                         |                        |               MIG M. |
|=========================================+========================+======================|
|   0  NVIDIA L40S                    On  |   00000000:D2:00.0 Off |                    0 |
| N/A   27C    P8             32W /  350W |       0MiB /  46068MiB |      0%      Default |
|                                         |                        |                  N/A |
+-----------------------------------------+------------------------+----------------------+
|   1  NVIDIA L40S                    On  |   00000000:D5:00.0 Off |                    0 |
| N/A   29C    P8             32W /  350W |       0MiB /  46068MiB |      0%      Default |
|                                         |                        |                  N/A |
+-----------------------------------------+------------------------+----------------------+
                                                                                         
+-----------------------------------------------------------------------------------------+
| Processes:                                                                              |
|  GPU   GI   CI              PID   Type   Process name                        GPU Memory |
|        ID   ID                                                               Usage      |
|=========================================================================================|
|  No running processes found                                                             |
+-----------------------------------------------------------------------------------------+
CUDA devices:
CUDA_VISIBLE_DEVICES: 0,1
/home/rvk
Using device: cuda
[2025-08-26 00:50:15,818][root][INFO] - model:
  _target_: models.ffno.FFNO1D
  in_channels: 1
  out_channels: 1
  factor: 4
  n_modes: 16
  width: 128
  n_layers: 4
  ff_weight_norm: true
  n_ff_layers: 3
  layer_norm: true
  dropout: 0.1
  mode: full
  activation: gelu
  use_grid: true
dataset:
  dataset_params:
    _target_: dataloaders.burger_naive_true_multires.burger_true_multires_markov_dataset
    filename_pattern: 1D_Burgers_Sols_Nu*.hdf5
    saved_folder: /data/user_data/rvk/pdebench_gen/
    viscosity: 0.001
    reduced_batch: 1
    reduced_resolution_t: 1
    data_mres_size:
      1024: 50
      512: 50
      256: 50
      128: 625
    add_res:
    - 32
    - 64
    add_res_samples:
      64: 50
      32: 50
    data_normalizer: true
    normalization_type: simple
    num_samples_max: -1
    eval_dataset_target: dataloaders.burger_naive_markov.burger_markov_dataset
    eval_filename: 1D_Burgers_Sols_Nu0.001.hdf5
    eval_saved_folder: /data/user_data/rvk/pdebench_gen/burgers_1024_0.001/
  resize_to_train: false
  evaluation_type: naive_downsample
  window_size: 15
  original_res: 1024
  max_test_resolution: 1024
  train_mres: true
  pde: burger
training:
  batch_size: 64
  epochs: 100
  learning_rate: 0.001
  use_normalizer: false
project_name: ${dataset.pde}_${hydra:runtime.choices.model}
checkpoint_dir: checkpoints

Project name: burger_ffno_1d/ffno_1d
Model name: models.ffno.FFNO1D
PDE Dataset: burger
This is True Multi-Resolution Training. Train Resolution is the highest data resolution in the multi-resolution data
---------------------
Creating true multi-resolution dataset from /data/user_data/rvk/pdebench_gen/
Viscosity: 0.001
Target samples per resolution (from files): {1024: 50, 512: 50, 256: 50, 128: 625}
Additional downsampled resolutions: [32, 64]
Target samples per downsampled resolution: {64: 50, 32: 50}
Loading multi-resolution data from /data/user_data/rvk/pdebench_gen/
Viscosity: 0.001
Target samples per resolution (from files): {1024: 50, 512: 50, 256: 50, 128: 625}
Additional downsampled resolutions: [32, 64]
Target samples per downsampled resolution: {64: 50, 32: 50}
Loading resolution 1024 from /data/user_data/rvk/pdebench_gen/burgers_1024_0.001/1D_Burgers_Sols_Nu0.001.hdf5
  Original data shape for 1024: (10000, 201, 1024)
  After time reduction: (10000, 201, 1024)
  Selected 40 samples for train split
  Added 7960 sample pairs from resolution 1024
Loading resolution 512 from /data/user_data/rvk/pdebench_gen/burgers_512_0.001/1D_Burgers_Sols_Nu0.001.hdf5
  Original data shape for 512: (10000, 201, 512)
  After time reduction: (10000, 201, 512)
  Selected 40 samples for train split
  Added 7960 sample pairs from resolution 512
Loading resolution 256 from /data/user_data/rvk/pdebench_gen/burgers_256_0.001/1D_Burgers_Sols_Nu0.001.hdf5
  Original data shape for 256: (10000, 201, 256)
  After time reduction: (10000, 201, 256)
  Selected 40 samples for train split
  Added 7960 sample pairs from resolution 256
Loading resolution 128 from /data/user_data/rvk/pdebench_gen/burgers_128_0.001/1D_Burgers_Sols_Nu0.001.hdf5
  Original data shape for 128: (10000, 201, 128)
  After time reduction: (10000, 201, 128)
  Selected 500 samples for train split
  Added 99500 sample pairs from resolution 128
Adding downsampled resolutions: [32, 64]
Adding downsampled data from /data/user_data/rvk/pdebench_gen/burgers_1024_0.001/1D_Burgers_Sols_Nu0.001.hdf5
  Added 7960 downsampled samples at resolution 32
  Added 7960 downsampled samples at resolution 64
Total samples loaded: 139300
Resolution distribution:
  1024_file: 7960 samples
  128_file: 99500 samples
  256_file: 7960 samples
  32_downsampled: 7960 samples
  512_file: 7960 samples
  64_downsampled: 7960 samples
Sample x shapes: [(1, 1024), (1, 1024), (1, 1024)]
Sample y shapes: [(1, 1024), (1, 1024), (1, 1024)]
Loading multi-resolution data from /data/user_data/rvk/pdebench_gen/
Viscosity: 0.001
Target samples per resolution (from files): {1024: 50, 512: 50, 256: 50, 128: 625}
Additional downsampled resolutions: [32, 64]
Target samples per downsampled resolution: {64: 50, 32: 50}
Loading resolution 1024 from /data/user_data/rvk/pdebench_gen/burgers_1024_0.001/1D_Burgers_Sols_Nu0.001.hdf5
  Original data shape for 1024: (10000, 201, 1024)
  After time reduction: (10000, 201, 1024)
  Selected 5 samples for val split
  Added 995 sample pairs from resolution 1024
Loading resolution 512 from /data/user_data/rvk/pdebench_gen/burgers_512_0.001/1D_Burgers_Sols_Nu0.001.hdf5
  Original data shape for 512: (10000, 201, 512)
  After time reduction: (10000, 201, 512)
  Selected 5 samples for val split
  Added 995 sample pairs from resolution 512
Loading resolution 256 from /data/user_data/rvk/pdebench_gen/burgers_256_0.001/1D_Burgers_Sols_Nu0.001.hdf5
  Original data shape for 256: (10000, 201, 256)
  After time reduction: (10000, 201, 256)
  Selected 5 samples for val split
  Added 995 sample pairs from resolution 256
Loading resolution 128 from /data/user_data/rvk/pdebench_gen/burgers_128_0.001/1D_Burgers_Sols_Nu0.001.hdf5
  Original data shape for 128: (10000, 201, 128)
  After time reduction: (10000, 201, 128)
  Selected 62 samples for val split
  Added 12338 sample pairs from resolution 128
Adding downsampled resolutions: [32, 64]
Adding downsampled data from /data/user_data/rvk/pdebench_gen/burgers_1024_0.001/1D_Burgers_Sols_Nu0.001.hdf5
  Added 995 downsampled samples at resolution 32
  Added 995 downsampled samples at resolution 64
Total samples loaded: 17313
Resolution distribution:
  1024_file: 995 samples
  128_file: 12338 samples
  256_file: 995 samples
  32_downsampled: 995 samples
  512_file: 995 samples
  64_downsampled: 995 samples
Sample x shapes: [(1, 1024), (1, 1024), (1, 1024)]
Sample y shapes: [(1, 1024), (1, 1024), (1, 1024)]
Loading multi-resolution data from /data/user_data/rvk/pdebench_gen/
Viscosity: 0.001
Target samples per resolution (from files): {1024: 50, 512: 50, 256: 50, 128: 625}
Additional downsampled resolutions: [32, 64]
Target samples per downsampled resolution: {64: 50, 32: 50}
Loading resolution 1024 from /data/user_data/rvk/pdebench_gen/burgers_1024_0.001/1D_Burgers_Sols_Nu0.001.hdf5
  Original data shape for 1024: (10000, 201, 1024)
  After time reduction: (10000, 201, 1024)
  Selected 5 samples for test split
  Added 995 sample pairs from resolution 1024
Loading resolution 512 from /data/user_data/rvk/pdebench_gen/burgers_512_0.001/1D_Burgers_Sols_Nu0.001.hdf5
  Original data shape for 512: (10000, 201, 512)
  After time reduction: (10000, 201, 512)
  Selected 5 samples for test split
  Added 995 sample pairs from resolution 512
Loading resolution 256 from /data/user_data/rvk/pdebench_gen/burgers_256_0.001/1D_Burgers_Sols_Nu0.001.hdf5
  Original data shape for 256: (10000, 201, 256)
  After time reduction: (10000, 201, 256)
  Selected 5 samples for test split
  Added 995 sample pairs from resolution 256
Loading resolution 128 from /data/user_data/rvk/pdebench_gen/burgers_128_0.001/1D_Burgers_Sols_Nu0.001.hdf5
  Original data shape for 128: (10000, 201, 128)
  After time reduction: (10000, 201, 128)
  Selected 62 samples for test split
  Added 12338 sample pairs from resolution 128
Adding downsampled resolutions: [32, 64]
Adding downsampled data from /data/user_data/rvk/pdebench_gen/burgers_1024_0.001/1D_Burgers_Sols_Nu0.001.hdf5
  Added 995 downsampled samples at resolution 32
  Added 995 downsampled samples at resolution 64
Total samples loaded: 17313
Resolution distribution:
  1024_file: 995 samples
  128_file: 12338 samples
  256_file: 995 samples
  32_downsampled: 995 samples
  512_file: 995 samples
  64_downsampled: 995 samples
Sample x shapes: [(1, 1024), (1, 1024), (1, 1024)]
Sample y shapes: [(1, 1024), (1, 1024), (1, 1024)]
---------Using simple global normalization---------------
Global statistics: X(mean=-0.003235, std=0.672280), Y(mean=-0.003235, std=0.671349)

Final dataset sizes:
Train dataset size: 139300
Validation dataset size: 17313
Test dataset size: 17313
<dataloaders.burger_naive_true_multires.burger_true_multires_markov_dataset.<locals>.SimpleNormalizedDataset object at 0x14ba85d87ed0>
Created resolution groups:
  Resolution 1024: 7960 samples
  Resolution 512: 7960 samples
  Resolution 256: 7960 samples
  Resolution 128: 99500 samples
  Resolution 32: 7960 samples
  Resolution 64: 7960 samples
Created resolution groups:
  Resolution 1024: 995 samples
  Resolution 512: 995 samples
  Resolution 256: 995 samples
  Resolution 128: 12338 samples
  Resolution 32: 995 samples
  Resolution 64: 995 samples
Created resolution groups:
  Resolution 1024: 995 samples
  Resolution 512: 995 samples
  Resolution 256: 995 samples
  Resolution 128: 12338 samples
  Resolution 32: 995 samples
  Resolution 64: 995 samples
<class 'torch.Tensor'> -0.14146743714809418 -0.14166361093521118 1.131419062614441 1.1316574811935425
FFNO1D(
  (in_proj): WNLinear(in_features=1, out_features=128, bias=True)
  (fourier_layers): ModuleList(
    (0-3): 4 x FSpectralConv1d(
      (fourier_weight): ParameterList(  (0): Parameter containing: [torch.float32 of size 128x128x16x2 (cuda:0)])
      (backcast_ff): FeedForward(
        (layers): ModuleList(
          (0): Sequential(
            (0): Linear(in_features=128, out_features=512, bias=True)
            (1): Dropout(p=0.1, inplace=False)
            (2): GELU(approximate='none')
            (3): Identity()
          )
          (1): Sequential(
            (0): Linear(in_features=512, out_features=512, bias=True)
            (1): Dropout(p=0.1, inplace=False)
            (2): GELU(approximate='none')
            (3): Identity()
          )
          (2): Sequential(
            (0): Linear(in_features=512, out_features=128, bias=True)
            (1): Dropout(p=0.1, inplace=False)
            (2): Identity()
            (3): LayerNorm((128,), eps=1e-05, elementwise_affine=True)
          )
        )
      )
    )
  )
  (out_proj): WNLinear(in_features=128, out_features=1, bias=True)
)
Total Model Parameters: 3.68M
Trainable Parameters: 3.68M
Epoch 0, Train Loss: 0.07710437, Val Loss: 0.01508584
Epoch 10, Train Loss: 0.00913946, Val Loss: 0.00934148
Epoch 20, Train Loss: 0.00667466, Val Loss: 0.00727387
Epoch 30, Train Loss: 0.00573635, Val Loss: 0.00702707
Epoch 40, Train Loss: 0.00504458, Val Loss: 0.00600538
Epoch 50, Train Loss: 0.00447904, Val Loss: 0.00579678
Epoch 60, Train Loss: 0.00403694, Val Loss: 0.00527093
Epoch 70, Train Loss: 0.00369449, Val Loss: 0.00533225
Epoch 80, Train Loss: 0.00337098, Val Loss: 0.00498354
Epoch 90, Train Loss: 0.00321640, Val Loss: 0.00495670
Test L2 Loss: 0.004961
Model saved to checkpoints/ffno1d/burger_5395876.pt
Created/verified figures directory: figures/5395876
Evaluating BURGER model at multiple resolutions
Using normalizer from training resolution 1024
Testing resolutions: [32, 64, 128, 256, 512, 1024]
Loading from file: /data/user_data/rvk/pdebench_gen/burgers_1024_0.001/1D_Burgers_Sols_Nu0.001.hdf5
(10000, 201, 1024)
After downsampling data shape: (10000, 201, 32)
Total data shape: (10000, 201, 32)
x shape: (1990000, 1, 32)
y shape: (1990000, 1, 32)
grid shape: torch.Size([32, 1])
Train dataset size: 1592000
Validation dataset size: 199000
Test dataset size: 199000
Selected random indices for plotting: [8621, 75059, 139610, 157310, 132343, 116943, 69249, 44039, 99459, 101481]
Collected 10 examples for resolution 32
Resolution 32 (downsample factor: 32) - Relative L2 Loss: 0.020381
Memory cleaned after resolution 32


Loading from file: /data/user_data/rvk/pdebench_gen/burgers_1024_0.001/1D_Burgers_Sols_Nu0.001.hdf5
(10000, 201, 1024)
After downsampling data shape: (10000, 201, 64)
Total data shape: (10000, 201, 64)
x shape: (1990000, 1, 64)
y shape: (1990000, 1, 64)
grid shape: torch.Size([64, 1])
Train dataset size: 1592000
Validation dataset size: 199000
Test dataset size: 199000
Collected 10 examples for resolution 64
Resolution 64 (downsample factor: 16) - Relative L2 Loss: 0.013690
Memory cleaned after resolution 64


Loading from file: /data/user_data/rvk/pdebench_gen/burgers_1024_0.001/1D_Burgers_Sols_Nu0.001.hdf5
(10000, 201, 1024)
After downsampling data shape: (10000, 201, 128)
Total data shape: (10000, 201, 128)
x shape: (1990000, 1, 128)
y shape: (1990000, 1, 128)
grid shape: torch.Size([128, 1])
Train dataset size: 1592000
Validation dataset size: 199000
Test dataset size: 199000
Collected 10 examples for resolution 128
Resolution 128 (downsample factor: 8) - Relative L2 Loss: 0.022520
Memory cleaned after resolution 128


Loading from file: /data/user_data/rvk/pdebench_gen/burgers_1024_0.001/1D_Burgers_Sols_Nu0.001.hdf5
(10000, 201, 1024)
After downsampling data shape: (10000, 201, 256)
Total data shape: (10000, 201, 256)
x shape: (1990000, 1, 256)
y shape: (1990000, 1, 256)
grid shape: torch.Size([256, 1])
Train dataset size: 1592000
Validation dataset size: 199000
Test dataset size: 199000
Collected 10 examples for resolution 256
Resolution 256 (downsample factor: 4) - Relative L2 Loss: 0.010171
Memory cleaned after resolution 256


Loading from file: /data/user_data/rvk/pdebench_gen/burgers_1024_0.001/1D_Burgers_Sols_Nu0.001.hdf5
(10000, 201, 1024)
After downsampling data shape: (10000, 201, 512)
Total data shape: (10000, 201, 512)
x shape: (1990000, 1, 512)
y shape: (1990000, 1, 512)
grid shape: torch.Size([512, 1])
Train dataset size: 1592000
Validation dataset size: 199000
Test dataset size: 199000
Collected 10 examples for resolution 512
Resolution 512 (downsample factor: 2) - Relative L2 Loss: 0.007183
Memory cleaned after resolution 512


Loading from file: /data/user_data/rvk/pdebench_gen/burgers_1024_0.001/1D_Burgers_Sols_Nu0.001.hdf5
(10000, 201, 1024)
After downsampling data shape: (10000, 201, 1024)
Total data shape: (10000, 201, 1024)
x shape: (1990000, 1, 1024)
y shape: (1990000, 1, 1024)
grid shape: torch.Size([1024, 1])
Train dataset size: 1592000
Validation dataset size: 199000
Test dataset size: 199000
Collected 10 examples for resolution 1024
Resolution 1024 (downsample factor: 1) - Relative L2 Loss: 0.008029
Memory cleaned after resolution 1024


Creating prediction vs target plots...
Saved prediction plot: figures/5395876/prediction_plots/burger_predictions_vs_targets_10_examples.png
Saved numerical results: figures/5395876/burger_1d_evaluation_results_20250826_013401.csv
Saved summary: figures/5395876/burger_1d_evaluation_summary_20250826_013401.txt

==================================================
BURGER EVALUATION SUMMARY
==================================================
Resolution  32: 0.020381
Resolution  64: 0.013690
Resolution 128: 0.022520
Resolution 256: 0.010171
Resolution 512: 0.007183
Resolution 1024: 0.008029

Summary of Super-Resolution Evaluation:
Resolution factor 32: Relative L2 Loss = 0.020381
Resolution factor 64: Relative L2 Loss = 0.013690
Resolution factor 128: Relative L2 Loss = 0.022520
Resolution factor 256: Relative L2 Loss = 0.010171
Resolution factor 512: Relative L2 Loss = 0.007183
Resolution factor 1024: Relative L2 Loss = 0.008029

Evaluation plots saved to: figures/5395876
Wandb run: https://wandb.ai/rohanvk-carnegie-mellon-university/ffno1d/runs/9065czc6
Job completed at Tue Aug 26 01:34:07 EDT 2025
