Job started on babel-3-9 at Tue Jul  1 00:39:28 EDT 2025
Job ID: 5177328
GPU information:
Tue Jul  1 00:39:28 2025       
+-----------------------------------------------------------------------------------------+
| NVIDIA-SMI 575.51.03              Driver Version: 575.51.03      CUDA Version: 12.9     |
|-----------------------------------------+------------------------+----------------------+
| GPU  Name                 Persistence-M | Bus-Id          Disp.A | Volatile Uncorr. ECC |
| Fan  Temp   Perf          Pwr:Usage/Cap |           Memory-Usage | GPU-Util  Compute M. |
|                                         |                        |               MIG M. |
|=========================================+========================+======================|
|   0  NVIDIA L40S                    On  |   00000000:56:00.0 Off |                    0 |
| N/A   21C    P8             31W /  238W |       0MiB /  46068MiB |      0%      Default |
|                                         |                        |                  N/A |
+-----------------------------------------+------------------------+----------------------+
|   1  NVIDIA L40S                    On  |   00000000:D1:00.0 Off |                    0 |
| N/A   21C    P8             32W /  238W |       0MiB /  46068MiB |      0%      Default |
|                                         |                        |                  N/A |
+-----------------------------------------+------------------------+----------------------+
                                                                                         
+-----------------------------------------------------------------------------------------+
| Processes:                                                                              |
|  GPU   GI   CI              PID   Type   Process name                        GPU Memory |
|        ID   ID                                                               Usage      |
|=========================================================================================|
|  No running processes found                                                             |
+-----------------------------------------------------------------------------------------+
CUDA devices:
CUDA_VISIBLE_DEVICES: 0,1
Using device: cuda
[2025-07-01 00:42:01,092][root][INFO] - model:
  _target_: null
  image_size: 128
  patch_size: 4
  num_channels: 3
  num_out_channels: 3
  embed_dim: 96
  depths:
  - 8
  - 8
  - 8
  - 8
  num_heads:
  - 3
  - 6
  - 12
  - 24
  skip_connections:
  - 2
  - 2
  - 2
  - 0
  window_size: 16
  mlp_ratio: 4.0
  qkv_bias: true
  hidden_dropout_prob: 0.0
  attention_probs_dropout_prob: 0.0
  drop_path_rate: 0.0
  hidden_act: gelu
  use_absolute_embeddings: false
  initializer_range: 0.02
  layer_norm_eps: 1.0e-05
  p: 1
  channel_slice_list_normalized_loss:
  - 0
  - 1
  - 2
  - 3
  residual_model: convnext
  use_conditioning: true
  learn_residual: false
dataset:
  reduced_batch: 1
  reduced_resolution: 16
  reduced_resolution_t: 1
  window_size: 15
  original_res: 512
  train_resolution: 32
  multi_res:
  - 4
  - 8
  s: 32
  train_mres: false
  pde: navier_stokes_0
  data_path1: /data/user_data/rvk/data/pdebench/ns_incom_inhom_2d_512-0.hdf5
training:
  batch_size: 16
  epochs: 100
  learning_rate: 0.001
  use_normalizer: false
project_name: ${dataset.pde}_${hydra:runtime.choices.model}
checkpoint_dir: checkpoints

Project name: navier_stokes_0_pos/pos
PDE Dataset: navier_stokes_0
Model: pos
Loading from file: /data/user_data/rvk/data/pdebench/ns_incom_inhom_2d_512-0.hdf5
Available keys: ['force', 'particles', 't', 'velocity']
Velocity data shape: (4, 1000, 512, 512, 2)
Particles data shape: (4, 1000, 512, 512, 1)
Combined data shape: (4, 1000, 512, 512, 3)
Current Spatial Size: 512
Resizing from 512x512 to 32x32
Downsampling using downsample function
Data shape after resizing: (4, 1000, 32, 32, 3)
x shape: torch.Size([3996, 3, 32, 32])
y shape: torch.Size([3996, 3, 32, 32])
---------Computing min-max normalization statistics---------------
Input data range: [-2.729954, 3.350614]
Output data range: [-2.729954, 2.488228]
Train dataset size: 3196
Validation dataset size: 399
Test dataset size: 401
<class 'torch.Tensor'> 0.44916948676109314 0.523402214050293 0.08746740967035294 0.10183534026145935
Total Model Parameters: 157.73M
Trainable Parameters: 157.73M
Epoch 0, Train Loss: 0.33076780, Val Loss: 0.07579483
Epoch 10, Train Loss: 0.01877170, Val Loss: 0.05120628
Epoch 20, Train Loss: 0.00833228, Val Loss: 0.00765034
Epoch 30, Train Loss: 0.00556316, Val Loss: 0.00778234
Epoch 40, Train Loss: 0.00697043, Val Loss: 0.00536333
Epoch 50, Train Loss: 0.00331150, Val Loss: 0.00304138
Epoch 60, Train Loss: 0.00182091, Val Loss: 0.00189865
Epoch 70, Train Loss: 0.00316527, Val Loss: 0.00331447
Epoch 80, Train Loss: 0.00095307, Val Loss: 0.00073586
Epoch 90, Train Loss: 0.00086994, Val Loss: 0.00078443
Test L2 Loss: 0.006445
Model saved to checkpoints/pos/navier_stokes_0_5177328.pt
Created/verified figures directory: figures/5177328
Using provided normalization statistics from training resolution 32:
  Input range: [-2.729954, 3.350614]
  Output range: [-2.729954, 2.488228]
Testing resolutions: [32, 64, 128, 256, 512]
Loading from file: /data/user_data/rvk/data/pdebench/ns_incom_inhom_2d_512-0.hdf5
Available keys: ['force', 'particles', 't', 'velocity']
Velocity data shape: (4, 1000, 512, 512, 2)
Particles data shape: (4, 1000, 512, 512, 1)
Combined data shape: (4, 1000, 512, 512, 3)
Current Spatial Size: 512
Resizing from 512x512 to 32x32
Downsampling using downsample function
Data shape after resizing: (4, 1000, 32, 32, 3)
x shape: torch.Size([3996, 3, 32, 32])
y shape: torch.Size([3996, 3, 32, 32])
Train dataset size: 3196
Validation dataset size: 399
Test dataset size: 401
Resolution 32 - Relative L2 Loss: 0.006445
Loading from file: /data/user_data/rvk/data/pdebench/ns_incom_inhom_2d_512-0.hdf5
Available keys: ['force', 'particles', 't', 'velocity']
Velocity data shape: (4, 1000, 512, 512, 2)
Particles data shape: (4, 1000, 512, 512, 1)
Combined data shape: (4, 1000, 512, 512, 3)
Current Spatial Size: 512
Resizing from 512x512 to 64x64
Downsampling using downsample function
Data shape after resizing: (4, 1000, 64, 64, 3)
x shape: torch.Size([3996, 3, 64, 64])
y shape: torch.Size([3996, 3, 64, 64])
Train dataset size: 3196
Validation dataset size: 399
Test dataset size: 401
Resolution 64 - Relative L2 Loss: 0.120727
Loading from file: /data/user_data/rvk/data/pdebench/ns_incom_inhom_2d_512-0.hdf5
Available keys: ['force', 'particles', 't', 'velocity']
Velocity data shape: (4, 1000, 512, 512, 2)
Particles data shape: (4, 1000, 512, 512, 1)
Combined data shape: (4, 1000, 512, 512, 3)
Current Spatial Size: 512
Resizing from 512x512 to 128x128
Downsampling using downsample function
Data shape after resizing: (4, 1000, 128, 128, 3)
x shape: torch.Size([3996, 3, 128, 128])
y shape: torch.Size([3996, 3, 128, 128])
Train dataset size: 3196
Validation dataset size: 399
Test dataset size: 401
Resolution 128 - Relative L2 Loss: 0.131192
Loading from file: /data/user_data/rvk/data/pdebench/ns_incom_inhom_2d_512-0.hdf5
Available keys: ['force', 'particles', 't', 'velocity']
Velocity data shape: (4, 1000, 512, 512, 2)
Particles data shape: (4, 1000, 512, 512, 1)
Combined data shape: (4, 1000, 512, 512, 3)
Current Spatial Size: 512
Resizing from 512x512 to 256x256
Downsampling using downsample function
Data shape after resizing: (4, 1000, 256, 256, 3)
x shape: torch.Size([3996, 3, 256, 256])
y shape: torch.Size([3996, 3, 256, 256])
Train dataset size: 3196
Validation dataset size: 399
Test dataset size: 401
Resolution 256 - Relative L2 Loss: 0.132673
Loading from file: /data/user_data/rvk/data/pdebench/ns_incom_inhom_2d_512-0.hdf5
Available keys: ['force', 'particles', 't', 'velocity']
Velocity data shape: (4, 1000, 512, 512, 2)
Particles data shape: (4, 1000, 512, 512, 1)
Combined data shape: (4, 1000, 512, 512, 3)
Current Spatial Size: 512
x shape: torch.Size([3996, 3, 512, 512])
y shape: torch.Size([3996, 3, 512, 512])
Train dataset size: 3196
Validation dataset size: 399
Test dataset size: 401
Resolution 512 - Relative L2 Loss: 0.132774
Detected 3 channel(s) in the data
Plotting Channel 0...
Saved main comparison plot to: figures/5177328/navier_stokes_comparison_20250701_022909.png
Saved error plot to: figures/5177328/navier_stokes_error_20250701_022909.png
Saved individual plot for resolution 32 to: figures/5177328/navier_stokes_res_32_20250701_022909.png
Saved individual plot for resolution 64 to: figures/5177328/navier_stokes_res_64_20250701_022909.png
Saved individual plot for resolution 128 to: figures/5177328/navier_stokes_res_128_20250701_022909.png
Saved individual plot for resolution 256 to: figures/5177328/navier_stokes_res_256_20250701_022909.png
Saved individual plot for resolution 512 to: figures/5177328/navier_stokes_res_512_20250701_022909.png
Plotting Channel 1...
Saved main comparison plot to: figures/5177328/navier_stokes_comparison_ch1_20250701_022909.png
Saved error plot to: figures/5177328/navier_stokes_error_ch1_20250701_022909.png
Saved individual plot for resolution 32 to: figures/5177328/navier_stokes_res_32_ch1_20250701_022909.png
Saved individual plot for resolution 64 to: figures/5177328/navier_stokes_res_64_ch1_20250701_022909.png
Saved individual plot for resolution 128 to: figures/5177328/navier_stokes_res_128_ch1_20250701_022909.png
Saved individual plot for resolution 256 to: figures/5177328/navier_stokes_res_256_ch1_20250701_022909.png
Saved individual plot for resolution 512 to: figures/5177328/navier_stokes_res_512_ch1_20250701_022909.png
Plotting Channel 2...
Saved main comparison plot to: figures/5177328/navier_stokes_comparison_ch2_20250701_022909.png
Saved error plot to: figures/5177328/navier_stokes_error_ch2_20250701_022909.png
Saved individual plot for resolution 32 to: figures/5177328/navier_stokes_res_32_ch2_20250701_022909.png
Saved individual plot for resolution 64 to: figures/5177328/navier_stokes_res_64_ch2_20250701_022909.png
Saved individual plot for resolution 128 to: figures/5177328/navier_stokes_res_128_ch2_20250701_022909.png
Saved individual plot for resolution 256 to: figures/5177328/navier_stokes_res_256_ch2_20250701_022909.png
Saved individual plot for resolution 512 to: figures/5177328/navier_stokes_res_512_ch2_20250701_022909.png
Saved all channels comparison plot to: figures/5177328/navier_stokes_all_channels_20250701_022909.png

==================================================
EVALUATION SUMMARY
==================================================
Resolution  32: 0.006445
Resolution  64: 0.120727
Resolution 128: 0.131192
Resolution 256: 0.132673
Resolution 512: 0.132774

Summary of Super-Resolution Evaluation:
Resolution factor 32: Relative L2 Loss = 0.006445
Resolution factor 64: Relative L2 Loss = 0.120727
Resolution factor 128: Relative L2 Loss = 0.131192
Resolution factor 256: Relative L2 Loss = 0.132673
Resolution factor 512: Relative L2 Loss = 0.132774

Evaluation plots saved to: figures/5177328
Wandb run: https://wandb.ai/rohanvk-carnegie-mellon-university/pos/runs/ibhrf7jk
Job completed at Tue Jul  1 02:31:08 EDT 2025
