Job started on babel-13-17 at Fri Sep  5 00:58:35 EDT 2025
Job ID: 5435830
GPU information:
Fri Sep  5 00:58:35 2025       
+-----------------------------------------------------------------------------------------+
| NVIDIA-SMI 575.51.03              Driver Version: 575.51.03      CUDA Version: 12.9     |
|-----------------------------------------+------------------------+----------------------+
| GPU  Name                 Persistence-M | Bus-Id          Disp.A | Volatile Uncorr. ECC |
| Fan  Temp   Perf          Pwr:Usage/Cap |           Memory-Usage | GPU-Util  Compute M. |
|                                         |                        |               MIG M. |
|=========================================+========================+======================|
|   0  NVIDIA L40S                    On  |   00000000:61:00.0 Off |                    0 |
| N/A   27C    P8             32W /  350W |       0MiB /  46068MiB |      0%      Default |
|                                         |                        |                  N/A |
+-----------------------------------------+------------------------+----------------------+
|   1  NVIDIA L40S                    On  |   00000000:E1:00.0 Off |                    0 |
| N/A   26C    P8             32W /  350W |       0MiB /  46068MiB |      0%      Default |
|                                         |                        |                  N/A |
+-----------------------------------------+------------------------+----------------------+
                                                                                         
+-----------------------------------------------------------------------------------------+
| Processes:                                                                              |
|  GPU   GI   CI              PID   Type   Process name                        GPU Memory |
|        ID   ID                                                               Usage      |
|=========================================================================================|
|  No running processes found                                                             |
+-----------------------------------------------------------------------------------------+
CUDA devices:
CUDA_VISIBLE_DEVICES: 0,1
/home/rvk
Using device: cuda
[2025-09-05 00:59:06,076][root][INFO] - model:
  _target_: models.ffno.FFNO1D
  in_channels: 1
  out_channels: 1
  factor: 4
  n_modes: 64
  width: 128
  n_layers: 4
  ff_weight_norm: true
  n_ff_layers: 3
  layer_norm: true
  dropout: 0.2
  mode: full
  activation: gelu
  use_grid: true
dataset:
  dataset_params:
    _target_: dataloaders.burger_naive_true_multires.burger_true_multires_markov_dataset
    filename_pattern: 1D_Burgers_Sols_Nu*.hdf5
    saved_folder: /data/user_data/rvk/pdebench_gen/
    viscosity: 0.001
    reduced_batch: 1
    reduced_resolution_t: 1
    data_mres_size:
      1024: 650
      512: 650
      256: 2500
      128: 2500
    add_res:
    - 32
    - 64
    add_res_samples:
      64: 650
      32: 650
    downsample_from_res: 128
    data_normalizer: true
    normalization_type: simple
    num_samples_max: -1
    eval_dataset_target: dataloaders.burger_naive_markov.burger_markov_dataset
    eval_filename: 1D_Burgers_Sols_Nu0.001.hdf5
    eval_saved_folder: /data/user_data/rvk/pdebench_gen/burgers_1024_0.001/
  resize_to_train: false
  evaluation_type: naive_downsample
  window_size: 15
  original_res: 1024
  max_test_resolution: 1024
  train_mres: true
  pde: burger
training:
  batch_size: 64
  epochs: 100
  learning_rate: 0.001
  use_normalizer: false
project_name: ${dataset.pde}_${hydra:runtime.choices.model}
checkpoint_dir: checkpoints

Project name: burger_ffno_1d/ffno_1d
Model name: models.ffno.FFNO1D
PDE Dataset: burger
This is True Multi-Resolution Training. Train Resolution is the highest data resolution in the multi-resolution data
---------------------
Creating true multi-resolution dataset from /data/user_data/rvk/pdebench_gen/
Viscosity: 0.001
Target samples per resolution (from files): {1024: 650, 512: 650, 256: 2500, 128: 2500}
Additional downsampled resolutions: [32, 64]
Target samples per downsampled resolution: {64: 650, 32: 650}
Will downsample from resolution: 128
Loading multi-resolution data from /data/user_data/rvk/pdebench_gen/
Viscosity: 0.001
Target samples per resolution (from files): {1024: 650, 512: 650, 256: 2500, 128: 2500}
Additional downsampled resolutions: [32, 64]
Target samples per downsampled resolution: {64: 650, 32: 650}
Will downsample from resolution: 128
Loading resolution 1024 from /data/user_data/rvk/pdebench_gen/burgers_1024_0.001/1D_Burgers_Sols_Nu0.001.hdf5
  Original data shape for 1024: (10000, 201, 1024)
  After time reduction: (10000, 201, 1024)
  Split 'train' data shape: (8000, 201, 1024)
  Subsampled to 520 samples for train split
  Added 103480 sample pairs from resolution 1024
Loading resolution 512 from /data/user_data/rvk/pdebench_gen/burgers_512_0.001/1D_Burgers_Sols_Nu0.001.hdf5
  Original data shape for 512: (10000, 201, 512)
  After time reduction: (10000, 201, 512)
  Split 'train' data shape: (8000, 201, 512)
  Subsampled to 520 samples for train split
  Added 103480 sample pairs from resolution 512
Loading resolution 256 from /data/user_data/rvk/pdebench_gen/burgers_256_0.001/1D_Burgers_Sols_Nu0.001.hdf5
  Original data shape for 256: (10000, 201, 256)
  After time reduction: (10000, 201, 256)
  Split 'train' data shape: (8000, 201, 256)
  Subsampled to 2000 samples for train split
  Added 398000 sample pairs from resolution 256
Loading resolution 128 from /data/user_data/rvk/pdebench_gen/burgers_128_0.001/1D_Burgers_Sols_Nu0.001.hdf5
  Original data shape for 128: (10000, 201, 128)
  After time reduction: (10000, 201, 128)
  Split 'train' data shape: (8000, 201, 128)
  Subsampled to 2000 samples for train split
  Added 398000 sample pairs from resolution 128
Adding downsampled resolutions: [32, 64]
Adding downsampled data from /data/user_data/rvk/pdebench_gen/burgers_128_0.001/1D_Burgers_Sols_Nu0.001.hdf5
  Added 103480 downsampled samples at resolution 32
  Added 103480 downsampled samples at resolution 64
Total samples loaded: 1209920
Resolution distribution:
  1024_file: 103480 samples
  128_file: 398000 samples
  256_file: 398000 samples
  32_downsampled: 103480 samples
  512_file: 103480 samples
  64_downsampled: 103480 samples
Sample x shapes: [(1, 1024), (1, 1024), (1, 1024)]
Sample y shapes: [(1, 1024), (1, 1024), (1, 1024)]
Loading multi-resolution data from /data/user_data/rvk/pdebench_gen/
Viscosity: 0.001
Target samples per resolution (from files): {1024: 650, 512: 650, 256: 2500, 128: 2500}
Additional downsampled resolutions: [32, 64]
Target samples per downsampled resolution: {64: 650, 32: 650}
Will downsample from resolution: 128
Loading resolution 1024 from /data/user_data/rvk/pdebench_gen/burgers_1024_0.001/1D_Burgers_Sols_Nu0.001.hdf5
  Original data shape for 1024: (10000, 201, 1024)
  After time reduction: (10000, 201, 1024)
  Split 'val' data shape: (1000, 201, 1024)
  Subsampled to 65 samples for val split
  Added 12935 sample pairs from resolution 1024
Loading resolution 512 from /data/user_data/rvk/pdebench_gen/burgers_512_0.001/1D_Burgers_Sols_Nu0.001.hdf5
  Original data shape for 512: (10000, 201, 512)
  After time reduction: (10000, 201, 512)
  Split 'val' data shape: (1000, 201, 512)
  Subsampled to 65 samples for val split
  Added 12935 sample pairs from resolution 512
Loading resolution 256 from /data/user_data/rvk/pdebench_gen/burgers_256_0.001/1D_Burgers_Sols_Nu0.001.hdf5
  Original data shape for 256: (10000, 201, 256)
  After time reduction: (10000, 201, 256)
  Split 'val' data shape: (1000, 201, 256)
  Using all 1000 samples for val split
  Added 199000 sample pairs from resolution 256
Loading resolution 128 from /data/user_data/rvk/pdebench_gen/burgers_128_0.001/1D_Burgers_Sols_Nu0.001.hdf5
  Original data shape for 128: (10000, 201, 128)
  After time reduction: (10000, 201, 128)
  Split 'val' data shape: (1000, 201, 128)
  Using all 1000 samples for val split
  Added 199000 sample pairs from resolution 128
Adding downsampled resolutions: [32, 64]
Adding downsampled data from /data/user_data/rvk/pdebench_gen/burgers_128_0.001/1D_Burgers_Sols_Nu0.001.hdf5
  Added 12935 downsampled samples at resolution 32
  Added 12935 downsampled samples at resolution 64
Total samples loaded: 449740
Resolution distribution:
  1024_file: 12935 samples
  128_file: 199000 samples
  256_file: 199000 samples
  32_downsampled: 12935 samples
  512_file: 12935 samples
  64_downsampled: 12935 samples
Sample x shapes: [(1, 1024), (1, 1024), (1, 1024)]
Sample y shapes: [(1, 1024), (1, 1024), (1, 1024)]
Loading multi-resolution data from /data/user_data/rvk/pdebench_gen/
Viscosity: 0.001
Target samples per resolution (from files): {1024: 650, 512: 650, 256: 2500, 128: 2500}
Additional downsampled resolutions: [32, 64]
Target samples per downsampled resolution: {64: 650, 32: 650}
Will downsample from resolution: 128
Loading resolution 1024 from /data/user_data/rvk/pdebench_gen/burgers_1024_0.001/1D_Burgers_Sols_Nu0.001.hdf5
  Original data shape for 1024: (10000, 201, 1024)
  After time reduction: (10000, 201, 1024)
  Split 'test' data shape: (1000, 201, 1024)
  Subsampled to 65 samples for test split
  Added 12935 sample pairs from resolution 1024
Loading resolution 512 from /data/user_data/rvk/pdebench_gen/burgers_512_0.001/1D_Burgers_Sols_Nu0.001.hdf5
  Original data shape for 512: (10000, 201, 512)
  After time reduction: (10000, 201, 512)
  Split 'test' data shape: (1000, 201, 512)
  Subsampled to 65 samples for test split
  Added 12935 sample pairs from resolution 512
Loading resolution 256 from /data/user_data/rvk/pdebench_gen/burgers_256_0.001/1D_Burgers_Sols_Nu0.001.hdf5
  Original data shape for 256: (10000, 201, 256)
  After time reduction: (10000, 201, 256)
  Split 'test' data shape: (1000, 201, 256)
  Using all 1000 samples for test split
  Added 199000 sample pairs from resolution 256
Loading resolution 128 from /data/user_data/rvk/pdebench_gen/burgers_128_0.001/1D_Burgers_Sols_Nu0.001.hdf5
  Original data shape for 128: (10000, 201, 128)
  After time reduction: (10000, 201, 128)
  Split 'test' data shape: (1000, 201, 128)
  Using all 1000 samples for test split
  Added 199000 sample pairs from resolution 128
Adding downsampled resolutions: [32, 64]
Adding downsampled data from /data/user_data/rvk/pdebench_gen/burgers_128_0.001/1D_Burgers_Sols_Nu0.001.hdf5
  Added 12935 downsampled samples at resolution 32
  Added 12935 downsampled samples at resolution 64
Total samples loaded: 449740
Resolution distribution:
  1024_file: 12935 samples
  128_file: 199000 samples
  256_file: 199000 samples
  32_downsampled: 12935 samples
  512_file: 12935 samples
  64_downsampled: 12935 samples
Sample x shapes: [(1, 1024), (1, 1024), (1, 1024)]
Sample y shapes: [(1, 1024), (1, 1024), (1, 1024)]
---------Using simple global normalization---------------
Global statistics: X(mean=-0.006783, std=0.632638), Y(mean=-0.006783, std=0.631608)

Final dataset sizes:
Train dataset size: 1209920
Validation dataset size: 449740
Test dataset size: 449740
<dataloaders.burger_naive_true_multires.burger_true_multires_markov_dataset.<locals>.SimpleNormalizedDataset object at 0x1520d9b142d0>
Created resolution groups:
  Resolution 1024: 103480 samples
  Resolution 512: 103480 samples
  Resolution 256: 398000 samples
  Resolution 128: 398000 samples
  Resolution 32: 103480 samples
  Resolution 64: 103480 samples
Created resolution groups:
  Resolution 1024: 12935 samples
  Resolution 512: 12935 samples
  Resolution 256: 199000 samples
  Resolution 128: 199000 samples
  Resolution 32: 12935 samples
  Resolution 64: 12935 samples
Created resolution groups:
  Resolution 1024: 12935 samples
  Resolution 512: 12935 samples
  Resolution 256: 199000 samples
  Resolution 128: 199000 samples
  Resolution 32: 12935 samples
  Resolution 64: 12935 samples
<class 'torch.Tensor'> -0.0620700865983963 -0.06217128038406372 0.9465831518173218 0.9464556574821472
FFNO1D(
  (in_proj): WNLinear(in_features=1, out_features=128, bias=True)
  (fourier_layers): ModuleList(
    (0-3): 4 x FSpectralConv1d(
      (fourier_weight): ParameterList(  (0): Parameter containing: [torch.float32 of size 128x128x64x2 (cuda:0)])
      (backcast_ff): FeedForward(
        (layers): ModuleList(
          (0): Sequential(
            (0): Linear(in_features=128, out_features=512, bias=True)
            (1): Dropout(p=0.2, inplace=False)
            (2): GELU(approximate='none')
            (3): Identity()
          )
          (1): Sequential(
            (0): Linear(in_features=512, out_features=512, bias=True)
            (1): Dropout(p=0.2, inplace=False)
            (2): GELU(approximate='none')
            (3): Identity()
          )
          (2): Sequential(
            (0): Linear(in_features=512, out_features=128, bias=True)
            (1): Dropout(p=0.2, inplace=False)
            (2): Identity()
            (3): LayerNorm((128,), eps=1e-05, elementwise_affine=True)
          )
        )
      )
    )
  )
  (out_proj): WNLinear(in_features=128, out_features=1, bias=True)
)
Total Model Parameters: 9.97M
Trainable Parameters: 9.97M
Epoch 0, Train Loss: 0.01620973, Val Loss: 0.00538972
Epoch 10, Train Loss: 0.00272234, Val Loss: 0.00279015
Epoch 20, Train Loss: 0.00230217, Val Loss: 0.00242844
Epoch 30, Train Loss: 0.00205465, Val Loss: 0.00235180
Epoch 40, Train Loss: 0.00188140, Val Loss: 0.00233742
Epoch 50, Train Loss: 0.00173494, Val Loss: 0.00210073
Epoch 60, Train Loss: 0.00160554, Val Loss: 0.00185531
Epoch 70, Train Loss: 0.00150265, Val Loss: 0.00198121
Epoch 80, Train Loss: 0.00142849, Val Loss: 0.00183561
Epoch 90, Train Loss: 0.00138681, Val Loss: 0.00181350
Test L2 Loss: 0.001753
Model saved to checkpoints/ffno1d/burger_5435830.pt
Created/verified figures directory: figures/5435830
Evaluating BURGER model at multiple resolutions
Using normalizer from training resolution 1024
Testing resolutions: [32, 64, 128, 256, 512, 1024]
Loading from file: /data/user_data/rvk/pdebench_gen/burgers_1024_0.001/1D_Burgers_Sols_Nu0.001.hdf5
(10000, 201, 1024)
After downsampling data shape: (10000, 201, 32)
Total data shape: (10000, 201, 32)
x shape: (1990000, 1, 32)
y shape: (1990000, 1, 32)
grid shape: torch.Size([32, 1])
Train dataset size: 1592000
Validation dataset size: 199000
Test dataset size: 199000
Selected random indices for plotting: [112579, 162437, 74062, 58745, 51187, 80072, 127422, 48114, 120565, 129786]
Collected 10 examples for resolution 32
Resolution 32 (downsample factor: 32) - Relative L2 Loss: 0.025646
Memory cleaned after resolution 32


Loading from file: /data/user_data/rvk/pdebench_gen/burgers_1024_0.001/1D_Burgers_Sols_Nu0.001.hdf5
(10000, 201, 1024)
After downsampling data shape: (10000, 201, 64)
Total data shape: (10000, 201, 64)
x shape: (1990000, 1, 64)
y shape: (1990000, 1, 64)
grid shape: torch.Size([64, 1])
Train dataset size: 1592000
Validation dataset size: 199000
Test dataset size: 199000
Collected 10 examples for resolution 64
Resolution 64 (downsample factor: 16) - Relative L2 Loss: 0.025433
Memory cleaned after resolution 64


Loading from file: /data/user_data/rvk/pdebench_gen/burgers_1024_0.001/1D_Burgers_Sols_Nu0.001.hdf5
(10000, 201, 1024)
After downsampling data shape: (10000, 201, 128)
Total data shape: (10000, 201, 128)
x shape: (1990000, 1, 128)
y shape: (1990000, 1, 128)
grid shape: torch.Size([128, 1])
Train dataset size: 1592000
Validation dataset size: 199000
Test dataset size: 199000
Collected 10 examples for resolution 128
Resolution 128 (downsample factor: 8) - Relative L2 Loss: 0.015726
Memory cleaned after resolution 128


Loading from file: /data/user_data/rvk/pdebench_gen/burgers_1024_0.001/1D_Burgers_Sols_Nu0.001.hdf5
(10000, 201, 1024)
After downsampling data shape: (10000, 201, 256)
Total data shape: (10000, 201, 256)
x shape: (1990000, 1, 256)
y shape: (1990000, 1, 256)
grid shape: torch.Size([256, 1])
Train dataset size: 1592000
Validation dataset size: 199000
Test dataset size: 199000
Collected 10 examples for resolution 256
Resolution 256 (downsample factor: 4) - Relative L2 Loss: 0.004877
Memory cleaned after resolution 256


Loading from file: /data/user_data/rvk/pdebench_gen/burgers_1024_0.001/1D_Burgers_Sols_Nu0.001.hdf5
(10000, 201, 1024)
After downsampling data shape: (10000, 201, 512)
Total data shape: (10000, 201, 512)
x shape: (1990000, 1, 512)
y shape: (1990000, 1, 512)
grid shape: torch.Size([512, 1])
Train dataset size: 1592000
Validation dataset size: 199000
Test dataset size: 199000
Collected 10 examples for resolution 512
Resolution 512 (downsample factor: 2) - Relative L2 Loss: 0.002526
Memory cleaned after resolution 512


Loading from file: /data/user_data/rvk/pdebench_gen/burgers_1024_0.001/1D_Burgers_Sols_Nu0.001.hdf5
(10000, 201, 1024)
After downsampling data shape: (10000, 201, 1024)
Total data shape: (10000, 201, 1024)
x shape: (1990000, 1, 1024)
y shape: (1990000, 1, 1024)
grid shape: torch.Size([1024, 1])
Train dataset size: 1592000
Validation dataset size: 199000
Test dataset size: 199000
Collected 10 examples for resolution 1024
Resolution 1024 (downsample factor: 1) - Relative L2 Loss: 0.002336
Memory cleaned after resolution 1024


Creating prediction vs target plots...
Saved prediction plot: figures/5435830/prediction_plots/burger_predictions_vs_targets_10_examples.png
Saved numerical results: figures/5435830/burger_1d_evaluation_results_20250905_085203.csv
Saved summary: figures/5435830/burger_1d_evaluation_summary_20250905_085203.txt

==================================================
BURGER EVALUATION SUMMARY
==================================================
Resolution  32: 0.025646
Resolution  64: 0.025433
Resolution 128: 0.015726
Resolution 256: 0.004877
Resolution 512: 0.002526
Resolution 1024: 0.002336

Summary of Super-Resolution Evaluation:
Resolution factor 32: Relative L2 Loss = 0.025646
Resolution factor 64: Relative L2 Loss = 0.025433
Resolution factor 128: Relative L2 Loss = 0.015726
Resolution factor 256: Relative L2 Loss = 0.004877
Resolution factor 512: Relative L2 Loss = 0.002526
Resolution factor 1024: Relative L2 Loss = 0.002336

Evaluation plots saved to: figures/5435830
Wandb run: https://wandb.ai/rohanvk-carnegie-mellon-university/ffno1d/runs/tbofglks
Job completed at Fri Sep  5 08:52:24 EDT 2025
