Job started on babel-4-5 at Sun Jul  6 13:58:43 EDT 2025
Job ID: 5191112
GPU information:
Sun Jul  6 13:58:43 2025       
+-----------------------------------------------------------------------------------------+
| NVIDIA-SMI 575.51.03              Driver Version: 575.51.03      CUDA Version: 12.9     |
|-----------------------------------------+------------------------+----------------------+
| GPU  Name                 Persistence-M | Bus-Id          Disp.A | Volatile Uncorr. ECC |
| Fan  Temp   Perf          Pwr:Usage/Cap |           Memory-Usage | GPU-Util  Compute M. |
|                                         |                        |               MIG M. |
|=========================================+========================+======================|
|   0  NVIDIA L40S                    On  |   00000000:81:00.0 Off |                    0 |
| N/A   23C    P8             32W /  350W |       0MiB /  46068MiB |      0%      Default |
|                                         |                        |                  N/A |
+-----------------------------------------+------------------------+----------------------+
|   1  NVIDIA L40S                    On  |   00000000:C1:00.0 Off |                    0 |
| N/A   24C    P8             32W /  350W |       0MiB /  46068MiB |      0%      Default |
|                                         |                        |                  N/A |
+-----------------------------------------+------------------------+----------------------+
                                                                                         
+-----------------------------------------------------------------------------------------+
| Processes:                                                                              |
|  GPU   GI   CI              PID   Type   Process name                        GPU Memory |
|        ID   ID                                                               Usage      |
|=========================================================================================|
|  No running processes found                                                             |
+-----------------------------------------------------------------------------------------+
CUDA devices:
CUDA_VISIBLE_DEVICES: 0,1
Using device: cuda
[2025-07-06 13:59:23,004][root][INFO] - model:
  _target_: CNO.CNO2d_original_version.CNOModule.CNO
  in_dim: 3
  out_dim: 3
  out_size: 1
  N_layers: 3
  N_res: 4
  N_res_neck: 6
  channel_multiplier: 32
  conv_kernel: 3
  cutoff_den: 2.0001
  filter_size: 6
  lrelu_upsampling: 2
  half_width_mult: 0.8
  radial: false
  batch_norm: true
  expand_input: false
  latent_lift_proj_dim: 64
  add_inv: true
  activation: cno_lrelu
dataset:
  dataset_params:
    _target_: dataloaders.active_matter_markov.active_matter_markov_dataset
    filename: /data/user_data/rvk/well/datasets/active_matter/data/train/active_matter_L_10.0_zeta_17.0_alpha_-5.0.hdf5
    saved_folder: .
    reduced_batch: 1
    reduced_resolution: 1
    reduced_resolution_t: 1
    s: 32
    data_normalizer: true
    num_samples_max: -1
  window_size: 15
  original_res: 256
  multi_res:
  - 1
  - 16
  train_mres: false
  pde: navier_stokes_0
training:
  batch_size: 16
  epochs: 100
  learning_rate: 0.001
  use_normalizer: false
project_name: ${dataset.pde}_${hydra:runtime.choices.model}
checkpoint_dir: checkpoints

Project name: navier_stokes_0_cno_2d/cno_2d_original
Model name: CNO.CNO2d_original_version.CNOModule.CNO
PDE Dataset: navier_stokes_0
---------------------
Loading from file: /data/user_data/rvk/well/datasets/active_matter/data/train/active_matter_L_10.0_zeta_17.0_alpha_-5.0.hdf5
Available keys: ['boundary_conditions', 'dimensions', 'scalars', 't0_fields', 't1_fields', 't2_fields']
Concentration data shape: (5, 81, 256, 256)
Velocity data shape: (5, 81, 256, 256, 2)
Alpha: -5.0
Zeta: 17.0
Concentration data shape after expanding: (5, 81, 256, 256, 1)
Combined data shape: (5, 81, 256, 256, 3)
Channels: [concentration, vx, vy]
Grid shape: torch.Size([256, 256, 2])
Current Spatial Size: 256
Resizing from 256x256 to 32x32
Downsampling using downsample function
Data shape after resizing: (5, 81, 32, 32, 3)
x shape: torch.Size([400, 3, 32, 32])
y shape: torch.Size([400, 3, 32, 32])
grid shape: torch.Size([32, 32, 2])
---------Computing min-max normalization statistics---------------
Input data range: [-3.223857, 3.086370]
Output data range: [-3.223857, 3.086370]
Train dataset size: 320
Validation dataset size: 40
Test dataset size: 40
<dataloaders.active_matter_markov.active_matter_markov_dataset.<locals>.MinMaxNormalizedDataset object at 0x14cd4350ca50>
<class 'torch.Tensor'> 0.5637182593345642 0.5637182593345642 0.10934502631425858 0.11058025807142258
Total Model Parameters: 2.95M
Trainable Parameters: 2.95M
Setting up PyTorch plugin "filtered_lrelu_plugin"... Done.
Epoch 0, Train Loss: 0.23336581, Val Loss: 0.32616886
Epoch 10, Train Loss: 0.05821694, Val Loss: 0.07158054
Epoch 20, Train Loss: 0.04557971, Val Loss: 0.04965968
Epoch 30, Train Loss: 0.03579645, Val Loss: 0.03986089
Epoch 40, Train Loss: 0.03364016, Val Loss: 0.03940245
Epoch 50, Train Loss: 0.03012637, Val Loss: 0.03232116
Epoch 60, Train Loss: 0.02807974, Val Loss: 0.03239464
Epoch 70, Train Loss: 0.02614483, Val Loss: 0.03061599
Epoch 80, Train Loss: 0.02457915, Val Loss: 0.02747961
Epoch 90, Train Loss: 0.02383072, Val Loss: 0.02679169
Test L2 Loss: 0.132497
Model saved to checkpoints/cno/navier_stokes_0_5191112.pt
Created/verified figures directory: figures/5191112
Using provided normalization statistics from training resolution 32:
  Input range: [-3.223857, 3.086370]
  Output range: [-3.223857, 3.086370]
Testing resolutions: [32, 64, 128, 256]
Loading from file: /data/user_data/rvk/well/datasets/active_matter/data/train/active_matter_L_10.0_zeta_17.0_alpha_-5.0.hdf5
Available keys: ['boundary_conditions', 'dimensions', 'scalars', 't0_fields', 't1_fields', 't2_fields']
Concentration data shape: (5, 81, 256, 256)
Velocity data shape: (5, 81, 256, 256, 2)
Alpha: -5.0
Zeta: 17.0
Concentration data shape after expanding: (5, 81, 256, 256, 1)
Combined data shape: (5, 81, 256, 256, 3)
Channels: [concentration, vx, vy]
Grid shape: torch.Size([256, 256, 2])
Current Spatial Size: 256
Resizing from 256x256 to 32x32
Downsampling using downsample function
Data shape after resizing: (5, 81, 32, 32, 3)
x shape: torch.Size([400, 3, 32, 32])
y shape: torch.Size([400, 3, 32, 32])
grid shape: torch.Size([32, 32, 2])
Train dataset size: 320
Validation dataset size: 40
Test dataset size: 40
Resolution 32 - Relative L2 Loss: 0.132497
Memory cleaned after resolution 32
Loading from file: /data/user_data/rvk/well/datasets/active_matter/data/train/active_matter_L_10.0_zeta_17.0_alpha_-5.0.hdf5
Available keys: ['boundary_conditions', 'dimensions', 'scalars', 't0_fields', 't1_fields', 't2_fields']
Concentration data shape: (5, 81, 256, 256)
Velocity data shape: (5, 81, 256, 256, 2)
Alpha: -5.0
Zeta: 17.0
Concentration data shape after expanding: (5, 81, 256, 256, 1)
Combined data shape: (5, 81, 256, 256, 3)
Channels: [concentration, vx, vy]
Grid shape: torch.Size([256, 256, 2])
Current Spatial Size: 256
Resizing from 256x256 to 64x64
Downsampling using downsample function
Data shape after resizing: (5, 81, 64, 64, 3)
x shape: torch.Size([400, 3, 64, 64])
y shape: torch.Size([400, 3, 64, 64])
grid shape: torch.Size([64, 64, 2])
Train dataset size: 320
Validation dataset size: 40
Test dataset size: 40
Resolution 64 - Relative L2 Loss: 0.135520
Memory cleaned after resolution 64
Loading from file: /data/user_data/rvk/well/datasets/active_matter/data/train/active_matter_L_10.0_zeta_17.0_alpha_-5.0.hdf5
Available keys: ['boundary_conditions', 'dimensions', 'scalars', 't0_fields', 't1_fields', 't2_fields']
Concentration data shape: (5, 81, 256, 256)
Velocity data shape: (5, 81, 256, 256, 2)
Alpha: -5.0
Zeta: 17.0
Concentration data shape after expanding: (5, 81, 256, 256, 1)
Combined data shape: (5, 81, 256, 256, 3)
Channels: [concentration, vx, vy]
Grid shape: torch.Size([256, 256, 2])
Current Spatial Size: 256
Resizing from 256x256 to 128x128
Downsampling using downsample function
Data shape after resizing: (5, 81, 128, 128, 3)
x shape: torch.Size([400, 3, 128, 128])
y shape: torch.Size([400, 3, 128, 128])
grid shape: torch.Size([128, 128, 2])
Train dataset size: 320
Validation dataset size: 40
Test dataset size: 40
Resolution 128 - Relative L2 Loss: 0.135624
Memory cleaned after resolution 128
Loading from file: /data/user_data/rvk/well/datasets/active_matter/data/train/active_matter_L_10.0_zeta_17.0_alpha_-5.0.hdf5
Available keys: ['boundary_conditions', 'dimensions', 'scalars', 't0_fields', 't1_fields', 't2_fields']
Concentration data shape: (5, 81, 256, 256)
Velocity data shape: (5, 81, 256, 256, 2)
Alpha: -5.0
Zeta: 17.0
Concentration data shape after expanding: (5, 81, 256, 256, 1)
Combined data shape: (5, 81, 256, 256, 3)
Channels: [concentration, vx, vy]
Grid shape: torch.Size([256, 256, 2])
Current Spatial Size: 256
x shape: torch.Size([400, 3, 256, 256])
y shape: torch.Size([400, 3, 256, 256])
grid shape: torch.Size([256, 256, 2])
Train dataset size: 320
Validation dataset size: 40
Test dataset size: 40
Resolution 256 - Relative L2 Loss: 0.135626
Memory cleaned after resolution 256
Creating prediction vs target plots...
Detected 3 channel(s) in the data
Plotting Channel 0...
Saved main comparison plot to: figures/5191112/prediction_plots/navier_stokes_comparison_20250706_140100.png
Saved error plot to: figures/5191112/prediction_plots/navier_stokes_error_20250706_140100.png
Saved individual plot for resolution 32 to: figures/5191112/prediction_plots/navier_stokes_res_32_20250706_140100.png
Saved individual plot for resolution 64 to: figures/5191112/prediction_plots/navier_stokes_res_64_20250706_140100.png
Saved individual plot for resolution 128 to: figures/5191112/prediction_plots/navier_stokes_res_128_20250706_140100.png
Saved individual plot for resolution 256 to: figures/5191112/prediction_plots/navier_stokes_res_256_20250706_140100.png
Plotting Channel 1...
Saved main comparison plot to: figures/5191112/prediction_plots/navier_stokes_comparison_ch1_20250706_140100.png
Saved error plot to: figures/5191112/prediction_plots/navier_stokes_error_ch1_20250706_140100.png
Saved individual plot for resolution 32 to: figures/5191112/prediction_plots/navier_stokes_res_32_ch1_20250706_140100.png
Saved individual plot for resolution 64 to: figures/5191112/prediction_plots/navier_stokes_res_64_ch1_20250706_140100.png
Saved individual plot for resolution 128 to: figures/5191112/prediction_plots/navier_stokes_res_128_ch1_20250706_140100.png
Saved individual plot for resolution 256 to: figures/5191112/prediction_plots/navier_stokes_res_256_ch1_20250706_140100.png
Plotting Channel 2...
Saved main comparison plot to: figures/5191112/prediction_plots/navier_stokes_comparison_ch2_20250706_140100.png
Saved error plot to: figures/5191112/prediction_plots/navier_stokes_error_ch2_20250706_140100.png
Saved individual plot for resolution 32 to: figures/5191112/prediction_plots/navier_stokes_res_32_ch2_20250706_140100.png
Saved individual plot for resolution 64 to: figures/5191112/prediction_plots/navier_stokes_res_64_ch2_20250706_140100.png
Saved individual plot for resolution 128 to: figures/5191112/prediction_plots/navier_stokes_res_128_ch2_20250706_140100.png
Saved individual plot for resolution 256 to: figures/5191112/prediction_plots/navier_stokes_res_256_ch2_20250706_140100.png
Saved all channels comparison plot to: figures/5191112/prediction_plots/navier_stokes_all_channels_20250706_140100.png
Saved numerical results: figures/5191112/evaluation_results_20250706_140121.csv
Saved summary: figures/5191112/evaluation_summary_20250706_140121.txt

==================================================
EVALUATION SUMMARY
==================================================
Resolution  32: 0.132497
Resolution  64: 0.135520
Resolution 128: 0.135624
Resolution 256: 0.135626

Summary of Super-Resolution Evaluation:
Resolution factor 32: Relative L2 Loss = 0.132497
Resolution factor 64: Relative L2 Loss = 0.135520
Resolution factor 128: Relative L2 Loss = 0.135624
Resolution factor 256: Relative L2 Loss = 0.135626

Evaluation plots saved to: figures/5191112
Wandb run: https://wandb.ai/rohanvk-carnegie-mellon-university/cno/runs/el0ybj1c
Job completed at Sun Jul  6 14:02:20 EDT 2025
