Job started on babel-4-21 at Thu Jul  3 21:06:29 EDT 2025
Job ID: 5185419
GPU information:
Thu Jul  3 21:06:29 2025       
+-----------------------------------------------------------------------------------------+
| NVIDIA-SMI 575.51.03              Driver Version: 575.51.03      CUDA Version: 12.9     |
|-----------------------------------------+------------------------+----------------------+
| GPU  Name                 Persistence-M | Bus-Id          Disp.A | Volatile Uncorr. ECC |
| Fan  Temp   Perf          Pwr:Usage/Cap |           Memory-Usage | GPU-Util  Compute M. |
|                                         |                        |               MIG M. |
|=========================================+========================+======================|
|   0  NVIDIA L40S                    On  |   00000000:81:00.0 Off |                    0 |
| N/A   28C    P8             31W /  350W |       0MiB /  46068MiB |      0%      Default |
|                                         |                        |                  N/A |
+-----------------------------------------+------------------------+----------------------+
|   1  NVIDIA L40S                    On  |   00000000:C1:00.0 Off |                    0 |
| N/A   27C    P8             33W /  350W |       0MiB /  46068MiB |      0%      Default |
|                                         |                        |                  N/A |
+-----------------------------------------+------------------------+----------------------+
                                                                                         
+-----------------------------------------------------------------------------------------+
| Processes:                                                                              |
|  GPU   GI   CI              PID   Type   Process name                        GPU Memory |
|        ID   ID                                                               Usage      |
|=========================================================================================|
|  No running processes found                                                             |
+-----------------------------------------------------------------------------------------+
CUDA devices:
CUDA_VISIBLE_DEVICES: 0,1
Using device: cuda
[2025-07-03 21:06:34,288][root][INFO] - model:
  _target_: models.ffno.FFNO2D
  in_channels: 3
  out_channels: 3
  width: 32
  factor: 4
  n_modes: 16
  n_layers: 4
  dropout: 0.1
  mode: full
  ff_weight_norm: true
  n_ff_layers: 2
  layer_norm: true
  use_grid: false
dataset:
  dataset_params:
    _target_: dataloaders.active_matter_markov.active_matter_markov_dataset
    filename: /data/user_data/rvk/well/datasets/active_matter/data/train/active_matter_L_10.0_zeta_17.0_alpha_-5.0.hdf5
    saved_folder: .
    reduced_batch: 1
    reduced_resolution: 1
    reduced_resolution_t: 1
    s: 64
    data_normalizer: true
    num_samples_max: -1
  window_size: 15
  original_res: 512
  train_resolution: 64
  multi_res:
  - 1
  - 16
  train_mres: false
  pde: navier_stokes_0
training:
  batch_size: 16
  epochs: 1
  learning_rate: 0.001
  use_normalizer: false
project_name: ${dataset.pde}_${hydra:runtime.choices.model}
checkpoint_dir: checkpoints

Project name: navier_stokes_0_ffno_2d/ns_ffno_2d
Model name: models.ffno.FFNO2D
PDE Dataset: navier_stokes_0
---------------------
Loading from file: /data/user_data/rvk/well/datasets/active_matter/data/train/active_matter_L_10.0_zeta_17.0_alpha_-5.0.hdf5
Available keys: ['boundary_conditions', 'dimensions', 'scalars', 't0_fields', 't1_fields', 't2_fields']
Concentration data shape: (5, 81, 256, 256)
Velocity data shape: (5, 81, 256, 256, 2)
Alpha: -5.0
Zeta: 17.0
Concentration data shape after expanding: (5, 81, 256, 256, 1)
Combined data shape: (5, 81, 256, 256, 3)
Channels: [concentration, vx, vy]
Grid shape: torch.Size([256, 256, 2])
Current Spatial Size: 256
Resizing from 256x256 to 64x64
Downsampling using downsample function
Data shape after resizing: (5, 81, 64, 64, 3)
x shape: torch.Size([400, 3, 64, 64])
y shape: torch.Size([400, 3, 64, 64])
grid shape: torch.Size([64, 64, 2])
---------Computing min-max normalization statistics---------------
Input data range: [-3.263288, 3.157624]
Output data range: [-3.263288, 3.113212]
Train dataset size: 320
Validation dataset size: 40
Test dataset size: 40
<dataloaders.active_matter_markov.active_matter_markov_dataset.<locals>.MinMaxNormalizedDataset object at 0x14552dc08910>
<class 'torch.Tensor'> 0.5601417422294617 0.5640432238578796 0.11047396808862686 0.10994768142700195
FFNO2D(
  (in_proj): WNLinear(in_features=3, out_features=32, bias=True)
  (fourier_layers): ModuleList(
    (0-3): 4 x FSpectralConv2d(
      (fourier_weight): ParameterList(
          (0): Parameter containing: [torch.float32 of size 32x32x16x2 (cuda:0)]
          (1): Parameter containing: [torch.float32 of size 32x32x16x2 (cuda:0)]
      )
      (backcast_ff): FeedForward(
        (layers): ModuleList(
          (0): Sequential(
            (0): Linear(in_features=32, out_features=128, bias=True)
            (1): Dropout(p=0.1, inplace=False)
            (2): GELU(approximate='none')
            (3): Identity()
          )
          (1): Sequential(
            (0): Linear(in_features=128, out_features=32, bias=True)
            (1): Dropout(p=0.1, inplace=False)
            (2): Identity()
            (3): LayerNorm((32,), eps=1e-05, elementwise_affine=True)
          )
        )
      )
    )
  )
  (out_proj): WNLinear(in_features=32, out_features=3, bias=True)
)
Total Model Parameters: 0.30M
Trainable Parameters: 0.30M
Epoch 0, Train Loss: 0.84901389, Val Loss: 0.21950068
Test L2 Loss: 1.041453
Model saved to checkpoints/ffno2d/navier_stokes_0_5185419.pt
Created/verified figures directory: figures/5185419
Using provided normalization statistics from training resolution 64:
  Input range: [-3.263288, 3.157624]
  Output range: [-3.263288, 3.113212]
Testing resolutions: [32]
Loading from file: /data/user_data/rvk/well/datasets/active_matter/data/train/active_matter_L_10.0_zeta_17.0_alpha_-5.0.hdf5
Available keys: ['boundary_conditions', 'dimensions', 'scalars', 't0_fields', 't1_fields', 't2_fields']
Concentration data shape: (5, 81, 256, 256)
Velocity data shape: (5, 81, 256, 256, 2)
Alpha: -5.0
Zeta: 17.0
Concentration data shape after expanding: (5, 81, 256, 256, 1)
Combined data shape: (5, 81, 256, 256, 3)
Channels: [concentration, vx, vy]
Grid shape: torch.Size([256, 256, 2])
Current Spatial Size: 256
Resizing from 256x256 to 32x32
Downsampling using downsample function
Data shape after resizing: (5, 81, 32, 32, 3)
x shape: torch.Size([400, 3, 32, 32])
y shape: torch.Size([400, 3, 32, 32])
grid shape: torch.Size([32, 32, 2])
Train dataset size: 320
Validation dataset size: 40
Test dataset size: 40
Resolution 32 - Relative L2 Loss: 1.041493
Creating prediction vs target plots...
Detected 3 channel(s) in the data
Plotting Channel 0...
Saved main comparison plot to: figures/5185419/prediction_plots/navier_stokes_comparison_20250703_210640.png
Saved error plot to: figures/5185419/prediction_plots/navier_stokes_error_20250703_210640.png
Saved individual plot for resolution 32 to: figures/5185419/prediction_plots/navier_stokes_res_32_20250703_210640.png
Plotting Channel 1...
Saved main comparison plot to: figures/5185419/prediction_plots/navier_stokes_comparison_ch1_20250703_210640.png
Saved error plot to: figures/5185419/prediction_plots/navier_stokes_error_ch1_20250703_210640.png
Saved individual plot for resolution 32 to: figures/5185419/prediction_plots/navier_stokes_res_32_ch1_20250703_210640.png
Plotting Channel 2...
Saved main comparison plot to: figures/5185419/prediction_plots/navier_stokes_comparison_ch2_20250703_210640.png
Saved error plot to: figures/5185419/prediction_plots/navier_stokes_error_ch2_20250703_210640.png
Saved individual plot for resolution 32 to: figures/5185419/prediction_plots/navier_stokes_res_32_ch2_20250703_210640.png
Saved all channels comparison plot to: figures/5185419/prediction_plots/navier_stokes_all_channels_20250703_210640.png
Saved numerical results: figures/5185419/evaluation_results_20250703_210645.csv
Saved summary: figures/5185419/evaluation_summary_20250703_210645.txt

==================================================
EVALUATION SUMMARY
==================================================
Resolution  32: 1.041493

Summary of Super-Resolution Evaluation:
Resolution factor 32: Relative L2 Loss = 1.041493

Evaluation plots saved to: figures/5185419
Wandb run: https://wandb.ai/rohanvk-carnegie-mellon-university/ffno2d/runs/ft485ak6
Job completed at Thu Jul  3 21:06:48 EDT 2025
