/data/user_data/rvk/pde/lib/python3.13/site-packages/torch/nn/utils/weight_norm.py:143: FutureWarning: `torch.nn.utils.weight_norm` is deprecated in favor of `torch.nn.utils.parametrizations.weight_norm`.
  WeightNorm.apply(module, name, dim)
wandb: Currently logged in as: rohanvk (rohanvk-carnegie-mellon-university) to https://api.wandb.ai. Use `wandb login --relogin` to force relogin
wandb: Using wandb-core as the SDK backend.  Please refer to https://wandb.me/wandb-core for more information.
wandb: Tracking run with wandb version 0.19.6
wandb: Run data is saved locally in /home/rvk/wandb/run-20250804_142139-adhm4lvy
wandb: Run `wandb offline` to turn off syncing.
wandb: Syncing run laced-plasma-146
wandb: ⭐️ View project at https://wandb.ai/rohanvk-carnegie-mellon-university/ffno1d
wandb: 🚀 View run at https://wandb.ai/rohanvk-carnegie-mellon-university/ffno1d/runs/adhm4lvy

  0%|          | 0/100 [00:00<?, ?it/s]
  1%|          | 1/100 [00:35<57:59, 35.15s/it]
  2%|▏         | 2/100 [01:04<51:56, 31.80s/it]
  3%|▎         | 3/100 [01:33<49:33, 30.65s/it]
  4%|▍         | 4/100 [02:03<48:08, 30.09s/it]
  5%|▌         | 5/100 [02:32<46:59, 29.68s/it]
  6%|▌         | 6/100 [03:01<46:07, 29.44s/it]
  7%|▋         | 7/100 [03:30<45:28, 29.34s/it]
  8%|▊         | 8/100 [03:59<44:54, 29.29s/it]
  9%|▉         | 9/100 [04:28<44:22, 29.26s/it]
 10%|█         | 10/100 [04:57<43:49, 29.21s/it]
 11%|█         | 11/100 [05:26<43:19, 29.21s/it]
 12%|█▏        | 12/100 [05:55<42:46, 29.17s/it]
 13%|█▎        | 13/100 [06:25<42:14, 29.14s/it]
 14%|█▍        | 14/100 [06:54<41:44, 29.12s/it]
 15%|█▌        | 15/100 [07:23<41:13, 29.10s/it]
 16%|█▌        | 16/100 [07:52<40:40, 29.06s/it]
 17%|█▋        | 17/100 [08:21<40:10, 29.04s/it]
 18%|█▊        | 18/100 [08:50<39:37, 29.00s/it]
 19%|█▉        | 19/100 [09:18<39:07, 28.98s/it]
 20%|██        | 20/100 [09:47<38:40, 29.00s/it]
 21%|██        | 21/100 [10:16<38:09, 28.98s/it]
 22%|██▏       | 22/100 [10:46<37:43, 29.02s/it]
 23%|██▎       | 23/100 [11:15<37:17, 29.06s/it]
 24%|██▍       | 24/100 [11:44<36:50, 29.09s/it]
 25%|██▌       | 25/100 [12:13<36:23, 29.11s/it]
 26%|██▌       | 26/100 [12:42<35:53, 29.11s/it]
 27%|██▋       | 27/100 [13:11<35:24, 29.11s/it]
 28%|██▊       | 28/100 [13:40<34:56, 29.11s/it]
 29%|██▉       | 29/100 [14:10<34:29, 29.14s/it]
 30%|███       | 30/100 [14:39<33:59, 29.14s/it]
 31%|███       | 31/100 [15:08<33:28, 29.11s/it]
 32%|███▏      | 32/100 [15:37<32:59, 29.12s/it]
 33%|███▎      | 33/100 [16:06<32:31, 29.12s/it]
 34%|███▍      | 34/100 [16:35<32:01, 29.11s/it]
 35%|███▌      | 35/100 [17:04<31:32, 29.12s/it]
 36%|███▌      | 36/100 [17:33<31:04, 29.13s/it]
 37%|███▋      | 37/100 [18:02<30:33, 29.10s/it]
 38%|███▊      | 38/100 [18:32<30:05, 29.11s/it]
 39%|███▉      | 39/100 [19:01<29:37, 29.13s/it]
 40%|████      | 40/100 [19:30<29:08, 29.15s/it]
 41%|████      | 41/100 [19:59<28:39, 29.14s/it]
 42%|████▏     | 42/100 [20:28<28:09, 29.13s/it]
 43%|████▎     | 43/100 [20:57<27:41, 29.14s/it]
 44%|████▍     | 44/100 [21:26<27:11, 29.13s/it]
 45%|████▌     | 45/100 [21:55<26:40, 29.11s/it]
 46%|████▌     | 46/100 [22:24<26:07, 29.04s/it]
 47%|████▋     | 47/100 [22:53<25:36, 28.98s/it]
 48%|████▊     | 48/100 [23:22<25:08, 29.00s/it]
 49%|████▉     | 49/100 [23:51<24:40, 29.03s/it]
 50%|█████     | 50/100 [24:20<24:11, 29.03s/it]
 51%|█████     | 51/100 [24:49<23:41, 29.01s/it]
 52%|█████▏    | 52/100 [25:18<23:12, 29.01s/it]
 53%|█████▎    | 53/100 [25:47<22:44, 29.04s/it]
 54%|█████▍    | 54/100 [26:17<22:17, 29.07s/it]
 55%|█████▌    | 55/100 [26:46<21:48, 29.08s/it]
 56%|█████▌    | 56/100 [27:15<21:20, 29.10s/it]
 57%|█████▋    | 57/100 [27:44<20:51, 29.10s/it]
 58%|█████▊    | 58/100 [28:13<20:20, 29.06s/it]
 59%|█████▉    | 59/100 [28:42<19:51, 29.05s/it]
 60%|██████    | 60/100 [29:11<19:22, 29.07s/it]
 61%|██████    | 61/100 [29:40<18:54, 29.08s/it]
 62%|██████▏   | 62/100 [30:09<18:25, 29.09s/it]
 63%|██████▎   | 63/100 [30:38<17:56, 29.10s/it]
 64%|██████▍   | 64/100 [31:08<17:28, 29.12s/it]
 65%|██████▌   | 65/100 [31:37<16:59, 29.14s/it]
 66%|██████▌   | 66/100 [32:06<16:30, 29.14s/it]
 67%|██████▋   | 67/100 [32:35<16:01, 29.14s/it]
 68%|██████▊   | 68/100 [33:04<15:35, 29.24s/it]
 69%|██████▉   | 69/100 [33:34<15:05, 29.22s/it]
 70%|███████   | 70/100 [34:03<14:33, 29.11s/it]
 71%|███████   | 71/100 [34:31<14:02, 29.04s/it]
 72%|███████▏  | 72/100 [35:00<13:32, 29.01s/it]
 73%|███████▎  | 73/100 [35:29<13:03, 29.02s/it]
 74%|███████▍  | 74/100 [35:58<12:34, 29.01s/it]
 75%|███████▌  | 75/100 [36:27<12:05, 29.02s/it]
 76%|███████▌  | 76/100 [36:56<11:36, 29.04s/it]
 77%|███████▋  | 77/100 [37:26<11:07, 29.04s/it]
 78%|███████▊  | 78/100 [37:54<10:38, 29.01s/it]
 79%|███████▉  | 79/100 [38:23<10:08, 28.97s/it]
 80%|████████  | 80/100 [38:52<09:38, 28.93s/it]
 81%|████████  | 81/100 [39:21<09:09, 28.93s/it]
 82%|████████▏ | 82/100 [39:50<08:40, 28.93s/it]
 83%|████████▎ | 83/100 [40:19<08:12, 28.97s/it]
 84%|████████▍ | 84/100 [40:48<07:44, 29.00s/it]
 85%|████████▌ | 85/100 [41:17<07:15, 29.07s/it]
 86%|████████▌ | 86/100 [41:47<06:47, 29.09s/it]
 87%|████████▋ | 87/100 [42:16<06:18, 29.09s/it]
 88%|████████▊ | 88/100 [42:45<05:48, 29.08s/it]
 89%|████████▉ | 89/100 [43:14<05:19, 29.03s/it]
 90%|█████████ | 90/100 [43:43<04:50, 29.02s/it]
 91%|█████████ | 91/100 [44:12<04:21, 29.02s/it]
 92%|█████████▏| 92/100 [44:41<03:51, 28.99s/it]
 93%|█████████▎| 93/100 [45:09<03:22, 28.96s/it]
 94%|█████████▍| 94/100 [45:38<02:53, 28.98s/it]
 95%|█████████▌| 95/100 [46:08<02:25, 29.05s/it]
 96%|█████████▌| 96/100 [46:37<01:56, 29.09s/it]
 97%|█████████▋| 97/100 [47:06<01:27, 29.13s/it]
 98%|█████████▊| 98/100 [47:35<00:58, 29.13s/it]
 99%|█████████▉| 99/100 [48:04<00:29, 29.11s/it]
100%|██████████| 100/100 [48:33<00:00, 29.06s/it]
100%|██████████| 100/100 [48:33<00:00, 29.14s/it]
wandb:                                                                                
wandb: 
wandb: Run history:
wandb:      epoch ▁▁▁▁▁▂▂▂▂▂▂▃▃▃▃▄▄▄▄▅▅▅▅▅▆▆▆▆▆▆▇▇▇▇▇▇▇███
wandb: train_loss █▂▁▁▁▁▁▁▁▁▁▁▁▁▁▁▁▁▁▁▁▁▁▁▁▁▁▁▁▁▁▁▁▁▁▁▁▁▁▁
wandb:   val_loss █▂▃▂▂▂▂▂▂▁▁▁▁▁▁▁▁▁▁▁▁▁▁▁▁▁▁▁▁▁▁▁▁▁▁▁▁▁▁▁
wandb: 
wandb: Run summary:
wandb:      epoch 99
wandb: train_loss 0.00018
wandb:   val_loss 0.00019
wandb: 
wandb: 🚀 View run laced-plasma-146 at: https://wandb.ai/rohanvk-carnegie-mellon-university/ffno1d/runs/adhm4lvy
wandb: ⭐️ View project at: https://wandb.ai/rohanvk-carnegie-mellon-university/ffno1d
wandb: Synced 5 W&B file(s), 1 media file(s), 2 artifact file(s) and 0 other file(s)
wandb: Find logs at: ./wandb/run-20250804_142139-adhm4lvy/logs
