Job started on babel-10-5 at Thu Jul 31 23:37:39 EDT 2025
Job ID: 5290169
GPU information:
Thu Jul 31 23:37:39 2025       
+-----------------------------------------------------------------------------------------+
| NVIDIA-SMI 575.51.03              Driver Version: 575.51.03      CUDA Version: 12.9     |
|-----------------------------------------+------------------------+----------------------+
| GPU  Name                 Persistence-M | Bus-Id          Disp.A | Volatile Uncorr. ECC |
| Fan  Temp   Perf          Pwr:Usage/Cap |           Memory-Usage | GPU-Util  Compute M. |
|                                         |                        |               MIG M. |
|=========================================+========================+======================|
|   0  NVIDIA L40S                    On  |   00000000:D2:00.0 Off |                    0 |
| N/A   30C    P8             32W /  350W |       0MiB /  46068MiB |      0%      Default |
|                                         |                        |                  N/A |
+-----------------------------------------+------------------------+----------------------+
|   1  NVIDIA L40S                    On  |   00000000:D6:00.0 Off |                    0 |
| N/A   58C    P8             39W /  350W |       0MiB /  46068MiB |      0%      Default |
|                                         |                        |                  N/A |
+-----------------------------------------+------------------------+----------------------+
                                                                                         
+-----------------------------------------------------------------------------------------+
| Processes:                                                                              |
|  GPU   GI   CI              PID   Type   Process name                        GPU Memory |
|        ID   ID                                                               Usage      |
|=========================================================================================|
|  No running processes found                                                             |
+-----------------------------------------------------------------------------------------+
CUDA devices:
CUDA_VISIBLE_DEVICES: 0,1
Using device: cuda
[2025-07-31 23:37:45,922][root][INFO] - model:
  _target_: models.ffno.FFNO1D
  in_channels: 1
  out_channels: 1
  factor: 4
  n_modes: 16
  width: 64
  n_layers: 8
  ff_weight_norm: true
  n_ff_layers: 2
  layer_norm: true
  dropout: 0.0
  mode: full
  activation: relu
  use_grid: false
dataset:
  dataset_params:
    _target_: dataloaders.ks.ks_markov_dataset
    filename: KS_train_2048.h5
    saved_folder: /data/user_data/rvk/ks/res_32/visc_0.01_L2.0_lmax30
    val_filename: KS_valid.h5
    test_filename: KS_test.h5
    reduced_batch: 2
    reduced_resolution: 1
    reduced_resolution_t: 4
    s: 32
    data_normalizer: true
    num_samples_max: -1
  window_size: 15
  original_res: 32
  multi_res:
  - 1
  - 16
  train_mres: false
  pde: ks
training:
  batch_size: 64
  epochs: 100
  learning_rate: 0.001
  use_normalizer: false
project_name: ${dataset.pde}_${hydra:runtime.choices.model}
checkpoint_dir: checkpoints

Project name: ks_ffno_1d/ffno_1d
Model name: models.ffno.FFNO1D
PDE Dataset: ks
---------------------
Loading from file: /data/user_data/rvk/ks/res_32/visc_0.01_L2.0_lmax30/KS_train_2048.h5
Available data keys in 'train': ['dt', 'dx', 'pde_51-32', 't', 'x']
PDE data shape: (2048, 51, 32)
Time data shape: (2048, 51)
Spatial coordinates shape: (32,)
dx shape: (2048,)
dt shape: (2048,)
Final data shape: (1024, 13, 32)
Current Spatial Size: 32
x shape: torch.Size([12288, 1, 32])
y shape: torch.Size([12288, 1, 32])
spatial coordinates shape: (32,)
Loading from file: /data/user_data/rvk/ks/res_32/visc_0.01_L2.0_lmax30/KS_valid.h5
Available data keys in 'valid': ['dt', 'dx', 'pde_51-32', 't', 'x']
PDE data shape: (256, 51, 32)
Time data shape: (256, 51)
Spatial coordinates shape: (32,)
dx shape: (256,)
dt shape: (256,)
Final data shape: (128, 13, 32)
Current Spatial Size: 32
x shape: torch.Size([1536, 1, 32])
y shape: torch.Size([1536, 1, 32])
spatial coordinates shape: (32,)
Loading from file: /data/user_data/rvk/ks/res_32/visc_0.01_L2.0_lmax30/KS_test.h5
Available data keys in 'test': ['dt', 'dx', 'pde_51-32', 't', 'x']
PDE data shape: (256, 51, 32)
Time data shape: (256, 51)
Spatial coordinates shape: (32,)
dx shape: (256,)
dt shape: (256,)
Final data shape: (128, 13, 32)
Current Spatial Size: 32
x shape: torch.Size([1536, 1, 32])
y shape: torch.Size([1536, 1, 32])
spatial coordinates shape: (32,)
---------Computing min-max normalization statistics---------------
Input data range: [-44.196224, 44.390461]
Output data range: [-66.184441, 63.596958]
Train dataset size: 12288
Validation dataset size: 1536
Test dataset size: 1536
<dataloaders.ks.ks_markov_dataset.<locals>.MinMaxNormalizedDataset object at 0x14e1ef1a0cd0>
<class 'torch.Tensor'> 0.49890366196632385 0.509968638420105 0.12501434981822968 0.09194821864366531
FFNO1D(
  (in_proj): WNLinear(in_features=1, out_features=64, bias=True)
  (fourier_layers): ModuleList(
    (0-7): 8 x FSpectralConv1d(
      (fourier_weight): ParameterList(  (0): Parameter containing: [torch.float32 of size 64x64x16x2 (cuda:0)])
      (backcast_ff): FeedForward(
        (layers): ModuleList(
          (0): Sequential(
            (0): Linear(in_features=64, out_features=256, bias=True)
            (1): Dropout(p=0.0, inplace=False)
            (2): GELU(approximate='none')
            (3): Identity()
          )
          (1): Sequential(
            (0): Linear(in_features=256, out_features=64, bias=True)
            (1): Dropout(p=0.0, inplace=False)
            (2): Identity()
            (3): LayerNorm((64,), eps=1e-05, elementwise_affine=True)
          )
        )
      )
    )
  )
  (out_proj): WNLinear(in_features=64, out_features=1, bias=True)
)
Total Model Parameters: 1.31M
Trainable Parameters: 1.31M
Epoch 0, Train Loss: 0.52751070, Val Loss: 0.20662716
Epoch 10, Train Loss: 0.05234358, Val Loss: 0.06268136
Epoch 20, Train Loss: 0.03569961, Val Loss: 0.03646955
Epoch 30, Train Loss: 0.01754996, Val Loss: 0.02225771
Epoch 40, Train Loss: 0.01500747, Val Loss: 0.01299344
Epoch 50, Train Loss: 0.01018603, Val Loss: 0.00898846
Epoch 60, Train Loss: 0.00911853, Val Loss: 0.00817814
Epoch 70, Train Loss: 0.00754092, Val Loss: 0.00840374
Epoch 80, Train Loss: 0.00553445, Val Loss: 0.00616266
Epoch 90, Train Loss: 0.00499389, Val Loss: 0.00597909
Test L2 Loss: 0.910875
Model saved to checkpoints/ffno1d/ks_5290169.pt
Created/verified figures directory: figures/5290169
Evaluating KS model at multiple resolutions
Using provided normalization statistics from training resolution 32:
  Input range: [-44.196224, 44.390461]
  Output range: [-66.184441, 63.596958]
Testing resolutions: [32, 64, 128, 256, 512]
Loading from file: /data/user_data/rvk/ks/res_32/visc_0.01_L2.0_lmax30/KS_train_2048.h5
Available data keys in 'train': ['dt', 'dx', 'pde_51-32', 't', 'x']
PDE data shape: (2048, 51, 32)
Time data shape: (2048, 51)
Spatial coordinates shape: (32,)
dx shape: (2048,)
dt shape: (2048,)
Final data shape: (1024, 13, 32)
Current Spatial Size: 32
x shape: torch.Size([12288, 1, 32])
y shape: torch.Size([12288, 1, 32])
spatial coordinates shape: (32,)
Loading from file: /data/user_data/rvk/ks/res_32/visc_0.01_L2.0_lmax30/KS_valid.h5
Available data keys in 'valid': ['dt', 'dx', 'pde_51-32', 't', 'x']
PDE data shape: (256, 51, 32)
Time data shape: (256, 51)
Spatial coordinates shape: (32,)
dx shape: (256,)
dt shape: (256,)
Final data shape: (128, 13, 32)
Current Spatial Size: 32
x shape: torch.Size([1536, 1, 32])
y shape: torch.Size([1536, 1, 32])
spatial coordinates shape: (32,)
Loading from file: /data/user_data/rvk/ks/res_32/visc_0.01_L2.0_lmax30/KS_test.h5
Available data keys in 'test': ['dt', 'dx', 'pde_51-32', 't', 'x']
PDE data shape: (256, 51, 32)
Time data shape: (256, 51)
Spatial coordinates shape: (32,)
dx shape: (256,)
dt shape: (256,)
Final data shape: (128, 13, 32)
Current Spatial Size: 32
x shape: torch.Size([1536, 1, 32])
y shape: torch.Size([1536, 1, 32])
spatial coordinates shape: (32,)
Train dataset size: 12288
Validation dataset size: 1536
Test dataset size: 1536
Selected random indices for plotting: [1039, 957, 694, 739, 1261, 1316, 600, 868, 1295, 1524]
Collected 10 examples for resolution 32
Resolution 32 - Relative L2 Loss: 0.911077
Memory cleaned after resolution 32
Loading from file: /data/user_data/rvk/ks/res_32/visc_0.01_L2.0_lmax30/KS_train_2048.h5
Available data keys in 'train': ['dt', 'dx', 'pde_51-32', 't', 'x']
PDE data shape: (2048, 51, 32)
Time data shape: (2048, 51)
Spatial coordinates shape: (32,)
dx shape: (2048,)
dt shape: (2048,)
Final data shape: (1024, 13, 32)
Current Spatial Size: 32
Resizing from 32 to 64
Upsampling using FFT-based resize_1d function
Data shape after resizing: (1024, 13, 64)
Updated spatial coordinates shape: (64,)
x shape: torch.Size([12288, 1, 64])
y shape: torch.Size([12288, 1, 64])
spatial coordinates shape: (64,)
Loading from file: /data/user_data/rvk/ks/res_32/visc_0.01_L2.0_lmax30/KS_valid.h5
Available data keys in 'valid': ['dt', 'dx', 'pde_51-32', 't', 'x']
PDE data shape: (256, 51, 32)
Time data shape: (256, 51)
Spatial coordinates shape: (32,)
dx shape: (256,)
dt shape: (256,)
Final data shape: (128, 13, 32)
Current Spatial Size: 32
Resizing from 32 to 64
Upsampling using FFT-based resize_1d function
Data shape after resizing: (128, 13, 64)
Updated spatial coordinates shape: (64,)
x shape: torch.Size([1536, 1, 64])
y shape: torch.Size([1536, 1, 64])
spatial coordinates shape: (64,)
Loading from file: /data/user_data/rvk/ks/res_32/visc_0.01_L2.0_lmax30/KS_test.h5
Available data keys in 'test': ['dt', 'dx', 'pde_51-32', 't', 'x']
PDE data shape: (256, 51, 32)
Time data shape: (256, 51)
Spatial coordinates shape: (32,)
dx shape: (256,)
dt shape: (256,)
Final data shape: (128, 13, 32)
Current Spatial Size: 32
Resizing from 32 to 64
Upsampling using FFT-based resize_1d function
Data shape after resizing: (128, 13, 64)
Updated spatial coordinates shape: (64,)
x shape: torch.Size([1536, 1, 64])
y shape: torch.Size([1536, 1, 64])
spatial coordinates shape: (64,)
Train dataset size: 12288
Validation dataset size: 1536
Test dataset size: 1536
Collected 10 examples for resolution 64
Resolution 64 - Relative L2 Loss: 0.888237
Memory cleaned after resolution 64
Loading from file: /data/user_data/rvk/ks/res_32/visc_0.01_L2.0_lmax30/KS_train_2048.h5
Available data keys in 'train': ['dt', 'dx', 'pde_51-32', 't', 'x']
PDE data shape: (2048, 51, 32)
Time data shape: (2048, 51)
Spatial coordinates shape: (32,)
dx shape: (2048,)
dt shape: (2048,)
Final data shape: (1024, 13, 32)
Current Spatial Size: 32
Resizing from 32 to 128
Upsampling using FFT-based resize_1d function
Data shape after resizing: (1024, 13, 128)
Updated spatial coordinates shape: (128,)
x shape: torch.Size([12288, 1, 128])
y shape: torch.Size([12288, 1, 128])
spatial coordinates shape: (128,)
Loading from file: /data/user_data/rvk/ks/res_32/visc_0.01_L2.0_lmax30/KS_valid.h5
Available data keys in 'valid': ['dt', 'dx', 'pde_51-32', 't', 'x']
PDE data shape: (256, 51, 32)
Time data shape: (256, 51)
Spatial coordinates shape: (32,)
dx shape: (256,)
dt shape: (256,)
Final data shape: (128, 13, 32)
Current Spatial Size: 32
Resizing from 32 to 128
Upsampling using FFT-based resize_1d function
Data shape after resizing: (128, 13, 128)
Updated spatial coordinates shape: (128,)
x shape: torch.Size([1536, 1, 128])
y shape: torch.Size([1536, 1, 128])
spatial coordinates shape: (128,)
Loading from file: /data/user_data/rvk/ks/res_32/visc_0.01_L2.0_lmax30/KS_test.h5
Available data keys in 'test': ['dt', 'dx', 'pde_51-32', 't', 'x']
PDE data shape: (256, 51, 32)
Time data shape: (256, 51)
Spatial coordinates shape: (32,)
dx shape: (256,)
dt shape: (256,)
Final data shape: (128, 13, 32)
Current Spatial Size: 32
Resizing from 32 to 128
Upsampling using FFT-based resize_1d function
Data shape after resizing: (128, 13, 128)
Updated spatial coordinates shape: (128,)
x shape: torch.Size([1536, 1, 128])
y shape: torch.Size([1536, 1, 128])
spatial coordinates shape: (128,)
Train dataset size: 12288
Validation dataset size: 1536
Test dataset size: 1536
Collected 10 examples for resolution 128
Resolution 128 - Relative L2 Loss: 0.888348
Memory cleaned after resolution 128
Loading from file: /data/user_data/rvk/ks/res_32/visc_0.01_L2.0_lmax30/KS_train_2048.h5
Available data keys in 'train': ['dt', 'dx', 'pde_51-32', 't', 'x']
PDE data shape: (2048, 51, 32)
Time data shape: (2048, 51)
Spatial coordinates shape: (32,)
dx shape: (2048,)
dt shape: (2048,)
Final data shape: (1024, 13, 32)
Current Spatial Size: 32
Resizing from 32 to 256
Upsampling using FFT-based resize_1d function
Data shape after resizing: (1024, 13, 256)
Updated spatial coordinates shape: (256,)
x shape: torch.Size([12288, 1, 256])
y shape: torch.Size([12288, 1, 256])
spatial coordinates shape: (256,)
Loading from file: /data/user_data/rvk/ks/res_32/visc_0.01_L2.0_lmax30/KS_valid.h5
Available data keys in 'valid': ['dt', 'dx', 'pde_51-32', 't', 'x']
PDE data shape: (256, 51, 32)
Time data shape: (256, 51)
Spatial coordinates shape: (32,)
dx shape: (256,)
dt shape: (256,)
Final data shape: (128, 13, 32)
Current Spatial Size: 32
Resizing from 32 to 256
Upsampling using FFT-based resize_1d function
Data shape after resizing: (128, 13, 256)
Updated spatial coordinates shape: (256,)
x shape: torch.Size([1536, 1, 256])
y shape: torch.Size([1536, 1, 256])
spatial coordinates shape: (256,)
Loading from file: /data/user_data/rvk/ks/res_32/visc_0.01_L2.0_lmax30/KS_test.h5
Available data keys in 'test': ['dt', 'dx', 'pde_51-32', 't', 'x']
PDE data shape: (256, 51, 32)
Time data shape: (256, 51)
Spatial coordinates shape: (32,)
dx shape: (256,)
dt shape: (256,)
Final data shape: (128, 13, 32)
Current Spatial Size: 32
Resizing from 32 to 256
Upsampling using FFT-based resize_1d function
Data shape after resizing: (128, 13, 256)
Updated spatial coordinates shape: (256,)
x shape: torch.Size([1536, 1, 256])
y shape: torch.Size([1536, 1, 256])
spatial coordinates shape: (256,)
Train dataset size: 12288
Validation dataset size: 1536
Test dataset size: 1536
Collected 10 examples for resolution 256
Resolution 256 - Relative L2 Loss: 0.888253
Memory cleaned after resolution 256
Loading from file: /data/user_data/rvk/ks/res_32/visc_0.01_L2.0_lmax30/KS_train_2048.h5
Available data keys in 'train': ['dt', 'dx', 'pde_51-32', 't', 'x']
PDE data shape: (2048, 51, 32)
Time data shape: (2048, 51)
Spatial coordinates shape: (32,)
dx shape: (2048,)
dt shape: (2048,)
Final data shape: (1024, 13, 32)
Current Spatial Size: 32
Resizing from 32 to 512
Upsampling using FFT-based resize_1d function
Data shape after resizing: (1024, 13, 512)
Updated spatial coordinates shape: (512,)
x shape: torch.Size([12288, 1, 512])
y shape: torch.Size([12288, 1, 512])
spatial coordinates shape: (512,)
Loading from file: /data/user_data/rvk/ks/res_32/visc_0.01_L2.0_lmax30/KS_valid.h5
Available data keys in 'valid': ['dt', 'dx', 'pde_51-32', 't', 'x']
PDE data shape: (256, 51, 32)
Time data shape: (256, 51)
Spatial coordinates shape: (32,)
dx shape: (256,)
dt shape: (256,)
Final data shape: (128, 13, 32)
Current Spatial Size: 32
Resizing from 32 to 512
Upsampling using FFT-based resize_1d function
Data shape after resizing: (128, 13, 512)
Updated spatial coordinates shape: (512,)
x shape: torch.Size([1536, 1, 512])
y shape: torch.Size([1536, 1, 512])
spatial coordinates shape: (512,)
Loading from file: /data/user_data/rvk/ks/res_32/visc_0.01_L2.0_lmax30/KS_test.h5
Available data keys in 'test': ['dt', 'dx', 'pde_51-32', 't', 'x']
PDE data shape: (256, 51, 32)
Time data shape: (256, 51)
Spatial coordinates shape: (32,)
dx shape: (256,)
dt shape: (256,)
Final data shape: (128, 13, 32)
Current Spatial Size: 32
Resizing from 32 to 512
Upsampling using FFT-based resize_1d function
Data shape after resizing: (128, 13, 512)
Updated spatial coordinates shape: (512,)
x shape: torch.Size([1536, 1, 512])
y shape: torch.Size([1536, 1, 512])
spatial coordinates shape: (512,)
Train dataset size: 12288
Validation dataset size: 1536
Test dataset size: 1536
Collected 10 examples for resolution 512
Resolution 512 - Relative L2 Loss: 0.888255
Memory cleaned after resolution 512
Creating prediction vs target plots...
Saved prediction plot: figures/5290169/prediction_plots/ks_predictions_vs_targets_10_examples.png
Saved numerical results: figures/5290169/ks_1d_evaluation_results_20250731_234213.csv
Saved summary: figures/5290169/ks_1d_evaluation_summary_20250731_234213.txt

==================================================
KS EVALUATION SUMMARY
==================================================
Resolution  32: 0.911077
Resolution  64: 0.888237
Resolution 128: 0.888348
Resolution 256: 0.888253
Resolution 512: 0.888255

Summary of Super-Resolution Evaluation:
Resolution factor 32: Relative L2 Loss = 0.911077
Resolution factor 64: Relative L2 Loss = 0.888237
Resolution factor 128: Relative L2 Loss = 0.888348
Resolution factor 256: Relative L2 Loss = 0.888253
Resolution factor 512: Relative L2 Loss = 0.888255

Evaluation plots saved to: figures/5290169
Wandb run: https://wandb.ai/rohanvk-carnegie-mellon-university/ffno1d/runs/dnnhrlba
Job completed at Thu Jul 31 23:42:17 EDT 2025
