Job started on babel-5-31 at Mon Mar 24 13:48:54 EDT 2025
Job ID: 4435806
Using device: cuda
[2025-03-24 13:48:59,478][root][INFO] - model:
  _target_: models.ffno.FFNO1D
  in_channels: 1
  out_channels: 1
  width: 32
  n_modes: 16
  factor: 4
  n_layers: 4
  ff_weight_norm: true
  n_ff_layers: 2
  layer_norm: false
  grid: null
  dropout: 0.0
  mode: full
dataset:
  reduced_batch: 1
  reduced_resolution: 1
  reduced_resolution_t: 4
  pde: burger_0.01
  data_path1: data/pdebench/1D_Burgers_Sols_Nu0.01.hdf5
training:
  batch_size: 64
  epochs: 100
  learning_rate: 0.001
  use_normalizer: false
project_name: ${dataset.pde}_${hydra:runtime.choices.model}
checkpoint_dir: checkpoints

Project name: burger_0.01_ffno_1d/ffno_1d
Model name: models.ffno.FFNO1D
PDE Dataset: burger_0.01
Loading from file: /home/rvk/data/pdebench/1D_Burgers_Sols_Nu0.01.hdf5
(10000, 201, 1024)
Total data shape: (10000, 51, 1024)
x shape: (490000, 1, 1024)
y shape: (490000, 1, 1024)
grid shape: torch.Size([1024, 1])
---------Using data normalizer---------------
Train dataset size: 392000
Validation dataset size: 49000
Test dataset size: 49000
<class 'torch.Tensor'> 0.0574481338262558 0.057801272720098495 1.0228289365768433 1.0228142738342285
Sample Input shape: torch.Size([64, 1, 1024])
Sample Output shape: torch.Size([64, 1, 1024])
FFNO1D(
  (in_proj): WNLinear(in_features=2, out_features=32, bias=True)
  (fourier_layers): ModuleList(
    (0-3): 4 x FSpectralConv1d(
      (fourier_weight): ParameterList(  (0): Parameter containing: [torch.float32 of size 32x32x16x2 (cuda:0)])
      (backcast_ff): FeedForward(
        (layers): ModuleList(
          (0): Sequential(
            (0): Linear(in_features=32, out_features=128, bias=True)
            (1): Dropout(p=0.0, inplace=False)
            (2): GELU(approximate='none')
            (3): Identity()
          )
          (1): Sequential(
            (0): Linear(in_features=128, out_features=32, bias=True)
            (1): Dropout(p=0.0, inplace=False)
            (2): Identity()
            (3): Identity()
          )
        )
      )
      (act): Identity()
    )
  )
  (out_proj): WNLinear(in_features=32, out_features=1, bias=True)
)
Epoch 0, Train Loss: 0.01714061, Val Loss: 0.01133817
Epoch 10, Train Loss: 0.00325862, Val Loss: 0.00418797
Epoch 20, Train Loss: 0.00245183, Val Loss: 0.00194705
Epoch 30, Train Loss: 0.00196554, Val Loss: 0.00157267
Epoch 40, Train Loss: 0.00153260, Val Loss: 0.00239048
Epoch 50, Train Loss: 0.00118536, Val Loss: 0.00138389
Epoch 60, Train Loss: 0.00083513, Val Loss: 0.00112835
Epoch 70, Train Loss: 0.00053607, Val Loss: 0.00046768
Epoch 80, Train Loss: 0.00032366, Val Loss: 0.00027589
Epoch 90, Train Loss: 0.00020033, Val Loss: 0.00019028
Test L2 Loss: 0.000177
Figure saved to output_logs/predictions/burger_0.01_fno_4435806_predictions.png
Original test data shape: x=torch.Size([49000, 1, 1024]), y=torch.Size([49000, 1, 1024])

Evaluating at resolution factor: 1
Resolution factor 1 - Relative L2 Loss: 0.000177

Evaluating at resolution factor: 2
Downsampled shapes: x=torch.Size([49000, 1, 512]), y=torch.Size([49000, 1, 512])
Resolution factor 2 - Relative L2 Loss: 0.001829

Evaluating at resolution factor: 4
Downsampled shapes: x=torch.Size([49000, 1, 256]), y=torch.Size([49000, 1, 256])
Resolution factor 4 - Relative L2 Loss: 0.001829

Evaluating at resolution factor: 8
Downsampled shapes: x=torch.Size([49000, 1, 128]), y=torch.Size([49000, 1, 128])
Resolution factor 8 - Relative L2 Loss: 0.001832

Evaluating at resolution factor: 16
Downsampled shapes: x=torch.Size([49000, 1, 64]), y=torch.Size([49000, 1, 64])
Resolution factor 16 - Relative L2 Loss: 0.002039

Evaluating at resolution factor: 32
Downsampled shapes: x=torch.Size([49000, 1, 32]), y=torch.Size([49000, 1, 32])
Resolution factor 32 - Relative L2 Loss: 0.007539

Summary of Super-Resolution Evaluation:
Resolution factor 1: Relative L2 Loss = 0.000177
Resolution factor 2: Relative L2 Loss = 0.001829
Resolution factor 4: Relative L2 Loss = 0.001829
Resolution factor 8: Relative L2 Loss = 0.001832
Resolution factor 16: Relative L2 Loss = 0.002039
Resolution factor 32: Relative L2 Loss = 0.007539
Model saved to checkpoints/ffno1d/burger_0.01_4435806.pt
[1;34mwandb[0m: 
[1;34mwandb[0m: 🚀 View run [33mlegendary-sunset-8[0m at: [34mhttps://wandb.ai/rohanvk-carnegie-mellon-university/ffno1d/runs/91ibnfer[0m
[1;34mwandb[0m: Find logs at: [1;35mwandb/run-20250324_134925-91ibnfer/logs[0m
Job completed at Mon Mar 24 15:29:57 EDT 2025
