Job started on babel-3-5 at Tue Sep  2 16:40:14 EDT 2025
Job ID: 5429998
GPU information:
Tue Sep  2 16:40:14 2025       
+-----------------------------------------------------------------------------------------+
| NVIDIA-SMI 575.51.03              Driver Version: 575.51.03      CUDA Version: 12.9     |
|-----------------------------------------+------------------------+----------------------+
| GPU  Name                 Persistence-M | Bus-Id          Disp.A | Volatile Uncorr. ECC |
| Fan  Temp   Perf          Pwr:Usage/Cap |           Memory-Usage | GPU-Util  Compute M. |
|                                         |                        |               MIG M. |
|=========================================+========================+======================|
|   0  NVIDIA L40S                    On  |   00000000:56:00.0 Off |                    0 |
| N/A   23C    P8             32W /  280W |       0MiB /  46068MiB |      0%      Default |
|                                         |                        |                  N/A |
+-----------------------------------------+------------------------+----------------------+
|   1  NVIDIA L40S                    On  |   00000000:D1:00.0 Off |                    0 |
| N/A   21C    P8             30W /  280W |       0MiB /  46068MiB |      0%      Default |
|                                         |                        |                  N/A |
+-----------------------------------------+------------------------+----------------------+
                                                                                         
+-----------------------------------------------------------------------------------------+
| Processes:                                                                              |
|  GPU   GI   CI              PID   Type   Process name                        GPU Memory |
|        ID   ID                                                               Usage      |
|=========================================================================================|
|  No running processes found                                                             |
+-----------------------------------------------------------------------------------------+
CUDA devices:
CUDA_VISIBLE_DEVICES: 0,1
/home/rvk
============================================================
ARGUMENTS:
============================================================
experiment          : KS
device              : cpu
end_time            : 5.0
nt                  : 51
nt_effective        : 51
nx                  : 400
L                   : 64.0
train_samples       : 1024
valid_samples       : 128
test_samples        : 128
batch_size          : 1
suffix              : 
log                 : False
viscosity           : 0.05
lmax                : 8
create_plots        : True
num_plots           : 10
plot_resolutions    : [32, 64, 128, 256, 512]
============================================================
Data directory /data/user_data/rvk/ks/res_400/visc_0.05_L64.0_lmax8_et5.0_nte51_nt51 created.
Log directory /data/user_data/rvk/ks/res_400/visc_0.05_L64.0_lmax8_et5.0_nte51_nt51/log created.
Generating data
No file /data/user_data/rvk/ks/res_400/visc_0.05_L64.0_lmax8_et5.0_nte51_nt51/KS_valid.h5 exists yet.
No file /data/user_data/rvk/ks/res_400/visc_0.05_L64.0_lmax8_et5.0_nte51_nt51/KS_train_1024.h5 exists yet.
No file /data/user_data/rvk/ks/res_400/visc_0.05_L64.0_lmax8_et5.0_nte51_nt51/KS_test.h5 exists yet.
Equation: KS
Mode: valid
Number of samples: 128
Solved indices: 0 : 0
Solved batches: 1 of 128
Solved indices: 1 : 1
Solved batches: 2 of 128
Solved indices: 2 : 2
Solved batches: 3 of 128
Solved indices: 3 : 3
Solved batches: 4 of 128
Solved indices: 4 : 4
Solved batches: 5 of 128
Solved indices: 5 : 5
Solved batches: 6 of 128
Solved indices: 6 : 6
Solved batches: 7 of 128
Solved indices: 7 : 7
Solved batches: 8 of 128
Solved indices: 8 : 8
Solved batches: 9 of 128
Solved indices: 9 : 9
Solved batches: 10 of 128
Solved indices: 10 : 10
Solved batches: 11 of 128
Solved indices: 11 : 11
Solved batches: 12 of 128
Solved indices: 12 : 12
Solved batches: 13 of 128
Solved indices: 13 : 13
Solved batches: 14 of 128
Solved indices: 14 : 14
Solved batches: 15 of 128
Solved indices: 15 : 15
Solved batches: 16 of 128
Solved indices: 16 : 16
Solved batches: 17 of 128
Solved indices: 17 : 17
Solved batches: 18 of 128
Solved indices: 18 : 18
Solved batches: 19 of 128
Solved indices: 19 : 19
Solved batches: 20 of 128
Solved indices: 20 : 20
Solved batches: 21 of 128
Solved indices: 21 : 21
Solved batches: 22 of 128
Solved indices: 22 : 22
Solved batches: 23 of 128
Solved indices: 23 : 23
Solved batches: 24 of 128
Solved indices: 24 : 24
Solved batches: 25 of 128
Solved indices: 25 : 25
Solved batches: 26 of 128
Solved indices: 26 : 26
Solved batches: 27 of 128
Solved indices: 27 : 27
Solved batches: 28 of 128
Solved indices: 28 : 28
Solved batches: 29 of 128
Solved indices: 29 : 29
Solved batches: 30 of 128
Solved indices: 30 : 30
Solved batches: 31 of 128
Solved indices: 31 : 31
Solved batches: 32 of 128
Solved indices: 32 : 32
Solved batches: 33 of 128
Solved indices: 33 : 33
Solved batches: 34 of 128
Solved indices: 34 : 34
Solved batches: 35 of 128
Solved indices: 35 : 35
Solved batches: 36 of 128
Solved indices: 36 : 36
Solved batches: 37 of 128
Solved indices: 37 : 37
Solved batches: 38 of 128
Solved indices: 38 : 38
Solved batches: 39 of 128
Solved indices: 39 : 39
Solved batches: 40 of 128
Solved indices: 40 : 40
Solved batches: 41 of 128
Solved indices: 41 : 41
Solved batches: 42 of 128
Solved indices: 42 : 42
Solved batches: 43 of 128
Solved indices: 43 : 43
Solved batches: 44 of 128
Solved indices: 44 : 44
Solved batches: 45 of 128
Solved indices: 45 : 45
Solved batches: 46 of 128
Solved indices: 46 : 46
Solved batches: 47 of 128
Solved indices: 47 : 47
Solved batches: 48 of 128
Solved indices: 48 : 48
Solved batches: 49 of 128
Solved indices: 49 : 49
Solved batches: 50 of 128
Solved indices: 50 : 50
Solved batches: 51 of 128
Solved indices: 51 : 51
Solved batches: 52 of 128
Solved indices: 52 : 52
Solved batches: 53 of 128
Solved indices: 53 : 53
Solved batches: 54 of 128
Solved indices: 54 : 54
Solved batches: 55 of 128
Solved indices: 55 : 55
Solved batches: 56 of 128
Solved indices: 56 : 56
Solved batches: 57 of 128
Solved indices: 57 : 57
Solved batches: 58 of 128
Solved indices: 58 : 58
Solved batches: 59 of 128
Solved indices: 59 : 59
Solved batches: 60 of 128
Solved indices: 60 : 60
Solved batches: 61 of 128
Solved indices: 61 : 61
Solved batches: 62 of 128
Solved indices: 62 : 62
Solved batches: 63 of 128
Solved indices: 63 : 63
Solved batches: 64 of 128
Solved indices: 64 : 64
Solved batches: 65 of 128
Solved indices: 65 : 65
Solved batches: 66 of 128
Solved indices: 66 : 66
Solved batches: 67 of 128
Solved indices: 67 : 67
Solved batches: 68 of 128
Solved indices: 68 : 68
Solved batches: 69 of 128
Solved indices: 69 : 69
Solved batches: 70 of 128
Solved indices: 70 : 70
Solved batches: 71 of 128
Solved indices: 71 : 71
Solved batches: 72 of 128
Solved indices: 72 : 72
Solved batches: 73 of 128
Solved indices: 73 : 73
Solved batches: 74 of 128
Solved indices: 74 : 74
Solved batches: 75 of 128
Solved indices: 75 : 75
Solved batches: 76 of 128
Solved indices: 76 : 76
Solved batches: 77 of 128
Solved indices: 77 : 77
Solved batches: 78 of 128
Solved indices: 78 : 78
Solved batches: 79 of 128
Solved indices: 79 : 79
Solved batches: 80 of 128
Solved indices: 80 : 80
Solved batches: 81 of 128
Solved indices: 81 : 81
Solved batches: 82 of 128
Solved indices: 82 : 82
Solved batches: 83 of 128
Solved indices: 83 : 83
Solved batches: 84 of 128
Solved indices: 84 : 84
Solved batches: 85 of 128
Solved indices: 85 : 85
Solved batches: 86 of 128
Solved indices: 86 : 86
Solved batches: 87 of 128
Solved indices: 87 : 87
Solved batches: 88 of 128
Solved indices: 88 : 88
Solved batches: 89 of 128
Solved indices: 89 : 89
Solved batches: 90 of 128
Solved indices: 90 : 90
Solved batches: 91 of 128
Solved indices: 91 : 91
Solved batches: 92 of 128
Solved indices: 92 : 92
Solved batches: 93 of 128
Solved indices: 93 : 93
Solved batches: 94 of 128
Solved indices: 94 : 94
Solved batches: 95 of 128
Solved indices: 95 : 95
Solved batches: 96 of 128
Solved indices: 96 : 96
Solved batches: 97 of 128
Solved indices: 97 : 97
Solved batches: 98 of 128
Solved indices: 98 : 98
Solved batches: 99 of 128
Solved indices: 99 : 99
Solved batches: 100 of 128
Solved indices: 100 : 100
Solved batches: 101 of 128
Solved indices: 101 : 101
Solved batches: 102 of 128
Solved indices: 102 : 102
Solved batches: 103 of 128
Solved indices: 103 : 103
Solved batches: 104 of 128
Solved indices: 104 : 104
Solved batches: 105 of 128
Solved indices: 105 : 105
Solved batches: 106 of 128
Solved indices: 106 : 106
Solved batches: 107 of 128
Solved indices: 107 : 107
Solved batches: 108 of 128
Solved indices: 108 : 108
Solved batches: 109 of 128
Solved indices: 109 : 109
Solved batches: 110 of 128
Solved indices: 110 : 110
Solved batches: 111 of 128
Solved indices: 111 : 111
Solved batches: 112 of 128
Solved indices: 112 : 112
Solved batches: 113 of 128
Solved indices: 113 : 113
Solved batches: 114 of 128
Solved indices: 114 : 114
Solved batches: 115 of 128
Solved indices: 115 : 115
Solved batches: 116 of 128
Solved indices: 116 : 116
Solved batches: 117 of 128
Solved indices: 117 : 117
Solved batches: 118 of 128
Solved indices: 118 : 118
Solved batches: 119 of 128
Solved indices: 119 : 119
Solved batches: 120 of 128
Solved indices: 120 : 120
Solved batches: 121 of 128
Solved indices: 121 : 121
Solved batches: 122 of 128
Solved indices: 122 : 122
Solved batches: 123 of 128
Solved indices: 123 : 123
Solved batches: 124 of 128
Solved indices: 124 : 124
Solved batches: 125 of 128
Solved indices: 125 : 125
Solved batches: 126 of 128
Solved indices: 126 : 126
Solved batches: 127 of 128
Solved indices: 127 : 127
Solved batches: 128 of 128

Data saved


Equation: KS
Mode: train
Number of samples: 1024
Solved indices: 0 : 0
Solved batches: 1 of 1024
Solved indices: 1 : 1
Solved batches: 2 of 1024
Solved indices: 2 : 2
Solved batches: 3 of 1024
Solved indices: 3 : 3
Solved batches: 4 of 1024
Solved indices: 4 : 4
Solved batches: 5 of 1024
Solved indices: 5 : 5
Solved batches: 6 of 1024
Solved indices: 6 : 6
Solved batches: 7 of 1024
Solved indices: 7 : 7
Solved batches: 8 of 1024
Solved indices: 8 : 8
Solved batches: 9 of 1024
Solved indices: 9 : 9
Solved batches: 10 of 1024
Solved indices: 10 : 10
Solved batches: 11 of 1024
Solved indices: 11 : 11
Solved batches: 12 of 1024
Solved indices: 12 : 12
Solved batches: 13 of 1024
Solved indices: 13 : 13
Solved batches: 14 of 1024
Solved indices: 14 : 14
Solved batches: 15 of 1024
Solved indices: 15 : 15
Solved batches: 16 of 1024
Solved indices: 16 : 16
Solved batches: 17 of 1024
Solved indices: 17 : 17
Solved batches: 18 of 1024
Solved indices: 18 : 18
Solved batches: 19 of 1024
Solved indices: 19 : 19
Solved batches: 20 of 1024
Solved indices: 20 : 20
Solved batches: 21 of 1024
Solved indices: 21 : 21
Solved batches: 22 of 1024
Solved indices: 22 : 22
Solved batches: 23 of 1024
Solved indices: 23 : 23
Solved batches: 24 of 1024
Solved indices: 24 : 24
Solved batches: 25 of 1024
Solved indices: 25 : 25
Solved batches: 26 of 1024
Solved indices: 26 : 26
Solved batches: 27 of 1024
Solved indices: 27 : 27
Solved batches: 28 of 1024
Solved indices: 28 : 28
Solved batches: 29 of 1024
Solved indices: 29 : 29
Solved batches: 30 of 1024
Solved indices: 30 : 30
Solved batches: 31 of 1024
Solved indices: 31 : 31
Solved batches: 32 of 1024
Solved indices: 32 : 32
Solved batches: 33 of 1024
Solved indices: 33 : 33
Solved batches: 34 of 1024
Solved indices: 34 : 34
Solved batches: 35 of 1024
Solved indices: 35 : 35
Solved batches: 36 of 1024
Solved indices: 36 : 36
Solved batches: 37 of 1024
Solved indices: 37 : 37
Solved batches: 38 of 1024
Solved indices: 38 : 38
Solved batches: 39 of 1024
Solved indices: 39 : 39
Solved batches: 40 of 1024
Solved indices: 40 : 40
Solved batches: 41 of 1024
Solved indices: 41 : 41
Solved batches: 42 of 1024
Solved indices: 42 : 42
Solved batches: 43 of 1024
Solved indices: 43 : 43
Solved batches: 44 of 1024
Solved indices: 44 : 44
Solved batches: 45 of 1024
Solved indices: 45 : 45
Solved batches: 46 of 1024
Solved indices: 46 : 46
Solved batches: 47 of 1024
Solved indices: 47 : 47
Solved batches: 48 of 1024
Solved indices: 48 : 48
Solved batches: 49 of 1024
Solved indices: 49 : 49
Solved batches: 50 of 1024
Solved indices: 50 : 50
Solved batches: 51 of 1024
Solved indices: 51 : 51
Solved batches: 52 of 1024
Solved indices: 52 : 52
Solved batches: 53 of 1024
Solved indices: 53 : 53
Solved batches: 54 of 1024
Solved indices: 54 : 54
Solved batches: 55 of 1024
Solved indices: 55 : 55
Solved batches: 56 of 1024
Solved indices: 56 : 56
Solved batches: 57 of 1024
Solved indices: 57 : 57
Solved batches: 58 of 1024
Solved indices: 58 : 58
Solved batches: 59 of 1024
Solved indices: 59 : 59
Solved batches: 60 of 1024
Solved indices: 60 : 60
Solved batches: 61 of 1024
Solved indices: 61 : 61
Solved batches: 62 of 1024
Solved indices: 62 : 62
Solved batches: 63 of 1024
Solved indices: 63 : 63
Solved batches: 64 of 1024
Solved indices: 64 : 64
Solved batches: 65 of 1024
Solved indices: 65 : 65
Solved batches: 66 of 1024
Solved indices: 66 : 66
Solved batches: 67 of 1024
Solved indices: 67 : 67
Solved batches: 68 of 1024
Solved indices: 68 : 68
Solved batches: 69 of 1024
Solved indices: 69 : 69
Solved batches: 70 of 1024
Solved indices: 70 : 70
Solved batches: 71 of 1024
Solved indices: 71 : 71
Solved batches: 72 of 1024
Solved indices: 72 : 72
Solved batches: 73 of 1024
Solved indices: 73 : 73
Solved batches: 74 of 1024
Solved indices: 74 : 74
Solved batches: 75 of 1024
Solved indices: 75 : 75
Solved batches: 76 of 1024
Solved indices: 76 : 76
Solved batches: 77 of 1024
Solved indices: 77 : 77
Solved batches: 78 of 1024
Solved indices: 78 : 78
Solved batches: 79 of 1024
Solved indices: 79 : 79
Solved batches: 80 of 1024
Solved indices: 80 : 80
Solved batches: 81 of 1024
Solved indices: 81 : 81
Solved batches: 82 of 1024
Solved indices: 82 : 82
Solved batches: 83 of 1024
Solved indices: 83 : 83
Solved batches: 84 of 1024
Solved indices: 84 : 84
Solved batches: 85 of 1024
Solved indices: 85 : 85
Solved batches: 86 of 1024
Solved indices: 86 : 86
Solved batches: 87 of 1024
Solved indices: 87 : 87
Solved batches: 88 of 1024
Solved indices: 88 : 88
Solved batches: 89 of 1024
Solved indices: 89 : 89
Solved batches: 90 of 1024
Solved indices: 90 : 90
Solved batches: 91 of 1024
Solved indices: 91 : 91
Solved batches: 92 of 1024
Solved indices: 92 : 92
Solved batches: 93 of 1024
Solved indices: 93 : 93
Solved batches: 94 of 1024
Solved indices: 94 : 94
Solved batches: 95 of 1024
Solved indices: 95 : 95
Solved batches: 96 of 1024
Solved indices: 96 : 96
Solved batches: 97 of 1024
Solved indices: 97 : 97
Solved batches: 98 of 1024
Solved indices: 98 : 98
Solved batches: 99 of 1024
Solved indices: 99 : 99
Solved batches: 100 of 1024
Solved indices: 100 : 100
Solved batches: 101 of 1024
Solved indices: 101 : 101
Solved batches: 102 of 1024
Solved indices: 102 : 102
Solved batches: 103 of 1024
Solved indices: 103 : 103
Solved batches: 104 of 1024
Solved indices: 104 : 104
Solved batches: 105 of 1024
Solved indices: 105 : 105
Solved batches: 106 of 1024
Solved indices: 106 : 106
Solved batches: 107 of 1024
Solved indices: 107 : 107
Solved batches: 108 of 1024
Solved indices: 108 : 108
Solved batches: 109 of 1024
Solved indices: 109 : 109
Solved batches: 110 of 1024
Solved indices: 110 : 110
Solved batches: 111 of 1024
Solved indices: 111 : 111
Solved batches: 112 of 1024
Solved indices: 112 : 112
Solved batches: 113 of 1024
Solved indices: 113 : 113
Solved batches: 114 of 1024
Solved indices: 114 : 114
Solved batches: 115 of 1024
Solved indices: 115 : 115
Solved batches: 116 of 1024
Solved indices: 116 : 116
Solved batches: 117 of 1024
Solved indices: 117 : 117
Solved batches: 118 of 1024
Solved indices: 118 : 118
Solved batches: 119 of 1024
Solved indices: 119 : 119
Solved batches: 120 of 1024
Solved indices: 120 : 120
Solved batches: 121 of 1024
Solved indices: 121 : 121
Solved batches: 122 of 1024
Solved indices: 122 : 122
Solved batches: 123 of 1024
Solved indices: 123 : 123
Solved batches: 124 of 1024
Solved indices: 124 : 124
Solved batches: 125 of 1024
Solved indices: 125 : 125
Solved batches: 126 of 1024
Solved indices: 126 : 126
Solved batches: 127 of 1024
Solved indices: 127 : 127
Solved batches: 128 of 1024
Solved indices: 128 : 128
Solved batches: 129 of 1024
Solved indices: 129 : 129
Solved batches: 130 of 1024
Solved indices: 130 : 130
Solved batches: 131 of 1024
Solved indices: 131 : 131
Solved batches: 132 of 1024
Solved indices: 132 : 132
Solved batches: 133 of 1024
Solved indices: 133 : 133
Solved batches: 134 of 1024
Solved indices: 134 : 134
Solved batches: 135 of 1024
Solved indices: 135 : 135
Solved batches: 136 of 1024
Solved indices: 136 : 136
Solved batches: 137 of 1024
Solved indices: 137 : 137
Solved batches: 138 of 1024
Solved indices: 138 : 138
Solved batches: 139 of 1024
Solved indices: 139 : 139
Solved batches: 140 of 1024
Solved indices: 140 : 140
Solved batches: 141 of 1024
Solved indices: 141 : 141
Solved batches: 142 of 1024
Solved indices: 142 : 142
Solved batches: 143 of 1024
Solved indices: 143 : 143
Solved batches: 144 of 1024
Solved indices: 144 : 144
Solved batches: 145 of 1024
Solved indices: 145 : 145
Solved batches: 146 of 1024
Solved indices: 146 : 146
Solved batches: 147 of 1024
Solved indices: 147 : 147
Solved batches: 148 of 1024
Solved indices: 148 : 148
Solved batches: 149 of 1024
Solved indices: 149 : 149
Solved batches: 150 of 1024
Solved indices: 150 : 150
Solved batches: 151 of 1024
Solved indices: 151 : 151
Solved batches: 152 of 1024
Solved indices: 152 : 152
Solved batches: 153 of 1024
Solved indices: 153 : 153
Solved batches: 154 of 1024
Solved indices: 154 : 154
Solved batches: 155 of 1024
Solved indices: 155 : 155
Solved batches: 156 of 1024
Solved indices: 156 : 156
Solved batches: 157 of 1024
Solved indices: 157 : 157
Solved batches: 158 of 1024
Solved indices: 158 : 158
Solved batches: 159 of 1024
Solved indices: 159 : 159
Solved batches: 160 of 1024
Solved indices: 160 : 160
Solved batches: 161 of 1024
Solved indices: 161 : 161
Solved batches: 162 of 1024
Solved indices: 162 : 162
Solved batches: 163 of 1024
Solved indices: 163 : 163
Solved batches: 164 of 1024
Solved indices: 164 : 164
Solved batches: 165 of 1024
Solved indices: 165 : 165
Solved batches: 166 of 1024
Solved indices: 166 : 166
Solved batches: 167 of 1024
Solved indices: 167 : 167
Solved batches: 168 of 1024
Solved indices: 168 : 168
Solved batches: 169 of 1024
Solved indices: 169 : 169
Solved batches: 170 of 1024
Solved indices: 170 : 170
Solved batches: 171 of 1024
Solved indices: 171 : 171
Solved batches: 172 of 1024
Solved indices: 172 : 172
Solved batches: 173 of 1024
Solved indices: 173 : 173
Solved batches: 174 of 1024
Solved indices: 174 : 174
Solved batches: 175 of 1024
Solved indices: 175 : 175
Solved batches: 176 of 1024
Solved indices: 176 : 176
Solved batches: 177 of 1024
Solved indices: 177 : 177
Solved batches: 178 of 1024
Solved indices: 178 : 178
Solved batches: 179 of 1024
Solved indices: 179 : 179
Solved batches: 180 of 1024
Solved indices: 180 : 180
Solved batches: 181 of 1024
Solved indices: 181 : 181
Solved batches: 182 of 1024
Solved indices: 182 : 182
Solved batches: 183 of 1024
Solved indices: 183 : 183
Solved batches: 184 of 1024
Solved indices: 184 : 184
Solved batches: 185 of 1024
Solved indices: 185 : 185
Solved batches: 186 of 1024
Solved indices: 186 : 186
Solved batches: 187 of 1024
Solved indices: 187 : 187
Solved batches: 188 of 1024
Solved indices: 188 : 188
Solved batches: 189 of 1024
Solved indices: 189 : 189
Solved batches: 190 of 1024
Solved indices: 190 : 190
Solved batches: 191 of 1024
Solved indices: 191 : 191
Solved batches: 192 of 1024
Solved indices: 192 : 192
Solved batches: 193 of 1024
Solved indices: 193 : 193
Solved batches: 194 of 1024
Solved indices: 194 : 194
Solved batches: 195 of 1024
Solved indices: 195 : 195
Solved batches: 196 of 1024
Solved indices: 196 : 196
Solved batches: 197 of 1024
Solved indices: 197 : 197
Solved batches: 198 of 1024
Solved indices: 198 : 198
Solved batches: 199 of 1024
Solved indices: 199 : 199
Solved batches: 200 of 1024
Solved indices: 200 : 200
Solved batches: 201 of 1024
Solved indices: 201 : 201
Solved batches: 202 of 1024
Solved indices: 202 : 202
Solved batches: 203 of 1024
Solved indices: 203 : 203
Solved batches: 204 of 1024
Solved indices: 204 : 204
Solved batches: 205 of 1024
Solved indices: 205 : 205
Solved batches: 206 of 1024
Solved indices: 206 : 206
Solved batches: 207 of 1024
Solved indices: 207 : 207
Solved batches: 208 of 1024
Solved indices: 208 : 208
Solved batches: 209 of 1024
Solved indices: 209 : 209
Solved batches: 210 of 1024
Solved indices: 210 : 210
Solved batches: 211 of 1024
Solved indices: 211 : 211
Solved batches: 212 of 1024
Solved indices: 212 : 212
Solved batches: 213 of 1024
Solved indices: 213 : 213
Solved batches: 214 of 1024
Solved indices: 214 : 214
Solved batches: 215 of 1024
Solved indices: 215 : 215
Solved batches: 216 of 1024
Solved indices: 216 : 216
Solved batches: 217 of 1024
Solved indices: 217 : 217
Solved batches: 218 of 1024
Solved indices: 218 : 218
Solved batches: 219 of 1024
Solved indices: 219 : 219
Solved batches: 220 of 1024
Solved indices: 220 : 220
Solved batches: 221 of 1024
Solved indices: 221 : 221
Solved batches: 222 of 1024
Solved indices: 222 : 222
Solved batches: 223 of 1024
Solved indices: 223 : 223
Solved batches: 224 of 1024
Solved indices: 224 : 224
Solved batches: 225 of 1024
Solved indices: 225 : 225
Solved batches: 226 of 1024
Solved indices: 226 : 226
Solved batches: 227 of 1024
Solved indices: 227 : 227
Solved batches: 228 of 1024
Solved indices: 228 : 228
Solved batches: 229 of 1024
Solved indices: 229 : 229
Solved batches: 230 of 1024
Solved indices: 230 : 230
Solved batches: 231 of 1024
Solved indices: 231 : 231
Solved batches: 232 of 1024
Solved indices: 232 : 232
Solved batches: 233 of 1024
Solved indices: 233 : 233
Solved batches: 234 of 1024
Solved indices: 234 : 234
Solved batches: 235 of 1024
Solved indices: 235 : 235
Solved batches: 236 of 1024
Solved indices: 236 : 236
Solved batches: 237 of 1024
Solved indices: 237 : 237
Solved batches: 238 of 1024
Solved indices: 238 : 238
Solved batches: 239 of 1024
Solved indices: 239 : 239
Solved batches: 240 of 1024
Solved indices: 240 : 240
Solved batches: 241 of 1024
Solved indices: 241 : 241
Solved batches: 242 of 1024
Solved indices: 242 : 242
Solved batches: 243 of 1024
Solved indices: 243 : 243
Solved batches: 244 of 1024
Solved indices: 244 : 244
Solved batches: 245 of 1024
Solved indices: 245 : 245
Solved batches: 246 of 1024
Solved indices: 246 : 246
Solved batches: 247 of 1024
Solved indices: 247 : 247
Solved batches: 248 of 1024
Solved indices: 248 : 248
Solved batches: 249 of 1024
Solved indices: 249 : 249
Solved batches: 250 of 1024
Solved indices: 250 : 250
Solved batches: 251 of 1024
Solved indices: 251 : 251
Solved batches: 252 of 1024
Solved indices: 252 : 252
Solved batches: 253 of 1024
Solved indices: 253 : 253
Solved batches: 254 of 1024
Solved indices: 254 : 254
Solved batches: 255 of 1024
Solved indices: 255 : 255
Solved batches: 256 of 1024
Solved indices: 256 : 256
Solved batches: 257 of 1024
Solved indices: 257 : 257
Solved batches: 258 of 1024
Solved indices: 258 : 258
Solved batches: 259 of 1024
Solved indices: 259 : 259
Solved batches: 260 of 1024
Solved indices: 260 : 260
Solved batches: 261 of 1024
Solved indices: 261 : 261
Solved batches: 262 of 1024
Solved indices: 262 : 262
Solved batches: 263 of 1024
Solved indices: 263 : 263
Solved batches: 264 of 1024
Solved indices: 264 : 264
Solved batches: 265 of 1024
Solved indices: 265 : 265
Solved batches: 266 of 1024
Solved indices: 266 : 266
Solved batches: 267 of 1024
Solved indices: 267 : 267
Solved batches: 268 of 1024
Solved indices: 268 : 268
Solved batches: 269 of 1024
Solved indices: 269 : 269
Solved batches: 270 of 1024
Solved indices: 270 : 270
Solved batches: 271 of 1024
Solved indices: 271 : 271
Solved batches: 272 of 1024
Solved indices: 272 : 272
Solved batches: 273 of 1024
Solved indices: 273 : 273
Solved batches: 274 of 1024
Solved indices: 274 : 274
Solved batches: 275 of 1024
Solved indices: 275 : 275
Solved batches: 276 of 1024
Solved indices: 276 : 276
Solved batches: 277 of 1024
Solved indices: 277 : 277
Solved batches: 278 of 1024
Solved indices: 278 : 278
Solved batches: 279 of 1024
Solved indices: 279 : 279
Solved batches: 280 of 1024
Solved indices: 280 : 280
Solved batches: 281 of 1024
Solved indices: 281 : 281
Solved batches: 282 of 1024
Solved indices: 282 : 282
Solved batches: 283 of 1024
Solved indices: 283 : 283
Solved batches: 284 of 1024
Solved indices: 284 : 284
Solved batches: 285 of 1024
Solved indices: 285 : 285
Solved batches: 286 of 1024
Solved indices: 286 : 286
Solved batches: 287 of 1024
Solved indices: 287 : 287
Solved batches: 288 of 1024
Solved indices: 288 : 288
Solved batches: 289 of 1024
Solved indices: 289 : 289
Solved batches: 290 of 1024
Solved indices: 290 : 290
Solved batches: 291 of 1024
Solved indices: 291 : 291
Solved batches: 292 of 1024
Solved indices: 292 : 292
Solved batches: 293 of 1024
Solved indices: 293 : 293
Solved batches: 294 of 1024
Solved indices: 294 : 294
Solved batches: 295 of 1024
Solved indices: 295 : 295
Solved batches: 296 of 1024
Solved indices: 296 : 296
Solved batches: 297 of 1024
Solved indices: 297 : 297
Solved batches: 298 of 1024
Solved indices: 298 : 298
Solved batches: 299 of 1024
Solved indices: 299 : 299
Solved batches: 300 of 1024
Solved indices: 300 : 300
Solved batches: 301 of 1024
Solved indices: 301 : 301
Solved batches: 302 of 1024
Solved indices: 302 : 302
Solved batches: 303 of 1024
Solved indices: 303 : 303
Solved batches: 304 of 1024
Solved indices: 304 : 304
Solved batches: 305 of 1024
Solved indices: 305 : 305
Solved batches: 306 of 1024
Solved indices: 306 : 306
Solved batches: 307 of 1024
Solved indices: 307 : 307
Solved batches: 308 of 1024
Solved indices: 308 : 308
Solved batches: 309 of 1024
Solved indices: 309 : 309
Solved batches: 310 of 1024
Solved indices: 310 : 310
Solved batches: 311 of 1024
Solved indices: 311 : 311
Solved batches: 312 of 1024
Solved indices: 312 : 312
Solved batches: 313 of 1024
Solved indices: 313 : 313
Solved batches: 314 of 1024
Solved indices: 314 : 314
Solved batches: 315 of 1024
Solved indices: 315 : 315
Solved batches: 316 of 1024
Solved indices: 316 : 316
Solved batches: 317 of 1024
Solved indices: 317 : 317
Solved batches: 318 of 1024
Solved indices: 318 : 318
Solved batches: 319 of 1024
Solved indices: 319 : 319
Solved batches: 320 of 1024
Solved indices: 320 : 320
Solved batches: 321 of 1024
Solved indices: 321 : 321
Solved batches: 322 of 1024
Solved indices: 322 : 322
Solved batches: 323 of 1024
Solved indices: 323 : 323
Solved batches: 324 of 1024
Solved indices: 324 : 324
Solved batches: 325 of 1024
Solved indices: 325 : 325
Solved batches: 326 of 1024
Solved indices: 326 : 326
Solved batches: 327 of 1024
Solved indices: 327 : 327
Solved batches: 328 of 1024
Solved indices: 328 : 328
Solved batches: 329 of 1024
Solved indices: 329 : 329
Solved batches: 330 of 1024
Solved indices: 330 : 330
Solved batches: 331 of 1024
Solved indices: 331 : 331
Solved batches: 332 of 1024
Solved indices: 332 : 332
Solved batches: 333 of 1024
Solved indices: 333 : 333
Solved batches: 334 of 1024
Solved indices: 334 : 334
Solved batches: 335 of 1024
Solved indices: 335 : 335
Solved batches: 336 of 1024
Solved indices: 336 : 336
Solved batches: 337 of 1024
Solved indices: 337 : 337
Solved batches: 338 of 1024
Solved indices: 338 : 338
Solved batches: 339 of 1024
Solved indices: 339 : 339
Solved batches: 340 of 1024
Solved indices: 340 : 340
Solved batches: 341 of 1024
Solved indices: 341 : 341
Solved batches: 342 of 1024
Solved indices: 342 : 342
Solved batches: 343 of 1024
Solved indices: 343 : 343
Solved batches: 344 of 1024
Solved indices: 344 : 344
Solved batches: 345 of 1024
Solved indices: 345 : 345
Solved batches: 346 of 1024
Solved indices: 346 : 346
Solved batches: 347 of 1024
Solved indices: 347 : 347
Solved batches: 348 of 1024
Solved indices: 348 : 348
Solved batches: 349 of 1024
Solved indices: 349 : 349
Solved batches: 350 of 1024
Solved indices: 350 : 350
Solved batches: 351 of 1024
Solved indices: 351 : 351
Solved batches: 352 of 1024
Solved indices: 352 : 352
Solved batches: 353 of 1024
Solved indices: 353 : 353
Solved batches: 354 of 1024
Solved indices: 354 : 354
Solved batches: 355 of 1024
Solved indices: 355 : 355
Solved batches: 356 of 1024
Solved indices: 356 : 356
Solved batches: 357 of 1024
Solved indices: 357 : 357
Solved batches: 358 of 1024
Solved indices: 358 : 358
Solved batches: 359 of 1024
Solved indices: 359 : 359
Solved batches: 360 of 1024
Solved indices: 360 : 360
Solved batches: 361 of 1024
Solved indices: 361 : 361
Solved batches: 362 of 1024
Solved indices: 362 : 362
Solved batches: 363 of 1024
Solved indices: 363 : 363
Solved batches: 364 of 1024
Solved indices: 364 : 364
Solved batches: 365 of 1024
Solved indices: 365 : 365
Solved batches: 366 of 1024
Solved indices: 366 : 366
Solved batches: 367 of 1024
Solved indices: 367 : 367
Solved batches: 368 of 1024
Solved indices: 368 : 368
Solved batches: 369 of 1024
Solved indices: 369 : 369
Solved batches: 370 of 1024
Solved indices: 370 : 370
Solved batches: 371 of 1024
Solved indices: 371 : 371
Solved batches: 372 of 1024
Solved indices: 372 : 372
Solved batches: 373 of 1024
Solved indices: 373 : 373
Solved batches: 374 of 1024
Solved indices: 374 : 374
Solved batches: 375 of 1024
Solved indices: 375 : 375
Solved batches: 376 of 1024
Solved indices: 376 : 376
Solved batches: 377 of 1024
Solved indices: 377 : 377
Solved batches: 378 of 1024
Solved indices: 378 : 378
Solved batches: 379 of 1024
Solved indices: 379 : 379
Solved batches: 380 of 1024
Solved indices: 380 : 380
Solved batches: 381 of 1024
Solved indices: 381 : 381
Solved batches: 382 of 1024
Solved indices: 382 : 382
Solved batches: 383 of 1024
Solved indices: 383 : 383
Solved batches: 384 of 1024
Solved indices: 384 : 384
Solved batches: 385 of 1024
Solved indices: 385 : 385
Solved batches: 386 of 1024
Solved indices: 386 : 386
Solved batches: 387 of 1024
Solved indices: 387 : 387
Solved batches: 388 of 1024
Solved indices: 388 : 388
Solved batches: 389 of 1024
Solved indices: 389 : 389
Solved batches: 390 of 1024
Solved indices: 390 : 390
Solved batches: 391 of 1024
Solved indices: 391 : 391
Solved batches: 392 of 1024
Solved indices: 392 : 392
Solved batches: 393 of 1024
Solved indices: 393 : 393
Solved batches: 394 of 1024
Solved indices: 394 : 394
Solved batches: 395 of 1024
Solved indices: 395 : 395
Solved batches: 396 of 1024
Solved indices: 396 : 396
Solved batches: 397 of 1024
Solved indices: 397 : 397
Solved batches: 398 of 1024
Solved indices: 398 : 398
Solved batches: 399 of 1024
Solved indices: 399 : 399
Solved batches: 400 of 1024
Solved indices: 400 : 400
Solved batches: 401 of 1024
Solved indices: 401 : 401
Solved batches: 402 of 1024
Solved indices: 402 : 402
Solved batches: 403 of 1024
Solved indices: 403 : 403
Solved batches: 404 of 1024
Solved indices: 404 : 404
Solved batches: 405 of 1024
Solved indices: 405 : 405
Solved batches: 406 of 1024
Solved indices: 406 : 406
Solved batches: 407 of 1024
Solved indices: 407 : 407
Solved batches: 408 of 1024
Solved indices: 408 : 408
Solved batches: 409 of 1024
Solved indices: 409 : 409
Solved batches: 410 of 1024
Solved indices: 410 : 410
Solved batches: 411 of 1024
Solved indices: 411 : 411
Solved batches: 412 of 1024
Solved indices: 412 : 412
Solved batches: 413 of 1024
Solved indices: 413 : 413
Solved batches: 414 of 1024
Solved indices: 414 : 414
Solved batches: 415 of 1024
Solved indices: 415 : 415
Solved batches: 416 of 1024
Solved indices: 416 : 416
Solved batches: 417 of 1024
Solved indices: 417 : 417
Solved batches: 418 of 1024
Solved indices: 418 : 418
Solved batches: 419 of 1024
Solved indices: 419 : 419
Solved batches: 420 of 1024
Solved indices: 420 : 420
Solved batches: 421 of 1024
Solved indices: 421 : 421
Solved batches: 422 of 1024
Solved indices: 422 : 422
Solved batches: 423 of 1024
Solved indices: 423 : 423
Solved batches: 424 of 1024
Solved indices: 424 : 424
Solved batches: 425 of 1024
Solved indices: 425 : 425
Solved batches: 426 of 1024
Solved indices: 426 : 426
Solved batches: 427 of 1024
Solved indices: 427 : 427
Solved batches: 428 of 1024
Solved indices: 428 : 428
Solved batches: 429 of 1024
Solved indices: 429 : 429
Solved batches: 430 of 1024
Solved indices: 430 : 430
Solved batches: 431 of 1024
Solved indices: 431 : 431
Solved batches: 432 of 1024
Solved indices: 432 : 432
Solved batches: 433 of 1024
Solved indices: 433 : 433
Solved batches: 434 of 1024
Solved indices: 434 : 434
Solved batches: 435 of 1024
Solved indices: 435 : 435
Solved batches: 436 of 1024
Solved indices: 436 : 436
Solved batches: 437 of 1024
Solved indices: 437 : 437
Solved batches: 438 of 1024
Solved indices: 438 : 438
Solved batches: 439 of 1024
Solved indices: 439 : 439
Solved batches: 440 of 1024
Solved indices: 440 : 440
Solved batches: 441 of 1024
Solved indices: 441 : 441
Solved batches: 442 of 1024
Solved indices: 442 : 442
Solved batches: 443 of 1024
Solved indices: 443 : 443
Solved batches: 444 of 1024
Solved indices: 444 : 444
Solved batches: 445 of 1024
Solved indices: 445 : 445
Solved batches: 446 of 1024
Solved indices: 446 : 446
Solved batches: 447 of 1024
Solved indices: 447 : 447
Solved batches: 448 of 1024
Solved indices: 448 : 448
Solved batches: 449 of 1024
Solved indices: 449 : 449
Solved batches: 450 of 1024
Solved indices: 450 : 450
Solved batches: 451 of 1024
Solved indices: 451 : 451
Solved batches: 452 of 1024
Solved indices: 452 : 452
Solved batches: 453 of 1024
Solved indices: 453 : 453
Solved batches: 454 of 1024
Solved indices: 454 : 454
Solved batches: 455 of 1024
Solved indices: 455 : 455
Solved batches: 456 of 1024
Solved indices: 456 : 456
Solved batches: 457 of 1024
Solved indices: 457 : 457
Solved batches: 458 of 1024
Solved indices: 458 : 458
Solved batches: 459 of 1024
Solved indices: 459 : 459
Solved batches: 460 of 1024
Solved indices: 460 : 460
Solved batches: 461 of 1024
Solved indices: 461 : 461
Solved batches: 462 of 1024
Solved indices: 462 : 462
Solved batches: 463 of 1024
Solved indices: 463 : 463
Solved batches: 464 of 1024
Solved indices: 464 : 464
Solved batches: 465 of 1024
Solved indices: 465 : 465
Solved batches: 466 of 1024
Solved indices: 466 : 466
Solved batches: 467 of 1024
Solved indices: 467 : 467
Solved batches: 468 of 1024
Solved indices: 468 : 468
Solved batches: 469 of 1024
Solved indices: 469 : 469
Solved batches: 470 of 1024
Solved indices: 470 : 470
Solved batches: 471 of 1024
Solved indices: 471 : 471
Solved batches: 472 of 1024
Solved indices: 472 : 472
Solved batches: 473 of 1024
Solved indices: 473 : 473
Solved batches: 474 of 1024
Solved indices: 474 : 474
Solved batches: 475 of 1024
Solved indices: 475 : 475
Solved batches: 476 of 1024
Solved indices: 476 : 476
Solved batches: 477 of 1024
Solved indices: 477 : 477
Solved batches: 478 of 1024
Solved indices: 478 : 478
Solved batches: 479 of 1024
Solved indices: 479 : 479
Solved batches: 480 of 1024
Solved indices: 480 : 480
Solved batches: 481 of 1024
Solved indices: 481 : 481
Solved batches: 482 of 1024
Solved indices: 482 : 482
Solved batches: 483 of 1024
Solved indices: 483 : 483
Solved batches: 484 of 1024
Solved indices: 484 : 484
Solved batches: 485 of 1024
Solved indices: 485 : 485
Solved batches: 486 of 1024
Solved indices: 486 : 486
Solved batches: 487 of 1024
Solved indices: 487 : 487
Solved batches: 488 of 1024
Solved indices: 488 : 488
Solved batches: 489 of 1024
Solved indices: 489 : 489
Solved batches: 490 of 1024
Solved indices: 490 : 490
Solved batches: 491 of 1024
Solved indices: 491 : 491
Solved batches: 492 of 1024
Solved indices: 492 : 492
Solved batches: 493 of 1024
Solved indices: 493 : 493
Solved batches: 494 of 1024
Solved indices: 494 : 494
Solved batches: 495 of 1024
Solved indices: 495 : 495
Solved batches: 496 of 1024
Solved indices: 496 : 496
Solved batches: 497 of 1024
Solved indices: 497 : 497
Solved batches: 498 of 1024
Solved indices: 498 : 498
Solved batches: 499 of 1024
Solved indices: 499 : 499
Solved batches: 500 of 1024
Solved indices: 500 : 500
Solved batches: 501 of 1024
Solved indices: 501 : 501
Solved batches: 502 of 1024
Solved indices: 502 : 502
Solved batches: 503 of 1024
Solved indices: 503 : 503
Solved batches: 504 of 1024
Solved indices: 504 : 504
Solved batches: 505 of 1024
Solved indices: 505 : 505
Solved batches: 506 of 1024
Solved indices: 506 : 506
Solved batches: 507 of 1024
Solved indices: 507 : 507
Solved batches: 508 of 1024
Solved indices: 508 : 508
Solved batches: 509 of 1024
Solved indices: 509 : 509
Solved batches: 510 of 1024
Solved indices: 510 : 510
Solved batches: 511 of 1024
Solved indices: 511 : 511
Solved batches: 512 of 1024
Solved indices: 512 : 512
Solved batches: 513 of 1024
Solved indices: 513 : 513
Solved batches: 514 of 1024
Solved indices: 514 : 514
Solved batches: 515 of 1024
Solved indices: 515 : 515
Solved batches: 516 of 1024
Solved indices: 516 : 516
Solved batches: 517 of 1024
Solved indices: 517 : 517
Solved batches: 518 of 1024
Solved indices: 518 : 518
Solved batches: 519 of 1024
Solved indices: 519 : 519
Solved batches: 520 of 1024
Solved indices: 520 : 520
Solved batches: 521 of 1024
Solved indices: 521 : 521
Solved batches: 522 of 1024
Solved indices: 522 : 522
Solved batches: 523 of 1024
Solved indices: 523 : 523
Solved batches: 524 of 1024
Solved indices: 524 : 524
Solved batches: 525 of 1024
Solved indices: 525 : 525
Solved batches: 526 of 1024
Solved indices: 526 : 526
Solved batches: 527 of 1024
Solved indices: 527 : 527
Solved batches: 528 of 1024
Solved indices: 528 : 528
Solved batches: 529 of 1024
Solved indices: 529 : 529
Solved batches: 530 of 1024
Solved indices: 530 : 530
Solved batches: 531 of 1024
Solved indices: 531 : 531
Solved batches: 532 of 1024
Solved indices: 532 : 532
Solved batches: 533 of 1024
Solved indices: 533 : 533
Solved batches: 534 of 1024
Solved indices: 534 : 534
Solved batches: 535 of 1024
Solved indices: 535 : 535
Solved batches: 536 of 1024
Solved indices: 536 : 536
Solved batches: 537 of 1024
Solved indices: 537 : 537
Solved batches: 538 of 1024
Solved indices: 538 : 538
Solved batches: 539 of 1024
Solved indices: 539 : 539
Solved batches: 540 of 1024
Solved indices: 540 : 540
Solved batches: 541 of 1024
Solved indices: 541 : 541
Solved batches: 542 of 1024
Solved indices: 542 : 542
Solved batches: 543 of 1024
Solved indices: 543 : 543
Solved batches: 544 of 1024
Solved indices: 544 : 544
Solved batches: 545 of 1024
Solved indices: 545 : 545
Solved batches: 546 of 1024
Solved indices: 546 : 546
Solved batches: 547 of 1024
Solved indices: 547 : 547
Solved batches: 548 of 1024
Solved indices: 548 : 548
Solved batches: 549 of 1024
Solved indices: 549 : 549
Solved batches: 550 of 1024
Solved indices: 550 : 550
Solved batches: 551 of 1024
Solved indices: 551 : 551
Solved batches: 552 of 1024
Solved indices: 552 : 552
Solved batches: 553 of 1024
Solved indices: 553 : 553
Solved batches: 554 of 1024
Solved indices: 554 : 554
Solved batches: 555 of 1024
Solved indices: 555 : 555
Solved batches: 556 of 1024
Solved indices: 556 : 556
Solved batches: 557 of 1024
Solved indices: 557 : 557
Solved batches: 558 of 1024
Solved indices: 558 : 558
Solved batches: 559 of 1024
Solved indices: 559 : 559
Solved batches: 560 of 1024
Solved indices: 560 : 560
Solved batches: 561 of 1024
Solved indices: 561 : 561
Solved batches: 562 of 1024
Solved indices: 562 : 562
Solved batches: 563 of 1024
Solved indices: 563 : 563
Solved batches: 564 of 1024
Solved indices: 564 : 564
Solved batches: 565 of 1024
Solved indices: 565 : 565
Solved batches: 566 of 1024
Solved indices: 566 : 566
Solved batches: 567 of 1024
Solved indices: 567 : 567
Solved batches: 568 of 1024
Solved indices: 568 : 568
Solved batches: 569 of 1024
Solved indices: 569 : 569
Solved batches: 570 of 1024
Solved indices: 570 : 570
Solved batches: 571 of 1024
Solved indices: 571 : 571
Solved batches: 572 of 1024
Solved indices: 572 : 572
Solved batches: 573 of 1024
Solved indices: 573 : 573
Solved batches: 574 of 1024
Solved indices: 574 : 574
Solved batches: 575 of 1024
Solved indices: 575 : 575
Solved batches: 576 of 1024
Solved indices: 576 : 576
Solved batches: 577 of 1024
Solved indices: 577 : 577
Solved batches: 578 of 1024
Solved indices: 578 : 578
Solved batches: 579 of 1024
Solved indices: 579 : 579
Solved batches: 580 of 1024
Solved indices: 580 : 580
Solved batches: 581 of 1024
Solved indices: 581 : 581
Solved batches: 582 of 1024
Solved indices: 582 : 582
Solved batches: 583 of 1024
Solved indices: 583 : 583
Solved batches: 584 of 1024
Solved indices: 584 : 584
Solved batches: 585 of 1024
Solved indices: 585 : 585
Solved batches: 586 of 1024
Solved indices: 586 : 586
Solved batches: 587 of 1024
Solved indices: 587 : 587
Solved batches: 588 of 1024
Solved indices: 588 : 588
Solved batches: 589 of 1024
Solved indices: 589 : 589
Solved batches: 590 of 1024
Solved indices: 590 : 590
Solved batches: 591 of 1024
Solved indices: 591 : 591
Solved batches: 592 of 1024
Solved indices: 592 : 592
Solved batches: 593 of 1024
Solved indices: 593 : 593
Solved batches: 594 of 1024
Solved indices: 594 : 594
Solved batches: 595 of 1024
Solved indices: 595 : 595
Solved batches: 596 of 1024
Solved indices: 596 : 596
Solved batches: 597 of 1024
Solved indices: 597 : 597
Solved batches: 598 of 1024
Solved indices: 598 : 598
Solved batches: 599 of 1024
Solved indices: 599 : 599
Solved batches: 600 of 1024
Solved indices: 600 : 600
Solved batches: 601 of 1024
Solved indices: 601 : 601
Solved batches: 602 of 1024
Solved indices: 602 : 602
Solved batches: 603 of 1024
Solved indices: 603 : 603
Solved batches: 604 of 1024
Solved indices: 604 : 604
Solved batches: 605 of 1024
Solved indices: 605 : 605
Solved batches: 606 of 1024
Solved indices: 606 : 606
Solved batches: 607 of 1024
Solved indices: 607 : 607
Solved batches: 608 of 1024
Solved indices: 608 : 608
Solved batches: 609 of 1024
Solved indices: 609 : 609
Solved batches: 610 of 1024
Solved indices: 610 : 610
Solved batches: 611 of 1024
Solved indices: 611 : 611
Solved batches: 612 of 1024
Solved indices: 612 : 612
Solved batches: 613 of 1024
Solved indices: 613 : 613
Solved batches: 614 of 1024
Solved indices: 614 : 614
Solved batches: 615 of 1024
Solved indices: 615 : 615
Solved batches: 616 of 1024
Solved indices: 616 : 616
Solved batches: 617 of 1024
Solved indices: 617 : 617
Solved batches: 618 of 1024
Solved indices: 618 : 618
Solved batches: 619 of 1024
Solved indices: 619 : 619
Solved batches: 620 of 1024
Solved indices: 620 : 620
Solved batches: 621 of 1024
Solved indices: 621 : 621
Solved batches: 622 of 1024
Solved indices: 622 : 622
Solved batches: 623 of 1024
Solved indices: 623 : 623
Solved batches: 624 of 1024
Solved indices: 624 : 624
Solved batches: 625 of 1024
Solved indices: 625 : 625
Solved batches: 626 of 1024
Solved indices: 626 : 626
Solved batches: 627 of 1024
Solved indices: 627 : 627
Solved batches: 628 of 1024
Solved indices: 628 : 628
Solved batches: 629 of 1024
Solved indices: 629 : 629
Solved batches: 630 of 1024
Solved indices: 630 : 630
Solved batches: 631 of 1024
Solved indices: 631 : 631
Solved batches: 632 of 1024
Solved indices: 632 : 632
Solved batches: 633 of 1024
Solved indices: 633 : 633
Solved batches: 634 of 1024
Solved indices: 634 : 634
Solved batches: 635 of 1024
Solved indices: 635 : 635
Solved batches: 636 of 1024
Solved indices: 636 : 636
Solved batches: 637 of 1024
Solved indices: 637 : 637
Solved batches: 638 of 1024
Solved indices: 638 : 638
Solved batches: 639 of 1024
Solved indices: 639 : 639
Solved batches: 640 of 1024
Solved indices: 640 : 640
Solved batches: 641 of 1024
Solved indices: 641 : 641
Solved batches: 642 of 1024
Solved indices: 642 : 642
Solved batches: 643 of 1024
Solved indices: 643 : 643
Solved batches: 644 of 1024
Solved indices: 644 : 644
Solved batches: 645 of 1024
Solved indices: 645 : 645
Solved batches: 646 of 1024
Solved indices: 646 : 646
Solved batches: 647 of 1024
Solved indices: 647 : 647
Solved batches: 648 of 1024
Solved indices: 648 : 648
Solved batches: 649 of 1024
Solved indices: 649 : 649
Solved batches: 650 of 1024
Solved indices: 650 : 650
Solved batches: 651 of 1024
Solved indices: 651 : 651
Solved batches: 652 of 1024
Solved indices: 652 : 652
Solved batches: 653 of 1024
Solved indices: 653 : 653
Solved batches: 654 of 1024
Solved indices: 654 : 654
Solved batches: 655 of 1024
Solved indices: 655 : 655
Solved batches: 656 of 1024
Solved indices: 656 : 656
Solved batches: 657 of 1024
Solved indices: 657 : 657
Solved batches: 658 of 1024
Solved indices: 658 : 658
Solved batches: 659 of 1024
Solved indices: 659 : 659
Solved batches: 660 of 1024
Solved indices: 660 : 660
Solved batches: 661 of 1024
Solved indices: 661 : 661
Solved batches: 662 of 1024
Solved indices: 662 : 662
Solved batches: 663 of 1024
Solved indices: 663 : 663
Solved batches: 664 of 1024
Solved indices: 664 : 664
Solved batches: 665 of 1024
Solved indices: 665 : 665
Solved batches: 666 of 1024
Solved indices: 666 : 666
Solved batches: 667 of 1024
Solved indices: 667 : 667
Solved batches: 668 of 1024
Solved indices: 668 : 668
Solved batches: 669 of 1024
Solved indices: 669 : 669
Solved batches: 670 of 1024
Solved indices: 670 : 670
Solved batches: 671 of 1024
Solved indices: 671 : 671
Solved batches: 672 of 1024
Solved indices: 672 : 672
Solved batches: 673 of 1024
Solved indices: 673 : 673
Solved batches: 674 of 1024
Solved indices: 674 : 674
Solved batches: 675 of 1024
Solved indices: 675 : 675
Solved batches: 676 of 1024
Solved indices: 676 : 676
Solved batches: 677 of 1024
Solved indices: 677 : 677
Solved batches: 678 of 1024
Solved indices: 678 : 678
Solved batches: 679 of 1024
Solved indices: 679 : 679
Solved batches: 680 of 1024
Solved indices: 680 : 680
Solved batches: 681 of 1024
Solved indices: 681 : 681
Solved batches: 682 of 1024
Solved indices: 682 : 682
Solved batches: 683 of 1024
Solved indices: 683 : 683
Solved batches: 684 of 1024
Solved indices: 684 : 684
Solved batches: 685 of 1024
Solved indices: 685 : 685
Solved batches: 686 of 1024
Solved indices: 686 : 686
Solved batches: 687 of 1024
Solved indices: 687 : 687
Solved batches: 688 of 1024
Solved indices: 688 : 688
Solved batches: 689 of 1024
Solved indices: 689 : 689
Solved batches: 690 of 1024
Solved indices: 690 : 690
Solved batches: 691 of 1024
Solved indices: 691 : 691
Solved batches: 692 of 1024
Solved indices: 692 : 692
Solved batches: 693 of 1024
Solved indices: 693 : 693
Solved batches: 694 of 1024
Solved indices: 694 : 694
Solved batches: 695 of 1024
Solved indices: 695 : 695
Solved batches: 696 of 1024
Solved indices: 696 : 696
Solved batches: 697 of 1024
Solved indices: 697 : 697
Solved batches: 698 of 1024
Solved indices: 698 : 698
Solved batches: 699 of 1024
Solved indices: 699 : 699
Solved batches: 700 of 1024
Solved indices: 700 : 700
Solved batches: 701 of 1024
Solved indices: 701 : 701
Solved batches: 702 of 1024
Solved indices: 702 : 702
Solved batches: 703 of 1024
Solved indices: 703 : 703
Solved batches: 704 of 1024
Solved indices: 704 : 704
Solved batches: 705 of 1024
Solved indices: 705 : 705
Solved batches: 706 of 1024
Solved indices: 706 : 706
Solved batches: 707 of 1024
Solved indices: 707 : 707
Solved batches: 708 of 1024
Solved indices: 708 : 708
Solved batches: 709 of 1024
Solved indices: 709 : 709
Solved batches: 710 of 1024
Solved indices: 710 : 710
Solved batches: 711 of 1024
Solved indices: 711 : 711
Solved batches: 712 of 1024
Solved indices: 712 : 712
Solved batches: 713 of 1024
Solved indices: 713 : 713
Solved batches: 714 of 1024
Solved indices: 714 : 714
Solved batches: 715 of 1024
Solved indices: 715 : 715
Solved batches: 716 of 1024
Solved indices: 716 : 716
Solved batches: 717 of 1024
Solved indices: 717 : 717
Solved batches: 718 of 1024
Solved indices: 718 : 718
Solved batches: 719 of 1024
Solved indices: 719 : 719
Solved batches: 720 of 1024
Solved indices: 720 : 720
Solved batches: 721 of 1024
Solved indices: 721 : 721
Solved batches: 722 of 1024
Solved indices: 722 : 722
Solved batches: 723 of 1024
Solved indices: 723 : 723
Solved batches: 724 of 1024
Solved indices: 724 : 724
Solved batches: 725 of 1024
Solved indices: 725 : 725
Solved batches: 726 of 1024
Solved indices: 726 : 726
Solved batches: 727 of 1024
Solved indices: 727 : 727
Solved batches: 728 of 1024
Solved indices: 728 : 728
Solved batches: 729 of 1024
Solved indices: 729 : 729
Solved batches: 730 of 1024
Solved indices: 730 : 730
Solved batches: 731 of 1024
Solved indices: 731 : 731
Solved batches: 732 of 1024
Solved indices: 732 : 732
Solved batches: 733 of 1024
Solved indices: 733 : 733
Solved batches: 734 of 1024
Solved indices: 734 : 734
Solved batches: 735 of 1024
Solved indices: 735 : 735
Solved batches: 736 of 1024
Solved indices: 736 : 736
Solved batches: 737 of 1024
Solved indices: 737 : 737
Solved batches: 738 of 1024
Solved indices: 738 : 738
Solved batches: 739 of 1024
Solved indices: 739 : 739
Solved batches: 740 of 1024
Solved indices: 740 : 740
Solved batches: 741 of 1024
Solved indices: 741 : 741
Solved batches: 742 of 1024
Solved indices: 742 : 742
Solved batches: 743 of 1024
Solved indices: 743 : 743
Solved batches: 744 of 1024
Solved indices: 744 : 744
Solved batches: 745 of 1024
Solved indices: 745 : 745
Solved batches: 746 of 1024
Solved indices: 746 : 746
Solved batches: 747 of 1024
Solved indices: 747 : 747
Solved batches: 748 of 1024
Solved indices: 748 : 748
Solved batches: 749 of 1024
Solved indices: 749 : 749
Solved batches: 750 of 1024
Solved indices: 750 : 750
Solved batches: 751 of 1024
Solved indices: 751 : 751
Solved batches: 752 of 1024
Solved indices: 752 : 752
Solved batches: 753 of 1024
Solved indices: 753 : 753
Solved batches: 754 of 1024
Solved indices: 754 : 754
Solved batches: 755 of 1024
Solved indices: 755 : 755
Solved batches: 756 of 1024
Solved indices: 756 : 756
Solved batches: 757 of 1024
Solved indices: 757 : 757
Solved batches: 758 of 1024
Solved indices: 758 : 758
Solved batches: 759 of 1024
Solved indices: 759 : 759
Solved batches: 760 of 1024
Solved indices: 760 : 760
Solved batches: 761 of 1024
Solved indices: 761 : 761
Solved batches: 762 of 1024
Solved indices: 762 : 762
Solved batches: 763 of 1024
Solved indices: 763 : 763
Solved batches: 764 of 1024
Solved indices: 764 : 764
Solved batches: 765 of 1024
Solved indices: 765 : 765
Solved batches: 766 of 1024
Solved indices: 766 : 766
Solved batches: 767 of 1024
Solved indices: 767 : 767
Solved batches: 768 of 1024
Solved indices: 768 : 768
Solved batches: 769 of 1024
Solved indices: 769 : 769
Solved batches: 770 of 1024
Solved indices: 770 : 770
Solved batches: 771 of 1024
Solved indices: 771 : 771
Solved batches: 772 of 1024
Solved indices: 772 : 772
Solved batches: 773 of 1024
Solved indices: 773 : 773
Solved batches: 774 of 1024
Solved indices: 774 : 774
Solved batches: 775 of 1024
Solved indices: 775 : 775
Solved batches: 776 of 1024
Solved indices: 776 : 776
Solved batches: 777 of 1024
Solved indices: 777 : 777
Solved batches: 778 of 1024
Solved indices: 778 : 778
Solved batches: 779 of 1024
Solved indices: 779 : 779
Solved batches: 780 of 1024
Solved indices: 780 : 780
Solved batches: 781 of 1024
Solved indices: 781 : 781
Solved batches: 782 of 1024
Solved indices: 782 : 782
Solved batches: 783 of 1024
Solved indices: 783 : 783
Solved batches: 784 of 1024
Solved indices: 784 : 784
Solved batches: 785 of 1024
Solved indices: 785 : 785
Solved batches: 786 of 1024
Solved indices: 786 : 786
Solved batches: 787 of 1024
Solved indices: 787 : 787
Solved batches: 788 of 1024
Solved indices: 788 : 788
Solved batches: 789 of 1024
Solved indices: 789 : 789
Solved batches: 790 of 1024
Solved indices: 790 : 790
Solved batches: 791 of 1024
Solved indices: 791 : 791
Solved batches: 792 of 1024
Solved indices: 792 : 792
Solved batches: 793 of 1024
Solved indices: 793 : 793
Solved batches: 794 of 1024
Solved indices: 794 : 794
Solved batches: 795 of 1024
Solved indices: 795 : 795
Solved batches: 796 of 1024
Solved indices: 796 : 796
Solved batches: 797 of 1024
Solved indices: 797 : 797
Solved batches: 798 of 1024
Solved indices: 798 : 798
Solved batches: 799 of 1024
Solved indices: 799 : 799
Solved batches: 800 of 1024
Solved indices: 800 : 800
Solved batches: 801 of 1024
Solved indices: 801 : 801
Solved batches: 802 of 1024
Solved indices: 802 : 802
Solved batches: 803 of 1024
Solved indices: 803 : 803
Solved batches: 804 of 1024
Solved indices: 804 : 804
Solved batches: 805 of 1024
Solved indices: 805 : 805
Solved batches: 806 of 1024
Solved indices: 806 : 806
Solved batches: 807 of 1024
Solved indices: 807 : 807
Solved batches: 808 of 1024
Solved indices: 808 : 808
Solved batches: 809 of 1024
Solved indices: 809 : 809
Solved batches: 810 of 1024
Solved indices: 810 : 810
Solved batches: 811 of 1024
Solved indices: 811 : 811
Solved batches: 812 of 1024
Solved indices: 812 : 812
Solved batches: 813 of 1024
Solved indices: 813 : 813
Solved batches: 814 of 1024
Solved indices: 814 : 814
Solved batches: 815 of 1024
Solved indices: 815 : 815
Solved batches: 816 of 1024
Solved indices: 816 : 816
Solved batches: 817 of 1024
Solved indices: 817 : 817
Solved batches: 818 of 1024
Solved indices: 818 : 818
Solved batches: 819 of 1024
Solved indices: 819 : 819
Solved batches: 820 of 1024
Solved indices: 820 : 820
Solved batches: 821 of 1024
Solved indices: 821 : 821
Solved batches: 822 of 1024
Solved indices: 822 : 822
Solved batches: 823 of 1024
Solved indices: 823 : 823
Solved batches: 824 of 1024
Solved indices: 824 : 824
Solved batches: 825 of 1024
Solved indices: 825 : 825
Solved batches: 826 of 1024
Solved indices: 826 : 826
Solved batches: 827 of 1024
Solved indices: 827 : 827
Solved batches: 828 of 1024
Solved indices: 828 : 828
Solved batches: 829 of 1024
Solved indices: 829 : 829
Solved batches: 830 of 1024
Solved indices: 830 : 830
Solved batches: 831 of 1024
Solved indices: 831 : 831
Solved batches: 832 of 1024
Solved indices: 832 : 832
Solved batches: 833 of 1024
Solved indices: 833 : 833
Solved batches: 834 of 1024
Solved indices: 834 : 834
Solved batches: 835 of 1024
Solved indices: 835 : 835
Solved batches: 836 of 1024
Solved indices: 836 : 836
Solved batches: 837 of 1024
Solved indices: 837 : 837
Solved batches: 838 of 1024
Solved indices: 838 : 838
Solved batches: 839 of 1024
Solved indices: 839 : 839
Solved batches: 840 of 1024
Solved indices: 840 : 840
Solved batches: 841 of 1024
Solved indices: 841 : 841
Solved batches: 842 of 1024
Solved indices: 842 : 842
Solved batches: 843 of 1024
Solved indices: 843 : 843
Solved batches: 844 of 1024
Solved indices: 844 : 844
Solved batches: 845 of 1024
Solved indices: 845 : 845
Solved batches: 846 of 1024
Solved indices: 846 : 846
Solved batches: 847 of 1024
Solved indices: 847 : 847
Solved batches: 848 of 1024
Solved indices: 848 : 848
Solved batches: 849 of 1024
Solved indices: 849 : 849
Solved batches: 850 of 1024
Solved indices: 850 : 850
Solved batches: 851 of 1024
Solved indices: 851 : 851
Solved batches: 852 of 1024
Solved indices: 852 : 852
Solved batches: 853 of 1024
Solved indices: 853 : 853
Solved batches: 854 of 1024
Solved indices: 854 : 854
Solved batches: 855 of 1024
Solved indices: 855 : 855
Solved batches: 856 of 1024
Solved indices: 856 : 856
Solved batches: 857 of 1024
Solved indices: 857 : 857
Solved batches: 858 of 1024
Solved indices: 858 : 858
Solved batches: 859 of 1024
Solved indices: 859 : 859
Solved batches: 860 of 1024
Solved indices: 860 : 860
Solved batches: 861 of 1024
Solved indices: 861 : 861
Solved batches: 862 of 1024
Solved indices: 862 : 862
Solved batches: 863 of 1024
Solved indices: 863 : 863
Solved batches: 864 of 1024
Solved indices: 864 : 864
Solved batches: 865 of 1024
Solved indices: 865 : 865
Solved batches: 866 of 1024
Solved indices: 866 : 866
Solved batches: 867 of 1024
Solved indices: 867 : 867
Solved batches: 868 of 1024
Solved indices: 868 : 868
Solved batches: 869 of 1024
Solved indices: 869 : 869
Solved batches: 870 of 1024
Solved indices: 870 : 870
Solved batches: 871 of 1024
Solved indices: 871 : 871
Solved batches: 872 of 1024
Solved indices: 872 : 872
Solved batches: 873 of 1024
Solved indices: 873 : 873
Solved batches: 874 of 1024
Solved indices: 874 : 874
Solved batches: 875 of 1024
Solved indices: 875 : 875
Solved batches: 876 of 1024
Solved indices: 876 : 876
Solved batches: 877 of 1024
Solved indices: 877 : 877
Solved batches: 878 of 1024
Solved indices: 878 : 878
Solved batches: 879 of 1024
Solved indices: 879 : 879
Solved batches: 880 of 1024
Solved indices: 880 : 880
Solved batches: 881 of 1024
Solved indices: 881 : 881
Solved batches: 882 of 1024
Solved indices: 882 : 882
Solved batches: 883 of 1024
Solved indices: 883 : 883
Solved batches: 884 of 1024
Solved indices: 884 : 884
Solved batches: 885 of 1024
Solved indices: 885 : 885
Solved batches: 886 of 1024
Solved indices: 886 : 886
Solved batches: 887 of 1024
Solved indices: 887 : 887
Solved batches: 888 of 1024
Solved indices: 888 : 888
Solved batches: 889 of 1024
Solved indices: 889 : 889
Solved batches: 890 of 1024
Solved indices: 890 : 890
Solved batches: 891 of 1024
Solved indices: 891 : 891
Solved batches: 892 of 1024
Solved indices: 892 : 892
Solved batches: 893 of 1024
Solved indices: 893 : 893
Solved batches: 894 of 1024
Solved indices: 894 : 894
Solved batches: 895 of 1024
Solved indices: 895 : 895
Solved batches: 896 of 1024
Solved indices: 896 : 896
Solved batches: 897 of 1024
Solved indices: 897 : 897
Solved batches: 898 of 1024
Solved indices: 898 : 898
Solved batches: 899 of 1024
Solved indices: 899 : 899
Solved batches: 900 of 1024
Solved indices: 900 : 900
Solved batches: 901 of 1024
Solved indices: 901 : 901
Solved batches: 902 of 1024
Solved indices: 902 : 902
Solved batches: 903 of 1024
Solved indices: 903 : 903
Solved batches: 904 of 1024
Solved indices: 904 : 904
Solved batches: 905 of 1024
Solved indices: 905 : 905
Solved batches: 906 of 1024
Solved indices: 906 : 906
Solved batches: 907 of 1024
Solved indices: 907 : 907
Solved batches: 908 of 1024
Solved indices: 908 : 908
Solved batches: 909 of 1024
Solved indices: 909 : 909
Solved batches: 910 of 1024
Solved indices: 910 : 910
Solved batches: 911 of 1024
Solved indices: 911 : 911
Solved batches: 912 of 1024
Solved indices: 912 : 912
Solved batches: 913 of 1024
Solved indices: 913 : 913
Solved batches: 914 of 1024
Solved indices: 914 : 914
Solved batches: 915 of 1024
Solved indices: 915 : 915
Solved batches: 916 of 1024
Solved indices: 916 : 916
Solved batches: 917 of 1024
Solved indices: 917 : 917
Solved batches: 918 of 1024
Solved indices: 918 : 918
Solved batches: 919 of 1024
Solved indices: 919 : 919
Solved batches: 920 of 1024
Solved indices: 920 : 920
Solved batches: 921 of 1024
Solved indices: 921 : 921
Solved batches: 922 of 1024
Solved indices: 922 : 922
Solved batches: 923 of 1024
Solved indices: 923 : 923
Solved batches: 924 of 1024
Solved indices: 924 : 924
Solved batches: 925 of 1024
Solved indices: 925 : 925
Solved batches: 926 of 1024
Solved indices: 926 : 926
Solved batches: 927 of 1024
Solved indices: 927 : 927
Solved batches: 928 of 1024
Solved indices: 928 : 928
Solved batches: 929 of 1024
Solved indices: 929 : 929
Solved batches: 930 of 1024
Solved indices: 930 : 930
Solved batches: 931 of 1024
Solved indices: 931 : 931
Solved batches: 932 of 1024
Solved indices: 932 : 932
Solved batches: 933 of 1024
Solved indices: 933 : 933
Solved batches: 934 of 1024
Solved indices: 934 : 934
Solved batches: 935 of 1024
Solved indices: 935 : 935
Solved batches: 936 of 1024
Solved indices: 936 : 936
Solved batches: 937 of 1024
Solved indices: 937 : 937
Solved batches: 938 of 1024
Solved indices: 938 : 938
Solved batches: 939 of 1024
Solved indices: 939 : 939
Solved batches: 940 of 1024
Solved indices: 940 : 940
Solved batches: 941 of 1024
Solved indices: 941 : 941
Solved batches: 942 of 1024
Solved indices: 942 : 942
Solved batches: 943 of 1024
Solved indices: 943 : 943
Solved batches: 944 of 1024
Solved indices: 944 : 944
Solved batches: 945 of 1024
Solved indices: 945 : 945
Solved batches: 946 of 1024
Solved indices: 946 : 946
Solved batches: 947 of 1024
Solved indices: 947 : 947
Solved batches: 948 of 1024
Solved indices: 948 : 948
Solved batches: 949 of 1024
Solved indices: 949 : 949
Solved batches: 950 of 1024
Solved indices: 950 : 950
Solved batches: 951 of 1024
Solved indices: 951 : 951
Solved batches: 952 of 1024
Solved indices: 952 : 952
Solved batches: 953 of 1024
Solved indices: 953 : 953
Solved batches: 954 of 1024
Solved indices: 954 : 954
Solved batches: 955 of 1024
Solved indices: 955 : 955
Solved batches: 956 of 1024
Solved indices: 956 : 956
Solved batches: 957 of 1024
Solved indices: 957 : 957
Solved batches: 958 of 1024
Solved indices: 958 : 958
Solved batches: 959 of 1024
Solved indices: 959 : 959
Solved batches: 960 of 1024
Solved indices: 960 : 960
Solved batches: 961 of 1024
Solved indices: 961 : 961
Solved batches: 962 of 1024
Solved indices: 962 : 962
Solved batches: 963 of 1024
Solved indices: 963 : 963
Solved batches: 964 of 1024
Solved indices: 964 : 964
Solved batches: 965 of 1024
Solved indices: 965 : 965
Solved batches: 966 of 1024
Solved indices: 966 : 966
Solved batches: 967 of 1024
Solved indices: 967 : 967
Solved batches: 968 of 1024
Solved indices: 968 : 968
Solved batches: 969 of 1024
Solved indices: 969 : 969
Solved batches: 970 of 1024
Solved indices: 970 : 970
Solved batches: 971 of 1024
Solved indices: 971 : 971
Solved batches: 972 of 1024
Solved indices: 972 : 972
Solved batches: 973 of 1024
Solved indices: 973 : 973
Solved batches: 974 of 1024
Solved indices: 974 : 974
Solved batches: 975 of 1024
Solved indices: 975 : 975
Solved batches: 976 of 1024
Solved indices: 976 : 976
Solved batches: 977 of 1024
Solved indices: 977 : 977
Solved batches: 978 of 1024
Solved indices: 978 : 978
Solved batches: 979 of 1024
Solved indices: 979 : 979
Solved batches: 980 of 1024
Solved indices: 980 : 980
Solved batches: 981 of 1024
Solved indices: 981 : 981
Solved batches: 982 of 1024
Solved indices: 982 : 982
Solved batches: 983 of 1024
Solved indices: 983 : 983
Solved batches: 984 of 1024
Solved indices: 984 : 984
Solved batches: 985 of 1024
Solved indices: 985 : 985
Solved batches: 986 of 1024
Solved indices: 986 : 986
Solved batches: 987 of 1024
Solved indices: 987 : 987
Solved batches: 988 of 1024
Solved indices: 988 : 988
Solved batches: 989 of 1024
Solved indices: 989 : 989
Solved batches: 990 of 1024
Solved indices: 990 : 990
Solved batches: 991 of 1024
Solved indices: 991 : 991
Solved batches: 992 of 1024
Solved indices: 992 : 992
Solved batches: 993 of 1024
Solved indices: 993 : 993
Solved batches: 994 of 1024
Solved indices: 994 : 994
Solved batches: 995 of 1024
Solved indices: 995 : 995
Solved batches: 996 of 1024
Solved indices: 996 : 996
Solved batches: 997 of 1024
Solved indices: 997 : 997
Solved batches: 998 of 1024
Solved indices: 998 : 998
Solved batches: 999 of 1024
Solved indices: 999 : 999
Solved batches: 1000 of 1024
Solved indices: 1000 : 1000
Solved batches: 1001 of 1024
Solved indices: 1001 : 1001
Solved batches: 1002 of 1024
Solved indices: 1002 : 1002
Solved batches: 1003 of 1024
Solved indices: 1003 : 1003
Solved batches: 1004 of 1024
Solved indices: 1004 : 1004
Solved batches: 1005 of 1024
Solved indices: 1005 : 1005
Solved batches: 1006 of 1024
Solved indices: 1006 : 1006
Solved batches: 1007 of 1024
Solved indices: 1007 : 1007
Solved batches: 1008 of 1024
Solved indices: 1008 : 1008
Solved batches: 1009 of 1024
Solved indices: 1009 : 1009
Solved batches: 1010 of 1024
Solved indices: 1010 : 1010
Solved batches: 1011 of 1024
Solved indices: 1011 : 1011
Solved batches: 1012 of 1024
Solved indices: 1012 : 1012
Solved batches: 1013 of 1024
Solved indices: 1013 : 1013
Solved batches: 1014 of 1024
Solved indices: 1014 : 1014
Solved batches: 1015 of 1024
Solved indices: 1015 : 1015
Solved batches: 1016 of 1024
Solved indices: 1016 : 1016
Solved batches: 1017 of 1024
Solved indices: 1017 : 1017
Solved batches: 1018 of 1024
Solved indices: 1018 : 1018
Solved batches: 1019 of 1024
Solved indices: 1019 : 1019
Solved batches: 1020 of 1024
Solved indices: 1020 : 1020
Solved batches: 1021 of 1024
Solved indices: 1021 : 1021
Solved batches: 1022 of 1024
Solved indices: 1022 : 1022
Solved batches: 1023 of 1024
Solved indices: 1023 : 1023
Solved batches: 1024 of 1024

Data saved


Equation: KS
Mode: test
Number of samples: 128
Solved indices: 0 : 0
Solved batches: 1 of 128
Solved indices: 1 : 1
Solved batches: 2 of 128
Solved indices: 2 : 2
Solved batches: 3 of 128
Solved indices: 3 : 3
Solved batches: 4 of 128
Solved indices: 4 : 4
Solved batches: 5 of 128
Solved indices: 5 : 5
Solved batches: 6 of 128
Solved indices: 6 : 6
Solved batches: 7 of 128
Solved indices: 7 : 7
Solved batches: 8 of 128
Solved indices: 8 : 8
Solved batches: 9 of 128
Solved indices: 9 : 9
Solved batches: 10 of 128
Solved indices: 10 : 10
Solved batches: 11 of 128
Solved indices: 11 : 11
Solved batches: 12 of 128
Solved indices: 12 : 12
Solved batches: 13 of 128
Solved indices: 13 : 13
Solved batches: 14 of 128
Solved indices: 14 : 14
Solved batches: 15 of 128
Solved indices: 15 : 15
Solved batches: 16 of 128
Solved indices: 16 : 16
Solved batches: 17 of 128
Solved indices: 17 : 17
Solved batches: 18 of 128
Solved indices: 18 : 18
Solved batches: 19 of 128
Solved indices: 19 : 19
Solved batches: 20 of 128
Solved indices: 20 : 20
Solved batches: 21 of 128
Solved indices: 21 : 21
Solved batches: 22 of 128
Solved indices: 22 : 22
Solved batches: 23 of 128
Solved indices: 23 : 23
Solved batches: 24 of 128
Solved indices: 24 : 24
Solved batches: 25 of 128
Solved indices: 25 : 25
Solved batches: 26 of 128
Solved indices: 26 : 26
Solved batches: 27 of 128
Solved indices: 27 : 27
Solved batches: 28 of 128
Solved indices: 28 : 28
Solved batches: 29 of 128
Solved indices: 29 : 29
Solved batches: 30 of 128
Solved indices: 30 : 30
Solved batches: 31 of 128
Solved indices: 31 : 31
Solved batches: 32 of 128
Solved indices: 32 : 32
Solved batches: 33 of 128
Solved indices: 33 : 33
Solved batches: 34 of 128
Solved indices: 34 : 34
Solved batches: 35 of 128
Solved indices: 35 : 35
Solved batches: 36 of 128
Solved indices: 36 : 36
Solved batches: 37 of 128
Solved indices: 37 : 37
Solved batches: 38 of 128
Solved indices: 38 : 38
Solved batches: 39 of 128
Solved indices: 39 : 39
Solved batches: 40 of 128
Solved indices: 40 : 40
Solved batches: 41 of 128
Solved indices: 41 : 41
Solved batches: 42 of 128
Solved indices: 42 : 42
Solved batches: 43 of 128
Solved indices: 43 : 43
Solved batches: 44 of 128
Solved indices: 44 : 44
Solved batches: 45 of 128
Solved indices: 45 : 45
Solved batches: 46 of 128
Solved indices: 46 : 46
Solved batches: 47 of 128
Solved indices: 47 : 47
Solved batches: 48 of 128
Solved indices: 48 : 48
Solved batches: 49 of 128
Solved indices: 49 : 49
Solved batches: 50 of 128
Solved indices: 50 : 50
Solved batches: 51 of 128
Solved indices: 51 : 51
Solved batches: 52 of 128
Solved indices: 52 : 52
Solved batches: 53 of 128
Solved indices: 53 : 53
Solved batches: 54 of 128
Solved indices: 54 : 54
Solved batches: 55 of 128
Solved indices: 55 : 55
Solved batches: 56 of 128
Solved indices: 56 : 56
Solved batches: 57 of 128
Solved indices: 57 : 57
Solved batches: 58 of 128
Solved indices: 58 : 58
Solved batches: 59 of 128
Solved indices: 59 : 59
Solved batches: 60 of 128
Solved indices: 60 : 60
Solved batches: 61 of 128
Solved indices: 61 : 61
Solved batches: 62 of 128
Solved indices: 62 : 62
Solved batches: 63 of 128
Solved indices: 63 : 63
Solved batches: 64 of 128
Solved indices: 64 : 64
Solved batches: 65 of 128
Solved indices: 65 : 65
Solved batches: 66 of 128
Solved indices: 66 : 66
Solved batches: 67 of 128
Solved indices: 67 : 67
Solved batches: 68 of 128
Solved indices: 68 : 68
Solved batches: 69 of 128
Solved indices: 69 : 69
Solved batches: 70 of 128
Solved indices: 70 : 70
Solved batches: 71 of 128
Solved indices: 71 : 71
Solved batches: 72 of 128
Solved indices: 72 : 72
Solved batches: 73 of 128
Solved indices: 73 : 73
Solved batches: 74 of 128
Solved indices: 74 : 74
Solved batches: 75 of 128
Solved indices: 75 : 75
Solved batches: 76 of 128
Solved indices: 76 : 76
Solved batches: 77 of 128
Solved indices: 77 : 77
Solved batches: 78 of 128
Solved indices: 78 : 78
Solved batches: 79 of 128
Solved indices: 79 : 79
Solved batches: 80 of 128
Solved indices: 80 : 80
Solved batches: 81 of 128
Solved indices: 81 : 81
Solved batches: 82 of 128
Solved indices: 82 : 82
Solved batches: 83 of 128
Solved indices: 83 : 83
Solved batches: 84 of 128
Solved indices: 84 : 84
Solved batches: 85 of 128
Solved indices: 85 : 85
Solved batches: 86 of 128
Solved indices: 86 : 86
Solved batches: 87 of 128
Solved indices: 87 : 87
Solved batches: 88 of 128
Solved indices: 88 : 88
Solved batches: 89 of 128
Solved indices: 89 : 89
Solved batches: 90 of 128
Solved indices: 90 : 90
Solved batches: 91 of 128
Solved indices: 91 : 91
Solved batches: 92 of 128
Solved indices: 92 : 92
Solved batches: 93 of 128
Solved indices: 93 : 93
Solved batches: 94 of 128
Solved indices: 94 : 94
Solved batches: 95 of 128
Solved indices: 95 : 95
Solved batches: 96 of 128
Solved indices: 96 : 96
Solved batches: 97 of 128
Solved indices: 97 : 97
Solved batches: 98 of 128
Solved indices: 98 : 98
Solved batches: 99 of 128
Solved indices: 99 : 99
Solved batches: 100 of 128
Solved indices: 100 : 100
Solved batches: 101 of 128
Solved indices: 101 : 101
Solved batches: 102 of 128
Solved indices: 102 : 102
Solved batches: 103 of 128
Solved indices: 103 : 103
Solved batches: 104 of 128
Solved indices: 104 : 104
Solved batches: 105 of 128
Solved indices: 105 : 105
Solved batches: 106 of 128
Solved indices: 106 : 106
Solved batches: 107 of 128
Solved indices: 107 : 107
Solved batches: 108 of 128
Solved indices: 108 : 108
Solved batches: 109 of 128
Solved indices: 109 : 109
Solved batches: 110 of 128
Solved indices: 110 : 110
Solved batches: 111 of 128
Solved indices: 111 : 111
Solved batches: 112 of 128
Solved indices: 112 : 112
Solved batches: 113 of 128
Solved indices: 113 : 113
Solved batches: 114 of 128
Solved indices: 114 : 114
Solved batches: 115 of 128
Solved indices: 115 : 115
Solved batches: 116 of 128
Solved indices: 116 : 116
Solved batches: 117 of 128
Solved indices: 117 : 117
Solved batches: 118 of 128
Solved indices: 118 : 118
Solved batches: 119 of 128
Solved indices: 119 : 119
Solved batches: 120 of 128
Solved indices: 120 : 120
Solved batches: 121 of 128
Solved indices: 121 : 121
Solved batches: 122 of 128
Solved indices: 122 : 122
Solved batches: 123 of 128
Solved indices: 123 : 123
Solved batches: 124 of 128
Solved indices: 124 : 124
Solved batches: 125 of 128
Solved indices: 125 : 125
Solved batches: 126 of 128
Solved indices: 126 : 126
Solved batches: 127 of 128
Solved indices: 127 : 127
Solved batches: 128 of 128

Data saved


Operation took 15025.89 seconds

Generating validation plots...
Auto-generated job_id: job_5429998_visc_0.05_L64.0_lmax8_et5.0_nte51_nt51
Created figure directory: ./figures/job_5429998_visc_0.05_L64.0_lmax8_et5.0_nte51_nt51
Loaded valid data with shape: (128, 51, 400)
Selected random sample indices: [6, 8, 22, 26, 28, 35, 57, 62, 70, 108]
Selected time indices: [0, 3, 7, 11, 15, 19, 23, 26, 30, 34, 38, 42, 46, 50]
Calculating temporal distances...
Distance plot saved to: ./figures/job_5429998_visc_0.05_L64.0_lmax8_et5.0_nte51_nt51/temporal_distances_valid_visc_0.05_L64.0_lmax8_et5.0_nte51_nt51.png

Generating plots for resolution 32...

Generating plots for resolution 64...

Generating plots for resolution 128...

Generating plots for resolution 256...

Generating plots for resolution 512...

Visualization Summary:
  - Dataset: valid
  - Random samples plotted: [6, 8, 22, 26, 28, 35, 57, 62, 70, 108]
  - Time points per sample: 14
  - Original resolution: 400
  - Plot resolutions: [32, 64, 128, 256, 512]
  - Distance analysis: Calculated 50 temporal transitions
  - Total plots saved: 6
  - Output directory: ./figures/job_5429998_visc_0.05_L64.0_lmax8_et5.0_nte51_nt51
    1. temporal_distances_valid_visc_0.05_L64.0_lmax8_et5.0_nte51_nt51.png
    2. ks_evolution_samples_6-8-22-26-28-35-57-62-70-108_res_32_visc_0.05_L64.0_lmax8_et5.0_nte51_nt51_valid_20250902_205212.png
    3. ks_evolution_samples_6-8-22-26-28-35-57-62-70-108_res_64_visc_0.05_L64.0_lmax8_et5.0_nte51_nt51_valid_20250902_205230.png
    4. ks_evolution_samples_6-8-22-26-28-35-57-62-70-108_res_128_visc_0.05_L64.0_lmax8_et5.0_nte51_nt51_valid_20250902_205248.png
    5. ks_evolution_samples_6-8-22-26-28-35-57-62-70-108_res_256_visc_0.05_L64.0_lmax8_et5.0_nte51_nt51_valid_20250902_205308.png
    6. ks_evolution_samples_6-8-22-26-28-35-57-62-70-108_res_512_visc_0.05_L64.0_lmax8_et5.0_nte51_nt51_valid_20250902_205329.png

Generating test plots...
Auto-generated job_id: job_5429998_visc_0.05_L64.0_lmax8_et5.0_nte51_nt51
Created figure directory: ./figures/job_5429998_visc_0.05_L64.0_lmax8_et5.0_nte51_nt51
Loaded test data with shape: (128, 51, 400)
Selected random sample indices: [6, 8, 22, 26, 28, 35, 57, 62, 70, 108]
Selected time indices: [0, 3, 7, 11, 15, 19, 23, 26, 30, 34, 38, 42, 46, 50]
Calculating temporal distances...
Distance plot saved to: ./figures/job_5429998_visc_0.05_L64.0_lmax8_et5.0_nte51_nt51/temporal_distances_test_visc_0.05_L64.0_lmax8_et5.0_nte51_nt51.png

Generating plots for resolution 32...

Generating plots for resolution 64...

Generating plots for resolution 128...

Generating plots for resolution 256...

Generating plots for resolution 512...

Visualization Summary:
  - Dataset: test
  - Random samples plotted: [6, 8, 22, 26, 28, 35, 57, 62, 70, 108]
  - Time points per sample: 14
  - Original resolution: 400
  - Plot resolutions: [32, 64, 128, 256, 512]
  - Distance analysis: Calculated 50 temporal transitions
  - Total plots saved: 6
  - Output directory: ./figures/job_5429998_visc_0.05_L64.0_lmax8_et5.0_nte51_nt51
    1. temporal_distances_test_visc_0.05_L64.0_lmax8_et5.0_nte51_nt51.png
    2. ks_evolution_samples_6-8-22-26-28-35-57-62-70-108_res_32_visc_0.05_L64.0_lmax8_et5.0_nte51_nt51_test_20250902_205348.png
    3. ks_evolution_samples_6-8-22-26-28-35-57-62-70-108_res_64_visc_0.05_L64.0_lmax8_et5.0_nte51_nt51_test_20250902_205407.png
    4. ks_evolution_samples_6-8-22-26-28-35-57-62-70-108_res_128_visc_0.05_L64.0_lmax8_et5.0_nte51_nt51_test_20250902_205426.png
    5. ks_evolution_samples_6-8-22-26-28-35-57-62-70-108_res_256_visc_0.05_L64.0_lmax8_et5.0_nte51_nt51_test_20250902_205445.png
    6. ks_evolution_samples_6-8-22-26-28-35-57-62-70-108_res_512_visc_0.05_L64.0_lmax8_et5.0_nte51_nt51_test_20250902_205505.png
Job completed at Tue Sep  2 20:55:35 EDT 2025
