Job started on babel-4-9 at Tue Apr  8 12:15:17 EDT 2025
Job ID: 4531442
Using device: cuda
[2025-04-08 12:15:21,369][root][INFO] - model:
  _target_: models.s4_1d.S4Model
  d_input: 10
  d_output: 1
  d_model: 64
  n_layers: 4
  dropout: 0.2
  prenorm: false
dataset:
  reduced_batch: 4
  reduced_resolution: 1
  reduced_resolution_t: 1
  window_size: 10
  pde: burger_0.1
  data_path1: data/pdebench/1D_Burgers_Sols_Nu0.1.hdf5
training:
  batch_size: 64
  epochs: 100
  learning_rate: 0.001
  use_normalizer: false
project_name: ${dataset.pde}_${hydra:runtime.choices.model}
checkpoint_dir: checkpoints

Project name: burger_0.1_s4_1d/s4_1d
Model name: models.s4_1d.S4Model
PDE Dataset: burger_0.1
Loading from file: /home/rvk/data/pdebench/1D_Burgers_Sols_Nu0.1.hdf5
(10000, 201, 1024)
Total data shape: (2500, 201, 1024)
x shape: (477500, 10, 1024)
y shape: (477500, 1, 1024)
grid shape: torch.Size([1024, 1])
---------Using data normalizer---------------
Train dataset size: 382000
Validation dataset size: 47750
Test dataset size: 47750
<class 'torch.Tensor'> -0.05431325361132622 -0.05456286296248436 0.8095705509185791 0.8125916123390198
Sample Input shape: torch.Size([64, 10, 1024])
Sample Output shape: torch.Size([64, 1, 1024])
S4Model(
  (encoder): Linear(in_features=11, out_features=64, bias=True)
  (s4_layers): ModuleList(
    (0-3): 4 x S4D(
      (kernel): S4DKernel()
      (activation): GELU(approximate='none')
      (dropout): DropoutNd()
      (output_linear): Sequential(
        (0): Conv1d(64, 128, kernel_size=(1,), stride=(1,))
        (1): GLU(dim=-2)
      )
    )
  )
  (norms): ModuleList(
    (0-3): 4 x LayerNorm((64,), eps=1e-05, elementwise_affine=True)
  )
  (dropouts): ModuleList(
    (0-3): 4 x Dropout(p=0.2, inplace=False)
  )
  (decoder): Linear(in_features=64, out_features=1, bias=True)
)
Epoch 0, Train Loss: 0.05107008, Val Loss: 0.00857464
Epoch 10, Train Loss: 0.00433150, Val Loss: 0.01292205
Epoch 20, Train Loss: 0.00305360, Val Loss: 0.00549383
Epoch 30, Train Loss: 0.00243132, Val Loss: 0.00188654
Epoch 40, Train Loss: 0.00194219, Val Loss: 0.00453181
Epoch 50, Train Loss: 0.00155725, Val Loss: 0.00181100
Epoch 60, Train Loss: 0.00105530, Val Loss: 0.00172137
Epoch 70, Train Loss: 0.00070746, Val Loss: 0.00155504
Epoch 80, Train Loss: 0.00044001, Val Loss: 0.00094438
Epoch 90, Train Loss: 0.00032171, Val Loss: 0.00097698
Test L2 Loss: 0.000935
-----Visualizing Saved------
Figure saved to output_logs/predictions/burger_0.1_fno_4531442_predictions.png
Model saved to checkpoints/s4model/burger_0.1_4531442.pt
Original test data shape: x=torch.Size([47750, 10, 1024]), y=torch.Size([47750, 1, 1024])

Evaluating at resolution factor: 1
Resolution factor 1 - Relative L2 Loss: 0.000935

Evaluating at resolution factor: 2
Downsampled shapes: x=torch.Size([47750, 10, 512]), y=torch.Size([47750, 1, 512])
Resolution factor 2 - Relative L2 Loss: 0.001318

Evaluating at resolution factor: 4
Downsampled shapes: x=torch.Size([47750, 10, 256]), y=torch.Size([47750, 1, 256])
Resolution factor 4 - Relative L2 Loss: 0.001845

Evaluating at resolution factor: 8
Downsampled shapes: x=torch.Size([47750, 10, 128]), y=torch.Size([47750, 1, 128])
Resolution factor 8 - Relative L2 Loss: 0.002308

Evaluating at resolution factor: 16
Downsampled shapes: x=torch.Size([47750, 10, 64]), y=torch.Size([47750, 1, 64])
Resolution factor 16 - Relative L2 Loss: 0.002456

Evaluating at resolution factor: 32
Downsampled shapes: x=torch.Size([47750, 10, 32]), y=torch.Size([47750, 1, 32])
Resolution factor 32 - Relative L2 Loss: 0.002101

Summary of Super-Resolution Evaluation:
Resolution factor 1: Relative L2 Loss = 0.000935
Resolution factor 2: Relative L2 Loss = 0.001318
Resolution factor 4: Relative L2 Loss = 0.001845
Resolution factor 8: Relative L2 Loss = 0.002308
Resolution factor 16: Relative L2 Loss = 0.002456
Resolution factor 32: Relative L2 Loss = 0.002101
Job completed at Tue Apr  8 14:19:13 EDT 2025
