Job started on babel-4-25 at Sun May 11 18:17:03 EDT 2025
Job ID: 4843491
Using device: cuda
[2025-05-11 18:17:08,139][root][INFO] - model:
  _target_: models.ffno.FFNO2D
  in_channels: 3
  out_channels: 3
  width: 32
  factor: 4
  n_modes: 16
  n_layers: 4
  dropout: 0.0
  mode: full
  ff_weight_norm: true
  n_ff_layers: 2
  layer_norm: true
dataset:
  reduced_batch: 1
  reduced_resolution: 8
  reduced_resolution_t: 4
  pde: navier_stokes_0
  data_path1: data/pdebench/ns_incom_inhom_2d_512-0.hdf5
training:
  batch_size: 16
  epochs: 100
  learning_rate: 0.001
  use_normalizer: false
project_name: ${dataset.pde}_${hydra:runtime.choices.model}
checkpoint_dir: checkpoints

Project name: navier_stokes_0_ffno_2d/ns_ffno_2d
Model name: models.ffno.FFNO2D
PDE Dataset: navier_stokes_0
Loading from file: /home/rvk/data/pdebench/ns_incom_inhom_2d_512-0.hdf5
Available keys: ['force', 'particles', 't', 'velocity']
Velocity data shape: (4, 1000, 512, 512, 2)
Particles data shape: (4, 1000, 512, 512, 1)
Combined data shape: (4, 250, 64, 64, 3)
x shape: torch.Size([992, 3, 64, 64])
y shape: torch.Size([992, 3, 64, 64])
---------Using data normalizer---------------
Train dataset size: 793
Validation dataset size: 99
Test dataset size: 100
<class 'torch.Tensor'> -0.011111331172287464 -0.012026958167552948 0.9541627168655396 0.9612934589385986
Sample Input shape: torch.Size([16, 3, 64, 64])
Sample Output shape: torch.Size([16, 3, 64, 64])
FFNO2D(
  (in_proj): WNLinear(in_features=5, out_features=32, bias=True)
  (fourier_layers): ModuleList(
    (0-3): 4 x FSpectralConv2d(
      (fourier_weight): ParameterList(
          (0): Parameter containing: [torch.float32 of size 32x32x16x2 (cuda:0)]
          (1): Parameter containing: [torch.float32 of size 32x32x16x2 (cuda:0)]
      )
      (backcast_ff): FeedForward(
        (layers): ModuleList(
          (0): Sequential(
            (0): Linear(in_features=32, out_features=128, bias=True)
            (1): Dropout(p=0.0, inplace=False)
            (2): GELU(approximate='none')
            (3): Identity()
          )
          (1): Sequential(
            (0): Linear(in_features=128, out_features=32, bias=True)
            (1): Dropout(p=0.0, inplace=False)
            (2): Identity()
            (3): LayerNorm((32,), eps=1e-05, elementwise_affine=True)
          )
        )
      )
    )
  )
  (out_proj): WNLinear(in_features=32, out_features=3, bias=True)
)
Epoch 0, Train Loss: 0.34465122, Val Loss: 0.10351818
Epoch 10, Train Loss: 0.06050935, Val Loss: 0.06574675
Epoch 20, Train Loss: 0.05995183, Val Loss: 0.06357148
Epoch 30, Train Loss: 0.05118281, Val Loss: 0.05396831
Epoch 40, Train Loss: 0.04881199, Val Loss: 0.05426145
Epoch 50, Train Loss: 0.04641415, Val Loss: 0.05212323
Epoch 60, Train Loss: 0.04536045, Val Loss: 0.05177490
Epoch 70, Train Loss: 0.04421186, Val Loss: 0.05163990
Epoch 80, Train Loss: 0.04332212, Val Loss: 0.05164627
Epoch 90, Train Loss: 0.04262576, Val Loss: 0.05162898
Test L2 Loss: 0.021297
Model saved to checkpoints/ffno2d/navier_stokes_0_4843491.pt
Original test data shape: x=torch.Size([100, 3, 64, 64]), y=torch.Size([100, 3, 64, 64])

Evaluating at resolution factor: 1
Resolution factor 1 - Relative L2 Loss: 0.020768

Evaluating at resolution factor: 2
Downsampled shapes: x=torch.Size([100, 3, 32, 32]), y=torch.Size([100, 3, 32, 32])
Resolution factor 2 - Relative L2 Loss: 0.093393

Evaluating at resolution factor: 4
Downsampled shapes: x=torch.Size([100, 3, 16, 16]), y=torch.Size([100, 3, 16, 16])
Skipping Resolution factor 4 because not enough modes

Evaluating at resolution factor: 8
Downsampled shapes: x=torch.Size([100, 3, 8, 8]), y=torch.Size([100, 3, 8, 8])
Skipping Resolution factor 8 because not enough modes

Evaluating at resolution factor: 16
Downsampled shapes: x=torch.Size([100, 3, 4, 4]), y=torch.Size([100, 3, 4, 4])
Skipping Resolution factor 16 because not enough modes

Evaluating at resolution factor: 32
Downsampled shapes: x=torch.Size([100, 3, 2, 2]), y=torch.Size([100, 3, 2, 2])
Skipping Resolution factor 32 because not enough modes
Loading from file: /home/rvk/data/pdebench/ns_incom_inhom_2d_512-0.hdf5
Available keys: ['force', 'particles', 't', 'velocity']
Velocity data shape: (4, 1000, 512, 512, 2)
Particles data shape: (4, 1000, 512, 512, 1)
Combined data shape: (4, 250, 512, 512, 3)
x shape: torch.Size([992, 3, 512, 512])
y shape: torch.Size([992, 3, 512, 512])
---------Using data normalizer---------------
Train dataset size: 793
Validation dataset size: 99
Test dataset size: 100
Original test data shape: x=torch.Size([100, 3, 512, 512]), y=torch.Size([100, 3, 512, 512])
Testing resolutions: [128, 256, 512]

Evaluating at resolution: 128
Downsampled shapes: x=torch.Size([100, 3, 128, 128]), y=torch.Size([100, 3, 128, 128])
Resolution 128 - Relative L2 Loss: 0.191155

Evaluating at resolution: 256
Downsampled shapes: x=torch.Size([100, 3, 256, 256]), y=torch.Size([100, 3, 256, 256])
Resolution 256 - Relative L2 Loss: 0.189574

Evaluating at resolution: 512
Downsampled shapes: x=torch.Size([100, 3, 512, 512]), y=torch.Size([100, 3, 512, 512])
Resolution 512 - Relative L2 Loss: 0.045171

Summary of Super-Resolution Evaluation:
Resolution factor 1: Relative L2 Loss = 0.020768
Resolution factor 2: Relative L2 Loss = 0.093393

Summary of Higher-Resolution Evaluation:
Resolution 128: Relative L2 Loss = 0.191155
Resolution 256: Relative L2 Loss = 0.189574
Resolution 512: Relative L2 Loss = 0.045171
[1;34mwandb[0m: 
[1;34mwandb[0m: 🚀 View run [33mdry-grass-5[0m at: [34mhttps://wandb.ai/rohanvk-carnegie-mellon-university/ffno2d/runs/0b38tj05[0m
[1;34mwandb[0m: Find logs at: [1;35mwandb/run-20250511_181750-0b38tj05/logs[0m
Job completed at Sun May 11 18:19:19 EDT 2025
