Job started on babel-4-17 at Tue Aug 26 00:51:38 EDT 2025
Job ID: 5395879
GPU information:
Tue Aug 26 00:51:38 2025       
+-----------------------------------------------------------------------------------------+
| NVIDIA-SMI 575.51.03              Driver Version: 575.51.03      CUDA Version: 12.9     |
|-----------------------------------------+------------------------+----------------------+
| GPU  Name                 Persistence-M | Bus-Id          Disp.A | Volatile Uncorr. ECC |
| Fan  Temp   Perf          Pwr:Usage/Cap |           Memory-Usage | GPU-Util  Compute M. |
|                                         |                        |               MIG M. |
|=========================================+========================+======================|
|   0  NVIDIA L40S                    On  |   00000000:C1:00.0 Off |                    0 |
| N/A   32C    P8             34W /  350W |       0MiB /  46068MiB |      0%      Default |
|                                         |                        |                  N/A |
+-----------------------------------------+------------------------+----------------------+
|   1  NVIDIA L40S                    On  |   00000000:E1:00.0 Off |                    0 |
| N/A   33C    P8             34W /  350W |       0MiB /  46068MiB |      0%      Default |
|                                         |                        |                  N/A |
+-----------------------------------------+------------------------+----------------------+
                                                                                         
+-----------------------------------------------------------------------------------------+
| Processes:                                                                              |
|  GPU   GI   CI              PID   Type   Process name                        GPU Memory |
|        ID   ID                                                               Usage      |
|=========================================================================================|
|  No running processes found                                                             |
+-----------------------------------------------------------------------------------------+
CUDA devices:
CUDA_VISIBLE_DEVICES: 0,1
/home/rvk
Using device: cuda
[2025-08-26 00:51:44,587][root][INFO] - model:
  _target_: models.ffno.FFNO1D
  in_channels: 1
  out_channels: 1
  factor: 4
  n_modes: 16
  width: 128
  n_layers: 4
  ff_weight_norm: true
  n_ff_layers: 3
  layer_norm: true
  dropout: 0.1
  mode: full
  activation: gelu
  use_grid: true
dataset:
  dataset_params:
    _target_: dataloaders.burger_naive_true_multires.burger_true_multires_markov_dataset
    filename_pattern: 1D_Burgers_Sols_Nu*.hdf5
    saved_folder: /data/user_data/rvk/pdebench_gen/
    viscosity: 0.001
    reduced_batch: 1
    reduced_resolution_t: 1
    data_mres_size:
      1024: 75
      512: 75
      256: 75
      128: 625
    add_res:
    - 32
    - 64
    add_res_samples:
      64: 75
      32: 75
    data_normalizer: true
    normalization_type: simple
    num_samples_max: -1
    eval_dataset_target: dataloaders.burger_naive_markov.burger_markov_dataset
    eval_filename: 1D_Burgers_Sols_Nu0.001.hdf5
    eval_saved_folder: /data/user_data/rvk/pdebench_gen/burgers_1024_0.001/
  resize_to_train: false
  evaluation_type: naive_downsample
  window_size: 15
  original_res: 1024
  max_test_resolution: 1024
  train_mres: true
  pde: burger
training:
  batch_size: 64
  epochs: 100
  learning_rate: 0.001
  use_normalizer: false
project_name: ${dataset.pde}_${hydra:runtime.choices.model}
checkpoint_dir: checkpoints

Project name: burger_ffno_1d/ffno_1d
Model name: models.ffno.FFNO1D
PDE Dataset: burger
This is True Multi-Resolution Training. Train Resolution is the highest data resolution in the multi-resolution data
---------------------
Creating true multi-resolution dataset from /data/user_data/rvk/pdebench_gen/
Viscosity: 0.001
Target samples per resolution (from files): {1024: 75, 512: 75, 256: 75, 128: 625}
Additional downsampled resolutions: [32, 64]
Target samples per downsampled resolution: {64: 75, 32: 75}
Loading multi-resolution data from /data/user_data/rvk/pdebench_gen/
Viscosity: 0.001
Target samples per resolution (from files): {1024: 75, 512: 75, 256: 75, 128: 625}
Additional downsampled resolutions: [32, 64]
Target samples per downsampled resolution: {64: 75, 32: 75}
Loading resolution 1024 from /data/user_data/rvk/pdebench_gen/burgers_1024_0.001/1D_Burgers_Sols_Nu0.001.hdf5
  Original data shape for 1024: (10000, 201, 1024)
  After time reduction: (10000, 201, 1024)
  Selected 60 samples for train split
  Added 11940 sample pairs from resolution 1024
Loading resolution 512 from /data/user_data/rvk/pdebench_gen/burgers_512_0.001/1D_Burgers_Sols_Nu0.001.hdf5
  Original data shape for 512: (10000, 201, 512)
  After time reduction: (10000, 201, 512)
  Selected 60 samples for train split
  Added 11940 sample pairs from resolution 512
Loading resolution 256 from /data/user_data/rvk/pdebench_gen/burgers_256_0.001/1D_Burgers_Sols_Nu0.001.hdf5
  Original data shape for 256: (10000, 201, 256)
  After time reduction: (10000, 201, 256)
  Selected 60 samples for train split
  Added 11940 sample pairs from resolution 256
Loading resolution 128 from /data/user_data/rvk/pdebench_gen/burgers_128_0.001/1D_Burgers_Sols_Nu0.001.hdf5
  Original data shape for 128: (10000, 201, 128)
  After time reduction: (10000, 201, 128)
  Selected 500 samples for train split
  Added 99500 sample pairs from resolution 128
Adding downsampled resolutions: [32, 64]
Adding downsampled data from /data/user_data/rvk/pdebench_gen/burgers_1024_0.001/1D_Burgers_Sols_Nu0.001.hdf5
  Added 11940 downsampled samples at resolution 32
  Added 11940 downsampled samples at resolution 64
Total samples loaded: 159200
Resolution distribution:
  1024_file: 11940 samples
  128_file: 99500 samples
  256_file: 11940 samples
  32_downsampled: 11940 samples
  512_file: 11940 samples
  64_downsampled: 11940 samples
Sample x shapes: [(1, 1024), (1, 1024), (1, 1024)]
Sample y shapes: [(1, 1024), (1, 1024), (1, 1024)]
Loading multi-resolution data from /data/user_data/rvk/pdebench_gen/
Viscosity: 0.001
Target samples per resolution (from files): {1024: 75, 512: 75, 256: 75, 128: 625}
Additional downsampled resolutions: [32, 64]
Target samples per downsampled resolution: {64: 75, 32: 75}
Loading resolution 1024 from /data/user_data/rvk/pdebench_gen/burgers_1024_0.001/1D_Burgers_Sols_Nu0.001.hdf5
  Original data shape for 1024: (10000, 201, 1024)
  After time reduction: (10000, 201, 1024)
  Selected 7 samples for val split
  Added 1393 sample pairs from resolution 1024
Loading resolution 512 from /data/user_data/rvk/pdebench_gen/burgers_512_0.001/1D_Burgers_Sols_Nu0.001.hdf5
  Original data shape for 512: (10000, 201, 512)
  After time reduction: (10000, 201, 512)
  Selected 7 samples for val split
  Added 1393 sample pairs from resolution 512
Loading resolution 256 from /data/user_data/rvk/pdebench_gen/burgers_256_0.001/1D_Burgers_Sols_Nu0.001.hdf5
  Original data shape for 256: (10000, 201, 256)
  After time reduction: (10000, 201, 256)
  Selected 7 samples for val split
  Added 1393 sample pairs from resolution 256
Loading resolution 128 from /data/user_data/rvk/pdebench_gen/burgers_128_0.001/1D_Burgers_Sols_Nu0.001.hdf5
  Original data shape for 128: (10000, 201, 128)
  After time reduction: (10000, 201, 128)
  Selected 62 samples for val split
  Added 12338 sample pairs from resolution 128
Adding downsampled resolutions: [32, 64]
Adding downsampled data from /data/user_data/rvk/pdebench_gen/burgers_1024_0.001/1D_Burgers_Sols_Nu0.001.hdf5
  Added 1393 downsampled samples at resolution 32
  Added 1393 downsampled samples at resolution 64
Total samples loaded: 19303
Resolution distribution:
  1024_file: 1393 samples
  128_file: 12338 samples
  256_file: 1393 samples
  32_downsampled: 1393 samples
  512_file: 1393 samples
  64_downsampled: 1393 samples
Sample x shapes: [(1, 1024), (1, 1024), (1, 1024)]
Sample y shapes: [(1, 1024), (1, 1024), (1, 1024)]
Loading multi-resolution data from /data/user_data/rvk/pdebench_gen/
Viscosity: 0.001
Target samples per resolution (from files): {1024: 75, 512: 75, 256: 75, 128: 625}
Additional downsampled resolutions: [32, 64]
Target samples per downsampled resolution: {64: 75, 32: 75}
Loading resolution 1024 from /data/user_data/rvk/pdebench_gen/burgers_1024_0.001/1D_Burgers_Sols_Nu0.001.hdf5
  Original data shape for 1024: (10000, 201, 1024)
  After time reduction: (10000, 201, 1024)
  Selected 7 samples for test split
  Added 1393 sample pairs from resolution 1024
Loading resolution 512 from /data/user_data/rvk/pdebench_gen/burgers_512_0.001/1D_Burgers_Sols_Nu0.001.hdf5
  Original data shape for 512: (10000, 201, 512)
  After time reduction: (10000, 201, 512)
  Selected 7 samples for test split
  Added 1393 sample pairs from resolution 512
Loading resolution 256 from /data/user_data/rvk/pdebench_gen/burgers_256_0.001/1D_Burgers_Sols_Nu0.001.hdf5
  Original data shape for 256: (10000, 201, 256)
  After time reduction: (10000, 201, 256)
  Selected 7 samples for test split
  Added 1393 sample pairs from resolution 256
Loading resolution 128 from /data/user_data/rvk/pdebench_gen/burgers_128_0.001/1D_Burgers_Sols_Nu0.001.hdf5
  Original data shape for 128: (10000, 201, 128)
  After time reduction: (10000, 201, 128)
  Selected 62 samples for test split
  Added 12338 sample pairs from resolution 128
Adding downsampled resolutions: [32, 64]
Adding downsampled data from /data/user_data/rvk/pdebench_gen/burgers_1024_0.001/1D_Burgers_Sols_Nu0.001.hdf5
  Added 1393 downsampled samples at resolution 32
  Added 1393 downsampled samples at resolution 64
Total samples loaded: 19303
Resolution distribution:
  1024_file: 1393 samples
  128_file: 12338 samples
  256_file: 1393 samples
  32_downsampled: 1393 samples
  512_file: 1393 samples
  64_downsampled: 1393 samples
Sample x shapes: [(1, 1024), (1, 1024), (1, 1024)]
Sample y shapes: [(1, 1024), (1, 1024), (1, 1024)]
---------Using simple global normalization---------------
Global statistics: X(mean=0.008172, std=0.675971), Y(mean=0.008172, std=0.675059)

Final dataset sizes:
Train dataset size: 159200
Validation dataset size: 19303
Test dataset size: 19303
<dataloaders.burger_naive_true_multires.burger_true_multires_markov_dataset.<locals>.SimpleNormalizedDataset object at 0x14f3a1d2bed0>
Created resolution groups:
  Resolution 1024: 11940 samples
  Resolution 512: 11940 samples
  Resolution 256: 11940 samples
  Resolution 128: 99500 samples
  Resolution 32: 11940 samples
  Resolution 64: 11940 samples
Created resolution groups:
  Resolution 1024: 1393 samples
  Resolution 512: 1393 samples
  Resolution 256: 1393 samples
  Resolution 128: 12338 samples
  Resolution 32: 1393 samples
  Resolution 64: 1393 samples
Created resolution groups:
  Resolution 1024: 1393 samples
  Resolution 512: 1393 samples
  Resolution 256: 1393 samples
  Resolution 128: 12338 samples
  Resolution 32: 1393 samples
  Resolution 64: 1393 samples
<class 'torch.Tensor'> -0.17853222787380219 -0.17918458580970764 0.8884365558624268 0.8877558708190918
FFNO1D(
  (in_proj): WNLinear(in_features=1, out_features=128, bias=True)
  (fourier_layers): ModuleList(
    (0-3): 4 x FSpectralConv1d(
      (fourier_weight): ParameterList(  (0): Parameter containing: [torch.float32 of size 128x128x16x2 (cuda:0)])
      (backcast_ff): FeedForward(
        (layers): ModuleList(
          (0): Sequential(
            (0): Linear(in_features=128, out_features=512, bias=True)
            (1): Dropout(p=0.1, inplace=False)
            (2): GELU(approximate='none')
            (3): Identity()
          )
          (1): Sequential(
            (0): Linear(in_features=512, out_features=512, bias=True)
            (1): Dropout(p=0.1, inplace=False)
            (2): GELU(approximate='none')
            (3): Identity()
          )
          (2): Sequential(
            (0): Linear(in_features=512, out_features=128, bias=True)
            (1): Dropout(p=0.1, inplace=False)
            (2): Identity()
            (3): LayerNorm((128,), eps=1e-05, elementwise_affine=True)
          )
        )
      )
    )
  )
  (out_proj): WNLinear(in_features=128, out_features=1, bias=True)
)
Total Model Parameters: 3.68M
Trainable Parameters: 3.68M
Epoch 0, Train Loss: 0.06843252, Val Loss: 0.02608288
Epoch 10, Train Loss: 0.00923155, Val Loss: 0.00791919
Epoch 20, Train Loss: 0.00708630, Val Loss: 0.00655074
Epoch 30, Train Loss: 0.00615230, Val Loss: 0.00859679
Epoch 40, Train Loss: 0.00554240, Val Loss: 0.00611237
Epoch 50, Train Loss: 0.00510072, Val Loss: 0.00553335
Epoch 60, Train Loss: 0.00445595, Val Loss: 0.00569452
Epoch 70, Train Loss: 0.00407955, Val Loss: 0.00533412
Epoch 80, Train Loss: 0.00377857, Val Loss: 0.00537000
Epoch 90, Train Loss: 0.00361533, Val Loss: 0.00522268
Test L2 Loss: 0.004855
Model saved to checkpoints/ffno1d/burger_5395879.pt
Created/verified figures directory: figures/5395879
Evaluating BURGER model at multiple resolutions
Using normalizer from training resolution 1024
Testing resolutions: [32, 64, 128, 256, 512, 1024]
Loading from file: /data/user_data/rvk/pdebench_gen/burgers_1024_0.001/1D_Burgers_Sols_Nu0.001.hdf5
(10000, 201, 1024)
After downsampling data shape: (10000, 201, 32)
Total data shape: (10000, 201, 32)
x shape: (1990000, 1, 32)
y shape: (1990000, 1, 32)
grid shape: torch.Size([32, 1])
Train dataset size: 1592000
Validation dataset size: 199000
Test dataset size: 199000
Selected random indices for plotting: [186293, 63338, 195546, 35113, 99189, 39185, 60707, 116946, 142702, 146910]
Collected 10 examples for resolution 32
Resolution 32 (downsample factor: 32) - Relative L2 Loss: 0.019044
Memory cleaned after resolution 32


Loading from file: /data/user_data/rvk/pdebench_gen/burgers_1024_0.001/1D_Burgers_Sols_Nu0.001.hdf5
(10000, 201, 1024)
After downsampling data shape: (10000, 201, 64)
Total data shape: (10000, 201, 64)
x shape: (1990000, 1, 64)
y shape: (1990000, 1, 64)
grid shape: torch.Size([64, 1])
Train dataset size: 1592000
Validation dataset size: 199000
Test dataset size: 199000
Collected 10 examples for resolution 64
Resolution 64 (downsample factor: 16) - Relative L2 Loss: 0.013407
Memory cleaned after resolution 64


Loading from file: /data/user_data/rvk/pdebench_gen/burgers_1024_0.001/1D_Burgers_Sols_Nu0.001.hdf5
(10000, 201, 1024)
After downsampling data shape: (10000, 201, 128)
Total data shape: (10000, 201, 128)
x shape: (1990000, 1, 128)
y shape: (1990000, 1, 128)
grid shape: torch.Size([128, 1])
Train dataset size: 1592000
Validation dataset size: 199000
Test dataset size: 199000
Collected 10 examples for resolution 128
Resolution 128 (downsample factor: 8) - Relative L2 Loss: 0.024270
Memory cleaned after resolution 128


Loading from file: /data/user_data/rvk/pdebench_gen/burgers_1024_0.001/1D_Burgers_Sols_Nu0.001.hdf5
(10000, 201, 1024)
After downsampling data shape: (10000, 201, 256)
Total data shape: (10000, 201, 256)
x shape: (1990000, 1, 256)
y shape: (1990000, 1, 256)
grid shape: torch.Size([256, 1])
Train dataset size: 1592000
Validation dataset size: 199000
Test dataset size: 199000
Collected 10 examples for resolution 256
Resolution 256 (downsample factor: 4) - Relative L2 Loss: 0.010570
Memory cleaned after resolution 256


Loading from file: /data/user_data/rvk/pdebench_gen/burgers_1024_0.001/1D_Burgers_Sols_Nu0.001.hdf5
(10000, 201, 1024)
After downsampling data shape: (10000, 201, 512)
Total data shape: (10000, 201, 512)
x shape: (1990000, 1, 512)
y shape: (1990000, 1, 512)
grid shape: torch.Size([512, 1])
Train dataset size: 1592000
Validation dataset size: 199000
Test dataset size: 199000
Collected 10 examples for resolution 512
Resolution 512 (downsample factor: 2) - Relative L2 Loss: 0.005313
Memory cleaned after resolution 512


Loading from file: /data/user_data/rvk/pdebench_gen/burgers_1024_0.001/1D_Burgers_Sols_Nu0.001.hdf5
(10000, 201, 1024)
After downsampling data shape: (10000, 201, 1024)
Total data shape: (10000, 201, 1024)
x shape: (1990000, 1, 1024)
y shape: (1990000, 1, 1024)
grid shape: torch.Size([1024, 1])
Train dataset size: 1592000
Validation dataset size: 199000
Test dataset size: 199000
Collected 10 examples for resolution 1024
Resolution 1024 (downsample factor: 1) - Relative L2 Loss: 0.005349
Memory cleaned after resolution 1024


Creating prediction vs target plots...
Saved prediction plot: figures/5395879/prediction_plots/burger_predictions_vs_targets_10_examples.png
Saved numerical results: figures/5395879/burger_1d_evaluation_results_20250826_013958.csv
Saved summary: figures/5395879/burger_1d_evaluation_summary_20250826_013958.txt

==================================================
BURGER EVALUATION SUMMARY
==================================================
Resolution  32: 0.019044
Resolution  64: 0.013407
Resolution 128: 0.024270
Resolution 256: 0.010570
Resolution 512: 0.005313
Resolution 1024: 0.005349

Summary of Super-Resolution Evaluation:
Resolution factor 32: Relative L2 Loss = 0.019044
Resolution factor 64: Relative L2 Loss = 0.013407
Resolution factor 128: Relative L2 Loss = 0.024270
Resolution factor 256: Relative L2 Loss = 0.010570
Resolution factor 512: Relative L2 Loss = 0.005313
Resolution factor 1024: Relative L2 Loss = 0.005349

Evaluation plots saved to: figures/5395879
Wandb run: https://wandb.ai/rohanvk-carnegie-mellon-university/ffno1d/runs/x88ewnmg
Job completed at Tue Aug 26 01:40:03 EDT 2025
