Job started on babel-5-31 at Mon Jun  9 22:32:23 EDT 2025
Job ID: 5046759
GPU information:
Mon Jun  9 22:32:23 2025       
+-----------------------------------------------------------------------------------------+
| NVIDIA-SMI 575.51.03              Driver Version: 575.51.03      CUDA Version: 12.9     |
|-----------------------------------------+------------------------+----------------------+
| GPU  Name                 Persistence-M | Bus-Id          Disp.A | Volatile Uncorr. ECC |
| Fan  Temp   Perf          Pwr:Usage/Cap |           Memory-Usage | GPU-Util  Compute M. |
|                                         |                        |               MIG M. |
|=========================================+========================+======================|
|   0  NVIDIA A100 80GB PCIe          On  |   00000000:C1:00.0 Off |                    0 |
| N/A   39C    P0             78W /  300W |       0MiB /  81920MiB |      9%      Default |
|                                         |                        |             Disabled |
+-----------------------------------------+------------------------+----------------------+
|   1  NVIDIA A100 80GB PCIe          On  |   00000000:E1:00.0 Off |                    0 |
| N/A   33C    P0             57W /  300W |       0MiB /  81920MiB |      0%      Default |
|                                         |                        |             Disabled |
+-----------------------------------------+------------------------+----------------------+
                                                                                         
+-----------------------------------------------------------------------------------------+
| Processes:                                                                              |
|  GPU   GI   CI              PID   Type   Process name                        GPU Memory |
|        ID   ID                                                               Usage      |
|=========================================================================================|
|  No running processes found                                                             |
+-----------------------------------------------------------------------------------------+
CUDA devices:
CUDA_VISIBLE_DEVICES: 0,1
Using device: cuda
[2025-06-09 22:32:27,019][root][INFO] - model:
  _target_: models.ffno.FFNO1D
  in_channels: 1
  out_channels: 1
  width: 32
  n_modes: 16
  factor: 4
  n_layers: 4
  ff_weight_norm: true
  n_ff_layers: 2
  layer_norm: false
  grid: null
  dropout: 0.0
  mode: full
dataset:
  reduced_batch: 4
  reduced_resolution: 1
  reduced_resolution_t: 1
  window_size: 15
  original_res: 1024
  multi_res:
  - 1
  - 16
  train_mres: true
  pde: burger_0.001
  data_path1: data/pdebench/1D_Burgers_Sols_Nu0.001.hdf5
training:
  batch_size: 32
  epochs: 150
  learning_rate: 0.001
  use_normalizer: false
project_name: ${dataset.pde}_${hydra:runtime.choices.model}
checkpoint_dir: checkpoints

Project name: burger_0.001_ffno_1d/ffno_1d
Model name: models.ffno.FFNO1D
PDE Dataset: burger_0.001
Loading from file: /home/rvk/data/pdebench/1D_Burgers_Sols_Nu0.001.hdf5
(10000, 201, 1024)
Total data shape: (2500, 201, 1024)
x shape: (497500, 1, 1024)
y shape: (497500, 1, 1024)
grid shape: torch.Size([1024, 1])
---------Using data normalizer---------------
Train dataset size: 398000
Validation dataset size: 49750
Test dataset size: 49750
<class 'torch.Tensor'> -0.2325405776500702 -0.23291456699371338 0.9929473400115967 0.9934213757514954
Sample Input shape: torch.Size([32, 1, 1024])
Sample Output shape: torch.Size([32, 1, 1024])
FFNO1D(
  (in_proj): WNLinear(in_features=2, out_features=32, bias=True)
  (fourier_layers): ModuleList(
    (0-3): 4 x FSpectralConv1d(
      (fourier_weight): ParameterList(  (0): Parameter containing: [torch.float32 of size 32x32x16x2 (cuda:0)])
      (backcast_ff): FeedForward(
        (layers): ModuleList(
          (0): Sequential(
            (0): Linear(in_features=32, out_features=128, bias=True)
            (1): Dropout(p=0.0, inplace=False)
            (2): GELU(approximate='none')
            (3): Identity()
          )
          (1): Sequential(
            (0): Linear(in_features=128, out_features=32, bias=True)
            (1): Dropout(p=0.0, inplace=False)
            (2): Identity()
            (3): Identity()
          )
        )
      )
      (act): Identity()
    )
  )
  (out_proj): WNLinear(in_features=32, out_features=1, bias=True)
)
Epoch 0, Train Loss: 0.02870807, Val Loss: 0.02001658
Epoch 10, Train Loss: 0.01182426, Val Loss: 0.01207319
Epoch 20, Train Loss: 0.01043336, Val Loss: 0.01128645
Epoch 30, Train Loss: 0.00949458, Val Loss: 0.01070643
Epoch 40, Train Loss: 0.00880031, Val Loss: 0.00969583
Epoch 50, Train Loss: 0.00836148, Val Loss: 0.00869514
Epoch 60, Train Loss: 0.00782999, Val Loss: 0.00790417
Epoch 70, Train Loss: 0.00732090, Val Loss: 0.00733029
Epoch 80, Train Loss: 0.00694444, Val Loss: 0.00719995
Epoch 90, Train Loss: 0.00640803, Val Loss: 0.00662528
Epoch 100, Train Loss: 0.00594819, Val Loss: 0.00629497
Epoch 110, Train Loss: 0.00555998, Val Loss: 0.00566968
Epoch 120, Train Loss: 0.00518134, Val Loss: 0.00536761
Epoch 130, Train Loss: 0.00487727, Val Loss: 0.00513326
Epoch 140, Train Loss: 0.00462264, Val Loss: 0.00519244
Test L2 Loss: 0.002207
-----Visualizing Saved------
Figure saved to output_logs/predictions/burger_0.001_fno_5046759_predictions.png
Model saved to checkpoints/ffno1d/burger_0.001_5046759.pt
Original test data shape: x=torch.Size([49750, 1, 1024]), y=torch.Size([49750, 1, 1024])

Evaluating at resolution factor: 1
Resolution factor 1 - Relative L2 Loss: 0.025426

Evaluating at resolution factor: 2
Downsampled shapes: x=torch.Size([49750, 1, 512]), y=torch.Size([49750, 1, 512])
Resolution factor 2 - Relative L2 Loss: 0.003088

Evaluating at resolution factor: 4
Downsampled shapes: x=torch.Size([49750, 1, 256]), y=torch.Size([49750, 1, 256])
Resolution factor 4 - Relative L2 Loss: 0.005212

Evaluating at resolution factor: 8
Downsampled shapes: x=torch.Size([49750, 1, 128]), y=torch.Size([49750, 1, 128])
Resolution factor 8 - Relative L2 Loss: 0.015234

Evaluating at resolution factor: 16
Downsampled shapes: x=torch.Size([49750, 1, 64]), y=torch.Size([49750, 1, 64])
Resolution factor 16 - Relative L2 Loss: 0.009318

Evaluating at resolution factor: 32
Downsampled shapes: x=torch.Size([49750, 1, 32]), y=torch.Size([49750, 1, 32])
Resolution factor 32 - Relative L2 Loss: 0.072464
Loading from file: /home/rvk/data/pdebench/1D_Burgers_Sols_Nu0.001.hdf5
(10000, 201, 1024)
Total data shape: (2500, 201, 1024)
x shape: (497500, 1, 1024)
y shape: (497500, 1, 1024)
grid shape: torch.Size([1024, 1])
---------Using data normalizer---------------
Train dataset size: 398000
Validation dataset size: 49750
Test dataset size: 49750
Original test data shape: x=torch.Size([49750, 1, 1024]), y=torch.Size([49750, 1, 1024])
Testing resolutions: []

Summary of Super-Resolution Evaluation:
Resolution factor 1: Relative L2 Loss = 0.025426
Resolution factor 2: Relative L2 Loss = 0.003088
Resolution factor 4: Relative L2 Loss = 0.005212
Resolution factor 8: Relative L2 Loss = 0.015234
Resolution factor 16: Relative L2 Loss = 0.009318
Resolution factor 32: Relative L2 Loss = 0.072464

Summary of Higher-Resolution Evaluation:
[1;34mwandb[0m: 
[1;34mwandb[0m: 🚀 View run [33mlight-wood-93[0m at: [34mhttps://wandb.ai/rohanvk-carnegie-mellon-university/ffno1d/runs/pyd13plx[0m
[1;34mwandb[0m: Find logs at: [1;35mwandb/run-20250609_223239-pyd13plx/logs[0m
Job completed at Tue Jun 10 02:14:28 EDT 2025
