Job started on babel-5-27 at Tue Jul 29 13:23:42 EDT 2025
Job ID: 5275777
GPU information:
Tue Jul 29 13:23:43 2025       
+-----------------------------------------------------------------------------------------+
| NVIDIA-SMI 575.51.03              Driver Version: 575.51.03      CUDA Version: 12.9     |
|-----------------------------------------+------------------------+----------------------+
| GPU  Name                 Persistence-M | Bus-Id          Disp.A | Volatile Uncorr. ECC |
| Fan  Temp   Perf          Pwr:Usage/Cap |           Memory-Usage | GPU-Util  Compute M. |
|                                         |                        |               MIG M. |
|=========================================+========================+======================|
|   0  NVIDIA A100 80GB PCIe          On  |   00000000:01:00.0 Off |                    0 |
| N/A   40C    P0             58W /  300W |       0MiB /  81920MiB |      0%      Default |
|                                         |                        |             Disabled |
+-----------------------------------------+------------------------+----------------------+
|   1  NVIDIA A100 80GB PCIe          On  |   00000000:25:00.0 Off |                    0 |
| N/A   39C    P0             56W /  300W |       0MiB /  81920MiB |      0%      Default |
|                                         |                        |             Disabled |
+-----------------------------------------+------------------------+----------------------+
                                                                                         
+-----------------------------------------------------------------------------------------+
| Processes:                                                                              |
|  GPU   GI   CI              PID   Type   Process name                        GPU Memory |
|        ID   ID                                                               Usage      |
|=========================================================================================|
|  No running processes found                                                             |
+-----------------------------------------------------------------------------------------+
CUDA devices:
CUDA_VISIBLE_DEVICES: 0,1
/home/rvk
Using device: cuda
[2025-07-29 13:24:40,356][root][INFO] - model:
  _target_: models.CNO1d.CNO1d
  in_dim: 1
  out_dim: 1
  N_layers: 4
  N_res: 4
  N_res_neck: 4
  channel_multiplier: 32
  use_bn: true
dataset:
  dataset_params:
    _target_: dataloaders.ks.ks_markov_dataset
    filename: KS_train_2048.h5
    saved_folder: /data/user_data/rvk/ks/visc_0.1/
    val_filename: KS_valid.h5
    test_filename: KS_test.h5
    reduced_batch: 4
    reduced_resolution: 1
    reduced_resolution_t: 1
    s: 256
    data_normalizer: true
    num_samples_max: -1
  window_size: 15
  original_res: 512
  multi_res:
  - 1
  - 16
  train_mres: false
  pde: ks
training:
  batch_size: 16
  epochs: 100
  learning_rate: 0.001
  use_normalizer: false
project_name: ${dataset.pde}_${hydra:runtime.choices.model}
checkpoint_dir: checkpoints

Project name: ks_cno_1d/cno_1d
Model name: models.CNO1d.CNO1d
PDE Dataset: ks
---------------------
Loading from file: /data/user_data/rvk/ks/visc_0.1/KS_train_2048.h5
Available data keys in 'train': ['dt', 'dx', 'pde_51-512', 't', 'x']
PDE data shape: (2048, 51, 512)
Time data shape: (2048, 51)
Spatial coordinates shape: (512,)
dx shape: (2048,)
dt shape: (2048,)
Final data shape: (512, 51, 512)
Current Spatial Size: 512
Resizing from 512 to 256
Downsampling using FFT-based downsample_1d function
Data shape after resizing: (512, 51, 256)
Updated spatial coordinates shape: (256,)
x shape: torch.Size([25600, 1, 256])
y shape: torch.Size([25600, 1, 256])
spatial coordinates shape: (256,)
Loading from file: /data/user_data/rvk/ks/visc_0.1/KS_valid.h5
Available data keys in 'valid': ['dt', 'dx', 'pde_51-512', 't', 'x']
PDE data shape: (256, 51, 512)
Time data shape: (256, 51)
Spatial coordinates shape: (512,)
dx shape: (256,)
dt shape: (256,)
Final data shape: (64, 51, 512)
Current Spatial Size: 512
Resizing from 512 to 256
Downsampling using FFT-based downsample_1d function
Data shape after resizing: (64, 51, 256)
Updated spatial coordinates shape: (256,)
x shape: torch.Size([3200, 1, 256])
y shape: torch.Size([3200, 1, 256])
spatial coordinates shape: (256,)
Loading from file: /data/user_data/rvk/ks/visc_0.1/KS_test.h5
Available data keys in 'test': ['dt', 'dx', 'pde_51-512', 't', 'x']
PDE data shape: (256, 51, 512)
Time data shape: (256, 51)
Spatial coordinates shape: (512,)
dx shape: (256,)
dt shape: (256,)
Final data shape: (64, 51, 512)
Current Spatial Size: 512
Resizing from 512 to 256
Downsampling using FFT-based downsample_1d function
Data shape after resizing: (64, 51, 256)
Updated spatial coordinates shape: (256,)
x shape: torch.Size([3200, 1, 256])
y shape: torch.Size([3200, 1, 256])
spatial coordinates shape: (256,)
---------Computing min-max normalization statistics---------------
Input data range: [-11.452167, 11.583649]
Output data range: [-11.452167, 11.583649]
Train dataset size: 25600
Validation dataset size: 3200
Test dataset size: 3200
<dataloaders.ks.ks_markov_dataset.<locals>.MinMaxNormalizedDataset object at 0x14e94b0a4050>
<class 'torch.Tensor'> 0.4971460998058319 0.4971460998058319 0.13220906257629395 0.1346893459558487
Total Model Parameters: 2.68M
Trainable Parameters: 2.68M
Epoch 0, Train Loss: 0.02986772, Val Loss: 0.02275992
Epoch 10, Train Loss: 0.00699904, Val Loss: 0.00702309
Epoch 20, Train Loss: 0.00453904, Val Loss: 0.00443952
Epoch 30, Train Loss: 0.00262214, Val Loss: 0.00342717
Epoch 40, Train Loss: 0.00225385, Val Loss: 0.00245373
Epoch 50, Train Loss: 0.00157290, Val Loss: 0.00266767
Epoch 60, Train Loss: 0.00146054, Val Loss: 0.00431293
Epoch 70, Train Loss: 0.00138073, Val Loss: 0.00208923
Epoch 80, Train Loss: 0.00111512, Val Loss: 0.00188952
Epoch 90, Train Loss: 0.00106612, Val Loss: 0.00199221
Test L2 Loss: 0.006592
Model saved to checkpoints/cno1d/ks_5275777.pt
Created/verified figures directory: figures/5275777
Evaluating KS model at multiple resolutions
Using provided normalization statistics from training resolution 256:
  Input range: [-11.452167, 11.583649]
  Output range: [-11.452167, 11.583649]
Testing resolutions: [32, 64, 128, 256, 512]
Loading from file: /data/user_data/rvk/ks/visc_0.1/KS_train_2048.h5
Available data keys in 'train': ['dt', 'dx', 'pde_51-512', 't', 'x']
PDE data shape: (2048, 51, 512)
Time data shape: (2048, 51)
Spatial coordinates shape: (512,)
dx shape: (2048,)
dt shape: (2048,)
Final data shape: (512, 51, 512)
Current Spatial Size: 512
Resizing from 512 to 32
Downsampling using FFT-based downsample_1d function
Data shape after resizing: (512, 51, 32)
Updated spatial coordinates shape: (32,)
x shape: torch.Size([25600, 1, 32])
y shape: torch.Size([25600, 1, 32])
spatial coordinates shape: (32,)
Loading from file: /data/user_data/rvk/ks/visc_0.1/KS_valid.h5
Available data keys in 'valid': ['dt', 'dx', 'pde_51-512', 't', 'x']
PDE data shape: (256, 51, 512)
Time data shape: (256, 51)
Spatial coordinates shape: (512,)
dx shape: (256,)
dt shape: (256,)
Final data shape: (64, 51, 512)
Current Spatial Size: 512
Resizing from 512 to 32
Downsampling using FFT-based downsample_1d function
Data shape after resizing: (64, 51, 32)
Updated spatial coordinates shape: (32,)
x shape: torch.Size([3200, 1, 32])
y shape: torch.Size([3200, 1, 32])
spatial coordinates shape: (32,)
Loading from file: /data/user_data/rvk/ks/visc_0.1/KS_test.h5
Available data keys in 'test': ['dt', 'dx', 'pde_51-512', 't', 'x']
PDE data shape: (256, 51, 512)
Time data shape: (256, 51)
Spatial coordinates shape: (512,)
dx shape: (256,)
dt shape: (256,)
Final data shape: (64, 51, 512)
Current Spatial Size: 512
Resizing from 512 to 32
Downsampling using FFT-based downsample_1d function
Data shape after resizing: (64, 51, 32)
Updated spatial coordinates shape: (32,)
x shape: torch.Size([3200, 1, 32])
y shape: torch.Size([3200, 1, 32])
spatial coordinates shape: (32,)
Train dataset size: 25600
Validation dataset size: 3200
Test dataset size: 3200
Resolution 32 - Relative L2 Loss: 0.147011
Memory cleaned after resolution 32
Loading from file: /data/user_data/rvk/ks/visc_0.1/KS_train_2048.h5
Available data keys in 'train': ['dt', 'dx', 'pde_51-512', 't', 'x']
PDE data shape: (2048, 51, 512)
Time data shape: (2048, 51)
Spatial coordinates shape: (512,)
dx shape: (2048,)
dt shape: (2048,)
Final data shape: (512, 51, 512)
Current Spatial Size: 512
Resizing from 512 to 64
Downsampling using FFT-based downsample_1d function
Data shape after resizing: (512, 51, 64)
Updated spatial coordinates shape: (64,)
x shape: torch.Size([25600, 1, 64])
y shape: torch.Size([25600, 1, 64])
spatial coordinates shape: (64,)
Loading from file: /data/user_data/rvk/ks/visc_0.1/KS_valid.h5
Available data keys in 'valid': ['dt', 'dx', 'pde_51-512', 't', 'x']
PDE data shape: (256, 51, 512)
Time data shape: (256, 51)
Spatial coordinates shape: (512,)
dx shape: (256,)
dt shape: (256,)
Final data shape: (64, 51, 512)
Current Spatial Size: 512
Resizing from 512 to 64
Downsampling using FFT-based downsample_1d function
Data shape after resizing: (64, 51, 64)
Updated spatial coordinates shape: (64,)
x shape: torch.Size([3200, 1, 64])
y shape: torch.Size([3200, 1, 64])
spatial coordinates shape: (64,)
Loading from file: /data/user_data/rvk/ks/visc_0.1/KS_test.h5
Available data keys in 'test': ['dt', 'dx', 'pde_51-512', 't', 'x']
PDE data shape: (256, 51, 512)
Time data shape: (256, 51)
Spatial coordinates shape: (512,)
dx shape: (256,)
dt shape: (256,)
Final data shape: (64, 51, 512)
Current Spatial Size: 512
Resizing from 512 to 64
Downsampling using FFT-based downsample_1d function
Data shape after resizing: (64, 51, 64)
Updated spatial coordinates shape: (64,)
x shape: torch.Size([3200, 1, 64])
y shape: torch.Size([3200, 1, 64])
spatial coordinates shape: (64,)
Train dataset size: 25600
Validation dataset size: 3200
Test dataset size: 3200
Resolution 64 - Relative L2 Loss: 0.072260
Memory cleaned after resolution 64
Loading from file: /data/user_data/rvk/ks/visc_0.1/KS_train_2048.h5
Available data keys in 'train': ['dt', 'dx', 'pde_51-512', 't', 'x']
PDE data shape: (2048, 51, 512)
Time data shape: (2048, 51)
Spatial coordinates shape: (512,)
dx shape: (2048,)
dt shape: (2048,)
Final data shape: (512, 51, 512)
Current Spatial Size: 512
Resizing from 512 to 128
Downsampling using FFT-based downsample_1d function
Data shape after resizing: (512, 51, 128)
Updated spatial coordinates shape: (128,)
x shape: torch.Size([25600, 1, 128])
y shape: torch.Size([25600, 1, 128])
spatial coordinates shape: (128,)
Loading from file: /data/user_data/rvk/ks/visc_0.1/KS_valid.h5
Available data keys in 'valid': ['dt', 'dx', 'pde_51-512', 't', 'x']
PDE data shape: (256, 51, 512)
Time data shape: (256, 51)
Spatial coordinates shape: (512,)
dx shape: (256,)
dt shape: (256,)
Final data shape: (64, 51, 512)
Current Spatial Size: 512
Resizing from 512 to 128
Downsampling using FFT-based downsample_1d function
Data shape after resizing: (64, 51, 128)
Updated spatial coordinates shape: (128,)
x shape: torch.Size([3200, 1, 128])
y shape: torch.Size([3200, 1, 128])
spatial coordinates shape: (128,)
Loading from file: /data/user_data/rvk/ks/visc_0.1/KS_test.h5
Available data keys in 'test': ['dt', 'dx', 'pde_51-512', 't', 'x']
PDE data shape: (256, 51, 512)
Time data shape: (256, 51)
Spatial coordinates shape: (512,)
dx shape: (256,)
dt shape: (256,)
Final data shape: (64, 51, 512)
Current Spatial Size: 512
Resizing from 512 to 128
Downsampling using FFT-based downsample_1d function
Data shape after resizing: (64, 51, 128)
Updated spatial coordinates shape: (128,)
x shape: torch.Size([3200, 1, 128])
y shape: torch.Size([3200, 1, 128])
spatial coordinates shape: (128,)
Train dataset size: 25600
Validation dataset size: 3200
Test dataset size: 3200
Resolution 128 - Relative L2 Loss: 0.013658
Memory cleaned after resolution 128
Loading from file: /data/user_data/rvk/ks/visc_0.1/KS_train_2048.h5
Available data keys in 'train': ['dt', 'dx', 'pde_51-512', 't', 'x']
PDE data shape: (2048, 51, 512)
Time data shape: (2048, 51)
Spatial coordinates shape: (512,)
dx shape: (2048,)
dt shape: (2048,)
Final data shape: (512, 51, 512)
Current Spatial Size: 512
Resizing from 512 to 256
Downsampling using FFT-based downsample_1d function
Data shape after resizing: (512, 51, 256)
Updated spatial coordinates shape: (256,)
x shape: torch.Size([25600, 1, 256])
y shape: torch.Size([25600, 1, 256])
spatial coordinates shape: (256,)
Loading from file: /data/user_data/rvk/ks/visc_0.1/KS_valid.h5
Available data keys in 'valid': ['dt', 'dx', 'pde_51-512', 't', 'x']
PDE data shape: (256, 51, 512)
Time data shape: (256, 51)
Spatial coordinates shape: (512,)
dx shape: (256,)
dt shape: (256,)
Final data shape: (64, 51, 512)
Current Spatial Size: 512
Resizing from 512 to 256
Downsampling using FFT-based downsample_1d function
Data shape after resizing: (64, 51, 256)
Updated spatial coordinates shape: (256,)
x shape: torch.Size([3200, 1, 256])
y shape: torch.Size([3200, 1, 256])
spatial coordinates shape: (256,)
Loading from file: /data/user_data/rvk/ks/visc_0.1/KS_test.h5
Available data keys in 'test': ['dt', 'dx', 'pde_51-512', 't', 'x']
PDE data shape: (256, 51, 512)
Time data shape: (256, 51)
Spatial coordinates shape: (512,)
dx shape: (256,)
dt shape: (256,)
Final data shape: (64, 51, 512)
Current Spatial Size: 512
Resizing from 512 to 256
Downsampling using FFT-based downsample_1d function
Data shape after resizing: (64, 51, 256)
Updated spatial coordinates shape: (256,)
x shape: torch.Size([3200, 1, 256])
y shape: torch.Size([3200, 1, 256])
spatial coordinates shape: (256,)
Train dataset size: 25600
Validation dataset size: 3200
Test dataset size: 3200
Resolution 256 - Relative L2 Loss: 0.006592
Memory cleaned after resolution 256
Loading from file: /data/user_data/rvk/ks/visc_0.1/KS_train_2048.h5
Available data keys in 'train': ['dt', 'dx', 'pde_51-512', 't', 'x']
PDE data shape: (2048, 51, 512)
Time data shape: (2048, 51)
Spatial coordinates shape: (512,)
dx shape: (2048,)
dt shape: (2048,)
Final data shape: (512, 51, 512)
Current Spatial Size: 512
x shape: torch.Size([25600, 1, 512])
y shape: torch.Size([25600, 1, 512])
spatial coordinates shape: (512,)
Loading from file: /data/user_data/rvk/ks/visc_0.1/KS_valid.h5
Available data keys in 'valid': ['dt', 'dx', 'pde_51-512', 't', 'x']
PDE data shape: (256, 51, 512)
Time data shape: (256, 51)
Spatial coordinates shape: (512,)
dx shape: (256,)
dt shape: (256,)
Final data shape: (64, 51, 512)
Current Spatial Size: 512
x shape: torch.Size([3200, 1, 512])
y shape: torch.Size([3200, 1, 512])
spatial coordinates shape: (512,)
Loading from file: /data/user_data/rvk/ks/visc_0.1/KS_test.h5
Available data keys in 'test': ['dt', 'dx', 'pde_51-512', 't', 'x']
PDE data shape: (256, 51, 512)
Time data shape: (256, 51)
Spatial coordinates shape: (512,)
dx shape: (256,)
dt shape: (256,)
Final data shape: (64, 51, 512)
Current Spatial Size: 512
x shape: torch.Size([3200, 1, 512])
y shape: torch.Size([3200, 1, 512])
spatial coordinates shape: (512,)
Train dataset size: 25600
Validation dataset size: 3200
Test dataset size: 3200
Resolution 512 - Relative L2 Loss: 0.006594
Memory cleaned after resolution 512
Creating prediction vs target plots...
Saved 1D KS prediction plots to figures/5275777/prediction_plots
Saved numerical results: figures/5275777/ks_1d_evaluation_results_20250729_150656.csv
Saved summary: figures/5275777/ks_1d_evaluation_summary_20250729_150656.txt

==================================================
KS EVALUATION SUMMARY
==================================================
Resolution  32: 0.147011
Resolution  64: 0.072260
Resolution 128: 0.013658
Resolution 256: 0.006592
Resolution 512: 0.006594

Summary of Super-Resolution Evaluation:
Resolution factor 32: Relative L2 Loss = 0.147011
Resolution factor 64: Relative L2 Loss = 0.072260
Resolution factor 128: Relative L2 Loss = 0.013658
Resolution factor 256: Relative L2 Loss = 0.006592
Resolution factor 512: Relative L2 Loss = 0.006594

Evaluation plots saved to: figures/5275777
Wandb run: https://wandb.ai/rohanvk-carnegie-mellon-university/cno1d/runs/yfvy7fdr
Job completed at Tue Jul 29 15:07:05 EDT 2025
