Job started on shire-1-10 at Wed Sep 17 15:41:54 EDT 2025
Job ID: 5493883
GPU information:
Wed Sep 17 15:41:54 2025       
+-----------------------------------------------------------------------------------------+
| NVIDIA-SMI 575.51.03              Driver Version: 575.51.03      CUDA Version: 12.9     |
|-----------------------------------------+------------------------+----------------------+
| GPU  Name                 Persistence-M | Bus-Id          Disp.A | Volatile Uncorr. ECC |
| Fan  Temp   Perf          Pwr:Usage/Cap |           Memory-Usage | GPU-Util  Compute M. |
|                                         |                        |               MIG M. |
|=========================================+========================+======================|
|   0  NVIDIA RTX A6000               On  |   00000000:41:00.0 Off |                  Off |
| 30%   49C    P8             33W /  300W |       1MiB /  49140MiB |      0%      Default |
|                                         |                        |                  N/A |
+-----------------------------------------+------------------------+----------------------+
|   1  NVIDIA RTX A6000               On  |   00000000:81:00.0 Off |                  Off |
| 30%   50C    P8             32W /  300W |       1MiB /  49140MiB |      0%      Default |
|                                         |                        |                  N/A |
+-----------------------------------------+------------------------+----------------------+
                                                                                         
+-----------------------------------------------------------------------------------------+
| Processes:                                                                              |
|  GPU   GI   CI              PID   Type   Process name                        GPU Memory |
|        ID   ID                                                               Usage      |
|=========================================================================================|
|  No running processes found                                                             |
+-----------------------------------------------------------------------------------------+
CUDA devices:
CUDA_VISIBLE_DEVICES: 0,1
/home/rvk
[2025-09-17 15:41:56,683][__main__][INFO] - Starting Burgers equation simulation...
[2025-09-17 15:41:56,683][__main__][INFO] - Configuration: nx=512, epsilon=0.0001, numbers=10000
[2025-09-17 15:41:57,385][jax._src.xla_bridge][INFO] - Unable to initialize backend 'rocm': module 'jaxlib.xla_extension' has no attribute 'GpuAllocatorConfig'
[2025-09-17 15:41:57,386][jax._src.xla_bridge][INFO] - Unable to initialize backend 'tpu': INTERNAL: Failed to open libtpu.so: libtpu.so: cannot open shared object file: No such file or directory
[2025-09-17 15:41:57,623][__main__][INFO] - epsilon: 0.000100
[2025-09-17 15:41:57,662][__main__][INFO] - Setup completed in 0.98 seconds
[2025-09-17 15:41:57,663][__main__][INFO] - Initializing simulation data...
[2025-09-17 15:41:59,148][__main__][INFO] - Initialization completed in 1.49 seconds
[2025-09-17 15:41:59,148][__main__][INFO] - Starting numerical simulation...
[2025-09-17 15:42:16,269][__main__][INFO] - Numerical simulation completed in 17.12 seconds (0.29 minutes)
[2025-09-17 15:42:16,300][__main__][INFO] - Starting data saving...
[2025-09-17 15:42:29,741][__main__][INFO] - Saving reshaped data...
[2025-09-17 15:42:54,191][__main__][INFO] - ============================================================
[2025-09-17 15:42:54,191][__main__][INFO] - TIMING SUMMARY
[2025-09-17 15:42:54,191][__main__][INFO] - ============================================================
[2025-09-17 15:42:54,191][__main__][INFO] - Setup time:               0.98 seconds
[2025-09-17 15:42:54,191][__main__][INFO] - Initialization time:      1.49 seconds
[2025-09-17 15:42:54,191][__main__][INFO] - Simulation time:         17.12 seconds (  0.29 minutes)
[2025-09-17 15:42:54,191][__main__][INFO] - I/O time:                37.89 seconds
[2025-09-17 15:42:54,191][__main__][INFO] - Total time:              57.51 seconds (  0.96 minutes)
[2025-09-17 15:42:54,191][__main__][INFO] - ============================================================
[2025-09-17 15:42:54,191][__main__][INFO] - Data saved to: /data/user_data/rvk/pdebench_gen/burgers_512_0.0001/
[2025-09-17 15:42:54,191][__main__][INFO] - Simulation parameters: nx=512, epsilon=0.0001, numbers=10000
[2025-09-17 15:42:54,191][__main__][INFO] - Simulation completed successfully!
Job completed at Wed Sep 17 15:43:09 EDT 2025
