Job started on babel-8-5 at Mon Aug  4 12:19:10 EDT 2025
Job ID: 5297100
GPU information:
Mon Aug  4 12:19:10 2025       
+-----------------------------------------------------------------------------------------+
| NVIDIA-SMI 575.51.03              Driver Version: 575.51.03      CUDA Version: 12.9     |
|-----------------------------------------+------------------------+----------------------+
| GPU  Name                 Persistence-M | Bus-Id          Disp.A | Volatile Uncorr. ECC |
| Fan  Temp   Perf          Pwr:Usage/Cap |           Memory-Usage | GPU-Util  Compute M. |
|                                         |                        |               MIG M. |
|=========================================+========================+======================|
|   0  NVIDIA L40S                    On  |   00000000:D5:00.0 Off |                    0 |
| N/A   25C    P8             32W /  350W |       0MiB /  46068MiB |      0%      Default |
|                                         |                        |                  N/A |
+-----------------------------------------+------------------------+----------------------+
|   1  NVIDIA L40S                    On  |   00000000:D6:00.0 Off |                    0 |
| N/A   27C    P8             33W /  350W |       0MiB /  46068MiB |      0%      Default |
|                                         |                        |                  N/A |
+-----------------------------------------+------------------------+----------------------+
                                                                                         
+-----------------------------------------------------------------------------------------+
| Processes:                                                                              |
|  GPU   GI   CI              PID   Type   Process name                        GPU Memory |
|        ID   ID                                                               Usage      |
|=========================================================================================|
|  No running processes found                                                             |
+-----------------------------------------------------------------------------------------+
CUDA devices:
CUDA_VISIBLE_DEVICES: 0,1
Using device: cuda
[2025-08-04 12:19:13,933][root][INFO] - model:
  _target_: models.ffno.FFNO1D
  in_channels: 1
  out_channels: 1
  factor: 4
  n_modes: 16
  width: 64
  n_layers: 8
  ff_weight_norm: true
  n_ff_layers: 2
  layer_norm: true
  dropout: 0.0
  mode: full
  activation: relu
  use_grid: false
dataset:
  dataset_params:
    _target_: dataloaders.ks.ks_markov_dataset
    filename: KS_train_2048.h5
    saved_folder: /data/user_data/rvk/ks/res_512/visc_0.075_L64.0_lmax8_et5.0_nte51_nt51
    val_filename: KS_valid.h5
    test_filename: KS_test.h5
    reduced_batch: 2
    reduced_resolution: 1
    reduced_resolution_t: 1
    s: 512
    data_normalizer: true
    num_samples_max: -1
  window_size: 15
  original_res: 512
  multi_res:
  - 1
  - 16
  train_mres: false
  pde: ks
training:
  batch_size: 64
  epochs: 100
  learning_rate: 0.001
  use_normalizer: false
project_name: ${dataset.pde}_${hydra:runtime.choices.model}
checkpoint_dir: checkpoints

Project name: ks_ffno_1d/ffno_1d
Model name: models.ffno.FFNO1D
PDE Dataset: ks
---------------------
Loading from file: /data/user_data/rvk/ks/res_512/visc_0.075_L64.0_lmax8_et5.0_nte51_nt51/KS_train_2048.h5
Available data keys in 'train': ['dt', 'dx', 'pde_51-512', 't', 'x']
PDE data shape: (2048, 51, 512)
Time data shape: (2048, 51)
Spatial coordinates shape: (512,)
dx shape: (2048,)
dt shape: (2048,)
Final data shape: (1024, 51, 512)
Current Spatial Size: 512
x shape: torch.Size([51200, 1, 512])
y shape: torch.Size([51200, 1, 512])
spatial coordinates shape: (512,)
Loading from file: /data/user_data/rvk/ks/res_512/visc_0.075_L64.0_lmax8_et5.0_nte51_nt51/KS_valid.h5
Available data keys in 'valid': ['dt', 'dx', 'pde_51-512', 't', 'x']
PDE data shape: (256, 51, 512)
Time data shape: (256, 51)
Spatial coordinates shape: (512,)
dx shape: (256,)
dt shape: (256,)
Final data shape: (128, 51, 512)
Current Spatial Size: 512
x shape: torch.Size([6400, 1, 512])
y shape: torch.Size([6400, 1, 512])
spatial coordinates shape: (512,)
Loading from file: /data/user_data/rvk/ks/res_512/visc_0.075_L64.0_lmax8_et5.0_nte51_nt51/KS_test.h5
Available data keys in 'test': ['dt', 'dx', 'pde_51-512', 't', 'x']
PDE data shape: (256, 51, 512)
Time data shape: (256, 51)
Spatial coordinates shape: (512,)
dx shape: (256,)
dt shape: (256,)
Final data shape: (128, 51, 512)
Current Spatial Size: 512
x shape: torch.Size([6400, 1, 512])
y shape: torch.Size([6400, 1, 512])
spatial coordinates shape: (512,)
---------Computing min-max normalization statistics---------------
Input data range: [-13.957996, 14.083549]
Output data range: [-13.957996, 14.083549]
Train dataset size: 51200
Validation dataset size: 6400
Test dataset size: 6400
<dataloaders.ks.ks_markov_dataset.<locals>.MinMaxNormalizedDataset object at 0x146c46e04b90>
<class 'torch.Tensor'> 0.4977612793445587 0.4977612793445587 0.12283171713352203 0.12591511011123657
FFNO1D(
  (in_proj): WNLinear(in_features=1, out_features=64, bias=True)
  (fourier_layers): ModuleList(
    (0-7): 8 x FSpectralConv1d(
      (fourier_weight): ParameterList(  (0): Parameter containing: [torch.float32 of size 64x64x16x2 (cuda:0)])
      (backcast_ff): FeedForward(
        (layers): ModuleList(
          (0): Sequential(
            (0): Linear(in_features=64, out_features=256, bias=True)
            (1): Dropout(p=0.0, inplace=False)
            (2): GELU(approximate='none')
            (3): Identity()
          )
          (1): Sequential(
            (0): Linear(in_features=256, out_features=64, bias=True)
            (1): Dropout(p=0.0, inplace=False)
            (2): Identity()
            (3): LayerNorm((64,), eps=1e-05, elementwise_affine=True)
          )
        )
      )
    )
  )
  (out_proj): WNLinear(in_features=64, out_features=1, bias=True)
)
Total Model Parameters: 1.31M
Trainable Parameters: 1.31M
Epoch 0, Train Loss: 0.29441077, Val Loss: 0.10136918
Epoch 10, Train Loss: 0.06243569, Val Loss: 0.05749942
Epoch 20, Train Loss: 0.05082365, Val Loss: 0.05366087
Epoch 30, Train Loss: 0.03949487, Val Loss: 0.05614433
Epoch 40, Train Loss: 0.03477168, Val Loss: 0.05709678
Epoch 50, Train Loss: 0.02977777, Val Loss: 0.05816647
Epoch 60, Train Loss: 0.02790271, Val Loss: 0.05862943
Epoch 70, Train Loss: 0.02657170, Val Loss: 0.05932211
Epoch 80, Train Loss: 0.02472101, Val Loss: 0.05988520
Epoch 90, Train Loss: 0.02411199, Val Loss: 0.06020726
Test L2 Loss: 0.211037
Model saved to checkpoints/ffno1d/ks_5297100.pt
Created/verified figures directory: figures/5297100
Evaluating KS model at multiple resolutions
Using provided normalization statistics from training resolution 512:
  Input range: [-13.957996, 14.083549]
  Output range: [-13.957996, 14.083549]
Testing resolutions: [32, 64, 128, 256, 512]
Loading from file: /data/user_data/rvk/ks/res_512/visc_0.075_L64.0_lmax8_et5.0_nte51_nt51/KS_train_2048.h5
Available data keys in 'train': ['dt', 'dx', 'pde_51-512', 't', 'x']
PDE data shape: (2048, 51, 512)
Time data shape: (2048, 51)
Spatial coordinates shape: (512,)
dx shape: (2048,)
dt shape: (2048,)
Final data shape: (1024, 51, 512)
Current Spatial Size: 512
Resizing from 512 to 32
Downsampling using FFT-based downsample_1d function
Data shape after resizing: (1024, 51, 32)
Updated spatial coordinates shape: (32,)
x shape: torch.Size([51200, 1, 32])
y shape: torch.Size([51200, 1, 32])
spatial coordinates shape: (32,)
Loading from file: /data/user_data/rvk/ks/res_512/visc_0.075_L64.0_lmax8_et5.0_nte51_nt51/KS_valid.h5
Available data keys in 'valid': ['dt', 'dx', 'pde_51-512', 't', 'x']
PDE data shape: (256, 51, 512)
Time data shape: (256, 51)
Spatial coordinates shape: (512,)
dx shape: (256,)
dt shape: (256,)
Final data shape: (128, 51, 512)
Current Spatial Size: 512
Resizing from 512 to 32
Downsampling using FFT-based downsample_1d function
Data shape after resizing: (128, 51, 32)
Updated spatial coordinates shape: (32,)
x shape: torch.Size([6400, 1, 32])
y shape: torch.Size([6400, 1, 32])
spatial coordinates shape: (32,)
Loading from file: /data/user_data/rvk/ks/res_512/visc_0.075_L64.0_lmax8_et5.0_nte51_nt51/KS_test.h5
Available data keys in 'test': ['dt', 'dx', 'pde_51-512', 't', 'x']
PDE data shape: (256, 51, 512)
Time data shape: (256, 51)
Spatial coordinates shape: (512,)
dx shape: (256,)
dt shape: (256,)
Final data shape: (128, 51, 512)
Current Spatial Size: 512
Resizing from 512 to 32
Downsampling using FFT-based downsample_1d function
Data shape after resizing: (128, 51, 32)
Updated spatial coordinates shape: (32,)
x shape: torch.Size([6400, 1, 32])
y shape: torch.Size([6400, 1, 32])
spatial coordinates shape: (32,)
Train dataset size: 51200
Validation dataset size: 6400
Test dataset size: 6400
Selected random indices for plotting: [3216, 4010, 4573, 5421, 4783, 3169, 5316, 2003, 1533, 988]
Collected 10 examples for resolution 32
Resolution 32 - Relative L2 Loss: 0.163448
Memory cleaned after resolution 32
Loading from file: /data/user_data/rvk/ks/res_512/visc_0.075_L64.0_lmax8_et5.0_nte51_nt51/KS_train_2048.h5
Available data keys in 'train': ['dt', 'dx', 'pde_51-512', 't', 'x']
PDE data shape: (2048, 51, 512)
Time data shape: (2048, 51)
Spatial coordinates shape: (512,)
dx shape: (2048,)
dt shape: (2048,)
Final data shape: (1024, 51, 512)
Current Spatial Size: 512
Resizing from 512 to 64
Downsampling using FFT-based downsample_1d function
Data shape after resizing: (1024, 51, 64)
Updated spatial coordinates shape: (64,)
x shape: torch.Size([51200, 1, 64])
y shape: torch.Size([51200, 1, 64])
spatial coordinates shape: (64,)
Loading from file: /data/user_data/rvk/ks/res_512/visc_0.075_L64.0_lmax8_et5.0_nte51_nt51/KS_valid.h5
Available data keys in 'valid': ['dt', 'dx', 'pde_51-512', 't', 'x']
PDE data shape: (256, 51, 512)
Time data shape: (256, 51)
Spatial coordinates shape: (512,)
dx shape: (256,)
dt shape: (256,)
Final data shape: (128, 51, 512)
Current Spatial Size: 512
Resizing from 512 to 64
Downsampling using FFT-based downsample_1d function
Data shape after resizing: (128, 51, 64)
Updated spatial coordinates shape: (64,)
x shape: torch.Size([6400, 1, 64])
y shape: torch.Size([6400, 1, 64])
spatial coordinates shape: (64,)
Loading from file: /data/user_data/rvk/ks/res_512/visc_0.075_L64.0_lmax8_et5.0_nte51_nt51/KS_test.h5
Available data keys in 'test': ['dt', 'dx', 'pde_51-512', 't', 'x']
PDE data shape: (256, 51, 512)
Time data shape: (256, 51)
Spatial coordinates shape: (512,)
dx shape: (256,)
dt shape: (256,)
Final data shape: (128, 51, 512)
Current Spatial Size: 512
Resizing from 512 to 64
Downsampling using FFT-based downsample_1d function
Data shape after resizing: (128, 51, 64)
Updated spatial coordinates shape: (64,)
x shape: torch.Size([6400, 1, 64])
y shape: torch.Size([6400, 1, 64])
spatial coordinates shape: (64,)
Train dataset size: 51200
Validation dataset size: 6400
Test dataset size: 6400
Collected 10 examples for resolution 64
Resolution 64 - Relative L2 Loss: 0.167262
Memory cleaned after resolution 64
Loading from file: /data/user_data/rvk/ks/res_512/visc_0.075_L64.0_lmax8_et5.0_nte51_nt51/KS_train_2048.h5
Available data keys in 'train': ['dt', 'dx', 'pde_51-512', 't', 'x']
PDE data shape: (2048, 51, 512)
Time data shape: (2048, 51)
Spatial coordinates shape: (512,)
dx shape: (2048,)
dt shape: (2048,)
Final data shape: (1024, 51, 512)
Current Spatial Size: 512
Resizing from 512 to 128
Downsampling using FFT-based downsample_1d function
Data shape after resizing: (1024, 51, 128)
Updated spatial coordinates shape: (128,)
x shape: torch.Size([51200, 1, 128])
y shape: torch.Size([51200, 1, 128])
spatial coordinates shape: (128,)
Loading from file: /data/user_data/rvk/ks/res_512/visc_0.075_L64.0_lmax8_et5.0_nte51_nt51/KS_valid.h5
Available data keys in 'valid': ['dt', 'dx', 'pde_51-512', 't', 'x']
PDE data shape: (256, 51, 512)
Time data shape: (256, 51)
Spatial coordinates shape: (512,)
dx shape: (256,)
dt shape: (256,)
Final data shape: (128, 51, 512)
Current Spatial Size: 512
Resizing from 512 to 128
Downsampling using FFT-based downsample_1d function
Data shape after resizing: (128, 51, 128)
Updated spatial coordinates shape: (128,)
x shape: torch.Size([6400, 1, 128])
y shape: torch.Size([6400, 1, 128])
spatial coordinates shape: (128,)
Loading from file: /data/user_data/rvk/ks/res_512/visc_0.075_L64.0_lmax8_et5.0_nte51_nt51/KS_test.h5
Available data keys in 'test': ['dt', 'dx', 'pde_51-512', 't', 'x']
PDE data shape: (256, 51, 512)
Time data shape: (256, 51)
Spatial coordinates shape: (512,)
dx shape: (256,)
dt shape: (256,)
Final data shape: (128, 51, 512)
Current Spatial Size: 512
Resizing from 512 to 128
Downsampling using FFT-based downsample_1d function
Data shape after resizing: (128, 51, 128)
Updated spatial coordinates shape: (128,)
x shape: torch.Size([6400, 1, 128])
y shape: torch.Size([6400, 1, 128])
spatial coordinates shape: (128,)
Train dataset size: 51200
Validation dataset size: 6400
Test dataset size: 6400
Collected 10 examples for resolution 128
Resolution 128 - Relative L2 Loss: 0.208824
Memory cleaned after resolution 128
Loading from file: /data/user_data/rvk/ks/res_512/visc_0.075_L64.0_lmax8_et5.0_nte51_nt51/KS_train_2048.h5
Available data keys in 'train': ['dt', 'dx', 'pde_51-512', 't', 'x']
PDE data shape: (2048, 51, 512)
Time data shape: (2048, 51)
Spatial coordinates shape: (512,)
dx shape: (2048,)
dt shape: (2048,)
Final data shape: (1024, 51, 512)
Current Spatial Size: 512
Resizing from 512 to 256
Downsampling using FFT-based downsample_1d function
Data shape after resizing: (1024, 51, 256)
Updated spatial coordinates shape: (256,)
x shape: torch.Size([51200, 1, 256])
y shape: torch.Size([51200, 1, 256])
spatial coordinates shape: (256,)
Loading from file: /data/user_data/rvk/ks/res_512/visc_0.075_L64.0_lmax8_et5.0_nte51_nt51/KS_valid.h5
Available data keys in 'valid': ['dt', 'dx', 'pde_51-512', 't', 'x']
PDE data shape: (256, 51, 512)
Time data shape: (256, 51)
Spatial coordinates shape: (512,)
dx shape: (256,)
dt shape: (256,)
Final data shape: (128, 51, 512)
Current Spatial Size: 512
Resizing from 512 to 256
Downsampling using FFT-based downsample_1d function
Data shape after resizing: (128, 51, 256)
Updated spatial coordinates shape: (256,)
x shape: torch.Size([6400, 1, 256])
y shape: torch.Size([6400, 1, 256])
spatial coordinates shape: (256,)
Loading from file: /data/user_data/rvk/ks/res_512/visc_0.075_L64.0_lmax8_et5.0_nte51_nt51/KS_test.h5
Available data keys in 'test': ['dt', 'dx', 'pde_51-512', 't', 'x']
PDE data shape: (256, 51, 512)
Time data shape: (256, 51)
Spatial coordinates shape: (512,)
dx shape: (256,)
dt shape: (256,)
Final data shape: (128, 51, 512)
Current Spatial Size: 512
Resizing from 512 to 256
Downsampling using FFT-based downsample_1d function
Data shape after resizing: (128, 51, 256)
Updated spatial coordinates shape: (256,)
x shape: torch.Size([6400, 1, 256])
y shape: torch.Size([6400, 1, 256])
spatial coordinates shape: (256,)
Train dataset size: 51200
Validation dataset size: 6400
Test dataset size: 6400
Collected 10 examples for resolution 256
Resolution 256 - Relative L2 Loss: 0.210942
Memory cleaned after resolution 256
Loading from file: /data/user_data/rvk/ks/res_512/visc_0.075_L64.0_lmax8_et5.0_nte51_nt51/KS_train_2048.h5
Available data keys in 'train': ['dt', 'dx', 'pde_51-512', 't', 'x']
PDE data shape: (2048, 51, 512)
Time data shape: (2048, 51)
Spatial coordinates shape: (512,)
dx shape: (2048,)
dt shape: (2048,)
Final data shape: (1024, 51, 512)
Current Spatial Size: 512
x shape: torch.Size([51200, 1, 512])
y shape: torch.Size([51200, 1, 512])
spatial coordinates shape: (512,)
Loading from file: /data/user_data/rvk/ks/res_512/visc_0.075_L64.0_lmax8_et5.0_nte51_nt51/KS_valid.h5
Available data keys in 'valid': ['dt', 'dx', 'pde_51-512', 't', 'x']
PDE data shape: (256, 51, 512)
Time data shape: (256, 51)
Spatial coordinates shape: (512,)
dx shape: (256,)
dt shape: (256,)
Final data shape: (128, 51, 512)
Current Spatial Size: 512
x shape: torch.Size([6400, 1, 512])
y shape: torch.Size([6400, 1, 512])
spatial coordinates shape: (512,)
Loading from file: /data/user_data/rvk/ks/res_512/visc_0.075_L64.0_lmax8_et5.0_nte51_nt51/KS_test.h5
Available data keys in 'test': ['dt', 'dx', 'pde_51-512', 't', 'x']
PDE data shape: (256, 51, 512)
Time data shape: (256, 51)
Spatial coordinates shape: (512,)
dx shape: (256,)
dt shape: (256,)
Final data shape: (128, 51, 512)
Current Spatial Size: 512
x shape: torch.Size([6400, 1, 512])
y shape: torch.Size([6400, 1, 512])
spatial coordinates shape: (512,)
Train dataset size: 51200
Validation dataset size: 6400
Test dataset size: 6400
Collected 10 examples for resolution 512
Resolution 512 - Relative L2 Loss: 0.211037
Memory cleaned after resolution 512
Creating prediction vs target plots...
Saved prediction plot: figures/5297100/prediction_plots/ks_predictions_vs_targets_10_examples.png
Saved numerical results: figures/5297100/ks_1d_evaluation_results_20250804_123721.csv
Saved summary: figures/5297100/ks_1d_evaluation_summary_20250804_123721.txt

==================================================
KS EVALUATION SUMMARY
==================================================
Resolution  32: 0.163448
Resolution  64: 0.167262
Resolution 128: 0.208824
Resolution 256: 0.210942
Resolution 512: 0.211037

Summary of Super-Resolution Evaluation:
Resolution factor 32: Relative L2 Loss = 0.163448
Resolution factor 64: Relative L2 Loss = 0.167262
Resolution factor 128: Relative L2 Loss = 0.208824
Resolution factor 256: Relative L2 Loss = 0.210942
Resolution factor 512: Relative L2 Loss = 0.211037

Evaluation plots saved to: figures/5297100
Wandb run: https://wandb.ai/rohanvk-carnegie-mellon-university/ffno1d/runs/npv9zjwl
Job completed at Mon Aug  4 12:37:25 EDT 2025
