Job started on babel-5-27 at Mon May 26 03:54:39 EDT 2025
Job ID: 4937721
GPU information:
Mon May 26 03:54:39 2025       
+-----------------------------------------------------------------------------------------+
| NVIDIA-SMI 575.51.03              Driver Version: 575.51.03      CUDA Version: 12.9     |
|-----------------------------------------+------------------------+----------------------+
| GPU  Name                 Persistence-M | Bus-Id          Disp.A | Volatile Uncorr. ECC |
| Fan  Temp   Perf          Pwr:Usage/Cap |           Memory-Usage | GPU-Util  Compute M. |
|                                         |                        |               MIG M. |
|=========================================+========================+======================|
|   0  NVIDIA A100 80GB PCIe          On  |   00000000:41:00.0 Off |                    0 |
| N/A   37C    P0             79W /  270W |       0MiB /  81920MiB |      0%      Default |
|                                         |                        |             Disabled |
+-----------------------------------------+------------------------+----------------------+
|   1  NVIDIA A100 80GB PCIe          On  |   00000000:61:00.0 Off |                    0 |
| N/A   34C    P0             72W /  270W |       0MiB /  81920MiB |      0%      Default |
|                                         |                        |             Disabled |
+-----------------------------------------+------------------------+----------------------+
                                                                                         
+-----------------------------------------------------------------------------------------+
| Processes:                                                                              |
|  GPU   GI   CI              PID   Type   Process name                        GPU Memory |
|        ID   ID                                                               Usage      |
|=========================================================================================|
|  No running processes found                                                             |
+-----------------------------------------------------------------------------------------+
CUDA devices:
CUDA_VISIBLE_DEVICES: 0,1
Using device: cuda
[2025-05-26 03:54:45,106][root][INFO] - model:
  _target_: models.s4_2d.S4NDModel
  d_input: 15
  d_output: 3
  d_model: 64
  n_layers: 4
  dropout: 0.2
  prenorm: false
dataset:
  reduced_batch: 1
  reduced_resolution: 2
  reduced_resolution_t: 4
  window_size: 15
  original_res: 512
  pde: navier_stokes_0
  data_path1: data/pdebench/ns_incom_inhom_2d_512-100.hdf5
training:
  batch_size: 4
  epochs: 100
  learning_rate: 0.001
  use_normalizer: false
project_name: ${dataset.pde}_${hydra:runtime.choices.model}
checkpoint_dir: checkpoints

Project name: navier_stokes_0_s4_2d/s4_2d
Model name: models.s4_2d.S4NDModel
PDE Dataset: navier_stokes_0
Loading from file: /home/rvk/data/pdebench/ns_incom_inhom_2d_512-100.hdf5
Available keys: ['force', 'particles', 't', 'velocity']
Velocity data shape: (4, 1000, 512, 512, 2)
Particles data shape: (4, 1000, 512, 512, 1)
Time data shape: (4, 250)
Combined data shape: (4, 250, 256, 256, 3)
--------Processing simulation 0----------
--------Processing simulation 1----------
--------Processing simulation 2----------
--------Processing simulation 3----------
Dataset initialized with 940 samples
Raw data shape: (4, 250, 256, 256, 3)
Window size: 15, Flatten window: True
--------started data123----------
---------Using data normalizer---------------
Train dataset size: 752
Validation dataset size: 94
Test dataset size: 94
<class 'torch.Tensor'> 0.012979372404515743 0.011455914936959743 1.0650101900100708 1.1028589010238647
Sample Input shape: torch.Size([4, 45, 256, 256])
Sample Output shape: torch.Size([4, 3, 256, 256])
[2025-05-26 03:55:34,297][models.s4][WARNING] - CUDA extension for structured kernels (Cauchy and Vandermonde multiplication) not found. Install by going to extensions/kernels/ and running `python setup.py install`, for improved speed and memory efficiency. Note that the kernel changed for state-spaces 4.0 and must be recompiled.
[2025-05-26 03:55:34,298][models.s4][WARNING] - Falling back on slow Cauchy and Vandermonde kernel. Install at least one of pykeops or the CUDA extension for better speed and memory efficiency.
[2025-05-26 03:55:34,303][models.s4nd][WARNING] - CUDA extension for structured kernels (Cauchy and Vandermonde multiplication) not found. Install by going to extensions/kernels/ and running `python setup.py install`, for improved speed and memory efficiency. Note that the kernel changed for state-spaces 4.0 and must be recompiled.
[2025-05-26 03:55:34,303][models.s4nd][WARNING] - Falling back on slow Cauchy and Vandermonde kernel. Install at least one of pykeops or the CUDA extension for better speed and memory efficiency.
Epoch 0, Train Loss: 0.40829193, Val Loss: 0.20143320
Epoch 10, Train Loss: 0.05488521, Val Loss: 0.20024866
Epoch 20, Train Loss: 0.03988919, Val Loss: 0.14728138
Epoch 30, Train Loss: 0.03468178, Val Loss: 0.14630554
Epoch 40, Train Loss: 0.03225701, Val Loss: 0.15419024
Epoch 50, Train Loss: 0.03067510, Val Loss: 0.15466048
Epoch 60, Train Loss: 0.02943256, Val Loss: 0.15325620
Epoch 70, Train Loss: 0.02854025, Val Loss: 0.15115131
Epoch 80, Train Loss: 0.02817384, Val Loss: 0.15138620
Epoch 90, Train Loss: 0.02792519, Val Loss: 0.15205931
Test L2 Loss: 0.138270
Model saved to checkpoints/s4ndmodel/navier_stokes_0_4937721.pt
Original test data shape: x=torch.Size([94, 45, 256, 256]), y=torch.Size([94, 3, 256, 256])

Evaluating at resolution factor: 1
Resolution factor 1 - Relative L2 Loss: 0.138417

Evaluating at resolution factor: 2
Downsampled shapes: x=torch.Size([94, 45, 128, 128]), y=torch.Size([94, 3, 128, 128])
Resolution factor 2 - Relative L2 Loss: 0.092591

Evaluating at resolution factor: 4
Downsampled shapes: x=torch.Size([94, 45, 64, 64]), y=torch.Size([94, 3, 64, 64])
Resolution factor 4 - Relative L2 Loss: 0.077988

Evaluating at resolution factor: 8
Downsampled shapes: x=torch.Size([94, 45, 32, 32]), y=torch.Size([94, 3, 32, 32])
Resolution factor 8 - Relative L2 Loss: 0.087727

Evaluating at resolution factor: 16
Downsampled shapes: x=torch.Size([94, 45, 16, 16]), y=torch.Size([94, 3, 16, 16])
Resolution factor 16 - Relative L2 Loss: 0.112451

Evaluating at resolution factor: 32
Downsampled shapes: x=torch.Size([94, 45, 8, 8]), y=torch.Size([94, 3, 8, 8])
Resolution factor 32 - Relative L2 Loss: 0.146167
--------Evaluating Higher Resolution------------
Loading from file: /home/rvk/data/pdebench/ns_incom_inhom_2d_512-100.hdf5
Available keys: ['force', 'particles', 't', 'velocity']
Velocity data shape: (4, 1000, 512, 512, 2)
Particles data shape: (4, 1000, 512, 512, 1)
Time data shape: (4, 250)
Combined data shape: (4, 250, 512, 512, 3)
--------Processing simulation 0----------
--------Processing simulation 1----------
--------Processing simulation 2----------
--------Processing simulation 3----------
Dataset initialized with 940 samples
Raw data shape: (4, 250, 512, 512, 3)
Window size: 15, Flatten window: True
--------started data123----------
Train dataset size: 752
Validation dataset size: 94
Test dataset size: 94
Original test data shape: x=torch.Size([4, 45, 512, 512]), y=torch.Size([4, 3, 512, 512])
Testing resolutions: [512]

Evaluating at resolution: 512
Downsampled shapes: x=torch.Size([4, 45, 512, 512]), y=torch.Size([4, 3, 512, 512])
Resolution 512 - Relative L2 Loss: 0.158156

Summary of Super-Resolution Evaluation:
Resolution factor 1: Relative L2 Loss = 0.138417
Resolution factor 2: Relative L2 Loss = 0.092591
Resolution factor 4: Relative L2 Loss = 0.077988
Resolution factor 8: Relative L2 Loss = 0.087727
Resolution factor 16: Relative L2 Loss = 0.112451
Resolution factor 32: Relative L2 Loss = 0.146167

Summary of Higher-Resolution Evaluation:
Resolution 512: Relative L2 Loss = 0.158156
Job completed at Mon May 26 04:29:34 EDT 2025
