Job started on babel-8-17 at Tue Apr 22 18:16:21 EDT 2025
Job ID: 4624548
Using device: cuda
[2025-04-22 18:16:24,655][root][INFO] - model:
  _target_: models.s4_1d.S4Model
  d_input: 15
  d_output: 1
  d_model: 64
  n_layers: 4
  dropout: 0.2
  prenorm: false
dataset:
  reduced_batch: 4
  reduced_resolution: 16
  reduced_resolution_t: 1
  window_size: 15
  original_res: 1024
  pde: burger_1.0
  data_path1: data/pdebench/1D_Burgers_Sols_Nu1.0.hdf5
training:
  batch_size: 64
  epochs: 100
  learning_rate: 0.001
  use_normalizer: false
project_name: ${dataset.pde}_${hydra:runtime.choices.model}
checkpoint_dir: checkpoints

Project name: burger_1.0_s4_1d/s4_1d
Model name: models.s4_1d.S4Model
PDE Dataset: burger_1.0
Loading from file: /home/rvk/data/pdebench/1D_Burgers_Sols_Nu1.0.hdf5
(10000, 201, 1024)
Total data shape: (2500, 201, 64)
x shape: (465000, 15, 64)
y shape: (465000, 1, 64)
grid shape: torch.Size([64, 1])
---------Using data normalizer---------------
Train dataset size: 372000
Validation dataset size: 46500
Test dataset size: 46500
<class 'torch.Tensor'> -0.005306108854711056 -0.005309716332703829 1.1994189023971558 1.200365662574768
Sample Input shape: torch.Size([64, 15, 64])
Sample Output shape: torch.Size([64, 1, 64])
[2025-04-22 18:16:48,232][models.s4][WARNING] - CUDA extension for structured kernels (Cauchy and Vandermonde multiplication) not found. Install by going to extensions/kernels/ and running `python setup.py install`, for improved speed and memory efficiency. Note that the kernel changed for state-spaces 4.0 and must be recompiled.
[2025-04-22 18:16:48,232][models.s4][WARNING] - Falling back on slow Cauchy and Vandermonde kernel. Install at least one of pykeops or the CUDA extension for better speed and memory efficiency.
[2025-04-22 18:16:48,484][models.s4][INFO] - Constructing S4 (H, N, L) = (64, 32, None)
[2025-04-22 18:16:48,601][models.s4][INFO] - Constructing S4 (H, N, L) = (64, 32, None)
[2025-04-22 18:16:48,750][models.s4][INFO] - Constructing S4 (H, N, L) = (64, 32, None)
[2025-04-22 18:16:48,935][models.s4][INFO] - Constructing S4 (H, N, L) = (64, 32, None)
S4Model(
  (encoder): Linear(in_features=16, out_features=64, bias=True)
  (s4_layers): ModuleList(
    (0-3): 4 x S4Block(
      (layer): FFTConv(
        (activation): GELU(approximate='none')
        (kernel): SSMKernelDPLR()
        (drop): Dropout(p=0.2, inplace=False)
        (drop_kernel): Identity()
      )
      (mult_activation): Identity()
      (drop): Dropout(p=0.2, inplace=False)
      (output_linear): Sequential(
        (0): Linear(in_features=64, out_features=128, bias=True)
        (1): GLU(dim=-1)
      )
      (residual_layer): ZeroLayer()
    )
  )
  (norms): ModuleList(
    (0-3): 4 x LayerNorm((64,), eps=1e-05, elementwise_affine=True)
  )
  (dropouts): ModuleList(
    (0-3): 4 x Dropout(p=0.2, inplace=False)
  )
  (decoder): Linear(in_features=64, out_features=1, bias=True)
)
[2025-04-22 18:16:57,398][models.s4][INFO] - S4: Initializing kernel to length 64
[2025-04-22 18:16:57,508][models.s4][INFO] - S4: Initializing kernel to length 64
[2025-04-22 18:16:57,513][models.s4][INFO] - S4: Initializing kernel to length 64
[2025-04-22 18:16:57,516][models.s4][INFO] - S4: Initializing kernel to length 64
Epoch 0, Train Loss: 0.02245115, Val Loss: 0.00358923
Epoch 10, Train Loss: 0.00389502, Val Loss: 0.00707131
Epoch 20, Train Loss: 0.00320113, Val Loss: 0.00129162
Epoch 30, Train Loss: 0.00267371, Val Loss: 0.00775190
Epoch 40, Train Loss: 0.00242086, Val Loss: 0.00160847
Epoch 50, Train Loss: 0.00184721, Val Loss: 0.00287637
Epoch 60, Train Loss: 0.00123927, Val Loss: 0.00128083
Epoch 70, Train Loss: 0.00079987, Val Loss: 0.00054418
Epoch 80, Train Loss: 0.00039335, Val Loss: 0.00026659
Epoch 90, Train Loss: 0.00014527, Val Loss: 0.00009854
Test L2 Loss: 0.000051
-----Visualizing Saved------
Figure saved to output_logs/predictions/burger_1.0_fno_4624548_predictions.png
Model saved to checkpoints/s4model/burger_1.0_4624548.pt
Original test data shape: x=torch.Size([46500, 15, 64]), y=torch.Size([46500, 1, 64])

Evaluating at resolution factor: 1
Resolution factor 1 - Relative L2 Loss: 0.000051

Evaluating at resolution factor: 2
Downsampled shapes: x=torch.Size([46500, 15, 32]), y=torch.Size([46500, 1, 32])
Resolution factor 2 - Relative L2 Loss: 0.002667

Evaluating at resolution factor: 4
Downsampled shapes: x=torch.Size([46500, 15, 16]), y=torch.Size([46500, 1, 16])
Resolution factor 4 - Relative L2 Loss: 0.004170

Evaluating at resolution factor: 8
Downsampled shapes: x=torch.Size([46500, 15, 8]), y=torch.Size([46500, 1, 8])
Resolution factor 8 - Relative L2 Loss: 0.004301

Evaluating at resolution factor: 16
Downsampled shapes: x=torch.Size([46500, 15, 4]), y=torch.Size([46500, 1, 4])
Resolution factor 16 - Relative L2 Loss: 0.004137

Evaluating at resolution factor: 32
Downsampled shapes: x=torch.Size([46500, 15, 2]), y=torch.Size([46500, 1, 2])
Resolution factor 32 - Relative L2 Loss: 0.003832
Loading from file: /home/rvk/data/pdebench/1D_Burgers_Sols_Nu1.0.hdf5
(10000, 201, 1024)
Total data shape: (2500, 201, 1024)
x shape: (465000, 15, 1024)
y shape: (465000, 1, 1024)
grid shape: torch.Size([1024, 1])
---------Using data normalizer---------------
Train dataset size: 372000
Validation dataset size: 46500
Test dataset size: 46500
Original test data shape: x=torch.Size([46500, 15, 1024]), y=torch.Size([46500, 1, 1024])
Testing resolutions: [128, 256, 512, 1024]

Evaluating at resolution: 128
Downsampled shapes: x=torch.Size([46500, 15, 128]), y=torch.Size([46500, 1, 128])
[2025-04-22 20:45:09,563][models.s4][INFO] - S4: Doubling length from L = 64 to 128
[2025-04-22 20:45:09,571][models.s4][INFO] - S4: Doubling length from L = 64 to 128
[2025-04-22 20:45:09,574][models.s4][INFO] - S4: Doubling length from L = 64 to 128
[2025-04-22 20:45:09,577][models.s4][INFO] - S4: Doubling length from L = 64 to 128
Resolution 128 - Relative L2 Loss: 0.014286

Evaluating at resolution: 256
Downsampled shapes: x=torch.Size([46500, 15, 256]), y=torch.Size([46500, 1, 256])
[2025-04-22 20:45:14,126][models.s4][INFO] - S4: Doubling length from L = 128 to 256
[2025-04-22 20:45:14,133][models.s4][INFO] - S4: Doubling length from L = 128 to 256
[2025-04-22 20:45:14,136][models.s4][INFO] - S4: Doubling length from L = 128 to 256
[2025-04-22 20:45:14,139][models.s4][INFO] - S4: Doubling length from L = 128 to 256
Resolution 256 - Relative L2 Loss: 0.476679

Evaluating at resolution: 512
Downsampled shapes: x=torch.Size([46500, 15, 512]), y=torch.Size([46500, 1, 512])
[2025-04-22 20:45:19,152][models.s4][INFO] - S4: Doubling length from L = 256 to 512
[2025-04-22 20:45:19,161][models.s4][INFO] - S4: Doubling length from L = 256 to 512
[2025-04-22 20:45:19,164][models.s4][INFO] - S4: Doubling length from L = 256 to 512
[2025-04-22 20:45:19,167][models.s4][INFO] - S4: Doubling length from L = 256 to 512
Resolution 512 - Relative L2 Loss: 3.443181

Evaluating at resolution: 1024
Downsampled shapes: x=torch.Size([46500, 15, 1024]), y=torch.Size([46500, 1, 1024])
[2025-04-22 20:45:25,095][models.s4][INFO] - S4: Doubling length from L = 512 to 1024
[2025-04-22 20:45:25,104][models.s4][INFO] - S4: Doubling length from L = 512 to 1024
[2025-04-22 20:45:25,107][models.s4][INFO] - S4: Doubling length from L = 512 to 1024
[2025-04-22 20:45:25,110][models.s4][INFO] - S4: Doubling length from L = 512 to 1024
Resolution 1024 - Relative L2 Loss: 19.643900

Summary of Super-Resolution Evaluation:
Resolution factor 1: Relative L2 Loss = 0.000051
Resolution factor 2: Relative L2 Loss = 0.002667
Resolution factor 4: Relative L2 Loss = 0.004170
Resolution factor 8: Relative L2 Loss = 0.004301
Resolution factor 16: Relative L2 Loss = 0.004137
Resolution factor 32: Relative L2 Loss = 0.003832

Summary of Higher-Resolution Evaluation:
Resolution 128: Relative L2 Loss = 0.014286
Resolution 256: Relative L2 Loss = 0.476679
Resolution 512: Relative L2 Loss = 3.443181
Resolution 1024: Relative L2 Loss = 19.643900
Job completed at Tue Apr 22 20:45:39 EDT 2025
