Job started on babel-3-13 at Mon Jun 30 22:37:42 EDT 2025
Job ID: 5177154
GPU information:
Mon Jun 30 22:37:42 2025       
+-----------------------------------------------------------------------------------------+
| NVIDIA-SMI 575.51.03              Driver Version: 575.51.03      CUDA Version: 12.9     |
|-----------------------------------------+------------------------+----------------------+
| GPU  Name                 Persistence-M | Bus-Id          Disp.A | Volatile Uncorr. ECC |
| Fan  Temp   Perf          Pwr:Usage/Cap |           Memory-Usage | GPU-Util  Compute M. |
|                                         |                        |               MIG M. |
|=========================================+========================+======================|
|   0  NVIDIA L40S                    On  |   00000000:56:00.0 Off |                    0 |
| N/A   22C    P8             31W /  350W |       0MiB /  46068MiB |      0%      Default |
|                                         |                        |                  N/A |
+-----------------------------------------+------------------------+----------------------+
|   1  NVIDIA L40S                    On  |   00000000:D1:00.0 Off |                    0 |
| N/A   22C    P8             31W /  350W |       0MiB /  46068MiB |      0%      Default |
|                                         |                        |                  N/A |
+-----------------------------------------+------------------------+----------------------+
                                                                                         
+-----------------------------------------------------------------------------------------+
| Processes:                                                                              |
|  GPU   GI   CI              PID   Type   Process name                        GPU Memory |
|        ID   ID                                                               Usage      |
|=========================================================================================|
|  No running processes found                                                             |
+-----------------------------------------------------------------------------------------+
CUDA devices:
CUDA_VISIBLE_DEVICES: 0,1
Using device: cuda
[2025-06-30 22:37:47,238][root][INFO] - model:
  _target_: models.ffno.FFNO2D
  in_channels: 3
  out_channels: 3
  width: 32
  factor: 4
  n_modes: 16
  n_layers: 4
  dropout: 0.1
  mode: full
  ff_weight_norm: true
  n_ff_layers: 2
  layer_norm: true
  use_grid: false
dataset:
  reduced_batch: 1
  reduced_resolution: 16
  reduced_resolution_t: 1
  window_size: 15
  original_res: 512
  train_resolution: 32
  multi_res:
  - 4
  - 8
  s: 32
  train_mres: false
  pde: navier_stokes_0
  data_path1: /data/user_data/rvk/data/pdebench/ns_incom_inhom_2d_512-0.hdf5
training:
  batch_size: 16
  epochs: 100
  learning_rate: 0.001
  use_normalizer: false
project_name: ${dataset.pde}_${hydra:runtime.choices.model}
checkpoint_dir: checkpoints

Project name: navier_stokes_0_ffno_2d/ns_ffno_2d
Model name: models.ffno.FFNO2D
PDE Dataset: navier_stokes_0
Model: ffno2d
Loading from file: /data/user_data/rvk/data/pdebench/ns_incom_inhom_2d_512-0.hdf5
Available keys: ['force', 'particles', 't', 'velocity']
Velocity data shape: (4, 1000, 512, 512, 2)
Particles data shape: (4, 1000, 512, 512, 1)
Combined data shape: (4, 1000, 512, 512, 3)
Current Spatial Size: 512
Resizing from 512x512 to 32x32
Downsampling using downsample function
Data shape after resizing: (4, 1000, 32, 32, 3)
x shape: torch.Size([3996, 3, 32, 32])
y shape: torch.Size([3996, 3, 32, 32])
---------Computing min-max normalization statistics---------------
Input data range: [-2.729954, 3.350614]
Output data range: [-2.729954, 2.488228]
Train dataset size: 3196
Validation dataset size: 399
Test dataset size: 401
<class 'torch.Tensor'> 0.4492316246032715 0.5234745144844055 0.08419012278318405 0.09805724024772644
FFNO2D(
  (in_proj): WNLinear(in_features=3, out_features=32, bias=True)
  (fourier_layers): ModuleList(
    (0-3): 4 x FSpectralConv2d(
      (fourier_weight): ParameterList(
          (0): Parameter containing: [torch.float32 of size 32x32x16x2 (cuda:0)]
          (1): Parameter containing: [torch.float32 of size 32x32x16x2 (cuda:0)]
      )
      (backcast_ff): FeedForward(
        (layers): ModuleList(
          (0): Sequential(
            (0): Linear(in_features=32, out_features=128, bias=True)
            (1): Dropout(p=0.1, inplace=False)
            (2): GELU(approximate='none')
            (3): Identity()
          )
          (1): Sequential(
            (0): Linear(in_features=128, out_features=32, bias=True)
            (1): Dropout(p=0.1, inplace=False)
            (2): Identity()
            (3): LayerNorm((32,), eps=1e-05, elementwise_affine=True)
          )
        )
      )
    )
  )
  (out_proj): WNLinear(in_features=32, out_features=3, bias=True)
)
Total Model Parameters: 0.30M
Trainable Parameters: 0.30M
Epoch 0, Train Loss: 0.27416523, Val Loss: 0.10497335
Epoch 10, Train Loss: 0.01798332, Val Loss: 0.02055413
Epoch 20, Train Loss: 0.01007058, Val Loss: 0.01329618
Epoch 30, Train Loss: 0.00658414, Val Loss: 0.01414194
Epoch 40, Train Loss: 0.00569844, Val Loss: 0.00790503
Epoch 50, Train Loss: 0.00437007, Val Loss: 0.00748581
Epoch 60, Train Loss: 0.00416733, Val Loss: 0.00603190
Epoch 70, Train Loss: 0.00387415, Val Loss: 0.00555518
Epoch 80, Train Loss: 0.00353674, Val Loss: 0.00450361
Epoch 90, Train Loss: 0.00332684, Val Loss: 0.00384705
Test L2 Loss: 0.021641
Model saved to checkpoints/ffno2d/navier_stokes_0_5177154.pt
Created/verified figures directory: figures/5177154
Using provided normalization statistics from training resolution 32:
  Input range: [-2.729954, 3.350614]
  Output range: [-2.729954, 2.488228]
Testing resolutions: [32, 64, 128, 256, 512]
Loading from file: /data/user_data/rvk/data/pdebench/ns_incom_inhom_2d_512-0.hdf5
Available keys: ['force', 'particles', 't', 'velocity']
Velocity data shape: (4, 1000, 512, 512, 2)
Particles data shape: (4, 1000, 512, 512, 1)
Combined data shape: (4, 1000, 512, 512, 3)
Current Spatial Size: 512
Resizing from 512x512 to 32x32
Downsampling using downsample function
Data shape after resizing: (4, 1000, 32, 32, 3)
x shape: torch.Size([3996, 3, 32, 32])
y shape: torch.Size([3996, 3, 32, 32])
Train dataset size: 3196
Validation dataset size: 399
Test dataset size: 401
Resolution 32 - Relative L2 Loss: 0.021641
Loading from file: /data/user_data/rvk/data/pdebench/ns_incom_inhom_2d_512-0.hdf5
Available keys: ['force', 'particles', 't', 'velocity']
Velocity data shape: (4, 1000, 512, 512, 2)
Particles data shape: (4, 1000, 512, 512, 1)
Combined data shape: (4, 1000, 512, 512, 3)
Current Spatial Size: 512
Resizing from 512x512 to 64x64
Downsampling using downsample function
Data shape after resizing: (4, 1000, 64, 64, 3)
x shape: torch.Size([3996, 3, 64, 64])
y shape: torch.Size([3996, 3, 64, 64])
Train dataset size: 3196
Validation dataset size: 399
Test dataset size: 401
Resolution 64 - Relative L2 Loss: 0.123457
Loading from file: /data/user_data/rvk/data/pdebench/ns_incom_inhom_2d_512-0.hdf5
Available keys: ['force', 'particles', 't', 'velocity']
Velocity data shape: (4, 1000, 512, 512, 2)
Particles data shape: (4, 1000, 512, 512, 1)
Combined data shape: (4, 1000, 512, 512, 3)
Current Spatial Size: 512
Resizing from 512x512 to 128x128
Downsampling using downsample function
Data shape after resizing: (4, 1000, 128, 128, 3)
x shape: torch.Size([3996, 3, 128, 128])
y shape: torch.Size([3996, 3, 128, 128])
Train dataset size: 3196
Validation dataset size: 399
Test dataset size: 401
Resolution 128 - Relative L2 Loss: 0.133764
Loading from file: /data/user_data/rvk/data/pdebench/ns_incom_inhom_2d_512-0.hdf5
Available keys: ['force', 'particles', 't', 'velocity']
Velocity data shape: (4, 1000, 512, 512, 2)
Particles data shape: (4, 1000, 512, 512, 1)
Combined data shape: (4, 1000, 512, 512, 3)
Current Spatial Size: 512
Resizing from 512x512 to 256x256
Downsampling using downsample function
Data shape after resizing: (4, 1000, 256, 256, 3)
x shape: torch.Size([3996, 3, 256, 256])
y shape: torch.Size([3996, 3, 256, 256])
Train dataset size: 3196
Validation dataset size: 399
Test dataset size: 401
Resolution 256 - Relative L2 Loss: 0.135227
Loading from file: /data/user_data/rvk/data/pdebench/ns_incom_inhom_2d_512-0.hdf5
Available keys: ['force', 'particles', 't', 'velocity']
Velocity data shape: (4, 1000, 512, 512, 2)
Particles data shape: (4, 1000, 512, 512, 1)
Combined data shape: (4, 1000, 512, 512, 3)
Current Spatial Size: 512
x shape: torch.Size([3996, 3, 512, 512])
y shape: torch.Size([3996, 3, 512, 512])
Train dataset size: 3196
Validation dataset size: 399
Test dataset size: 401
Resolution 512 - Relative L2 Loss: 0.135341
Detected 3 channel(s) in the data
Plotting Channel 0...
Saved main comparison plot to: figures/5177154/navier_stokes_comparison_20250630_225118.png
Saved error plot to: figures/5177154/navier_stokes_error_20250630_225118.png
Saved individual plot for resolution 32 to: figures/5177154/navier_stokes_res_32_20250630_225118.png
Saved individual plot for resolution 64 to: figures/5177154/navier_stokes_res_64_20250630_225118.png
Saved individual plot for resolution 128 to: figures/5177154/navier_stokes_res_128_20250630_225118.png
Saved individual plot for resolution 256 to: figures/5177154/navier_stokes_res_256_20250630_225118.png
Saved individual plot for resolution 512 to: figures/5177154/navier_stokes_res_512_20250630_225118.png
Plotting Channel 1...
Saved main comparison plot to: figures/5177154/navier_stokes_comparison_ch1_20250630_225118.png
Saved error plot to: figures/5177154/navier_stokes_error_ch1_20250630_225118.png
Saved individual plot for resolution 32 to: figures/5177154/navier_stokes_res_32_ch1_20250630_225118.png
Saved individual plot for resolution 64 to: figures/5177154/navier_stokes_res_64_ch1_20250630_225118.png
Saved individual plot for resolution 128 to: figures/5177154/navier_stokes_res_128_ch1_20250630_225118.png
Saved individual plot for resolution 256 to: figures/5177154/navier_stokes_res_256_ch1_20250630_225118.png
Saved individual plot for resolution 512 to: figures/5177154/navier_stokes_res_512_ch1_20250630_225118.png
Plotting Channel 2...
Saved main comparison plot to: figures/5177154/navier_stokes_comparison_ch2_20250630_225118.png
Saved error plot to: figures/5177154/navier_stokes_error_ch2_20250630_225118.png
Saved individual plot for resolution 32 to: figures/5177154/navier_stokes_res_32_ch2_20250630_225118.png
Saved individual plot for resolution 64 to: figures/5177154/navier_stokes_res_64_ch2_20250630_225118.png
Saved individual plot for resolution 128 to: figures/5177154/navier_stokes_res_128_ch2_20250630_225118.png
Saved individual plot for resolution 256 to: figures/5177154/navier_stokes_res_256_ch2_20250630_225118.png
Saved individual plot for resolution 512 to: figures/5177154/navier_stokes_res_512_ch2_20250630_225118.png
Saved all channels comparison plot to: figures/5177154/navier_stokes_all_channels_20250630_225118.png

==================================================
EVALUATION SUMMARY
==================================================
Resolution  32: 0.021641
Resolution  64: 0.123457
Resolution 128: 0.133764
Resolution 256: 0.135227
Resolution 512: 0.135341

Summary of Super-Resolution Evaluation:
Resolution factor 32: Relative L2 Loss = 0.021641
Resolution factor 64: Relative L2 Loss = 0.123457
Resolution factor 128: Relative L2 Loss = 0.133764
Resolution factor 256: Relative L2 Loss = 0.135227
Resolution factor 512: Relative L2 Loss = 0.135341

Evaluation plots saved to: figures/5177154
Wandb run: https://wandb.ai/rohanvk-carnegie-mellon-university/ffno2d/runs/4kzjww52
Job completed at Mon Jun 30 22:51:58 EDT 2025
