Job started on babel-3-13 at Mon Aug  4 14:18:28 EDT 2025
Job ID: 5297419
GPU information:
Mon Aug  4 14:18:28 2025       
+-----------------------------------------------------------------------------------------+
| NVIDIA-SMI 575.51.03              Driver Version: 575.51.03      CUDA Version: 12.9     |
|-----------------------------------------+------------------------+----------------------+
| GPU  Name                 Persistence-M | Bus-Id          Disp.A | Volatile Uncorr. ECC |
| Fan  Temp   Perf          Pwr:Usage/Cap |           Memory-Usage | GPU-Util  Compute M. |
|                                         |                        |               MIG M. |
|=========================================+========================+======================|
|   0  NVIDIA L40S                    On  |   00000000:52:00.0 Off |                    0 |
| N/A   24C    P8             31W /  350W |       0MiB /  46068MiB |      0%      Default |
|                                         |                        |                  N/A |
+-----------------------------------------+------------------------+----------------------+
|   1  NVIDIA L40S                    On  |   00000000:D5:00.0 Off |                    0 |
| N/A   26C    P8             32W /  350W |       0MiB /  46068MiB |      0%      Default |
|                                         |                        |                  N/A |
+-----------------------------------------+------------------------+----------------------+
                                                                                         
+-----------------------------------------------------------------------------------------+
| Processes:                                                                              |
|  GPU   GI   CI              PID   Type   Process name                        GPU Memory |
|        ID   ID                                                               Usage      |
|=========================================================================================|
|  No running processes found                                                             |
+-----------------------------------------------------------------------------------------+
CUDA devices:
CUDA_VISIBLE_DEVICES: 0,1
Using device: cuda
[2025-08-04 14:20:52,193][root][INFO] - model:
  _target_: models.ffno.FFNO1D
  in_channels: 1
  out_channels: 1
  factor: 4
  n_modes: 16
  width: 64
  n_layers: 8
  ff_weight_norm: true
  n_ff_layers: 2
  layer_norm: true
  dropout: 0.0
  mode: full
  activation: relu
  use_grid: false
dataset:
  dataset_params:
    _target_: dataloaders.ks.ks_markov_dataset
    filename: KS_train_2048.h5
    saved_folder: /data/user_data/rvk/ks/res_65/visc_1.0_L64.0_lmax3_et100.0_nte140_nt500
    val_filename: KS_valid.h5
    test_filename: KS_test.h5
    reduced_batch: 2
    reduced_resolution: 1
    reduced_resolution_t: 1
    s: 32
    data_normalizer: true
    num_samples_max: -1
  window_size: 15
  original_res: 65
  multi_res:
  - 1
  - 16
  train_mres: false
  pde: ks
training:
  batch_size: 64
  epochs: 100
  learning_rate: 0.001
  use_normalizer: false
project_name: ${dataset.pde}_${hydra:runtime.choices.model}
checkpoint_dir: checkpoints

Project name: ks_ffno_1d/ffno_1d
Model name: models.ffno.FFNO1D
PDE Dataset: ks
---------------------
Loading from file: /data/user_data/rvk/ks/res_65/visc_1.0_L64.0_lmax3_et100.0_nte140_nt500/KS_train_2048.h5
Available data keys in 'train': ['dt', 'dx', 'pde_140-65', 't', 'x']
PDE data shape: (2048, 140, 65)
Time data shape: (2048, 140)
Spatial coordinates shape: (65,)
dx shape: (2048,)
dt shape: (2048,)
Final data shape: (1024, 140, 65)
Current Spatial Size: 65
Resizing from 65 to 32
Downsampling using FFT-based downsample_1d function
Data shape after resizing: (1024, 140, 32)
Updated spatial coordinates shape: (32,)
x shape: torch.Size([142336, 1, 32])
y shape: torch.Size([142336, 1, 32])
spatial coordinates shape: (32,)
Loading from file: /data/user_data/rvk/ks/res_65/visc_1.0_L64.0_lmax3_et100.0_nte140_nt500/KS_valid.h5
Available data keys in 'valid': ['dt', 'dx', 'pde_140-65', 't', 'x']
PDE data shape: (256, 140, 65)
Time data shape: (256, 140)
Spatial coordinates shape: (65,)
dx shape: (256,)
dt shape: (256,)
Final data shape: (128, 140, 65)
Current Spatial Size: 65
Resizing from 65 to 32
Downsampling using FFT-based downsample_1d function
Data shape after resizing: (128, 140, 32)
Updated spatial coordinates shape: (32,)
x shape: torch.Size([17792, 1, 32])
y shape: torch.Size([17792, 1, 32])
spatial coordinates shape: (32,)
Loading from file: /data/user_data/rvk/ks/res_65/visc_1.0_L64.0_lmax3_et100.0_nte140_nt500/KS_test.h5
Available data keys in 'test': ['dt', 'dx', 'pde_140-65', 't', 'x']
PDE data shape: (256, 140, 65)
Time data shape: (256, 140)
Spatial coordinates shape: (65,)
dx shape: (256,)
dt shape: (256,)
Final data shape: (128, 140, 65)
Current Spatial Size: 65
Resizing from 65 to 32
Downsampling using FFT-based downsample_1d function
Data shape after resizing: (128, 140, 32)
Updated spatial coordinates shape: (32,)
x shape: torch.Size([17792, 1, 32])
y shape: torch.Size([17792, 1, 32])
spatial coordinates shape: (32,)
---------Computing min-max normalization statistics---------------
Input data range: [-3.421585, 3.491233]
Output data range: [-3.421585, 3.491233]
Train dataset size: 142336
Validation dataset size: 17792
Test dataset size: 17792
<dataloaders.ks.ks_markov_dataset.<locals>.MinMaxNormalizedDataset object at 0x14dcac7e3d90>
<class 'torch.Tensor'> 0.4949623644351959 0.4949623942375183 0.18775232136249542 0.18792158365249634
FFNO1D(
  (in_proj): WNLinear(in_features=1, out_features=64, bias=True)
  (fourier_layers): ModuleList(
    (0-7): 8 x FSpectralConv1d(
      (fourier_weight): ParameterList(  (0): Parameter containing: [torch.float32 of size 64x64x16x2 (cuda:0)])
      (backcast_ff): FeedForward(
        (layers): ModuleList(
          (0): Sequential(
            (0): Linear(in_features=64, out_features=256, bias=True)
            (1): Dropout(p=0.0, inplace=False)
            (2): GELU(approximate='none')
            (3): Identity()
          )
          (1): Sequential(
            (0): Linear(in_features=256, out_features=64, bias=True)
            (1): Dropout(p=0.0, inplace=False)
            (2): Identity()
            (3): LayerNorm((64,), eps=1e-05, elementwise_affine=True)
          )
        )
      )
    )
  )
  (out_proj): WNLinear(in_features=64, out_features=1, bias=True)
)
Total Model Parameters: 1.31M
Trainable Parameters: 1.31M
Epoch 0, Train Loss: 0.09542680, Val Loss: 0.02099218
Epoch 10, Train Loss: 0.00303482, Val Loss: 0.00315106
Epoch 20, Train Loss: 0.00193529, Val Loss: 0.00194942
Epoch 30, Train Loss: 0.00085029, Val Loss: 0.00084608
Epoch 40, Train Loss: 0.00076915, Val Loss: 0.00077288
Epoch 50, Train Loss: 0.00036819, Val Loss: 0.00040709
Epoch 60, Train Loss: 0.00036398, Val Loss: 0.00036163
Epoch 70, Train Loss: 0.00035784, Val Loss: 0.00019376
Epoch 80, Train Loss: 0.00018157, Val Loss: 0.00021495
Epoch 90, Train Loss: 0.00017928, Val Loss: 0.00018956
Test L2 Loss: 0.000540
Model saved to checkpoints/ffno1d/ks_5297419.pt
Created/verified figures directory: figures/5297419
Evaluating KS model at multiple resolutions
Using provided normalization statistics from training resolution 32:
  Input range: [-3.421585, 3.491233]
  Output range: [-3.421585, 3.491233]
Testing resolutions: [32, 64, 128, 256, 512]
Loading from file: /data/user_data/rvk/ks/res_65/visc_1.0_L64.0_lmax3_et100.0_nte140_nt500/KS_train_2048.h5
Available data keys in 'train': ['dt', 'dx', 'pde_140-65', 't', 'x']
PDE data shape: (2048, 140, 65)
Time data shape: (2048, 140)
Spatial coordinates shape: (65,)
dx shape: (2048,)
dt shape: (2048,)
Final data shape: (1024, 140, 65)
Current Spatial Size: 65
Resizing from 65 to 32
Downsampling using FFT-based downsample_1d function
Data shape after resizing: (1024, 140, 32)
Updated spatial coordinates shape: (32,)
x shape: torch.Size([142336, 1, 32])
y shape: torch.Size([142336, 1, 32])
spatial coordinates shape: (32,)
Loading from file: /data/user_data/rvk/ks/res_65/visc_1.0_L64.0_lmax3_et100.0_nte140_nt500/KS_valid.h5
Available data keys in 'valid': ['dt', 'dx', 'pde_140-65', 't', 'x']
PDE data shape: (256, 140, 65)
Time data shape: (256, 140)
Spatial coordinates shape: (65,)
dx shape: (256,)
dt shape: (256,)
Final data shape: (128, 140, 65)
Current Spatial Size: 65
Resizing from 65 to 32
Downsampling using FFT-based downsample_1d function
Data shape after resizing: (128, 140, 32)
Updated spatial coordinates shape: (32,)
x shape: torch.Size([17792, 1, 32])
y shape: torch.Size([17792, 1, 32])
spatial coordinates shape: (32,)
Loading from file: /data/user_data/rvk/ks/res_65/visc_1.0_L64.0_lmax3_et100.0_nte140_nt500/KS_test.h5
Available data keys in 'test': ['dt', 'dx', 'pde_140-65', 't', 'x']
PDE data shape: (256, 140, 65)
Time data shape: (256, 140)
Spatial coordinates shape: (65,)
dx shape: (256,)
dt shape: (256,)
Final data shape: (128, 140, 65)
Current Spatial Size: 65
Resizing from 65 to 32
Downsampling using FFT-based downsample_1d function
Data shape after resizing: (128, 140, 32)
Updated spatial coordinates shape: (32,)
x shape: torch.Size([17792, 1, 32])
y shape: torch.Size([17792, 1, 32])
spatial coordinates shape: (32,)
Train dataset size: 142336
Validation dataset size: 17792
Test dataset size: 17792
Selected random indices for plotting: [6805, 15983, 13717, 12035, 7528, 16974, 1536, 7626, 10956, 1172]
Collected 10 examples for resolution 32
Resolution 32 - Relative L2 Loss: 0.000540
Memory cleaned after resolution 32
Loading from file: /data/user_data/rvk/ks/res_65/visc_1.0_L64.0_lmax3_et100.0_nte140_nt500/KS_train_2048.h5
Available data keys in 'train': ['dt', 'dx', 'pde_140-65', 't', 'x']
PDE data shape: (2048, 140, 65)
Time data shape: (2048, 140)
Spatial coordinates shape: (65,)
dx shape: (2048,)
dt shape: (2048,)
Final data shape: (1024, 140, 65)
Current Spatial Size: 65
Resizing from 65 to 64
Downsampling using FFT-based downsample_1d function
Data shape after resizing: (1024, 140, 64)
Updated spatial coordinates shape: (64,)
x shape: torch.Size([142336, 1, 64])
y shape: torch.Size([142336, 1, 64])
spatial coordinates shape: (64,)
Loading from file: /data/user_data/rvk/ks/res_65/visc_1.0_L64.0_lmax3_et100.0_nte140_nt500/KS_valid.h5
Available data keys in 'valid': ['dt', 'dx', 'pde_140-65', 't', 'x']
PDE data shape: (256, 140, 65)
Time data shape: (256, 140)
Spatial coordinates shape: (65,)
dx shape: (256,)
dt shape: (256,)
Final data shape: (128, 140, 65)
Current Spatial Size: 65
Resizing from 65 to 64
Downsampling using FFT-based downsample_1d function
Data shape after resizing: (128, 140, 64)
Updated spatial coordinates shape: (64,)
x shape: torch.Size([17792, 1, 64])
y shape: torch.Size([17792, 1, 64])
spatial coordinates shape: (64,)
Loading from file: /data/user_data/rvk/ks/res_65/visc_1.0_L64.0_lmax3_et100.0_nte140_nt500/KS_test.h5
Available data keys in 'test': ['dt', 'dx', 'pde_140-65', 't', 'x']
PDE data shape: (256, 140, 65)
Time data shape: (256, 140)
Spatial coordinates shape: (65,)
dx shape: (256,)
dt shape: (256,)
Final data shape: (128, 140, 65)
Current Spatial Size: 65
Resizing from 65 to 64
Downsampling using FFT-based downsample_1d function
Data shape after resizing: (128, 140, 64)
Updated spatial coordinates shape: (64,)
x shape: torch.Size([17792, 1, 64])
y shape: torch.Size([17792, 1, 64])
spatial coordinates shape: (64,)
Train dataset size: 142336
Validation dataset size: 17792
Test dataset size: 17792
Collected 10 examples for resolution 64
Resolution 64 - Relative L2 Loss: 0.091946
Memory cleaned after resolution 64
Loading from file: /data/user_data/rvk/ks/res_65/visc_1.0_L64.0_lmax3_et100.0_nte140_nt500/KS_train_2048.h5
Available data keys in 'train': ['dt', 'dx', 'pde_140-65', 't', 'x']
PDE data shape: (2048, 140, 65)
Time data shape: (2048, 140)
Spatial coordinates shape: (65,)
dx shape: (2048,)
dt shape: (2048,)
Final data shape: (1024, 140, 65)
Current Spatial Size: 65
Resizing from 65 to 128
Upsampling using FFT-based resize_1d function
Data shape after resizing: (1024, 140, 128)
Updated spatial coordinates shape: (128,)
x shape: torch.Size([142336, 1, 128])
y shape: torch.Size([142336, 1, 128])
spatial coordinates shape: (128,)
Loading from file: /data/user_data/rvk/ks/res_65/visc_1.0_L64.0_lmax3_et100.0_nte140_nt500/KS_valid.h5
Available data keys in 'valid': ['dt', 'dx', 'pde_140-65', 't', 'x']
PDE data shape: (256, 140, 65)
Time data shape: (256, 140)
Spatial coordinates shape: (65,)
dx shape: (256,)
dt shape: (256,)
Final data shape: (128, 140, 65)
Current Spatial Size: 65
Resizing from 65 to 128
Upsampling using FFT-based resize_1d function
Data shape after resizing: (128, 140, 128)
Updated spatial coordinates shape: (128,)
x shape: torch.Size([17792, 1, 128])
y shape: torch.Size([17792, 1, 128])
spatial coordinates shape: (128,)
Loading from file: /data/user_data/rvk/ks/res_65/visc_1.0_L64.0_lmax3_et100.0_nte140_nt500/KS_test.h5
Available data keys in 'test': ['dt', 'dx', 'pde_140-65', 't', 'x']
PDE data shape: (256, 140, 65)
Time data shape: (256, 140)
Spatial coordinates shape: (65,)
dx shape: (256,)
dt shape: (256,)
Final data shape: (128, 140, 65)
Current Spatial Size: 65
Resizing from 65 to 128
Upsampling using FFT-based resize_1d function
Data shape after resizing: (128, 140, 128)
Updated spatial coordinates shape: (128,)
x shape: torch.Size([17792, 1, 128])
y shape: torch.Size([17792, 1, 128])
spatial coordinates shape: (128,)
Train dataset size: 142336
Validation dataset size: 17792
Test dataset size: 17792
Collected 10 examples for resolution 128
Resolution 128 - Relative L2 Loss: 0.091949
Memory cleaned after resolution 128
Loading from file: /data/user_data/rvk/ks/res_65/visc_1.0_L64.0_lmax3_et100.0_nte140_nt500/KS_train_2048.h5
Available data keys in 'train': ['dt', 'dx', 'pde_140-65', 't', 'x']
PDE data shape: (2048, 140, 65)
Time data shape: (2048, 140)
Spatial coordinates shape: (65,)
dx shape: (2048,)
dt shape: (2048,)
Final data shape: (1024, 140, 65)
Current Spatial Size: 65
Resizing from 65 to 256
Upsampling using FFT-based resize_1d function
Data shape after resizing: (1024, 140, 256)
Updated spatial coordinates shape: (256,)
x shape: torch.Size([142336, 1, 256])
y shape: torch.Size([142336, 1, 256])
spatial coordinates shape: (256,)
Loading from file: /data/user_data/rvk/ks/res_65/visc_1.0_L64.0_lmax3_et100.0_nte140_nt500/KS_valid.h5
Available data keys in 'valid': ['dt', 'dx', 'pde_140-65', 't', 'x']
PDE data shape: (256, 140, 65)
Time data shape: (256, 140)
Spatial coordinates shape: (65,)
dx shape: (256,)
dt shape: (256,)
Final data shape: (128, 140, 65)
Current Spatial Size: 65
Resizing from 65 to 256
Upsampling using FFT-based resize_1d function
Data shape after resizing: (128, 140, 256)
Updated spatial coordinates shape: (256,)
x shape: torch.Size([17792, 1, 256])
y shape: torch.Size([17792, 1, 256])
spatial coordinates shape: (256,)
Loading from file: /data/user_data/rvk/ks/res_65/visc_1.0_L64.0_lmax3_et100.0_nte140_nt500/KS_test.h5
Available data keys in 'test': ['dt', 'dx', 'pde_140-65', 't', 'x']
PDE data shape: (256, 140, 65)
Time data shape: (256, 140)
Spatial coordinates shape: (65,)
dx shape: (256,)
dt shape: (256,)
Final data shape: (128, 140, 65)
Current Spatial Size: 65
Resizing from 65 to 256
Upsampling using FFT-based resize_1d function
Data shape after resizing: (128, 140, 256)
Updated spatial coordinates shape: (256,)
x shape: torch.Size([17792, 1, 256])
y shape: torch.Size([17792, 1, 256])
spatial coordinates shape: (256,)
Train dataset size: 142336
Validation dataset size: 17792
Test dataset size: 17792
Collected 10 examples for resolution 256
Resolution 256 - Relative L2 Loss: 0.091949
Memory cleaned after resolution 256
Loading from file: /data/user_data/rvk/ks/res_65/visc_1.0_L64.0_lmax3_et100.0_nte140_nt500/KS_train_2048.h5
Available data keys in 'train': ['dt', 'dx', 'pde_140-65', 't', 'x']
PDE data shape: (2048, 140, 65)
Time data shape: (2048, 140)
Spatial coordinates shape: (65,)
dx shape: (2048,)
dt shape: (2048,)
Final data shape: (1024, 140, 65)
Current Spatial Size: 65
Resizing from 65 to 512
Upsampling using FFT-based resize_1d function
Data shape after resizing: (1024, 140, 512)
Updated spatial coordinates shape: (512,)
x shape: torch.Size([142336, 1, 512])
y shape: torch.Size([142336, 1, 512])
spatial coordinates shape: (512,)
Loading from file: /data/user_data/rvk/ks/res_65/visc_1.0_L64.0_lmax3_et100.0_nte140_nt500/KS_valid.h5
Available data keys in 'valid': ['dt', 'dx', 'pde_140-65', 't', 'x']
PDE data shape: (256, 140, 65)
Time data shape: (256, 140)
Spatial coordinates shape: (65,)
dx shape: (256,)
dt shape: (256,)
Final data shape: (128, 140, 65)
Current Spatial Size: 65
Resizing from 65 to 512
Upsampling using FFT-based resize_1d function
Data shape after resizing: (128, 140, 512)
Updated spatial coordinates shape: (512,)
x shape: torch.Size([17792, 1, 512])
y shape: torch.Size([17792, 1, 512])
spatial coordinates shape: (512,)
Loading from file: /data/user_data/rvk/ks/res_65/visc_1.0_L64.0_lmax3_et100.0_nte140_nt500/KS_test.h5
Available data keys in 'test': ['dt', 'dx', 'pde_140-65', 't', 'x']
PDE data shape: (256, 140, 65)
Time data shape: (256, 140)
Spatial coordinates shape: (65,)
dx shape: (256,)
dt shape: (256,)
Final data shape: (128, 140, 65)
Current Spatial Size: 65
Resizing from 65 to 512
Upsampling using FFT-based resize_1d function
Data shape after resizing: (128, 140, 512)
Updated spatial coordinates shape: (512,)
x shape: torch.Size([17792, 1, 512])
y shape: torch.Size([17792, 1, 512])
spatial coordinates shape: (512,)
Train dataset size: 142336
Validation dataset size: 17792
Test dataset size: 17792
Collected 10 examples for resolution 512
Resolution 512 - Relative L2 Loss: 0.091949
Memory cleaned after resolution 512
Creating prediction vs target plots...
Saved prediction plot: figures/5297419/prediction_plots/ks_predictions_vs_targets_10_examples.png
Saved numerical results: figures/5297419/ks_1d_evaluation_results_20250804_151033.csv
Saved summary: figures/5297419/ks_1d_evaluation_summary_20250804_151033.txt

==================================================
KS EVALUATION SUMMARY
==================================================
Resolution  32: 0.000540
Resolution  64: 0.091946
Resolution 128: 0.091949
Resolution 256: 0.091949
Resolution 512: 0.091949

Summary of Super-Resolution Evaluation:
Resolution factor 32: Relative L2 Loss = 0.000540
Resolution factor 64: Relative L2 Loss = 0.091946
Resolution factor 128: Relative L2 Loss = 0.091949
Resolution factor 256: Relative L2 Loss = 0.091949
Resolution factor 512: Relative L2 Loss = 0.091949

Evaluation plots saved to: figures/5297419
Wandb run: https://wandb.ai/rohanvk-carnegie-mellon-university/ffno1d/runs/adhm4lvy
Job completed at Mon Aug  4 15:10:37 EDT 2025
