Job started on babel-1-31 at Sun Sep 28 22:18:52 EDT 2025
Job ID: 5593195
GPU information:
Sun Sep 28 22:18:52 2025       
+-----------------------------------------------------------------------------------------+
| NVIDIA-SMI 575.51.03              Driver Version: 575.51.03      CUDA Version: 12.9     |
|-----------------------------------------+------------------------+----------------------+
| GPU  Name                 Persistence-M | Bus-Id          Disp.A | Volatile Uncorr. ECC |
| Fan  Temp   Perf          Pwr:Usage/Cap |           Memory-Usage | GPU-Util  Compute M. |
|                                         |                        |               MIG M. |
|=========================================+========================+======================|
|   0  NVIDIA RTX A6000               On  |   00000000:61:00.0 Off |                  Off |
| 30%   48C    P8             19W /  300W |       1MiB /  49140MiB |      0%      Default |
|                                         |                        |                  N/A |
+-----------------------------------------+------------------------+----------------------+
                                                                                         
+-----------------------------------------------------------------------------------------+
| Processes:                                                                              |
|  GPU   GI   CI              PID   Type   Process name                        GPU Memory |
|        ID   ID                                                               Usage      |
|=========================================================================================|
|  No running processes found                                                             |
+-----------------------------------------------------------------------------------------+
CUDA devices:
CUDA_VISIBLE_DEVICES: 0
Using device: cuda
[2025-09-28 22:19:00,353][root][INFO] - model:
  _target_: models.unet.UNet1d
  in_channels: 1
  out_channels: 1
  width: 64
dataset:
  dataset_params:
    _target_: dataloaders.burger_naive_true_multires.burger_true_multires_markov_dataset
    filename_pattern: 1D_Burgers_Sols_Nu*.hdf5
    saved_folder: /data/user_data/rvk/pdebench_gen/
    viscosity: 0.001
    reduced_batch: 1
    reduced_resolution_t: 1
    data_mres_size:
      1024: 0
      512: 0
      256: 0
      128: 0
    add_res:
    - 32
    - 64
    add_res_samples:
      64: 2000
      32: 0
    downsample_from_res: 128
    data_normalizer: true
    normalization_type: simple
    num_samples_max: -1
    eval_dataset_target: dataloaders.burger_naive_markov.burger_markov_dataset
    eval_filename: 1D_Burgers_Sols_Nu0.001.hdf5
    eval_saved_folder: /data/user_data/rvk/pdebench_gen/burgers_1024_0.001/
  resize_to_train: false
  evaluation_type: naive_downsample
  window_size: 15
  original_res: 1024
  max_test_resolution: 1024
  train_mres: true
  pde: burger
training:
  batch_size: 16
  epochs: 100
  learning_rate: 0.001
  use_normalizer: false
project_name: ${dataset.pde}_${hydra:runtime.choices.model}
checkpoint_dir: checkpoints

Project name: burger_unet/unet_1d
Model name: models.unet.UNet1d
PDE Dataset: burger
This is True Multi-Resolution Training. Train Resolution is the highest data resolution in the multi-resolution data
---------------------
Creating true multi-resolution dataset from /data/user_data/rvk/pdebench_gen/
Viscosity: 0.001
Target samples per resolution (from files): {1024: 0, 512: 0, 256: 0, 128: 0}
Additional downsampled resolutions: [32, 64]
Target samples per downsampled resolution: {64: 2000, 32: 0}
Will downsample from resolution: 128
Loading multi-resolution data from /data/user_data/rvk/pdebench_gen/
Viscosity: 0.001
Target samples per resolution (from files): {1024: 0, 512: 0, 256: 0, 128: 0}
Additional downsampled resolutions: [32, 64]
Target samples per downsampled resolution: {64: 2000, 32: 0}
Will downsample from resolution: 128
Adding downsampled resolutions: [32, 64]
Adding downsampled data from /data/user_data/rvk/pdebench_gen/burgers_128_0.001/1D_Burgers_Sols_Nu0.001.hdf5
  No downsampled samples allocated for train split at resolution 32
  Added 318400 downsampled samples at resolution 64
Total samples loaded: 318400
Resolution distribution:
  64_downsampled: 318400 samples
Sample x shapes: [(1, 64), (1, 64), (1, 64)]
Sample y shapes: [(1, 64), (1, 64), (1, 64)]
Loading multi-resolution data from /data/user_data/rvk/pdebench_gen/
Viscosity: 0.001
Target samples per resolution (from files): {1024: 0, 512: 0, 256: 0, 128: 0}
Additional downsampled resolutions: [32, 64]
Target samples per downsampled resolution: {64: 2000, 32: 0}
Will downsample from resolution: 128
Adding downsampled resolutions: [32, 64]
Adding downsampled data from /data/user_data/rvk/pdebench_gen/burgers_128_0.001/1D_Burgers_Sols_Nu0.001.hdf5
  No downsampled samples allocated for val split at resolution 32
  Added 39800 downsampled samples at resolution 64
Total samples loaded: 39800
Resolution distribution:
  64_downsampled: 39800 samples
Sample x shapes: [(1, 64), (1, 64), (1, 64)]
Sample y shapes: [(1, 64), (1, 64), (1, 64)]
Loading multi-resolution data from /data/user_data/rvk/pdebench_gen/
Viscosity: 0.001
Target samples per resolution (from files): {1024: 0, 512: 0, 256: 0, 128: 0}
Additional downsampled resolutions: [32, 64]
Target samples per downsampled resolution: {64: 2000, 32: 0}
Will downsample from resolution: 128
Adding downsampled resolutions: [32, 64]
Adding downsampled data from /data/user_data/rvk/pdebench_gen/burgers_128_0.001/1D_Burgers_Sols_Nu0.001.hdf5
  No downsampled samples allocated for test split at resolution 32
  Added 39800 downsampled samples at resolution 64
Total samples loaded: 39800
Resolution distribution:
  64_downsampled: 39800 samples
Sample x shapes: [(1, 64), (1, 64), (1, 64)]
Sample y shapes: [(1, 64), (1, 64), (1, 64)]

==================================================
CREATING ROLLOUT TEST DATASET
==================================================
Extracting Burgers test trajectories for rollout evaluation
Viscosity: 0.001

Total extracted trajectories: 0
Rollout test dataset created with 0 trajectories
---------Using simple global normalization---------------
Global statistics: X(mean=-0.044373, std=0.626618), Y(mean=-0.044373, std=0.625568)

Final dataset sizes:
Train dataset size: 318400
Validation dataset size: 39800
Test dataset size: 39800
Rollout test dataset size: 0
<dataloaders.burger_naive_true_multires.burger_true_multires_markov_dataset.<locals>.SimpleNormalizedDataset object at 0x14c0337120d0>
Created resolution groups:
  Resolution 64: 318400 samples
Created resolution groups:
  Resolution 64: 39800 samples
Created resolution groups:
  Resolution 64: 39800 samples
<class 'torch.Tensor'> 0.005627090577036142 0.005765883717685938 1.0392354726791382 1.0381276607513428
UNet1d(
  (encoder1): Sequential(
    (enc1conv1): Conv1d(1, 64, kernel_size=(3,), stride=(1,), padding=(1,), bias=False)
    (enc1norm1): BatchNorm1d(64, eps=1e-05, momentum=0.1, affine=True, track_running_stats=True)
    (enc1tanh1): Tanh()
    (enc1conv2): Conv1d(64, 64, kernel_size=(3,), stride=(1,), padding=(1,), bias=False)
    (enc1norm2): BatchNorm1d(64, eps=1e-05, momentum=0.1, affine=True, track_running_stats=True)
    (enc1tanh2): Tanh()
  )
  (pool1): MaxPool1d(kernel_size=2, stride=2, padding=0, dilation=1, ceil_mode=False)
  (encoder2): Sequential(
    (enc2conv1): Conv1d(64, 128, kernel_size=(3,), stride=(1,), padding=(1,), bias=False)
    (enc2norm1): BatchNorm1d(128, eps=1e-05, momentum=0.1, affine=True, track_running_stats=True)
    (enc2tanh1): Tanh()
    (enc2conv2): Conv1d(128, 128, kernel_size=(3,), stride=(1,), padding=(1,), bias=False)
    (enc2norm2): BatchNorm1d(128, eps=1e-05, momentum=0.1, affine=True, track_running_stats=True)
    (enc2tanh2): Tanh()
  )
  (pool2): MaxPool1d(kernel_size=2, stride=2, padding=0, dilation=1, ceil_mode=False)
  (encoder3): Sequential(
    (enc3conv1): Conv1d(128, 256, kernel_size=(3,), stride=(1,), padding=(1,), bias=False)
    (enc3norm1): BatchNorm1d(256, eps=1e-05, momentum=0.1, affine=True, track_running_stats=True)
    (enc3tanh1): Tanh()
    (enc3conv2): Conv1d(256, 256, kernel_size=(3,), stride=(1,), padding=(1,), bias=False)
    (enc3norm2): BatchNorm1d(256, eps=1e-05, momentum=0.1, affine=True, track_running_stats=True)
    (enc3tanh2): Tanh()
  )
  (pool3): MaxPool1d(kernel_size=2, stride=2, padding=0, dilation=1, ceil_mode=False)
  (encoder4): Sequential(
    (enc4conv1): Conv1d(256, 512, kernel_size=(3,), stride=(1,), padding=(1,), bias=False)
    (enc4norm1): BatchNorm1d(512, eps=1e-05, momentum=0.1, affine=True, track_running_stats=True)
    (enc4tanh1): Tanh()
    (enc4conv2): Conv1d(512, 512, kernel_size=(3,), stride=(1,), padding=(1,), bias=False)
    (enc4norm2): BatchNorm1d(512, eps=1e-05, momentum=0.1, affine=True, track_running_stats=True)
    (enc4tanh2): Tanh()
  )
  (pool4): MaxPool1d(kernel_size=2, stride=2, padding=0, dilation=1, ceil_mode=False)
  (bottleneck): Sequential(
    (bottleneckconv1): Conv1d(512, 1024, kernel_size=(3,), stride=(1,), padding=(1,), bias=False)
    (bottlenecknorm1): BatchNorm1d(1024, eps=1e-05, momentum=0.1, affine=True, track_running_stats=True)
    (bottlenecktanh1): Tanh()
    (bottleneckconv2): Conv1d(1024, 1024, kernel_size=(3,), stride=(1,), padding=(1,), bias=False)
    (bottlenecknorm2): BatchNorm1d(1024, eps=1e-05, momentum=0.1, affine=True, track_running_stats=True)
    (bottlenecktanh2): Tanh()
  )
  (upconv4): ConvTranspose1d(1024, 512, kernel_size=(2,), stride=(2,))
  (decoder4): Sequential(
    (dec4conv1): Conv1d(1024, 512, kernel_size=(3,), stride=(1,), padding=(1,), bias=False)
    (dec4norm1): BatchNorm1d(512, eps=1e-05, momentum=0.1, affine=True, track_running_stats=True)
    (dec4tanh1): Tanh()
    (dec4conv2): Conv1d(512, 512, kernel_size=(3,), stride=(1,), padding=(1,), bias=False)
    (dec4norm2): BatchNorm1d(512, eps=1e-05, momentum=0.1, affine=True, track_running_stats=True)
    (dec4tanh2): Tanh()
  )
  (upconv3): ConvTranspose1d(512, 256, kernel_size=(2,), stride=(2,))
  (decoder3): Sequential(
    (dec3conv1): Conv1d(512, 256, kernel_size=(3,), stride=(1,), padding=(1,), bias=False)
    (dec3norm1): BatchNorm1d(256, eps=1e-05, momentum=0.1, affine=True, track_running_stats=True)
    (dec3tanh1): Tanh()
    (dec3conv2): Conv1d(256, 256, kernel_size=(3,), stride=(1,), padding=(1,), bias=False)
    (dec3norm2): BatchNorm1d(256, eps=1e-05, momentum=0.1, affine=True, track_running_stats=True)
    (dec3tanh2): Tanh()
  )
  (upconv2): ConvTranspose1d(256, 128, kernel_size=(2,), stride=(2,))
  (decoder2): Sequential(
    (dec2conv1): Conv1d(256, 128, kernel_size=(3,), stride=(1,), padding=(1,), bias=False)
    (dec2norm1): BatchNorm1d(128, eps=1e-05, momentum=0.1, affine=True, track_running_stats=True)
    (dec2tanh1): Tanh()
    (dec2conv2): Conv1d(128, 128, kernel_size=(3,), stride=(1,), padding=(1,), bias=False)
    (dec2norm2): BatchNorm1d(128, eps=1e-05, momentum=0.1, affine=True, track_running_stats=True)
    (dec2tanh2): Tanh()
  )
  (upconv1): ConvTranspose1d(128, 64, kernel_size=(2,), stride=(2,))
  (decoder1): Sequential(
    (dec1conv1): Conv1d(128, 64, kernel_size=(3,), stride=(1,), padding=(1,), bias=False)
    (dec1norm1): BatchNorm1d(64, eps=1e-05, momentum=0.1, affine=True, track_running_stats=True)
    (dec1tanh1): Tanh()
    (dec1conv2): Conv1d(64, 64, kernel_size=(3,), stride=(1,), padding=(1,), bias=False)
    (dec1norm2): BatchNorm1d(64, eps=1e-05, momentum=0.1, affine=True, track_running_stats=True)
    (dec1tanh2): Tanh()
  )
  (conv): Conv1d(64, 1, kernel_size=(1,), stride=(1,))
)
Total Model Parameters: 10.82M
Trainable Parameters: 10.82M
Epoch 0, Train Loss: 0.34315573, Val Loss: 0.17173726
Epoch 10, Train Loss: 0.14288339, Val Loss: 0.04049927
Epoch 20, Train Loss: 0.13716366, Val Loss: 0.05632236
Epoch 30, Train Loss: 0.13299624, Val Loss: 0.05017661
Epoch 40, Train Loss: 0.08202227, Val Loss: 0.04984453
Epoch 50, Train Loss: 0.06350783, Val Loss: 0.07904115
Epoch 60, Train Loss: 0.05127160, Val Loss: 0.05165843
Epoch 70, Train Loss: 0.04068039, Val Loss: 0.06765239
Epoch 80, Train Loss: 0.03408762, Val Loss: 0.05687455
Epoch 90, Train Loss: 0.03027692, Val Loss: 0.04964693
Test L2 Loss: 0.044533
Model saved to checkpoints/unet1d/burger_5593195.pt
Created/verified figures directory: figures/5593195
Evaluating BURGER model at multiple resolutions
Using normalizer from training resolution 1024
Testing resolutions: [32, 64, 128, 256, 512, 1024]
Loading from file: /data/user_data/rvk/pdebench_gen/burgers_1024_0.001/1D_Burgers_Sols_Nu0.001.hdf5
(10000, 201, 1024)
After downsampling data shape: (10000, 201, 32)
Total data shape: (10000, 201, 32)
x shape: (1990000, 1, 32)
y shape: (1990000, 1, 32)
grid shape: torch.Size([32, 1])

==================================================
CREATING ROLLOUT TEST DATASET
==================================================
Extracting Burgers test trajectories for rollout evaluation
File: 1D_Burgers_Sols_Nu0.001.hdf5
Loading from file: /data/user_data/rvk/pdebench_gen/burgers_1024_0.001/1D_Burgers_Sols_Nu0.001.hdf5
Original data shape: (10000, 201, 1024)
After downsampling data shape: (10000, 201, 32)
Total data shape after sampling: (10000, 201, 32)
Test split data shape: (1000, 201, 32)
Extracted 1000 complete trajectories
Trajectory shapes: [torch.Size([201, 32]), torch.Size([201, 32]), torch.Size([201, 32])]
Rollout test dataset created with 1000 trajectories

Final dataset sizes:
Train dataset size: 1592000
Validation dataset size: 199000
Test dataset size: 199000
Rollout test dataset size: 1000
Selected random indices for plotting: [20906, 44295, 10496, 35170, 193318, 39270, 71270, 132242, 43024, 192206]
Collected 10 examples for resolution 32
Resolution 32 (downsample factor: 32) - Relative L2 Loss: 0.086488
Memory cleaned after resolution 32


Loading from file: /data/user_data/rvk/pdebench_gen/burgers_1024_0.001/1D_Burgers_Sols_Nu0.001.hdf5
(10000, 201, 1024)
After downsampling data shape: (10000, 201, 64)
Total data shape: (10000, 201, 64)
x shape: (1990000, 1, 64)
y shape: (1990000, 1, 64)
grid shape: torch.Size([64, 1])

==================================================
CREATING ROLLOUT TEST DATASET
==================================================
Extracting Burgers test trajectories for rollout evaluation
File: 1D_Burgers_Sols_Nu0.001.hdf5
Loading from file: /data/user_data/rvk/pdebench_gen/burgers_1024_0.001/1D_Burgers_Sols_Nu0.001.hdf5
Original data shape: (10000, 201, 1024)
After downsampling data shape: (10000, 201, 64)
Total data shape after sampling: (10000, 201, 64)
Test split data shape: (1000, 201, 64)
Extracted 1000 complete trajectories
Trajectory shapes: [torch.Size([201, 64]), torch.Size([201, 64]), torch.Size([201, 64])]
Rollout test dataset created with 1000 trajectories

Final dataset sizes:
Train dataset size: 1592000
Validation dataset size: 199000
Test dataset size: 199000
Rollout test dataset size: 1000
Collected 10 examples for resolution 64
Resolution 64 (downsample factor: 16) - Relative L2 Loss: 0.058425
Memory cleaned after resolution 64


Loading from file: /data/user_data/rvk/pdebench_gen/burgers_1024_0.001/1D_Burgers_Sols_Nu0.001.hdf5
(10000, 201, 1024)
After downsampling data shape: (10000, 201, 128)
Total data shape: (10000, 201, 128)
x shape: (1990000, 1, 128)
y shape: (1990000, 1, 128)
grid shape: torch.Size([128, 1])

==================================================
CREATING ROLLOUT TEST DATASET
==================================================
Extracting Burgers test trajectories for rollout evaluation
File: 1D_Burgers_Sols_Nu0.001.hdf5
Loading from file: /data/user_data/rvk/pdebench_gen/burgers_1024_0.001/1D_Burgers_Sols_Nu0.001.hdf5
Original data shape: (10000, 201, 1024)
After downsampling data shape: (10000, 201, 128)
Total data shape after sampling: (10000, 201, 128)
Test split data shape: (1000, 201, 128)
Extracted 1000 complete trajectories
Trajectory shapes: [torch.Size([201, 128]), torch.Size([201, 128]), torch.Size([201, 128])]
Rollout test dataset created with 1000 trajectories

Final dataset sizes:
Train dataset size: 1592000
Validation dataset size: 199000
Test dataset size: 199000
Rollout test dataset size: 1000
Collected 10 examples for resolution 128
Resolution 128 (downsample factor: 8) - Relative L2 Loss: 0.053071
Memory cleaned after resolution 128


Loading from file: /data/user_data/rvk/pdebench_gen/burgers_1024_0.001/1D_Burgers_Sols_Nu0.001.hdf5
(10000, 201, 1024)
After downsampling data shape: (10000, 201, 256)
Total data shape: (10000, 201, 256)
x shape: (1990000, 1, 256)
y shape: (1990000, 1, 256)
grid shape: torch.Size([256, 1])

==================================================
CREATING ROLLOUT TEST DATASET
==================================================
Extracting Burgers test trajectories for rollout evaluation
File: 1D_Burgers_Sols_Nu0.001.hdf5
Loading from file: /data/user_data/rvk/pdebench_gen/burgers_1024_0.001/1D_Burgers_Sols_Nu0.001.hdf5
Original data shape: (10000, 201, 1024)
After downsampling data shape: (10000, 201, 256)
Total data shape after sampling: (10000, 201, 256)
Test split data shape: (1000, 201, 256)
Extracted 1000 complete trajectories
Trajectory shapes: [torch.Size([201, 256]), torch.Size([201, 256]), torch.Size([201, 256])]
Rollout test dataset created with 1000 trajectories

Final dataset sizes:
Train dataset size: 1592000
Validation dataset size: 199000
Test dataset size: 199000
Rollout test dataset size: 1000
Collected 10 examples for resolution 256
Resolution 256 (downsample factor: 4) - Relative L2 Loss: 0.060536
Memory cleaned after resolution 256


Loading from file: /data/user_data/rvk/pdebench_gen/burgers_1024_0.001/1D_Burgers_Sols_Nu0.001.hdf5
(10000, 201, 1024)
After downsampling data shape: (10000, 201, 512)
Total data shape: (10000, 201, 512)
x shape: (1990000, 1, 512)
y shape: (1990000, 1, 512)
grid shape: torch.Size([512, 1])

==================================================
CREATING ROLLOUT TEST DATASET
==================================================
Extracting Burgers test trajectories for rollout evaluation
File: 1D_Burgers_Sols_Nu0.001.hdf5
Loading from file: /data/user_data/rvk/pdebench_gen/burgers_1024_0.001/1D_Burgers_Sols_Nu0.001.hdf5
Original data shape: (10000, 201, 1024)
After downsampling data shape: (10000, 201, 512)
Total data shape after sampling: (10000, 201, 512)
Test split data shape: (1000, 201, 512)
Extracted 1000 complete trajectories
Trajectory shapes: [torch.Size([201, 512]), torch.Size([201, 512]), torch.Size([201, 512])]
Rollout test dataset created with 1000 trajectories

Final dataset sizes:
Train dataset size: 1592000
Validation dataset size: 199000
Test dataset size: 199000
Rollout test dataset size: 1000
Collected 10 examples for resolution 512
Resolution 512 (downsample factor: 2) - Relative L2 Loss: 0.064805
Memory cleaned after resolution 512


Loading from file: /data/user_data/rvk/pdebench_gen/burgers_1024_0.001/1D_Burgers_Sols_Nu0.001.hdf5
(10000, 201, 1024)
After downsampling data shape: (10000, 201, 1024)
Total data shape: (10000, 201, 1024)
x shape: (1990000, 1, 1024)
y shape: (1990000, 1, 1024)
grid shape: torch.Size([1024, 1])

==================================================
CREATING ROLLOUT TEST DATASET
==================================================
Extracting Burgers test trajectories for rollout evaluation
File: 1D_Burgers_Sols_Nu0.001.hdf5
Loading from file: /data/user_data/rvk/pdebench_gen/burgers_1024_0.001/1D_Burgers_Sols_Nu0.001.hdf5
Original data shape: (10000, 201, 1024)
After downsampling data shape: (10000, 201, 1024)
Total data shape after sampling: (10000, 201, 1024)
Test split data shape: (1000, 201, 1024)
Extracted 1000 complete trajectories
Trajectory shapes: [torch.Size([201, 1024]), torch.Size([201, 1024]), torch.Size([201, 1024])]
Rollout test dataset created with 1000 trajectories

Final dataset sizes:
Train dataset size: 1592000
Validation dataset size: 199000
Test dataset size: 199000
Rollout test dataset size: 1000
Collected 10 examples for resolution 1024
Resolution 1024 (downsample factor: 1) - Relative L2 Loss: 0.066263
Memory cleaned after resolution 1024


Creating prediction vs target plots...
Saved prediction plot: figures/5593195/prediction_plots/burger_predictions_vs_targets_10_examples.png
Saved numerical results: figures/5593195/burger_1d_evaluation_results_20250929_035017.csv
Saved summary: figures/5593195/burger_1d_evaluation_summary_20250929_035017.txt

==================================================
BURGER EVALUATION SUMMARY
==================================================
Resolution  32: 0.086488
Resolution  64: 0.058425
Resolution 128: 0.053071
Resolution 256: 0.060536
Resolution 512: 0.064805
Resolution 1024: 0.066263
[1;34mwandb[0m: 
[1;34mwandb[0m: 🚀 View run [33mfaithful-durian-110[0m at: [34mhttps://wandb.ai/rohanvk-carnegie-mellon-university/unet1d/runs/yjt5brk2[0m
[1;34mwandb[0m: Find logs at: [1;35mwandb/run-20250928_221925-yjt5brk2/logs[0m
Job completed at Mon Sep 29 03:50:20 EDT 2025
