Job started on babel-6-21 at Sun Sep 21 15:41:59 EDT 2025
Job ID: 5562039
GPU information:
Sun Sep 21 15:41:59 2025       
+-----------------------------------------------------------------------------------------+
| NVIDIA-SMI 575.51.03              Driver Version: 575.51.03      CUDA Version: 12.9     |
|-----------------------------------------+------------------------+----------------------+
| GPU  Name                 Persistence-M | Bus-Id          Disp.A | Volatile Uncorr. ECC |
| Fan  Temp   Perf          Pwr:Usage/Cap |           Memory-Usage | GPU-Util  Compute M. |
|                                         |                        |               MIG M. |
|=========================================+========================+======================|
|   0  NVIDIA RTX A6000               On  |   00000000:61:00.0 Off |                  Off |
| 30%   46C    P8             27W /  300W |       1MiB /  49140MiB |      0%      Default |
|                                         |                        |                  N/A |
+-----------------------------------------+------------------------+----------------------+
|   1  NVIDIA RTX A6000               On  |   00000000:A1:00.0 Off |                  Off |
| 30%   33C    P8             23W /  300W |       1MiB /  49140MiB |      0%      Default |
|                                         |                        |                  N/A |
+-----------------------------------------+------------------------+----------------------+
                                                                                         
+-----------------------------------------------------------------------------------------+
| Processes:                                                                              |
|  GPU   GI   CI              PID   Type   Process name                        GPU Memory |
|        ID   ID                                                               Usage      |
|=========================================================================================|
|  No running processes found                                                             |
+-----------------------------------------------------------------------------------------+
CUDA devices:
CUDA_VISIBLE_DEVICES: 0,1
/home/rvk
Using device: cuda
[2025-09-21 15:42:06,056][root][INFO] - model:
  _target_: models.unet.UNet1d
  in_channels: 1
  out_channels: 1
  width: 64
dataset:
  dataset_params:
    _target_: dataloaders.ks_naive_true_multires.ks_true_multires_markov_dataset
    saved_folder: /data/user_data/rvk/ks/
    viscosity: 0.075
    L: 64.0
    lmax: 8
    et: 5.0
    nte: 51
    nt: 51
    train_s: 2048
    reduced_batch: 1
    reduced_resolution_t: 1
    data_mres_size:
      512: 300
    add_res:
    - 32
    - 64
    - 128
    add_res_samples:
      256: 0
      128: 0
      64: 1700
      32: 0
    downsample_from_res: 512
    data_normalizer: true
    normalization_type: simple
    num_samples_max: -1
    eval_dataset_target: dataloaders.ks_naive_markov.ks_markov_dataset
    eval_filename: KS_train_2048.h5
    eval_saved_folder: /data/user_data/rvk/ks/res_512/visc_0.075_L64.0_lmax8_et5.0_nte51_nt51
  resize_to_train: false
  evaluation_type: naive_downsample
  window_size: 15
  rollout_steps: 16
  original_res: 512
  max_test_resolution: 512
  train_mres: true
  pde: ks
training:
  batch_size: 16
  epochs: 100
  learning_rate: 0.001
  use_normalizer: false
project_name: ${dataset.pde}_${hydra:runtime.choices.model}
checkpoint_dir: checkpoints

Project name: ks_unet/unet_1d
Model name: models.unet.UNet1d
PDE Dataset: ks
This is True Multi-Resolution Training. Train Resolution is the highest data resolution in the multi-resolution data
---------------------
Creating true multi-resolution KS dataset from /data/user_data/rvk/ks/
Parameters: visc_0.075_L64.0_lmax8_et5.0_nte51_nt51
Using filename pattern: KS_train_2048.h5
Target samples per resolution (from files): {512: 300}
Additional downsampled resolutions: [32, 64, 128]
Target samples per downsampled resolution: {256: 0, 128: 0, 64: 1700, 32: 0}
Will downsample from resolution: 512
Loading KS multi-resolution data from /data/user_data/rvk/ks/
Parameters: visc_0.075_L64.0_lmax8_et5.0_nte51_nt51
Target samples per resolution (from files): {512: 300}
Additional downsampled resolutions: [32, 64, 128]
Target samples per downsampled resolution: {256: 0, 128: 0, 64: 1700, 32: 0}
Will downsample from resolution: 512
Loading resolution 512 from /data/user_data/rvk/ks/res_512/visc_0.075_L64.0_lmax8_et5.0_nte51_nt51/KS_train_2048.h5
Available data keys in 'train': ['dt', 'dx', 'pde_51-512', 't', 'x']
  Original data shape for 512: (2048, 51, 512)
  After time reduction: (2048, 51, 512)
  Split 'train' data shape: (1638, 51, 512)
  Subsampled to 240 samples for train split
  Added 12000 sample pairs from resolution 512
Adding downsampled resolutions: [32, 64, 128]
Adding downsampled data from /data/user_data/rvk/ks/res_512/visc_0.075_L64.0_lmax8_et5.0_nte51_nt51/KS_train_2048.h5
  No downsampled samples allocated for train split at resolution 32
  Added 68000 downsampled samples at resolution 64
  No downsampled samples allocated for train split at resolution 128
Total samples loaded: 80000
Resolution distribution:
  512_file: 12000 samples
  64_downsampled: 68000 samples
Sample x shapes: [(1, 512), (1, 512), (1, 512)]
Sample y shapes: [(1, 512), (1, 512), (1, 512)]
Loading KS multi-resolution data from /data/user_data/rvk/ks/
Parameters: visc_0.075_L64.0_lmax8_et5.0_nte51_nt51
Target samples per resolution (from files): {512: 300}
Additional downsampled resolutions: [32, 64, 128]
Target samples per downsampled resolution: {256: 0, 128: 0, 64: 1700, 32: 0}
Will downsample from resolution: 512
Loading resolution 512 from /data/user_data/rvk/ks/res_512/visc_0.075_L64.0_lmax8_et5.0_nte51_nt51/KS_train_2048.h5
Available data keys in 'train': ['dt', 'dx', 'pde_51-512', 't', 'x']
  Original data shape for 512: (2048, 51, 512)
  After time reduction: (2048, 51, 512)
  Split 'val' data shape: (204, 51, 512)
  Using all 204 samples for val split
  Added 10200 sample pairs from resolution 512
Adding downsampled resolutions: [32, 64, 128]
Adding downsampled data from /data/user_data/rvk/ks/res_512/visc_0.075_L64.0_lmax8_et5.0_nte51_nt51/KS_train_2048.h5
  No downsampled samples allocated for val split at resolution 32
  Added 8500 downsampled samples at resolution 64
  No downsampled samples allocated for val split at resolution 128
Total samples loaded: 18700
Resolution distribution:
  512_file: 10200 samples
  64_downsampled: 8500 samples
Sample x shapes: [(1, 512), (1, 512), (1, 512)]
Sample y shapes: [(1, 512), (1, 512), (1, 512)]
Loading KS multi-resolution data from /data/user_data/rvk/ks/
Parameters: visc_0.075_L64.0_lmax8_et5.0_nte51_nt51
Target samples per resolution (from files): {512: 300}
Additional downsampled resolutions: [32, 64, 128]
Target samples per downsampled resolution: {256: 0, 128: 0, 64: 1700, 32: 0}
Will downsample from resolution: 512
Loading resolution 512 from /data/user_data/rvk/ks/res_512/visc_0.075_L64.0_lmax8_et5.0_nte51_nt51/KS_train_2048.h5
Available data keys in 'train': ['dt', 'dx', 'pde_51-512', 't', 'x']
  Original data shape for 512: (2048, 51, 512)
  After time reduction: (2048, 51, 512)
  Split 'test' data shape: (206, 51, 512)
  Using all 206 samples for test split
  Added 10300 sample pairs from resolution 512
Adding downsampled resolutions: [32, 64, 128]
Adding downsampled data from /data/user_data/rvk/ks/res_512/visc_0.075_L64.0_lmax8_et5.0_nte51_nt51/KS_train_2048.h5
  No downsampled samples allocated for test split at resolution 32
  Added 8500 downsampled samples at resolution 64
  No downsampled samples allocated for test split at resolution 128
Total samples loaded: 18800
Resolution distribution:
  512_file: 10300 samples
  64_downsampled: 8500 samples
Sample x shapes: [(1, 512), (1, 512), (1, 512)]
Sample y shapes: [(1, 512), (1, 512), (1, 512)]

==================================================
CREATING ROLLOUT TEST DATASET
==================================================
Extracting KS test trajectories for rollout evaluation
Parameters: visc_0.075_L64.0_lmax8_et5.0_nte51_nt51
Loading trajectories from resolution 512: /data/user_data/rvk/ks/res_512/visc_0.075_L64.0_lmax8_et5.0_nte51_nt51/KS_train_2048.h5
  Original data shape: (2048, 51, 512)
  After time reduction: (2048, 51, 512)
  Test split data shape: (206, 51, 512)
  Using all 206 test trajectories
  Extracted 206 complete trajectories from resolution 512

Total extracted trajectories: 206
Trajectory shapes: [torch.Size([51, 512]), torch.Size([51, 512]), torch.Size([51, 512])]
Resolution distribution:
  Resolution 512: 206 trajectories
Rollout test dataset created with 206 trajectories
---------Using simple global normalization---------------
Global statistics: X(mean=-0.000529, std=3.330541), Y(mean=-0.000541, std=3.397160)

Final dataset sizes:
Train dataset size: 80000
Validation dataset size: 18700
Test dataset size: 18800
Rollout test dataset size: 206
<dataloaders.ks_naive_true_multires.ks_true_multires_markov_dataset.<locals>.SimpleNormalizedDataset object at 0x146418304190>
Created resolution groups:
  Resolution 512: 12000 samples
  Resolution 64: 68000 samples
Created resolution groups:
  Resolution 512: 10200 samples
  Resolution 64: 8500 samples
Created resolution groups:
  Resolution 512: 10300 samples
  Resolution 64: 8500 samples
<class 'torch.Tensor'> 0.00015883543528616428 0.00015929096844047308 0.8813278675079346 0.8930464386940002
UNet1d(
  (encoder1): Sequential(
    (enc1conv1): Conv1d(1, 64, kernel_size=(3,), stride=(1,), padding=(1,), bias=False)
    (enc1norm1): BatchNorm1d(64, eps=1e-05, momentum=0.1, affine=True, track_running_stats=True)
    (enc1tanh1): Tanh()
    (enc1conv2): Conv1d(64, 64, kernel_size=(3,), stride=(1,), padding=(1,), bias=False)
    (enc1norm2): BatchNorm1d(64, eps=1e-05, momentum=0.1, affine=True, track_running_stats=True)
    (enc1tanh2): Tanh()
  )
  (pool1): MaxPool1d(kernel_size=2, stride=2, padding=0, dilation=1, ceil_mode=False)
  (encoder2): Sequential(
    (enc2conv1): Conv1d(64, 128, kernel_size=(3,), stride=(1,), padding=(1,), bias=False)
    (enc2norm1): BatchNorm1d(128, eps=1e-05, momentum=0.1, affine=True, track_running_stats=True)
    (enc2tanh1): Tanh()
    (enc2conv2): Conv1d(128, 128, kernel_size=(3,), stride=(1,), padding=(1,), bias=False)
    (enc2norm2): BatchNorm1d(128, eps=1e-05, momentum=0.1, affine=True, track_running_stats=True)
    (enc2tanh2): Tanh()
  )
  (pool2): MaxPool1d(kernel_size=2, stride=2, padding=0, dilation=1, ceil_mode=False)
  (encoder3): Sequential(
    (enc3conv1): Conv1d(128, 256, kernel_size=(3,), stride=(1,), padding=(1,), bias=False)
    (enc3norm1): BatchNorm1d(256, eps=1e-05, momentum=0.1, affine=True, track_running_stats=True)
    (enc3tanh1): Tanh()
    (enc3conv2): Conv1d(256, 256, kernel_size=(3,), stride=(1,), padding=(1,), bias=False)
    (enc3norm2): BatchNorm1d(256, eps=1e-05, momentum=0.1, affine=True, track_running_stats=True)
    (enc3tanh2): Tanh()
  )
  (pool3): MaxPool1d(kernel_size=2, stride=2, padding=0, dilation=1, ceil_mode=False)
  (encoder4): Sequential(
    (enc4conv1): Conv1d(256, 512, kernel_size=(3,), stride=(1,), padding=(1,), bias=False)
    (enc4norm1): BatchNorm1d(512, eps=1e-05, momentum=0.1, affine=True, track_running_stats=True)
    (enc4tanh1): Tanh()
    (enc4conv2): Conv1d(512, 512, kernel_size=(3,), stride=(1,), padding=(1,), bias=False)
    (enc4norm2): BatchNorm1d(512, eps=1e-05, momentum=0.1, affine=True, track_running_stats=True)
    (enc4tanh2): Tanh()
  )
  (pool4): MaxPool1d(kernel_size=2, stride=2, padding=0, dilation=1, ceil_mode=False)
  (bottleneck): Sequential(
    (bottleneckconv1): Conv1d(512, 1024, kernel_size=(3,), stride=(1,), padding=(1,), bias=False)
    (bottlenecknorm1): BatchNorm1d(1024, eps=1e-05, momentum=0.1, affine=True, track_running_stats=True)
    (bottlenecktanh1): Tanh()
    (bottleneckconv2): Conv1d(1024, 1024, kernel_size=(3,), stride=(1,), padding=(1,), bias=False)
    (bottlenecknorm2): BatchNorm1d(1024, eps=1e-05, momentum=0.1, affine=True, track_running_stats=True)
    (bottlenecktanh2): Tanh()
  )
  (upconv4): ConvTranspose1d(1024, 512, kernel_size=(2,), stride=(2,))
  (decoder4): Sequential(
    (dec4conv1): Conv1d(1024, 512, kernel_size=(3,), stride=(1,), padding=(1,), bias=False)
    (dec4norm1): BatchNorm1d(512, eps=1e-05, momentum=0.1, affine=True, track_running_stats=True)
    (dec4tanh1): Tanh()
    (dec4conv2): Conv1d(512, 512, kernel_size=(3,), stride=(1,), padding=(1,), bias=False)
    (dec4norm2): BatchNorm1d(512, eps=1e-05, momentum=0.1, affine=True, track_running_stats=True)
    (dec4tanh2): Tanh()
  )
  (upconv3): ConvTranspose1d(512, 256, kernel_size=(2,), stride=(2,))
  (decoder3): Sequential(
    (dec3conv1): Conv1d(512, 256, kernel_size=(3,), stride=(1,), padding=(1,), bias=False)
    (dec3norm1): BatchNorm1d(256, eps=1e-05, momentum=0.1, affine=True, track_running_stats=True)
    (dec3tanh1): Tanh()
    (dec3conv2): Conv1d(256, 256, kernel_size=(3,), stride=(1,), padding=(1,), bias=False)
    (dec3norm2): BatchNorm1d(256, eps=1e-05, momentum=0.1, affine=True, track_running_stats=True)
    (dec3tanh2): Tanh()
  )
  (upconv2): ConvTranspose1d(256, 128, kernel_size=(2,), stride=(2,))
  (decoder2): Sequential(
    (dec2conv1): Conv1d(256, 128, kernel_size=(3,), stride=(1,), padding=(1,), bias=False)
    (dec2norm1): BatchNorm1d(128, eps=1e-05, momentum=0.1, affine=True, track_running_stats=True)
    (dec2tanh1): Tanh()
    (dec2conv2): Conv1d(128, 128, kernel_size=(3,), stride=(1,), padding=(1,), bias=False)
    (dec2norm2): BatchNorm1d(128, eps=1e-05, momentum=0.1, affine=True, track_running_stats=True)
    (dec2tanh2): Tanh()
  )
  (upconv1): ConvTranspose1d(128, 64, kernel_size=(2,), stride=(2,))
  (decoder1): Sequential(
    (dec1conv1): Conv1d(128, 64, kernel_size=(3,), stride=(1,), padding=(1,), bias=False)
    (dec1norm1): BatchNorm1d(64, eps=1e-05, momentum=0.1, affine=True, track_running_stats=True)
    (dec1tanh1): Tanh()
    (dec1conv2): Conv1d(64, 64, kernel_size=(3,), stride=(1,), padding=(1,), bias=False)
    (dec1norm2): BatchNorm1d(64, eps=1e-05, momentum=0.1, affine=True, track_running_stats=True)
    (dec1tanh2): Tanh()
  )
  (conv): Conv1d(64, 1, kernel_size=(1,), stride=(1,))
)
Total Model Parameters: 10.82M
Trainable Parameters: 10.82M
Epoch 0, Train Loss: 0.25578664, Val Loss: 0.29016254
Epoch 10, Train Loss: 0.11632391, Val Loss: 0.23723612
Epoch 20, Train Loss: 0.09187175, Val Loss: 0.24149076
Epoch 30, Train Loss: 0.07745670, Val Loss: 0.23304172
Epoch 40, Train Loss: 0.06676852, Val Loss: 0.22705300
Epoch 50, Train Loss: 0.05857704, Val Loss: 0.20179350
Epoch 60, Train Loss: 0.05239403, Val Loss: 0.24221528
Epoch 70, Train Loss: 0.04738137, Val Loss: 0.22408187
Epoch 80, Train Loss: 0.04380260, Val Loss: 0.24167885
Epoch 90, Train Loss: 0.04179594, Val Loss: 0.21992820
Test L2 Loss: 0.258809
Model saved to checkpoints/unet1d/ks_5562039.pt
Created/verified figures directory: figures/5562039
Evaluating KS model at multiple resolutions
Using normalizer from training resolution 512
Testing resolutions: [32, 64, 128, 256, 512]
Loading from file: /data/user_data/rvk/ks/res_512/visc_0.075_L64.0_lmax8_et5.0_nte51_nt51/KS_train_2048.h5
Available data keys in 'train': ['dt', 'dx', 'pde_51-512', 't', 'x']
Original PDE data shape: (2048, 51, 512)
Time data shape: (2048, 51)
Original spatial coordinates shape: (512,)
dx shape: (2048,)
dt shape: (2048,)
Data shape after downsampling: (2048, 51, 32)
Final data shape: (2048, 51, 32)
x shape: torch.Size([102400, 1, 32])
y shape: torch.Size([102400, 1, 32])
spatial coordinates shape: (32,)
Loading from file: /data/user_data/rvk/ks/res_512/visc_0.075_L64.0_lmax8_et5.0_nte51_nt51/KS_valid.h5
Available data keys in 'valid': ['dt', 'dx', 'pde_51-512', 't', 'x']
Original PDE data shape: (256, 51, 512)
Time data shape: (256, 51)
Original spatial coordinates shape: (512,)
dx shape: (256,)
dt shape: (256,)
Data shape after downsampling: (256, 51, 32)
Final data shape: (256, 51, 32)
x shape: torch.Size([12800, 1, 32])
y shape: torch.Size([12800, 1, 32])
spatial coordinates shape: (32,)
Loading from file: /data/user_data/rvk/ks/res_512/visc_0.075_L64.0_lmax8_et5.0_nte51_nt51/KS_test.h5
Available data keys in 'test': ['dt', 'dx', 'pde_51-512', 't', 'x']
Original PDE data shape: (256, 51, 512)
Time data shape: (256, 51)
Original spatial coordinates shape: (512,)
dx shape: (256,)
dt shape: (256,)
Data shape after downsampling: (256, 51, 32)
Final data shape: (256, 51, 32)
x shape: torch.Size([12800, 1, 32])
y shape: torch.Size([12800, 1, 32])
spatial coordinates shape: (32,)

==================================================
CREATING ROLLOUT TEST DATASET
==================================================
Loading trajectories from file: /data/user_data/rvk/ks/res_512/visc_0.075_L64.0_lmax8_et5.0_nte51_nt51/KS_test.h5
Available data keys in 'test': ['dt', 'dx', 'pde_51-512', 't', 'x']
Original PDE data shape: (256, 51, 512)
Data shape after downsampling: (256, 51, 32)
Final data shape: (256, 51, 32)
Loaded 256 complete trajectories from test split
Trajectory shape: torch.Size([51, 32])
Rollout test dataset created with 256 trajectories

Final dataset sizes:
Train dataset size: 102400
Validation dataset size: 12800
Test dataset size: 12800
Rollout test dataset size: 256
Selected random indices for plotting: [12479, 2235, 8129, 7576, 8732, 7550, 9302, 7150, 10057, 6032]
Collected 10 examples for resolution 32
Resolution 32 (downsample factor: 16) - Relative L2 Loss: 0.547814
Memory cleaned after resolution 32


Loading from file: /data/user_data/rvk/ks/res_512/visc_0.075_L64.0_lmax8_et5.0_nte51_nt51/KS_train_2048.h5
Available data keys in 'train': ['dt', 'dx', 'pde_51-512', 't', 'x']
Original PDE data shape: (2048, 51, 512)
Time data shape: (2048, 51)
Original spatial coordinates shape: (512,)
dx shape: (2048,)
dt shape: (2048,)
Data shape after downsampling: (2048, 51, 64)
Final data shape: (2048, 51, 64)
x shape: torch.Size([102400, 1, 64])
y shape: torch.Size([102400, 1, 64])
spatial coordinates shape: (64,)
Loading from file: /data/user_data/rvk/ks/res_512/visc_0.075_L64.0_lmax8_et5.0_nte51_nt51/KS_valid.h5
Available data keys in 'valid': ['dt', 'dx', 'pde_51-512', 't', 'x']
Original PDE data shape: (256, 51, 512)
Time data shape: (256, 51)
Original spatial coordinates shape: (512,)
dx shape: (256,)
dt shape: (256,)
Data shape after downsampling: (256, 51, 64)
Final data shape: (256, 51, 64)
x shape: torch.Size([12800, 1, 64])
y shape: torch.Size([12800, 1, 64])
spatial coordinates shape: (64,)
Loading from file: /data/user_data/rvk/ks/res_512/visc_0.075_L64.0_lmax8_et5.0_nte51_nt51/KS_test.h5
Available data keys in 'test': ['dt', 'dx', 'pde_51-512', 't', 'x']
Original PDE data shape: (256, 51, 512)
Time data shape: (256, 51)
Original spatial coordinates shape: (512,)
dx shape: (256,)
dt shape: (256,)
Data shape after downsampling: (256, 51, 64)
Final data shape: (256, 51, 64)
x shape: torch.Size([12800, 1, 64])
y shape: torch.Size([12800, 1, 64])
spatial coordinates shape: (64,)

==================================================
CREATING ROLLOUT TEST DATASET
==================================================
Loading trajectories from file: /data/user_data/rvk/ks/res_512/visc_0.075_L64.0_lmax8_et5.0_nte51_nt51/KS_test.h5
Available data keys in 'test': ['dt', 'dx', 'pde_51-512', 't', 'x']
Original PDE data shape: (256, 51, 512)
Data shape after downsampling: (256, 51, 64)
Final data shape: (256, 51, 64)
Loaded 256 complete trajectories from test split
Trajectory shape: torch.Size([51, 64])
Rollout test dataset created with 256 trajectories

Final dataset sizes:
Train dataset size: 102400
Validation dataset size: 12800
Test dataset size: 12800
Rollout test dataset size: 256
Collected 10 examples for resolution 64
Resolution 64 (downsample factor: 8) - Relative L2 Loss: 0.221915
Memory cleaned after resolution 64


Loading from file: /data/user_data/rvk/ks/res_512/visc_0.075_L64.0_lmax8_et5.0_nte51_nt51/KS_train_2048.h5
Available data keys in 'train': ['dt', 'dx', 'pde_51-512', 't', 'x']
Original PDE data shape: (2048, 51, 512)
Time data shape: (2048, 51)
Original spatial coordinates shape: (512,)
dx shape: (2048,)
dt shape: (2048,)
Data shape after downsampling: (2048, 51, 128)
Final data shape: (2048, 51, 128)
x shape: torch.Size([102400, 1, 128])
y shape: torch.Size([102400, 1, 128])
spatial coordinates shape: (128,)
Loading from file: /data/user_data/rvk/ks/res_512/visc_0.075_L64.0_lmax8_et5.0_nte51_nt51/KS_valid.h5
Available data keys in 'valid': ['dt', 'dx', 'pde_51-512', 't', 'x']
Original PDE data shape: (256, 51, 512)
Time data shape: (256, 51)
Original spatial coordinates shape: (512,)
dx shape: (256,)
dt shape: (256,)
Data shape after downsampling: (256, 51, 128)
Final data shape: (256, 51, 128)
x shape: torch.Size([12800, 1, 128])
y shape: torch.Size([12800, 1, 128])
spatial coordinates shape: (128,)
Loading from file: /data/user_data/rvk/ks/res_512/visc_0.075_L64.0_lmax8_et5.0_nte51_nt51/KS_test.h5
Available data keys in 'test': ['dt', 'dx', 'pde_51-512', 't', 'x']
Original PDE data shape: (256, 51, 512)
Time data shape: (256, 51)
Original spatial coordinates shape: (512,)
dx shape: (256,)
dt shape: (256,)
Data shape after downsampling: (256, 51, 128)
Final data shape: (256, 51, 128)
x shape: torch.Size([12800, 1, 128])
y shape: torch.Size([12800, 1, 128])
spatial coordinates shape: (128,)

==================================================
CREATING ROLLOUT TEST DATASET
==================================================
Loading trajectories from file: /data/user_data/rvk/ks/res_512/visc_0.075_L64.0_lmax8_et5.0_nte51_nt51/KS_test.h5
Available data keys in 'test': ['dt', 'dx', 'pde_51-512', 't', 'x']
Original PDE data shape: (256, 51, 512)
Data shape after downsampling: (256, 51, 128)
Final data shape: (256, 51, 128)
Loaded 256 complete trajectories from test split
Trajectory shape: torch.Size([51, 128])
Rollout test dataset created with 256 trajectories

Final dataset sizes:
Train dataset size: 102400
Validation dataset size: 12800
Test dataset size: 12800
Rollout test dataset size: 256
Collected 10 examples for resolution 128
Resolution 128 (downsample factor: 4) - Relative L2 Loss: 0.396425
Memory cleaned after resolution 128


Loading from file: /data/user_data/rvk/ks/res_512/visc_0.075_L64.0_lmax8_et5.0_nte51_nt51/KS_train_2048.h5
Available data keys in 'train': ['dt', 'dx', 'pde_51-512', 't', 'x']
Original PDE data shape: (2048, 51, 512)
Time data shape: (2048, 51)
Original spatial coordinates shape: (512,)
dx shape: (2048,)
dt shape: (2048,)
Data shape after downsampling: (2048, 51, 256)
Final data shape: (2048, 51, 256)
x shape: torch.Size([102400, 1, 256])
y shape: torch.Size([102400, 1, 256])
spatial coordinates shape: (256,)
Loading from file: /data/user_data/rvk/ks/res_512/visc_0.075_L64.0_lmax8_et5.0_nte51_nt51/KS_valid.h5
Available data keys in 'valid': ['dt', 'dx', 'pde_51-512', 't', 'x']
Original PDE data shape: (256, 51, 512)
Time data shape: (256, 51)
Original spatial coordinates shape: (512,)
dx shape: (256,)
dt shape: (256,)
Data shape after downsampling: (256, 51, 256)
Final data shape: (256, 51, 256)
x shape: torch.Size([12800, 1, 256])
y shape: torch.Size([12800, 1, 256])
spatial coordinates shape: (256,)
Loading from file: /data/user_data/rvk/ks/res_512/visc_0.075_L64.0_lmax8_et5.0_nte51_nt51/KS_test.h5
Available data keys in 'test': ['dt', 'dx', 'pde_51-512', 't', 'x']
Original PDE data shape: (256, 51, 512)
Time data shape: (256, 51)
Original spatial coordinates shape: (512,)
dx shape: (256,)
dt shape: (256,)
Data shape after downsampling: (256, 51, 256)
Final data shape: (256, 51, 256)
x shape: torch.Size([12800, 1, 256])
y shape: torch.Size([12800, 1, 256])
spatial coordinates shape: (256,)

==================================================
CREATING ROLLOUT TEST DATASET
==================================================
Loading trajectories from file: /data/user_data/rvk/ks/res_512/visc_0.075_L64.0_lmax8_et5.0_nte51_nt51/KS_test.h5
Available data keys in 'test': ['dt', 'dx', 'pde_51-512', 't', 'x']
Original PDE data shape: (256, 51, 512)
Data shape after downsampling: (256, 51, 256)
Final data shape: (256, 51, 256)
Loaded 256 complete trajectories from test split
Trajectory shape: torch.Size([51, 256])
Rollout test dataset created with 256 trajectories

Final dataset sizes:
Train dataset size: 102400
Validation dataset size: 12800
Test dataset size: 12800
Rollout test dataset size: 256
Collected 10 examples for resolution 256
Resolution 256 (downsample factor: 2) - Relative L2 Loss: 0.344717
Memory cleaned after resolution 256


Loading from file: /data/user_data/rvk/ks/res_512/visc_0.075_L64.0_lmax8_et5.0_nte51_nt51/KS_train_2048.h5
Available data keys in 'train': ['dt', 'dx', 'pde_51-512', 't', 'x']
Original PDE data shape: (2048, 51, 512)
Time data shape: (2048, 51)
Original spatial coordinates shape: (512,)
dx shape: (2048,)
dt shape: (2048,)
Data shape after downsampling: (2048, 51, 512)
Final data shape: (2048, 51, 512)
x shape: torch.Size([102400, 1, 512])
y shape: torch.Size([102400, 1, 512])
spatial coordinates shape: (512,)
Loading from file: /data/user_data/rvk/ks/res_512/visc_0.075_L64.0_lmax8_et5.0_nte51_nt51/KS_valid.h5
Available data keys in 'valid': ['dt', 'dx', 'pde_51-512', 't', 'x']
Original PDE data shape: (256, 51, 512)
Time data shape: (256, 51)
Original spatial coordinates shape: (512,)
dx shape: (256,)
dt shape: (256,)
Data shape after downsampling: (256, 51, 512)
Final data shape: (256, 51, 512)
x shape: torch.Size([12800, 1, 512])
y shape: torch.Size([12800, 1, 512])
spatial coordinates shape: (512,)
Loading from file: /data/user_data/rvk/ks/res_512/visc_0.075_L64.0_lmax8_et5.0_nte51_nt51/KS_test.h5
Available data keys in 'test': ['dt', 'dx', 'pde_51-512', 't', 'x']
Original PDE data shape: (256, 51, 512)
Time data shape: (256, 51)
Original spatial coordinates shape: (512,)
dx shape: (256,)
dt shape: (256,)
Data shape after downsampling: (256, 51, 512)
Final data shape: (256, 51, 512)
x shape: torch.Size([12800, 1, 512])
y shape: torch.Size([12800, 1, 512])
spatial coordinates shape: (512,)

==================================================
CREATING ROLLOUT TEST DATASET
==================================================
Loading trajectories from file: /data/user_data/rvk/ks/res_512/visc_0.075_L64.0_lmax8_et5.0_nte51_nt51/KS_test.h5
Available data keys in 'test': ['dt', 'dx', 'pde_51-512', 't', 'x']
Original PDE data shape: (256, 51, 512)
Data shape after downsampling: (256, 51, 512)
Final data shape: (256, 51, 512)
Loaded 256 complete trajectories from test split
Trajectory shape: torch.Size([51, 512])
Rollout test dataset created with 256 trajectories

Final dataset sizes:
Train dataset size: 102400
Validation dataset size: 12800
Test dataset size: 12800
Rollout test dataset size: 256
Collected 10 examples for resolution 512
Resolution 512 (downsample factor: 1) - Relative L2 Loss: 0.294672
Memory cleaned after resolution 512


Creating prediction vs target plots...
Saved prediction plot: figures/5562039/prediction_plots/ks_predictions_vs_targets_10_examples.png
Saved numerical results: figures/5562039/ks_1d_evaluation_results_20250921_163743.csv
Saved summary: figures/5562039/ks_1d_evaluation_summary_20250921_163743.txt

==================================================
KS EVALUATION SUMMARY
==================================================
Resolution  32: 0.547814
Resolution  64: 0.221915
Resolution 128: 0.396425
Resolution 256: 0.344717
Resolution 512: 0.294672
Evaluating KS model rollout at multiple resolutions
Using normalizer from training resolution 512
Rollout steps: 16
Testing resolutions: [32, 64, 128, 256, 512]

--- Evaluating Rollout at Resolution 32 (downsample factor: 16) ---
Loading dataset with config: dataloaders.ks_naive_markov.ks_markov_dataset
Loading from file: /data/user_data/rvk/ks/res_512/visc_0.075_L64.0_lmax8_et5.0_nte51_nt51/KS_train_2048.h5
Available data keys in 'train': ['dt', 'dx', 'pde_51-512', 't', 'x']
Original PDE data shape: (2048, 51, 512)
Time data shape: (2048, 51)
Original spatial coordinates shape: (512,)
dx shape: (2048,)
dt shape: (2048,)
Data shape after downsampling: (2048, 51, 32)
Final data shape: (2048, 51, 32)
x shape: torch.Size([102400, 1, 32])
y shape: torch.Size([102400, 1, 32])
spatial coordinates shape: (32,)
Loading from file: /data/user_data/rvk/ks/res_512/visc_0.075_L64.0_lmax8_et5.0_nte51_nt51/KS_valid.h5
Available data keys in 'valid': ['dt', 'dx', 'pde_51-512', 't', 'x']
Original PDE data shape: (256, 51, 512)
Time data shape: (256, 51)
Original spatial coordinates shape: (512,)
dx shape: (256,)
dt shape: (256,)
Data shape after downsampling: (256, 51, 32)
Final data shape: (256, 51, 32)
x shape: torch.Size([12800, 1, 32])
y shape: torch.Size([12800, 1, 32])
spatial coordinates shape: (32,)
Loading from file: /data/user_data/rvk/ks/res_512/visc_0.075_L64.0_lmax8_et5.0_nte51_nt51/KS_test.h5
Available data keys in 'test': ['dt', 'dx', 'pde_51-512', 't', 'x']
Original PDE data shape: (256, 51, 512)
Time data shape: (256, 51)
Original spatial coordinates shape: (512,)
dx shape: (256,)
dt shape: (256,)
Data shape after downsampling: (256, 51, 32)
Final data shape: (256, 51, 32)
x shape: torch.Size([12800, 1, 32])
y shape: torch.Size([12800, 1, 32])
spatial coordinates shape: (32,)

==================================================
CREATING ROLLOUT TEST DATASET
==================================================
Loading trajectories from file: /data/user_data/rvk/ks/res_512/visc_0.075_L64.0_lmax8_et5.0_nte51_nt51/KS_test.h5
Available data keys in 'test': ['dt', 'dx', 'pde_51-512', 't', 'x']
Original PDE data shape: (256, 51, 512)
Data shape after downsampling: (256, 51, 32)
Final data shape: (256, 51, 32)
Loaded 256 complete trajectories from test split
Trajectory shape: torch.Size([51, 32])
Rollout test dataset created with 256 trajectories

Final dataset sizes:
Train dataset size: 102400
Validation dataset size: 12800
Test dataset size: 12800
Rollout test dataset size: 256
Using rollout test dataset with 256 trajectories
Selected random indices for plotting: [19, 30, 9, 8, 38]
Collected 5 rollout examples for resolution 32
Resolution 32 (downsample factor: 16) - Rollout Loss (16 steps): 2.820275
Memory cleaned after resolution 32

--- Evaluating Rollout at Resolution 64 (downsample factor: 8) ---
Loading dataset with config: dataloaders.ks_naive_markov.ks_markov_dataset
Loading from file: /data/user_data/rvk/ks/res_512/visc_0.075_L64.0_lmax8_et5.0_nte51_nt51/KS_train_2048.h5
Available data keys in 'train': ['dt', 'dx', 'pde_51-512', 't', 'x']
Original PDE data shape: (2048, 51, 512)
Time data shape: (2048, 51)
Original spatial coordinates shape: (512,)
dx shape: (2048,)
dt shape: (2048,)
Data shape after downsampling: (2048, 51, 64)
Final data shape: (2048, 51, 64)
x shape: torch.Size([102400, 1, 64])
y shape: torch.Size([102400, 1, 64])
spatial coordinates shape: (64,)
Loading from file: /data/user_data/rvk/ks/res_512/visc_0.075_L64.0_lmax8_et5.0_nte51_nt51/KS_valid.h5
Available data keys in 'valid': ['dt', 'dx', 'pde_51-512', 't', 'x']
Original PDE data shape: (256, 51, 512)
Time data shape: (256, 51)
Original spatial coordinates shape: (512,)
dx shape: (256,)
dt shape: (256,)
Data shape after downsampling: (256, 51, 64)
Final data shape: (256, 51, 64)
x shape: torch.Size([12800, 1, 64])
y shape: torch.Size([12800, 1, 64])
spatial coordinates shape: (64,)
Loading from file: /data/user_data/rvk/ks/res_512/visc_0.075_L64.0_lmax8_et5.0_nte51_nt51/KS_test.h5
Available data keys in 'test': ['dt', 'dx', 'pde_51-512', 't', 'x']
Original PDE data shape: (256, 51, 512)
Time data shape: (256, 51)
Original spatial coordinates shape: (512,)
dx shape: (256,)
dt shape: (256,)
Data shape after downsampling: (256, 51, 64)
Final data shape: (256, 51, 64)
x shape: torch.Size([12800, 1, 64])
y shape: torch.Size([12800, 1, 64])
spatial coordinates shape: (64,)

==================================================
CREATING ROLLOUT TEST DATASET
==================================================
Loading trajectories from file: /data/user_data/rvk/ks/res_512/visc_0.075_L64.0_lmax8_et5.0_nte51_nt51/KS_test.h5
Available data keys in 'test': ['dt', 'dx', 'pde_51-512', 't', 'x']
Original PDE data shape: (256, 51, 512)
Data shape after downsampling: (256, 51, 64)
Final data shape: (256, 51, 64)
Loaded 256 complete trajectories from test split
Trajectory shape: torch.Size([51, 64])
Rollout test dataset created with 256 trajectories

Final dataset sizes:
Train dataset size: 102400
Validation dataset size: 12800
Test dataset size: 12800
Rollout test dataset size: 256
Using rollout test dataset with 256 trajectories
Collected 5 rollout examples for resolution 64
Resolution 64 (downsample factor: 8) - Rollout Loss (16 steps): 1.636016
Memory cleaned after resolution 64

--- Evaluating Rollout at Resolution 128 (downsample factor: 4) ---
Loading dataset with config: dataloaders.ks_naive_markov.ks_markov_dataset
Loading from file: /data/user_data/rvk/ks/res_512/visc_0.075_L64.0_lmax8_et5.0_nte51_nt51/KS_train_2048.h5
Available data keys in 'train': ['dt', 'dx', 'pde_51-512', 't', 'x']
Original PDE data shape: (2048, 51, 512)
Time data shape: (2048, 51)
Original spatial coordinates shape: (512,)
dx shape: (2048,)
dt shape: (2048,)
Data shape after downsampling: (2048, 51, 128)
Final data shape: (2048, 51, 128)
x shape: torch.Size([102400, 1, 128])
y shape: torch.Size([102400, 1, 128])
spatial coordinates shape: (128,)
Loading from file: /data/user_data/rvk/ks/res_512/visc_0.075_L64.0_lmax8_et5.0_nte51_nt51/KS_valid.h5
Available data keys in 'valid': ['dt', 'dx', 'pde_51-512', 't', 'x']
Original PDE data shape: (256, 51, 512)
Time data shape: (256, 51)
Original spatial coordinates shape: (512,)
dx shape: (256,)
dt shape: (256,)
Data shape after downsampling: (256, 51, 128)
Final data shape: (256, 51, 128)
x shape: torch.Size([12800, 1, 128])
y shape: torch.Size([12800, 1, 128])
spatial coordinates shape: (128,)
Loading from file: /data/user_data/rvk/ks/res_512/visc_0.075_L64.0_lmax8_et5.0_nte51_nt51/KS_test.h5
Available data keys in 'test': ['dt', 'dx', 'pde_51-512', 't', 'x']
Original PDE data shape: (256, 51, 512)
Time data shape: (256, 51)
Original spatial coordinates shape: (512,)
dx shape: (256,)
dt shape: (256,)
Data shape after downsampling: (256, 51, 128)
Final data shape: (256, 51, 128)
x shape: torch.Size([12800, 1, 128])
y shape: torch.Size([12800, 1, 128])
spatial coordinates shape: (128,)

==================================================
CREATING ROLLOUT TEST DATASET
==================================================
Loading trajectories from file: /data/user_data/rvk/ks/res_512/visc_0.075_L64.0_lmax8_et5.0_nte51_nt51/KS_test.h5
Available data keys in 'test': ['dt', 'dx', 'pde_51-512', 't', 'x']
Original PDE data shape: (256, 51, 512)
Data shape after downsampling: (256, 51, 128)
Final data shape: (256, 51, 128)
Loaded 256 complete trajectories from test split
Trajectory shape: torch.Size([51, 128])
Rollout test dataset created with 256 trajectories

Final dataset sizes:
Train dataset size: 102400
Validation dataset size: 12800
Test dataset size: 12800
Rollout test dataset size: 256
Using rollout test dataset with 256 trajectories
Collected 5 rollout examples for resolution 128
Resolution 128 (downsample factor: 4) - Rollout Loss (16 steps): 1.404843
Memory cleaned after resolution 128

--- Evaluating Rollout at Resolution 256 (downsample factor: 2) ---
Loading dataset with config: dataloaders.ks_naive_markov.ks_markov_dataset
Loading from file: /data/user_data/rvk/ks/res_512/visc_0.075_L64.0_lmax8_et5.0_nte51_nt51/KS_train_2048.h5
Available data keys in 'train': ['dt', 'dx', 'pde_51-512', 't', 'x']
Original PDE data shape: (2048, 51, 512)
Time data shape: (2048, 51)
Original spatial coordinates shape: (512,)
dx shape: (2048,)
dt shape: (2048,)
Data shape after downsampling: (2048, 51, 256)
Final data shape: (2048, 51, 256)
x shape: torch.Size([102400, 1, 256])
y shape: torch.Size([102400, 1, 256])
spatial coordinates shape: (256,)
Loading from file: /data/user_data/rvk/ks/res_512/visc_0.075_L64.0_lmax8_et5.0_nte51_nt51/KS_valid.h5
Available data keys in 'valid': ['dt', 'dx', 'pde_51-512', 't', 'x']
Original PDE data shape: (256, 51, 512)
Time data shape: (256, 51)
Original spatial coordinates shape: (512,)
dx shape: (256,)
dt shape: (256,)
Data shape after downsampling: (256, 51, 256)
Final data shape: (256, 51, 256)
x shape: torch.Size([12800, 1, 256])
y shape: torch.Size([12800, 1, 256])
spatial coordinates shape: (256,)
Loading from file: /data/user_data/rvk/ks/res_512/visc_0.075_L64.0_lmax8_et5.0_nte51_nt51/KS_test.h5
Available data keys in 'test': ['dt', 'dx', 'pde_51-512', 't', 'x']
Original PDE data shape: (256, 51, 512)
Time data shape: (256, 51)
Original spatial coordinates shape: (512,)
dx shape: (256,)
dt shape: (256,)
Data shape after downsampling: (256, 51, 256)
Final data shape: (256, 51, 256)
x shape: torch.Size([12800, 1, 256])
y shape: torch.Size([12800, 1, 256])
spatial coordinates shape: (256,)

==================================================
CREATING ROLLOUT TEST DATASET
==================================================
Loading trajectories from file: /data/user_data/rvk/ks/res_512/visc_0.075_L64.0_lmax8_et5.0_nte51_nt51/KS_test.h5
Available data keys in 'test': ['dt', 'dx', 'pde_51-512', 't', 'x']
Original PDE data shape: (256, 51, 512)
Data shape after downsampling: (256, 51, 256)
Final data shape: (256, 51, 256)
Loaded 256 complete trajectories from test split
Trajectory shape: torch.Size([51, 256])
Rollout test dataset created with 256 trajectories

Final dataset sizes:
Train dataset size: 102400
Validation dataset size: 12800
Test dataset size: 12800
Rollout test dataset size: 256
Using rollout test dataset with 256 trajectories
Collected 5 rollout examples for resolution 256
Resolution 256 (downsample factor: 2) - Rollout Loss (16 steps): 1.257095
Memory cleaned after resolution 256

--- Evaluating Rollout at Resolution 512 (downsample factor: 1) ---
Loading dataset with config: dataloaders.ks_naive_markov.ks_markov_dataset
Loading from file: /data/user_data/rvk/ks/res_512/visc_0.075_L64.0_lmax8_et5.0_nte51_nt51/KS_train_2048.h5
Available data keys in 'train': ['dt', 'dx', 'pde_51-512', 't', 'x']
Original PDE data shape: (2048, 51, 512)
Time data shape: (2048, 51)
Original spatial coordinates shape: (512,)
dx shape: (2048,)
dt shape: (2048,)
Data shape after downsampling: (2048, 51, 512)
Final data shape: (2048, 51, 512)
x shape: torch.Size([102400, 1, 512])
y shape: torch.Size([102400, 1, 512])
spatial coordinates shape: (512,)
Loading from file: /data/user_data/rvk/ks/res_512/visc_0.075_L64.0_lmax8_et5.0_nte51_nt51/KS_valid.h5
Available data keys in 'valid': ['dt', 'dx', 'pde_51-512', 't', 'x']
Original PDE data shape: (256, 51, 512)
Time data shape: (256, 51)
Original spatial coordinates shape: (512,)
dx shape: (256,)
dt shape: (256,)
Data shape after downsampling: (256, 51, 512)
Final data shape: (256, 51, 512)
x shape: torch.Size([12800, 1, 512])
y shape: torch.Size([12800, 1, 512])
spatial coordinates shape: (512,)
Loading from file: /data/user_data/rvk/ks/res_512/visc_0.075_L64.0_lmax8_et5.0_nte51_nt51/KS_test.h5
Available data keys in 'test': ['dt', 'dx', 'pde_51-512', 't', 'x']
Original PDE data shape: (256, 51, 512)
Time data shape: (256, 51)
Original spatial coordinates shape: (512,)
dx shape: (256,)
dt shape: (256,)
Data shape after downsampling: (256, 51, 512)
Final data shape: (256, 51, 512)
x shape: torch.Size([12800, 1, 512])
y shape: torch.Size([12800, 1, 512])
spatial coordinates shape: (512,)

==================================================
CREATING ROLLOUT TEST DATASET
==================================================
Loading trajectories from file: /data/user_data/rvk/ks/res_512/visc_0.075_L64.0_lmax8_et5.0_nte51_nt51/KS_test.h5
Available data keys in 'test': ['dt', 'dx', 'pde_51-512', 't', 'x']
Original PDE data shape: (256, 51, 512)
Data shape after downsampling: (256, 51, 512)
Final data shape: (256, 51, 512)
Loaded 256 complete trajectories from test split
Trajectory shape: torch.Size([51, 512])
Rollout test dataset created with 256 trajectories

Final dataset sizes:
Train dataset size: 102400
Validation dataset size: 12800
Test dataset size: 12800
Rollout test dataset size: 256
Using rollout test dataset with 256 trajectories
Collected 5 rollout examples for resolution 512
Resolution 512 (downsample factor: 1) - Rollout Loss (16 steps): 1.204997
Memory cleaned after resolution 512
Creating rollout prediction plots...
Rollout plots saved to: figures/5562039/rollout_plots/ks_rollout_examples.png
Rollout results saved to: figures/5562039/ks_rollout_results_trained_res_512_steps_16.csv

============================================================
KS ROLLOUT EVALUATION SUMMARY (16 steps)
============================================================
Resolution  32: 2.820275
Resolution  64: 1.636016
Resolution 128: 1.404843
Resolution 256: 1.257095
Resolution 512: 1.204997

Summary of Super-Resolution Evaluation:
Resolution factor 32: Relative L2 Loss = 0.547814
Resolution factor 64: Relative L2 Loss = 0.221915
Resolution factor 128: Relative L2 Loss = 0.396425
Resolution factor 256: Relative L2 Loss = 0.344717
Resolution factor 512: Relative L2 Loss = 0.294672

Evaluation plots saved to: figures/5562039
Wandb run: https://wandb.ai/rohanvk-carnegie-mellon-university/unet1d/runs/szxv7asa
Using device: cuda
[2025-09-21 16:37:55,225][root][INFO] - model:
  _target_: models.unet.UNet1d
  in_channels: 1
  out_channels: 1
  width: 64
dataset:
  dataset_params:
    _target_: dataloaders.ks_naive_true_multires.ks_true_multires_markov_dataset
    saved_folder: /data/user_data/rvk/ks/
    viscosity: 0.075
    L: 64.0
    lmax: 8
    et: 5.0
    nte: 51
    nt: 51
    train_s: 2048
    reduced_batch: 1
    reduced_resolution_t: 1
    data_mres_size:
      512: 400
    add_res:
    - 32
    - 64
    - 128
    add_res_samples:
      256: 0
      128: 0
      64: 1600
      32: 0
    downsample_from_res: 512
    data_normalizer: true
    normalization_type: simple
    num_samples_max: -1
    eval_dataset_target: dataloaders.ks_naive_markov.ks_markov_dataset
    eval_filename: KS_train_2048.h5
    eval_saved_folder: /data/user_data/rvk/ks/res_512/visc_0.075_L64.0_lmax8_et5.0_nte51_nt51
  resize_to_train: false
  evaluation_type: naive_downsample
  window_size: 15
  rollout_steps: 16
  original_res: 512
  max_test_resolution: 512
  train_mres: true
  pde: ks
training:
  batch_size: 16
  epochs: 100
  learning_rate: 0.001
  use_normalizer: false
project_name: ${dataset.pde}_${hydra:runtime.choices.model}
checkpoint_dir: checkpoints

Project name: ks_unet/unet_1d
Model name: models.unet.UNet1d
PDE Dataset: ks
This is True Multi-Resolution Training. Train Resolution is the highest data resolution in the multi-resolution data
---------------------
Creating true multi-resolution KS dataset from /data/user_data/rvk/ks/
Parameters: visc_0.075_L64.0_lmax8_et5.0_nte51_nt51
Using filename pattern: KS_train_2048.h5
Target samples per resolution (from files): {512: 400}
Additional downsampled resolutions: [32, 64, 128]
Target samples per downsampled resolution: {256: 0, 128: 0, 64: 1600, 32: 0}
Will downsample from resolution: 512
Loading KS multi-resolution data from /data/user_data/rvk/ks/
Parameters: visc_0.075_L64.0_lmax8_et5.0_nte51_nt51
Target samples per resolution (from files): {512: 400}
Additional downsampled resolutions: [32, 64, 128]
Target samples per downsampled resolution: {256: 0, 128: 0, 64: 1600, 32: 0}
Will downsample from resolution: 512
Loading resolution 512 from /data/user_data/rvk/ks/res_512/visc_0.075_L64.0_lmax8_et5.0_nte51_nt51/KS_train_2048.h5
Available data keys in 'train': ['dt', 'dx', 'pde_51-512', 't', 'x']
  Original data shape for 512: (2048, 51, 512)
  After time reduction: (2048, 51, 512)
  Split 'train' data shape: (1638, 51, 512)
  Subsampled to 320 samples for train split
  Added 16000 sample pairs from resolution 512
Adding downsampled resolutions: [32, 64, 128]
Adding downsampled data from /data/user_data/rvk/ks/res_512/visc_0.075_L64.0_lmax8_et5.0_nte51_nt51/KS_train_2048.h5
  No downsampled samples allocated for train split at resolution 32
  Added 64000 downsampled samples at resolution 64
  No downsampled samples allocated for train split at resolution 128
Total samples loaded: 80000
Resolution distribution:
  512_file: 16000 samples
  64_downsampled: 64000 samples
Sample x shapes: [(1, 512), (1, 512), (1, 512)]
Sample y shapes: [(1, 512), (1, 512), (1, 512)]
Loading KS multi-resolution data from /data/user_data/rvk/ks/
Parameters: visc_0.075_L64.0_lmax8_et5.0_nte51_nt51
Target samples per resolution (from files): {512: 400}
Additional downsampled resolutions: [32, 64, 128]
Target samples per downsampled resolution: {256: 0, 128: 0, 64: 1600, 32: 0}
Will downsample from resolution: 512
Loading resolution 512 from /data/user_data/rvk/ks/res_512/visc_0.075_L64.0_lmax8_et5.0_nte51_nt51/KS_train_2048.h5
Available data keys in 'train': ['dt', 'dx', 'pde_51-512', 't', 'x']
  Original data shape for 512: (2048, 51, 512)
  After time reduction: (2048, 51, 512)
  Split 'val' data shape: (204, 51, 512)
  Using all 204 samples for val split
  Added 10200 sample pairs from resolution 512
Adding downsampled resolutions: [32, 64, 128]
Adding downsampled data from /data/user_data/rvk/ks/res_512/visc_0.075_L64.0_lmax8_et5.0_nte51_nt51/KS_train_2048.h5
  No downsampled samples allocated for val split at resolution 32
  Added 8000 downsampled samples at resolution 64
  No downsampled samples allocated for val split at resolution 128
Total samples loaded: 18200
Resolution distribution:
  512_file: 10200 samples
  64_downsampled: 8000 samples
Sample x shapes: [(1, 512), (1, 512), (1, 512)]
Sample y shapes: [(1, 512), (1, 512), (1, 512)]
Loading KS multi-resolution data from /data/user_data/rvk/ks/
Parameters: visc_0.075_L64.0_lmax8_et5.0_nte51_nt51
Target samples per resolution (from files): {512: 400}
Additional downsampled resolutions: [32, 64, 128]
Target samples per downsampled resolution: {256: 0, 128: 0, 64: 1600, 32: 0}
Will downsample from resolution: 512
Loading resolution 512 from /data/user_data/rvk/ks/res_512/visc_0.075_L64.0_lmax8_et5.0_nte51_nt51/KS_train_2048.h5
Available data keys in 'train': ['dt', 'dx', 'pde_51-512', 't', 'x']
  Original data shape for 512: (2048, 51, 512)
  After time reduction: (2048, 51, 512)
  Split 'test' data shape: (206, 51, 512)
  Using all 206 samples for test split
  Added 10300 sample pairs from resolution 512
Adding downsampled resolutions: [32, 64, 128]
Adding downsampled data from /data/user_data/rvk/ks/res_512/visc_0.075_L64.0_lmax8_et5.0_nte51_nt51/KS_train_2048.h5
  No downsampled samples allocated for test split at resolution 32
  Added 8000 downsampled samples at resolution 64
  No downsampled samples allocated for test split at resolution 128
Total samples loaded: 18300
Resolution distribution:
  512_file: 10300 samples
  64_downsampled: 8000 samples
Sample x shapes: [(1, 512), (1, 512), (1, 512)]
Sample y shapes: [(1, 512), (1, 512), (1, 512)]

==================================================
CREATING ROLLOUT TEST DATASET
==================================================
Extracting KS test trajectories for rollout evaluation
Parameters: visc_0.075_L64.0_lmax8_et5.0_nte51_nt51
Loading trajectories from resolution 512: /data/user_data/rvk/ks/res_512/visc_0.075_L64.0_lmax8_et5.0_nte51_nt51/KS_train_2048.h5
  Original data shape: (2048, 51, 512)
  After time reduction: (2048, 51, 512)
  Test split data shape: (206, 51, 512)
  Using all 206 test trajectories
  Extracted 206 complete trajectories from resolution 512

Total extracted trajectories: 206
Trajectory shapes: [torch.Size([51, 512]), torch.Size([51, 512]), torch.Size([51, 512])]
Resolution distribution:
  Resolution 512: 206 trajectories
Rollout test dataset created with 206 trajectories
---------Using simple global normalization---------------
Global statistics: X(mean=-0.000462, std=3.337912), Y(mean=-0.000476, std=3.404562)

Final dataset sizes:
Train dataset size: 80000
Validation dataset size: 18200
Test dataset size: 18300
Rollout test dataset size: 206
<dataloaders.ks_naive_true_multires.ks_true_multires_markov_dataset.<locals>.SimpleNormalizedDataset object at 0x1517f9c4c190>
Created resolution groups:
  Resolution 512: 16000 samples
  Resolution 64: 64000 samples
Created resolution groups:
  Resolution 512: 10200 samples
  Resolution 64: 8000 samples
Created resolution groups:
  Resolution 512: 10300 samples
  Resolution 64: 8000 samples
<class 'torch.Tensor'> -0.002057977020740509 -0.003834901377558708 1.1128357648849487 1.1024667024612427
UNet1d(
  (encoder1): Sequential(
    (enc1conv1): Conv1d(1, 64, kernel_size=(3,), stride=(1,), padding=(1,), bias=False)
    (enc1norm1): BatchNorm1d(64, eps=1e-05, momentum=0.1, affine=True, track_running_stats=True)
    (enc1tanh1): Tanh()
    (enc1conv2): Conv1d(64, 64, kernel_size=(3,), stride=(1,), padding=(1,), bias=False)
    (enc1norm2): BatchNorm1d(64, eps=1e-05, momentum=0.1, affine=True, track_running_stats=True)
    (enc1tanh2): Tanh()
  )
  (pool1): MaxPool1d(kernel_size=2, stride=2, padding=0, dilation=1, ceil_mode=False)
  (encoder2): Sequential(
    (enc2conv1): Conv1d(64, 128, kernel_size=(3,), stride=(1,), padding=(1,), bias=False)
    (enc2norm1): BatchNorm1d(128, eps=1e-05, momentum=0.1, affine=True, track_running_stats=True)
    (enc2tanh1): Tanh()
    (enc2conv2): Conv1d(128, 128, kernel_size=(3,), stride=(1,), padding=(1,), bias=False)
    (enc2norm2): BatchNorm1d(128, eps=1e-05, momentum=0.1, affine=True, track_running_stats=True)
    (enc2tanh2): Tanh()
  )
  (pool2): MaxPool1d(kernel_size=2, stride=2, padding=0, dilation=1, ceil_mode=False)
  (encoder3): Sequential(
    (enc3conv1): Conv1d(128, 256, kernel_size=(3,), stride=(1,), padding=(1,), bias=False)
    (enc3norm1): BatchNorm1d(256, eps=1e-05, momentum=0.1, affine=True, track_running_stats=True)
    (enc3tanh1): Tanh()
    (enc3conv2): Conv1d(256, 256, kernel_size=(3,), stride=(1,), padding=(1,), bias=False)
    (enc3norm2): BatchNorm1d(256, eps=1e-05, momentum=0.1, affine=True, track_running_stats=True)
    (enc3tanh2): Tanh()
  )
  (pool3): MaxPool1d(kernel_size=2, stride=2, padding=0, dilation=1, ceil_mode=False)
  (encoder4): Sequential(
    (enc4conv1): Conv1d(256, 512, kernel_size=(3,), stride=(1,), padding=(1,), bias=False)
    (enc4norm1): BatchNorm1d(512, eps=1e-05, momentum=0.1, affine=True, track_running_stats=True)
    (enc4tanh1): Tanh()
    (enc4conv2): Conv1d(512, 512, kernel_size=(3,), stride=(1,), padding=(1,), bias=False)
    (enc4norm2): BatchNorm1d(512, eps=1e-05, momentum=0.1, affine=True, track_running_stats=True)
    (enc4tanh2): Tanh()
  )
  (pool4): MaxPool1d(kernel_size=2, stride=2, padding=0, dilation=1, ceil_mode=False)
  (bottleneck): Sequential(
    (bottleneckconv1): Conv1d(512, 1024, kernel_size=(3,), stride=(1,), padding=(1,), bias=False)
    (bottlenecknorm1): BatchNorm1d(1024, eps=1e-05, momentum=0.1, affine=True, track_running_stats=True)
    (bottlenecktanh1): Tanh()
    (bottleneckconv2): Conv1d(1024, 1024, kernel_size=(3,), stride=(1,), padding=(1,), bias=False)
    (bottlenecknorm2): BatchNorm1d(1024, eps=1e-05, momentum=0.1, affine=True, track_running_stats=True)
    (bottlenecktanh2): Tanh()
  )
  (upconv4): ConvTranspose1d(1024, 512, kernel_size=(2,), stride=(2,))
  (decoder4): Sequential(
    (dec4conv1): Conv1d(1024, 512, kernel_size=(3,), stride=(1,), padding=(1,), bias=False)
    (dec4norm1): BatchNorm1d(512, eps=1e-05, momentum=0.1, affine=True, track_running_stats=True)
    (dec4tanh1): Tanh()
    (dec4conv2): Conv1d(512, 512, kernel_size=(3,), stride=(1,), padding=(1,), bias=False)
    (dec4norm2): BatchNorm1d(512, eps=1e-05, momentum=0.1, affine=True, track_running_stats=True)
    (dec4tanh2): Tanh()
  )
  (upconv3): ConvTranspose1d(512, 256, kernel_size=(2,), stride=(2,))
  (decoder3): Sequential(
    (dec3conv1): Conv1d(512, 256, kernel_size=(3,), stride=(1,), padding=(1,), bias=False)
    (dec3norm1): BatchNorm1d(256, eps=1e-05, momentum=0.1, affine=True, track_running_stats=True)
    (dec3tanh1): Tanh()
    (dec3conv2): Conv1d(256, 256, kernel_size=(3,), stride=(1,), padding=(1,), bias=False)
    (dec3norm2): BatchNorm1d(256, eps=1e-05, momentum=0.1, affine=True, track_running_stats=True)
    (dec3tanh2): Tanh()
  )
  (upconv2): ConvTranspose1d(256, 128, kernel_size=(2,), stride=(2,))
  (decoder2): Sequential(
    (dec2conv1): Conv1d(256, 128, kernel_size=(3,), stride=(1,), padding=(1,), bias=False)
    (dec2norm1): BatchNorm1d(128, eps=1e-05, momentum=0.1, affine=True, track_running_stats=True)
    (dec2tanh1): Tanh()
    (dec2conv2): Conv1d(128, 128, kernel_size=(3,), stride=(1,), padding=(1,), bias=False)
    (dec2norm2): BatchNorm1d(128, eps=1e-05, momentum=0.1, affine=True, track_running_stats=True)
    (dec2tanh2): Tanh()
  )
  (upconv1): ConvTranspose1d(128, 64, kernel_size=(2,), stride=(2,))
  (decoder1): Sequential(
    (dec1conv1): Conv1d(128, 64, kernel_size=(3,), stride=(1,), padding=(1,), bias=False)
    (dec1norm1): BatchNorm1d(64, eps=1e-05, momentum=0.1, affine=True, track_running_stats=True)
    (dec1tanh1): Tanh()
    (dec1conv2): Conv1d(64, 64, kernel_size=(3,), stride=(1,), padding=(1,), bias=False)
    (dec1norm2): BatchNorm1d(64, eps=1e-05, momentum=0.1, affine=True, track_running_stats=True)
    (dec1tanh2): Tanh()
  )
  (conv): Conv1d(64, 1, kernel_size=(1,), stride=(1,))
)
Total Model Parameters: 10.82M
Trainable Parameters: 10.82M
Epoch 0, Train Loss: 0.26473557, Val Loss: 0.29374132
Epoch 10, Train Loss: 0.12466425, Val Loss: 0.27642638
Epoch 20, Train Loss: 0.11027813, Val Loss: 0.23885529
Epoch 30, Train Loss: 0.11643737, Val Loss: 0.24926488
Epoch 40, Train Loss: 0.11288102, Val Loss: 0.22656148
Epoch 50, Train Loss: 0.09763918, Val Loss: 0.24353038
Epoch 60, Train Loss: 0.08834167, Val Loss: 0.25450529
Epoch 70, Train Loss: 0.08353508, Val Loss: 0.24527892
Epoch 80, Train Loss: 0.08036389, Val Loss: 0.25142207
Epoch 90, Train Loss: 0.07849850, Val Loss: 0.27275116
Test L2 Loss: 0.251951
Model saved to checkpoints/unet1d/ks_5562039.pt
Created/verified figures directory: figures/5562039
Evaluating KS model at multiple resolutions
Using normalizer from training resolution 512
Testing resolutions: [32, 64, 128, 256, 512]
Loading from file: /data/user_data/rvk/ks/res_512/visc_0.075_L64.0_lmax8_et5.0_nte51_nt51/KS_train_2048.h5
Available data keys in 'train': ['dt', 'dx', 'pde_51-512', 't', 'x']
Original PDE data shape: (2048, 51, 512)
Time data shape: (2048, 51)
Original spatial coordinates shape: (512,)
dx shape: (2048,)
dt shape: (2048,)
Data shape after downsampling: (2048, 51, 32)
Final data shape: (2048, 51, 32)
x shape: torch.Size([102400, 1, 32])
y shape: torch.Size([102400, 1, 32])
spatial coordinates shape: (32,)
Loading from file: /data/user_data/rvk/ks/res_512/visc_0.075_L64.0_lmax8_et5.0_nte51_nt51/KS_valid.h5
Available data keys in 'valid': ['dt', 'dx', 'pde_51-512', 't', 'x']
Original PDE data shape: (256, 51, 512)
Time data shape: (256, 51)
Original spatial coordinates shape: (512,)
dx shape: (256,)
dt shape: (256,)
Data shape after downsampling: (256, 51, 32)
Final data shape: (256, 51, 32)
x shape: torch.Size([12800, 1, 32])
y shape: torch.Size([12800, 1, 32])
spatial coordinates shape: (32,)
Loading from file: /data/user_data/rvk/ks/res_512/visc_0.075_L64.0_lmax8_et5.0_nte51_nt51/KS_test.h5
Available data keys in 'test': ['dt', 'dx', 'pde_51-512', 't', 'x']
Original PDE data shape: (256, 51, 512)
Time data shape: (256, 51)
Original spatial coordinates shape: (512,)
dx shape: (256,)
dt shape: (256,)
Data shape after downsampling: (256, 51, 32)
Final data shape: (256, 51, 32)
x shape: torch.Size([12800, 1, 32])
y shape: torch.Size([12800, 1, 32])
spatial coordinates shape: (32,)

==================================================
CREATING ROLLOUT TEST DATASET
==================================================
Loading trajectories from file: /data/user_data/rvk/ks/res_512/visc_0.075_L64.0_lmax8_et5.0_nte51_nt51/KS_test.h5
Available data keys in 'test': ['dt', 'dx', 'pde_51-512', 't', 'x']
Original PDE data shape: (256, 51, 512)
Data shape after downsampling: (256, 51, 32)
Final data shape: (256, 51, 32)
Loaded 256 complete trajectories from test split
Trajectory shape: torch.Size([51, 32])
Rollout test dataset created with 256 trajectories

Final dataset sizes:
Train dataset size: 102400
Validation dataset size: 12800
Test dataset size: 12800
Rollout test dataset size: 256
Selected random indices for plotting: [8546, 12575, 8833, 3598, 10834, 149, 8227, 8813, 12294, 7941]
Collected 10 examples for resolution 32
Resolution 32 (downsample factor: 16) - Relative L2 Loss: 0.476567
Memory cleaned after resolution 32


Loading from file: /data/user_data/rvk/ks/res_512/visc_0.075_L64.0_lmax8_et5.0_nte51_nt51/KS_train_2048.h5
Available data keys in 'train': ['dt', 'dx', 'pde_51-512', 't', 'x']
Original PDE data shape: (2048, 51, 512)
Time data shape: (2048, 51)
Original spatial coordinates shape: (512,)
dx shape: (2048,)
dt shape: (2048,)
Data shape after downsampling: (2048, 51, 64)
Final data shape: (2048, 51, 64)
x shape: torch.Size([102400, 1, 64])
y shape: torch.Size([102400, 1, 64])
spatial coordinates shape: (64,)
Loading from file: /data/user_data/rvk/ks/res_512/visc_0.075_L64.0_lmax8_et5.0_nte51_nt51/KS_valid.h5
Available data keys in 'valid': ['dt', 'dx', 'pde_51-512', 't', 'x']
Original PDE data shape: (256, 51, 512)
Time data shape: (256, 51)
Original spatial coordinates shape: (512,)
dx shape: (256,)
dt shape: (256,)
Data shape after downsampling: (256, 51, 64)
Final data shape: (256, 51, 64)
x shape: torch.Size([12800, 1, 64])
y shape: torch.Size([12800, 1, 64])
spatial coordinates shape: (64,)
Loading from file: /data/user_data/rvk/ks/res_512/visc_0.075_L64.0_lmax8_et5.0_nte51_nt51/KS_test.h5
Available data keys in 'test': ['dt', 'dx', 'pde_51-512', 't', 'x']
Original PDE data shape: (256, 51, 512)
Time data shape: (256, 51)
Original spatial coordinates shape: (512,)
dx shape: (256,)
dt shape: (256,)
Data shape after downsampling: (256, 51, 64)
Final data shape: (256, 51, 64)
x shape: torch.Size([12800, 1, 64])
y shape: torch.Size([12800, 1, 64])
spatial coordinates shape: (64,)

==================================================
CREATING ROLLOUT TEST DATASET
==================================================
Loading trajectories from file: /data/user_data/rvk/ks/res_512/visc_0.075_L64.0_lmax8_et5.0_nte51_nt51/KS_test.h5
Available data keys in 'test': ['dt', 'dx', 'pde_51-512', 't', 'x']
Original PDE data shape: (256, 51, 512)
Data shape after downsampling: (256, 51, 64)
Final data shape: (256, 51, 64)
Loaded 256 complete trajectories from test split
Trajectory shape: torch.Size([51, 64])
Rollout test dataset created with 256 trajectories

Final dataset sizes:
Train dataset size: 102400
Validation dataset size: 12800
Test dataset size: 12800
Rollout test dataset size: 256
Collected 10 examples for resolution 64
Resolution 64 (downsample factor: 8) - Relative L2 Loss: 0.208715
Memory cleaned after resolution 64


Loading from file: /data/user_data/rvk/ks/res_512/visc_0.075_L64.0_lmax8_et5.0_nte51_nt51/KS_train_2048.h5
Available data keys in 'train': ['dt', 'dx', 'pde_51-512', 't', 'x']
Original PDE data shape: (2048, 51, 512)
Time data shape: (2048, 51)
Original spatial coordinates shape: (512,)
dx shape: (2048,)
dt shape: (2048,)
Data shape after downsampling: (2048, 51, 128)
Final data shape: (2048, 51, 128)
x shape: torch.Size([102400, 1, 128])
y shape: torch.Size([102400, 1, 128])
spatial coordinates shape: (128,)
Loading from file: /data/user_data/rvk/ks/res_512/visc_0.075_L64.0_lmax8_et5.0_nte51_nt51/KS_valid.h5
Available data keys in 'valid': ['dt', 'dx', 'pde_51-512', 't', 'x']
Original PDE data shape: (256, 51, 512)
Time data shape: (256, 51)
Original spatial coordinates shape: (512,)
dx shape: (256,)
dt shape: (256,)
Data shape after downsampling: (256, 51, 128)
Final data shape: (256, 51, 128)
x shape: torch.Size([12800, 1, 128])
y shape: torch.Size([12800, 1, 128])
spatial coordinates shape: (128,)
Loading from file: /data/user_data/rvk/ks/res_512/visc_0.075_L64.0_lmax8_et5.0_nte51_nt51/KS_test.h5
Available data keys in 'test': ['dt', 'dx', 'pde_51-512', 't', 'x']
Original PDE data shape: (256, 51, 512)
Time data shape: (256, 51)
Original spatial coordinates shape: (512,)
dx shape: (256,)
dt shape: (256,)
Data shape after downsampling: (256, 51, 128)
Final data shape: (256, 51, 128)
x shape: torch.Size([12800, 1, 128])
y shape: torch.Size([12800, 1, 128])
spatial coordinates shape: (128,)

==================================================
CREATING ROLLOUT TEST DATASET
==================================================
Loading trajectories from file: /data/user_data/rvk/ks/res_512/visc_0.075_L64.0_lmax8_et5.0_nte51_nt51/KS_test.h5
Available data keys in 'test': ['dt', 'dx', 'pde_51-512', 't', 'x']
Original PDE data shape: (256, 51, 512)
Data shape after downsampling: (256, 51, 128)
Final data shape: (256, 51, 128)
Loaded 256 complete trajectories from test split
Trajectory shape: torch.Size([51, 128])
Rollout test dataset created with 256 trajectories

Final dataset sizes:
Train dataset size: 102400
Validation dataset size: 12800
Test dataset size: 12800
Rollout test dataset size: 256
Collected 10 examples for resolution 128
Resolution 128 (downsample factor: 4) - Relative L2 Loss: 0.389569
Memory cleaned after resolution 128


Loading from file: /data/user_data/rvk/ks/res_512/visc_0.075_L64.0_lmax8_et5.0_nte51_nt51/KS_train_2048.h5
Available data keys in 'train': ['dt', 'dx', 'pde_51-512', 't', 'x']
Original PDE data shape: (2048, 51, 512)
Time data shape: (2048, 51)
Original spatial coordinates shape: (512,)
dx shape: (2048,)
dt shape: (2048,)
Data shape after downsampling: (2048, 51, 256)
Final data shape: (2048, 51, 256)
x shape: torch.Size([102400, 1, 256])
y shape: torch.Size([102400, 1, 256])
spatial coordinates shape: (256,)
Loading from file: /data/user_data/rvk/ks/res_512/visc_0.075_L64.0_lmax8_et5.0_nte51_nt51/KS_valid.h5
Available data keys in 'valid': ['dt', 'dx', 'pde_51-512', 't', 'x']
Original PDE data shape: (256, 51, 512)
Time data shape: (256, 51)
Original spatial coordinates shape: (512,)
dx shape: (256,)
dt shape: (256,)
Data shape after downsampling: (256, 51, 256)
Final data shape: (256, 51, 256)
x shape: torch.Size([12800, 1, 256])
y shape: torch.Size([12800, 1, 256])
spatial coordinates shape: (256,)
Loading from file: /data/user_data/rvk/ks/res_512/visc_0.075_L64.0_lmax8_et5.0_nte51_nt51/KS_test.h5
Available data keys in 'test': ['dt', 'dx', 'pde_51-512', 't', 'x']
Original PDE data shape: (256, 51, 512)
Time data shape: (256, 51)
Original spatial coordinates shape: (512,)
dx shape: (256,)
dt shape: (256,)
Data shape after downsampling: (256, 51, 256)
Final data shape: (256, 51, 256)
x shape: torch.Size([12800, 1, 256])
y shape: torch.Size([12800, 1, 256])
spatial coordinates shape: (256,)

==================================================
CREATING ROLLOUT TEST DATASET
==================================================
Loading trajectories from file: /data/user_data/rvk/ks/res_512/visc_0.075_L64.0_lmax8_et5.0_nte51_nt51/KS_test.h5
Available data keys in 'test': ['dt', 'dx', 'pde_51-512', 't', 'x']
Original PDE data shape: (256, 51, 512)
Data shape after downsampling: (256, 51, 256)
Final data shape: (256, 51, 256)
Loaded 256 complete trajectories from test split
Trajectory shape: torch.Size([51, 256])
Rollout test dataset created with 256 trajectories

Final dataset sizes:
Train dataset size: 102400
Validation dataset size: 12800
Test dataset size: 12800
Rollout test dataset size: 256
Collected 10 examples for resolution 256
Resolution 256 (downsample factor: 2) - Relative L2 Loss: 0.327356
Memory cleaned after resolution 256


Loading from file: /data/user_data/rvk/ks/res_512/visc_0.075_L64.0_lmax8_et5.0_nte51_nt51/KS_train_2048.h5
Available data keys in 'train': ['dt', 'dx', 'pde_51-512', 't', 'x']
Original PDE data shape: (2048, 51, 512)
Time data shape: (2048, 51)
Original spatial coordinates shape: (512,)
dx shape: (2048,)
dt shape: (2048,)
Data shape after downsampling: (2048, 51, 512)
Final data shape: (2048, 51, 512)
x shape: torch.Size([102400, 1, 512])
y shape: torch.Size([102400, 1, 512])
spatial coordinates shape: (512,)
Loading from file: /data/user_data/rvk/ks/res_512/visc_0.075_L64.0_lmax8_et5.0_nte51_nt51/KS_valid.h5
Available data keys in 'valid': ['dt', 'dx', 'pde_51-512', 't', 'x']
Original PDE data shape: (256, 51, 512)
Time data shape: (256, 51)
Original spatial coordinates shape: (512,)
dx shape: (256,)
dt shape: (256,)
Data shape after downsampling: (256, 51, 512)
Final data shape: (256, 51, 512)
x shape: torch.Size([12800, 1, 512])
y shape: torch.Size([12800, 1, 512])
spatial coordinates shape: (512,)
Loading from file: /data/user_data/rvk/ks/res_512/visc_0.075_L64.0_lmax8_et5.0_nte51_nt51/KS_test.h5
Available data keys in 'test': ['dt', 'dx', 'pde_51-512', 't', 'x']
Original PDE data shape: (256, 51, 512)
Time data shape: (256, 51)
Original spatial coordinates shape: (512,)
dx shape: (256,)
dt shape: (256,)
Data shape after downsampling: (256, 51, 512)
Final data shape: (256, 51, 512)
x shape: torch.Size([12800, 1, 512])
y shape: torch.Size([12800, 1, 512])
spatial coordinates shape: (512,)

==================================================
CREATING ROLLOUT TEST DATASET
==================================================
Loading trajectories from file: /data/user_data/rvk/ks/res_512/visc_0.075_L64.0_lmax8_et5.0_nte51_nt51/KS_test.h5
Available data keys in 'test': ['dt', 'dx', 'pde_51-512', 't', 'x']
Original PDE data shape: (256, 51, 512)
Data shape after downsampling: (256, 51, 512)
Final data shape: (256, 51, 512)
Loaded 256 complete trajectories from test split
Trajectory shape: torch.Size([51, 512])
Rollout test dataset created with 256 trajectories

Final dataset sizes:
Train dataset size: 102400
Validation dataset size: 12800
Test dataset size: 12800
Rollout test dataset size: 256
Collected 10 examples for resolution 512
Resolution 512 (downsample factor: 1) - Relative L2 Loss: 0.292202
Memory cleaned after resolution 512


Creating prediction vs target plots...
Saved prediction plot: figures/5562039/prediction_plots/ks_predictions_vs_targets_10_examples.png
Saved numerical results: figures/5562039/ks_1d_evaluation_results_20250921_173421.csv
Saved summary: figures/5562039/ks_1d_evaluation_summary_20250921_173421.txt

==================================================
KS EVALUATION SUMMARY
==================================================
Resolution  32: 0.476567
Resolution  64: 0.208715
Resolution 128: 0.389569
Resolution 256: 0.327356
Resolution 512: 0.292202
Evaluating KS model rollout at multiple resolutions
Using normalizer from training resolution 512
Rollout steps: 16
Testing resolutions: [32, 64, 128, 256, 512]

--- Evaluating Rollout at Resolution 32 (downsample factor: 16) ---
Loading dataset with config: dataloaders.ks_naive_markov.ks_markov_dataset
Loading from file: /data/user_data/rvk/ks/res_512/visc_0.075_L64.0_lmax8_et5.0_nte51_nt51/KS_train_2048.h5
Available data keys in 'train': ['dt', 'dx', 'pde_51-512', 't', 'x']
Original PDE data shape: (2048, 51, 512)
Time data shape: (2048, 51)
Original spatial coordinates shape: (512,)
dx shape: (2048,)
dt shape: (2048,)
Data shape after downsampling: (2048, 51, 32)
Final data shape: (2048, 51, 32)
x shape: torch.Size([102400, 1, 32])
y shape: torch.Size([102400, 1, 32])
spatial coordinates shape: (32,)
Loading from file: /data/user_data/rvk/ks/res_512/visc_0.075_L64.0_lmax8_et5.0_nte51_nt51/KS_valid.h5
Available data keys in 'valid': ['dt', 'dx', 'pde_51-512', 't', 'x']
Original PDE data shape: (256, 51, 512)
Time data shape: (256, 51)
Original spatial coordinates shape: (512,)
dx shape: (256,)
dt shape: (256,)
Data shape after downsampling: (256, 51, 32)
Final data shape: (256, 51, 32)
x shape: torch.Size([12800, 1, 32])
y shape: torch.Size([12800, 1, 32])
spatial coordinates shape: (32,)
Loading from file: /data/user_data/rvk/ks/res_512/visc_0.075_L64.0_lmax8_et5.0_nte51_nt51/KS_test.h5
Available data keys in 'test': ['dt', 'dx', 'pde_51-512', 't', 'x']
Original PDE data shape: (256, 51, 512)
Time data shape: (256, 51)
Original spatial coordinates shape: (512,)
dx shape: (256,)
dt shape: (256,)
Data shape after downsampling: (256, 51, 32)
Final data shape: (256, 51, 32)
x shape: torch.Size([12800, 1, 32])
y shape: torch.Size([12800, 1, 32])
spatial coordinates shape: (32,)

==================================================
CREATING ROLLOUT TEST DATASET
==================================================
Loading trajectories from file: /data/user_data/rvk/ks/res_512/visc_0.075_L64.0_lmax8_et5.0_nte51_nt51/KS_test.h5
Available data keys in 'test': ['dt', 'dx', 'pde_51-512', 't', 'x']
Original PDE data shape: (256, 51, 512)
Data shape after downsampling: (256, 51, 32)
Final data shape: (256, 51, 32)
Loaded 256 complete trajectories from test split
Trajectory shape: torch.Size([51, 32])
Rollout test dataset created with 256 trajectories

Final dataset sizes:
Train dataset size: 102400
Validation dataset size: 12800
Test dataset size: 12800
Rollout test dataset size: 256
Using rollout test dataset with 256 trajectories
Selected random indices for plotting: [7, 21, 43, 0, 24]
Collected 5 rollout examples for resolution 32
Resolution 32 (downsample factor: 16) - Rollout Loss (16 steps): 2.050664
Memory cleaned after resolution 32

--- Evaluating Rollout at Resolution 64 (downsample factor: 8) ---
Loading dataset with config: dataloaders.ks_naive_markov.ks_markov_dataset
Loading from file: /data/user_data/rvk/ks/res_512/visc_0.075_L64.0_lmax8_et5.0_nte51_nt51/KS_train_2048.h5
Available data keys in 'train': ['dt', 'dx', 'pde_51-512', 't', 'x']
Original PDE data shape: (2048, 51, 512)
Time data shape: (2048, 51)
Original spatial coordinates shape: (512,)
dx shape: (2048,)
dt shape: (2048,)
Data shape after downsampling: (2048, 51, 64)
Final data shape: (2048, 51, 64)
x shape: torch.Size([102400, 1, 64])
y shape: torch.Size([102400, 1, 64])
spatial coordinates shape: (64,)
Loading from file: /data/user_data/rvk/ks/res_512/visc_0.075_L64.0_lmax8_et5.0_nte51_nt51/KS_valid.h5
Available data keys in 'valid': ['dt', 'dx', 'pde_51-512', 't', 'x']
Original PDE data shape: (256, 51, 512)
Time data shape: (256, 51)
Original spatial coordinates shape: (512,)
dx shape: (256,)
dt shape: (256,)
Data shape after downsampling: (256, 51, 64)
Final data shape: (256, 51, 64)
x shape: torch.Size([12800, 1, 64])
y shape: torch.Size([12800, 1, 64])
spatial coordinates shape: (64,)
Loading from file: /data/user_data/rvk/ks/res_512/visc_0.075_L64.0_lmax8_et5.0_nte51_nt51/KS_test.h5
Available data keys in 'test': ['dt', 'dx', 'pde_51-512', 't', 'x']
Original PDE data shape: (256, 51, 512)
Time data shape: (256, 51)
Original spatial coordinates shape: (512,)
dx shape: (256,)
dt shape: (256,)
Data shape after downsampling: (256, 51, 64)
Final data shape: (256, 51, 64)
x shape: torch.Size([12800, 1, 64])
y shape: torch.Size([12800, 1, 64])
spatial coordinates shape: (64,)

==================================================
CREATING ROLLOUT TEST DATASET
==================================================
Loading trajectories from file: /data/user_data/rvk/ks/res_512/visc_0.075_L64.0_lmax8_et5.0_nte51_nt51/KS_test.h5
Available data keys in 'test': ['dt', 'dx', 'pde_51-512', 't', 'x']
Original PDE data shape: (256, 51, 512)
Data shape after downsampling: (256, 51, 64)
Final data shape: (256, 51, 64)
Loaded 256 complete trajectories from test split
Trajectory shape: torch.Size([51, 64])
Rollout test dataset created with 256 trajectories

Final dataset sizes:
Train dataset size: 102400
Validation dataset size: 12800
Test dataset size: 12800
Rollout test dataset size: 256
Using rollout test dataset with 256 trajectories
Collected 5 rollout examples for resolution 64
Resolution 64 (downsample factor: 8) - Rollout Loss (16 steps): 0.909911
Memory cleaned after resolution 64

--- Evaluating Rollout at Resolution 128 (downsample factor: 4) ---
Loading dataset with config: dataloaders.ks_naive_markov.ks_markov_dataset
Loading from file: /data/user_data/rvk/ks/res_512/visc_0.075_L64.0_lmax8_et5.0_nte51_nt51/KS_train_2048.h5
Available data keys in 'train': ['dt', 'dx', 'pde_51-512', 't', 'x']
Original PDE data shape: (2048, 51, 512)
Time data shape: (2048, 51)
Original spatial coordinates shape: (512,)
dx shape: (2048,)
dt shape: (2048,)
Data shape after downsampling: (2048, 51, 128)
Final data shape: (2048, 51, 128)
x shape: torch.Size([102400, 1, 128])
y shape: torch.Size([102400, 1, 128])
spatial coordinates shape: (128,)
Loading from file: /data/user_data/rvk/ks/res_512/visc_0.075_L64.0_lmax8_et5.0_nte51_nt51/KS_valid.h5
Available data keys in 'valid': ['dt', 'dx', 'pde_51-512', 't', 'x']
Original PDE data shape: (256, 51, 512)
Time data shape: (256, 51)
Original spatial coordinates shape: (512,)
dx shape: (256,)
dt shape: (256,)
Data shape after downsampling: (256, 51, 128)
Final data shape: (256, 51, 128)
x shape: torch.Size([12800, 1, 128])
y shape: torch.Size([12800, 1, 128])
spatial coordinates shape: (128,)
Loading from file: /data/user_data/rvk/ks/res_512/visc_0.075_L64.0_lmax8_et5.0_nte51_nt51/KS_test.h5
Available data keys in 'test': ['dt', 'dx', 'pde_51-512', 't', 'x']
Original PDE data shape: (256, 51, 512)
Time data shape: (256, 51)
Original spatial coordinates shape: (512,)
dx shape: (256,)
dt shape: (256,)
Data shape after downsampling: (256, 51, 128)
Final data shape: (256, 51, 128)
x shape: torch.Size([12800, 1, 128])
y shape: torch.Size([12800, 1, 128])
spatial coordinates shape: (128,)

==================================================
CREATING ROLLOUT TEST DATASET
==================================================
Loading trajectories from file: /data/user_data/rvk/ks/res_512/visc_0.075_L64.0_lmax8_et5.0_nte51_nt51/KS_test.h5
Available data keys in 'test': ['dt', 'dx', 'pde_51-512', 't', 'x']
Original PDE data shape: (256, 51, 512)
Data shape after downsampling: (256, 51, 128)
Final data shape: (256, 51, 128)
Loaded 256 complete trajectories from test split
Trajectory shape: torch.Size([51, 128])
Rollout test dataset created with 256 trajectories

Final dataset sizes:
Train dataset size: 102400
Validation dataset size: 12800
Test dataset size: 12800
Rollout test dataset size: 256
Using rollout test dataset with 256 trajectories
Collected 5 rollout examples for resolution 128
Resolution 128 (downsample factor: 4) - Rollout Loss (16 steps): 0.814488
Memory cleaned after resolution 128

--- Evaluating Rollout at Resolution 256 (downsample factor: 2) ---
Loading dataset with config: dataloaders.ks_naive_markov.ks_markov_dataset
Loading from file: /data/user_data/rvk/ks/res_512/visc_0.075_L64.0_lmax8_et5.0_nte51_nt51/KS_train_2048.h5
Available data keys in 'train': ['dt', 'dx', 'pde_51-512', 't', 'x']
Original PDE data shape: (2048, 51, 512)
Time data shape: (2048, 51)
Original spatial coordinates shape: (512,)
dx shape: (2048,)
dt shape: (2048,)
Data shape after downsampling: (2048, 51, 256)
Final data shape: (2048, 51, 256)
x shape: torch.Size([102400, 1, 256])
y shape: torch.Size([102400, 1, 256])
spatial coordinates shape: (256,)
Loading from file: /data/user_data/rvk/ks/res_512/visc_0.075_L64.0_lmax8_et5.0_nte51_nt51/KS_valid.h5
Available data keys in 'valid': ['dt', 'dx', 'pde_51-512', 't', 'x']
Original PDE data shape: (256, 51, 512)
Time data shape: (256, 51)
Original spatial coordinates shape: (512,)
dx shape: (256,)
dt shape: (256,)
Data shape after downsampling: (256, 51, 256)
Final data shape: (256, 51, 256)
x shape: torch.Size([12800, 1, 256])
y shape: torch.Size([12800, 1, 256])
spatial coordinates shape: (256,)
Loading from file: /data/user_data/rvk/ks/res_512/visc_0.075_L64.0_lmax8_et5.0_nte51_nt51/KS_test.h5
Available data keys in 'test': ['dt', 'dx', 'pde_51-512', 't', 'x']
Original PDE data shape: (256, 51, 512)
Time data shape: (256, 51)
Original spatial coordinates shape: (512,)
dx shape: (256,)
dt shape: (256,)
Data shape after downsampling: (256, 51, 256)
Final data shape: (256, 51, 256)
x shape: torch.Size([12800, 1, 256])
y shape: torch.Size([12800, 1, 256])
spatial coordinates shape: (256,)

==================================================
CREATING ROLLOUT TEST DATASET
==================================================
Loading trajectories from file: /data/user_data/rvk/ks/res_512/visc_0.075_L64.0_lmax8_et5.0_nte51_nt51/KS_test.h5
Available data keys in 'test': ['dt', 'dx', 'pde_51-512', 't', 'x']
Original PDE data shape: (256, 51, 512)
Data shape after downsampling: (256, 51, 256)
Final data shape: (256, 51, 256)
Loaded 256 complete trajectories from test split
Trajectory shape: torch.Size([51, 256])
Rollout test dataset created with 256 trajectories

Final dataset sizes:
Train dataset size: 102400
Validation dataset size: 12800
Test dataset size: 12800
Rollout test dataset size: 256
Using rollout test dataset with 256 trajectories
Collected 5 rollout examples for resolution 256
Resolution 256 (downsample factor: 2) - Rollout Loss (16 steps): 0.807445
Memory cleaned after resolution 256

--- Evaluating Rollout at Resolution 512 (downsample factor: 1) ---
Loading dataset with config: dataloaders.ks_naive_markov.ks_markov_dataset
Loading from file: /data/user_data/rvk/ks/res_512/visc_0.075_L64.0_lmax8_et5.0_nte51_nt51/KS_train_2048.h5
Available data keys in 'train': ['dt', 'dx', 'pde_51-512', 't', 'x']
Original PDE data shape: (2048, 51, 512)
Time data shape: (2048, 51)
Original spatial coordinates shape: (512,)
dx shape: (2048,)
dt shape: (2048,)
Data shape after downsampling: (2048, 51, 512)
Final data shape: (2048, 51, 512)
x shape: torch.Size([102400, 1, 512])
y shape: torch.Size([102400, 1, 512])
spatial coordinates shape: (512,)
Loading from file: /data/user_data/rvk/ks/res_512/visc_0.075_L64.0_lmax8_et5.0_nte51_nt51/KS_valid.h5
Available data keys in 'valid': ['dt', 'dx', 'pde_51-512', 't', 'x']
Original PDE data shape: (256, 51, 512)
Time data shape: (256, 51)
Original spatial coordinates shape: (512,)
dx shape: (256,)
dt shape: (256,)
Data shape after downsampling: (256, 51, 512)
Final data shape: (256, 51, 512)
x shape: torch.Size([12800, 1, 512])
y shape: torch.Size([12800, 1, 512])
spatial coordinates shape: (512,)
Loading from file: /data/user_data/rvk/ks/res_512/visc_0.075_L64.0_lmax8_et5.0_nte51_nt51/KS_test.h5
Available data keys in 'test': ['dt', 'dx', 'pde_51-512', 't', 'x']
Original PDE data shape: (256, 51, 512)
Time data shape: (256, 51)
Original spatial coordinates shape: (512,)
dx shape: (256,)
dt shape: (256,)
Data shape after downsampling: (256, 51, 512)
Final data shape: (256, 51, 512)
x shape: torch.Size([12800, 1, 512])
y shape: torch.Size([12800, 1, 512])
spatial coordinates shape: (512,)

==================================================
CREATING ROLLOUT TEST DATASET
==================================================
Loading trajectories from file: /data/user_data/rvk/ks/res_512/visc_0.075_L64.0_lmax8_et5.0_nte51_nt51/KS_test.h5
Available data keys in 'test': ['dt', 'dx', 'pde_51-512', 't', 'x']
Original PDE data shape: (256, 51, 512)
Data shape after downsampling: (256, 51, 512)
Final data shape: (256, 51, 512)
Loaded 256 complete trajectories from test split
Trajectory shape: torch.Size([51, 512])
Rollout test dataset created with 256 trajectories

Final dataset sizes:
Train dataset size: 102400
Validation dataset size: 12800
Test dataset size: 12800
Rollout test dataset size: 256
Using rollout test dataset with 256 trajectories
Collected 5 rollout examples for resolution 512
Resolution 512 (downsample factor: 1) - Rollout Loss (16 steps): 0.805937
Memory cleaned after resolution 512
Creating rollout prediction plots...
Rollout plots saved to: figures/5562039/rollout_plots/ks_rollout_examples.png
Rollout results saved to: figures/5562039/ks_rollout_results_trained_res_512_steps_16.csv

============================================================
KS ROLLOUT EVALUATION SUMMARY (16 steps)
============================================================
Resolution  32: 2.050664
Resolution  64: 0.909911
Resolution 128: 0.814488
Resolution 256: 0.807445
Resolution 512: 0.805937

Summary of Super-Resolution Evaluation:
Resolution factor 32: Relative L2 Loss = 0.476567
Resolution factor 64: Relative L2 Loss = 0.208715
Resolution factor 128: Relative L2 Loss = 0.389569
Resolution factor 256: Relative L2 Loss = 0.327356
Resolution factor 512: Relative L2 Loss = 0.292202

Evaluation plots saved to: figures/5562039
Wandb run: https://wandb.ai/rohanvk-carnegie-mellon-university/unet1d/runs/she9vb34
Job completed at Sun Sep 21 17:34:30 EDT 2025
