Job started on babel-3-13 at Thu Apr  3 08:27:30 EDT 2025
Job ID: 4498588
Using device: cuda
[2025-04-03 08:27:33,709][root][INFO] - model:
  _target_: models.ffno.FFNO1D
  in_channels: 1
  out_channels: 1
  width: 32
  n_modes: 16
  factor: 4
  n_layers: 4
  ff_weight_norm: true
  n_ff_layers: 2
  layer_norm: false
  grid: null
  dropout: 0.0
  mode: full
dataset:
  reduced_batch: 1
  reduced_resolution: 2
  reduced_resolution_t: 4
  pde: burger_4.0
  data_path1: data/pdebench/1D_Burgers_Sols_Nu4.0.hdf5
training:
  batch_size: 64
  epochs: 100
  learning_rate: 0.001
  use_normalizer: false
project_name: ${dataset.pde}_${hydra:runtime.choices.model}
checkpoint_dir: checkpoints

Project name: burger_4.0_ffno_1d/ffno_1d
Model name: models.ffno.FFNO1D
PDE Dataset: burger_4.0
Loading from file: /home/rvk/data/pdebench/1D_Burgers_Sols_Nu4.0.hdf5
(10000, 201, 1024)
Total data shape: (10000, 51, 512)
x shape: (490000, 1, 512)
y shape: (490000, 1, 512)
grid shape: torch.Size([512, 1])
---------Using data normalizer---------------
Train dataset size: 392000
Validation dataset size: 49000
Test dataset size: 49000
<class 'torch.Tensor'> 0.008376171812415123 0.008376555517315865 0.9031677842140198 0.9031959772109985
Sample Input shape: torch.Size([64, 1, 512])
Sample Output shape: torch.Size([64, 1, 512])
FFNO1D(
  (in_proj): WNLinear(in_features=2, out_features=32, bias=True)
  (fourier_layers): ModuleList(
    (0-3): 4 x FSpectralConv1d(
      (fourier_weight): ParameterList(  (0): Parameter containing: [torch.float32 of size 32x32x16x2 (cuda:0)])
      (backcast_ff): FeedForward(
        (layers): ModuleList(
          (0): Sequential(
            (0): Linear(in_features=32, out_features=128, bias=True)
            (1): Dropout(p=0.0, inplace=False)
            (2): GELU(approximate='none')
            (3): Identity()
          )
          (1): Sequential(
            (0): Linear(in_features=128, out_features=32, bias=True)
            (1): Dropout(p=0.0, inplace=False)
            (2): Identity()
            (3): Identity()
          )
        )
      )
      (act): Identity()
    )
  )
  (out_proj): WNLinear(in_features=32, out_features=1, bias=True)
)
Epoch 0, Train Loss: 0.12991870, Val Loss: 0.24446647
Epoch 10, Train Loss: 0.01442936, Val Loss: 0.04461383
Epoch 20, Train Loss: 0.00937979, Val Loss: 0.01512394
Epoch 30, Train Loss: 0.00739802, Val Loss: 0.00114533
Epoch 40, Train Loss: 0.00595839, Val Loss: 0.00052006
Epoch 50, Train Loss: 0.00463491, Val Loss: 0.00433254
Epoch 60, Train Loss: 0.00320030, Val Loss: 0.00076739
Epoch 70, Train Loss: 0.00196408, Val Loss: 0.00081559
Epoch 80, Train Loss: 0.00100694, Val Loss: 0.00021833
Epoch 90, Train Loss: 0.00033469, Val Loss: 0.00024034
Test L2 Loss: 0.000220
-----Visualizing Saved------
Figure saved to output_logs/predictions/burger_4.0_fno_4498588_predictions.png
Model saved to checkpoints/ffno1d/burger_4.0_4498588.pt
Original test data shape: x=torch.Size([49000, 1, 512]), y=torch.Size([49000, 1, 512])

Evaluating at resolution factor: 1
Resolution factor 1 - Relative L2 Loss: 0.000220

Evaluating at resolution factor: 2
Downsampled shapes: x=torch.Size([49000, 1, 256]), y=torch.Size([49000, 1, 256])
Resolution factor 2 - Relative L2 Loss: 0.000232

Evaluating at resolution factor: 4
Downsampled shapes: x=torch.Size([49000, 1, 128]), y=torch.Size([49000, 1, 128])
Resolution factor 4 - Relative L2 Loss: 0.000232

Evaluating at resolution factor: 8
Downsampled shapes: x=torch.Size([49000, 1, 64]), y=torch.Size([49000, 1, 64])
Resolution factor 8 - Relative L2 Loss: 0.000234

Evaluating at resolution factor: 16
Downsampled shapes: x=torch.Size([49000, 1, 32]), y=torch.Size([49000, 1, 32])
Resolution factor 16 - Relative L2 Loss: 0.000268

Evaluating at resolution factor: 32
Downsampled shapes: x=torch.Size([49000, 1, 16]), y=torch.Size([49000, 1, 16])
Skipping Resolution factor 32 because not enough modes

Summary of Super-Resolution Evaluation:
Resolution factor 1: Relative L2 Loss = 0.000220
Resolution factor 2: Relative L2 Loss = 0.000232
Resolution factor 4: Relative L2 Loss = 0.000232
Resolution factor 8: Relative L2 Loss = 0.000234
Resolution factor 16: Relative L2 Loss = 0.000268
[1;34mwandb[0m: 
[1;34mwandb[0m: 🚀 View run [33miconic-armadillo-54[0m at: [34mhttps://wandb.ai/rohanvk-carnegie-mellon-university/ffno1d/runs/abryvfo1[0m
[1;34mwandb[0m: Find logs at: [1;35mwandb/run-20250403_082752-abryvfo1/logs[0m
Job completed at Thu Apr  3 09:49:22 EDT 2025
