Job started on babel-7-17 at Fri Jun 27 18:13:38 EDT 2025
Job ID: 5162973
GPU information:
Fri Jun 27 18:13:38 2025       
+-----------------------------------------------------------------------------------------+
| NVIDIA-SMI 575.51.03              Driver Version: 575.51.03      CUDA Version: 12.9     |
|-----------------------------------------+------------------------+----------------------+
| GPU  Name                 Persistence-M | Bus-Id          Disp.A | Volatile Uncorr. ECC |
| Fan  Temp   Perf          Pwr:Usage/Cap |           Memory-Usage | GPU-Util  Compute M. |
|                                         |                        |               MIG M. |
|=========================================+========================+======================|
|   0  NVIDIA RTX A6000               On  |   00000000:B3:00.0 Off |                  Off |
| 30%   33C    P8             25W /  300W |       1MiB /  49140MiB |      0%      Default |
|                                         |                        |                  N/A |
+-----------------------------------------+------------------------+----------------------+
|   1  NVIDIA RTX A6000               On  |   00000000:B4:00.0 Off |                  Off |
| 30%   32C    P8             23W /  300W |       1MiB /  49140MiB |      0%      Default |
|                                         |                        |                  N/A |
+-----------------------------------------+------------------------+----------------------+
                                                                                         
+-----------------------------------------------------------------------------------------+
| Processes:                                                                              |
|  GPU   GI   CI              PID   Type   Process name                        GPU Memory |
|        ID   ID                                                               Usage      |
|=========================================================================================|
|  No running processes found                                                             |
+-----------------------------------------------------------------------------------------+
CUDA devices:
CUDA_VISIBLE_DEVICES: 0,1
Using device: cuda
[2025-06-27 18:14:17,514][root][INFO] - model:
  _target_: models.ffno.FFNO2D
  in_channels: 1
  out_channels: 1
  width: 64
  factor: 4
  n_modes: 16
  n_layers: 8
  dropout: 0.1
  mode: full
  ff_weight_norm: true
  n_ff_layers: 2
  layer_norm: true
  use_grid: false
dataset:
  reduced_batch: 1
  reduced_resolution: 16
  reduced_resolution_t: 1
  window_size: 15
  original_res: 512
  train_resolution: 32
  multi_res:
  - 4
  - 8
  s: 32
  train_mres: false
  pde: navier_stokes_0
  data_path1: /data/user_data/rvk/ns_512_1e-4.mat
training:
  batch_size: 16
  epochs: 100
  learning_rate: 0.001
  use_normalizer: false
project_name: ${dataset.pde}_${hydra:runtime.choices.model}
checkpoint_dir: checkpoints

Project name: navier_stokes_0_ffno_2d/ns_ffno_2d
Model name: models.ffno.FFNO2D
PDE Dataset: navier_stokes_0
Model: ffno2d
Loading from file: /data/user_data/rvk/ns_512_1e-4.mat
a shape: (20, 512, 512)
u shape: (20, 512, 512, 200)
t shape: (1, 200)
Combined data shape: (20, 512, 512, 201)
Reshaped data shape: (20, 201, 512, 512, 1)
Grid shape: torch.Size([512, 512, 2])
Current Spatial Size: 512
Downsampling from 512x512 to 32x32
Data shape after downsampling: (20, 201, 32, 32, 1)
x shape: torch.Size([4000, 1, 32, 32])
y shape: torch.Size([4000, 1, 32, 32])
grid shape: torch.Size([32, 32, 2])
---------Computing min-max normalization statistics---------------
Input data range: [-5.950825, 5.702611]
Output data range: [-5.951666, 5.720636]
Train dataset size: 3200
Validation dataset size: 400
Test dataset size: 400
<class 'torch.Tensor'> 0.5106498003005981 0.509896457195282 0.12633362412452698 0.12635444104671478
FFNO2D(
  (in_proj): WNLinear(in_features=1, out_features=64, bias=True)
  (fourier_layers): ModuleList(
    (0-7): 8 x FSpectralConv2d(
      (fourier_weight): ParameterList(
          (0): Parameter containing: [torch.float32 of size 64x64x16x2 (GPU 0)]
          (1): Parameter containing: [torch.float32 of size 64x64x16x2 (GPU 0)]
      )
      (backcast_ff): FeedForward(
        (layers): ModuleList(
          (0): Sequential(
            (0): Linear(in_features=64, out_features=256, bias=True)
            (1): Dropout(p=0.1, inplace=False)
            (2): GELU(approximate='none')
            (3): Identity()
          )
          (1): Sequential(
            (0): Linear(in_features=256, out_features=64, bias=True)
            (1): Dropout(p=0.1, inplace=False)
            (2): Identity()
            (3): LayerNorm((64,), eps=1e-05, elementwise_affine=True)
          )
        )
      )
    )
  )
  (out_proj): WNLinear(in_features=64, out_features=1, bias=True)
)
Total Model Parameters: 2.36M
Trainable Parameters: 2.36M
Epoch 0, Train Loss: 0.69489767, Val Loss: 0.03859959
Epoch 10, Train Loss: 0.02760478, Val Loss: 0.02321124
Epoch 20, Train Loss: 0.02306343, Val Loss: 0.04904448
Epoch 30, Train Loss: 0.01129902, Val Loss: 0.02544233
Epoch 40, Train Loss: 0.01023908, Val Loss: 0.02378746
Epoch 50, Train Loss: 0.00770619, Val Loss: 0.02118929
Epoch 60, Train Loss: 0.00730729, Val Loss: 0.01713107
Epoch 70, Train Loss: 0.00693755, Val Loss: 0.01461632
Epoch 80, Train Loss: 0.00596515, Val Loss: 0.01487919
Epoch 90, Train Loss: 0.00581043, Val Loss: 0.01275342
Test L2 Loss: 0.073596
Model saved to checkpoints/ffno2d/navier_stokes_0_5162973.pt
Using provided normalization statistics from training resolution 32:
  Input range: [-5.950825, 5.702611]
  Output range: [-5.951666, 5.720636]
Testing resolutions: [32, 64, 128, 256, 512]
Loading from file: /data/user_data/rvk/ns_512_1e-4.mat
a shape: (20, 512, 512)
u shape: (20, 512, 512, 200)
t shape: (1, 200)
Combined data shape: (20, 512, 512, 201)
Reshaped data shape: (20, 201, 512, 512, 1)
Grid shape: torch.Size([512, 512, 2])
Current Spatial Size: 512
Downsampling from 512x512 to 32x32
Data shape after downsampling: (20, 201, 32, 32, 1)
x shape: torch.Size([4000, 1, 32, 32])
y shape: torch.Size([4000, 1, 32, 32])
grid shape: torch.Size([32, 32, 2])
Train dataset size: 3200
Validation dataset size: 400
Test dataset size: 400
Resolution 32 - Relative L2 Loss: 0.073596
Loading from file: /data/user_data/rvk/ns_512_1e-4.mat
a shape: (20, 512, 512)
u shape: (20, 512, 512, 200)
t shape: (1, 200)
Combined data shape: (20, 512, 512, 201)
Reshaped data shape: (20, 201, 512, 512, 1)
Grid shape: torch.Size([512, 512, 2])
Current Spatial Size: 512
Downsampling from 512x512 to 64x64
Data shape after downsampling: (20, 201, 64, 64, 1)
x shape: torch.Size([4000, 1, 64, 64])
y shape: torch.Size([4000, 1, 64, 64])
grid shape: torch.Size([64, 64, 2])
Train dataset size: 3200
Validation dataset size: 400
Test dataset size: 400
Resolution 64 - Relative L2 Loss: 0.077571
Loading from file: /data/user_data/rvk/ns_512_1e-4.mat
a shape: (20, 512, 512)
u shape: (20, 512, 512, 200)
t shape: (1, 200)
Combined data shape: (20, 512, 512, 201)
Reshaped data shape: (20, 201, 512, 512, 1)
Grid shape: torch.Size([512, 512, 2])
Current Spatial Size: 512
Downsampling from 512x512 to 128x128
Data shape after downsampling: (20, 201, 128, 128, 1)
x shape: torch.Size([4000, 1, 128, 128])
y shape: torch.Size([4000, 1, 128, 128])
grid shape: torch.Size([128, 128, 2])
Train dataset size: 3200
Validation dataset size: 400
Test dataset size: 400
Resolution 128 - Relative L2 Loss: 0.077589
Loading from file: /data/user_data/rvk/ns_512_1e-4.mat
a shape: (20, 512, 512)
u shape: (20, 512, 512, 200)
t shape: (1, 200)
Combined data shape: (20, 512, 512, 201)
Reshaped data shape: (20, 201, 512, 512, 1)
Grid shape: torch.Size([512, 512, 2])
Current Spatial Size: 512
Downsampling from 512x512 to 256x256
Data shape after downsampling: (20, 201, 256, 256, 1)
x shape: torch.Size([4000, 1, 256, 256])
y shape: torch.Size([4000, 1, 256, 256])
grid shape: torch.Size([256, 256, 2])
Train dataset size: 3200
Validation dataset size: 400
Test dataset size: 400
Resolution 256 - Relative L2 Loss: 0.077592
Loading from file: /data/user_data/rvk/ns_512_1e-4.mat
a shape: (20, 512, 512)
u shape: (20, 512, 512, 200)
t shape: (1, 200)
Combined data shape: (20, 512, 512, 201)
Reshaped data shape: (20, 201, 512, 512, 1)
Grid shape: torch.Size([512, 512, 2])
Current Spatial Size: 512
x shape: torch.Size([4000, 1, 512, 512])
y shape: torch.Size([4000, 1, 512, 512])
grid shape: torch.Size([512, 512, 2])
Train dataset size: 3200
Validation dataset size: 400
Test dataset size: 400
Resolution 512 - Relative L2 Loss: 0.077589

==================================================
EVALUATION SUMMARY
==================================================
Resolution  32: 0.073596
Resolution  64: 0.077571
Resolution 128: 0.077589
Resolution 256: 0.077592
Resolution 512: 0.077589

Summary of Super-Resolution Evaluation:
Resolution factor 32: Relative L2 Loss = 0.073596
Resolution factor 64: Relative L2 Loss = 0.077571
Resolution factor 128: Relative L2 Loss = 0.077589
Resolution factor 256: Relative L2 Loss = 0.077592
Resolution factor 512: Relative L2 Loss = 0.077589
Job completed at Fri Jun 27 18:25:13 EDT 2025
