Job started on babel-3-17 at Fri Aug 15 00:35:23 EDT 2025
Job ID: 5325296
GPU information:
Fri Aug 15 00:35:23 2025       
+-----------------------------------------------------------------------------------------+
| NVIDIA-SMI 575.51.03              Driver Version: 575.51.03      CUDA Version: 12.9     |
|-----------------------------------------+------------------------+----------------------+
| GPU  Name                 Persistence-M | Bus-Id          Disp.A | Volatile Uncorr. ECC |
| Fan  Temp   Perf          Pwr:Usage/Cap |           Memory-Usage | GPU-Util  Compute M. |
|                                         |                        |               MIG M. |
|=========================================+========================+======================|
|   0  NVIDIA L40S                    On  |   00000000:D5:00.0 Off |                    0 |
| N/A   29C    P8             32W /  350W |       0MiB /  46068MiB |      0%      Default |
|                                         |                        |                  N/A |
+-----------------------------------------+------------------------+----------------------+
|   1  NVIDIA L40S                    On  |   00000000:D6:00.0 Off |                    0 |
| N/A   26C    P8             31W /  350W |       0MiB /  46068MiB |      0%      Default |
|                                         |                        |                  N/A |
+-----------------------------------------+------------------------+----------------------+
                                                                                         
+-----------------------------------------------------------------------------------------+
| Processes:                                                                              |
|  GPU   GI   CI              PID   Type   Process name                        GPU Memory |
|        ID   ID                                                               Usage      |
|=========================================================================================|
|  No running processes found                                                             |
+-----------------------------------------------------------------------------------------+
CUDA devices:
CUDA_VISIBLE_DEVICES: 0,1
Using device: cuda
[2025-08-15 00:35:30,743][root][INFO] - model:
  _target_: models.ffno.FFNO1D
  in_channels: 1
  out_channels: 1
  factor: 4
  n_modes: 16
  width: 128
  n_layers: 4
  ff_weight_norm: true
  n_ff_layers: 3
  layer_norm: true
  dropout: 0.1
  mode: full
  activation: gelu
  use_grid: true
dataset:
  dataset_params:
    _target_: dataloaders.cno_burger_multires.burger_multires_markov_dataset
    filename: 1D_Burgers_Sols_Nu0.001.hdf5
    saved_folder: /data/user_data/rvk/data/pdebench/
    reduced_batch: 16
    reduced_resolution: 1
    reduced_resolution_t: 1
    s: 32
    add_res: 1024
    num_add_res_samples: 200
    data_normalizer: true
    normalization_type: simple
    num_samples_max: -1
    eval_dataset_target: dataloaders.cno_burger_markov.burger_markov_dataset
  resize_to_train: false
  window_size: 15
  original_res: 1024
  max_test_resolution: 1024
  multi_res:
  - 1
  - 16
  train_mres: true
  pde: ks
training:
  batch_size: 64
  epochs: 1
  learning_rate: 0.001
  use_normalizer: false
project_name: ${dataset.pde}_${hydra:runtime.choices.model}
checkpoint_dir: checkpoints

Project name: ks_ffno_1d/ffno_1d
Model name: models.ffno.FFNO1D
PDE Dataset: ks
---------------------
Loading from file: /data/user_data/rvk/data/pdebench/1D_Burgers_Sols_Nu0.001.hdf5
Original data shape: (10000, 201, 1024)
Original grid shape: torch.Size([1024, 1])
Data shape after batch/time reduction: (625, 201, 1024)
Original Spatial Size: 1024
Resizing from 1024 to 32
Downsampling using FFT-based downsample_1d function
Data shape after resizing: (625, 201, 32)
Updated grid shape: torch.Size([32, 1])
Generating multi-resolution data with additional resolutions: 1024
Generating 160 additional samples at resolutions [1024] for train split
Generating data at resolution 1024
Resolution 1024 matches current spatial size 1024, no resize needed
Generated 160 samples at resolution 1024
Total additional multi-resolution datasets: 1
Generated 1 additional resolution datasets
Total samples: 156215
Sample spatial dimensions: [(1, 32), (1, 32), (1, 32)]
grid shape: torch.Size([32, 1])
---------Using simple global normalization---------------
Global statistics: X(mean=-0.079322, std=0.655223), Y(mean=-0.079322, std=0.654169)
Computed from 124972 samples
Train dataset size: 124972
Validation dataset size: 15621
Test dataset size: 15622
Multi-resolution training enabled with additional resolutions: 1024
Additional samples per resolution: 200
Distribution: Train=160, Val=20, Test=20
<dataloaders.cno_burger_multires.burger_multires_markov_dataset.<locals>.SimpleNormalizedDataset object at 0x145fdcf83c50>
Created resolution groups:
  Resolution 32: 99474 samples
  Resolution 1024: 25498 samples
Created resolution groups:
  Resolution 32: 12400 samples
  Resolution 1024: 3221 samples
Created resolution groups:
  Resolution 32: 12501 samples
  Resolution 1024: 3121 samples
<class 'torch.Tensor'> 0.017478277906775475 0.017506448552012444 0.9805182218551636 0.9803627133369446
FFNO1D(
  (in_proj): WNLinear(in_features=1, out_features=128, bias=True)
  (fourier_layers): ModuleList(
    (0-3): 4 x FSpectralConv1d(
      (fourier_weight): ParameterList(  (0): Parameter containing: [torch.float32 of size 128x128x16x2 (cuda:0)])
      (backcast_ff): FeedForward(
        (layers): ModuleList(
          (0): Sequential(
            (0): Linear(in_features=128, out_features=512, bias=True)
            (1): Dropout(p=0.1, inplace=False)
            (2): GELU(approximate='none')
            (3): Identity()
          )
          (1): Sequential(
            (0): Linear(in_features=512, out_features=512, bias=True)
            (1): Dropout(p=0.1, inplace=False)
            (2): GELU(approximate='none')
            (3): Identity()
          )
          (2): Sequential(
            (0): Linear(in_features=512, out_features=128, bias=True)
            (1): Dropout(p=0.1, inplace=False)
            (2): Identity()
            (3): LayerNorm((128,), eps=1e-05, elementwise_affine=True)
          )
        )
      )
    )
  )
  (out_proj): WNLinear(in_features=128, out_features=1, bias=True)
)
Total Model Parameters: 3.68M
Trainable Parameters: 3.68M
Epoch 0, Train Loss: 0.08194928, Val Loss: 0.01382287
Test L2 Loss: 0.013283
Model saved to checkpoints/ffno1d/ks_5325296.pt
Created/verified figures directory: figures/5325296
Evaluating KS model at multiple resolutions
Using simple normalization from training resolution 32
Resize mode: OFF - direct evaluation at test resolution
  Using provided normalizers from training
Testing resolutions: [32, 64, 128, 256, 512, 1024]
Loading from file: /data/user_data/rvk/data/pdebench/1D_Burgers_Sols_Nu0.001.hdf5
Original data shape: (10000, 201, 1024)
Original grid shape: torch.Size([1024, 1])
Data shape after batch/time reduction: (625, 201, 1024)
Current Spatial Size: 1024
Resizing from 1024 to 32
Downsampling using FFT-based downsample_1d function
Data shape after resizing: (625, 201, 32)
Updated grid shape: torch.Size([32, 1])
x shape: (124375, 1, 32)
y shape: (124375, 1, 32)
grid shape: torch.Size([32, 1])
Train dataset size: 99500
Validation dataset size: 12437
Test dataset size: 12438
Selected random indices for plotting: [5151, 9395, 11217, 4966, 3819, 10903, 3238, 4324, 6101, 9224]
Collected 10 examples for resolution 32
Resolution 32 (direct evaluation) - Relative L2 Loss: 0.010534
Memory cleaned after resolution 32
Loading from file: /data/user_data/rvk/data/pdebench/1D_Burgers_Sols_Nu0.001.hdf5
Original data shape: (10000, 201, 1024)
Original grid shape: torch.Size([1024, 1])
Data shape after batch/time reduction: (625, 201, 1024)
Current Spatial Size: 1024
Resizing from 1024 to 64
Downsampling using FFT-based downsample_1d function
Data shape after resizing: (625, 201, 64)
Updated grid shape: torch.Size([64, 1])
x shape: (124375, 1, 64)
y shape: (124375, 1, 64)
grid shape: torch.Size([64, 1])
Train dataset size: 99500
Validation dataset size: 12437
Test dataset size: 12438
Collected 10 examples for resolution 64
Resolution 64 (direct evaluation) - Relative L2 Loss: 0.021062
Memory cleaned after resolution 64
Loading from file: /data/user_data/rvk/data/pdebench/1D_Burgers_Sols_Nu0.001.hdf5
Original data shape: (10000, 201, 1024)
Original grid shape: torch.Size([1024, 1])
Data shape after batch/time reduction: (625, 201, 1024)
Current Spatial Size: 1024
Resizing from 1024 to 128
Downsampling using FFT-based downsample_1d function
Data shape after resizing: (625, 201, 128)
Updated grid shape: torch.Size([128, 1])
x shape: (124375, 1, 128)
y shape: (124375, 1, 128)
grid shape: torch.Size([128, 1])
Train dataset size: 99500
Validation dataset size: 12437
Test dataset size: 12438
Collected 10 examples for resolution 128
Resolution 128 (direct evaluation) - Relative L2 Loss: 0.024005
Memory cleaned after resolution 128
Loading from file: /data/user_data/rvk/data/pdebench/1D_Burgers_Sols_Nu0.001.hdf5
Original data shape: (10000, 201, 1024)
Original grid shape: torch.Size([1024, 1])
Data shape after batch/time reduction: (625, 201, 1024)
Current Spatial Size: 1024
Resizing from 1024 to 256
Downsampling using FFT-based downsample_1d function
Data shape after resizing: (625, 201, 256)
Updated grid shape: torch.Size([256, 1])
x shape: (124375, 1, 256)
y shape: (124375, 1, 256)
grid shape: torch.Size([256, 1])
Train dataset size: 99500
Validation dataset size: 12437
Test dataset size: 12438
Collected 10 examples for resolution 256
Resolution 256 (direct evaluation) - Relative L2 Loss: 0.023666
Memory cleaned after resolution 256
Loading from file: /data/user_data/rvk/data/pdebench/1D_Burgers_Sols_Nu0.001.hdf5
Original data shape: (10000, 201, 1024)
Original grid shape: torch.Size([1024, 1])
Data shape after batch/time reduction: (625, 201, 1024)
Current Spatial Size: 1024
Resizing from 1024 to 512
Downsampling using FFT-based downsample_1d function
Data shape after resizing: (625, 201, 512)
Updated grid shape: torch.Size([512, 1])
x shape: (124375, 1, 512)
y shape: (124375, 1, 512)
grid shape: torch.Size([512, 1])
Train dataset size: 99500
Validation dataset size: 12437
Test dataset size: 12438
Collected 10 examples for resolution 512
Resolution 512 (direct evaluation) - Relative L2 Loss: 0.023790
Memory cleaned after resolution 512
Loading from file: /data/user_data/rvk/data/pdebench/1D_Burgers_Sols_Nu0.001.hdf5
Original data shape: (10000, 201, 1024)
Original grid shape: torch.Size([1024, 1])
Data shape after batch/time reduction: (625, 201, 1024)
Current Spatial Size: 1024
x shape: (124375, 1, 1024)
y shape: (124375, 1, 1024)
grid shape: torch.Size([1024, 1])
Train dataset size: 99500
Validation dataset size: 12437
Test dataset size: 12438
Collected 10 examples for resolution 1024
Resolution 1024 (direct evaluation) - Relative L2 Loss: 0.024491
Memory cleaned after resolution 1024
Creating prediction vs target plots...
Saved prediction plot: figures/5325296/prediction_plots/ks_predictions_vs_targets_10_examples.png
Saved numerical results: figures/5325296/ks_1d_evaluation_results_20250815_003703.csv
Saved summary: figures/5325296/ks_1d_evaluation_summary_20250815_003703.txt

==================================================
KS EVALUATION SUMMARY
==================================================
Resolution  32: 0.010534
Resolution  64: 0.021062
Resolution 128: 0.024005
Resolution 256: 0.023666
Resolution 512: 0.023790
Resolution 1024: 0.024491

Summary of Super-Resolution Evaluation:
Resolution factor 32: Relative L2 Loss = 0.010534
Resolution factor 64: Relative L2 Loss = 0.021062
Resolution factor 128: Relative L2 Loss = 0.024005
Resolution factor 256: Relative L2 Loss = 0.023666
Resolution factor 512: Relative L2 Loss = 0.023790
Resolution factor 1024: Relative L2 Loss = 0.024491

Evaluation plots saved to: figures/5325296
Wandb run: https://wandb.ai/rohanvk-carnegie-mellon-university/ffno1d/runs/8lke4ofn
Job completed at Fri Aug 15 00:37:08 EDT 2025
