Job started on babel-15-36 at Thu May 22 11:27:29 EDT 2025
Job ID: 4920869
Using device: cuda
[2025-05-22 11:27:33,488][root][INFO] - model:
  _target_: models.s4_2d.S4NDModel
  d_input: 15
  d_output: 3
  d_model: 64
  n_layers: 4
  dropout: 0.2
  prenorm: false
dataset:
  reduced_batch: 1
  reduced_resolution: 16
  reduced_resolution_t: 1
  window_size: 15
  original_res: 512
  pde: navier_stokes_0
  data_path1: data/pdebench/ns_incom_inhom_2d_512-100.hdf5
training:
  batch_size: 8
  epochs: 100
  learning_rate: 0.001
  use_normalizer: false
project_name: ${dataset.pde}_${hydra:runtime.choices.model}
checkpoint_dir: checkpoints

Project name: navier_stokes_0_s4_2d/s4_2d
Model name: models.s4_2d.S4NDModel
PDE Dataset: navier_stokes_0
Loading from file: /home/rvk/data/pdebench/ns_incom_inhom_2d_512-100.hdf5
Available keys: ['force', 'particles', 't', 'velocity']
Velocity data shape: (4, 1000, 512, 512, 2)
Particles data shape: (4, 1000, 512, 512, 1)
Time data shape: (4, 1000)
Combined data shape: (4, 1000, 32, 32, 3)
x shape: torch.Size([3940, 45, 32, 32])
y shape: torch.Size([3940, 3, 32, 32])
---------Using data normalizer---------------
Train dataset size: 3152
Validation dataset size: 394
Test dataset size: 394
<class 'torch.Tensor'> -0.006462777964770794 -0.004847892094403505 1.0080256462097168 1.023939609527588
Sample Input shape: torch.Size([8, 45, 32, 32])
Sample Output shape: torch.Size([8, 3, 32, 32])
[2025-05-22 11:28:23,247][models.s4][WARNING] - CUDA extension for structured kernels (Cauchy and Vandermonde multiplication) not found. Install by going to extensions/kernels/ and running `python setup.py install`, for improved speed and memory efficiency. Note that the kernel changed for state-spaces 4.0 and must be recompiled.
[2025-05-22 11:28:23,247][models.s4][WARNING] - Falling back on slow Cauchy and Vandermonde kernel. Install at least one of pykeops or the CUDA extension for better speed and memory efficiency.
[2025-05-22 11:28:23,251][models.s4nd][WARNING] - CUDA extension for structured kernels (Cauchy and Vandermonde multiplication) not found. Install by going to extensions/kernels/ and running `python setup.py install`, for improved speed and memory efficiency. Note that the kernel changed for state-spaces 4.0 and must be recompiled.
[2025-05-22 11:28:23,251][models.s4nd][WARNING] - Falling back on slow Cauchy and Vandermonde kernel. Install at least one of pykeops or the CUDA extension for better speed and memory efficiency.
Job completed at Thu May 22 11:47:34 EDT 2025
