Job started on babel-10-17 at Thu Sep  4 00:38:52 EDT 2025
Job ID: 5433083
GPU information:
Thu Sep  4 00:38:52 2025       
+-----------------------------------------------------------------------------------------+
| NVIDIA-SMI 575.51.03              Driver Version: 575.51.03      CUDA Version: 12.9     |
|-----------------------------------------+------------------------+----------------------+
| GPU  Name                 Persistence-M | Bus-Id          Disp.A | Volatile Uncorr. ECC |
| Fan  Temp   Perf          Pwr:Usage/Cap |           Memory-Usage | GPU-Util  Compute M. |
|                                         |                        |               MIG M. |
|=========================================+========================+======================|
|   0  NVIDIA RTX 6000 Ada Gene...    On  |   00000000:01:00.0 Off |                  Off |
| 30%   40C    P8             28W /  300W |       2MiB /  49140MiB |      0%      Default |
|                                         |                        |                  N/A |
+-----------------------------------------+------------------------+----------------------+
|   1  NVIDIA RTX 6000 Ada Gene...    On  |   00000000:E1:00.0 Off |                  Off |
| 30%   31C    P8             22W /  300W |       2MiB /  49140MiB |      0%      Default |
|                                         |                        |                  N/A |
+-----------------------------------------+------------------------+----------------------+
                                                                                         
+-----------------------------------------------------------------------------------------+
| Processes:                                                                              |
|  GPU   GI   CI              PID   Type   Process name                        GPU Memory |
|        ID   ID                                                               Usage      |
|=========================================================================================|
|  No running processes found                                                             |
+-----------------------------------------------------------------------------------------+
CUDA devices:
CUDA_VISIBLE_DEVICES: 0,1
/home/rvk
Using device: cuda
[2025-09-04 00:38:59,094][root][INFO] - model:
  _target_: models.ffno.FFNO1D
  in_channels: 1
  out_channels: 1
  factor: 4
  n_modes: 16
  width: 128
  n_layers: 4
  ff_weight_norm: true
  n_ff_layers: 3
  layer_norm: true
  dropout: 0.1
  mode: full
  activation: gelu
  use_grid: true
dataset:
  dataset_params:
    _target_: dataloaders.burger_naive_true_multires.burger_true_multires_markov_dataset
    filename_pattern: 1D_Burgers_Sols_Nu*.hdf5
    saved_folder: /data/user_data/rvk/pdebench_gen/
    viscosity: 0.001
    reduced_batch: 1
    reduced_resolution_t: 1
    data_mres_size:
      1024: 625
      512: 0
      256: 0
      128: 0
    add_res:
    - 32
    - 64
    add_res_samples:
      64: 0
      32: 0
    downsample_from_res: 1024
    data_normalizer: true
    normalization_type: simple
    num_samples_max: -1
    eval_dataset_target: dataloaders.burger_naive_markov.burger_markov_dataset
    eval_filename: 1D_Burgers_Sols_Nu0.001.hdf5
    eval_saved_folder: /data/user_data/rvk/pdebench_gen/burgers_1024_0.001/
  resize_to_train: false
  evaluation_type: naive_downsample
  window_size: 15
  original_res: 1024
  max_test_resolution: 1024
  train_mres: true
  pde: burger
training:
  batch_size: 64
  epochs: 100
  learning_rate: 0.001
  use_normalizer: false
project_name: ${dataset.pde}_${hydra:runtime.choices.model}
checkpoint_dir: checkpoints

Project name: burger_ffno_1d/ffno_1d
Model name: models.ffno.FFNO1D
PDE Dataset: burger
This is True Multi-Resolution Training. Train Resolution is the highest data resolution in the multi-resolution data
---------------------
Creating true multi-resolution dataset from /data/user_data/rvk/pdebench_gen/
Viscosity: 0.001
Target samples per resolution (from files): {1024: 625, 512: 0, 256: 0, 128: 0}
Additional downsampled resolutions: [32, 64]
Target samples per downsampled resolution: {64: 0, 32: 0}
Will downsample from resolution: 1024
Loading multi-resolution data from /data/user_data/rvk/pdebench_gen/
Viscosity: 0.001
Target samples per resolution (from files): {1024: 625, 512: 0, 256: 0, 128: 0}
Additional downsampled resolutions: [32, 64]
Target samples per downsampled resolution: {64: 0, 32: 0}
Will downsample from resolution: 1024
Loading resolution 1024 from /data/user_data/rvk/pdebench_gen/burgers_1024_0.001/1D_Burgers_Sols_Nu0.001.hdf5
  Original data shape for 1024: (10000, 201, 1024)
  After time reduction: (10000, 201, 1024)
  Split 'train' data shape: (8000, 201, 1024)
  Subsampled to 500 samples for train split
  Added 99500 sample pairs from resolution 1024
Adding downsampled resolutions: [32, 64]
Adding downsampled data from /data/user_data/rvk/pdebench_gen/burgers_1024_0.001/1D_Burgers_Sols_Nu0.001.hdf5
  No downsampled samples allocated for train split at resolution 32
  No downsampled samples allocated for train split at resolution 64
Total samples loaded: 99500
Resolution distribution:
  1024_file: 99500 samples
Sample x shapes: [(1, 1024), (1, 1024), (1, 1024)]
Sample y shapes: [(1, 1024), (1, 1024), (1, 1024)]
Loading multi-resolution data from /data/user_data/rvk/pdebench_gen/
Viscosity: 0.001
Target samples per resolution (from files): {1024: 625, 512: 0, 256: 0, 128: 0}
Additional downsampled resolutions: [32, 64]
Target samples per downsampled resolution: {64: 0, 32: 0}
Will downsample from resolution: 1024
Loading resolution 1024 from /data/user_data/rvk/pdebench_gen/burgers_1024_0.001/1D_Burgers_Sols_Nu0.001.hdf5
  Original data shape for 1024: (10000, 201, 1024)
  After time reduction: (10000, 201, 1024)
  Split 'val' data shape: (1000, 201, 1024)
  Subsampled to 62 samples for val split
  Added 12338 sample pairs from resolution 1024
Adding downsampled resolutions: [32, 64]
Adding downsampled data from /data/user_data/rvk/pdebench_gen/burgers_1024_0.001/1D_Burgers_Sols_Nu0.001.hdf5
  No downsampled samples allocated for val split at resolution 32
  No downsampled samples allocated for val split at resolution 64
Total samples loaded: 12338
Resolution distribution:
  1024_file: 12338 samples
Sample x shapes: [(1, 1024), (1, 1024), (1, 1024)]
Sample y shapes: [(1, 1024), (1, 1024), (1, 1024)]
Loading multi-resolution data from /data/user_data/rvk/pdebench_gen/
Viscosity: 0.001
Target samples per resolution (from files): {1024: 625, 512: 0, 256: 0, 128: 0}
Additional downsampled resolutions: [32, 64]
Target samples per downsampled resolution: {64: 0, 32: 0}
Will downsample from resolution: 1024
Loading resolution 1024 from /data/user_data/rvk/pdebench_gen/burgers_1024_0.001/1D_Burgers_Sols_Nu0.001.hdf5
  Original data shape for 1024: (10000, 201, 1024)
  After time reduction: (10000, 201, 1024)
  Split 'test' data shape: (1000, 201, 1024)
  Subsampled to 62 samples for test split
  Added 12338 sample pairs from resolution 1024
Adding downsampled resolutions: [32, 64]
Adding downsampled data from /data/user_data/rvk/pdebench_gen/burgers_1024_0.001/1D_Burgers_Sols_Nu0.001.hdf5
  No downsampled samples allocated for test split at resolution 32
  No downsampled samples allocated for test split at resolution 64
Total samples loaded: 12338
Resolution distribution:
  1024_file: 12338 samples
Sample x shapes: [(1, 1024), (1, 1024), (1, 1024)]
Sample y shapes: [(1, 1024), (1, 1024), (1, 1024)]
---------Using simple global normalization---------------
Global statistics: X(mean=0.005601, std=0.633688), Y(mean=0.005601, std=0.632653)

Final dataset sizes:
Train dataset size: 99500
Validation dataset size: 12338
Test dataset size: 12338
<dataloaders.burger_naive_true_multires.burger_true_multires_markov_dataset.<locals>.SimpleNormalizedDataset object at 0x14f12edf82d0>
Created resolution groups:
  Resolution 1024: 99500 samples
Created resolution groups:
  Resolution 1024: 12338 samples
Created resolution groups:
  Resolution 1024: 12338 samples
<class 'torch.Tensor'> 0.09079258143901825 0.09094103425741196 0.8705233335494995 0.8699654936790466
FFNO1D(
  (in_proj): WNLinear(in_features=1, out_features=128, bias=True)
  (fourier_layers): ModuleList(
    (0-3): 4 x FSpectralConv1d(
      (fourier_weight): ParameterList(  (0): Parameter containing: [torch.float32 of size 128x128x16x2 (cuda:0)])
      (backcast_ff): FeedForward(
        (layers): ModuleList(
          (0): Sequential(
            (0): Linear(in_features=128, out_features=512, bias=True)
            (1): Dropout(p=0.1, inplace=False)
            (2): GELU(approximate='none')
            (3): Identity()
          )
          (1): Sequential(
            (0): Linear(in_features=512, out_features=512, bias=True)
            (1): Dropout(p=0.1, inplace=False)
            (2): GELU(approximate='none')
            (3): Identity()
          )
          (2): Sequential(
            (0): Linear(in_features=512, out_features=128, bias=True)
            (1): Dropout(p=0.1, inplace=False)
            (2): Identity()
            (3): LayerNorm((128,), eps=1e-05, elementwise_affine=True)
          )
        )
      )
    )
  )
  (out_proj): WNLinear(in_features=128, out_features=1, bias=True)
)
Total Model Parameters: 3.68M
Trainable Parameters: 3.68M
Epoch 0, Train Loss: 0.09836200, Val Loss: 0.03589046
Epoch 10, Train Loss: 0.00691268, Val Loss: 0.00697637
Epoch 20, Train Loss: 0.00472598, Val Loss: 0.00567690
Epoch 30, Train Loss: 0.00386478, Val Loss: 0.00471648
Epoch 40, Train Loss: 0.00323378, Val Loss: 0.00391438
Epoch 50, Train Loss: 0.00280191, Val Loss: 0.00416512
Epoch 60, Train Loss: 0.00241961, Val Loss: 0.00340708
Epoch 70, Train Loss: 0.00211682, Val Loss: 0.00326376
Epoch 80, Train Loss: 0.00192192, Val Loss: 0.00319693
Epoch 90, Train Loss: 0.00181870, Val Loss: 0.00315243
Test L2 Loss: 0.003313
Model saved to checkpoints/ffno1d/burger_5433083.pt
Created/verified figures directory: figures/5433083
Evaluating BURGER model at multiple resolutions
Using normalizer from training resolution 1024
Testing resolutions: [32, 64, 128, 256, 512, 1024]
Loading from file: /data/user_data/rvk/pdebench_gen/burgers_1024_0.001/1D_Burgers_Sols_Nu0.001.hdf5
(10000, 201, 1024)
After downsampling data shape: (10000, 201, 32)
Total data shape: (10000, 201, 32)
x shape: (1990000, 1, 32)
y shape: (1990000, 1, 32)
grid shape: torch.Size([32, 1])
Train dataset size: 1592000
Validation dataset size: 199000
Test dataset size: 199000
Selected random indices for plotting: [35826, 117255, 121943, 142219, 91494, 85658, 33139, 173230, 90188, 168194]
Collected 10 examples for resolution 32
Resolution 32 (downsample factor: 32) - Relative L2 Loss: 0.036243
Memory cleaned after resolution 32


Loading from file: /data/user_data/rvk/pdebench_gen/burgers_1024_0.001/1D_Burgers_Sols_Nu0.001.hdf5
(10000, 201, 1024)
After downsampling data shape: (10000, 201, 64)
Total data shape: (10000, 201, 64)
x shape: (1990000, 1, 64)
y shape: (1990000, 1, 64)
grid shape: torch.Size([64, 1])
Train dataset size: 1592000
Validation dataset size: 199000
Test dataset size: 199000
Collected 10 examples for resolution 64
Resolution 64 (downsample factor: 16) - Relative L2 Loss: 0.026814
Memory cleaned after resolution 64


Loading from file: /data/user_data/rvk/pdebench_gen/burgers_1024_0.001/1D_Burgers_Sols_Nu0.001.hdf5
(10000, 201, 1024)
After downsampling data shape: (10000, 201, 128)
Total data shape: (10000, 201, 128)
x shape: (1990000, 1, 128)
y shape: (1990000, 1, 128)
grid shape: torch.Size([128, 1])
Train dataset size: 1592000
Validation dataset size: 199000
Test dataset size: 199000
Collected 10 examples for resolution 128
Resolution 128 (downsample factor: 8) - Relative L2 Loss: 0.011821
Memory cleaned after resolution 128


Loading from file: /data/user_data/rvk/pdebench_gen/burgers_1024_0.001/1D_Burgers_Sols_Nu0.001.hdf5
(10000, 201, 1024)
After downsampling data shape: (10000, 201, 256)
Total data shape: (10000, 201, 256)
x shape: (1990000, 1, 256)
y shape: (1990000, 1, 256)
grid shape: torch.Size([256, 1])
Train dataset size: 1592000
Validation dataset size: 199000
Test dataset size: 199000
Collected 10 examples for resolution 256
Resolution 256 (downsample factor: 4) - Relative L2 Loss: 0.004759
Memory cleaned after resolution 256


Loading from file: /data/user_data/rvk/pdebench_gen/burgers_1024_0.001/1D_Burgers_Sols_Nu0.001.hdf5
(10000, 201, 1024)
After downsampling data shape: (10000, 201, 512)
Total data shape: (10000, 201, 512)
x shape: (1990000, 1, 512)
y shape: (1990000, 1, 512)
grid shape: torch.Size([512, 1])
Train dataset size: 1592000
Validation dataset size: 199000
Test dataset size: 199000
Collected 10 examples for resolution 512
Resolution 512 (downsample factor: 2) - Relative L2 Loss: 0.003288
Memory cleaned after resolution 512


Loading from file: /data/user_data/rvk/pdebench_gen/burgers_1024_0.001/1D_Burgers_Sols_Nu0.001.hdf5
(10000, 201, 1024)
After downsampling data shape: (10000, 201, 1024)
Total data shape: (10000, 201, 1024)
x shape: (1990000, 1, 1024)
y shape: (1990000, 1, 1024)
grid shape: torch.Size([1024, 1])
Train dataset size: 1592000
Validation dataset size: 199000
Test dataset size: 199000
Collected 10 examples for resolution 1024
Resolution 1024 (downsample factor: 1) - Relative L2 Loss: 0.003171
Memory cleaned after resolution 1024


Creating prediction vs target plots...
Saved prediction plot: figures/5433083/prediction_plots/burger_predictions_vs_targets_10_examples.png
Saved numerical results: figures/5433083/burger_1d_evaluation_results_20250904_024446.csv
Saved summary: figures/5433083/burger_1d_evaluation_summary_20250904_024446.txt

==================================================
BURGER EVALUATION SUMMARY
==================================================
Resolution  32: 0.036243
Resolution  64: 0.026814
Resolution 128: 0.011821
Resolution 256: 0.004759
Resolution 512: 0.003288
Resolution 1024: 0.003171

Summary of Super-Resolution Evaluation:
Resolution factor 32: Relative L2 Loss = 0.036243
Resolution factor 64: Relative L2 Loss = 0.026814
Resolution factor 128: Relative L2 Loss = 0.011821
Resolution factor 256: Relative L2 Loss = 0.004759
Resolution factor 512: Relative L2 Loss = 0.003288
Resolution factor 1024: Relative L2 Loss = 0.003171

Evaluation plots saved to: figures/5433083
Wandb run: https://wandb.ai/rohanvk-carnegie-mellon-university/ffno1d/runs/1f9j6j7a
Job completed at Thu Sep  4 02:44:51 EDT 2025
