Job started on babel-4-29 at Fri Jun 20 14:36:22 EDT 2025
Job ID: 5137334
GPU information:
Fri Jun 20 14:36:22 2025       
+-----------------------------------------------------------------------------------------+
| NVIDIA-SMI 575.51.03              Driver Version: 575.51.03      CUDA Version: 12.9     |
|-----------------------------------------+------------------------+----------------------+
| GPU  Name                 Persistence-M | Bus-Id          Disp.A | Volatile Uncorr. ECC |
| Fan  Temp   Perf          Pwr:Usage/Cap |           Memory-Usage | GPU-Util  Compute M. |
|                                         |                        |               MIG M. |
|=========================================+========================+======================|
|   0  NVIDIA L40S                    On  |   00000000:01:00.0 Off |                    0 |
| N/A   52C    P8             38W /  350W |       0MiB /  46068MiB |      0%      Default |
|                                         |                        |                  N/A |
+-----------------------------------------+------------------------+----------------------+
|   1  NVIDIA L40S                    On  |   00000000:21:00.0 Off |                    0 |
| N/A   53C    P8             41W /  350W |       0MiB /  46068MiB |      0%      Default |
|                                         |                        |                  N/A |
+-----------------------------------------+------------------------+----------------------+
                                                                                         
+-----------------------------------------------------------------------------------------+
| Processes:                                                                              |
|  GPU   GI   CI              PID   Type   Process name                        GPU Memory |
|        ID   ID                                                               Usage      |
|=========================================================================================|
|  No running processes found                                                             |
+-----------------------------------------------------------------------------------------+
CUDA devices:
CUDA_VISIBLE_DEVICES: 0,1
Using device: cuda
[2025-06-20 14:36:27,081][root][INFO] - model:
  _target_: models.CNO2d.CNO2d
  in_dim: 3
  out_dim: 3
  N_layers: 1
  N_res: 4
  N_res_neck: 4
  channel_multiplier: 16
  use_bn: false
dataset:
  reduced_batch: 1
  reduced_resolution: 1
  reduced_resolution_t: 1
  window_size: 15
  original_res: 512
  train_resolution: 512
  multi_res:
  - 1
  - 4
  s: 512
  train_mres: false
  pde: navier_stokes_0
  data_path1: data/pdebench/ns_incom_inhom_2d_512-0.hdf5
training:
  batch_size: 2
  epochs: 1
  learning_rate: 0.001
  use_normalizer: false
project_name: ${dataset.pde}_${hydra:runtime.choices.model}
checkpoint_dir: checkpoints

Project name: navier_stokes_0_cno_2d/cno_2d
Model name: models.CNO2d.CNO2d
PDE Dataset: navier_stokes_0
Loading from file: /home/rvk/data/pdebench/ns_incom_inhom_2d_512-0.hdf5
Available keys: ['force', 'particles', 't', 'velocity']
Velocity data shape: (4, 1000, 512, 512, 2)
Particles data shape: (4, 1000, 512, 512, 1)
Combined data shape: (4, 1000, 512, 512, 3)
Current Spatial Size: 512
x shape: torch.Size([3992, 3, 512, 512])
y shape: torch.Size([3992, 3, 512, 512])
---------Computing min-max normalization statistics---------------
Input data range: [-2.759037, 2.506686]
Output data range: [-2.752234, 2.492671]
Train dataset size: 3193
Validation dataset size: 399
Test dataset size: 400
<class 'torch.Tensor'> 0.5246688723564148 0.5254554152488708 0.09587739408016205 0.09622360020875931
Sample Input shape: torch.Size([2, 3, 512, 512])
Sample Output shape: torch.Size([2, 3, 512, 512])
CNO2d(
  (lift): LiftProjectBlock(
    (inter_CNOBlock): CNOBlock(
      (convolution): Conv2d(3, 64, kernel_size=(3, 3), stride=(1, 1), padding=(1, 1))
      (batch_norm): Identity()
      (act): CNO_LReLu(
        (act): LeakyReLU(negative_slope=0.01)
      )
    )
    (convolution): Conv2d(64, 8, kernel_size=(3, 3), stride=(1, 1), padding=(1, 1))
  )
  (project): LiftProjectBlock(
    (inter_CNOBlock): CNOBlock(
      (convolution): Conv2d(16, 64, kernel_size=(3, 3), stride=(1, 1), padding=(1, 1))
      (batch_norm): Identity()
      (act): CNO_LReLu(
        (act): LeakyReLU(negative_slope=0.01)
      )
    )
    (convolution): Conv2d(64, 3, kernel_size=(3, 3), stride=(1, 1), padding=(1, 1))
  )
  (encoder): ModuleList(
    (0): CNOBlock(
      (convolution): Conv2d(8, 16, kernel_size=(3, 3), stride=(1, 1), padding=(1, 1))
      (batch_norm): Identity()
      (act): CNO_LReLu(
        (act): LeakyReLU(negative_slope=0.01)
      )
    )
  )
  (ED_expansion): ModuleList(
    (0): CNOBlock(
      (convolution): Conv2d(8, 8, kernel_size=(3, 3), stride=(1, 1), padding=(1, 1))
      (batch_norm): Identity()
      (act): CNO_LReLu(
        (act): LeakyReLU(negative_slope=0.01)
      )
    )
    (1): CNOBlock(
      (convolution): Conv2d(16, 16, kernel_size=(3, 3), stride=(1, 1), padding=(1, 1))
      (batch_norm): Identity()
      (act): CNO_LReLu(
        (act): LeakyReLU(negative_slope=0.01)
      )
    )
  )
  (decoder): ModuleList(
    (0): CNOBlock(
      (convolution): Conv2d(16, 8, kernel_size=(3, 3), stride=(1, 1), padding=(1, 1))
      (batch_norm): Identity()
      (act): CNO_LReLu(
        (act): LeakyReLU(negative_slope=0.01)
      )
    )
  )
  (res_net_neck): ResNet(
    (res_nets): Sequential(
      (0): ResidualBlock(
        (convolution1): Conv2d(16, 16, kernel_size=(3, 3), stride=(1, 1), padding=(1, 1))
        (convolution2): Conv2d(16, 16, kernel_size=(3, 3), stride=(1, 1), padding=(1, 1))
        (batch_norm1): Identity()
        (batch_norm2): Identity()
        (act): CNO_LReLu(
          (act): LeakyReLU(negative_slope=0.01)
        )
      )
      (1): ResidualBlock(
        (convolution1): Conv2d(16, 16, kernel_size=(3, 3), stride=(1, 1), padding=(1, 1))
        (convolution2): Conv2d(16, 16, kernel_size=(3, 3), stride=(1, 1), padding=(1, 1))
        (batch_norm1): Identity()
        (batch_norm2): Identity()
        (act): CNO_LReLu(
          (act): LeakyReLU(negative_slope=0.01)
        )
      )
      (2): ResidualBlock(
        (convolution1): Conv2d(16, 16, kernel_size=(3, 3), stride=(1, 1), padding=(1, 1))
        (convolution2): Conv2d(16, 16, kernel_size=(3, 3), stride=(1, 1), padding=(1, 1))
        (batch_norm1): Identity()
        (batch_norm2): Identity()
        (act): CNO_LReLu(
          (act): LeakyReLU(negative_slope=0.01)
        )
      )
      (3): ResidualBlock(
        (convolution1): Conv2d(16, 16, kernel_size=(3, 3), stride=(1, 1), padding=(1, 1))
        (convolution2): Conv2d(16, 16, kernel_size=(3, 3), stride=(1, 1), padding=(1, 1))
        (batch_norm1): Identity()
        (batch_norm2): Identity()
        (act): CNO_LReLu(
          (act): LeakyReLU(negative_slope=0.01)
        )
      )
    )
  )
  (res_nets): Sequential(
    (0): ResNet(
      (res_nets): Sequential(
        (0): ResidualBlock(
          (convolution1): Conv2d(8, 8, kernel_size=(3, 3), stride=(1, 1), padding=(1, 1))
          (convolution2): Conv2d(8, 8, kernel_size=(3, 3), stride=(1, 1), padding=(1, 1))
          (batch_norm1): Identity()
          (batch_norm2): Identity()
          (act): CNO_LReLu(
            (act): LeakyReLU(negative_slope=0.01)
          )
        )
        (1): ResidualBlock(
          (convolution1): Conv2d(8, 8, kernel_size=(3, 3), stride=(1, 1), padding=(1, 1))
          (convolution2): Conv2d(8, 8, kernel_size=(3, 3), stride=(1, 1), padding=(1, 1))
          (batch_norm1): Identity()
          (batch_norm2): Identity()
          (act): CNO_LReLu(
            (act): LeakyReLU(negative_slope=0.01)
          )
        )
        (2): ResidualBlock(
          (convolution1): Conv2d(8, 8, kernel_size=(3, 3), stride=(1, 1), padding=(1, 1))
          (convolution2): Conv2d(8, 8, kernel_size=(3, 3), stride=(1, 1), padding=(1, 1))
          (batch_norm1): Identity()
          (batch_norm2): Identity()
          (act): CNO_LReLu(
            (act): LeakyReLU(negative_slope=0.01)
          )
        )
        (3): ResidualBlock(
          (convolution1): Conv2d(8, 8, kernel_size=(3, 3), stride=(1, 1), padding=(1, 1))
          (convolution2): Conv2d(8, 8, kernel_size=(3, 3), stride=(1, 1), padding=(1, 1))
          (batch_norm1): Identity()
          (batch_norm2): Identity()
          (act): CNO_LReLu(
            (act): LeakyReLU(negative_slope=0.01)
          )
        )
      )
    )
  )
)
Epoch 0, Train Loss: 0.03176689, Val Loss: 0.01422866
Test L2 Loss: 0.014293
Model saved to checkpoints/cno2d/navier_stokes_0_5137334.pt
Using provided normalization statistics from training resolution 512:
  Input range: [-2.759037, 2.506686]
  Output range: [-2.752234, 2.492671]
Loading original resolution (512) test data...
Loading from file: /home/rvk/data/pdebench/ns_incom_inhom_2d_512-0.hdf5
Available keys: ['force', 'particles', 't', 'velocity']
Velocity data shape: (4, 1000, 512, 512, 2)
Particles data shape: (4, 1000, 512, 512, 1)
Combined data shape: (4, 1000, 512, 512, 3)
x shape: torch.Size([3992, 3, 512, 512])
y shape: torch.Size([3992, 3, 512, 512])
Train dataset size: 3193
Validation dataset size: 399
Test dataset size: 400
[1;34mwandb[0m: 
[1;34mwandb[0m: 🚀 View run [33meager-dream-5[0m at: [34mhttps://wandb.ai/rohanvk-carnegie-mellon-university/cno2d/runs/hivdysmh[0m
[1;34mwandb[0m: Find logs at: [1;35mwandb/run-20250620_143732-hivdysmh/logs[0m
Job completed at Fri Jun 20 14:41:08 EDT 2025
