Job started on babel-2-13 at Wed Apr  9 10:52:47 EDT 2025
Job ID: 4535653
GPU information:
Wed Apr  9 10:52:47 2025       
+-----------------------------------------------------------------------------------------+
| NVIDIA-SMI 560.35.03              Driver Version: 560.35.03      CUDA Version: 12.6     |
|-----------------------------------------+------------------------+----------------------+
| GPU  Name                 Persistence-M | Bus-Id          Disp.A | Volatile Uncorr. ECC |
| Fan  Temp   Perf          Pwr:Usage/Cap |           Memory-Usage | GPU-Util  Compute M. |
|                                         |                        |               MIG M. |
|=========================================+========================+======================|
|   0  NVIDIA L40S                    On  |   00000000:D1:00.0 Off |                    0 |
| N/A   26C    P8             30W /  255W |       1MiB /  46068MiB |      0%      Default |
|                                         |                        |                  N/A |
+-----------------------------------------+------------------------+----------------------+
|   1  NVIDIA L40S                    On  |   00000000:D2:00.0 Off |                    0 |
| N/A   23C    P8             32W /  255W |       1MiB /  46068MiB |      0%      Default |
|                                         |                        |                  N/A |
+-----------------------------------------+------------------------+----------------------+
                                                                                         
+-----------------------------------------------------------------------------------------+
| Processes:                                                                              |
|  GPU   GI   CI        PID   Type   Process name                              GPU Memory |
|        ID   ID                                                               Usage      |
|=========================================================================================|
|  No running processes found                                                             |
+-----------------------------------------------------------------------------------------+
CUDA devices:
CUDA_VISIBLE_DEVICES: 0,1
Using device: cuda
[2025-04-09 10:52:50,379][root][INFO] - model:
  _target_: models.s4_1d.S4Model
  d_input: 15
  d_output: 1
  d_model: 64
  n_layers: 4
  dropout: 0.2
  prenorm: false
dataset:
  reduced_batch: 4
  reduced_resolution: 1
  reduced_resolution_t: 1
  window_size: 15
  pde: burger_0.001
  data_path1: data/pdebench/1D_Burgers_Sols_Nu0.001.hdf5
training:
  batch_size: 64
  epochs: 100
  learning_rate: 0.001
  use_normalizer: false
project_name: ${dataset.pde}_${hydra:runtime.choices.model}
checkpoint_dir: checkpoints

Project name: burger_0.001_s4_1d/s4_1d
Model name: models.s4_1d.S4Model
PDE Dataset: burger_0.001
Loading from file: /home/rvk/data/pdebench/1D_Burgers_Sols_Nu0.001.hdf5
(10000, 201, 1024)
Total data shape: (2500, 201, 1024)
x shape: (465000, 15, 1024)
y shape: (465000, 1, 1024)
grid shape: torch.Size([1024, 1])
---------Using data normalizer---------------
Train dataset size: 372000
Validation dataset size: 46500
Test dataset size: 46500
<class 'torch.Tensor'> -0.08340418338775635 -0.08428196609020233 1.021628975868225 1.020711898803711
Sample Input shape: torch.Size([64, 15, 1024])
Sample Output shape: torch.Size([64, 1, 1024])
S4Model(
  (encoder): Linear(in_features=16, out_features=64, bias=True)
  (s4_layers): ModuleList(
    (0-3): 4 x S4D(
      (kernel): S4DKernel()
      (activation): GELU(approximate='none')
      (dropout): DropoutNd()
      (output_linear): Sequential(
        (0): Conv1d(64, 128, kernel_size=(1,), stride=(1,))
        (1): GLU(dim=-2)
      )
    )
  )
  (norms): ModuleList(
    (0-3): 4 x LayerNorm((64,), eps=1e-05, elementwise_affine=True)
  )
  (dropouts): ModuleList(
    (0-3): 4 x Dropout(p=0.2, inplace=False)
  )
  (decoder): Linear(in_features=64, out_features=1, bias=True)
)
Epoch 0, Train Loss: 0.05603857, Val Loss: 0.02339253
Epoch 10, Train Loss: 0.01275405, Val Loss: 0.01289388
Epoch 20, Train Loss: 0.01124939, Val Loss: 0.01029352
Epoch 30, Train Loss: 0.01053580, Val Loss: 0.00890866
Epoch 40, Train Loss: 0.00995149, Val Loss: 0.00895721
Epoch 50, Train Loss: 0.00950999, Val Loss: 0.00877597
Epoch 60, Train Loss: 0.00916045, Val Loss: 0.00832888
Epoch 70, Train Loss: 0.00888741, Val Loss: 0.00818161
Epoch 80, Train Loss: 0.00869652, Val Loss: 0.00826708
Epoch 90, Train Loss: 0.00859694, Val Loss: 0.00808601
Test L2 Loss: 0.007934
-----Visualizing Saved------
Figure saved to output_logs/predictions/burger_0.001_fno_4535653_predictions.png
Model saved to checkpoints/s4model/burger_0.001_4535653.pt
Original test data shape: x=torch.Size([46500, 15, 1024]), y=torch.Size([46500, 1, 1024])

Evaluating at resolution factor: 1
Resolution factor 1 - Relative L2 Loss: 0.007934

Evaluating at resolution factor: 2
Downsampled shapes: x=torch.Size([46500, 15, 512]), y=torch.Size([46500, 1, 512])
Resolution factor 2 - Relative L2 Loss: 0.194743

Evaluating at resolution factor: 4
Downsampled shapes: x=torch.Size([46500, 15, 256]), y=torch.Size([46500, 1, 256])
Resolution factor 4 - Relative L2 Loss: 0.238358

Evaluating at resolution factor: 8
Downsampled shapes: x=torch.Size([46500, 15, 128]), y=torch.Size([46500, 1, 128])
Resolution factor 8 - Relative L2 Loss: 0.229295

Evaluating at resolution factor: 16
Downsampled shapes: x=torch.Size([46500, 15, 64]), y=torch.Size([46500, 1, 64])
Resolution factor 16 - Relative L2 Loss: 0.241113

Evaluating at resolution factor: 32
Downsampled shapes: x=torch.Size([46500, 15, 32]), y=torch.Size([46500, 1, 32])
Resolution factor 32 - Relative L2 Loss: 0.259853

Summary of Super-Resolution Evaluation:
Resolution factor 1: Relative L2 Loss = 0.007934
Resolution factor 2: Relative L2 Loss = 0.194743
Resolution factor 4: Relative L2 Loss = 0.238358
Resolution factor 8: Relative L2 Loss = 0.229295
Resolution factor 16: Relative L2 Loss = 0.241113
Resolution factor 32: Relative L2 Loss = 0.259853
Job completed at Wed Apr  9 13:19:58 EDT 2025
