Job started on babel-1-27 at Tue Apr 15 19:59:38 EDT 2025
Job ID: 4574824
Using device: cuda
[2025-04-15 19:59:42,293][root][INFO] - model:
  _target_: models.ffno.FFNO1D
  in_channels: 1
  out_channels: 1
  width: 32
  n_modes: 16
  factor: 4
  n_layers: 4
  ff_weight_norm: true
  n_ff_layers: 2
  layer_norm: false
  grid: null
  dropout: 0.0
  mode: full
dataset:
  reduced_batch: 1
  reduced_resolution: 4
  reduced_resolution_t: 4
  window_size: 15
  original_res: 1024
  pde: burger_4.0
  data_path1: data/pdebench/1D_Burgers_Sols_Nu4.0.hdf5
training:
  batch_size: 64
  epochs: 100
  learning_rate: 0.001
  use_normalizer: false
project_name: ${dataset.pde}_${hydra:runtime.choices.model}
checkpoint_dir: checkpoints

Project name: burger_4.0_ffno_1d/ffno_1d
Model name: models.ffno.FFNO1D
PDE Dataset: burger_4.0
Loading from file: /home/rvk/data/pdebench/1D_Burgers_Sols_Nu4.0.hdf5
(10000, 201, 1024)
Total data shape: (10000, 51, 256)
x shape: (490000, 1, 256)
y shape: (490000, 1, 256)
grid shape: torch.Size([256, 1])
---------Using data normalizer---------------
Train dataset size: 392000
Validation dataset size: 49000
Test dataset size: 49000
<class 'torch.Tensor'> -0.1525568664073944 -0.15256045758724213 1.0815379619598389 1.0815356969833374
Sample Input shape: torch.Size([64, 1, 256])
Sample Output shape: torch.Size([64, 1, 256])
FFNO1D(
  (in_proj): WNLinear(in_features=2, out_features=32, bias=True)
  (fourier_layers): ModuleList(
    (0-3): 4 x FSpectralConv1d(
      (fourier_weight): ParameterList(  (0): Parameter containing: [torch.float32 of size 32x32x16x2 (cuda:0)])
      (backcast_ff): FeedForward(
        (layers): ModuleList(
          (0): Sequential(
            (0): Linear(in_features=32, out_features=128, bias=True)
            (1): Dropout(p=0.0, inplace=False)
            (2): GELU(approximate='none')
            (3): Identity()
          )
          (1): Sequential(
            (0): Linear(in_features=128, out_features=32, bias=True)
            (1): Dropout(p=0.0, inplace=False)
            (2): Identity()
            (3): Identity()
          )
        )
      )
      (act): Identity()
    )
  )
  (out_proj): WNLinear(in_features=32, out_features=1, bias=True)
)
Epoch 0, Train Loss: 0.12693039, Val Loss: 0.00939148
Epoch 10, Train Loss: 0.01098313, Val Loss: 0.01260284
Epoch 20, Train Loss: 0.00918084, Val Loss: 0.06916366
Epoch 30, Train Loss: 0.00715625, Val Loss: 0.00404331
Epoch 40, Train Loss: 0.00609828, Val Loss: 0.00566514
Epoch 50, Train Loss: 0.00449113, Val Loss: 0.00314945
Epoch 60, Train Loss: 0.00297785, Val Loss: 0.00158544
Epoch 70, Train Loss: 0.00185832, Val Loss: 0.00136350
Epoch 80, Train Loss: 0.00087736, Val Loss: 0.00026611
Epoch 90, Train Loss: 0.00032835, Val Loss: 0.00016252
Test L2 Loss: 0.000223
-----Visualizing Saved------
Figure saved to output_logs/predictions/burger_4.0_fno_4574824_predictions.png
Model saved to checkpoints/ffno1d/burger_4.0_4574824.pt
Original test data shape: x=torch.Size([49000, 1, 256]), y=torch.Size([49000, 1, 256])

Evaluating at resolution factor: 1
Resolution factor 1 - Relative L2 Loss: 0.000223

Evaluating at resolution factor: 2
Downsampled shapes: x=torch.Size([49000, 1, 128]), y=torch.Size([49000, 1, 128])
Resolution factor 2 - Relative L2 Loss: 0.000236

Evaluating at resolution factor: 4
Downsampled shapes: x=torch.Size([49000, 1, 64]), y=torch.Size([49000, 1, 64])
Resolution factor 4 - Relative L2 Loss: 0.000238

Evaluating at resolution factor: 8
Downsampled shapes: x=torch.Size([49000, 1, 32]), y=torch.Size([49000, 1, 32])
Resolution factor 8 - Relative L2 Loss: 0.000250

Evaluating at resolution factor: 16
Downsampled shapes: x=torch.Size([49000, 1, 16]), y=torch.Size([49000, 1, 16])
Skipping Resolution factor 16 because not enough modes

Evaluating at resolution factor: 32
Downsampled shapes: x=torch.Size([49000, 1, 8]), y=torch.Size([49000, 1, 8])
Skipping Resolution factor 32 because not enough modes
Loading from file: /home/rvk/data/pdebench/1D_Burgers_Sols_Nu4.0.hdf5
(10000, 201, 1024)
Total data shape: (10000, 51, 1024)
x shape: (490000, 1, 1024)
y shape: (490000, 1, 1024)
grid shape: torch.Size([1024, 1])
---------Using data normalizer---------------
Train dataset size: 392000
Validation dataset size: 49000
Test dataset size: 49000
Original test data shape: x=torch.Size([49000, 1, 1024]), y=torch.Size([49000, 1, 1024])
Testing resolutions: [512, 1024]

Evaluating at resolution: 512
Downsampled shapes: x=torch.Size([49000, 1, 512]), y=torch.Size([49000, 1, 512])
Resolution 512 - Relative L2 Loss: 0.000235

Evaluating at resolution: 1024
Downsampled shapes: x=torch.Size([49000, 1, 1024]), y=torch.Size([49000, 1, 1024])
Resolution 1024 - Relative L2 Loss: 0.000663

Summary of Super-Resolution Evaluation:
Resolution factor 1: Relative L2 Loss = 0.000223
Resolution factor 2: Relative L2 Loss = 0.000236
Resolution factor 4: Relative L2 Loss = 0.000238
Resolution factor 8: Relative L2 Loss = 0.000250

Summary of Higher-Resolution Evaluation:
Resolution 512: Relative L2 Loss = 0.000235
Resolution 1024: Relative L2 Loss = 0.000663
[1;34mwandb[0m: 
[1;34mwandb[0m: 🚀 View run [33mproud-firebrand-84[0m at: [34mhttps://wandb.ai/rohanvk-carnegie-mellon-university/ffno1d/runs/znlf97g6[0m
[1;34mwandb[0m: Find logs at: [1;35mwandb/run-20250415_200003-znlf97g6/logs[0m
Job completed at Tue Apr 15 21:41:35 EDT 2025
