Job started on babel-14-33 at Sun May 11 14:29:28 EDT 2025
Job ID: 4842137
GPU information:
Sun May 11 14:29:28 2025       
+-----------------------------------------------------------------------------------------+
| NVIDIA-SMI 560.35.03              Driver Version: 560.35.03      CUDA Version: 12.6     |
|-----------------------------------------+------------------------+----------------------+
| GPU  Name                 Persistence-M | Bus-Id          Disp.A | Volatile Uncorr. ECC |
| Fan  Temp   Perf          Pwr:Usage/Cap |           Memory-Usage | GPU-Util  Compute M. |
|                                         |                        |               MIG M. |
|=========================================+========================+======================|
|   0  NVIDIA L40                     On  |   00000000:01:00.0 Off |                    0 |
| N/A   34C    P8             36W /  189W |       1MiB /  46068MiB |      0%      Default |
|                                         |                        |                  N/A |
+-----------------------------------------+------------------------+----------------------+
|   1  NVIDIA L40                     On  |   00000000:25:00.0 Off |                    0 |
| N/A   35C    P8             35W /  189W |       1MiB /  46068MiB |      0%      Default |
|                                         |                        |                  N/A |
+-----------------------------------------+------------------------+----------------------+
                                                                                         
+-----------------------------------------------------------------------------------------+
| Processes:                                                                              |
|  GPU   GI   CI        PID   Type   Process name                              GPU Memory |
|        ID   ID                                                               Usage      |
|=========================================================================================|
|  No running processes found                                                             |
+-----------------------------------------------------------------------------------------+
CUDA devices:
CUDA_VISIBLE_DEVICES: 0,1
Using device: cuda
[2025-05-11 14:29:33,617][root][INFO] - model:
  _target_: models.ffno.FFNO2D
  in_channels: 3
  out_channels: 3
  width: 32
  factor: 4
  n_modes: 16
  n_layers: 4
  dropout: 0.0
  mode: full
  ff_weight_norm: true
  n_ff_layers: 2
  layer_norm: true
dataset:
  reduced_batch: 1
  reduced_resolution: 1
  reduced_resolution_t: 2
  pde: navier_stokes_0
  data_path1: data/pdebench/ns_incom_inhom_2d_512-0.hdf5
training:
  batch_size: 16
  epochs: 100
  learning_rate: 0.001
  use_normalizer: false
project_name: ${dataset.pde}_${hydra:runtime.choices.model}
checkpoint_dir: checkpoints

Project name: navier_stokes_0_ffno_2d/ns_ffno_2d
Model name: models.ffno.FFNO2D
PDE Dataset: navier_stokes_0
Loading from file: /home/rvk/data/pdebench/ns_incom_inhom_2d_512-0.hdf5
Available keys: ['force', 'particles', 't', 'velocity']
Velocity data shape: (4, 1000, 512, 512, 2)
Particles data shape: (4, 1000, 512, 512, 1)
Combined data shape: (4, 500, 512, 512, 3)
x shape: torch.Size([1992, 3, 512, 512])
y shape: torch.Size([1992, 3, 512, 512])
---------Using data normalizer---------------
Train dataset size: 1593
Validation dataset size: 199
Test dataset size: 200
<class 'torch.Tensor'> 0.007696629036217928 0.008392023853957653 0.9139553904533386 0.9201547503471375
Sample Input shape: torch.Size([16, 3, 512, 512])
Sample Output shape: torch.Size([16, 3, 512, 512])
FFNO2D(
  (in_proj): WNLinear(in_features=5, out_features=32, bias=True)
  (fourier_layers): ModuleList(
    (0-3): 4 x FSpectralConv2d(
      (fourier_weight): ParameterList(
          (0): Parameter containing: [torch.float32 of size 32x32x16x2 (cuda:0)]
          (1): Parameter containing: [torch.float32 of size 32x32x16x2 (cuda:0)]
      )
      (backcast_ff): FeedForward(
        (layers): ModuleList(
          (0): Sequential(
            (0): Linear(in_features=32, out_features=128, bias=True)
            (1): Dropout(p=0.0, inplace=False)
            (2): GELU(approximate='none')
            (3): Identity()
          )
          (1): Sequential(
            (0): Linear(in_features=128, out_features=32, bias=True)
            (1): Dropout(p=0.0, inplace=False)
            (2): Identity()
            (3): LayerNorm((32,), eps=1e-05, elementwise_affine=True)
          )
        )
      )
    )
  )
  (out_proj): WNLinear(in_features=32, out_features=3, bias=True)
)
Epoch 0, Train Loss: 0.22170679, Val Loss: 0.08330471
Epoch 10, Train Loss: 0.03497866, Val Loss: 0.03169139
Epoch 20, Train Loss: 0.02877794, Val Loss: 0.02849295
Epoch 30, Train Loss: 0.02603773, Val Loss: 0.02445396
Epoch 40, Train Loss: 0.02271030, Val Loss: 0.02449969
Epoch 50, Train Loss: 0.02393541, Val Loss: 0.02213088
Epoch 60, Train Loss: 0.02112205, Val Loss: 0.02171918
Epoch 70, Train Loss: 0.02074414, Val Loss: 0.02133092
Epoch 80, Train Loss: 0.02041971, Val Loss: 0.02105168
Epoch 90, Train Loss: 0.02025530, Val Loss: 0.02092801
Test L2 Loss: 0.008560
Model saved to checkpoints/ffno2d/navier_stokes_0_4842137.pt
Original test data shape: x=torch.Size([200, 3, 512, 512]), y=torch.Size([200, 3, 512, 512])

Evaluating at resolution factor: 1
Resolution factor 1 - Relative L2 Loss: 0.008281

Evaluating at resolution factor: 2
Downsampled shapes: x=torch.Size([200, 3, 256, 256]), y=torch.Size([200, 3, 256, 256])
Resolution factor 2 - Relative L2 Loss: 0.105790

Evaluating at resolution factor: 4
Downsampled shapes: x=torch.Size([200, 3, 128, 128]), y=torch.Size([200, 3, 128, 128])
Resolution factor 4 - Relative L2 Loss: 0.108486

Evaluating at resolution factor: 8
Downsampled shapes: x=torch.Size([200, 3, 64, 64]), y=torch.Size([200, 3, 64, 64])
Resolution factor 8 - Relative L2 Loss: 0.048887

Evaluating at resolution factor: 16
Downsampled shapes: x=torch.Size([200, 3, 32, 32]), y=torch.Size([200, 3, 32, 32])
Resolution factor 16 - Relative L2 Loss: 0.068717

Evaluating at resolution factor: 32
Downsampled shapes: x=torch.Size([200, 3, 16, 16]), y=torch.Size([200, 3, 16, 16])
Skipping Resolution factor 32 because not enough modes
Loading from file: /home/rvk/data/pdebench/ns_incom_inhom_2d_512-0.hdf5
Available keys: ['force', 'particles', 't', 'velocity']
Velocity data shape: (4, 1000, 512, 512, 2)
Particles data shape: (4, 1000, 512, 512, 1)
Combined data shape: (4, 500, 512, 512, 3)
x shape: torch.Size([1992, 3, 512, 512])
y shape: torch.Size([1992, 3, 512, 512])
---------Using data normalizer---------------
Train dataset size: 1593
Validation dataset size: 199
Test dataset size: 200
Original test data shape: x=torch.Size([200, 3, 512, 512]), y=torch.Size([200, 3, 512, 512])
Testing resolutions: []

Summary of Super-Resolution Evaluation:
Resolution factor 1: Relative L2 Loss = 0.008281
Resolution factor 2: Relative L2 Loss = 0.105790
Resolution factor 4: Relative L2 Loss = 0.108486
Resolution factor 8: Relative L2 Loss = 0.048887
Resolution factor 16: Relative L2 Loss = 0.068717

Summary of Higher-Resolution Evaluation:
[1;34mwandb[0m: 
[1;34mwandb[0m: 🚀 View run [33meager-surf-2[0m at: [34mhttps://wandb.ai/rohanvk-carnegie-mellon-university/ffno2d/runs/k0dn1g4l[0m
[1;34mwandb[0m: Find logs at: [1;35mwandb/run-20250511_143039-k0dn1g4l/logs[0m
Job completed at Sun May 11 17:28:54 EDT 2025
