Job started on babel-4-1 at Tue Mar 25 13:22:21 EDT 2025
Job ID: 4446152
Using device: cuda
[2025-03-25 13:22:24,614][root][INFO] - model:
  _target_: models.ffno.FFNO1D
  in_channels: 1
  out_channels: 1
  width: 32
  n_modes: 16
  factor: 4
  n_layers: 4
  ff_weight_norm: true
  n_ff_layers: 2
  layer_norm: false
  grid: null
  dropout: 0.0
  mode: full
dataset:
  reduced_batch: 1
  reduced_resolution: 1
  reduced_resolution_t: 8
  pde: burger_4.0
  data_path1: data/pdebench/1D_Burgers_Sols_Nu4.0.hdf5
training:
  batch_size: 64
  epochs: 100
  learning_rate: 0.001
  use_normalizer: false
project_name: ${dataset.pde}_${hydra:runtime.choices.model}
checkpoint_dir: checkpoints

Project name: burger_4.0_ffno_1d/ffno_1d
Model name: models.ffno.FFNO1D
PDE Dataset: burger_4.0
Loading from file: /home/rvk/data/pdebench/1D_Burgers_Sols_Nu4.0.hdf5
(10000, 201, 1024)
Total data shape: (10000, 26, 1024)
x shape: (240000, 1, 1024)
y shape: (240000, 1, 1024)
grid shape: torch.Size([1024, 1])
---------Using data normalizer---------------
Train dataset size: 192000
Validation dataset size: 24000
Test dataset size: 24000
<class 'torch.Tensor'> 0.012636452913284302 0.012636460363864899 1.1656421422958374 1.1656413078308105
Sample Input shape: torch.Size([64, 1, 1024])
Sample Output shape: torch.Size([64, 1, 1024])
FFNO1D(
  (in_proj): WNLinear(in_features=2, out_features=32, bias=True)
  (fourier_layers): ModuleList(
    (0-3): 4 x FSpectralConv1d(
      (fourier_weight): ParameterList(  (0): Parameter containing: [torch.float32 of size 32x32x16x2 (cuda:0)])
      (backcast_ff): FeedForward(
        (layers): ModuleList(
          (0): Sequential(
            (0): Linear(in_features=32, out_features=128, bias=True)
            (1): Dropout(p=0.0, inplace=False)
            (2): GELU(approximate='none')
            (3): Identity()
          )
          (1): Sequential(
            (0): Linear(in_features=128, out_features=32, bias=True)
            (1): Dropout(p=0.0, inplace=False)
            (2): Identity()
            (3): Identity()
          )
        )
      )
      (act): Identity()
    )
  )
  (out_proj): WNLinear(in_features=32, out_features=1, bias=True)
)
Epoch 0, Train Loss: 0.08920705, Val Loss: 0.03243992
Epoch 10, Train Loss: 0.01602835, Val Loss: 0.00630111
Epoch 20, Train Loss: 0.00966490, Val Loss: 0.00379406
Epoch 30, Train Loss: 0.00792693, Val Loss: 0.00365268
Epoch 40, Train Loss: 0.00584349, Val Loss: 0.00974193
Epoch 50, Train Loss: 0.00469991, Val Loss: 0.00253428
Epoch 60, Train Loss: 0.00355553, Val Loss: 0.00269616
Epoch 70, Train Loss: 0.00243001, Val Loss: 0.00301131
Epoch 80, Train Loss: 0.00168026, Val Loss: 0.00393399
Epoch 90, Train Loss: 0.00129132, Val Loss: 0.00166367
Test L2 Loss: 0.001081
Figure saved to output_logs/predictions/burger_4.0_fno_4446152_predictions.png
Original test data shape: x=torch.Size([24000, 1, 1024]), y=torch.Size([24000, 1, 1024])

Evaluating at resolution factor: 1
Resolution factor 1 - Relative L2 Loss: 0.001081

Evaluating at resolution factor: 2
Downsampled shapes: x=torch.Size([24000, 1, 512]), y=torch.Size([24000, 1, 512])
Resolution factor 2 - Relative L2 Loss: 0.001185

Evaluating at resolution factor: 4
Downsampled shapes: x=torch.Size([24000, 1, 256]), y=torch.Size([24000, 1, 256])
Resolution factor 4 - Relative L2 Loss: 0.001185

Evaluating at resolution factor: 8
Downsampled shapes: x=torch.Size([24000, 1, 128]), y=torch.Size([24000, 1, 128])
Resolution factor 8 - Relative L2 Loss: 0.001185

Evaluating at resolution factor: 16
Downsampled shapes: x=torch.Size([24000, 1, 64]), y=torch.Size([24000, 1, 64])
Resolution factor 16 - Relative L2 Loss: 0.001185

Evaluating at resolution factor: 32
Downsampled shapes: x=torch.Size([24000, 1, 32]), y=torch.Size([24000, 1, 32])
Resolution factor 32 - Relative L2 Loss: 0.001186

Summary of Super-Resolution Evaluation:
Resolution factor 1: Relative L2 Loss = 0.001081
Resolution factor 2: Relative L2 Loss = 0.001185
Resolution factor 4: Relative L2 Loss = 0.001185
Resolution factor 8: Relative L2 Loss = 0.001185
Resolution factor 16: Relative L2 Loss = 0.001185
Resolution factor 32: Relative L2 Loss = 0.001186
Model saved to checkpoints/ffno1d/burger_4.0_4446152.pt
[1;34mwandb[0m: 
[1;34mwandb[0m: 🚀 View run [33mswift-disco-19[0m at: [34mhttps://wandb.ai/rohanvk-carnegie-mellon-university/ffno1d/runs/1ujd207r[0m
[1;34mwandb[0m: Find logs at: [1;35mwandb/run-20250325_132241-1ujd207r/logs[0m
Job completed at Tue Mar 25 13:56:07 EDT 2025
