Job started on babel-4-37 at Sat Sep  6 20:14:27 EDT 2025
Job ID: 5439505
GPU information:
Sat Sep  6 20:14:27 2025       
+-----------------------------------------------------------------------------------------+
| NVIDIA-SMI 575.51.03              Driver Version: 575.51.03      CUDA Version: 12.9     |
|-----------------------------------------+------------------------+----------------------+
| GPU  Name                 Persistence-M | Bus-Id          Disp.A | Volatile Uncorr. ECC |
| Fan  Temp   Perf          Pwr:Usage/Cap |           Memory-Usage | GPU-Util  Compute M. |
|                                         |                        |               MIG M. |
|=========================================+========================+======================|
|   0  NVIDIA RTX A6000               On  |   00000000:01:00.0 Off |                  Off |
| 30%   50C    P8             25W /  300W |       1MiB /  49140MiB |      0%      Default |
|                                         |                        |                  N/A |
+-----------------------------------------+------------------------+----------------------+
|   1  NVIDIA RTX A6000               On  |   00000000:C1:00.0 Off |                  Off |
| 30%   43C    P8             25W /  300W |       1MiB /  49140MiB |      0%      Default |
|                                         |                        |                  N/A |
+-----------------------------------------+------------------------+----------------------+
                                                                                         
+-----------------------------------------------------------------------------------------+
| Processes:                                                                              |
|  GPU   GI   CI              PID   Type   Process name                        GPU Memory |
|        ID   ID                                                               Usage      |
|=========================================================================================|
|  No running processes found                                                             |
+-----------------------------------------------------------------------------------------+
CUDA devices:
CUDA_VISIBLE_DEVICES: 0,1
/home/rvk
Data Resolution: 64
Viscosity: 0.001
Number of Solutions: 1000
Setup 2d GRF successful!
Number of Steps: 32
Batch Size: 25
Generating Data at Viscosity: 0.001
0 25 135.59833643998718
Batch 1/40 | Samples: 25/1000 | Time: 2m 15.6s
Generating Data at Viscosity: 0.001
1 50 270.4769244909985
Batch 2/40 | Samples: 50/1000 | Time: 4m 30.5s
Generating Data at Viscosity: 0.001
2 75 405.0533081020112
Batch 3/40 | Samples: 75/1000 | Time: 6m 45.1s
Generating Data at Viscosity: 0.001
3 100 539.821533705981
Batch 4/40 | Samples: 100/1000 | Time: 8m 59.8s
Generating Data at Viscosity: 0.001
4 125 674.3733628919581
Batch 5/40 | Samples: 125/1000 | Time: 11m 14.4s
Generating Data at Viscosity: 0.001
5 150 809.2053555769962
Batch 6/40 | Samples: 150/1000 | Time: 13m 29.2s
Generating Data at Viscosity: 0.001
6 175 943.9678320069797
Batch 7/40 | Samples: 175/1000 | Time: 15m 44.0s
Generating Data at Viscosity: 0.001
7 200 1078.6440167629626
Batch 8/40 | Samples: 200/1000 | Time: 17m 58.6s
Generating Data at Viscosity: 0.001
8 225 1213.1405290460098
Batch 9/40 | Samples: 225/1000 | Time: 20m 13.1s
Generating Data at Viscosity: 0.001
9 250 1347.8864383309847
Batch 10/40 | Samples: 250/1000 | Time: 22m 27.9s
Generating Data at Viscosity: 0.001
10 275 1482.5878413559985
Batch 11/40 | Samples: 275/1000 | Time: 24m 42.6s
Generating Data at Viscosity: 0.001
11 300 1617.4199039419764
Batch 12/40 | Samples: 300/1000 | Time: 26m 57.4s
Generating Data at Viscosity: 0.001
12 325 1752.2098818619852
Batch 13/40 | Samples: 325/1000 | Time: 29m 12.2s
Generating Data at Viscosity: 0.001
13 350 1887.0392189630074
Batch 14/40 | Samples: 350/1000 | Time: 31m 27.0s
Generating Data at Viscosity: 0.001
14 375 2021.80954509601
Batch 15/40 | Samples: 375/1000 | Time: 33m 41.8s
Generating Data at Viscosity: 0.001
15 400 2156.739195464994
Batch 16/40 | Samples: 400/1000 | Time: 35m 56.7s
Generating Data at Viscosity: 0.001
16 425 2291.442829323001
Batch 17/40 | Samples: 425/1000 | Time: 38m 11.4s
Generating Data at Viscosity: 0.001
17 450 2426.239307338954
Batch 18/40 | Samples: 450/1000 | Time: 40m 26.2s
Generating Data at Viscosity: 0.001
18 475 2561.1886018679943
Batch 19/40 | Samples: 475/1000 | Time: 42m 41.2s
Generating Data at Viscosity: 0.001
19 500 2696.1790729149943
Batch 20/40 | Samples: 500/1000 | Time: 44m 56.2s
Generating Data at Viscosity: 0.001
20 525 2830.9868692739983
Batch 21/40 | Samples: 525/1000 | Time: 47m 11.0s
Generating Data at Viscosity: 0.001
21 550 2965.98529823398
Batch 22/40 | Samples: 550/1000 | Time: 49m 26.0s
Generating Data at Viscosity: 0.001
22 575 3100.8770004539983
Batch 23/40 | Samples: 575/1000 | Time: 51m 40.9s
Generating Data at Viscosity: 0.001
23 600 3235.8158347199787
Batch 24/40 | Samples: 600/1000 | Time: 53m 55.8s
Generating Data at Viscosity: 0.001
24 625 3370.729056156997
Batch 25/40 | Samples: 625/1000 | Time: 56m 10.7s
Generating Data at Viscosity: 0.001
25 650 3505.5748337169643
Batch 26/40 | Samples: 650/1000 | Time: 58m 25.6s
Generating Data at Viscosity: 0.001
26 675 3640.338813613984
Batch 27/40 | Samples: 675/1000 | Time: 60m 40.3s
Generating Data at Viscosity: 0.001
27 700 3775.3756991020055
Batch 28/40 | Samples: 700/1000 | Time: 62m 55.4s
Generating Data at Viscosity: 0.001
28 725 3910.1854461339535
Batch 29/40 | Samples: 725/1000 | Time: 65m 10.2s
Generating Data at Viscosity: 0.001
29 750 4045.0110780000105
Batch 30/40 | Samples: 750/1000 | Time: 67m 25.0s
Generating Data at Viscosity: 0.001
30 775 4179.984906587983
Batch 31/40 | Samples: 775/1000 | Time: 69m 40.0s
Generating Data at Viscosity: 0.001
31 800 4314.976434387965
Batch 32/40 | Samples: 800/1000 | Time: 71m 55.0s
Generating Data at Viscosity: 0.001
32 825 4449.694406767958
Batch 33/40 | Samples: 825/1000 | Time: 74m 9.7s
Generating Data at Viscosity: 0.001
33 850 4584.496611974959
Batch 34/40 | Samples: 850/1000 | Time: 76m 24.5s
Generating Data at Viscosity: 0.001
34 875 4719.240213090961
Batch 35/40 | Samples: 875/1000 | Time: 78m 39.2s
Generating Data at Viscosity: 0.001
35 900 4854.120522774989
Batch 36/40 | Samples: 900/1000 | Time: 80m 54.1s
Generating Data at Viscosity: 0.001
36 925 4988.84755672497
Batch 37/40 | Samples: 925/1000 | Time: 83m 8.8s
Generating Data at Viscosity: 0.001
37 950 5123.8139012249885
Batch 38/40 | Samples: 950/1000 | Time: 85m 23.8s
Generating Data at Viscosity: 0.001
38 975 5258.723489417986
Batch 39/40 | Samples: 975/1000 | Time: 87m 38.7s
Generating Data at Viscosity: 0.001
39 1000 5393.716122276965
Batch 40/40 | Samples: 1000/1000 | Time: 89m 53.7s
Saved as MATLAB format: /data/user_data/rvk/ns_64_1e-03.mat
Save path: /data/user_data/rvk/ns_64_1e-03
✅ Data Generation Successful!
Job completed at Sat Sep  6 21:44:56 EDT 2025
