Job started on babel-3-9 at Thu Aug 14 20:20:17 EDT 2025
Job ID: 5323848
GPU information:
Thu Aug 14 20:20:17 2025       
+-----------------------------------------------------------------------------------------+
| NVIDIA-SMI 575.51.03              Driver Version: 575.51.03      CUDA Version: 12.9     |
|-----------------------------------------+------------------------+----------------------+
| GPU  Name                 Persistence-M | Bus-Id          Disp.A | Volatile Uncorr. ECC |
| Fan  Temp   Perf          Pwr:Usage/Cap |           Memory-Usage | GPU-Util  Compute M. |
|                                         |                        |               MIG M. |
|=========================================+========================+======================|
|   0  NVIDIA L40S                    On  |   00000000:52:00.0 Off |                    0 |
| N/A   24C    P8             33W /  350W |       0MiB /  46068MiB |      0%      Default |
|                                         |                        |                  N/A |
+-----------------------------------------+------------------------+----------------------+
|   1  NVIDIA L40S                    On  |   00000000:57:00.0 Off |                    0 |
| N/A   24C    P8             32W /  350W |       0MiB /  46068MiB |      0%      Default |
|                                         |                        |                  N/A |
+-----------------------------------------+------------------------+----------------------+
                                                                                         
+-----------------------------------------------------------------------------------------+
| Processes:                                                                              |
|  GPU   GI   CI              PID   Type   Process name                        GPU Memory |
|        ID   ID                                                               Usage      |
|=========================================================================================|
|  No running processes found                                                             |
+-----------------------------------------------------------------------------------------+
CUDA devices:
CUDA_VISIBLE_DEVICES: 0,1
Using device: cuda
[2025-08-14 20:20:23,126][root][INFO] - model:
  _target_: models.ffno.FFNO1D
  in_channels: 1
  out_channels: 1
  factor: 4
  n_modes: 16
  width: 128
  n_layers: 4
  ff_weight_norm: true
  n_ff_layers: 3
  layer_norm: true
  dropout: 0.1
  mode: full
  activation: gelu
  use_grid: true
dataset:
  dataset_params:
    _target_: dataloaders.ks.ks_markov_dataset
    filename: KS_train_2048.h5
    saved_folder: /data/user_data/rvk/ks/res_512/visc_0.1_L64_lmax8_et5_51
    val_filename: KS_valid.h5
    test_filename: KS_test.h5
    reduced_batch: 1
    reduced_resolution: 1
    reduced_resolution_t: 1
    s: 64
    data_normalizer: true
    num_samples_max: -1
    normalization_type: simple
  resize_to_train: false
  train_mres: false
  window_size: 15
  original_res: 512
  max_test_resolution: 512
  pde: ks
training:
  batch_size: 64
  epochs: 100
  learning_rate: 0.001
  use_normalizer: false
project_name: ${dataset.pde}_${hydra:runtime.choices.model}
checkpoint_dir: checkpoints

Project name: ks_ffno_1d/ffno_1d
Model name: models.ffno.FFNO1D
PDE Dataset: ks
---------------------
Loading from file: /data/user_data/rvk/ks/res_512/visc_0.1_L64_lmax8_et5_51/KS_train_2048.h5
Available data keys in 'train': ['dt', 'dx', 'pde_51-512', 't', 'x']
PDE data shape: (2048, 51, 512)
Time data shape: (2048, 51)
Spatial coordinates shape: (512,)
dx shape: (2048,)
dt shape: (2048,)
Final data shape: (2048, 51, 512)
Current Spatial Size: 512
Resizing from 512 to 64
Downsampling using FFT-based downsample_1d function
Data shape after resizing: (2048, 51, 64)
Updated spatial coordinates shape: (64,)
x shape: torch.Size([102400, 1, 64])
y shape: torch.Size([102400, 1, 64])
spatial coordinates shape: (64,)
Loading from file: /data/user_data/rvk/ks/res_512/visc_0.1_L64_lmax8_et5_51/KS_valid.h5
Available data keys in 'valid': ['dt', 'dx', 'pde_51-512', 't', 'x']
PDE data shape: (256, 51, 512)
Time data shape: (256, 51)
Spatial coordinates shape: (512,)
dx shape: (256,)
dt shape: (256,)
Final data shape: (256, 51, 512)
Current Spatial Size: 512
Resizing from 512 to 64
Downsampling using FFT-based downsample_1d function
Data shape after resizing: (256, 51, 64)
Updated spatial coordinates shape: (64,)
x shape: torch.Size([12800, 1, 64])
y shape: torch.Size([12800, 1, 64])
spatial coordinates shape: (64,)
Loading from file: /data/user_data/rvk/ks/res_512/visc_0.1_L64_lmax8_et5_51/KS_test.h5
Available data keys in 'test': ['dt', 'dx', 'pde_51-512', 't', 'x']
PDE data shape: (256, 51, 512)
Time data shape: (256, 51)
Spatial coordinates shape: (512,)
dx shape: (256,)
dt shape: (256,)
Final data shape: (256, 51, 512)
Current Spatial Size: 512
Resizing from 512 to 64
Downsampling using FFT-based downsample_1d function
Data shape after resizing: (256, 51, 64)
Updated spatial coordinates shape: (64,)
x shape: torch.Size([12800, 1, 64])
y shape: torch.Size([12800, 1, 64])
spatial coordinates shape: (64,)
---------Using simple global normalization---------------
Global statistics: X(mean=0.000000, std=2.548044), Y(mean=0.000000, std=2.598783)
Computed from 102400 samples
Train dataset size: 102400
Validation dataset size: 12800
Test dataset size: 12800
<dataloaders.ks.ks_markov_dataset.<locals>.SimpleNormalizedDataset object at 0x14e2db360f50>
<class 'torch.Tensor'> -1.9208528101444244e-09 1.1641532182693481e-10 1.0511243343353271 1.049763560295105
FFNO1D(
  (in_proj): WNLinear(in_features=1, out_features=128, bias=True)
  (fourier_layers): ModuleList(
    (0-3): 4 x FSpectralConv1d(
      (fourier_weight): ParameterList(  (0): Parameter containing: [torch.float32 of size 128x128x16x2 (cuda:0)])
      (backcast_ff): FeedForward(
        (layers): ModuleList(
          (0): Sequential(
            (0): Linear(in_features=128, out_features=512, bias=True)
            (1): Dropout(p=0.1, inplace=False)
            (2): GELU(approximate='none')
            (3): Identity()
          )
          (1): Sequential(
            (0): Linear(in_features=512, out_features=512, bias=True)
            (1): Dropout(p=0.1, inplace=False)
            (2): GELU(approximate='none')
            (3): Identity()
          )
          (2): Sequential(
            (0): Linear(in_features=512, out_features=128, bias=True)
            (1): Dropout(p=0.1, inplace=False)
            (2): Identity()
            (3): LayerNorm((128,), eps=1e-05, elementwise_affine=True)
          )
        )
      )
    )
  )
  (out_proj): WNLinear(in_features=128, out_features=1, bias=True)
)
Total Model Parameters: 3.68M
Trainable Parameters: 3.68M
Epoch 0, Train Loss: 0.19522055, Val Loss: 0.13483695
Epoch 10, Train Loss: 0.08501763, Val Loss: 0.09594091
Epoch 20, Train Loss: 0.06958187, Val Loss: 0.09404864
Epoch 30, Train Loss: 0.06152045, Val Loss: 0.09551808
Epoch 40, Train Loss: 0.05606066, Val Loss: 0.09624689
Epoch 50, Train Loss: 0.05224953, Val Loss: 0.09514912
Epoch 60, Train Loss: 0.04941284, Val Loss: 0.09488706
Epoch 70, Train Loss: 0.04736777, Val Loss: 0.09419032
Epoch 80, Train Loss: 0.04596716, Val Loss: 0.09416320
Epoch 90, Train Loss: 0.04515135, Val Loss: 0.09407916
Test L2 Loss: 0.093131
Model saved to checkpoints/ffno1d/ks_5323848.pt
Created/verified figures directory: figures/5323848
Evaluating KS model at multiple resolutions
Using simple normalization from training resolution 64
Resize mode: OFF - direct evaluation at test resolution
  Using provided normalizers from training
Testing resolutions: [32, 64, 128, 256, 512]
Loading from file: /data/user_data/rvk/ks/res_512/visc_0.1_L64_lmax8_et5_51/KS_train_2048.h5
Available data keys in 'train': ['dt', 'dx', 'pde_51-512', 't', 'x']
PDE data shape: (2048, 51, 512)
Time data shape: (2048, 51)
Spatial coordinates shape: (512,)
dx shape: (2048,)
dt shape: (2048,)
Final data shape: (2048, 51, 512)
Current Spatial Size: 512
Resizing from 512 to 32
Downsampling using FFT-based downsample_1d function
Data shape after resizing: (2048, 51, 32)
Updated spatial coordinates shape: (32,)
x shape: torch.Size([102400, 1, 32])
y shape: torch.Size([102400, 1, 32])
spatial coordinates shape: (32,)
Loading from file: /data/user_data/rvk/ks/res_512/visc_0.1_L64_lmax8_et5_51/KS_valid.h5
Available data keys in 'valid': ['dt', 'dx', 'pde_51-512', 't', 'x']
PDE data shape: (256, 51, 512)
Time data shape: (256, 51)
Spatial coordinates shape: (512,)
dx shape: (256,)
dt shape: (256,)
Final data shape: (256, 51, 512)
Current Spatial Size: 512
Resizing from 512 to 32
Downsampling using FFT-based downsample_1d function
Data shape after resizing: (256, 51, 32)
Updated spatial coordinates shape: (32,)
x shape: torch.Size([12800, 1, 32])
y shape: torch.Size([12800, 1, 32])
spatial coordinates shape: (32,)
Loading from file: /data/user_data/rvk/ks/res_512/visc_0.1_L64_lmax8_et5_51/KS_test.h5
Available data keys in 'test': ['dt', 'dx', 'pde_51-512', 't', 'x']
PDE data shape: (256, 51, 512)
Time data shape: (256, 51)
Spatial coordinates shape: (512,)
dx shape: (256,)
dt shape: (256,)
Final data shape: (256, 51, 512)
Current Spatial Size: 512
Resizing from 512 to 32
Downsampling using FFT-based downsample_1d function
Data shape after resizing: (256, 51, 32)
Updated spatial coordinates shape: (32,)
x shape: torch.Size([12800, 1, 32])
y shape: torch.Size([12800, 1, 32])
spatial coordinates shape: (32,)
Train dataset size: 102400
Validation dataset size: 12800
Test dataset size: 12800
Selected random indices for plotting: [8714, 8048, 1632, 6668, 4452, 193, 7836, 10043, 4075, 11473]
Collected 10 examples for resolution 32
Resolution 32 (direct evaluation) - Relative L2 Loss: 0.247531
Memory cleaned after resolution 32
Loading from file: /data/user_data/rvk/ks/res_512/visc_0.1_L64_lmax8_et5_51/KS_train_2048.h5
Available data keys in 'train': ['dt', 'dx', 'pde_51-512', 't', 'x']
PDE data shape: (2048, 51, 512)
Time data shape: (2048, 51)
Spatial coordinates shape: (512,)
dx shape: (2048,)
dt shape: (2048,)
Final data shape: (2048, 51, 512)
Current Spatial Size: 512
Resizing from 512 to 64
Downsampling using FFT-based downsample_1d function
Data shape after resizing: (2048, 51, 64)
Updated spatial coordinates shape: (64,)
x shape: torch.Size([102400, 1, 64])
y shape: torch.Size([102400, 1, 64])
spatial coordinates shape: (64,)
Loading from file: /data/user_data/rvk/ks/res_512/visc_0.1_L64_lmax8_et5_51/KS_valid.h5
Available data keys in 'valid': ['dt', 'dx', 'pde_51-512', 't', 'x']
PDE data shape: (256, 51, 512)
Time data shape: (256, 51)
Spatial coordinates shape: (512,)
dx shape: (256,)
dt shape: (256,)
Final data shape: (256, 51, 512)
Current Spatial Size: 512
Resizing from 512 to 64
Downsampling using FFT-based downsample_1d function
Data shape after resizing: (256, 51, 64)
Updated spatial coordinates shape: (64,)
x shape: torch.Size([12800, 1, 64])
y shape: torch.Size([12800, 1, 64])
spatial coordinates shape: (64,)
Loading from file: /data/user_data/rvk/ks/res_512/visc_0.1_L64_lmax8_et5_51/KS_test.h5
Available data keys in 'test': ['dt', 'dx', 'pde_51-512', 't', 'x']
PDE data shape: (256, 51, 512)
Time data shape: (256, 51)
Spatial coordinates shape: (512,)
dx shape: (256,)
dt shape: (256,)
Final data shape: (256, 51, 512)
Current Spatial Size: 512
Resizing from 512 to 64
Downsampling using FFT-based downsample_1d function
Data shape after resizing: (256, 51, 64)
Updated spatial coordinates shape: (64,)
x shape: torch.Size([12800, 1, 64])
y shape: torch.Size([12800, 1, 64])
spatial coordinates shape: (64,)
Train dataset size: 102400
Validation dataset size: 12800
Test dataset size: 12800
Collected 10 examples for resolution 64
Resolution 64 (direct evaluation) - Relative L2 Loss: 0.093131
Memory cleaned after resolution 64
Loading from file: /data/user_data/rvk/ks/res_512/visc_0.1_L64_lmax8_et5_51/KS_train_2048.h5
Available data keys in 'train': ['dt', 'dx', 'pde_51-512', 't', 'x']
PDE data shape: (2048, 51, 512)
Time data shape: (2048, 51)
Spatial coordinates shape: (512,)
dx shape: (2048,)
dt shape: (2048,)
Final data shape: (2048, 51, 512)
Current Spatial Size: 512
Resizing from 512 to 128
Downsampling using FFT-based downsample_1d function
Data shape after resizing: (2048, 51, 128)
Updated spatial coordinates shape: (128,)
x shape: torch.Size([102400, 1, 128])
y shape: torch.Size([102400, 1, 128])
spatial coordinates shape: (128,)
Loading from file: /data/user_data/rvk/ks/res_512/visc_0.1_L64_lmax8_et5_51/KS_valid.h5
Available data keys in 'valid': ['dt', 'dx', 'pde_51-512', 't', 'x']
PDE data shape: (256, 51, 512)
Time data shape: (256, 51)
Spatial coordinates shape: (512,)
dx shape: (256,)
dt shape: (256,)
Final data shape: (256, 51, 512)
Current Spatial Size: 512
Resizing from 512 to 128
Downsampling using FFT-based downsample_1d function
Data shape after resizing: (256, 51, 128)
Updated spatial coordinates shape: (128,)
x shape: torch.Size([12800, 1, 128])
y shape: torch.Size([12800, 1, 128])
spatial coordinates shape: (128,)
Loading from file: /data/user_data/rvk/ks/res_512/visc_0.1_L64_lmax8_et5_51/KS_test.h5
Available data keys in 'test': ['dt', 'dx', 'pde_51-512', 't', 'x']
PDE data shape: (256, 51, 512)
Time data shape: (256, 51)
Spatial coordinates shape: (512,)
dx shape: (256,)
dt shape: (256,)
Final data shape: (256, 51, 512)
Current Spatial Size: 512
Resizing from 512 to 128
Downsampling using FFT-based downsample_1d function
Data shape after resizing: (256, 51, 128)
Updated spatial coordinates shape: (128,)
x shape: torch.Size([12800, 1, 128])
y shape: torch.Size([12800, 1, 128])
spatial coordinates shape: (128,)
Train dataset size: 102400
Validation dataset size: 12800
Test dataset size: 12800
Collected 10 examples for resolution 128
Resolution 128 (direct evaluation) - Relative L2 Loss: 0.126837
Memory cleaned after resolution 128
Loading from file: /data/user_data/rvk/ks/res_512/visc_0.1_L64_lmax8_et5_51/KS_train_2048.h5
Available data keys in 'train': ['dt', 'dx', 'pde_51-512', 't', 'x']
PDE data shape: (2048, 51, 512)
Time data shape: (2048, 51)
Spatial coordinates shape: (512,)
dx shape: (2048,)
dt shape: (2048,)
Final data shape: (2048, 51, 512)
Current Spatial Size: 512
Resizing from 512 to 256
Downsampling using FFT-based downsample_1d function
Data shape after resizing: (2048, 51, 256)
Updated spatial coordinates shape: (256,)
x shape: torch.Size([102400, 1, 256])
y shape: torch.Size([102400, 1, 256])
spatial coordinates shape: (256,)
Loading from file: /data/user_data/rvk/ks/res_512/visc_0.1_L64_lmax8_et5_51/KS_valid.h5
Available data keys in 'valid': ['dt', 'dx', 'pde_51-512', 't', 'x']
PDE data shape: (256, 51, 512)
Time data shape: (256, 51)
Spatial coordinates shape: (512,)
dx shape: (256,)
dt shape: (256,)
Final data shape: (256, 51, 512)
Current Spatial Size: 512
Resizing from 512 to 256
Downsampling using FFT-based downsample_1d function
Data shape after resizing: (256, 51, 256)
Updated spatial coordinates shape: (256,)
x shape: torch.Size([12800, 1, 256])
y shape: torch.Size([12800, 1, 256])
spatial coordinates shape: (256,)
Loading from file: /data/user_data/rvk/ks/res_512/visc_0.1_L64_lmax8_et5_51/KS_test.h5
Available data keys in 'test': ['dt', 'dx', 'pde_51-512', 't', 'x']
PDE data shape: (256, 51, 512)
Time data shape: (256, 51)
Spatial coordinates shape: (512,)
dx shape: (256,)
dt shape: (256,)
Final data shape: (256, 51, 512)
Current Spatial Size: 512
Resizing from 512 to 256
Downsampling using FFT-based downsample_1d function
Data shape after resizing: (256, 51, 256)
Updated spatial coordinates shape: (256,)
x shape: torch.Size([12800, 1, 256])
y shape: torch.Size([12800, 1, 256])
spatial coordinates shape: (256,)
Train dataset size: 102400
Validation dataset size: 12800
Test dataset size: 12800
Collected 10 examples for resolution 256
Resolution 256 (direct evaluation) - Relative L2 Loss: 0.127115
Memory cleaned after resolution 256
Loading from file: /data/user_data/rvk/ks/res_512/visc_0.1_L64_lmax8_et5_51/KS_train_2048.h5
Available data keys in 'train': ['dt', 'dx', 'pde_51-512', 't', 'x']
PDE data shape: (2048, 51, 512)
Time data shape: (2048, 51)
Spatial coordinates shape: (512,)
dx shape: (2048,)
dt shape: (2048,)
Final data shape: (2048, 51, 512)
Current Spatial Size: 512
x shape: torch.Size([102400, 1, 512])
y shape: torch.Size([102400, 1, 512])
spatial coordinates shape: (512,)
Loading from file: /data/user_data/rvk/ks/res_512/visc_0.1_L64_lmax8_et5_51/KS_valid.h5
Available data keys in 'valid': ['dt', 'dx', 'pde_51-512', 't', 'x']
PDE data shape: (256, 51, 512)
Time data shape: (256, 51)
Spatial coordinates shape: (512,)
dx shape: (256,)
dt shape: (256,)
Final data shape: (256, 51, 512)
Current Spatial Size: 512
x shape: torch.Size([12800, 1, 512])
y shape: torch.Size([12800, 1, 512])
spatial coordinates shape: (512,)
Loading from file: /data/user_data/rvk/ks/res_512/visc_0.1_L64_lmax8_et5_51/KS_test.h5
Available data keys in 'test': ['dt', 'dx', 'pde_51-512', 't', 'x']
PDE data shape: (256, 51, 512)
Time data shape: (256, 51)
Spatial coordinates shape: (512,)
dx shape: (256,)
dt shape: (256,)
Final data shape: (256, 51, 512)
Current Spatial Size: 512
x shape: torch.Size([12800, 1, 512])
y shape: torch.Size([12800, 1, 512])
spatial coordinates shape: (512,)
Train dataset size: 102400
Validation dataset size: 12800
Test dataset size: 12800
Collected 10 examples for resolution 512
Resolution 512 (direct evaluation) - Relative L2 Loss: 0.126996
Memory cleaned after resolution 512
Creating prediction vs target plots...
Saved prediction plot: figures/5323848/prediction_plots/ks_predictions_vs_targets_10_examples.png
Saved numerical results: figures/5323848/ks_1d_evaluation_results_20250814_204451.csv
Saved summary: figures/5323848/ks_1d_evaluation_summary_20250814_204451.txt

==================================================
KS EVALUATION SUMMARY
==================================================
Resolution  32: 0.247531
Resolution  64: 0.093131
Resolution 128: 0.126837
Resolution 256: 0.127115
Resolution 512: 0.126996

Summary of Super-Resolution Evaluation:
Resolution factor 32: Relative L2 Loss = 0.247531
Resolution factor 64: Relative L2 Loss = 0.093131
Resolution factor 128: Relative L2 Loss = 0.126837
Resolution factor 256: Relative L2 Loss = 0.127115
Resolution factor 512: Relative L2 Loss = 0.126996

Evaluation plots saved to: figures/5323848
Wandb run: https://wandb.ai/rohanvk-carnegie-mellon-university/ffno1d/runs/btkztfhs
Job completed at Thu Aug 14 20:44:55 EDT 2025
