Job started on babel-9-3 at Sun Mar 23 22:25:08 EDT 2025
Job ID: 4432095
Using device: cuda
[2025-03-23 22:25:13,161][root][INFO] - model:
  _target_: models.ffno.FFNO1D
  in_channels: 1
  out_channels: 1
  width: 32
  n_modes: 16
  factor: 4
  n_layers: 4
  ff_weight_norm: true
  n_ff_layers: 2
  layer_norm: false
  grid: null
  dropout: 0.0
  mode: full
dataset:
  reduced_batch: 1
  reduced_resolution: 1
  reduced_resolution_t: 4
  pde: burger_0.01
  data_path1: data/pdebench/1D_Burgers_Sols_Nu0.01.hdf5
training:
  batch_size: 64
  epochs: 200
  learning_rate: 0.001
  use_normalizer: false
project_name: ${dataset.pde}_${hydra:runtime.choices.model}
checkpoint_dir: checkpoints

Project name: burger_0.01_ffno_1d/ffno_1d
Model name: models.ffno.FFNO1D
PDE Dataset: burger_0.01
Loading from file: /home/rvk/data/pdebench/1D_Burgers_Sols_Nu0.01.hdf5
(10000, 201, 1024)
Total data shape: (10000, 51, 1024)
x shape: (490000, 1, 1024)
y shape: (490000, 1, 1024)
grid shape: torch.Size([1024, 1])
---------Using data normalizer---------------
Train dataset size: 392000
Validation dataset size: 49000
Test dataset size: 49000
<class 'torch.Tensor'> 0.19928213953971863 0.2004663050174713 1.0001108646392822 0.9987541437149048
Sample Input shape: torch.Size([64, 1, 1024])
Sample Output shape: torch.Size([64, 1, 1024])
FFNO1D(
  (in_proj): WNLinear(in_features=2, out_features=32, bias=True)
  (fourier_layers): ModuleList(
    (0-3): 4 x FSpectralConv1d(
      (fourier_weight): ParameterList(  (0): Parameter containing: [torch.float32 of size 32x32x16x2 (cuda:0)])
      (backcast_ff): FeedForward(
        (layers): ModuleList(
          (0): Sequential(
            (0): Linear(in_features=32, out_features=128, bias=True)
            (1): Dropout(p=0.0, inplace=False)
            (2): GELU(approximate='none')
            (3): Identity()
          )
          (1): Sequential(
            (0): Linear(in_features=128, out_features=32, bias=True)
            (1): Dropout(p=0.0, inplace=False)
            (2): Identity()
            (3): Identity()
          )
        )
      )
      (act): Identity()
    )
  )
  (out_proj): WNLinear(in_features=32, out_features=1, bias=True)
)
Epoch 0, Train Loss: 0.02418282, Val Loss: 0.01089987
Epoch 10, Train Loss: 0.00338718, Val Loss: 0.00302494
Epoch 20, Train Loss: 0.00257153, Val Loss: 0.00263635
Epoch 30, Train Loss: 0.00223586, Val Loss: 0.00121984
Epoch 40, Train Loss: 0.00197430, Val Loss: 0.00212649
Epoch 50, Train Loss: 0.00176253, Val Loss: 0.00108133
Epoch 60, Train Loss: 0.00156393, Val Loss: 0.00150397
Epoch 70, Train Loss: 0.00140177, Val Loss: 0.00100330
Epoch 80, Train Loss: 0.00125225, Val Loss: 0.00126354
Epoch 90, Train Loss: 0.00107368, Val Loss: 0.00160149
Epoch 100, Train Loss: 0.00093168, Val Loss: 0.00124330
Epoch 110, Train Loss: 0.00080058, Val Loss: 0.00076584
Epoch 120, Train Loss: 0.00067082, Val Loss: 0.00056084
Epoch 130, Train Loss: 0.00052817, Val Loss: 0.00037880
Epoch 140, Train Loss: 0.00041034, Val Loss: 0.00040388
Epoch 150, Train Loss: 0.00031921, Val Loss: 0.00029071
Epoch 160, Train Loss: 0.00024063, Val Loss: 0.00017991
Epoch 170, Train Loss: 0.00018021, Val Loss: 0.00018100
Epoch 180, Train Loss: 0.00014557, Val Loss: 0.00013825
Epoch 190, Train Loss: 0.00013223, Val Loss: 0.00012990
Test L2 Loss: 0.000002
Figure saved to output_logs/predictions/burger_0.01_fno_4432095_predictions.png
Original test data shape: x=torch.Size([49000, 1, 1024]), y=torch.Size([49000, 1, 1024])

Evaluating at resolution factor: 1
Downsampled shapes: x=torch.Size([49000, 1, 1024]), y=torch.Size([49000, 1, 1024])
Resolution factor 1 - Relative L2 Loss: 0.000130

Evaluating at resolution factor: 2
Downsampled shapes: x=torch.Size([49000, 1, 512]), y=torch.Size([49000, 1, 512])
[1;34mwandb[0m: 
[1;34mwandb[0m: 🚀 View run [33micy-meadow-4[0m at: [34mhttps://wandb.ai/rohanvk-carnegie-mellon-university/ffno1d/runs/dji49h9k[0m
[1;34mwandb[0m: Find logs at: [1;35mwandb/run-20250323_222558-dji49h9k/logs[0m
Job completed at Mon Mar 24 01:26:47 EDT 2025
