Job started on babel-5-27 at Tue May 13 04:11:46 EDT 2025
Job ID: 4863593
Using device: cuda
[2025-05-13 04:11:49,859][root][INFO] - model:
  _target_: models.s4_2d.S4NDModel
  d_input: 15
  d_output: 3
  d_model: 64
  n_layers: 4
  dropout: 0.2
  prenorm: false
dataset:
  reduced_batch: 1
  reduced_resolution: 8
  reduced_resolution_t: 4
  window_size: 15
  original_res: 512
  pde: navier_stokes_0
  data_path1: data/pdebench/ns_incom_inhom_2d_512-100.hdf5
training:
  batch_size: 16
  epochs: 100
  learning_rate: 0.001
  use_normalizer: false
project_name: ${dataset.pde}_${hydra:runtime.choices.model}
checkpoint_dir: checkpoints

Project name: navier_stokes_0_s4_2d/s4_2d
Model name: models.s4_2d.S4NDModel
PDE Dataset: navier_stokes_0
Loading from file: /home/rvk/data/pdebench/ns_incom_inhom_2d_512-100.hdf5
Available keys: ['force', 'particles', 't', 'velocity']
Velocity data shape: (4, 1000, 512, 512, 2)
Particles data shape: (4, 1000, 512, 512, 1)
Time data shape: (4, 250)
Combined data shape: (4, 250, 64, 64, 3)
x shape: torch.Size([940, 45, 64, 64])
y shape: torch.Size([940, 3, 64, 64])
---------Using data normalizer---------------
Train dataset size: 752
Validation dataset size: 94
Test dataset size: 94
<class 'torch.Tensor'> 0.002683475613594055 0.002350141992792487 1.009421467781067 1.026429533958435
Sample Input shape: torch.Size([16, 45, 64, 64])
Sample Output shape: torch.Size([16, 3, 64, 64])
[2025-05-13 04:12:24,419][models.s4][WARNING] - CUDA extension for structured kernels (Cauchy and Vandermonde multiplication) not found. Install by going to extensions/kernels/ and running `python setup.py install`, for improved speed and memory efficiency. Note that the kernel changed for state-spaces 4.0 and must be recompiled.
[2025-05-13 04:12:24,419][models.s4][WARNING] - Falling back on slow Cauchy and Vandermonde kernel. Install at least one of pykeops or the CUDA extension for better speed and memory efficiency.
[2025-05-13 04:12:24,423][models.s4nd][WARNING] - CUDA extension for structured kernels (Cauchy and Vandermonde multiplication) not found. Install by going to extensions/kernels/ and running `python setup.py install`, for improved speed and memory efficiency. Note that the kernel changed for state-spaces 4.0 and must be recompiled.
[2025-05-13 04:12:24,424][models.s4nd][WARNING] - Falling back on slow Cauchy and Vandermonde kernel. Install at least one of pykeops or the CUDA extension for better speed and memory efficiency.
S4NDModel(
  (encoder): Linear(in_features=47, out_features=64, bias=True)
  (s4_layers): ModuleList(
    (0-3): 4 x S4ND(
      (kernel): ModuleList(
        (0-1): 2 x SSMKernelDPLR()
      )
    )
  )
  (norms): ModuleList(
    (0-3): 4 x LayerNorm((64,), eps=1e-05, elementwise_affine=True)
  )
  (dropouts): ModuleList(
    (0-3): 4 x Dropout(p=0.2, inplace=False)
  )
  (decoder): Linear(in_features=64, out_features=3, bias=True)
)
Epoch 0, Train Loss: 0.63605531, Val Loss: 0.40107751
Epoch 10, Train Loss: 0.11292319, Val Loss: 0.38478057
Epoch 20, Train Loss: 0.08102599, Val Loss: 0.34254642
Epoch 30, Train Loss: 0.06785758, Val Loss: 0.26535504
Epoch 40, Train Loss: 0.06070363, Val Loss: 0.18702062
Epoch 50, Train Loss: 0.05668681, Val Loss: 0.14918953
Epoch 60, Train Loss: 0.05451098, Val Loss: 0.13477335
Epoch 70, Train Loss: 0.05320564, Val Loss: 0.11758196
Epoch 80, Train Loss: 0.05247424, Val Loss: 0.11290817
Epoch 90, Train Loss: 0.05229337, Val Loss: 0.11254341
Test L2 Loss: 0.097892
Model saved to checkpoints/s4ndmodel/navier_stokes_0_4863593.pt
Original test data shape: x=torch.Size([94, 45, 64, 64]), y=torch.Size([94, 3, 64, 64])

Evaluating at resolution factor: 1
Resolution factor 1 - Relative L2 Loss: 0.097810

Evaluating at resolution factor: 2
Downsampled shapes: x=torch.Size([94, 45, 32, 32]), y=torch.Size([94, 3, 32, 32])
Resolution factor 2 - Relative L2 Loss: 0.090389

Evaluating at resolution factor: 4
Downsampled shapes: x=torch.Size([94, 45, 16, 16]), y=torch.Size([94, 3, 16, 16])
Resolution factor 4 - Relative L2 Loss: 0.132088

Evaluating at resolution factor: 8
Downsampled shapes: x=torch.Size([94, 45, 8, 8]), y=torch.Size([94, 3, 8, 8])
Resolution factor 8 - Relative L2 Loss: 0.175696

Evaluating at resolution factor: 16
Downsampled shapes: x=torch.Size([94, 45, 4, 4]), y=torch.Size([94, 3, 4, 4])
Resolution factor 16 - Relative L2 Loss: 0.198484

Evaluating at resolution factor: 32
Downsampled shapes: x=torch.Size([94, 45, 2, 2]), y=torch.Size([94, 3, 2, 2])
Resolution factor 32 - Relative L2 Loss: 0.250135
Loading from file: /home/rvk/data/pdebench/ns_incom_inhom_2d_512-100.hdf5
Available keys: ['force', 'particles', 't', 'velocity']
Velocity data shape: (4, 1000, 512, 512, 2)
Particles data shape: (4, 1000, 512, 512, 1)
Time data shape: (4, 250)
Combined data shape: (4, 250, 512, 512, 3)
x shape: torch.Size([940, 45, 512, 512])
y shape: torch.Size([940, 3, 512, 512])
---------Using data normalizer---------------
Train dataset size: 752
Validation dataset size: 94
Test dataset size: 94
Original test data shape: x=torch.Size([94, 45, 512, 512]), y=torch.Size([94, 3, 512, 512])
Testing resolutions: [128, 256, 512]

Evaluating at resolution: 128
Downsampled shapes: x=torch.Size([94, 45, 128, 128]), y=torch.Size([94, 3, 128, 128])
Resolution 128 - Relative L2 Loss: 0.324581

Evaluating at resolution: 256
Downsampled shapes: x=torch.Size([94, 45, 256, 256]), y=torch.Size([94, 3, 256, 256])
Resolution 256 - Relative L2 Loss: 0.468241

Evaluating at resolution: 512
Downsampled shapes: x=torch.Size([94, 45, 512, 512]), y=torch.Size([94, 3, 512, 512])
Error evaluating resolution 512: CUDA out of memory. Tried to allocate 16.03 GiB. GPU 0 has a total capacity of 79.25 GiB of which 6.03 GiB is free. Including non-PyTorch memory, this process has 73.21 GiB memory in use. Of the allocated memory 71.53 GiB is allocated by PyTorch, and 1.17 GiB is reserved by PyTorch but unallocated. If reserved but unallocated memory is large try setting PYTORCH_CUDA_ALLOC_CONF=expandable_segments:True to avoid fragmentation.  See documentation for Memory Management  (https://pytorch.org/docs/stable/notes/cuda.html#environment-variables)

Summary of Super-Resolution Evaluation:
Resolution factor 1: Relative L2 Loss = 0.097810
Resolution factor 2: Relative L2 Loss = 0.090389
Resolution factor 4: Relative L2 Loss = 0.132088
Resolution factor 8: Relative L2 Loss = 0.175696
Resolution factor 16: Relative L2 Loss = 0.198484
Resolution factor 32: Relative L2 Loss = 0.250135

Summary of Higher-Resolution Evaluation:
Resolution 128: Relative L2 Loss = 0.324581
Resolution 256: Relative L2 Loss = 0.468241
Job completed at Tue May 13 04:17:28 EDT 2025
