Job started on babel-6-21 at Sat Jun  7 16:31:55 EDT 2025
Job ID: 5034899
GPU information:
Sat Jun  7 16:31:55 2025       
+-----------------------------------------------------------------------------------------+
| NVIDIA-SMI 575.51.03              Driver Version: 575.51.03      CUDA Version: 12.9     |
|-----------------------------------------+------------------------+----------------------+
| GPU  Name                 Persistence-M | Bus-Id          Disp.A | Volatile Uncorr. ECC |
| Fan  Temp   Perf          Pwr:Usage/Cap |           Memory-Usage | GPU-Util  Compute M. |
|                                         |                        |               MIG M. |
|=========================================+========================+======================|
|   0  NVIDIA RTX A6000               On  |   00000000:81:00.0 Off |                  Off |
| 30%   30C    P8             22W /  300W |       1MiB /  49140MiB |      0%      Default |
|                                         |                        |                  N/A |
+-----------------------------------------+------------------------+----------------------+
|   1  NVIDIA RTX A6000               On  |   00000000:C1:00.0 Off |                  Off |
| 30%   30C    P8             22W /  300W |       1MiB /  49140MiB |      0%      Default |
|                                         |                        |                  N/A |
+-----------------------------------------+------------------------+----------------------+
                                                                                         
+-----------------------------------------------------------------------------------------+
| Processes:                                                                              |
|  GPU   GI   CI              PID   Type   Process name                        GPU Memory |
|        ID   ID                                                               Usage      |
|=========================================================================================|
|  No running processes found                                                             |
+-----------------------------------------------------------------------------------------+
CUDA devices:
CUDA_VISIBLE_DEVICES: 0,1
Using device: cuda
[2025-06-07 16:31:59,797][root][INFO] - model:
  _target_: models.ffno.FFNO2D
  in_channels: 3
  out_channels: 3
  width: 32
  factor: 4
  n_modes: 16
  n_layers: 4
  dropout: 0.0
  mode: full
  ff_weight_norm: true
  n_ff_layers: 2
  layer_norm: true
dataset:
  reduced_batch: 1
  reduced_resolution: 1
  reduced_resolution_t: 1
  window_size: 15
  original_res: 512
  multi_res:
  - 2
  - 8
  train_mres: true
  pde: navier_stokes_0
  data_path1: data/pdebench/ns_incom_inhom_2d_512-0.hdf5
training:
  batch_size: 32
  epochs: 250
  learning_rate: 0.001
  use_normalizer: false
project_name: ${dataset.pde}_${hydra:runtime.choices.model}
checkpoint_dir: checkpoints

Project name: navier_stokes_0_ffno_2d/ns_ffno_2d
Model name: models.ffno.FFNO2D
PDE Dataset: navier_stokes_0
Loading from file: /home/rvk/data/pdebench/ns_incom_inhom_2d_512-0.hdf5
Available keys: ['force', 'particles', 't', 'velocity']
Velocity data shape: (4, 1000, 512, 512, 2)
Particles data shape: (4, 1000, 512, 512, 1)
Combined data shape: (4, 1000, 512, 512, 3)
x shape: torch.Size([3992, 3, 512, 512])
y shape: torch.Size([3992, 3, 512, 512])
---------Using data normalizer---------------
Train dataset size: 3193
Validation dataset size: 399
Test dataset size: 400
<class 'torch.Tensor'> 0.0011990884086117148 0.0011378584895282984 0.9868549704551697 0.9907580614089966
Sample Input shape: torch.Size([32, 3, 512, 512])
Sample Output shape: torch.Size([32, 3, 512, 512])
FFNO2D(
  (in_proj): WNLinear(in_features=5, out_features=32, bias=True)
  (fourier_layers): ModuleList(
    (0-3): 4 x FSpectralConv2d(
      (fourier_weight): ParameterList(
          (0): Parameter containing: [torch.float32 of size 32x32x16x2 (cuda:0)]
          (1): Parameter containing: [torch.float32 of size 32x32x16x2 (cuda:0)]
      )
      (backcast_ff): FeedForward(
        (layers): ModuleList(
          (0): Sequential(
            (0): Linear(in_features=32, out_features=128, bias=True)
            (1): Dropout(p=0.0, inplace=False)
            (2): GELU(approximate='none')
            (3): Identity()
          )
          (1): Sequential(
            (0): Linear(in_features=128, out_features=32, bias=True)
            (1): Dropout(p=0.0, inplace=False)
            (2): Identity()
            (3): LayerNorm((32,), eps=1e-05, elementwise_affine=True)
          )
        )
      )
    )
  )
  (out_proj): WNLinear(in_features=32, out_features=3, bias=True)
)
Epoch 0, Train Loss: 0.21602683, Val Loss: 0.09745341
Epoch 10, Train Loss: 0.03736555, Val Loss: 0.03236731
Epoch 20, Train Loss: 0.03574651, Val Loss: 0.03534103
Epoch 30, Train Loss: 0.03175547, Val Loss: 0.03043354
Epoch 40, Train Loss: 0.02857426, Val Loss: 0.02923045
Epoch 50, Train Loss: 0.02618736, Val Loss: 0.03201827
Epoch 60, Train Loss: 0.02742250, Val Loss: 0.02900411
Epoch 70, Train Loss: 0.02762003, Val Loss: 0.02928870
Epoch 80, Train Loss: 0.02534449, Val Loss: 0.02566851
Epoch 90, Train Loss: 0.02559172, Val Loss: 0.02756280
Epoch 100, Train Loss: 0.02605355, Val Loss: 0.03245173
Epoch 110, Train Loss: 0.02529489, Val Loss: 0.02549759
Epoch 120, Train Loss: 0.02491113, Val Loss: 0.02634338
Epoch 130, Train Loss: 0.02453430, Val Loss: 0.02638649
Epoch 140, Train Loss: 0.02435438, Val Loss: 0.02640996
Epoch 150, Train Loss: 0.02403559, Val Loss: 0.02293168
Epoch 160, Train Loss: 0.02310156, Val Loss: 0.02309750
Epoch 170, Train Loss: 0.02336929, Val Loss: 0.02644404
Epoch 180, Train Loss: 0.02437256, Val Loss: 0.02473926
Epoch 190, Train Loss: 0.02456865, Val Loss: 0.02501509
Epoch 200, Train Loss: 0.02386908, Val Loss: 0.02892573
Epoch 210, Train Loss: 0.02420993, Val Loss: 0.02439829
Epoch 220, Train Loss: 0.02240016, Val Loss: 0.02837964
Epoch 230, Train Loss: 0.02217032, Val Loss: 0.02586133
Epoch 240, Train Loss: 0.02129789, Val Loss: 0.02785218
Test L2 Loss: 0.005237
Model saved to checkpoints/ffno2d/navier_stokes_0_5034899.pt
Original test data shape: x=torch.Size([400, 3, 512, 512]), y=torch.Size([400, 3, 512, 512])

Evaluating at resolution factor: 1
Resolution factor 1 - Relative L2 Loss: 0.005205

Evaluating at resolution factor: 2
Downsampled shapes: x=torch.Size([400, 3, 256, 256]), y=torch.Size([400, 3, 256, 256])
Resolution factor 2 - Relative L2 Loss: 0.023084

Evaluating at resolution factor: 4
Downsampled shapes: x=torch.Size([400, 3, 128, 128]), y=torch.Size([400, 3, 128, 128])
Resolution factor 4 - Relative L2 Loss: 0.027772

Evaluating at resolution factor: 8
Downsampled shapes: x=torch.Size([400, 3, 64, 64]), y=torch.Size([400, 3, 64, 64])
Resolution factor 8 - Relative L2 Loss: 0.035568

Evaluating at resolution factor: 16
Downsampled shapes: x=torch.Size([400, 3, 32, 32]), y=torch.Size([400, 3, 32, 32])
Resolution factor 16 - Relative L2 Loss: 0.045481

Evaluating at resolution factor: 32
Downsampled shapes: x=torch.Size([400, 3, 16, 16]), y=torch.Size([400, 3, 16, 16])
Skipping Resolution factor 32 because not enough modes
Loading from file: /home/rvk/data/pdebench/ns_incom_inhom_2d_512-0.hdf5
Available keys: ['force', 'particles', 't', 'velocity']
Velocity data shape: (4, 1000, 512, 512, 2)
Particles data shape: (4, 1000, 512, 512, 1)
Combined data shape: (4, 1000, 512, 512, 3)
x shape: torch.Size([3992, 3, 512, 512])
y shape: torch.Size([3992, 3, 512, 512])
---------Using data normalizer---------------
Train dataset size: 3193
Validation dataset size: 399
Test dataset size: 400
Original test data shape: x=torch.Size([400, 3, 512, 512]), y=torch.Size([400, 3, 512, 512])
Testing resolutions: []

Summary of Super-Resolution Evaluation:
Resolution factor 1: Relative L2 Loss = 0.005205
Resolution factor 2: Relative L2 Loss = 0.023084
Resolution factor 4: Relative L2 Loss = 0.027772
Resolution factor 8: Relative L2 Loss = 0.035568
Resolution factor 16: Relative L2 Loss = 0.045481

Summary of Higher-Resolution Evaluation:
[1;34mwandb[0m: 
[1;34mwandb[0m: 🚀 View run [33mflowing-leaf-13[0m at: [34mhttps://wandb.ai/rohanvk-carnegie-mellon-university/ffno2d/runs/f49morn0[0m
[1;34mwandb[0m: Find logs at: [1;35mwandb/run-20250607_163307-f49morn0/logs[0m
Job completed at Sat Jun  7 18:37:48 EDT 2025
