Job started on babel-8-9 at Tue Jun 24 16:50:53 EDT 2025
Job ID: 5157323
GPU information:
Tue Jun 24 16:50:53 2025       
+-----------------------------------------------------------------------------------------+
| NVIDIA-SMI 575.51.03              Driver Version: 575.51.03      CUDA Version: 12.9     |
|-----------------------------------------+------------------------+----------------------+
| GPU  Name                 Persistence-M | Bus-Id          Disp.A | Volatile Uncorr. ECC |
| Fan  Temp   Perf          Pwr:Usage/Cap |           Memory-Usage | GPU-Util  Compute M. |
|                                         |                        |               MIG M. |
|=========================================+========================+======================|
|   0  NVIDIA L40S                    On  |   00000000:4F:00.0 Off |                    0 |
| N/A   27C    P8             31W /  350W |       0MiB /  46068MiB |      0%      Default |
|                                         |                        |                  N/A |
+-----------------------------------------+------------------------+----------------------+
|   1  NVIDIA L40S                    On  |   00000000:52:00.0 Off |                    0 |
| N/A   26C    P8             30W /  350W |       0MiB /  46068MiB |      0%      Default |
|                                         |                        |                  N/A |
+-----------------------------------------+------------------------+----------------------+
                                                                                         
+-----------------------------------------------------------------------------------------+
| Processes:                                                                              |
|  GPU   GI   CI              PID   Type   Process name                        GPU Memory |
|        ID   ID                                                               Usage      |
|=========================================================================================|
|  No running processes found                                                             |
+-----------------------------------------------------------------------------------------+
CUDA devices:
CUDA_VISIBLE_DEVICES: 0,1
Using device: cuda
[2025-06-24 16:50:58,236][root][INFO] - model:
  _target_: models.ffno.FFNO2D
  in_channels: 3
  out_channels: 3
  width: 32
  factor: 4
  n_modes: 16
  n_layers: 4
  dropout: 0.0
  mode: full
  ff_weight_norm: true
  n_ff_layers: 2
  layer_norm: true
  use_grid: false
dataset:
  reduced_batch: 1
  reduced_resolution: 1
  reduced_resolution_t: 1
  window_size: 15
  original_res: 512
  train_resolution: 512
  multi_res:
  - 1
  - 4
  s: 512
  train_mres: false
  pde: navier_stokes_0
  data_path1: data/pdebench/ns_incom_inhom_2d_512-0.hdf5
training:
  batch_size: 16
  epochs: 100
  learning_rate: 0.001
  use_normalizer: false
project_name: ${dataset.pde}_${hydra:runtime.choices.model}
checkpoint_dir: checkpoints

Project name: navier_stokes_0_ffno_2d/ns_ffno_2d
Model name: models.ffno.FFNO2D
PDE Dataset: navier_stokes_0
Loading from file: /home/rvk/data/pdebench/ns_incom_inhom_2d_512-0.hdf5
Available keys: ['force', 'particles', 't', 'velocity']
Velocity data shape: (4, 1000, 512, 512, 2)
Particles data shape: (4, 1000, 512, 512, 1)
Combined data shape: (4, 1000, 512, 512, 3)
Current Spatial Size: 512
x shape: torch.Size([3992, 3, 512, 512])
y shape: torch.Size([3992, 3, 512, 512])
---------Computing min-max normalization statistics---------------
Input data range: [-2.759037, 2.506686]
Output data range: [-2.752234, 2.492671]
Train dataset size: 3193
Validation dataset size: 399
Test dataset size: 400
<class 'torch.Tensor'> 0.5245187878608704 0.5253044962882996 0.09911852329969406 0.09947260469198227
Total Model Parameters: 0.30M
Trainable Parameters: 0.30M
Epoch 0, Train Loss: 0.15468665, Val Loss: 0.07413356
Epoch 10, Train Loss: 0.01052541, Val Loss: 0.01061276
Epoch 20, Train Loss: 0.00692604, Val Loss: 0.00746814
Epoch 30, Train Loss: 0.00401791, Val Loss: 0.00384779
Epoch 40, Train Loss: 0.00369624, Val Loss: 0.00364342
Epoch 50, Train Loss: 0.00214631, Val Loss: 0.00211770
Epoch 60, Train Loss: 0.00212730, Val Loss: 0.00169903
Epoch 70, Train Loss: 0.00191037, Val Loss: 0.00166450
Epoch 80, Train Loss: 0.00137147, Val Loss: 0.00151717
Epoch 90, Train Loss: 0.00125254, Val Loss: 0.00133601
Test L2 Loss: 0.007041
Model saved to checkpoints/ffno2d/navier_stokes_0_5157323.pt
Using provided normalization statistics from training resolution 512:
  Input range: [-2.759037, 2.506686]
  Output range: [-2.752234, 2.492671]
Testing resolutions: [32, 64, 128, 256, 512]
Loading from file: /home/rvk/data/pdebench/ns_incom_inhom_2d_512-0.hdf5
Available keys: ['force', 'particles', 't', 'velocity']
Velocity data shape: (4, 1000, 512, 512, 2)
Particles data shape: (4, 1000, 512, 512, 1)
Combined data shape: (4, 1000, 512, 512, 3)
Current Spatial Size: 512
Downsampling from 512x512 to 32x32
Data shape after downsampling: (4, 1000, 32, 32, 3)
x shape: torch.Size([3992, 3, 32, 32])
y shape: torch.Size([3992, 3, 32, 32])
Train dataset size: 3193
Validation dataset size: 399
Test dataset size: 400
Resolution 32 - Relative L2 Loss: 0.006685
Loading from file: /home/rvk/data/pdebench/ns_incom_inhom_2d_512-0.hdf5
Available keys: ['force', 'particles', 't', 'velocity']
Velocity data shape: (4, 1000, 512, 512, 2)
Particles data shape: (4, 1000, 512, 512, 1)
Combined data shape: (4, 1000, 512, 512, 3)
Current Spatial Size: 512
Downsampling from 512x512 to 64x64
Data shape after downsampling: (4, 1000, 64, 64, 3)
x shape: torch.Size([3992, 3, 64, 64])
y shape: torch.Size([3992, 3, 64, 64])
Train dataset size: 3193
Validation dataset size: 399
Test dataset size: 400
Resolution 64 - Relative L2 Loss: 0.006901
Loading from file: /home/rvk/data/pdebench/ns_incom_inhom_2d_512-0.hdf5
Available keys: ['force', 'particles', 't', 'velocity']
Velocity data shape: (4, 1000, 512, 512, 2)
Particles data shape: (4, 1000, 512, 512, 1)
Combined data shape: (4, 1000, 512, 512, 3)
Current Spatial Size: 512
Downsampling from 512x512 to 128x128
Data shape after downsampling: (4, 1000, 128, 128, 3)
x shape: torch.Size([3992, 3, 128, 128])
y shape: torch.Size([3992, 3, 128, 128])
Train dataset size: 3193
Validation dataset size: 399
Test dataset size: 400
Resolution 128 - Relative L2 Loss: 0.007022
Loading from file: /home/rvk/data/pdebench/ns_incom_inhom_2d_512-0.hdf5
Available keys: ['force', 'particles', 't', 'velocity']
Velocity data shape: (4, 1000, 512, 512, 2)
Particles data shape: (4, 1000, 512, 512, 1)
Combined data shape: (4, 1000, 512, 512, 3)
Current Spatial Size: 512
Downsampling from 512x512 to 256x256
Data shape after downsampling: (4, 1000, 256, 256, 3)
x shape: torch.Size([3992, 3, 256, 256])
y shape: torch.Size([3992, 3, 256, 256])
Train dataset size: 3193
Validation dataset size: 399
Test dataset size: 400
Resolution 256 - Relative L2 Loss: 0.007036
Loading from file: /home/rvk/data/pdebench/ns_incom_inhom_2d_512-0.hdf5
Available keys: ['force', 'particles', 't', 'velocity']
Velocity data shape: (4, 1000, 512, 512, 2)
Particles data shape: (4, 1000, 512, 512, 1)
Combined data shape: (4, 1000, 512, 512, 3)
Current Spatial Size: 512
x shape: torch.Size([3992, 3, 512, 512])
y shape: torch.Size([3992, 3, 512, 512])
Train dataset size: 3193
Validation dataset size: 399
Test dataset size: 400
Resolution 512 - Relative L2 Loss: 0.007041

==================================================
EVALUATION SUMMARY
==================================================
Resolution  32: 0.006685
Resolution  64: 0.006901
Resolution 128: 0.007022
Resolution 256: 0.007036
Resolution 512: 0.007041

Summary of Super-Resolution Evaluation:
Resolution factor 32: Relative L2 Loss = 0.006685
Resolution factor 64: Relative L2 Loss = 0.006901
Resolution factor 128: Relative L2 Loss = 0.007022
Resolution factor 256: Relative L2 Loss = 0.007036
Resolution factor 512: Relative L2 Loss = 0.007041
[1;34mwandb[0m: 
[1;34mwandb[0m: 🚀 View run [33mdainty-galaxy-27[0m at: [34mhttps://wandb.ai/rohanvk-carnegie-mellon-university/ffno2d/runs/qhwf2xj8[0m
[1;34mwandb[0m: Find logs at: [1;35mwandb/run-20250624_165208-qhwf2xj8/logs[0m
Job completed at Tue Jun 24 21:08:52 EDT 2025
