Job started on babel-3-5 at Tue Sep  2 16:44:44 EDT 2025
Job ID: 5430008
GPU information:
Tue Sep  2 16:44:44 2025       
+-----------------------------------------------------------------------------------------+
| NVIDIA-SMI 575.51.03              Driver Version: 575.51.03      CUDA Version: 12.9     |
|-----------------------------------------+------------------------+----------------------+
| GPU  Name                 Persistence-M | Bus-Id          Disp.A | Volatile Uncorr. ECC |
| Fan  Temp   Perf          Pwr:Usage/Cap |           Memory-Usage | GPU-Util  Compute M. |
|                                         |                        |               MIG M. |
|=========================================+========================+======================|
|   0  NVIDIA L40S                    On  |   00000000:D5:00.0 Off |                    0 |
| N/A   25C    P8             30W /  280W |       0MiB /  46068MiB |      0%      Default |
|                                         |                        |                  N/A |
+-----------------------------------------+------------------------+----------------------+
|   1  NVIDIA L40S                    On  |   00000000:D6:00.0 Off |                    0 |
| N/A   23C    P8             31W /  280W |       0MiB /  46068MiB |      0%      Default |
|                                         |                        |                  N/A |
+-----------------------------------------+------------------------+----------------------+
                                                                                         
+-----------------------------------------------------------------------------------------+
| Processes:                                                                              |
|  GPU   GI   CI              PID   Type   Process name                        GPU Memory |
|        ID   ID                                                               Usage      |
|=========================================================================================|
|  No running processes found                                                             |
+-----------------------------------------------------------------------------------------+
CUDA devices:
CUDA_VISIBLE_DEVICES: 0,1
/home/rvk
============================================================
ARGUMENTS:
============================================================
experiment          : KS
device              : cpu
end_time            : 5.0
nt                  : 51
nt_effective        : 51
nx                  : 800
L                   : 64.0
train_samples       : 1024
valid_samples       : 128
test_samples        : 128
batch_size          : 1
suffix              : 
log                 : False
viscosity           : 0.05
lmax                : 8
create_plots        : True
num_plots           : 10
plot_resolutions    : [32, 64, 128, 256, 512]
============================================================
Data directory /data/user_data/rvk/ks/res_800/visc_0.05_L64.0_lmax8_et5.0_nte51_nt51 created.
Log directory /data/user_data/rvk/ks/res_800/visc_0.05_L64.0_lmax8_et5.0_nte51_nt51/log created.
Generating data
No file /data/user_data/rvk/ks/res_800/visc_0.05_L64.0_lmax8_et5.0_nte51_nt51/KS_test.h5 exists yet.
No file /data/user_data/rvk/ks/res_800/visc_0.05_L64.0_lmax8_et5.0_nte51_nt51/KS_train_1024.h5 exists yet.
No file /data/user_data/rvk/ks/res_800/visc_0.05_L64.0_lmax8_et5.0_nte51_nt51/KS_valid.h5 exists yet.
Equation: KS
Mode: test
Number of samples: 128
Solved indices: 0 : 0
Solved batches: 1 of 128
Solved indices: 1 : 1
Solved batches: 2 of 128
Solved indices: 2 : 2
Solved batches: 3 of 128
Solved indices: 3 : 3
Solved batches: 4 of 128
Solved indices: 4 : 4
Solved batches: 5 of 128
Solved indices: 5 : 5
Solved batches: 6 of 128
Solved indices: 6 : 6
Solved batches: 7 of 128
Solved indices: 7 : 7
Solved batches: 8 of 128
Solved indices: 8 : 8
Solved batches: 9 of 128
Solved indices: 9 : 9
Solved batches: 10 of 128
Solved indices: 10 : 10
Solved batches: 11 of 128
Solved indices: 11 : 11
Solved batches: 12 of 128
Solved indices: 12 : 12
Solved batches: 13 of 128
Solved indices: 13 : 13
Solved batches: 14 of 128
Solved indices: 14 : 14
Solved batches: 15 of 128
Solved indices: 15 : 15
Solved batches: 16 of 128
Solved indices: 16 : 16
Solved batches: 17 of 128
Solved indices: 17 : 17
Solved batches: 18 of 128
Solved indices: 18 : 18
Solved batches: 19 of 128
Solved indices: 19 : 19
Solved batches: 20 of 128
Solved indices: 20 : 20
Solved batches: 21 of 128
Solved indices: 21 : 21
Solved batches: 22 of 128
Solved indices: 22 : 22
Solved batches: 23 of 128
Solved indices: 23 : 23
Solved batches: 24 of 128
Solved indices: 24 : 24
Solved batches: 25 of 128
Solved indices: 25 : 25
Solved batches: 26 of 128
Solved indices: 26 : 26
Solved batches: 27 of 128
Solved indices: 27 : 27
Solved batches: 28 of 128
Solved indices: 28 : 28
Solved batches: 29 of 128
Solved indices: 29 : 29
Solved batches: 30 of 128
Solved indices: 30 : 30
Solved batches: 31 of 128
Solved indices: 31 : 31
Solved batches: 32 of 128
Solved indices: 32 : 32
Solved batches: 33 of 128
Solved indices: 33 : 33
Solved batches: 34 of 128
Solved indices: 34 : 34
Solved batches: 35 of 128
Solved indices: 35 : 35
Solved batches: 36 of 128
Solved indices: 36 : 36
Solved batches: 37 of 128
Solved indices: 37 : 37
Solved batches: 38 of 128
Solved indices: 38 : 38
Solved batches: 39 of 128
Solved indices: 39 : 39
Solved batches: 40 of 128
Solved indices: 40 : 40
Solved batches: 41 of 128
Solved indices: 41 : 41
Solved batches: 42 of 128
Solved indices: 42 : 42
Solved batches: 43 of 128
Solved indices: 43 : 43
Solved batches: 44 of 128
Solved indices: 44 : 44
Solved batches: 45 of 128
Solved indices: 45 : 45
Solved batches: 46 of 128
Solved indices: 46 : 46
Solved batches: 47 of 128
Solved indices: 47 : 47
Solved batches: 48 of 128
Solved indices: 48 : 48
Solved batches: 49 of 128
Solved indices: 49 : 49
Solved batches: 50 of 128
Solved indices: 50 : 50
Solved batches: 51 of 128
Solved indices: 51 : 51
Solved batches: 52 of 128
Solved indices: 52 : 52
Solved batches: 53 of 128
Solved indices: 53 : 53
Solved batches: 54 of 128
Solved indices: 54 : 54
Solved batches: 55 of 128
Solved indices: 55 : 55
Solved batches: 56 of 128
Solved indices: 56 : 56
Solved batches: 57 of 128
Solved indices: 57 : 57
Solved batches: 58 of 128
Solved indices: 58 : 58
Solved batches: 59 of 128
Solved indices: 59 : 59
Solved batches: 60 of 128
Solved indices: 60 : 60
Solved batches: 61 of 128
Solved indices: 61 : 61
Solved batches: 62 of 128
Solved indices: 62 : 62
Solved batches: 63 of 128
Solved indices: 63 : 63
Solved batches: 64 of 128
Solved indices: 64 : 64
Solved batches: 65 of 128
Solved indices: 65 : 65
Solved batches: 66 of 128
Solved indices: 66 : 66
Solved batches: 67 of 128
Solved indices: 67 : 67
Solved batches: 68 of 128
Solved indices: 68 : 68
Solved batches: 69 of 128
Solved indices: 69 : 69
Solved batches: 70 of 128
Solved indices: 70 : 70
Solved batches: 71 of 128
Solved indices: 71 : 71
Solved batches: 72 of 128
Solved indices: 72 : 72
Solved batches: 73 of 128
Solved indices: 73 : 73
Solved batches: 74 of 128
Solved indices: 74 : 74
Solved batches: 75 of 128
Solved indices: 75 : 75
Solved batches: 76 of 128
Solved indices: 76 : 76
Solved batches: 77 of 128
Solved indices: 77 : 77
Solved batches: 78 of 128
Solved indices: 78 : 78
Solved batches: 79 of 128
Solved indices: 79 : 79
Solved batches: 80 of 128
Solved indices: 80 : 80
Solved batches: 81 of 128
Solved indices: 81 : 81
Solved batches: 82 of 128
Solved indices: 82 : 82
Solved batches: 83 of 128
Solved indices: 83 : 83
Solved batches: 84 of 128
Solved indices: 84 : 84
Solved batches: 85 of 128
Solved indices: 85 : 85
Solved batches: 86 of 128
Solved indices: 86 : 86
Solved batches: 87 of 128
Solved indices: 87 : 87
Solved batches: 88 of 128
Solved indices: 88 : 88
Solved batches: 89 of 128
Solved indices: 89 : 89
Solved batches: 90 of 128
Solved indices: 90 : 90
Solved batches: 91 of 128
Solved indices: 91 : 91
Solved batches: 92 of 128
Solved indices: 92 : 92
Solved batches: 93 of 128
Solved indices: 93 : 93
Solved batches: 94 of 128
Solved indices: 94 : 94
Solved batches: 95 of 128
Solved indices: 95 : 95
Solved batches: 96 of 128
Solved indices: 96 : 96
Solved batches: 97 of 128
Solved indices: 97 : 97
Solved batches: 98 of 128
Solved indices: 98 : 98
Solved batches: 99 of 128
Solved indices: 99 : 99
Solved batches: 100 of 128
Solved indices: 100 : 100
Solved batches: 101 of 128
Solved indices: 101 : 101
Solved batches: 102 of 128
Solved indices: 102 : 102
Solved batches: 103 of 128
Solved indices: 103 : 103
Solved batches: 104 of 128
Solved indices: 104 : 104
Solved batches: 105 of 128
Solved indices: 105 : 105
Solved batches: 106 of 128
Solved indices: 106 : 106
Solved batches: 107 of 128
Solved indices: 107 : 107
Solved batches: 108 of 128
Solved indices: 108 : 108
Solved batches: 109 of 128
Solved indices: 109 : 109
Solved batches: 110 of 128
Solved indices: 110 : 110
Solved batches: 111 of 128
Solved indices: 111 : 111
Solved batches: 112 of 128
Solved indices: 112 : 112
Solved batches: 113 of 128
Solved indices: 113 : 113
Solved batches: 114 of 128
Solved indices: 114 : 114
Solved batches: 115 of 128
Solved indices: 115 : 115
Solved batches: 116 of 128
Solved indices: 116 : 116
Solved batches: 117 of 128
Solved indices: 117 : 117
Solved batches: 118 of 128
Solved indices: 118 : 118
Solved batches: 119 of 128
Solved indices: 119 : 119
Solved batches: 120 of 128
Solved indices: 120 : 120
Solved batches: 121 of 128
Solved indices: 121 : 121
Solved batches: 122 of 128
Solved indices: 122 : 122
Solved batches: 123 of 128
Solved indices: 123 : 123
Solved batches: 124 of 128
Solved indices: 124 : 124
Solved batches: 125 of 128
Solved indices: 125 : 125
Solved batches: 126 of 128
Solved indices: 126 : 126
Solved batches: 127 of 128
Solved indices: 127 : 127
Solved batches: 128 of 128

Data saved


Equation: KS
Mode: train
Number of samples: 1024
Solved indices: 0 : 0
Solved batches: 1 of 1024
Solved indices: 1 : 1
Solved batches: 2 of 1024
Solved indices: 2 : 2
Solved batches: 3 of 1024
Solved indices: 3 : 3
Solved batches: 4 of 1024
Solved indices: 4 : 4
Solved batches: 5 of 1024
Solved indices: 5 : 5
Solved batches: 6 of 1024
Solved indices: 6 : 6
Solved batches: 7 of 1024
Solved indices: 7 : 7
Solved batches: 8 of 1024
Solved indices: 8 : 8
Solved batches: 9 of 1024
Solved indices: 9 : 9
Solved batches: 10 of 1024
Solved indices: 10 : 10
Solved batches: 11 of 1024
Solved indices: 11 : 11
Solved batches: 12 of 1024
Solved indices: 12 : 12
Solved batches: 13 of 1024
Solved indices: 13 : 13
Solved batches: 14 of 1024
Solved indices: 14 : 14
Solved batches: 15 of 1024
Solved indices: 15 : 15
Solved batches: 16 of 1024
Solved indices: 16 : 16
Solved batches: 17 of 1024
Solved indices: 17 : 17
Solved batches: 18 of 1024
Solved indices: 18 : 18
Solved batches: 19 of 1024
Solved indices: 19 : 19
Solved batches: 20 of 1024
Solved indices: 20 : 20
Solved batches: 21 of 1024
Solved indices: 21 : 21
Solved batches: 22 of 1024
Solved indices: 22 : 22
Solved batches: 23 of 1024
Solved indices: 23 : 23
Solved batches: 24 of 1024
Solved indices: 24 : 24
Solved batches: 25 of 1024
Solved indices: 25 : 25
Solved batches: 26 of 1024
Solved indices: 26 : 26
Solved batches: 27 of 1024
Solved indices: 27 : 27
Solved batches: 28 of 1024
Solved indices: 28 : 28
Solved batches: 29 of 1024
Solved indices: 29 : 29
Solved batches: 30 of 1024
Solved indices: 30 : 30
Solved batches: 31 of 1024
Solved indices: 31 : 31
Solved batches: 32 of 1024
Solved indices: 32 : 32
Solved batches: 33 of 1024
Solved indices: 33 : 33
Solved batches: 34 of 1024
Solved indices: 34 : 34
Solved batches: 35 of 1024
Solved indices: 35 : 35
Solved batches: 36 of 1024
Solved indices: 36 : 36
Solved batches: 37 of 1024
Solved indices: 37 : 37
Solved batches: 38 of 1024
Solved indices: 38 : 38
Solved batches: 39 of 1024
Solved indices: 39 : 39
Solved batches: 40 of 1024
Solved indices: 40 : 40
Solved batches: 41 of 1024
Solved indices: 41 : 41
Solved batches: 42 of 1024
Solved indices: 42 : 42
Solved batches: 43 of 1024
Solved indices: 43 : 43
Solved batches: 44 of 1024
Solved indices: 44 : 44
Solved batches: 45 of 1024
Solved indices: 45 : 45
Solved batches: 46 of 1024
Solved indices: 46 : 46
Solved batches: 47 of 1024
Solved indices: 47 : 47
Solved batches: 48 of 1024
Solved indices: 48 : 48
Solved batches: 49 of 1024
Solved indices: 49 : 49
Solved batches: 50 of 1024
Solved indices: 50 : 50
Solved batches: 51 of 1024
Solved indices: 51 : 51
Solved batches: 52 of 1024
Solved indices: 52 : 52
Solved batches: 53 of 1024
Solved indices: 53 : 53
Solved batches: 54 of 1024
Solved indices: 54 : 54
Solved batches: 55 of 1024
Solved indices: 55 : 55
Solved batches: 56 of 1024
Solved indices: 56 : 56
Solved batches: 57 of 1024
Solved indices: 57 : 57
Solved batches: 58 of 1024
Solved indices: 58 : 58
Solved batches: 59 of 1024
Solved indices: 59 : 59
Solved batches: 60 of 1024
Solved indices: 60 : 60
Solved batches: 61 of 1024
Solved indices: 61 : 61
Solved batches: 62 of 1024
Solved indices: 62 : 62
Solved batches: 63 of 1024
Solved indices: 63 : 63
Solved batches: 64 of 1024
Solved indices: 64 : 64
Solved batches: 65 of 1024
Solved indices: 65 : 65
Solved batches: 66 of 1024
Solved indices: 66 : 66
Solved batches: 67 of 1024
Solved indices: 67 : 67
Solved batches: 68 of 1024
Solved indices: 68 : 68
Solved batches: 69 of 1024
Solved indices: 69 : 69
Solved batches: 70 of 1024
Solved indices: 70 : 70
Solved batches: 71 of 1024
Solved indices: 71 : 71
Solved batches: 72 of 1024
Solved indices: 72 : 72
Solved batches: 73 of 1024
Solved indices: 73 : 73
Solved batches: 74 of 1024
Solved indices: 74 : 74
Solved batches: 75 of 1024
Solved indices: 75 : 75
Solved batches: 76 of 1024
Solved indices: 76 : 76
Solved batches: 77 of 1024
Solved indices: 77 : 77
Solved batches: 78 of 1024
Solved indices: 78 : 78
Solved batches: 79 of 1024
Solved indices: 79 : 79
Solved batches: 80 of 1024
Solved indices: 80 : 80
Solved batches: 81 of 1024
Solved indices: 81 : 81
Solved batches: 82 of 1024
Solved indices: 82 : 82
Solved batches: 83 of 1024
Solved indices: 83 : 83
Solved batches: 84 of 1024
Solved indices: 84 : 84
Solved batches: 85 of 1024
Solved indices: 85 : 85
Solved batches: 86 of 1024
Solved indices: 86 : 86
Solved batches: 87 of 1024
Solved indices: 87 : 87
Solved batches: 88 of 1024
Solved indices: 88 : 88
Solved batches: 89 of 1024
Solved indices: 89 : 89
Solved batches: 90 of 1024
Solved indices: 90 : 90
Solved batches: 91 of 1024
Solved indices: 91 : 91
Solved batches: 92 of 1024
Solved indices: 92 : 92
Solved batches: 93 of 1024
Solved indices: 93 : 93
Solved batches: 94 of 1024
Solved indices: 94 : 94
Solved batches: 95 of 1024
Solved indices: 95 : 95
Solved batches: 96 of 1024
Solved indices: 96 : 96
Solved batches: 97 of 1024
Solved indices: 97 : 97
Solved batches: 98 of 1024
Solved indices: 98 : 98
Solved batches: 99 of 1024
Solved indices: 99 : 99
Solved batches: 100 of 1024
Solved indices: 100 : 100
Solved batches: 101 of 1024
Solved indices: 101 : 101
Solved batches: 102 of 1024
Solved indices: 102 : 102
Solved batches: 103 of 1024
Solved indices: 103 : 103
Solved batches: 104 of 1024
Solved indices: 104 : 104
Solved batches: 105 of 1024
Solved indices: 105 : 105
Solved batches: 106 of 1024
Solved indices: 106 : 106
Solved batches: 107 of 1024
Solved indices: 107 : 107
Solved batches: 108 of 1024
Solved indices: 108 : 108
Solved batches: 109 of 1024
Solved indices: 109 : 109
Solved batches: 110 of 1024
Solved indices: 110 : 110
Solved batches: 111 of 1024
Solved indices: 111 : 111
Solved batches: 112 of 1024
Solved indices: 112 : 112
Solved batches: 113 of 1024
Solved indices: 113 : 113
Solved batches: 114 of 1024
Solved indices: 114 : 114
Solved batches: 115 of 1024
Solved indices: 115 : 115
Solved batches: 116 of 1024
Solved indices: 116 : 116
Solved batches: 117 of 1024
Solved indices: 117 : 117
Solved batches: 118 of 1024
Solved indices: 118 : 118
Solved batches: 119 of 1024
Solved indices: 119 : 119
Solved batches: 120 of 1024
Solved indices: 120 : 120
Solved batches: 121 of 1024
Solved indices: 121 : 121
Solved batches: 122 of 1024
Solved indices: 122 : 122
Solved batches: 123 of 1024
Solved indices: 123 : 123
Solved batches: 124 of 1024
Solved indices: 124 : 124
Solved batches: 125 of 1024
Solved indices: 125 : 125
Solved batches: 126 of 1024
Solved indices: 126 : 126
Solved batches: 127 of 1024
Solved indices: 127 : 127
Solved batches: 128 of 1024
Solved indices: 128 : 128
Solved batches: 129 of 1024
Solved indices: 129 : 129
Solved batches: 130 of 1024
Solved indices: 130 : 130
Solved batches: 131 of 1024
Solved indices: 131 : 131
Solved batches: 132 of 1024
Solved indices: 132 : 132
Solved batches: 133 of 1024
Solved indices: 133 : 133
Solved batches: 134 of 1024
Solved indices: 134 : 134
Solved batches: 135 of 1024
Solved indices: 135 : 135
Solved batches: 136 of 1024
Solved indices: 136 : 136
Solved batches: 137 of 1024
Solved indices: 137 : 137
Solved batches: 138 of 1024
Solved indices: 138 : 138
Solved batches: 139 of 1024
Solved indices: 139 : 139
Solved batches: 140 of 1024
Solved indices: 140 : 140
Solved batches: 141 of 1024
Solved indices: 141 : 141
Solved batches: 142 of 1024
Solved indices: 142 : 142
Solved batches: 143 of 1024
Solved indices: 143 : 143
Solved batches: 144 of 1024
Solved indices: 144 : 144
Solved batches: 145 of 1024
Solved indices: 145 : 145
Solved batches: 146 of 1024
Solved indices: 146 : 146
Solved batches: 147 of 1024
Solved indices: 147 : 147
Solved batches: 148 of 1024
Solved indices: 148 : 148
Solved batches: 149 of 1024
Solved indices: 149 : 149
Solved batches: 150 of 1024
Solved indices: 150 : 150
Solved batches: 151 of 1024
Solved indices: 151 : 151
Solved batches: 152 of 1024
Solved indices: 152 : 152
Solved batches: 153 of 1024
Solved indices: 153 : 153
Solved batches: 154 of 1024
Solved indices: 154 : 154
Solved batches: 155 of 1024
Solved indices: 155 : 155
Solved batches: 156 of 1024
Solved indices: 156 : 156
Solved batches: 157 of 1024
Solved indices: 157 : 157
Solved batches: 158 of 1024
Solved indices: 158 : 158
Solved batches: 159 of 1024
Solved indices: 159 : 159
Solved batches: 160 of 1024
Solved indices: 160 : 160
Solved batches: 161 of 1024
Solved indices: 161 : 161
Solved batches: 162 of 1024
Solved indices: 162 : 162
Solved batches: 163 of 1024
Solved indices: 163 : 163
Solved batches: 164 of 1024
Solved indices: 164 : 164
Solved batches: 165 of 1024
Solved indices: 165 : 165
Solved batches: 166 of 1024
Solved indices: 166 : 166
Solved batches: 167 of 1024
Solved indices: 167 : 167
Solved batches: 168 of 1024
Solved indices: 168 : 168
Solved batches: 169 of 1024
Solved indices: 169 : 169
Solved batches: 170 of 1024
Solved indices: 170 : 170
Solved batches: 171 of 1024
Solved indices: 171 : 171
Solved batches: 172 of 1024
Solved indices: 172 : 172
Solved batches: 173 of 1024
Solved indices: 173 : 173
Solved batches: 174 of 1024
Solved indices: 174 : 174
Solved batches: 175 of 1024
Solved indices: 175 : 175
Solved batches: 176 of 1024
Solved indices: 176 : 176
Solved batches: 177 of 1024
Solved indices: 177 : 177
Solved batches: 178 of 1024
Solved indices: 178 : 178
Solved batches: 179 of 1024
Solved indices: 179 : 179
Solved batches: 180 of 1024
Solved indices: 180 : 180
Solved batches: 181 of 1024
Solved indices: 181 : 181
Solved batches: 182 of 1024
Solved indices: 182 : 182
Solved batches: 183 of 1024
Solved indices: 183 : 183
Solved batches: 184 of 1024
Solved indices: 184 : 184
Solved batches: 185 of 1024
Solved indices: 185 : 185
Solved batches: 186 of 1024
Solved indices: 186 : 186
Solved batches: 187 of 1024
Solved indices: 187 : 187
Solved batches: 188 of 1024
Solved indices: 188 : 188
Solved batches: 189 of 1024
Solved indices: 189 : 189
Solved batches: 190 of 1024
Solved indices: 190 : 190
Solved batches: 191 of 1024
Solved indices: 191 : 191
Solved batches: 192 of 1024
Solved indices: 192 : 192
Solved batches: 193 of 1024
Solved indices: 193 : 193
Solved batches: 194 of 1024
Solved indices: 194 : 194
Solved batches: 195 of 1024
Solved indices: 195 : 195
Solved batches: 196 of 1024
Solved indices: 196 : 196
Solved batches: 197 of 1024
Solved indices: 197 : 197
Solved batches: 198 of 1024
Solved indices: 198 : 198
Solved batches: 199 of 1024
Solved indices: 199 : 199
Solved batches: 200 of 1024
Solved indices: 200 : 200
Solved batches: 201 of 1024
Solved indices: 201 : 201
Solved batches: 202 of 1024
Solved indices: 202 : 202
Solved batches: 203 of 1024
Solved indices: 203 : 203
Solved batches: 204 of 1024
Solved indices: 204 : 204
Solved batches: 205 of 1024
Solved indices: 205 : 205
Solved batches: 206 of 1024
Solved indices: 206 : 206
Solved batches: 207 of 1024
Solved indices: 207 : 207
Solved batches: 208 of 1024
Solved indices: 208 : 208
Solved batches: 209 of 1024
Solved indices: 209 : 209
Solved batches: 210 of 1024
Solved indices: 210 : 210
Solved batches: 211 of 1024
