/data/user_data/rvk/pos/lib/python3.11/site-packages/huggingface_hub/file_download.py:943: FutureWarning: `resume_download` is deprecated and will be removed in version 1.0.0. Downloads always resume when possible. If you want to force a new download, use `force_download=True`.
  warnings.warn(
Some weights of ScOT were not initialized from the model checkpoint at camlab-ethz/Poseidon-B and are newly initialized because the shapes did not match:
- embeddings.patch_embeddings.projection.weight: found shape torch.Size([96, 4, 4, 4]) in the checkpoint and torch.Size([96, 3, 4, 4]) in the model instantiated
- patch_recovery.mixup.weight: found shape torch.Size([4, 4, 5, 5]) in the checkpoint and torch.Size([3, 3, 5, 5]) in the model instantiated
- patch_recovery.projection.bias: found shape torch.Size([4]) in the checkpoint and torch.Size([3]) in the model instantiated
- patch_recovery.projection.weight: found shape torch.Size([96, 4, 4, 4]) in the checkpoint and torch.Size([96, 3, 4, 4]) in the model instantiated
You should probably TRAIN this model on a down-stream task to be able to use it for predictions and inference.
wandb: Currently logged in as: rohanvk (rohanvk-carnegie-mellon-university). Use `wandb login --relogin` to force relogin
wandb: wandb version 0.20.1 is available!  To upgrade, please run:
wandb:  $ pip install wandb --upgrade
wandb: Tracking run with wandb version 0.14.2
wandb: Run data is saved locally in /home/rvk/wandb/run-20250701_131047-dxs0uxxk
wandb: Run `wandb offline` to turn off syncing.
wandb: Syncing run lively-forest-41
wandb: ⭐️ View project at https://wandb.ai/rohanvk-carnegie-mellon-university/pos
wandb: 🚀 View run at https://wandb.ai/rohanvk-carnegie-mellon-university/pos/runs/dxs0uxxk
srun: Job step aborted: Waiting up to 122 seconds for job step to finish.
srun: got SIGCONT
  0%|          | 0/100 [00:00<?, ?it/s]  1%|          | 1/100 [02:10<3:35:45, 130.76s/it]  2%|▏         | 2/100 [03:41<2:54:58, 107.13s/it]  3%|▎         | 3/100 [05:11<2:40:40, 99.39s/it] slurmstepd: error: *** STEP 5178098.0 ON babel-7-25 CANCELLED AT 2025-07-01T13:16:36 ***
slurmstepd: error: *** JOB 5178098 ON babel-7-25 CANCELLED AT 2025-07-01T13:16:36 ***
srun: forcing job termination
