Job started on babel-8-17 at Tue Apr 22 15:22:45 EDT 2025
Job ID: 4624547
Using device: cuda
[2025-04-22 15:22:50,043][root][INFO] - model:
  _target_: models.s4_1d.S4Model
  d_input: 15
  d_output: 1
  d_model: 64
  n_layers: 4
  dropout: 0.2
  prenorm: false
dataset:
  reduced_batch: 4
  reduced_resolution: 16
  reduced_resolution_t: 1
  window_size: 15
  original_res: 1024
  pde: burger_0.1
  data_path1: data/pdebench/1D_Burgers_Sols_Nu0.1.hdf5
training:
  batch_size: 64
  epochs: 100
  learning_rate: 0.001
  use_normalizer: false
project_name: ${dataset.pde}_${hydra:runtime.choices.model}
checkpoint_dir: checkpoints

Project name: burger_0.1_s4_1d/s4_1d
Model name: models.s4_1d.S4Model
PDE Dataset: burger_0.1
Loading from file: /home/rvk/data/pdebench/1D_Burgers_Sols_Nu0.1.hdf5
(10000, 201, 1024)
Total data shape: (2500, 201, 64)
x shape: (465000, 15, 64)
y shape: (465000, 1, 64)
grid shape: torch.Size([64, 1])
---------Using data normalizer---------------
Train dataset size: 372000
Validation dataset size: 46500
Test dataset size: 46500
<class 'torch.Tensor'> 0.04195108637213707 0.042163971811532974 1.1140964031219482 1.113203525543213
Sample Input shape: torch.Size([64, 15, 64])
Sample Output shape: torch.Size([64, 1, 64])
[2025-04-22 15:23:14,246][models.s4][WARNING] - CUDA extension for structured kernels (Cauchy and Vandermonde multiplication) not found. Install by going to extensions/kernels/ and running `python setup.py install`, for improved speed and memory efficiency. Note that the kernel changed for state-spaces 4.0 and must be recompiled.
[2025-04-22 15:23:14,247][models.s4][WARNING] - Falling back on slow Cauchy and Vandermonde kernel. Install at least one of pykeops or the CUDA extension for better speed and memory efficiency.
[2025-04-22 15:23:14,399][models.s4][INFO] - Constructing S4 (H, N, L) = (64, 32, None)
[2025-04-22 15:23:14,514][models.s4][INFO] - Constructing S4 (H, N, L) = (64, 32, None)
[2025-04-22 15:23:14,631][models.s4][INFO] - Constructing S4 (H, N, L) = (64, 32, None)
[2025-04-22 15:23:14,781][models.s4][INFO] - Constructing S4 (H, N, L) = (64, 32, None)
S4Model(
  (encoder): Linear(in_features=16, out_features=64, bias=True)
  (s4_layers): ModuleList(
    (0-3): 4 x S4Block(
      (layer): FFTConv(
        (activation): GELU(approximate='none')
        (kernel): SSMKernelDPLR()
        (drop): Dropout(p=0.2, inplace=False)
        (drop_kernel): Identity()
      )
      (mult_activation): Identity()
      (drop): Dropout(p=0.2, inplace=False)
      (output_linear): Sequential(
        (0): Linear(in_features=64, out_features=128, bias=True)
        (1): GLU(dim=-1)
      )
      (residual_layer): ZeroLayer()
    )
  )
  (norms): ModuleList(
    (0-3): 4 x LayerNorm((64,), eps=1e-05, elementwise_affine=True)
  )
  (dropouts): ModuleList(
    (0-3): 4 x Dropout(p=0.2, inplace=False)
  )
  (decoder): Linear(in_features=64, out_features=1, bias=True)
)
[2025-04-22 15:23:23,066][models.s4][INFO] - S4: Initializing kernel to length 64
[2025-04-22 15:23:23,441][models.s4][INFO] - S4: Initializing kernel to length 64
[2025-04-22 15:23:23,446][models.s4][INFO] - S4: Initializing kernel to length 64
[2025-04-22 15:23:23,450][models.s4][INFO] - S4: Initializing kernel to length 64
Epoch 0, Train Loss: 0.01192936, Val Loss: 0.00153240
Epoch 10, Train Loss: 0.00219016, Val Loss: 0.00311482
Epoch 20, Train Loss: 0.00156798, Val Loss: 0.00192940
Epoch 30, Train Loss: 0.00126090, Val Loss: 0.00102809
Epoch 40, Train Loss: 0.00098695, Val Loss: 0.00094632
Epoch 50, Train Loss: 0.00071744, Val Loss: 0.00055875
Epoch 60, Train Loss: 0.00051483, Val Loss: 0.00053393
Epoch 70, Train Loss: 0.00030568, Val Loss: 0.00013544
Epoch 80, Train Loss: 0.00016457, Val Loss: 0.00008322
Epoch 90, Train Loss: 0.00008732, Val Loss: 0.00006266
Test L2 Loss: 0.000032
-----Visualizing Saved------
Figure saved to output_logs/predictions/burger_0.1_fno_4624547_predictions.png
Model saved to checkpoints/s4model/burger_0.1_4624547.pt
Original test data shape: x=torch.Size([46500, 15, 64]), y=torch.Size([46500, 1, 64])

Evaluating at resolution factor: 1
Resolution factor 1 - Relative L2 Loss: 0.000032

Evaluating at resolution factor: 2
Downsampled shapes: x=torch.Size([46500, 15, 32]), y=torch.Size([46500, 1, 32])
Resolution factor 2 - Relative L2 Loss: 0.000482

Evaluating at resolution factor: 4
Downsampled shapes: x=torch.Size([46500, 15, 16]), y=torch.Size([46500, 1, 16])
Resolution factor 4 - Relative L2 Loss: 0.000916

Evaluating at resolution factor: 8
Downsampled shapes: x=torch.Size([46500, 15, 8]), y=torch.Size([46500, 1, 8])
Resolution factor 8 - Relative L2 Loss: 0.001167

Evaluating at resolution factor: 16
Downsampled shapes: x=torch.Size([46500, 15, 4]), y=torch.Size([46500, 1, 4])
Resolution factor 16 - Relative L2 Loss: 0.001131

Evaluating at resolution factor: 32
Downsampled shapes: x=torch.Size([46500, 15, 2]), y=torch.Size([46500, 1, 2])
Resolution factor 32 - Relative L2 Loss: 0.001098
Loading from file: /home/rvk/data/pdebench/1D_Burgers_Sols_Nu0.1.hdf5
(10000, 201, 1024)
Total data shape: (2500, 201, 1024)
x shape: (465000, 15, 1024)
y shape: (465000, 1, 1024)
grid shape: torch.Size([1024, 1])
---------Using data normalizer---------------
Train dataset size: 372000
Validation dataset size: 46500
Test dataset size: 46500
Original test data shape: x=torch.Size([46500, 15, 1024]), y=torch.Size([46500, 1, 1024])
Testing resolutions: [128, 256, 512, 1024]

Evaluating at resolution: 128
Downsampled shapes: x=torch.Size([46500, 15, 128]), y=torch.Size([46500, 1, 128])
[2025-04-22 18:15:44,476][models.s4][INFO] - S4: Doubling length from L = 64 to 128
[2025-04-22 18:15:44,490][models.s4][INFO] - S4: Doubling length from L = 64 to 128
[2025-04-22 18:15:44,494][models.s4][INFO] - S4: Doubling length from L = 64 to 128
[2025-04-22 18:15:44,497][models.s4][INFO] - S4: Doubling length from L = 64 to 128
Resolution 128 - Relative L2 Loss: 0.002027

Evaluating at resolution: 256
Downsampled shapes: x=torch.Size([46500, 15, 256]), y=torch.Size([46500, 1, 256])
[2025-04-22 18:15:49,539][models.s4][INFO] - S4: Doubling length from L = 128 to 256
[2025-04-22 18:15:49,548][models.s4][INFO] - S4: Doubling length from L = 128 to 256
[2025-04-22 18:15:49,551][models.s4][INFO] - S4: Doubling length from L = 128 to 256
[2025-04-22 18:15:49,554][models.s4][INFO] - S4: Doubling length from L = 128 to 256
Resolution 256 - Relative L2 Loss: 0.515202

Evaluating at resolution: 512
Downsampled shapes: x=torch.Size([46500, 15, 512]), y=torch.Size([46500, 1, 512])
[2025-04-22 18:15:55,228][models.s4][INFO] - S4: Doubling length from L = 256 to 512
[2025-04-22 18:15:55,238][models.s4][INFO] - S4: Doubling length from L = 256 to 512
[2025-04-22 18:15:55,241][models.s4][INFO] - S4: Doubling length from L = 256 to 512
[2025-04-22 18:15:55,245][models.s4][INFO] - S4: Doubling length from L = 256 to 512
Resolution 512 - Relative L2 Loss: 9.394793

Evaluating at resolution: 1024
Downsampled shapes: x=torch.Size([46500, 15, 1024]), y=torch.Size([46500, 1, 1024])
[2025-04-22 18:16:02,443][models.s4][INFO] - S4: Doubling length from L = 512 to 1024
[2025-04-22 18:16:02,453][models.s4][INFO] - S4: Doubling length from L = 512 to 1024
[2025-04-22 18:16:02,457][models.s4][INFO] - S4: Doubling length from L = 512 to 1024
[2025-04-22 18:16:02,461][models.s4][INFO] - S4: Doubling length from L = 512 to 1024
Resolution 1024 - Relative L2 Loss: 39.638308

Summary of Super-Resolution Evaluation:
Resolution factor 1: Relative L2 Loss = 0.000032
Resolution factor 2: Relative L2 Loss = 0.000482
Resolution factor 4: Relative L2 Loss = 0.000916
Resolution factor 8: Relative L2 Loss = 0.001167
Resolution factor 16: Relative L2 Loss = 0.001131
Resolution factor 32: Relative L2 Loss = 0.001098

Summary of Higher-Resolution Evaluation:
Resolution 128: Relative L2 Loss = 0.002027
Resolution 256: Relative L2 Loss = 0.515202
Resolution 512: Relative L2 Loss = 9.394793
Resolution 1024: Relative L2 Loss = 39.638308
Job completed at Tue Apr 22 18:16:21 EDT 2025
