Job started on babel-3-17 at Thu Mar 27 03:41:30 EDT 2025
Job ID: 4461341
Using device: cuda
[2025-03-27 03:41:35,013][root][INFO] - model:
  _target_: models.ffno.FFNO1D
  in_channels: 1
  out_channels: 1
  width: 32
  n_modes: 16
  factor: 4
  n_layers: 4
  ff_weight_norm: true
  n_ff_layers: 2
  layer_norm: false
  grid: null
  dropout: 0.0
  mode: full
dataset:
  reduced_batch: 1
  reduced_resolution: 1
  reduced_resolution_t: 1
  pde: burger_0.01
  data_path1: data/pdebench/1D_Burgers_Sols_Nu0.01.hdf5
training:
  batch_size: 64
  epochs: 100
  learning_rate: 0.001
  use_normalizer: false
project_name: ${dataset.pde}_${hydra:runtime.choices.model}
checkpoint_dir: checkpoints

Project name: burger_0.01_ffno_1d/ffno_1d
Model name: models.ffno.FFNO1D
PDE Dataset: burger_0.01
Loading from file: /home/rvk/data/pdebench/1D_Burgers_Sols_Nu0.01.hdf5
(10000, 201, 1024)
Total data shape: (10000, 201, 1024)
x shape: (1990000, 1, 1024)
y shape: (1990000, 1, 1024)
grid shape: torch.Size([1024, 1])
---------Using data normalizer---------------
Train dataset size: 1592000
Validation dataset size: 199000
Test dataset size: 199000
<class 'torch.Tensor'> 0.0710550919175148 0.0711686909198761 0.9462675452232361 0.9463915824890137
Sample Input shape: torch.Size([64, 1, 1024])
Sample Output shape: torch.Size([64, 1, 1024])
FFNO1D(
  (in_proj): WNLinear(in_features=2, out_features=32, bias=True)
  (fourier_layers): ModuleList(
    (0-3): 4 x FSpectralConv1d(
      (fourier_weight): ParameterList(  (0): Parameter containing: [torch.float32 of size 32x32x16x2 (cuda:0)])
      (backcast_ff): FeedForward(
        (layers): ModuleList(
          (0): Sequential(
            (0): Linear(in_features=32, out_features=128, bias=True)
            (1): Dropout(p=0.0, inplace=False)
            (2): GELU(approximate='none')
            (3): Identity()
          )
          (1): Sequential(
            (0): Linear(in_features=128, out_features=32, bias=True)
            (1): Dropout(p=0.0, inplace=False)
            (2): Identity()
            (3): Identity()
          )
        )
      )
      (act): Identity()
    )
  )
  (out_proj): WNLinear(in_features=32, out_features=1, bias=True)
)
Epoch 0, Train Loss: 0.00755674, Val Loss: 0.00541515
Epoch 10, Train Loss: 0.00162249, Val Loss: 0.00185070
Epoch 20, Train Loss: 0.00130563, Val Loss: 0.00116234
Epoch 30, Train Loss: 0.00107878, Val Loss: 0.00069019
Epoch 40, Train Loss: 0.00087231, Val Loss: 0.00093824
Epoch 50, Train Loss: 0.00067903, Val Loss: 0.00039447
Epoch 60, Train Loss: 0.00050641, Val Loss: 0.00047742
Epoch 70, Train Loss: 0.00034467, Val Loss: 0.00038371
Epoch 80, Train Loss: 0.00022839, Val Loss: 0.00022130
Epoch 90, Train Loss: 0.00015715, Val Loss: 0.00014871
Test L2 Loss: 0.000146
-----Visualizing Saved------
Figure saved to output_logs/predictions/burger_0.01_fno_4461341_predictions.png
Original test data shape: x=torch.Size([199000, 1, 1024]), y=torch.Size([199000, 1, 1024])

Evaluating at resolution factor: 1
Resolution factor 1 - Relative L2 Loss: 0.000146

Evaluating at resolution factor: 2
Downsampled shapes: x=torch.Size([199000, 1, 512]), y=torch.Size([199000, 1, 512])
Resolution factor 2 - Relative L2 Loss: 0.000442

Evaluating at resolution factor: 4
Downsampled shapes: x=torch.Size([199000, 1, 256]), y=torch.Size([199000, 1, 256])
Resolution factor 4 - Relative L2 Loss: 0.000443

Evaluating at resolution factor: 8
Downsampled shapes: x=torch.Size([199000, 1, 128]), y=torch.Size([199000, 1, 128])
Resolution factor 8 - Relative L2 Loss: 0.000447

Evaluating at resolution factor: 16
Downsampled shapes: x=torch.Size([199000, 1, 64]), y=torch.Size([199000, 1, 64])
Resolution factor 16 - Relative L2 Loss: 0.000864

Evaluating at resolution factor: 32
Downsampled shapes: x=torch.Size([199000, 1, 32]), y=torch.Size([199000, 1, 32])
Resolution factor 32 - Relative L2 Loss: 0.007567

Summary of Super-Resolution Evaluation:
Resolution factor 1: Relative L2 Loss = 0.000146
Resolution factor 2: Relative L2 Loss = 0.000442
Resolution factor 4: Relative L2 Loss = 0.000443
Resolution factor 8: Relative L2 Loss = 0.000447
Resolution factor 16: Relative L2 Loss = 0.000864
Resolution factor 32: Relative L2 Loss = 0.007567
Model saved to checkpoints/ffno1d/burger_0.01_4461341.pt
[1;34mwandb[0m: 
[1;34mwandb[0m: 🚀 View run [33mfresh-durian-23[0m at: [34mhttps://wandb.ai/rohanvk-carnegie-mellon-university/ffno1d/runs/rfziipat[0m
[1;34mwandb[0m: Find logs at: [1;35mwandb/run-20250327_034227-rfziipat/logs[0m
Job completed at Thu Mar 27 10:57:14 EDT 2025
