/data/user_data/rvk/pde/lib/python3.13/site-packages/torch/nn/utils/weight_norm.py:143: FutureWarning: `torch.nn.utils.weight_norm` is deprecated in favor of `torch.nn.utils.parametrizations.weight_norm`.
  WeightNorm.apply(module, name, dim)
wandb: Currently logged in as: rohanvk (rohanvk-carnegie-mellon-university) to https://api.wandb.ai. Use `wandb login --relogin` to force relogin
wandb: Using wandb-core as the SDK backend.  Please refer to https://wandb.me/wandb-core for more information.
wandb: Tracking run with wandb version 0.19.6
wandb: Run data is saved locally in /home/rvk/wandb/run-20250814_200636-nx2oac7u
wandb: Run `wandb offline` to turn off syncing.
wandb: Syncing run dulcet-lake-211
wandb: ⭐️ View project at https://wandb.ai/rohanvk-carnegie-mellon-university/ffno1d
wandb: 🚀 View run at https://wandb.ai/rohanvk-carnegie-mellon-university/ffno1d/runs/nx2oac7u
  0%|          | 0/3 [00:00<?, ?it/s] 33%|███▎      | 1/3 [00:23<00:47, 23.53s/it] 67%|██████▋   | 2/3 [00:47<00:23, 23.53s/it]100%|██████████| 3/3 [01:10<00:00, 23.61s/it]100%|██████████| 3/3 [01:10<00:00, 23.59s/it]
wandb:                                                                                
wandb: 
wandb: Run history:
wandb:      epoch ▁▅█
wandb: train_loss █▃▁
wandb:   val_loss █▃▁
wandb: 
wandb: Run summary:
wandb:      epoch 2
wandb: train_loss 0.11336
wandb:   val_loss 0.1135
wandb: 
wandb: 🚀 View run dulcet-lake-211 at: https://wandb.ai/rohanvk-carnegie-mellon-university/ffno1d/runs/nx2oac7u
wandb: ⭐️ View project at: https://wandb.ai/rohanvk-carnegie-mellon-university/ffno1d
wandb: Synced 5 W&B file(s), 1 media file(s), 2 artifact file(s) and 0 other file(s)
wandb: Find logs at: ./wandb/run-20250814_200636-nx2oac7u/logs
