Job started on babel-10-9 at Mon Aug  4 23:50:36 EDT 2025
Job ID: 5299727
GPU information:
Mon Aug  4 23:50:36 2025       
+-----------------------------------------------------------------------------------------+
| NVIDIA-SMI 575.51.03              Driver Version: 575.51.03      CUDA Version: 12.9     |
|-----------------------------------------+------------------------+----------------------+
| GPU  Name                 Persistence-M | Bus-Id          Disp.A | Volatile Uncorr. ECC |
| Fan  Temp   Perf          Pwr:Usage/Cap |           Memory-Usage | GPU-Util  Compute M. |
|                                         |                        |               MIG M. |
|=========================================+========================+======================|
|   0  NVIDIA L40S                    On  |   00000000:D5:00.0 Off |                    0 |
| N/A   36C    P8             32W /  350W |       0MiB /  46068MiB |      0%      Default |
|                                         |                        |                  N/A |
+-----------------------------------------+------------------------+----------------------+
|   1  NVIDIA L40S                    On  |   00000000:D6:00.0 Off |                    0 |
| N/A   31C    P8             34W /  350W |       0MiB /  46068MiB |      0%      Default |
|                                         |                        |                  N/A |
+-----------------------------------------+------------------------+----------------------+
                                                                                         
+-----------------------------------------------------------------------------------------+
| Processes:                                                                              |
|  GPU   GI   CI              PID   Type   Process name                        GPU Memory |
|        ID   ID                                                               Usage      |
|=========================================================================================|
|  No running processes found                                                             |
+-----------------------------------------------------------------------------------------+
CUDA devices:
CUDA_VISIBLE_DEVICES: 0,1
Using device: cuda
[2025-08-04 23:50:42,038][root][INFO] - model:
  _target_: models.ffno.FFNO1D
  in_channels: 1
  out_channels: 1
  factor: 4
  n_modes: 16
  width: 64
  n_layers: 8
  ff_weight_norm: true
  n_ff_layers: 2
  layer_norm: true
  dropout: 0.1
  mode: full
  activation: relu
  use_grid: false
dataset:
  dataset_params:
    _target_: dataloaders.cno_burger_markov.burger_markov_dataset
    filename: 1D_Burgers_Sols_Nu0.001.hdf5
    saved_folder: /data/user_data/rvk/data/pdebench/
    reduced_batch: 1
    reduced_resolution: 1
    reduced_resolution_t: 1
    s: 32
    data_normalizer: true
    num_samples_max: -1
  window_size: 15
  original_res: 1024
  multi_res:
  - 1
  - 16
  train_mres: false
  pde: ks
training:
  batch_size: 64
  epochs: 1
  learning_rate: 0.001
  use_normalizer: false
project_name: ${dataset.pde}_${hydra:runtime.choices.model}
checkpoint_dir: checkpoints

Project name: ks_ffno_1d/ffno_1d
Model name: models.ffno.FFNO1D
PDE Dataset: ks
---------------------
Loading from file: /data/user_data/rvk/data/pdebench/1D_Burgers_Sols_Nu0.001.hdf5
Original data shape: (10000, 201, 1024)
Original grid shape: torch.Size([1024, 1])
Data shape after batch/time reduction: (10000, 201, 1024)
Current Spatial Size: 1024
Resizing from 1024 to 32
Downsampling using FFT-based downsample_1d function
Data shape after resizing: (10000, 201, 32)
Updated grid shape: torch.Size([32, 1])
x shape: (1990000, 1, 32)
y shape: (1990000, 1, 32)
grid shape: torch.Size([32, 1])
---------Computing min-max normalization statistics---------------
Input data range: [-3.489535, 3.629588]
Output data range: [-3.489535, 3.629588]
Train dataset size: 1592000
Validation dataset size: 199000
Test dataset size: 199000
<dataloaders.cno_burger_markov.burger_markov_dataset.<locals>.MinMaxNormalizedDataset object at 0x14d1748d4e10>
<class 'torch.Tensor'> 0.4867733418941498 0.4867733418941498 0.08867961913347244 0.08850138634443283
FFNO1D(
  (in_proj): WNLinear(in_features=1, out_features=64, bias=True)
  (fourier_layers): ModuleList(
    (0-7): 8 x FSpectralConv1d(
      (fourier_weight): ParameterList(  (0): Parameter containing: [torch.float32 of size 64x64x16x2 (cuda:0)])
      (backcast_ff): FeedForward(
        (layers): ModuleList(
          (0): Sequential(
            (0): Linear(in_features=64, out_features=256, bias=True)
            (1): Dropout(p=0.1, inplace=False)
            (2): GELU(approximate='none')
            (3): Identity()
          )
          (1): Sequential(
            (0): Linear(in_features=256, out_features=64, bias=True)
            (1): Dropout(p=0.1, inplace=False)
            (2): Identity()
            (3): LayerNorm((64,), eps=1e-05, elementwise_affine=True)
          )
        )
      )
    )
  )
  (out_proj): WNLinear(in_features=64, out_features=1, bias=True)
)
Total Model Parameters: 1.31M
Trainable Parameters: 1.31M
Epoch 0, Train Loss: 0.01100083, Val Loss: 0.00257340
Test L2 Loss: 0.027497
Model saved to checkpoints/ffno1d/ks_5299727.pt
Created/verified figures directory: figures/5299727
Evaluating KS model at multiple resolutions
Using provided normalization statistics from training resolution 32:
  Input range: [-3.489535, 3.629588]
  Output range: [-3.489535, 3.629588]
Testing resolutions: [32, 64, 128, 256, 512, 1024]
Loading from file: /data/user_data/rvk/data/pdebench/1D_Burgers_Sols_Nu0.001.hdf5
Original data shape: (10000, 201, 1024)
Original grid shape: torch.Size([1024, 1])
Data shape after batch/time reduction: (10000, 201, 1024)
Current Spatial Size: 1024
Resizing from 1024 to 32
Downsampling using FFT-based downsample_1d function
Data shape after resizing: (10000, 201, 32)
Updated grid shape: torch.Size([32, 1])
x shape: (1990000, 1, 32)
y shape: (1990000, 1, 32)
grid shape: torch.Size([32, 1])
Train dataset size: 1592000
Validation dataset size: 199000
Test dataset size: 199000
Selected random indices for plotting: [53123, 180309, 41113, 101531, 46504, 5615, 7045, 40600, 15025, 171144]
Collected 10 examples for resolution 32
Resolution 32 - Relative L2 Loss: 0.027496
Memory cleaned after resolution 32
Loading from file: /data/user_data/rvk/data/pdebench/1D_Burgers_Sols_Nu0.001.hdf5
Original data shape: (10000, 201, 1024)
Original grid shape: torch.Size([1024, 1])
Data shape after batch/time reduction: (10000, 201, 1024)
Current Spatial Size: 1024
Resizing from 1024 to 64
Downsampling using FFT-based downsample_1d function
Data shape after resizing: (10000, 201, 64)
Updated grid shape: torch.Size([64, 1])
x shape: (1990000, 1, 64)
y shape: (1990000, 1, 64)
grid shape: torch.Size([64, 1])
Train dataset size: 1592000
Validation dataset size: 199000
Test dataset size: 199000
Collected 10 examples for resolution 64
Resolution 64 - Relative L2 Loss: 0.073659
Memory cleaned after resolution 64
Loading from file: /data/user_data/rvk/data/pdebench/1D_Burgers_Sols_Nu0.001.hdf5
Original data shape: (10000, 201, 1024)
Original grid shape: torch.Size([1024, 1])
Data shape after batch/time reduction: (10000, 201, 1024)
Current Spatial Size: 1024
Resizing from 1024 to 128
Downsampling using FFT-based downsample_1d function
Data shape after resizing: (10000, 201, 128)
Updated grid shape: torch.Size([128, 1])
x shape: (1990000, 1, 128)
y shape: (1990000, 1, 128)
grid shape: torch.Size([128, 1])
Train dataset size: 1592000
Validation dataset size: 199000
Test dataset size: 199000
Collected 10 examples for resolution 128
Resolution 128 - Relative L2 Loss: 0.083381
Memory cleaned after resolution 128
Loading from file: /data/user_data/rvk/data/pdebench/1D_Burgers_Sols_Nu0.001.hdf5
Original data shape: (10000, 201, 1024)
Original grid shape: torch.Size([1024, 1])
Data shape after batch/time reduction: (10000, 201, 1024)
Current Spatial Size: 1024
Resizing from 1024 to 256
Downsampling using FFT-based downsample_1d function
Data shape after resizing: (10000, 201, 256)
Updated grid shape: torch.Size([256, 1])
x shape: (1990000, 1, 256)
y shape: (1990000, 1, 256)
grid shape: torch.Size([256, 1])
Train dataset size: 1592000
Validation dataset size: 199000
Test dataset size: 199000
Collected 10 examples for resolution 256
Resolution 256 - Relative L2 Loss: 0.085548
Memory cleaned after resolution 256
Loading from file: /data/user_data/rvk/data/pdebench/1D_Burgers_Sols_Nu0.001.hdf5
Original data shape: (10000, 201, 1024)
Original grid shape: torch.Size([1024, 1])
Data shape after batch/time reduction: (10000, 201, 1024)
Current Spatial Size: 1024
Resizing from 1024 to 512
Downsampling using FFT-based downsample_1d function
Data shape after resizing: (10000, 201, 512)
Updated grid shape: torch.Size([512, 1])
x shape: (1990000, 1, 512)
y shape: (1990000, 1, 512)
grid shape: torch.Size([512, 1])
Train dataset size: 1592000
Validation dataset size: 199000
Test dataset size: 199000
Collected 10 examples for resolution 512
Resolution 512 - Relative L2 Loss: 0.085850
Memory cleaned after resolution 512
Loading from file: /data/user_data/rvk/data/pdebench/1D_Burgers_Sols_Nu0.001.hdf5
Original data shape: (10000, 201, 1024)
Original grid shape: torch.Size([1024, 1])
Data shape after batch/time reduction: (10000, 201, 1024)
Current Spatial Size: 1024
x shape: (1990000, 1, 1024)
y shape: (1990000, 1, 1024)
grid shape: torch.Size([1024, 1])
Train dataset size: 1592000
Validation dataset size: 199000
Test dataset size: 199000
Collected 10 examples for resolution 1024
Resolution 1024 - Relative L2 Loss: 0.085871
Memory cleaned after resolution 1024
Creating prediction vs target plots...
Saved prediction plot: figures/5299727/prediction_plots/ks_predictions_vs_targets_10_examples.png
Saved numerical results: figures/5299727/ks_1d_evaluation_results_20250804_235956.csv
Saved summary: figures/5299727/ks_1d_evaluation_summary_20250804_235956.txt

==================================================
KS EVALUATION SUMMARY
==================================================
Resolution  32: 0.027496
Resolution  64: 0.073659
Resolution 128: 0.083381
Resolution 256: 0.085548
Resolution 512: 0.085850
Resolution 1024: 0.085871

Summary of Super-Resolution Evaluation:
Resolution factor 32: Relative L2 Loss = 0.027496
Resolution factor 64: Relative L2 Loss = 0.073659
Resolution factor 128: Relative L2 Loss = 0.083381
Resolution factor 256: Relative L2 Loss = 0.085548
Resolution factor 512: Relative L2 Loss = 0.085850
Resolution factor 1024: Relative L2 Loss = 0.085871

Evaluation plots saved to: figures/5299727
Wandb run: https://wandb.ai/rohanvk-carnegie-mellon-university/ffno1d/runs/p13oezm5
Job completed at Tue Aug  5 00:00:01 EDT 2025
