Job started on babel-14-5 at Mon Aug 25 17:05:12 EDT 2025
Job ID: 5394383
GPU information:
Mon Aug 25 17:05:12 2025       
+-----------------------------------------------------------------------------------------+
| NVIDIA-SMI 575.51.03              Driver Version: 575.51.03      CUDA Version: 12.9     |
|-----------------------------------------+------------------------+----------------------+
| GPU  Name                 Persistence-M | Bus-Id          Disp.A | Volatile Uncorr. ECC |
| Fan  Temp   Perf          Pwr:Usage/Cap |           Memory-Usage | GPU-Util  Compute M. |
|                                         |                        |               MIG M. |
|=========================================+========================+======================|
|   0  NVIDIA L40S                    On  |   00000000:41:00.0 Off |                    0 |
| N/A   46C    P8             24W /  350W |       0MiB /  46068MiB |      0%      Default |
|                                         |                        |                  N/A |
+-----------------------------------------+------------------------+----------------------+
|   1  NVIDIA L40S                    On  |   00000000:61:00.0 Off |                    0 |
| N/A   48C    P8             41W /  350W |       0MiB /  46068MiB |      0%      Default |
|                                         |                        |                  N/A |
+-----------------------------------------+------------------------+----------------------+
                                                                                         
+-----------------------------------------------------------------------------------------+
| Processes:                                                                              |
|  GPU   GI   CI              PID   Type   Process name                        GPU Memory |
|        ID   ID                                                               Usage      |
|=========================================================================================|
|  No running processes found                                                             |
+-----------------------------------------------------------------------------------------+
CUDA devices:
CUDA_VISIBLE_DEVICES: 0,1
/home/rvk
Using device: cuda
[2025-08-25 17:05:18,681][root][INFO] - model:
  _target_: models.ffno.FFNO1D
  in_channels: 1
  out_channels: 1
  factor: 4
  n_modes: 16
  width: 128
  n_layers: 4
  ff_weight_norm: true
  n_ff_layers: 3
  layer_norm: true
  dropout: 0.1
  mode: full
  activation: gelu
  use_grid: true
dataset:
  dataset_params:
    _target_: dataloaders.burger_resize_true_multires.burger_true_multires_markov_dataset
    filename_pattern: 1D_Burgers_Sols_Nu*.hdf5
    saved_folder: /data/user_data/rvk/pdebench_gen/
    viscosity: 0.001
    reduced_batch: 1
    reduced_resolution_t: 1
    data_mres_size:
      1024: 200
      512: 200
      256: 200
      128: 200
    add_res:
    - 32
    - 64
    add_res_samples:
      64: 200
      32: 200
    data_normalizer: true
    normalization_type: simple
    num_samples_max: -1
    eval_dataset_target: dataloaders.burger_resize_markov.burger_markov_dataset
    eval_filename: 1D_Burgers_Sols_Nu0.001.hdf5
    eval_saved_folder: /data/user_data/rvk/pdebench_gen/burgers_1024_0.001/
  resize_to_train: false
  evaluation_type: use_resize
  window_size: 15
  original_res: 1024
  max_test_resolution: 1024
  train_mres: true
  pde: burger
training:
  batch_size: 64
  epochs: 100
  learning_rate: 0.001
  use_normalizer: false
project_name: ${dataset.pde}_${hydra:runtime.choices.model}
checkpoint_dir: checkpoints

Project name: burger_ffno_1d/ffno_1d
Model name: models.ffno.FFNO1D
PDE Dataset: burger
This is True Multi-Resolution Training. Train Resolution is the highest data resolution in the multi-resolution data
---------------------
Creating true multi-resolution dataset from /data/user_data/rvk/pdebench_gen/
Viscosity: 0.001
Target samples per resolution (from files): {1024: 200, 512: 200, 256: 200, 128: 200}
Additional downsampled resolutions: [32, 64]
Target samples per downsampled resolution: {64: 200, 32: 200}
Loading multi-resolution data from /data/user_data/rvk/pdebench_gen/
Viscosity: 0.001
Target samples per resolution (from files): {1024: 200, 512: 200, 256: 200, 128: 200}
Additional downsampled resolutions: [32, 64]
Target samples per downsampled resolution: {64: 200, 32: 200}
Loading resolution 1024 from /data/user_data/rvk/pdebench_gen/burgers_1024_0.001/1D_Burgers_Sols_Nu0.001.hdf5
  Original data shape for 1024: (10000, 201, 1024)
  After time reduction: (10000, 201, 1024)
  Selected 160 samples for train split
  Added 31840 sample pairs from resolution 1024
Loading resolution 512 from /data/user_data/rvk/pdebench_gen/burgers_512_0.001/1D_Burgers_Sols_Nu0.001.hdf5
  Original data shape for 512: (10000, 201, 512)
  After time reduction: (10000, 201, 512)
  Selected 160 samples for train split
  Added 31840 sample pairs from resolution 512
Loading resolution 256 from /data/user_data/rvk/pdebench_gen/burgers_256_0.001/1D_Burgers_Sols_Nu0.001.hdf5
  Original data shape for 256: (10000, 201, 256)
  After time reduction: (10000, 201, 256)
  Selected 160 samples for train split
  Added 31840 sample pairs from resolution 256
Loading resolution 128 from /data/user_data/rvk/pdebench_gen/burgers_128_0.001/1D_Burgers_Sols_Nu0.001.hdf5
  Original data shape for 128: (10000, 201, 128)
  After time reduction: (10000, 201, 128)
  Selected 160 samples for train split
  Added 31840 sample pairs from resolution 128
Adding downsampled resolutions using FFT-based resize functions: [32, 64]
Adding downsampled data from /data/user_data/rvk/pdebench_gen/burgers_1024_0.001/1D_Burgers_Sols_Nu0.001.hdf5
  Generating 160 samples at resolution 32
  Downsampling using FFT-based downsample_1d function from 1024 to 32
  Added 31840 downsampled samples at resolution 32
  Generating 160 samples at resolution 64
  Downsampling using FFT-based downsample_1d function from 1024 to 64
  Added 31840 downsampled samples at resolution 64
Total samples loaded: 191040
Resolution distribution:
  1024_file: 31840 samples
  128_file: 31840 samples
  256_file: 31840 samples
  32_downsampled: 31840 samples
  512_file: 31840 samples
  64_downsampled: 31840 samples
Sample x shapes: [(1, 1024), (1, 1024), (1, 1024)]
Sample y shapes: [(1, 1024), (1, 1024), (1, 1024)]
Loading multi-resolution data from /data/user_data/rvk/pdebench_gen/
Viscosity: 0.001
Target samples per resolution (from files): {1024: 200, 512: 200, 256: 200, 128: 200}
Additional downsampled resolutions: [32, 64]
Target samples per downsampled resolution: {64: 200, 32: 200}
Loading resolution 1024 from /data/user_data/rvk/pdebench_gen/burgers_1024_0.001/1D_Burgers_Sols_Nu0.001.hdf5
  Original data shape for 1024: (10000, 201, 1024)
  After time reduction: (10000, 201, 1024)
  Selected 20 samples for val split
  Added 3980 sample pairs from resolution 1024
Loading resolution 512 from /data/user_data/rvk/pdebench_gen/burgers_512_0.001/1D_Burgers_Sols_Nu0.001.hdf5
  Original data shape for 512: (10000, 201, 512)
  After time reduction: (10000, 201, 512)
  Selected 20 samples for val split
  Added 3980 sample pairs from resolution 512
Loading resolution 256 from /data/user_data/rvk/pdebench_gen/burgers_256_0.001/1D_Burgers_Sols_Nu0.001.hdf5
  Original data shape for 256: (10000, 201, 256)
  After time reduction: (10000, 201, 256)
  Selected 20 samples for val split
  Added 3980 sample pairs from resolution 256
Loading resolution 128 from /data/user_data/rvk/pdebench_gen/burgers_128_0.001/1D_Burgers_Sols_Nu0.001.hdf5
  Original data shape for 128: (10000, 201, 128)
  After time reduction: (10000, 201, 128)
  Selected 20 samples for val split
  Added 3980 sample pairs from resolution 128
Adding downsampled resolutions using FFT-based resize functions: [32, 64]
Adding downsampled data from /data/user_data/rvk/pdebench_gen/burgers_1024_0.001/1D_Burgers_Sols_Nu0.001.hdf5
  Generating 20 samples at resolution 32
  Downsampling using FFT-based downsample_1d function from 1024 to 32
  Added 3980 downsampled samples at resolution 32
  Generating 20 samples at resolution 64
  Downsampling using FFT-based downsample_1d function from 1024 to 64
  Added 3980 downsampled samples at resolution 64
Total samples loaded: 23880
Resolution distribution:
  1024_file: 3980 samples
  128_file: 3980 samples
  256_file: 3980 samples
  32_downsampled: 3980 samples
  512_file: 3980 samples
  64_downsampled: 3980 samples
Sample x shapes: [(1, 1024), (1, 1024), (1, 1024)]
Sample y shapes: [(1, 1024), (1, 1024), (1, 1024)]
Loading multi-resolution data from /data/user_data/rvk/pdebench_gen/
Viscosity: 0.001
Target samples per resolution (from files): {1024: 200, 512: 200, 256: 200, 128: 200}
Additional downsampled resolutions: [32, 64]
Target samples per downsampled resolution: {64: 200, 32: 200}
Loading resolution 1024 from /data/user_data/rvk/pdebench_gen/burgers_1024_0.001/1D_Burgers_Sols_Nu0.001.hdf5
  Original data shape for 1024: (10000, 201, 1024)
  After time reduction: (10000, 201, 1024)
  Selected 20 samples for test split
  Added 3980 sample pairs from resolution 1024
Loading resolution 512 from /data/user_data/rvk/pdebench_gen/burgers_512_0.001/1D_Burgers_Sols_Nu0.001.hdf5
  Original data shape for 512: (10000, 201, 512)
  After time reduction: (10000, 201, 512)
  Selected 20 samples for test split
  Added 3980 sample pairs from resolution 512
Loading resolution 256 from /data/user_data/rvk/pdebench_gen/burgers_256_0.001/1D_Burgers_Sols_Nu0.001.hdf5
  Original data shape for 256: (10000, 201, 256)
  After time reduction: (10000, 201, 256)
  Selected 20 samples for test split
  Added 3980 sample pairs from resolution 256
Loading resolution 128 from /data/user_data/rvk/pdebench_gen/burgers_128_0.001/1D_Burgers_Sols_Nu0.001.hdf5
  Original data shape for 128: (10000, 201, 128)
  After time reduction: (10000, 201, 128)
  Selected 20 samples for test split
  Added 3980 sample pairs from resolution 128
Adding downsampled resolutions using FFT-based resize functions: [32, 64]
Adding downsampled data from /data/user_data/rvk/pdebench_gen/burgers_1024_0.001/1D_Burgers_Sols_Nu0.001.hdf5
  Generating 20 samples at resolution 32
  Downsampling using FFT-based downsample_1d function from 1024 to 32
  Added 3980 downsampled samples at resolution 32
  Generating 20 samples at resolution 64
  Downsampling using FFT-based downsample_1d function from 1024 to 64
  Added 3980 downsampled samples at resolution 64
Total samples loaded: 23880
Resolution distribution:
  1024_file: 3980 samples
  128_file: 3980 samples
  256_file: 3980 samples
  32_downsampled: 3980 samples
  512_file: 3980 samples
  64_downsampled: 3980 samples
Sample x shapes: [(1, 1024), (1, 1024), (1, 1024)]
Sample y shapes: [(1, 1024), (1, 1024), (1, 1024)]
---------Using simple global normalization---------------
Global statistics: X(mean=0.016688, std=0.650192), Y(mean=0.016688, std=0.649153)

Final dataset sizes:
Train dataset size: 191040
Validation dataset size: 23880
Test dataset size: 23880
<dataloaders.burger_resize_true_multires.burger_true_multires_markov_dataset.<locals>.SimpleNormalizedDataset object at 0x150c529f9d10>
Created resolution groups:
  Resolution 1024: 31840 samples
  Resolution 512: 31840 samples
  Resolution 256: 31840 samples
  Resolution 128: 31840 samples
  Resolution 32: 31840 samples
  Resolution 64: 31840 samples
Created resolution groups:
  Resolution 1024: 3980 samples
  Resolution 512: 3980 samples
  Resolution 256: 3980 samples
  Resolution 128: 3980 samples
  Resolution 32: 3980 samples
  Resolution 64: 3980 samples
Created resolution groups:
  Resolution 1024: 3980 samples
  Resolution 512: 3980 samples
  Resolution 256: 3980 samples
  Resolution 128: 3980 samples
  Resolution 32: 3980 samples
  Resolution 64: 3980 samples
<class 'torch.Tensor'> -0.07021331787109375 -0.07032570987939835 1.0014386177062988 1.0006715059280396
FFNO1D(
  (in_proj): WNLinear(in_features=1, out_features=128, bias=True)
  (fourier_layers): ModuleList(
    (0-3): 4 x FSpectralConv1d(
      (fourier_weight): ParameterList(  (0): Parameter containing: [torch.float32 of size 128x128x16x2 (cuda:0)])
      (backcast_ff): FeedForward(
        (layers): ModuleList(
          (0): Sequential(
            (0): Linear(in_features=128, out_features=512, bias=True)
            (1): Dropout(p=0.1, inplace=False)
            (2): GELU(approximate='none')
            (3): Identity()
          )
          (1): Sequential(
            (0): Linear(in_features=512, out_features=512, bias=True)
            (1): Dropout(p=0.1, inplace=False)
            (2): GELU(approximate='none')
            (3): Identity()
          )
          (2): Sequential(
            (0): Linear(in_features=512, out_features=128, bias=True)
            (1): Dropout(p=0.1, inplace=False)
            (2): Identity()
            (3): LayerNorm((128,), eps=1e-05, elementwise_affine=True)
          )
        )
      )
    )
  )
  (out_proj): WNLinear(in_features=128, out_features=1, bias=True)
)
Total Model Parameters: 3.68M
Trainable Parameters: 3.68M
Epoch 0, Train Loss: 0.06362255, Val Loss: 0.02682865
Epoch 10, Train Loss: 0.00536648, Val Loss: 0.00400599
Epoch 20, Train Loss: 0.00400215, Val Loss: 0.00384438
Epoch 30, Train Loss: 0.00341029, Val Loss: 0.00399911
Epoch 40, Train Loss: 0.00294135, Val Loss: 0.00304582
Epoch 50, Train Loss: 0.00262950, Val Loss: 0.00253912
Epoch 60, Train Loss: 0.00235932, Val Loss: 0.00291504
Epoch 70, Train Loss: 0.00214606, Val Loss: 0.00248298
Epoch 80, Train Loss: 0.00201457, Val Loss: 0.00247718
Epoch 90, Train Loss: 0.00194089, Val Loss: 0.00240544
Test L2 Loss: 0.002262
Model saved to checkpoints/ffno1d/burger_5394383.pt
Created/verified figures directory: figures/5394383
Evaluating BURGER model at multiple resolutions
Using simple normalization from training resolution 1024
Resize mode: OFF - direct evaluation at test resolution
  Using provided normalizers from training
Testing resolutions: [32, 64, 128, 256, 512, 1024]
Loading from file: /data/user_data/rvk/pdebench_gen/burgers_1024_0.001/1D_Burgers_Sols_Nu0.001.hdf5
Original data shape: (10000, 201, 1024)
Original grid shape: torch.Size([1024, 1])
Data shape after batch/time reduction: (10000, 201, 1024)
Current Spatial Size: 1024
Resizing from 1024 to 32
Downsampling using FFT-based downsample_1d function
Data shape after resizing: (10000, 201, 32)
Updated grid shape: torch.Size([32, 1])
x shape: (1990000, 1, 32)
y shape: (1990000, 1, 32)
grid shape: torch.Size([32, 1])
Train dataset size: 1592000
Validation dataset size: 199000
Test dataset size: 199000
Selected random indices for plotting: [174433, 58191, 196893, 189794, 105058, 175687, 81739, 162162, 162365, 186193]
Collected 10 examples for resolution 32
Resolution 32 (direct evaluation) - Relative L2 Loss: 0.001365
Memory cleaned after resolution 32
Loading from file: /data/user_data/rvk/pdebench_gen/burgers_1024_0.001/1D_Burgers_Sols_Nu0.001.hdf5
Original data shape: (10000, 201, 1024)
Original grid shape: torch.Size([1024, 1])
Data shape after batch/time reduction: (10000, 201, 1024)
Current Spatial Size: 1024
Resizing from 1024 to 64
Downsampling using FFT-based downsample_1d function
Data shape after resizing: (10000, 201, 64)
Updated grid shape: torch.Size([64, 1])
x shape: (1990000, 1, 64)
y shape: (1990000, 1, 64)
grid shape: torch.Size([64, 1])
Train dataset size: 1592000
Validation dataset size: 199000
Test dataset size: 199000
Collected 10 examples for resolution 64
Resolution 64 (direct evaluation) - Relative L2 Loss: 0.002291
Memory cleaned after resolution 64
Loading from file: /data/user_data/rvk/pdebench_gen/burgers_1024_0.001/1D_Burgers_Sols_Nu0.001.hdf5
Original data shape: (10000, 201, 1024)
Original grid shape: torch.Size([1024, 1])
Data shape after batch/time reduction: (10000, 201, 1024)
Current Spatial Size: 1024
Resizing from 1024 to 128
Downsampling using FFT-based downsample_1d function
Data shape after resizing: (10000, 201, 128)
Updated grid shape: torch.Size([128, 1])
x shape: (1990000, 1, 128)
y shape: (1990000, 1, 128)
grid shape: torch.Size([128, 1])
Train dataset size: 1592000
Validation dataset size: 199000
Test dataset size: 199000
Collected 10 examples for resolution 128
Resolution 128 (direct evaluation) - Relative L2 Loss: 0.016521
Memory cleaned after resolution 128
Loading from file: /data/user_data/rvk/pdebench_gen/burgers_1024_0.001/1D_Burgers_Sols_Nu0.001.hdf5
Original data shape: (10000, 201, 1024)
Original grid shape: torch.Size([1024, 1])
Data shape after batch/time reduction: (10000, 201, 1024)
Current Spatial Size: 1024
Resizing from 1024 to 256
Downsampling using FFT-based downsample_1d function
Data shape after resizing: (10000, 201, 256)
Updated grid shape: torch.Size([256, 1])
x shape: (1990000, 1, 256)
y shape: (1990000, 1, 256)
grid shape: torch.Size([256, 1])
Train dataset size: 1592000
Validation dataset size: 199000
Test dataset size: 199000
Collected 10 examples for resolution 256
Resolution 256 (direct evaluation) - Relative L2 Loss: 0.010968
Memory cleaned after resolution 256
Loading from file: /data/user_data/rvk/pdebench_gen/burgers_1024_0.001/1D_Burgers_Sols_Nu0.001.hdf5
Original data shape: (10000, 201, 1024)
Original grid shape: torch.Size([1024, 1])
Data shape after batch/time reduction: (10000, 201, 1024)
Current Spatial Size: 1024
Resizing from 1024 to 512
Downsampling using FFT-based downsample_1d function
Data shape after resizing: (10000, 201, 512)
Updated grid shape: torch.Size([512, 1])
x shape: (1990000, 1, 512)
y shape: (1990000, 1, 512)
grid shape: torch.Size([512, 1])
Train dataset size: 1592000
Validation dataset size: 199000
Test dataset size: 199000
Collected 10 examples for resolution 512
Resolution 512 (direct evaluation) - Relative L2 Loss: 0.004506
Memory cleaned after resolution 512
Loading from file: /data/user_data/rvk/pdebench_gen/burgers_1024_0.001/1D_Burgers_Sols_Nu0.001.hdf5
Original data shape: (10000, 201, 1024)
Original grid shape: torch.Size([1024, 1])
Data shape after batch/time reduction: (10000, 201, 1024)
Current Spatial Size: 1024
x shape: (1990000, 1, 1024)
y shape: (1990000, 1, 1024)
grid shape: torch.Size([1024, 1])
Train dataset size: 1592000
Validation dataset size: 199000
Test dataset size: 199000
Collected 10 examples for resolution 1024
Resolution 1024 (direct evaluation) - Relative L2 Loss: 0.003298
Memory cleaned after resolution 1024
Creating prediction vs target plots...
Saved prediction plot: figures/5394383/prediction_plots/burger_predictions_vs_targets_10_examples.png
Saved numerical results: figures/5394383/burger_1d_evaluation_results_20250825_183132.csv
Saved summary: figures/5394383/burger_1d_evaluation_summary_20250825_183132.txt

==================================================
BURGER EVALUATION SUMMARY
==================================================
Resolution  32: 0.001365
Resolution  64: 0.002291
Resolution 128: 0.016521
Resolution 256: 0.010968
Resolution 512: 0.004506
Resolution 1024: 0.003298

Summary of Super-Resolution Evaluation:
Resolution factor 32: Relative L2 Loss = 0.001365
Resolution factor 64: Relative L2 Loss = 0.002291
Resolution factor 128: Relative L2 Loss = 0.016521
Resolution factor 256: Relative L2 Loss = 0.010968
Resolution factor 512: Relative L2 Loss = 0.004506
Resolution factor 1024: Relative L2 Loss = 0.003298

Evaluation plots saved to: figures/5394383
Wandb run: https://wandb.ai/rohanvk-carnegie-mellon-university/ffno1d/runs/hmxkuqm3
Job completed at Mon Aug 25 18:31:36 EDT 2025
