Job started on babel-4-17 at Sun Jun 22 21:07:50 EDT 2025
Job ID: 5148302
GPU information:
Sun Jun 22 21:07:50 2025       
+-----------------------------------------------------------------------------------------+
| NVIDIA-SMI 575.51.03              Driver Version: 575.51.03      CUDA Version: 12.9     |
|-----------------------------------------+------------------------+----------------------+
| GPU  Name                 Persistence-M | Bus-Id          Disp.A | Volatile Uncorr. ECC |
| Fan  Temp   Perf          Pwr:Usage/Cap |           Memory-Usage | GPU-Util  Compute M. |
|                                         |                        |               MIG M. |
|=========================================+========================+======================|
|   0  NVIDIA L40S                    On  |   00000000:C1:00.0 Off |                    0 |
| N/A   27C    P8             33W /  350W |       0MiB /  46068MiB |      0%      Default |
|                                         |                        |                  N/A |
+-----------------------------------------+------------------------+----------------------+
|   1  NVIDIA L40S                    On  |   00000000:E1:00.0 Off |                    0 |
| N/A   27C    P8             32W /  350W |       0MiB /  46068MiB |      0%      Default |
|                                         |                        |                  N/A |
+-----------------------------------------+------------------------+----------------------+
                                                                                         
+-----------------------------------------------------------------------------------------+
| Processes:                                                                              |
|  GPU   GI   CI              PID   Type   Process name                        GPU Memory |
|        ID   ID                                                               Usage      |
|=========================================================================================|
|  No running processes found                                                             |
+-----------------------------------------------------------------------------------------+
CUDA devices:
CUDA_VISIBLE_DEVICES: 0,1
Using device: cuda
[2025-06-22 21:07:55,032][root][INFO] - model:
  _target_: CNO.CNO2d_original_version.CNOModule.CNO
  in_dim: 3
  out_dim: 3
  out_size: 1
  N_layers: 3
  N_res: 4
  N_res_neck: 6
  channel_multiplier: 32
  conv_kernel: 3
  cutoff_den: 2.0001
  filter_size: 6
  lrelu_upsampling: 2
  half_width_mult: 0.8
  radial: false
  batch_norm: true
  expand_input: false
  latent_lift_proj_dim: 64
  add_inv: true
  activation: cno_lrelu
dataset:
  reduced_batch: 1
  reduced_resolution: 1
  reduced_resolution_t: 1
  window_size: 15
  original_res: 512
  train_resolution: 64
  multi_res:
  - 1
  - 16
  s: 64
  train_mres: false
  pde: navier_stokes_0
  data_path1: data/pdebench/ns_incom_inhom_2d_512-0.hdf5
training:
  batch_size: 16
  epochs: 100
  learning_rate: 0.001
  use_normalizer: false
project_name: ${dataset.pde}_${hydra:runtime.choices.model}
checkpoint_dir: checkpoints

Project name: navier_stokes_0_cno_2d/cno_2d_original
Model name: CNO.CNO2d_original_version.CNOModule.CNO
PDE Dataset: navier_stokes_0
Loading from file: /home/rvk/data/pdebench/ns_incom_inhom_2d_512-0.hdf5
Available keys: ['force', 'particles', 't', 'velocity']
Velocity data shape: (4, 1000, 512, 512, 2)
Particles data shape: (4, 1000, 512, 512, 1)
Combined data shape: (4, 1000, 512, 512, 3)
Current Spatial Size: 512
Downsampling from 512x512 to 64x64
Data shape after downsampling: (4, 1000, 64, 64, 3)
x shape: torch.Size([3992, 3, 64, 64])
y shape: torch.Size([3992, 3, 64, 64])
---------Computing min-max normalization statistics---------------
Input data range: [-2.712723, 2.470622]
Output data range: [-2.712723, 2.468047]
Train dataset size: 3193
Validation dataset size: 399
Test dataset size: 400
<class 'torch.Tensor'> 0.5237345695495605 0.5239958763122559 0.10242407768964767 0.10241525620222092
Total Model Parameters: 2.95M
Trainable Parameters: 2.95M
Setting up PyTorch plugin "filtered_lrelu_plugin"... Done.
Epoch 0, Train Loss: 0.08601281, Val Loss: 0.04752285
Epoch 10, Train Loss: 0.01547856, Val Loss: 0.04260524
Epoch 20, Train Loss: 0.01206312, Val Loss: 0.01868537
Epoch 30, Train Loss: 0.00740108, Val Loss: 0.00892878
Epoch 40, Train Loss: 0.00661796, Val Loss: 0.00934614
Epoch 50, Train Loss: 0.00466075, Val Loss: 0.00621218
Epoch 60, Train Loss: 0.00369677, Val Loss: 0.00471328
Epoch 70, Train Loss: 0.00338065, Val Loss: 0.00718590
Epoch 80, Train Loss: 0.00243790, Val Loss: 0.00312715
Epoch 90, Train Loss: 0.00240840, Val Loss: 0.00698377
Test L2 Loss: 0.037731
Model saved to checkpoints/cno/navier_stokes_0_5148302.pt
Using provided normalization statistics from training resolution 64:
  Input range: [-2.712723, 2.470622]
  Output range: [-2.712723, 2.468047]
Testing resolutions: [32, 64, 128, 256, 512]
Loading from file: /home/rvk/data/pdebench/ns_incom_inhom_2d_512-0.hdf5
Available keys: ['force', 'particles', 't', 'velocity']
Velocity data shape: (4, 1000, 512, 512, 2)
Particles data shape: (4, 1000, 512, 512, 1)
Combined data shape: (4, 1000, 512, 512, 3)
Current Spatial Size: 512
Downsampling from 512x512 to 32x32
Data shape after downsampling: (4, 1000, 32, 32, 3)
x shape: torch.Size([3992, 3, 32, 32])
y shape: torch.Size([3992, 3, 32, 32])
Train dataset size: 3193
Validation dataset size: 399
Test dataset size: 400
Resolution 32 - Relative L2 Loss: 0.037833
Loading from file: /home/rvk/data/pdebench/ns_incom_inhom_2d_512-0.hdf5
Available keys: ['force', 'particles', 't', 'velocity']
Velocity data shape: (4, 1000, 512, 512, 2)
Particles data shape: (4, 1000, 512, 512, 1)
Combined data shape: (4, 1000, 512, 512, 3)
Current Spatial Size: 512
Downsampling from 512x512 to 64x64
Data shape after downsampling: (4, 1000, 64, 64, 3)
x shape: torch.Size([3992, 3, 64, 64])
y shape: torch.Size([3992, 3, 64, 64])
Train dataset size: 3193
Validation dataset size: 399
Test dataset size: 400
Resolution 64 - Relative L2 Loss: 0.037731
Loading from file: /home/rvk/data/pdebench/ns_incom_inhom_2d_512-0.hdf5
Available keys: ['force', 'particles', 't', 'velocity']
Velocity data shape: (4, 1000, 512, 512, 2)
Particles data shape: (4, 1000, 512, 512, 1)
Combined data shape: (4, 1000, 512, 512, 3)
Current Spatial Size: 512
Downsampling from 512x512 to 128x128
Data shape after downsampling: (4, 1000, 128, 128, 3)
x shape: torch.Size([3992, 3, 128, 128])
y shape: torch.Size([3992, 3, 128, 128])
Train dataset size: 3193
Validation dataset size: 399
Test dataset size: 400
Resolution 128 - Relative L2 Loss: 0.075219
Loading from file: /home/rvk/data/pdebench/ns_incom_inhom_2d_512-0.hdf5
Available keys: ['force', 'particles', 't', 'velocity']
Velocity data shape: (4, 1000, 512, 512, 2)
Particles data shape: (4, 1000, 512, 512, 1)
Combined data shape: (4, 1000, 512, 512, 3)
Current Spatial Size: 512
Downsampling from 512x512 to 256x256
Data shape after downsampling: (4, 1000, 256, 256, 3)
x shape: torch.Size([3992, 3, 256, 256])
y shape: torch.Size([3992, 3, 256, 256])
Train dataset size: 3193
Validation dataset size: 399
Test dataset size: 400
Resolution 256 - Relative L2 Loss: 0.078772
Loading from file: /home/rvk/data/pdebench/ns_incom_inhom_2d_512-0.hdf5
Available keys: ['force', 'particles', 't', 'velocity']
Velocity data shape: (4, 1000, 512, 512, 2)
Particles data shape: (4, 1000, 512, 512, 1)
Combined data shape: (4, 1000, 512, 512, 3)
Current Spatial Size: 512
x shape: torch.Size([3992, 3, 512, 512])
y shape: torch.Size([3992, 3, 512, 512])
Train dataset size: 3193
Validation dataset size: 399
Test dataset size: 400
Resolution 512 - Relative L2 Loss: 0.079106

==================================================
EVALUATION SUMMARY
==================================================
Resolution  32: 0.037833
Resolution  64: 0.037731
Resolution 128: 0.075219
Resolution 256: 0.078772
Resolution 512: 0.079106

Summary of Super-Resolution Evaluation:
Resolution factor 32: Relative L2 Loss = 0.037833
Resolution factor 64: Relative L2 Loss = 0.037731
Resolution factor 128: Relative L2 Loss = 0.075219
Resolution factor 256: Relative L2 Loss = 0.078772
Resolution factor 512: Relative L2 Loss = 0.079106
[1;34mwandb[0m: 
[1;34mwandb[0m: 🚀 View run [33msage-water-5[0m at: [34mhttps://wandb.ai/rohanvk-carnegie-mellon-university/cno/runs/j1dttihm[0m
[1;34mwandb[0m: Find logs at: [1;35mwandb/run-20250622_210906-j1dttihm/logs[0m
Job completed at Sun Jun 22 21:20:12 EDT 2025
