Job started on babel-13-37 at Thu Apr  3 16:25:14 EDT 2025
Job ID: 4500990
Using device: cuda
[2025-04-03 16:25:20,240][root][INFO] - model:
  _target_: models.ffno.FFNO1D
  in_channels: 1
  out_channels: 1
  width: 32
  n_modes: 16
  factor: 4
  n_layers: 4
  ff_weight_norm: true
  n_ff_layers: 2
  layer_norm: false
  grid: null
  dropout: 0.0
  mode: full
dataset:
  reduced_batch: 1
  reduced_resolution: 8
  reduced_resolution_t: 4
  pde: burger_1.0
  data_path1: data/pdebench/1D_Burgers_Sols_Nu1.0.hdf5
training:
  batch_size: 64
  epochs: 100
  learning_rate: 0.001
  use_normalizer: false
project_name: ${dataset.pde}_${hydra:runtime.choices.model}
checkpoint_dir: checkpoints

Project name: burger_1.0_ffno_1d/ffno_1d
Model name: models.ffno.FFNO1D
PDE Dataset: burger_1.0
Loading from file: /home/rvk/data/pdebench/1D_Burgers_Sols_Nu1.0.hdf5
(10000, 201, 1024)
Total data shape: (10000, 51, 128)
x shape: (490000, 1, 128)
y shape: (490000, 1, 128)
grid shape: torch.Size([128, 1])
---------Using data normalizer---------------
Train dataset size: 392000
Validation dataset size: 49000
Test dataset size: 49000
<class 'torch.Tensor'> 0.019627109169960022 0.0196419395506382 0.9096227884292603 0.9089645743370056
Sample Input shape: torch.Size([64, 1, 128])
Sample Output shape: torch.Size([64, 1, 128])
FFNO1D(
  (in_proj): WNLinear(in_features=2, out_features=32, bias=True)
  (fourier_layers): ModuleList(
    (0-3): 4 x FSpectralConv1d(
      (fourier_weight): ParameterList(  (0): Parameter containing: [torch.float32 of size 32x32x16x2 (cuda:0)])
      (backcast_ff): FeedForward(
        (layers): ModuleList(
          (0): Sequential(
            (0): Linear(in_features=32, out_features=128, bias=True)
            (1): Dropout(p=0.0, inplace=False)
            (2): GELU(approximate='none')
            (3): Identity()
          )
          (1): Sequential(
            (0): Linear(in_features=128, out_features=32, bias=True)
            (1): Dropout(p=0.0, inplace=False)
            (2): Identity()
            (3): Identity()
          )
        )
      )
      (act): Identity()
    )
  )
  (out_proj): WNLinear(in_features=32, out_features=1, bias=True)
)
Epoch 0, Train Loss: 0.05870498, Val Loss: 0.00704445
Epoch 10, Train Loss: 0.01132399, Val Loss: 0.00741370
Epoch 20, Train Loss: 0.00698646, Val Loss: 0.01259807
Epoch 30, Train Loss: 0.00574235, Val Loss: 0.00467620
Epoch 40, Train Loss: 0.00437493, Val Loss: 0.00675468
Epoch 50, Train Loss: 0.00321461, Val Loss: 0.00077420
Epoch 60, Train Loss: 0.00233640, Val Loss: 0.00059760
Epoch 70, Train Loss: 0.00144954, Val Loss: 0.00172500
Epoch 80, Train Loss: 0.00067845, Val Loss: 0.00049956
Epoch 90, Train Loss: 0.00038309, Val Loss: 0.00031975
Test L2 Loss: 0.000306
-----Visualizing Saved------
Figure saved to output_logs/predictions/burger_1.0_fno_4500990_predictions.png
Model saved to checkpoints/ffno1d/burger_1.0_4500990.pt
Original test data shape: x=torch.Size([49000, 1, 128]), y=torch.Size([49000, 1, 128])

Evaluating at resolution factor: 1
Resolution factor 1 - Relative L2 Loss: 0.000306

Evaluating at resolution factor: 2
Downsampled shapes: x=torch.Size([49000, 1, 64]), y=torch.Size([49000, 1, 64])
Resolution factor 2 - Relative L2 Loss: 0.000489

Evaluating at resolution factor: 4
Downsampled shapes: x=torch.Size([49000, 1, 32]), y=torch.Size([49000, 1, 32])
Resolution factor 4 - Relative L2 Loss: 0.000906

Evaluating at resolution factor: 8
Downsampled shapes: x=torch.Size([49000, 1, 16]), y=torch.Size([49000, 1, 16])
Skipping Resolution factor 8 because not enough modes

Evaluating at resolution factor: 16
Downsampled shapes: x=torch.Size([49000, 1, 8]), y=torch.Size([49000, 1, 8])
Skipping Resolution factor 16 because not enough modes

Evaluating at resolution factor: 32
Downsampled shapes: x=torch.Size([49000, 1, 4]), y=torch.Size([49000, 1, 4])
Skipping Resolution factor 32 because not enough modes

Summary of Super-Resolution Evaluation:
Resolution factor 1: Relative L2 Loss = 0.000306
Resolution factor 2: Relative L2 Loss = 0.000489
Resolution factor 4: Relative L2 Loss = 0.000906
[1;34mwandb[0m: 
[1;34mwandb[0m: 🚀 View run [33mnoble-fire-58[0m at: [34mhttps://wandb.ai/rohanvk-carnegie-mellon-university/ffno1d/runs/owp8jqx8[0m
[1;34mwandb[0m: Find logs at: [1;35mwandb/run-20250403_162545-owp8jqx8/logs[0m
Job completed at Thu Apr  3 17:45:42 EDT 2025
