Job started on babel-1-23 at Thu Apr  3 05:29:15 EDT 2025
Job ID: 4498586
Using device: cuda
[2025-04-03 05:29:22,338][root][INFO] - model:
  _target_: models.ffno.FFNO1D
  in_channels: 1
  out_channels: 1
  width: 32
  n_modes: 16
  factor: 4
  n_layers: 4
  ff_weight_norm: true
  n_ff_layers: 2
  layer_norm: false
  grid: null
  dropout: 0.0
  mode: full
dataset:
  reduced_batch: 1
  reduced_resolution: 2
  reduced_resolution_t: 4
  pde: burger_1.0
  data_path1: data/pdebench/1D_Burgers_Sols_Nu1.0.hdf5
training:
  batch_size: 64
  epochs: 100
  learning_rate: 0.001
  use_normalizer: false
project_name: ${dataset.pde}_${hydra:runtime.choices.model}
checkpoint_dir: checkpoints

Project name: burger_1.0_ffno_1d/ffno_1d
Model name: models.ffno.FFNO1D
PDE Dataset: burger_1.0
Loading from file: /home/rvk/data/pdebench/1D_Burgers_Sols_Nu1.0.hdf5
(10000, 201, 1024)
Total data shape: (10000, 51, 512)
x shape: (490000, 1, 512)
y shape: (490000, 1, 512)
grid shape: torch.Size([512, 1])
---------Using data normalizer---------------
Train dataset size: 392000
Validation dataset size: 49000
Test dataset size: 49000
<class 'torch.Tensor'> 0.06927373260259628 0.06932860612869263 0.9009727835655212 0.901163637638092
Sample Input shape: torch.Size([64, 1, 512])
Sample Output shape: torch.Size([64, 1, 512])
FFNO1D(
  (in_proj): WNLinear(in_features=2, out_features=32, bias=True)
  (fourier_layers): ModuleList(
    (0-3): 4 x FSpectralConv1d(
      (fourier_weight): ParameterList(  (0): Parameter containing: [torch.float32 of size 32x32x16x2 (cuda:0)])
      (backcast_ff): FeedForward(
        (layers): ModuleList(
          (0): Sequential(
            (0): Linear(in_features=32, out_features=128, bias=True)
            (1): Dropout(p=0.0, inplace=False)
            (2): GELU(approximate='none')
            (3): Identity()
          )
          (1): Sequential(
            (0): Linear(in_features=128, out_features=32, bias=True)
            (1): Dropout(p=0.0, inplace=False)
            (2): Identity()
            (3): Identity()
          )
        )
      )
      (act): Identity()
    )
  )
  (out_proj): WNLinear(in_features=32, out_features=1, bias=True)
)
Epoch 0, Train Loss: 0.09109496, Val Loss: 0.01129174
Epoch 10, Train Loss: 0.01030499, Val Loss: 0.02546961
Epoch 20, Train Loss: 0.00795758, Val Loss: 0.00235551
Epoch 30, Train Loss: 0.00648077, Val Loss: 0.00250504
Epoch 40, Train Loss: 0.00496625, Val Loss: 0.00179727
Epoch 50, Train Loss: 0.00356075, Val Loss: 0.00321160
Epoch 60, Train Loss: 0.00242271, Val Loss: 0.00207033
Epoch 70, Train Loss: 0.00139156, Val Loss: 0.00051244
Epoch 80, Train Loss: 0.00083186, Val Loss: 0.00133790
Epoch 90, Train Loss: 0.00041949, Val Loss: 0.00032743
Test L2 Loss: 0.000346
-----Visualizing Saved------
Figure saved to output_logs/predictions/burger_1.0_fno_4498586_predictions.png
Model saved to checkpoints/ffno1d/burger_1.0_4498586.pt
Original test data shape: x=torch.Size([49000, 1, 512]), y=torch.Size([49000, 1, 512])

Evaluating at resolution factor: 1
Resolution factor 1 - Relative L2 Loss: 0.000346

Evaluating at resolution factor: 2
Downsampled shapes: x=torch.Size([49000, 1, 256]), y=torch.Size([49000, 1, 256])
Resolution factor 2 - Relative L2 Loss: 0.000503

Evaluating at resolution factor: 4
Downsampled shapes: x=torch.Size([49000, 1, 128]), y=torch.Size([49000, 1, 128])
Resolution factor 4 - Relative L2 Loss: 0.000503

Evaluating at resolution factor: 8
Downsampled shapes: x=torch.Size([49000, 1, 64]), y=torch.Size([49000, 1, 64])
Resolution factor 8 - Relative L2 Loss: 0.000506

Evaluating at resolution factor: 16
Downsampled shapes: x=torch.Size([49000, 1, 32]), y=torch.Size([49000, 1, 32])
Resolution factor 16 - Relative L2 Loss: 0.000552

Evaluating at resolution factor: 32
Downsampled shapes: x=torch.Size([49000, 1, 16]), y=torch.Size([49000, 1, 16])
Skipping Resolution factor 32 because not enough modes

Summary of Super-Resolution Evaluation:
Resolution factor 1: Relative L2 Loss = 0.000346
Resolution factor 2: Relative L2 Loss = 0.000503
Resolution factor 4: Relative L2 Loss = 0.000503
Resolution factor 8: Relative L2 Loss = 0.000506
Resolution factor 16: Relative L2 Loss = 0.000552
[1;34mwandb[0m: 
[1;34mwandb[0m: 🚀 View run [33mbreezy-gorge-52[0m at: [34mhttps://wandb.ai/rohanvk-carnegie-mellon-university/ffno1d/runs/qhzdcrnj[0m
[1;34mwandb[0m: Find logs at: [1;35mwandb/run-20250403_052951-qhzdcrnj/logs[0m
Job completed at Thu Apr  3 07:05:09 EDT 2025
