Job started on babel-0-19 at Fri Apr 18 13:21:46 EDT 2025
Job ID: 4590448
Using device: cuda
[2025-04-18 13:21:50,464][root][INFO] - model:
  _target_: models.s4_1d.S4Model
  d_input: 15
  d_output: 1
  d_model: 64
  n_layers: 4
  dropout: 0.2
  prenorm: false
dataset:
  reduced_batch: 4
  reduced_resolution: 4
  reduced_resolution_t: 1
  window_size: 15
  original_res: 1024
  pde: burger_0.01
  data_path1: data/pdebench/1D_Burgers_Sols_Nu0.01.hdf5
training:
  batch_size: 64
  epochs: 100
  learning_rate: 0.001
  use_normalizer: false
project_name: ${dataset.pde}_${hydra:runtime.choices.model}
checkpoint_dir: checkpoints

Project name: burger_0.01_s4_1d/s4_1d
Model name: models.s4_1d.S4Model
PDE Dataset: burger_0.01
Loading from file: /home/rvk/data/pdebench/1D_Burgers_Sols_Nu0.01.hdf5
(10000, 201, 1024)
Total data shape: (2500, 201, 256)
x shape: (465000, 15, 256)
y shape: (465000, 1, 256)
grid shape: torch.Size([256, 1])
---------Using data normalizer---------------
Train dataset size: 372000
Validation dataset size: 46500
Test dataset size: 46500
<class 'torch.Tensor'> -0.1526927947998047 -0.15423646569252014 0.9379805326461792 0.9373364448547363
Sample Input shape: torch.Size([64, 15, 256])
Sample Output shape: torch.Size([64, 1, 256])
[2025-04-18 13:22:48,019][models.s4][WARNING] - CUDA extension for structured kernels (Cauchy and Vandermonde multiplication) not found. Install by going to extensions/kernels/ and running `python setup.py install`, for improved speed and memory efficiency. Note that the kernel changed for state-spaces 4.0 and must be recompiled.
[2025-04-18 13:22:48,020][models.s4][WARNING] - Falling back on slow Cauchy and Vandermonde kernel. Install at least one of pykeops or the CUDA extension for better speed and memory efficiency.
[2025-04-18 13:22:48,286][models.s4][INFO] - Constructing S4 (H, N, L) = (64, 32, None)
[2025-04-18 13:22:48,661][models.s4][INFO] - Constructing S4 (H, N, L) = (64, 32, None)
[2025-04-18 13:22:49,091][models.s4][INFO] - Constructing S4 (H, N, L) = (64, 32, None)
[2025-04-18 13:22:49,485][models.s4][INFO] - Constructing S4 (H, N, L) = (64, 32, None)
S4Model(
  (encoder): Linear(in_features=16, out_features=64, bias=True)
  (s4_layers): ModuleList(
    (0-3): 4 x S4Block(
      (layer): FFTConv(
        (activation): GELU(approximate='none')
        (kernel): SSMKernelDPLR()
        (drop): Dropout(p=0.2, inplace=False)
        (drop_kernel): Identity()
      )
      (mult_activation): Identity()
      (drop): Dropout(p=0.2, inplace=False)
      (output_linear): Sequential(
        (0): Linear(in_features=64, out_features=128, bias=True)
        (1): GLU(dim=-1)
      )
      (residual_layer): ZeroLayer()
    )
  )
  (norms): ModuleList(
    (0-3): 4 x LayerNorm((64,), eps=1e-05, elementwise_affine=True)
  )
  (dropouts): ModuleList(
    (0-3): 4 x Dropout(p=0.2, inplace=False)
  )
  (decoder): Linear(in_features=64, out_features=1, bias=True)
)
[2025-04-18 13:23:37,242][models.s4][INFO] - S4: Initializing kernel to length 256
[2025-04-18 13:23:37,330][models.s4][INFO] - S4: Initializing kernel to length 256
[2025-04-18 13:23:37,336][models.s4][INFO] - S4: Initializing kernel to length 256
[2025-04-18 13:23:37,341][models.s4][INFO] - S4: Initializing kernel to length 256
Epoch 0, Train Loss: 0.01492319, Val Loss: 0.00243017
Epoch 10, Train Loss: 0.00228261, Val Loss: 0.00178413
Epoch 20, Train Loss: 0.00186347, Val Loss: 0.00217861
Epoch 30, Train Loss: 0.00159903, Val Loss: 0.00127960
Epoch 40, Train Loss: 0.00133014, Val Loss: 0.00131124
Epoch 50, Train Loss: 0.00110513, Val Loss: 0.00101509
Epoch 60, Train Loss: 0.00086997, Val Loss: 0.00056928
Epoch 70, Train Loss: 0.00069974, Val Loss: 0.00057466
Epoch 80, Train Loss: 0.00058752, Val Loss: 0.00042932
Epoch 90, Train Loss: 0.00053260, Val Loss: 0.00041168
Test L2 Loss: 0.000393
-----Visualizing Saved------
Figure saved to output_logs/predictions/burger_0.01_fno_4590448_predictions.png
Model saved to checkpoints/s4model/burger_0.01_4590448.pt
Original test data shape: x=torch.Size([46500, 15, 256]), y=torch.Size([46500, 1, 256])

Evaluating at resolution factor: 1
Resolution factor 1 - Relative L2 Loss: 0.000393

Evaluating at resolution factor: 2
Downsampled shapes: x=torch.Size([46500, 15, 128]), y=torch.Size([46500, 1, 128])
Resolution factor 2 - Relative L2 Loss: 0.001920

Evaluating at resolution factor: 4
Downsampled shapes: x=torch.Size([46500, 15, 64]), y=torch.Size([46500, 1, 64])
Resolution factor 4 - Relative L2 Loss: 0.003373

Evaluating at resolution factor: 8
Downsampled shapes: x=torch.Size([46500, 15, 32]), y=torch.Size([46500, 1, 32])
Resolution factor 8 - Relative L2 Loss: 0.004471

Evaluating at resolution factor: 16
Downsampled shapes: x=torch.Size([46500, 15, 16]), y=torch.Size([46500, 1, 16])
Resolution factor 16 - Relative L2 Loss: 0.004396

Evaluating at resolution factor: 32
Downsampled shapes: x=torch.Size([46500, 15, 8]), y=torch.Size([46500, 1, 8])
Resolution factor 32 - Relative L2 Loss: 0.003723
Loading from file: /home/rvk/data/pdebench/1D_Burgers_Sols_Nu0.01.hdf5
(10000, 201, 1024)
Total data shape: (2500, 201, 1024)
x shape: (465000, 15, 1024)
y shape: (465000, 1, 1024)
grid shape: torch.Size([1024, 1])
---------Using data normalizer---------------
Train dataset size: 372000
Validation dataset size: 46500
Test dataset size: 46500
Original test data shape: x=torch.Size([46500, 15, 1024]), y=torch.Size([46500, 1, 1024])
Testing resolutions: [512, 1024]

Evaluating at resolution: 512
Downsampled shapes: x=torch.Size([46500, 15, 512]), y=torch.Size([46500, 1, 512])
[2025-04-18 16:31:08,702][models.s4][INFO] - S4: Doubling length from L = 256 to 512
[2025-04-18 16:31:08,712][models.s4][INFO] - S4: Doubling length from L = 256 to 512
[2025-04-18 16:31:08,717][models.s4][INFO] - S4: Doubling length from L = 256 to 512
[2025-04-18 16:31:08,721][models.s4][INFO] - S4: Doubling length from L = 256 to 512
Resolution 512 - Relative L2 Loss: 0.009694

Evaluating at resolution: 1024
Downsampled shapes: x=torch.Size([46500, 15, 1024]), y=torch.Size([46500, 1, 1024])
[2025-04-18 16:31:16,590][models.s4][INFO] - S4: Doubling length from L = 512 to 1024
[2025-04-18 16:31:16,600][models.s4][INFO] - S4: Doubling length from L = 512 to 1024
[2025-04-18 16:31:16,605][models.s4][INFO] - S4: Doubling length from L = 512 to 1024
[2025-04-18 16:31:16,610][models.s4][INFO] - S4: Doubling length from L = 512 to 1024
Resolution 1024 - Relative L2 Loss: 0.146169

Summary of Super-Resolution Evaluation:
Resolution factor 1: Relative L2 Loss = 0.000393
Resolution factor 2: Relative L2 Loss = 0.001920
Resolution factor 4: Relative L2 Loss = 0.003373
Resolution factor 8: Relative L2 Loss = 0.004471
Resolution factor 16: Relative L2 Loss = 0.004396
Resolution factor 32: Relative L2 Loss = 0.003723

Summary of Higher-Resolution Evaluation:
Resolution 512: Relative L2 Loss = 0.009694
Resolution 1024: Relative L2 Loss = 0.146169
Job completed at Fri Apr 18 16:31:52 EDT 2025
