Job started on babel-8-13 at Sat Apr 19 13:25:33 EDT 2025
Job ID: 4596414
GPU information:
Sat Apr 19 13:25:33 2025       
+-----------------------------------------------------------------------------------------+
| NVIDIA-SMI 560.35.03              Driver Version: 560.35.03      CUDA Version: 12.6     |
|-----------------------------------------+------------------------+----------------------+
| GPU  Name                 Persistence-M | Bus-Id          Disp.A | Volatile Uncorr. ECC |
| Fan  Temp   Perf          Pwr:Usage/Cap |           Memory-Usage | GPU-Util  Compute M. |
|                                         |                        |               MIG M. |
|=========================================+========================+======================|
|   0  NVIDIA L40S                    On  |   00000000:52:00.0 Off |                    0 |
| N/A   26C    P8             31W /  238W |       1MiB /  46068MiB |      0%      Default |
|                                         |                        |                  N/A |
+-----------------------------------------+------------------------+----------------------+
|   1  NVIDIA L40S                    On  |   00000000:D6:00.0 Off |                    0 |
| N/A   25C    P8             32W /  238W |       1MiB /  46068MiB |      0%      Default |
|                                         |                        |                  N/A |
+-----------------------------------------+------------------------+----------------------+
                                                                                         
+-----------------------------------------------------------------------------------------+
| Processes:                                                                              |
|  GPU   GI   CI        PID   Type   Process name                              GPU Memory |
|        ID   ID                                                               Usage      |
|=========================================================================================|
|  No running processes found                                                             |
+-----------------------------------------------------------------------------------------+
CUDA devices:
CUDA_VISIBLE_DEVICES: 0,1
Using device: cuda
[2025-04-19 13:26:21,207][root][INFO] - model:
  _target_: models.s4_1d.S4Model
  d_input: 15
  d_output: 1
  d_model: 64
  n_layers: 4
  dropout: 0.2
  prenorm: false
dataset:
  reduced_batch: 4
  reduced_resolution: 8
  reduced_resolution_t: 1
  window_size: 15
  original_res: 1024
  pde: burger_0.001
  data_path1: data/pdebench/1D_Burgers_Sols_Nu0.001.hdf5
training:
  batch_size: 64
  epochs: 100
  learning_rate: 0.001
  use_normalizer: false
project_name: ${dataset.pde}_${hydra:runtime.choices.model}
checkpoint_dir: checkpoints

Project name: burger_0.001_s4_1d/s4_1d
Model name: models.s4_1d.S4Model
PDE Dataset: burger_0.001
Loading from file: /home/rvk/data/pdebench/1D_Burgers_Sols_Nu0.001.hdf5
(10000, 201, 1024)
Total data shape: (2500, 201, 128)
x shape: (465000, 15, 128)
y shape: (465000, 1, 128)
grid shape: torch.Size([128, 1])
---------Using data normalizer---------------
Train dataset size: 372000
Validation dataset size: 46500
Test dataset size: 46500
<class 'torch.Tensor'> -0.02151859551668167 -0.021735914051532745 0.8565267324447632 0.8545094132423401
Sample Input shape: torch.Size([64, 15, 128])
Sample Output shape: torch.Size([64, 1, 128])
[2025-04-19 13:28:11,773][models.s4][WARNING] - CUDA extension for structured kernels (Cauchy and Vandermonde multiplication) not found. Install by going to extensions/kernels/ and running `python setup.py install`, for improved speed and memory efficiency. Note that the kernel changed for state-spaces 4.0 and must be recompiled.
[2025-04-19 13:28:11,776][models.s4][WARNING] - Falling back on slow Cauchy and Vandermonde kernel. Install at least one of pykeops or the CUDA extension for better speed and memory efficiency.
[2025-04-19 13:28:12,557][models.s4][INFO] - Constructing S4 (H, N, L) = (64, 32, None)
[2025-04-19 13:28:12,739][models.s4][INFO] - Constructing S4 (H, N, L) = (64, 32, None)
[2025-04-19 13:28:12,883][models.s4][INFO] - Constructing S4 (H, N, L) = (64, 32, None)
[2025-04-19 13:28:13,340][models.s4][INFO] - Constructing S4 (H, N, L) = (64, 32, None)
S4Model(
  (encoder): Linear(in_features=16, out_features=64, bias=True)
  (s4_layers): ModuleList(
    (0-3): 4 x S4Block(
      (layer): FFTConv(
        (activation): GELU(approximate='none')
        (kernel): SSMKernelDPLR()
        (drop): Dropout(p=0.2, inplace=False)
        (drop_kernel): Identity()
      )
      (mult_activation): Identity()
      (drop): Dropout(p=0.2, inplace=False)
      (output_linear): Sequential(
        (0): Linear(in_features=64, out_features=128, bias=True)
        (1): GLU(dim=-1)
      )
      (residual_layer): ZeroLayer()
    )
  )
  (norms): ModuleList(
    (0-3): 4 x LayerNorm((64,), eps=1e-05, elementwise_affine=True)
  )
  (dropouts): ModuleList(
    (0-3): 4 x Dropout(p=0.2, inplace=False)
  )
  (decoder): Linear(in_features=64, out_features=1, bias=True)
)
[2025-04-19 13:29:03,441][models.s4][INFO] - S4: Initializing kernel to length 128
[2025-04-19 13:29:06,446][models.s4][INFO] - S4: Initializing kernel to length 128
[2025-04-19 13:29:06,452][models.s4][INFO] - S4: Initializing kernel to length 128
[2025-04-19 13:29:06,457][models.s4][INFO] - S4: Initializing kernel to length 128
Epoch 0, Train Loss: 0.03101934, Val Loss: 0.00941203
Epoch 10, Train Loss: 0.00830694, Val Loss: 0.00780287
Epoch 20, Train Loss: 0.00744503, Val Loss: 0.00489818
Epoch 30, Train Loss: 0.00695906, Val Loss: 0.00507736
Epoch 40, Train Loss: 0.00662826, Val Loss: 0.00511095
Epoch 50, Train Loss: 0.00633421, Val Loss: 0.00547847
Epoch 60, Train Loss: 0.00606827, Val Loss: 0.00467825
Epoch 70, Train Loss: 0.00585762, Val Loss: 0.00500277
Epoch 80, Train Loss: 0.00572011, Val Loss: 0.00518505
Epoch 90, Train Loss: 0.00563703, Val Loss: 0.00503772
Test L2 Loss: 0.004894
-----Visualizing Saved------
Figure saved to output_logs/predictions/burger_0.001_fno_4596414_predictions.png
Model saved to checkpoints/s4model/burger_0.001_4596414.pt
Original test data shape: x=torch.Size([46500, 15, 128]), y=torch.Size([46500, 1, 128])

Evaluating at resolution factor: 1
Resolution factor 1 - Relative L2 Loss: 0.004894

Evaluating at resolution factor: 2
Downsampled shapes: x=torch.Size([46500, 15, 64]), y=torch.Size([46500, 1, 64])
Resolution factor 2 - Relative L2 Loss: 0.028786

Evaluating at resolution factor: 4
Downsampled shapes: x=torch.Size([46500, 15, 32]), y=torch.Size([46500, 1, 32])
Resolution factor 4 - Relative L2 Loss: 0.048273

Evaluating at resolution factor: 8
Downsampled shapes: x=torch.Size([46500, 15, 16]), y=torch.Size([46500, 1, 16])
Resolution factor 8 - Relative L2 Loss: 0.061981

Evaluating at resolution factor: 16
Downsampled shapes: x=torch.Size([46500, 15, 8]), y=torch.Size([46500, 1, 8])
Resolution factor 16 - Relative L2 Loss: 0.069605

Evaluating at resolution factor: 32
Downsampled shapes: x=torch.Size([46500, 15, 4]), y=torch.Size([46500, 1, 4])
Resolution factor 32 - Relative L2 Loss: 0.073261
Loading from file: /home/rvk/data/pdebench/1D_Burgers_Sols_Nu0.001.hdf5
(10000, 201, 1024)
Total data shape: (2500, 201, 1024)
x shape: (465000, 15, 1024)
y shape: (465000, 1, 1024)
grid shape: torch.Size([1024, 1])
---------Using data normalizer---------------
Train dataset size: 372000
Validation dataset size: 46500
Test dataset size: 46500
Original test data shape: x=torch.Size([46500, 15, 1024]), y=torch.Size([46500, 1, 1024])
Testing resolutions: [256, 512, 1024]

Evaluating at resolution: 256
Downsampled shapes: x=torch.Size([46500, 15, 256]), y=torch.Size([46500, 1, 256])
[2025-04-19 16:08:40,083][models.s4][INFO] - S4: Doubling length from L = 128 to 256
[2025-04-19 16:08:40,091][models.s4][INFO] - S4: Doubling length from L = 128 to 256
[2025-04-19 16:08:40,094][models.s4][INFO] - S4: Doubling length from L = 128 to 256
[2025-04-19 16:08:40,097][models.s4][INFO] - S4: Doubling length from L = 128 to 256
Resolution 256 - Relative L2 Loss: 0.613149

Evaluating at resolution: 512
Downsampled shapes: x=torch.Size([46500, 15, 512]), y=torch.Size([46500, 1, 512])
[2025-04-19 16:08:46,226][models.s4][INFO] - S4: Doubling length from L = 256 to 512
[2025-04-19 16:08:46,234][models.s4][INFO] - S4: Doubling length from L = 256 to 512
[2025-04-19 16:08:46,237][models.s4][INFO] - S4: Doubling length from L = 256 to 512
[2025-04-19 16:08:46,240][models.s4][INFO] - S4: Doubling length from L = 256 to 512
Resolution 512 - Relative L2 Loss: 0.557417

Evaluating at resolution: 1024
Downsampled shapes: x=torch.Size([46500, 15, 1024]), y=torch.Size([46500, 1, 1024])
[2025-04-19 16:08:53,950][models.s4][INFO] - S4: Doubling length from L = 512 to 1024
[2025-04-19 16:08:53,961][models.s4][INFO] - S4: Doubling length from L = 512 to 1024
[2025-04-19 16:08:53,964][models.s4][INFO] - S4: Doubling length from L = 512 to 1024
[2025-04-19 16:08:53,968][models.s4][INFO] - S4: Doubling length from L = 512 to 1024
Resolution 1024 - Relative L2 Loss: 0.548330

Summary of Super-Resolution Evaluation:
Resolution factor 1: Relative L2 Loss = 0.004894
Resolution factor 2: Relative L2 Loss = 0.028786
Resolution factor 4: Relative L2 Loss = 0.048273
Resolution factor 8: Relative L2 Loss = 0.061981
Resolution factor 16: Relative L2 Loss = 0.069605
Resolution factor 32: Relative L2 Loss = 0.073261

Summary of Higher-Resolution Evaluation:
Resolution 256: Relative L2 Loss = 0.613149
Resolution 512: Relative L2 Loss = 0.557417
Resolution 1024: Relative L2 Loss = 0.548330
Job completed at Sat Apr 19 16:09:12 EDT 2025
