Job started on babel-11-13 at Wed Jun 25 15:02:53 EDT 2025
Job ID: 5159566
GPU information:
Wed Jun 25 15:02:53 2025       
+-----------------------------------------------------------------------------------------+
| NVIDIA-SMI 575.51.03              Driver Version: 575.51.03      CUDA Version: 12.9     |
|-----------------------------------------+------------------------+----------------------+
| GPU  Name                 Persistence-M | Bus-Id          Disp.A | Volatile Uncorr. ECC |
| Fan  Temp   Perf          Pwr:Usage/Cap |           Memory-Usage | GPU-Util  Compute M. |
|                                         |                        |               MIG M. |
|=========================================+========================+======================|
|   0  NVIDIA RTX A6000               On  |   00000000:23:00.0 Off |                  Off |
| 30%   38C    P8             22W /  300W |       1MiB /  49140MiB |      0%      Default |
|                                         |                        |                  N/A |
+-----------------------------------------+------------------------+----------------------+
|   1  NVIDIA RTX A6000               On  |   00000000:41:00.0 Off |                  Off |
| 30%   37C    P8             20W /  300W |       1MiB /  49140MiB |      0%      Default |
|                                         |                        |                  N/A |
+-----------------------------------------+------------------------+----------------------+
                                                                                         
+-----------------------------------------------------------------------------------------+
| Processes:                                                                              |
|  GPU   GI   CI              PID   Type   Process name                        GPU Memory |
|        ID   ID                                                               Usage      |
|=========================================================================================|
|  No running processes found                                                             |
+-----------------------------------------------------------------------------------------+
CUDA devices:
CUDA_VISIBLE_DEVICES: 0,1
/home/rvk
Using device: cuda
[2025-06-25 15:03:00,625][root][INFO] - model:
  _target_: null
  image_size: 64
  patch_size: 4
  num_channels: 3
  num_out_channels: 3
  embed_dim: 96
  depths:
  - 8
  - 8
  - 8
  - 8
  num_heads:
  - 3
  - 6
  - 12
  - 24
  skip_connections:
  - 2
  - 2
  - 2
  - 0
  window_size: 16
  mlp_ratio: 4.0
  qkv_bias: true
  hidden_dropout_prob: 0.0
  attention_probs_dropout_prob: 0.0
  drop_path_rate: 0.0
  hidden_act: gelu
  use_absolute_embeddings: false
  initializer_range: 0.02
  layer_norm_eps: 1.0e-05
  p: 1
  channel_slice_list_normalized_loss:
  - 0
  - 1
  - 2
  - 3
  residual_model: convnext
  use_conditioning: true
  learn_residual: false
dataset:
  reduced_batch: 1
  reduced_resolution: 1
  reduced_resolution_t: 1
  window_size: 15
  original_res: 512
  train_resolution: 256
  multi_res:
  - 1
  - 2
  - 8
  s: 256
  train_mres: false
  pde: navier_stokes_0
  data_path1: data/pdebench/ns_incom_inhom_2d_512-0.hdf5
training:
  batch_size: 16
  epochs: 100
  learning_rate: 0.001
  use_normalizer: false
project_name: ${dataset.pde}_${hydra:runtime.choices.model}
checkpoint_dir: checkpoints

Project name: navier_stokes_0_pos/pos
PDE Dataset: navier_stokes_0
Model: pos
Loading from file: /home/rvk/data/pdebench/ns_incom_inhom_2d_512-0.hdf5
Available keys: ['force', 'particles', 't', 'velocity']
Velocity data shape: (4, 1000, 512, 512, 2)
Particles data shape: (4, 1000, 512, 512, 1)
Combined data shape: (4, 1000, 512, 512, 3)
Current Spatial Size: 512
Downsampling from 512x512 to 256x256
Data shape after downsampling: (4, 1000, 256, 256, 3)
x shape: torch.Size([3992, 3, 256, 256])
y shape: torch.Size([3992, 3, 256, 256])
---------Computing min-max normalization statistics---------------
Input data range: [-2.757085, 2.507205]
Output data range: [-2.751314, 2.490209]
Train dataset size: 3193
Validation dataset size: 399
Test dataset size: 400
<class 'torch.Tensor'> 0.5241894721984863 0.5253663659095764 0.10228054225444794 0.10266968607902527
Total Model Parameters: 157.73M
Trainable Parameters: 157.73M
Epoch 0, Train Loss: 0.43529770, Val Loss: 0.11627946
Epoch 10, Train Loss: 0.01765772, Val Loss: 0.02055482
Epoch 20, Train Loss: 0.01324298, Val Loss: 0.01371171
Epoch 30, Train Loss: 0.04497640, Val Loss: 0.04485068
Epoch 40, Train Loss: 0.03100924, Val Loss: 0.02787356
Epoch 50, Train Loss: 0.01988795, Val Loss: 0.01948458
Epoch 60, Train Loss: 0.01592538, Val Loss: 0.01572450
Epoch 70, Train Loss: 0.01370720, Val Loss: 0.01326578
Epoch 80, Train Loss: 0.01080742, Val Loss: 0.01104590
Epoch 90, Train Loss: 0.01021149, Val Loss: 0.00997433
Test L2 Loss: 0.056700
Model saved to checkpoints/pos/navier_stokes_0_5159566.pt
Using provided normalization statistics from training resolution 256:
  Input range: [-2.757085, 2.507205]
  Output range: [-2.751314, 2.490209]
Testing resolutions: [32, 64, 128, 256, 512]
Loading from file: /home/rvk/data/pdebench/ns_incom_inhom_2d_512-0.hdf5
Available keys: ['force', 'particles', 't', 'velocity']
Velocity data shape: (4, 1000, 512, 512, 2)
Particles data shape: (4, 1000, 512, 512, 1)
Combined data shape: (4, 1000, 512, 512, 3)
Current Spatial Size: 512
Downsampling from 512x512 to 32x32
Data shape after downsampling: (4, 1000, 32, 32, 3)
x shape: torch.Size([3992, 3, 32, 32])
y shape: torch.Size([3992, 3, 32, 32])
Train dataset size: 3193
Validation dataset size: 399
Test dataset size: 400
Resolution 32 - Relative L2 Loss: 0.013872
Loading from file: /home/rvk/data/pdebench/ns_incom_inhom_2d_512-0.hdf5
Available keys: ['force', 'particles', 't', 'velocity']
Velocity data shape: (4, 1000, 512, 512, 2)
Particles data shape: (4, 1000, 512, 512, 1)
Combined data shape: (4, 1000, 512, 512, 3)
Current Spatial Size: 512
Downsampling from 512x512 to 64x64
Data shape after downsampling: (4, 1000, 64, 64, 3)
x shape: torch.Size([3992, 3, 64, 64])
y shape: torch.Size([3992, 3, 64, 64])
Train dataset size: 3193
Validation dataset size: 399
Test dataset size: 400
Resolution 64 - Relative L2 Loss: 0.013685
Loading from file: /home/rvk/data/pdebench/ns_incom_inhom_2d_512-0.hdf5
Available keys: ['force', 'particles', 't', 'velocity']
Velocity data shape: (4, 1000, 512, 512, 2)
Particles data shape: (4, 1000, 512, 512, 1)
Combined data shape: (4, 1000, 512, 512, 3)
Current Spatial Size: 512
Downsampling from 512x512 to 128x128
Data shape after downsampling: (4, 1000, 128, 128, 3)
x shape: torch.Size([3992, 3, 128, 128])
y shape: torch.Size([3992, 3, 128, 128])
Train dataset size: 3193
Validation dataset size: 399
Test dataset size: 400
Resolution 128 - Relative L2 Loss: 0.053063
Loading from file: /home/rvk/data/pdebench/ns_incom_inhom_2d_512-0.hdf5
Available keys: ['force', 'particles', 't', 'velocity']
Velocity data shape: (4, 1000, 512, 512, 2)
Particles data shape: (4, 1000, 512, 512, 1)
Combined data shape: (4, 1000, 512, 512, 3)
Current Spatial Size: 512
Downsampling from 512x512 to 256x256
Data shape after downsampling: (4, 1000, 256, 256, 3)
x shape: torch.Size([3992, 3, 256, 256])
y shape: torch.Size([3992, 3, 256, 256])
Train dataset size: 3193
Validation dataset size: 399
Test dataset size: 400
Resolution 256 - Relative L2 Loss: 0.056700
Loading from file: /home/rvk/data/pdebench/ns_incom_inhom_2d_512-0.hdf5
Available keys: ['force', 'particles', 't', 'velocity']
Velocity data shape: (4, 1000, 512, 512, 2)
Particles data shape: (4, 1000, 512, 512, 1)
Combined data shape: (4, 1000, 512, 512, 3)
Current Spatial Size: 512
x shape: torch.Size([3992, 3, 512, 512])
y shape: torch.Size([3992, 3, 512, 512])
Train dataset size: 3193
Validation dataset size: 399
Test dataset size: 400
Resolution 512 - Relative L2 Loss: 0.057061

==================================================
EVALUATION SUMMARY
==================================================
Resolution  32: 0.013872
Resolution  64: 0.013685
Resolution 128: 0.053063
Resolution 256: 0.056700
Resolution 512: 0.057061

Summary of Super-Resolution Evaluation:
Resolution factor 32: Relative L2 Loss = 0.013872
Resolution factor 64: Relative L2 Loss = 0.013685
Resolution factor 128: Relative L2 Loss = 0.053063
Resolution factor 256: Relative L2 Loss = 0.056700
Resolution factor 512: Relative L2 Loss = 0.057061
Job completed at Wed Jun 25 17:24:17 EDT 2025
