Job started on babel-10-5 at Tue Apr  1 20:53:13 EDT 2025
Job ID: 4487625
Using device: cuda
[2025-04-01 20:53:17,154][root][INFO] - model:
  _target_: models.ffno.FFNO1D
  in_channels: 1
  out_channels: 1
  width: 32
  n_modes: 32
  factor: 4
  n_layers: 4
  ff_weight_norm: true
  n_ff_layers: 2
  layer_norm: false
  grid: null
  dropout: 0.0
  mode: full
dataset:
  reduced_batch: 1
  reduced_resolution: 4
  reduced_resolution_t: 4
  pde: burger_0.01
  data_path1: data/pdebench/1D_Burgers_Sols_Nu0.01.hdf5
training:
  batch_size: 64
  epochs: 100
  learning_rate: 0.001
  use_normalizer: false
project_name: ${dataset.pde}_${hydra:runtime.choices.model}
checkpoint_dir: checkpoints

Project name: burger_0.01_ffno_1d/ffno_1d
Model name: models.ffno.FFNO1D
PDE Dataset: burger_0.01
Loading from file: /home/rvk/data/pdebench/1D_Burgers_Sols_Nu0.01.hdf5
(10000, 201, 1024)
Total data shape: (10000, 51, 256)
x shape: (490000, 1, 256)
y shape: (490000, 1, 256)
grid shape: torch.Size([256, 1])
---------Using data normalizer---------------
Train dataset size: 392000
Validation dataset size: 49000
Test dataset size: 49000
<class 'torch.Tensor'> -0.07896419614553452 -0.07944732904434204 0.8937671780586243 0.896973192691803
Sample Input shape: torch.Size([64, 1, 256])
Sample Output shape: torch.Size([64, 1, 256])
FFNO1D(
  (in_proj): WNLinear(in_features=2, out_features=32, bias=True)
  (fourier_layers): ModuleList(
    (0-3): 4 x FSpectralConv1d(
      (fourier_weight): ParameterList(  (0): Parameter containing: [torch.float32 of size 32x32x32x2 (cuda:0)])
      (backcast_ff): FeedForward(
        (layers): ModuleList(
          (0): Sequential(
            (0): Linear(in_features=32, out_features=128, bias=True)
            (1): Dropout(p=0.0, inplace=False)
            (2): GELU(approximate='none')
            (3): Identity()
          )
          (1): Sequential(
            (0): Linear(in_features=128, out_features=32, bias=True)
            (1): Dropout(p=0.0, inplace=False)
            (2): Identity()
            (3): Identity()
          )
        )
      )
      (act): Identity()
    )
  )
  (out_proj): WNLinear(in_features=32, out_features=1, bias=True)
)
Epoch 0, Train Loss: 0.01633389, Val Loss: 0.00593317
Epoch 10, Train Loss: 0.00285691, Val Loss: 0.00204392
Epoch 20, Train Loss: 0.00209682, Val Loss: 0.00078827
Epoch 30, Train Loss: 0.00161436, Val Loss: 0.00184866
Epoch 40, Train Loss: 0.00129149, Val Loss: 0.00100443
Epoch 50, Train Loss: 0.00095737, Val Loss: 0.00088022
Epoch 60, Train Loss: 0.00063799, Val Loss: 0.00071750
Epoch 70, Train Loss: 0.00039472, Val Loss: 0.00038703
Epoch 80, Train Loss: 0.00020674, Val Loss: 0.00038325
Epoch 90, Train Loss: 0.00008829, Val Loss: 0.00011773
Test L2 Loss: 0.000059
-----Visualizing Saved------
Figure saved to output_logs/predictions/burger_0.01_fno_4487625_predictions.png
Original test data shape: x=torch.Size([49000, 1, 256]), y=torch.Size([49000, 1, 256])

Evaluating at resolution factor: 1
Resolution factor 1 - Relative L2 Loss: 0.000059

Evaluating at resolution factor: 2
Downsampled shapes: x=torch.Size([49000, 1, 128]), y=torch.Size([49000, 1, 128])
Resolution factor 2 - Relative L2 Loss: 0.001803

Evaluating at resolution factor: 4
Downsampled shapes: x=torch.Size([49000, 1, 64]), y=torch.Size([49000, 1, 64])
Resolution factor 4 - Relative L2 Loss: 0.002272

Evaluating at resolution factor: 8
Downsampled shapes: x=torch.Size([49000, 1, 32]), y=torch.Size([49000, 1, 32])
[1;34mwandb[0m: 
[1;34mwandb[0m: 🚀 View run [33mtough-fog-39[0m at: [34mhttps://wandb.ai/rohanvk-carnegie-mellon-university/ffno1d/runs/y0noifet[0m
[1;34mwandb[0m: Find logs at: [1;35mwandb/run-20250401_205339-y0noifet/logs[0m
Job completed at Tue Apr  1 22:10:28 EDT 2025
