/data/user_data/rvk/pde/lib/python3.13/site-packages/torch/nn/utils/weight_norm.py:143: FutureWarning: `torch.nn.utils.weight_norm` is deprecated in favor of `torch.nn.utils.parametrizations.weight_norm`.
  WeightNorm.apply(module, name, dim)
wandb: Currently logged in as: rohanvk (rohanvk-carnegie-mellon-university) to https://api.wandb.ai. Use `wandb login --relogin` to force relogin
wandb: Using wandb-core as the SDK backend.  Please refer to https://wandb.me/wandb-core for more information.
wandb: Tracking run with wandb version 0.19.6
wandb: Run data is saved locally in /home/rvk/wandb/run-20250909_193546-k54rwsl6
wandb: Run `wandb offline` to turn off syncing.
wandb: Syncing run deep-shape-144
wandb: ⭐️ View project at https://wandb.ai/rohanvk-carnegie-mellon-university/ffno2d
wandb: 🚀 View run at https://wandb.ai/rohanvk-carnegie-mellon-university/ffno2d/runs/k54rwsl6
  0%|          | 0/1 [00:00<?, ?it/s]100%|██████████| 1/1 [00:09<00:00,  9.51s/it]100%|██████████| 1/1 [00:09<00:00,  9.51s/it]
wandb:                                                                                
wandb: 
wandb: Run history:
wandb:      epoch ▁
wandb: train_loss ▁
wandb:   val_loss ▁
wandb: 
wandb: Run summary:
wandb:      epoch 0
wandb: train_loss 0.13214
wandb:   val_loss 0.07218
wandb: 
wandb: 🚀 View run deep-shape-144 at: https://wandb.ai/rohanvk-carnegie-mellon-university/ffno2d/runs/k54rwsl6
wandb: ⭐️ View project at: https://wandb.ai/rohanvk-carnegie-mellon-university/ffno2d
wandb: Synced 5 W&B file(s), 1 media file(s), 2 artifact file(s) and 0 other file(s)
wandb: Find logs at: ./wandb/run-20250909_193546-k54rwsl6/logs
