Job started on babel-10-13 at Sun May 11 17:39:44 EDT 2025
Job ID: 4843319
GPU information:
Sun May 11 17:39:44 2025       
+-----------------------------------------------------------------------------------------+
| NVIDIA-SMI 560.35.03              Driver Version: 560.35.03      CUDA Version: 12.6     |
|-----------------------------------------+------------------------+----------------------+
| GPU  Name                 Persistence-M | Bus-Id          Disp.A | Volatile Uncorr. ECC |
| Fan  Temp   Perf          Pwr:Usage/Cap |           Memory-Usage | GPU-Util  Compute M. |
|                                         |                        |               MIG M. |
|=========================================+========================+======================|
|   0  NVIDIA L40S                    On  |   00000000:D2:00.0 Off |                    0 |
| N/A   37C    P8             33W /  350W |       1MiB /  46068MiB |      0%      Default |
|                                         |                        |                  N/A |
+-----------------------------------------+------------------------+----------------------+
|   1  NVIDIA L40S                    On  |   00000000:D6:00.0 Off |                    0 |
| N/A   60C    P8             40W /  350W |       1MiB /  46068MiB |      0%      Default |
|                                         |                        |                  N/A |
+-----------------------------------------+------------------------+----------------------+
                                                                                         
+-----------------------------------------------------------------------------------------+
| Processes:                                                                              |
|  GPU   GI   CI        PID   Type   Process name                              GPU Memory |
|        ID   ID                                                               Usage      |
|=========================================================================================|
|  No running processes found                                                             |
+-----------------------------------------------------------------------------------------+
CUDA devices:
CUDA_VISIBLE_DEVICES: 0,1
Using device: cuda
[2025-05-11 17:43:27,732][root][INFO] - model:
  _target_: models.ffno.FFNO2D
  in_channels: 3
  out_channels: 3
  width: 32
  factor: 4
  n_modes: 16
  n_layers: 4
  dropout: 0.0
  mode: full
  ff_weight_norm: true
  n_ff_layers: 2
  layer_norm: true
dataset:
  reduced_batch: 1
  reduced_resolution: 2
  reduced_resolution_t: 4
  pde: navier_stokes_0
  data_path1: data/pdebench/ns_incom_inhom_2d_512-0.hdf5
training:
  batch_size: 16
  epochs: 100
  learning_rate: 0.001
  use_normalizer: false
project_name: ${dataset.pde}_${hydra:runtime.choices.model}
checkpoint_dir: checkpoints

Project name: navier_stokes_0_ffno_2d/ns_ffno_2d
Model name: models.ffno.FFNO2D
PDE Dataset: navier_stokes_0
Loading from file: /home/rvk/data/pdebench/ns_incom_inhom_2d_512-0.hdf5
Available keys: ['force', 'particles', 't', 'velocity']
Velocity data shape: (4, 1000, 512, 512, 2)
Particles data shape: (4, 1000, 512, 512, 1)
Combined data shape: (4, 250, 256, 256, 3)
x shape: torch.Size([992, 3, 256, 256])
y shape: torch.Size([992, 3, 256, 256])
---------Using data normalizer---------------
Train dataset size: 793
Validation dataset size: 99
Test dataset size: 100
<class 'torch.Tensor'> 0.017908113077282906 0.019594954326748848 0.8656081557273865 0.8740190863609314
Sample Input shape: torch.Size([16, 3, 256, 256])
Sample Output shape: torch.Size([16, 3, 256, 256])
FFNO2D(
  (in_proj): WNLinear(in_features=5, out_features=32, bias=True)
  (fourier_layers): ModuleList(
    (0-3): 4 x FSpectralConv2d(
      (fourier_weight): ParameterList(
          (0): Parameter containing: [torch.float32 of size 32x32x16x2 (cuda:0)]
          (1): Parameter containing: [torch.float32 of size 32x32x16x2 (cuda:0)]
      )
      (backcast_ff): FeedForward(
        (layers): ModuleList(
          (0): Sequential(
            (0): Linear(in_features=32, out_features=128, bias=True)
            (1): Dropout(p=0.0, inplace=False)
            (2): GELU(approximate='none')
            (3): Identity()
          )
          (1): Sequential(
            (0): Linear(in_features=128, out_features=32, bias=True)
            (1): Dropout(p=0.0, inplace=False)
            (2): Identity()
            (3): LayerNorm((32,), eps=1e-05, elementwise_affine=True)
          )
        )
      )
    )
  )
  (out_proj): WNLinear(in_features=32, out_features=3, bias=True)
)
Epoch 0, Train Loss: 0.29125807, Val Loss: 0.12755078
Epoch 10, Train Loss: 0.04873812, Val Loss: 0.05027638
Epoch 20, Train Loss: 0.04060948, Val Loss: 0.04202708
Epoch 30, Train Loss: 0.03592179, Val Loss: 0.03725104
Epoch 40, Train Loss: 0.03496333, Val Loss: 0.03552123
Epoch 50, Train Loss: 0.03339878, Val Loss: 0.03454981
Epoch 60, Train Loss: 0.03268524, Val Loss: 0.03399617
Epoch 70, Train Loss: 0.03211535, Val Loss: 0.03345194
Epoch 80, Train Loss: 0.03184495, Val Loss: 0.03315816
Epoch 90, Train Loss: 0.03166062, Val Loss: 0.03302151
Test L2 Loss: 0.020386
Model saved to checkpoints/ffno2d/navier_stokes_0_4843319.pt
Original test data shape: x=torch.Size([100, 3, 256, 256]), y=torch.Size([100, 3, 256, 256])

Evaluating at resolution factor: 1
Resolution factor 1 - Relative L2 Loss: 0.019823

Evaluating at resolution factor: 2
Downsampled shapes: x=torch.Size([100, 3, 128, 128]), y=torch.Size([100, 3, 128, 128])
Resolution factor 2 - Relative L2 Loss: 0.049986

Evaluating at resolution factor: 4
Downsampled shapes: x=torch.Size([100, 3, 64, 64]), y=torch.Size([100, 3, 64, 64])
Resolution factor 4 - Relative L2 Loss: 0.064203

Evaluating at resolution factor: 8
Downsampled shapes: x=torch.Size([100, 3, 32, 32]), y=torch.Size([100, 3, 32, 32])
Resolution factor 8 - Relative L2 Loss: 0.085168

Evaluating at resolution factor: 16
Downsampled shapes: x=torch.Size([100, 3, 16, 16]), y=torch.Size([100, 3, 16, 16])
Skipping Resolution factor 16 because not enough modes

Evaluating at resolution factor: 32
Downsampled shapes: x=torch.Size([100, 3, 8, 8]), y=torch.Size([100, 3, 8, 8])
Skipping Resolution factor 32 because not enough modes
Loading from file: /home/rvk/data/pdebench/ns_incom_inhom_2d_512-0.hdf5
Available keys: ['force', 'particles', 't', 'velocity']
Velocity data shape: (4, 1000, 512, 512, 2)
Particles data shape: (4, 1000, 512, 512, 1)
Combined data shape: (4, 250, 512, 512, 3)
x shape: torch.Size([992, 3, 512, 512])
y shape: torch.Size([992, 3, 512, 512])
---------Using data normalizer---------------
Train dataset size: 793
Validation dataset size: 99
Test dataset size: 100
Original test data shape: x=torch.Size([100, 3, 512, 512]), y=torch.Size([100, 3, 512, 512])
Testing resolutions: [512]

Evaluating at resolution: 512
Downsampled shapes: x=torch.Size([100, 3, 512, 512]), y=torch.Size([100, 3, 512, 512])
Resolution 512 - Relative L2 Loss: 0.045462

Summary of Super-Resolution Evaluation:
Resolution factor 1: Relative L2 Loss = 0.019823
Resolution factor 2: Relative L2 Loss = 0.049986
Resolution factor 4: Relative L2 Loss = 0.064203
Resolution factor 8: Relative L2 Loss = 0.085168

Summary of Higher-Resolution Evaluation:
Resolution 512: Relative L2 Loss = 0.045462
[1;34mwandb[0m: 
[1;34mwandb[0m: 🚀 View run [33mlively-spaceship-3[0m at: [34mhttps://wandb.ai/rohanvk-carnegie-mellon-university/ffno2d/runs/unwx6ljh[0m
[1;34mwandb[0m: Find logs at: [1;35mwandb/run-20250511_174606-unwx6ljh/logs[0m
Job completed at Sun May 11 18:03:41 EDT 2025
