Job started on babel-8-17 at Tue Apr  8 00:21:48 EDT 2025
Job ID: 4527536
Using device: cuda
[2025-04-08 00:21:55,070][root][INFO] - model:
  _target_: models.s4_1d.S4Model
  d_input: 10
  d_output: 1
  d_model: 64
  n_layers: 4
  dropout: 0.2
  prenorm: false
dataset:
  reduced_batch: 4
  reduced_resolution: 1
  reduced_resolution_t: 1
  window_size: 10
  pde: burger_0.001
  data_path1: data/pdebench/1D_Burgers_Sols_Nu0.001.hdf5
training:
  batch_size: 64
  epochs: 10
  learning_rate: 0.001
  use_normalizer: false
project_name: ${dataset.pde}_${hydra:runtime.choices.model}
checkpoint_dir: checkpoints

Project name: burger_0.001_s4_1d/s4_1d
Model name: models.s4_1d.S4Model
PDE Dataset: burger_0.001
Loading from file: /home/rvk/data/pdebench/1D_Burgers_Sols_Nu0.001.hdf5
(10000, 201, 1024)
Total data shape: (2500, 201, 1024)
x shape: (477500, 10, 1024)
y shape: (477500, 1, 1024)
grid shape: torch.Size([1024, 1])
---------Using data normalizer---------------
Train dataset size: 382000
Validation dataset size: 47750
Test dataset size: 47750
<class 'torch.Tensor'> 0.21789315342903137 0.21979385614395142 0.8860331177711487 0.884531557559967
Sample Input shape: torch.Size([64, 10, 1024])
Sample Output shape: torch.Size([64, 1, 1024])
S4Model(
  (encoder): Linear(in_features=11, out_features=64, bias=True)
  (s4_layers): ModuleList(
    (0-3): 4 x S4D(
      (kernel): S4DKernel()
      (activation): GELU(approximate='none')
      (dropout): DropoutNd()
      (output_linear): Sequential(
        (0): Conv1d(64, 128, kernel_size=(1,), stride=(1,))
        (1): GLU(dim=-2)
      )
    )
  )
  (norms): ModuleList(
    (0-3): 4 x LayerNorm((64,), eps=1e-05, elementwise_affine=True)
  )
  (dropouts): ModuleList(
    (0-3): 4 x Dropout(p=0.2, inplace=False)
  )
  (decoder): Linear(in_features=64, out_features=1, bias=True)
)
Epoch 0, Train Loss: 0.05182102, Val Loss: 0.02087468
Test L2 Loss: 0.009852
-----Visualizing Saved------
Figure saved to output_logs/predictions/burger_0.001_fno_4527536_predictions.png
Model saved to checkpoints/s4model/burger_0.001_4527536.pt
Original test data shape: x=torch.Size([47750, 10, 1024]), y=torch.Size([47750, 1, 1024])

Evaluating at resolution factor: 1
Resolution factor 1 - Relative L2 Loss: 0.009852

Evaluating at resolution factor: 2
Downsampled shapes: x=torch.Size([47750, 10, 512]), y=torch.Size([47750, 1, 512])
Resolution factor 2 - Relative L2 Loss: 0.073654

Evaluating at resolution factor: 4
Downsampled shapes: x=torch.Size([47750, 10, 256]), y=torch.Size([47750, 1, 256])
Resolution factor 4 - Relative L2 Loss: 0.161424

Evaluating at resolution factor: 8
Downsampled shapes: x=torch.Size([47750, 10, 128]), y=torch.Size([47750, 1, 128])
Resolution factor 8 - Relative L2 Loss: 0.225174

Evaluating at resolution factor: 16
Downsampled shapes: x=torch.Size([47750, 10, 64]), y=torch.Size([47750, 1, 64])
Resolution factor 16 - Relative L2 Loss: 0.224260

Evaluating at resolution factor: 32
Downsampled shapes: x=torch.Size([47750, 10, 32]), y=torch.Size([47750, 1, 32])
Resolution factor 32 - Relative L2 Loss: 0.154060

Summary of Super-Resolution Evaluation:
Resolution factor 1: Relative L2 Loss = 0.009852
Resolution factor 2: Relative L2 Loss = 0.073654
Resolution factor 4: Relative L2 Loss = 0.161424
Resolution factor 8: Relative L2 Loss = 0.225174
Resolution factor 16: Relative L2 Loss = 0.224260
Resolution factor 32: Relative L2 Loss = 0.154060
Job completed at Tue Apr  8 00:43:38 EDT 2025
