Job started on babel-1-23 at Wed Aug 13 19:36:22 EDT 2025
Job ID: 5321108
GPU information:
Wed Aug 13 19:36:22 2025       
+-----------------------------------------------------------------------------------------+
| NVIDIA-SMI 575.51.03              Driver Version: 575.51.03      CUDA Version: 12.9     |
|-----------------------------------------+------------------------+----------------------+
| GPU  Name                 Persistence-M | Bus-Id          Disp.A | Volatile Uncorr. ECC |
| Fan  Temp   Perf          Pwr:Usage/Cap |           Memory-Usage | GPU-Util  Compute M. |
|                                         |                        |               MIG M. |
|=========================================+========================+======================|
|   0  NVIDIA RTX A6000               On  |   00000000:41:00.0 Off |                  Off |
| 30%   37C    P8             21W /  300W |       1MiB /  49140MiB |      0%      Default |
|                                         |                        |                  N/A |
+-----------------------------------------+------------------------+----------------------+
|   1  NVIDIA RTX A6000               On  |   00000000:C1:00.0 Off |                  Off |
| 30%   36C    P8             38W /  300W |       1MiB /  49140MiB |      0%      Default |
|                                         |                        |                  N/A |
+-----------------------------------------+------------------------+----------------------+
                                                                                         
+-----------------------------------------------------------------------------------------+
| Processes:                                                                              |
|  GPU   GI   CI              PID   Type   Process name                        GPU Memory |
|        ID   ID                                                               Usage      |
|=========================================================================================|
|  No running processes found                                                             |
+-----------------------------------------------------------------------------------------+
CUDA devices:
CUDA_VISIBLE_DEVICES: 0,1
Using device: cuda
[2025-08-13 19:36:33,877][root][INFO] - model:
  _target_: models.ffno.FFNO1D
  in_channels: 1
  out_channels: 1
  factor: 4
  n_modes: 16
  width: 128
  n_layers: 4
  ff_weight_norm: true
  n_ff_layers: 3
  layer_norm: true
  dropout: 0.1
  mode: full
  activation: gelu
  use_grid: true
dataset:
  dataset_params:
    _target_: dataloaders.ks_pino_markov.ks_pino_markov_dataset
    filename: T=20,niu=0.01,N=1024,dt=0.001,6pi,dtsave=0.1,sample=51_ut.pt
    saved_folder: /data/user_data/rvk/pino/ks/
    reduced_batch: 1
    reduced_resolution: 1
    reduced_resolution_t: 1
    s: 1024
    data_normalizer: true
    num_samples_max: -1
  window_size: 15
  original_res: 1024
  multi_res:
  - 1
  - 16
  train_mres: false
  pde: ks
training:
  batch_size: 64
  epochs: 100
  learning_rate: 0.001
  use_normalizer: false
project_name: ${dataset.pde}_${hydra:runtime.choices.model}
checkpoint_dir: checkpoints

Project name: ks_ffno_1d/ffno_1d
Model name: models.ffno.FFNO1D
PDE Dataset: ks
---------------------
Loading from file: /data/user_data/rvk/pino/ks/T=20,niu=0.01,N=1024,dt=0.001,6pi,dtsave=0.1,sample=51_ut.pt
Original data shape: (51, 201, 1024)
Original grid shape: torch.Size([1024, 1])
Data shape after batch/time reduction: (51, 201, 1024)
Current Spatial Size: 1024
x shape: (10200, 1, 1024)
y shape: (10200, 1, 1024)
grid shape: torch.Size([1024, 1])
Time step between input-output pairs: dt_save from your simulation
Dataset splits - Train: 8160, Val: 1020, Test: 1020
---------Computing min-max normalization statistics---------------
Input data range: [-35.116398, 36.579346]
Output data range: [-35.116398, 37.342918]
Train dataset size: 8160
Validation dataset size: 1020
Test dataset size: 1020
<dataloaders.ks_pino_markov.ks_pino_markov_dataset.<locals>.MinMaxNormalizedDataset object at 0x14ad33108e10>
<class 'torch.Tensor'> 0.48979753255844116 0.4846360683441162 0.1816054880619049 0.17709079384803772
FFNO1D(
  (in_proj): WNLinear(in_features=1, out_features=128, bias=True)
  (fourier_layers): ModuleList(
    (0-3): 4 x FSpectralConv1d(
      (fourier_weight): ParameterList(  (0): Parameter containing: [torch.float32 of size 128x128x16x2 (cuda:0)])
      (backcast_ff): FeedForward(
        (layers): ModuleList(
          (0): Sequential(
            (0): Linear(in_features=128, out_features=512, bias=True)
            (1): Dropout(p=0.1, inplace=False)
            (2): GELU(approximate='none')
            (3): Identity()
          )
          (1): Sequential(
            (0): Linear(in_features=512, out_features=512, bias=True)
            (1): Dropout(p=0.1, inplace=False)
            (2): GELU(approximate='none')
            (3): Identity()
          )
          (2): Sequential(
            (0): Linear(in_features=512, out_features=128, bias=True)
            (1): Dropout(p=0.1, inplace=False)
            (2): Identity()
            (3): LayerNorm((128,), eps=1e-05, elementwise_affine=True)
          )
        )
      )
    )
  )
  (out_proj): WNLinear(in_features=128, out_features=1, bias=True)
)
Total Model Parameters: 3.68M
Trainable Parameters: 3.68M
Epoch 0, Train Loss: 0.65047972, Val Loss: 0.35040754
Epoch 10, Train Loss: 0.33304999, Val Loss: 0.33203739
Epoch 20, Train Loss: 0.31969128, Val Loss: 0.32529468
Epoch 30, Train Loss: 0.30112666, Val Loss: 0.33422892
Epoch 40, Train Loss: 0.23947888, Val Loss: 0.37189578
Epoch 50, Train Loss: 0.17640472, Val Loss: 0.39991445
Epoch 60, Train Loss: 0.13803789, Val Loss: 0.40953417
Epoch 70, Train Loss: 0.11633989, Val Loss: 0.41465431
Epoch 80, Train Loss: 0.10443223, Val Loss: 0.41656516
Epoch 90, Train Loss: 0.09859230, Val Loss: 0.41632233
Test L2 Loss: 1.194619
Model saved to checkpoints/ffno1d/ks_5321108.pt
Created/verified figures directory: figures/5321108
[1;34mwandb[0m: 
[1;34mwandb[0m: 🚀 View run [33musual-puddle-181[0m at: [34mhttps://wandb.ai/rohanvk-carnegie-mellon-university/ffno1d/runs/ay7s5ksy[0m
[1;34mwandb[0m: Find logs at: [1;35mwandb/run-20250813_193640-ay7s5ksy/logs[0m
Job completed at Wed Aug 13 19:51:57 EDT 2025
