Job started on babel-3-27 at Mon Aug  4 14:23:18 EDT 2025
Job ID: 5297435
GPU information:
Mon Aug  4 14:23:18 2025       
+-----------------------------------------------------------------------------------------+
| NVIDIA-SMI 575.51.03              Driver Version: 575.51.03      CUDA Version: 12.9     |
|-----------------------------------------+------------------------+----------------------+
| GPU  Name                 Persistence-M | Bus-Id          Disp.A | Volatile Uncorr. ECC |
| Fan  Temp   Perf          Pwr:Usage/Cap |           Memory-Usage | GPU-Util  Compute M. |
|                                         |                        |               MIG M. |
|=========================================+========================+======================|
|   0  NVIDIA RTX A6000               On  |   00000000:01:00.0 Off |                  Off |
| 30%   35C    P8             24W /  300W |       1MiB /  49140MiB |      0%      Default |
|                                         |                        |                  N/A |
+-----------------------------------------+------------------------+----------------------+
|   1  NVIDIA RTX A6000               On  |   00000000:41:00.0 Off |                  Off |
| 30%   34C    P8             21W /  300W |       1MiB /  49140MiB |      0%      Default |
|                                         |                        |                  N/A |
+-----------------------------------------+------------------------+----------------------+
                                                                                         
+-----------------------------------------------------------------------------------------+
| Processes:                                                                              |
|  GPU   GI   CI              PID   Type   Process name                        GPU Memory |
|        ID   ID                                                               Usage      |
|=========================================================================================|
|  No running processes found                                                             |
+-----------------------------------------------------------------------------------------+
CUDA devices:
CUDA_VISIBLE_DEVICES: 0,1
/home/rvk
Using device: cuda
[2025-08-04 14:23:25,988][root][INFO] - model:
  _target_: models.ffno.FFNO1D
  in_channels: 1
  out_channels: 1
  factor: 4
  n_modes: 16
  width: 64
  n_layers: 8
  ff_weight_norm: true
  n_ff_layers: 2
  layer_norm: true
  dropout: 0.0
  mode: full
  activation: relu
  use_grid: false
dataset:
  dataset_params:
    _target_: dataloaders.ks.ks_markov_dataset
    filename: KS_train_2048.h5
    saved_folder: /data/user_data/rvk/ks/res_65/visc_1.0_L64.0_lmax3_et100.0_nte140_nt500
    val_filename: KS_valid.h5
    test_filename: KS_test.h5
    reduced_batch: 2
    reduced_resolution: 1
    reduced_resolution_t: 1
    s: 256
    data_normalizer: true
    num_samples_max: -1
  window_size: 15
  original_res: 65
  multi_res:
  - 1
  - 16
  train_mres: false
  pde: ks
training:
  batch_size: 64
  epochs: 100
  learning_rate: 0.001
  use_normalizer: false
project_name: ${dataset.pde}_${hydra:runtime.choices.model}
checkpoint_dir: checkpoints

Project name: ks_ffno_1d/ffno_1d
Model name: models.ffno.FFNO1D
PDE Dataset: ks
---------------------
Loading from file: /data/user_data/rvk/ks/res_65/visc_1.0_L64.0_lmax3_et100.0_nte140_nt500/KS_train_2048.h5
Available data keys in 'train': ['dt', 'dx', 'pde_140-65', 't', 'x']
PDE data shape: (2048, 140, 65)
Time data shape: (2048, 140)
Spatial coordinates shape: (65,)
dx shape: (2048,)
dt shape: (2048,)
Final data shape: (1024, 140, 65)
Current Spatial Size: 65
Resizing from 65 to 256
Upsampling using FFT-based resize_1d function
Data shape after resizing: (1024, 140, 256)
Updated spatial coordinates shape: (256,)
x shape: torch.Size([142336, 1, 256])
y shape: torch.Size([142336, 1, 256])
spatial coordinates shape: (256,)
Loading from file: /data/user_data/rvk/ks/res_65/visc_1.0_L64.0_lmax3_et100.0_nte140_nt500/KS_valid.h5
Available data keys in 'valid': ['dt', 'dx', 'pde_140-65', 't', 'x']
PDE data shape: (256, 140, 65)
Time data shape: (256, 140)
Spatial coordinates shape: (65,)
dx shape: (256,)
dt shape: (256,)
Final data shape: (128, 140, 65)
Current Spatial Size: 65
Resizing from 65 to 256
Upsampling using FFT-based resize_1d function
Data shape after resizing: (128, 140, 256)
Updated spatial coordinates shape: (256,)
x shape: torch.Size([17792, 1, 256])
y shape: torch.Size([17792, 1, 256])
spatial coordinates shape: (256,)
Loading from file: /data/user_data/rvk/ks/res_65/visc_1.0_L64.0_lmax3_et100.0_nte140_nt500/KS_test.h5
Available data keys in 'test': ['dt', 'dx', 'pde_140-65', 't', 'x']
PDE data shape: (256, 140, 65)
Time data shape: (256, 140)
Spatial coordinates shape: (65,)
dx shape: (256,)
dt shape: (256,)
Final data shape: (128, 140, 65)
Current Spatial Size: 65
Resizing from 65 to 256
Upsampling using FFT-based resize_1d function
Data shape after resizing: (128, 140, 256)
Updated spatial coordinates shape: (256,)
x shape: torch.Size([17792, 1, 256])
y shape: torch.Size([17792, 1, 256])
spatial coordinates shape: (256,)
---------Computing min-max normalization statistics---------------
Input data range: [-3.667337, 3.596826]
Output data range: [-3.667337, 3.596826]
Train dataset size: 142336
Validation dataset size: 17792
Test dataset size: 17792
<dataloaders.ks.ks_markov_dataset.<locals>.MinMaxNormalizedDataset object at 0x14e93eda3d90>
<class 'torch.Tensor'> 0.5048534274101257 0.504853367805481 0.180215984582901 0.18030965328216553
FFNO1D(
  (in_proj): WNLinear(in_features=1, out_features=64, bias=True)
  (fourier_layers): ModuleList(
    (0-7): 8 x FSpectralConv1d(
      (fourier_weight): ParameterList(  (0): Parameter containing: [torch.float32 of size 64x64x16x2 (cuda:0)])
      (backcast_ff): FeedForward(
        (layers): ModuleList(
          (0): Sequential(
            (0): Linear(in_features=64, out_features=256, bias=True)
            (1): Dropout(p=0.0, inplace=False)
            (2): GELU(approximate='none')
            (3): Identity()
          )
          (1): Sequential(
            (0): Linear(in_features=256, out_features=64, bias=True)
            (1): Dropout(p=0.0, inplace=False)
            (2): Identity()
            (3): LayerNorm((64,), eps=1e-05, elementwise_affine=True)
          )
        )
      )
    )
  )
  (out_proj): WNLinear(in_features=64, out_features=1, bias=True)
)
Total Model Parameters: 1.31M
Trainable Parameters: 1.31M
Epoch 0, Train Loss: 0.09224025, Val Loss: 0.03468060
Epoch 10, Train Loss: 0.00305500, Val Loss: 0.00318040
Epoch 20, Train Loss: 0.00165432, Val Loss: 0.00150274
Epoch 30, Train Loss: 0.00069066, Val Loss: 0.00067487
Epoch 40, Train Loss: 0.00066190, Val Loss: 0.00071006
Epoch 50, Train Loss: 0.00021992, Val Loss: 0.00021950
Epoch 60, Train Loss: 0.00021263, Val Loss: 0.00020062
Epoch 70, Train Loss: 0.00020361, Val Loss: 0.00019233
Epoch 80, Train Loss: 0.00013800, Val Loss: 0.00013803
Epoch 90, Train Loss: 0.00013414, Val Loss: 0.00013725
Test L2 Loss: 0.000411
Model saved to checkpoints/ffno1d/ks_5297435.pt
Created/verified figures directory: figures/5297435
Evaluating KS model at multiple resolutions
Using provided normalization statistics from training resolution 256:
  Input range: [-3.667337, 3.596826]
  Output range: [-3.667337, 3.596826]
Testing resolutions: [32, 64, 128, 256, 512]
Loading from file: /data/user_data/rvk/ks/res_65/visc_1.0_L64.0_lmax3_et100.0_nte140_nt500/KS_train_2048.h5
Available data keys in 'train': ['dt', 'dx', 'pde_140-65', 't', 'x']
PDE data shape: (2048, 140, 65)
Time data shape: (2048, 140)
Spatial coordinates shape: (65,)
dx shape: (2048,)
dt shape: (2048,)
Final data shape: (1024, 140, 65)
Current Spatial Size: 65
Resizing from 65 to 32
Downsampling using FFT-based downsample_1d function
Data shape after resizing: (1024, 140, 32)
Updated spatial coordinates shape: (32,)
x shape: torch.Size([142336, 1, 32])
y shape: torch.Size([142336, 1, 32])
spatial coordinates shape: (32,)
Loading from file: /data/user_data/rvk/ks/res_65/visc_1.0_L64.0_lmax3_et100.0_nte140_nt500/KS_valid.h5
Available data keys in 'valid': ['dt', 'dx', 'pde_140-65', 't', 'x']
PDE data shape: (256, 140, 65)
Time data shape: (256, 140)
Spatial coordinates shape: (65,)
dx shape: (256,)
dt shape: (256,)
Final data shape: (128, 140, 65)
Current Spatial Size: 65
Resizing from 65 to 32
Downsampling using FFT-based downsample_1d function
Data shape after resizing: (128, 140, 32)
Updated spatial coordinates shape: (32,)
x shape: torch.Size([17792, 1, 32])
y shape: torch.Size([17792, 1, 32])
spatial coordinates shape: (32,)
Loading from file: /data/user_data/rvk/ks/res_65/visc_1.0_L64.0_lmax3_et100.0_nte140_nt500/KS_test.h5
Available data keys in 'test': ['dt', 'dx', 'pde_140-65', 't', 'x']
PDE data shape: (256, 140, 65)
Time data shape: (256, 140)
Spatial coordinates shape: (65,)
dx shape: (256,)
dt shape: (256,)
Final data shape: (128, 140, 65)
Current Spatial Size: 65
Resizing from 65 to 32
Downsampling using FFT-based downsample_1d function
Data shape after resizing: (128, 140, 32)
Updated spatial coordinates shape: (32,)
x shape: torch.Size([17792, 1, 32])
y shape: torch.Size([17792, 1, 32])
spatial coordinates shape: (32,)
Train dataset size: 142336
Validation dataset size: 17792
Test dataset size: 17792
Selected random indices for plotting: [10793, 3096, 17490, 957, 2241, 15360, 8536, 6761, 6636, 12782]
Collected 10 examples for resolution 32
Resolution 32 - Relative L2 Loss: 0.000285
Memory cleaned after resolution 32
Loading from file: /data/user_data/rvk/ks/res_65/visc_1.0_L64.0_lmax3_et100.0_nte140_nt500/KS_train_2048.h5
Available data keys in 'train': ['dt', 'dx', 'pde_140-65', 't', 'x']
PDE data shape: (2048, 140, 65)
Time data shape: (2048, 140)
Spatial coordinates shape: (65,)
dx shape: (2048,)
dt shape: (2048,)
Final data shape: (1024, 140, 65)
Current Spatial Size: 65
Resizing from 65 to 64
Downsampling using FFT-based downsample_1d function
Data shape after resizing: (1024, 140, 64)
Updated spatial coordinates shape: (64,)
x shape: torch.Size([142336, 1, 64])
y shape: torch.Size([142336, 1, 64])
spatial coordinates shape: (64,)
Loading from file: /data/user_data/rvk/ks/res_65/visc_1.0_L64.0_lmax3_et100.0_nte140_nt500/KS_valid.h5
Available data keys in 'valid': ['dt', 'dx', 'pde_140-65', 't', 'x']
PDE data shape: (256, 140, 65)
Time data shape: (256, 140)
Spatial coordinates shape: (65,)
dx shape: (256,)
dt shape: (256,)
Final data shape: (128, 140, 65)
Current Spatial Size: 65
Resizing from 65 to 64
Downsampling using FFT-based downsample_1d function
Data shape after resizing: (128, 140, 64)
Updated spatial coordinates shape: (64,)
x shape: torch.Size([17792, 1, 64])
y shape: torch.Size([17792, 1, 64])
spatial coordinates shape: (64,)
Loading from file: /data/user_data/rvk/ks/res_65/visc_1.0_L64.0_lmax3_et100.0_nte140_nt500/KS_test.h5
Available data keys in 'test': ['dt', 'dx', 'pde_140-65', 't', 'x']
PDE data shape: (256, 140, 65)
Time data shape: (256, 140)
Spatial coordinates shape: (65,)
dx shape: (256,)
dt shape: (256,)
Final data shape: (128, 140, 65)
Current Spatial Size: 65
Resizing from 65 to 64
Downsampling using FFT-based downsample_1d function
Data shape after resizing: (128, 140, 64)
Updated spatial coordinates shape: (64,)
x shape: torch.Size([17792, 1, 64])
y shape: torch.Size([17792, 1, 64])
spatial coordinates shape: (64,)
Train dataset size: 142336
Validation dataset size: 17792
Test dataset size: 17792
Collected 10 examples for resolution 64
Resolution 64 - Relative L2 Loss: 0.000394
Memory cleaned after resolution 64
Loading from file: /data/user_data/rvk/ks/res_65/visc_1.0_L64.0_lmax3_et100.0_nte140_nt500/KS_train_2048.h5
Available data keys in 'train': ['dt', 'dx', 'pde_140-65', 't', 'x']
PDE data shape: (2048, 140, 65)
Time data shape: (2048, 140)
Spatial coordinates shape: (65,)
dx shape: (2048,)
dt shape: (2048,)
Final data shape: (1024, 140, 65)
Current Spatial Size: 65
Resizing from 65 to 128
Upsampling using FFT-based resize_1d function
Data shape after resizing: (1024, 140, 128)
Updated spatial coordinates shape: (128,)
x shape: torch.Size([142336, 1, 128])
y shape: torch.Size([142336, 1, 128])
spatial coordinates shape: (128,)
Loading from file: /data/user_data/rvk/ks/res_65/visc_1.0_L64.0_lmax3_et100.0_nte140_nt500/KS_valid.h5
Available data keys in 'valid': ['dt', 'dx', 'pde_140-65', 't', 'x']
PDE data shape: (256, 140, 65)
Time data shape: (256, 140)
Spatial coordinates shape: (65,)
dx shape: (256,)
dt shape: (256,)
Final data shape: (128, 140, 65)
Current Spatial Size: 65
Resizing from 65 to 128
Upsampling using FFT-based resize_1d function
Data shape after resizing: (128, 140, 128)
Updated spatial coordinates shape: (128,)
x shape: torch.Size([17792, 1, 128])
y shape: torch.Size([17792, 1, 128])
spatial coordinates shape: (128,)
Loading from file: /data/user_data/rvk/ks/res_65/visc_1.0_L64.0_lmax3_et100.0_nte140_nt500/KS_test.h5
Available data keys in 'test': ['dt', 'dx', 'pde_140-65', 't', 'x']
PDE data shape: (256, 140, 65)
Time data shape: (256, 140)
Spatial coordinates shape: (65,)
dx shape: (256,)
dt shape: (256,)
Final data shape: (128, 140, 65)
Current Spatial Size: 65
Resizing from 65 to 128
Upsampling using FFT-based resize_1d function
Data shape after resizing: (128, 140, 128)
Updated spatial coordinates shape: (128,)
x shape: torch.Size([17792, 1, 128])
y shape: torch.Size([17792, 1, 128])
spatial coordinates shape: (128,)
Train dataset size: 142336
Validation dataset size: 17792
Test dataset size: 17792
Collected 10 examples for resolution 128
Resolution 128 - Relative L2 Loss: 0.000409
Memory cleaned after resolution 128
Loading from file: /data/user_data/rvk/ks/res_65/visc_1.0_L64.0_lmax3_et100.0_nte140_nt500/KS_train_2048.h5
Available data keys in 'train': ['dt', 'dx', 'pde_140-65', 't', 'x']
PDE data shape: (2048, 140, 65)
Time data shape: (2048, 140)
Spatial coordinates shape: (65,)
dx shape: (2048,)
dt shape: (2048,)
Final data shape: (1024, 140, 65)
Current Spatial Size: 65
Resizing from 65 to 256
Upsampling using FFT-based resize_1d function
Data shape after resizing: (1024, 140, 256)
Updated spatial coordinates shape: (256,)
x shape: torch.Size([142336, 1, 256])
y shape: torch.Size([142336, 1, 256])
spatial coordinates shape: (256,)
Loading from file: /data/user_data/rvk/ks/res_65/visc_1.0_L64.0_lmax3_et100.0_nte140_nt500/KS_valid.h5
Available data keys in 'valid': ['dt', 'dx', 'pde_140-65', 't', 'x']
PDE data shape: (256, 140, 65)
Time data shape: (256, 140)
Spatial coordinates shape: (65,)
dx shape: (256,)
dt shape: (256,)
Final data shape: (128, 140, 65)
Current Spatial Size: 65
Resizing from 65 to 256
Upsampling using FFT-based resize_1d function
Data shape after resizing: (128, 140, 256)
Updated spatial coordinates shape: (256,)
x shape: torch.Size([17792, 1, 256])
y shape: torch.Size([17792, 1, 256])
spatial coordinates shape: (256,)
Loading from file: /data/user_data/rvk/ks/res_65/visc_1.0_L64.0_lmax3_et100.0_nte140_nt500/KS_test.h5
Available data keys in 'test': ['dt', 'dx', 'pde_140-65', 't', 'x']
PDE data shape: (256, 140, 65)
Time data shape: (256, 140)
Spatial coordinates shape: (65,)
dx shape: (256,)
dt shape: (256,)
Final data shape: (128, 140, 65)
Current Spatial Size: 65
Resizing from 65 to 256
Upsampling using FFT-based resize_1d function
Data shape after resizing: (128, 140, 256)
Updated spatial coordinates shape: (256,)
x shape: torch.Size([17792, 1, 256])
y shape: torch.Size([17792, 1, 256])
spatial coordinates shape: (256,)
Train dataset size: 142336
Validation dataset size: 17792
Test dataset size: 17792
Collected 10 examples for resolution 256
Resolution 256 - Relative L2 Loss: 0.000411
Memory cleaned after resolution 256
Loading from file: /data/user_data/rvk/ks/res_65/visc_1.0_L64.0_lmax3_et100.0_nte140_nt500/KS_train_2048.h5
Available data keys in 'train': ['dt', 'dx', 'pde_140-65', 't', 'x']
PDE data shape: (2048, 140, 65)
Time data shape: (2048, 140)
Spatial coordinates shape: (65,)
dx shape: (2048,)
dt shape: (2048,)
Final data shape: (1024, 140, 65)
Current Spatial Size: 65
Resizing from 65 to 512
Upsampling using FFT-based resize_1d function
Data shape after resizing: (1024, 140, 512)
Updated spatial coordinates shape: (512,)
x shape: torch.Size([142336, 1, 512])
y shape: torch.Size([142336, 1, 512])
spatial coordinates shape: (512,)
Loading from file: /data/user_data/rvk/ks/res_65/visc_1.0_L64.0_lmax3_et100.0_nte140_nt500/KS_valid.h5
Available data keys in 'valid': ['dt', 'dx', 'pde_140-65', 't', 'x']
PDE data shape: (256, 140, 65)
Time data shape: (256, 140)
Spatial coordinates shape: (65,)
dx shape: (256,)
dt shape: (256,)
Final data shape: (128, 140, 65)
Current Spatial Size: 65
Resizing from 65 to 512
Upsampling using FFT-based resize_1d function
Data shape after resizing: (128, 140, 512)
Updated spatial coordinates shape: (512,)
x shape: torch.Size([17792, 1, 512])
y shape: torch.Size([17792, 1, 512])
spatial coordinates shape: (512,)
Loading from file: /data/user_data/rvk/ks/res_65/visc_1.0_L64.0_lmax3_et100.0_nte140_nt500/KS_test.h5
Available data keys in 'test': ['dt', 'dx', 'pde_140-65', 't', 'x']
PDE data shape: (256, 140, 65)
Time data shape: (256, 140)
Spatial coordinates shape: (65,)
dx shape: (256,)
dt shape: (256,)
Final data shape: (128, 140, 65)
Current Spatial Size: 65
Resizing from 65 to 512
Upsampling using FFT-based resize_1d function
Data shape after resizing: (128, 140, 512)
Updated spatial coordinates shape: (512,)
x shape: torch.Size([17792, 1, 512])
y shape: torch.Size([17792, 1, 512])
spatial coordinates shape: (512,)
Train dataset size: 142336
Validation dataset size: 17792
Test dataset size: 17792
Collected 10 examples for resolution 512
Resolution 512 - Relative L2 Loss: 0.000411
Memory cleaned after resolution 512
Creating prediction vs target plots...
Saved prediction plot: figures/5297435/prediction_plots/ks_predictions_vs_targets_10_examples.png
Saved numerical results: figures/5297435/ks_1d_evaluation_results_20250804_150546.csv
Saved summary: figures/5297435/ks_1d_evaluation_summary_20250804_150546.txt

==================================================
KS EVALUATION SUMMARY
==================================================
Resolution  32: 0.000285
Resolution  64: 0.000394
Resolution 128: 0.000409
Resolution 256: 0.000411
Resolution 512: 0.000411

Summary of Super-Resolution Evaluation:
Resolution factor 32: Relative L2 Loss = 0.000285
Resolution factor 64: Relative L2 Loss = 0.000394
Resolution factor 128: Relative L2 Loss = 0.000409
Resolution factor 256: Relative L2 Loss = 0.000411
Resolution factor 512: Relative L2 Loss = 0.000411

Evaluation plots saved to: figures/5297435
Wandb run: https://wandb.ai/rohanvk-carnegie-mellon-university/ffno1d/runs/z7f4jt8w
Job completed at Mon Aug  4 15:05:50 EDT 2025
