Job started on babel-11-21 at Sun Sep 21 03:17:43 EDT 2025
Job ID: 5561168
GPU information:
Sun Sep 21 03:17:43 2025       
+-----------------------------------------------------------------------------------------+
| NVIDIA-SMI 575.51.03              Driver Version: 575.51.03      CUDA Version: 12.9     |
|-----------------------------------------+------------------------+----------------------+
| GPU  Name                 Persistence-M | Bus-Id          Disp.A | Volatile Uncorr. ECC |
| Fan  Temp   Perf          Pwr:Usage/Cap |           Memory-Usage | GPU-Util  Compute M. |
|                                         |                        |               MIG M. |
|=========================================+========================+======================|
|   0  NVIDIA RTX A6000               On  |   00000000:1C:00.0 Off |                  Off |
| 30%   46C    P8             37W /  300W |       1MiB /  49140MiB |      0%      Default |
|                                         |                        |                  N/A |
+-----------------------------------------+------------------------+----------------------+
|   1  NVIDIA RTX A6000               On  |   00000000:1D:00.0 Off |                  Off |
| 30%   37C    P8             19W /  300W |       1MiB /  49140MiB |      0%      Default |
|                                         |                        |                  N/A |
+-----------------------------------------+------------------------+----------------------+
                                                                                         
+-----------------------------------------------------------------------------------------+
| Processes:                                                                              |
|  GPU   GI   CI              PID   Type   Process name                        GPU Memory |
|        ID   ID                                                               Usage      |
|=========================================================================================|
|  No running processes found                                                             |
+-----------------------------------------------------------------------------------------+
CUDA devices:
CUDA_VISIBLE_DEVICES: 0,1
Using device: cuda
[2025-09-21 03:17:48,853][root][INFO] - model:
  _target_: models.unet.UNet1d
  in_channels: 1
  out_channels: 1
  width: 64
dataset:
  dataset_params:
    _target_: dataloaders.ks_naive_true_multires.ks_true_multires_markov_dataset
    saved_folder: /data/user_data/rvk/ks/
    viscosity: 0.075
    L: 64.0
    lmax: 8
    et: 5.0
    nte: 51
    nt: 51
    train_s: 2048
    reduced_batch: 1
    reduced_resolution_t: 1
    data_mres_size:
      512: 300
    add_res:
    - 32
    - 64
    - 128
    add_res_samples:
      256: 0
      128: 0
      64: 0
      32: 1700
    downsample_from_res: 512
    data_normalizer: true
    normalization_type: simple
    num_samples_max: -1
    eval_dataset_target: dataloaders.ks_naive_markov.ks_markov_dataset
    eval_filename: KS_train_2048.h5
    eval_saved_folder: /data/user_data/rvk/ks/res_512/visc_0.075_L64.0_lmax8_et5.0_nte51_nt51
  resize_to_train: false
  evaluation_type: naive_downsample
  window_size: 15
  rollout_steps: 16
  original_res: 512
  max_test_resolution: 512
  train_mres: true
  pde: ks
training:
  batch_size: 16
  epochs: 100
  learning_rate: 0.001
  use_normalizer: false
project_name: ${dataset.pde}_${hydra:runtime.choices.model}
checkpoint_dir: checkpoints

Project name: ks_unet/unet_1d
Model name: models.unet.UNet1d
PDE Dataset: ks
This is True Multi-Resolution Training. Train Resolution is the highest data resolution in the multi-resolution data
---------------------
Creating true multi-resolution KS dataset from /data/user_data/rvk/ks/
Parameters: visc_0.075_L64.0_lmax8_et5.0_nte51_nt51
Using filename pattern: KS_train_2048.h5
Target samples per resolution (from files): {512: 300}
Additional downsampled resolutions: [32, 64, 128]
Target samples per downsampled resolution: {256: 0, 128: 0, 64: 0, 32: 1700}
Will downsample from resolution: 512
Loading KS multi-resolution data from /data/user_data/rvk/ks/
Parameters: visc_0.075_L64.0_lmax8_et5.0_nte51_nt51
Target samples per resolution (from files): {512: 300}
Additional downsampled resolutions: [32, 64, 128]
Target samples per downsampled resolution: {256: 0, 128: 0, 64: 0, 32: 1700}
Will downsample from resolution: 512
Loading resolution 512 from /data/user_data/rvk/ks/res_512/visc_0.075_L64.0_lmax8_et5.0_nte51_nt51/KS_train_2048.h5
Available data keys in 'train': ['dt', 'dx', 'pde_51-512', 't', 'x']
  Original data shape for 512: (2048, 51, 512)
  After time reduction: (2048, 51, 512)
  Split 'train' data shape: (1638, 51, 512)
  Subsampled to 240 samples for train split
  Added 12000 sample pairs from resolution 512
Adding downsampled resolutions: [32, 64, 128]
Adding downsampled data from /data/user_data/rvk/ks/res_512/visc_0.075_L64.0_lmax8_et5.0_nte51_nt51/KS_train_2048.h5
  Added 68000 downsampled samples at resolution 32
  No downsampled samples allocated for train split at resolution 64
  No downsampled samples allocated for train split at resolution 128
Total samples loaded: 80000
Resolution distribution:
  32_downsampled: 68000 samples
  512_file: 12000 samples
Sample x shapes: [(1, 512), (1, 512), (1, 512)]
Sample y shapes: [(1, 512), (1, 512), (1, 512)]
Loading KS multi-resolution data from /data/user_data/rvk/ks/
Parameters: visc_0.075_L64.0_lmax8_et5.0_nte51_nt51
Target samples per resolution (from files): {512: 300}
Additional downsampled resolutions: [32, 64, 128]
Target samples per downsampled resolution: {256: 0, 128: 0, 64: 0, 32: 1700}
Will downsample from resolution: 512
Loading resolution 512 from /data/user_data/rvk/ks/res_512/visc_0.075_L64.0_lmax8_et5.0_nte51_nt51/KS_train_2048.h5
Available data keys in 'train': ['dt', 'dx', 'pde_51-512', 't', 'x']
  Original data shape for 512: (2048, 51, 512)
  After time reduction: (2048, 51, 512)
  Split 'val' data shape: (204, 51, 512)
  Using all 204 samples for val split
  Added 10200 sample pairs from resolution 512
Adding downsampled resolutions: [32, 64, 128]
Adding downsampled data from /data/user_data/rvk/ks/res_512/visc_0.075_L64.0_lmax8_et5.0_nte51_nt51/KS_train_2048.h5
  Added 8500 downsampled samples at resolution 32
  No downsampled samples allocated for val split at resolution 64
  No downsampled samples allocated for val split at resolution 128
Total samples loaded: 18700
Resolution distribution:
  32_downsampled: 8500 samples
  512_file: 10200 samples
Sample x shapes: [(1, 512), (1, 512), (1, 512)]
Sample y shapes: [(1, 512), (1, 512), (1, 512)]
Loading KS multi-resolution data from /data/user_data/rvk/ks/
Parameters: visc_0.075_L64.0_lmax8_et5.0_nte51_nt51
Target samples per resolution (from files): {512: 300}
Additional downsampled resolutions: [32, 64, 128]
Target samples per downsampled resolution: {256: 0, 128: 0, 64: 0, 32: 1700}
Will downsample from resolution: 512
Loading resolution 512 from /data/user_data/rvk/ks/res_512/visc_0.075_L64.0_lmax8_et5.0_nte51_nt51/KS_train_2048.h5
Available data keys in 'train': ['dt', 'dx', 'pde_51-512', 't', 'x']
  Original data shape for 512: (2048, 51, 512)
  After time reduction: (2048, 51, 512)
  Split 'test' data shape: (206, 51, 512)
  Using all 206 samples for test split
  Added 10300 sample pairs from resolution 512
Adding downsampled resolutions: [32, 64, 128]
Adding downsampled data from /data/user_data/rvk/ks/res_512/visc_0.075_L64.0_lmax8_et5.0_nte51_nt51/KS_train_2048.h5
  Added 8500 downsampled samples at resolution 32
  No downsampled samples allocated for test split at resolution 64
  No downsampled samples allocated for test split at resolution 128
Total samples loaded: 18800
Resolution distribution:
  32_downsampled: 8500 samples
  512_file: 10300 samples
Sample x shapes: [(1, 512), (1, 512), (1, 512)]
Sample y shapes: [(1, 512), (1, 512), (1, 512)]

==================================================
CREATING ROLLOUT TEST DATASET
==================================================
Extracting KS test trajectories for rollout evaluation
Parameters: visc_0.075_L64.0_lmax8_et5.0_nte51_nt51
Loading trajectories from resolution 512: /data/user_data/rvk/ks/res_512/visc_0.075_L64.0_lmax8_et5.0_nte51_nt51/KS_train_2048.h5
  Original data shape: (2048, 51, 512)
  After time reduction: (2048, 51, 512)
  Test split data shape: (206, 51, 512)
  Using all 206 test trajectories
  Extracted 206 complete trajectories from resolution 512

Total extracted trajectories: 206
Trajectory shapes: [torch.Size([51, 512]), torch.Size([51, 512]), torch.Size([51, 512])]
Resolution distribution:
  Resolution 512: 206 trajectories
Rollout test dataset created with 206 trajectories
---------Using simple global normalization---------------
Global statistics: X(mean=0.002341, std=3.324404), Y(mean=0.002435, std=3.391157)

Final dataset sizes:
Train dataset size: 80000
Validation dataset size: 18700
Test dataset size: 18800
Rollout test dataset size: 206
<dataloaders.ks_naive_true_multires.ks_true_multires_markov_dataset.<locals>.SimpleNormalizedDataset object at 0x146f0ea68190>
Created resolution groups:
  Resolution 512: 12000 samples
  Resolution 32: 68000 samples
Created resolution groups:
  Resolution 512: 10200 samples
  Resolution 32: 8500 samples
Created resolution groups:
  Resolution 512: 10300 samples
  Resolution 32: 8500 samples
<class 'torch.Tensor'> 0.03401101008057594 0.03878379613161087 1.0630329847335815 1.065574049949646
UNet1d(
  (encoder1): Sequential(
    (enc1conv1): Conv1d(1, 64, kernel_size=(3,), stride=(1,), padding=(1,), bias=False)
    (enc1norm1): BatchNorm1d(64, eps=1e-05, momentum=0.1, affine=True, track_running_stats=True)
    (enc1tanh1): Tanh()
    (enc1conv2): Conv1d(64, 64, kernel_size=(3,), stride=(1,), padding=(1,), bias=False)
    (enc1norm2): BatchNorm1d(64, eps=1e-05, momentum=0.1, affine=True, track_running_stats=True)
    (enc1tanh2): Tanh()
  )
  (pool1): MaxPool1d(kernel_size=2, stride=2, padding=0, dilation=1, ceil_mode=False)
  (encoder2): Sequential(
    (enc2conv1): Conv1d(64, 128, kernel_size=(3,), stride=(1,), padding=(1,), bias=False)
    (enc2norm1): BatchNorm1d(128, eps=1e-05, momentum=0.1, affine=True, track_running_stats=True)
    (enc2tanh1): Tanh()
    (enc2conv2): Conv1d(128, 128, kernel_size=(3,), stride=(1,), padding=(1,), bias=False)
    (enc2norm2): BatchNorm1d(128, eps=1e-05, momentum=0.1, affine=True, track_running_stats=True)
    (enc2tanh2): Tanh()
  )
  (pool2): MaxPool1d(kernel_size=2, stride=2, padding=0, dilation=1, ceil_mode=False)
  (encoder3): Sequential(
    (enc3conv1): Conv1d(128, 256, kernel_size=(3,), stride=(1,), padding=(1,), bias=False)
    (enc3norm1): BatchNorm1d(256, eps=1e-05, momentum=0.1, affine=True, track_running_stats=True)
    (enc3tanh1): Tanh()
    (enc3conv2): Conv1d(256, 256, kernel_size=(3,), stride=(1,), padding=(1,), bias=False)
    (enc3norm2): BatchNorm1d(256, eps=1e-05, momentum=0.1, affine=True, track_running_stats=True)
    (enc3tanh2): Tanh()
  )
  (pool3): MaxPool1d(kernel_size=2, stride=2, padding=0, dilation=1, ceil_mode=False)
  (encoder4): Sequential(
    (enc4conv1): Conv1d(256, 512, kernel_size=(3,), stride=(1,), padding=(1,), bias=False)
    (enc4norm1): BatchNorm1d(512, eps=1e-05, momentum=0.1, affine=True, track_running_stats=True)
    (enc4tanh1): Tanh()
    (enc4conv2): Conv1d(512, 512, kernel_size=(3,), stride=(1,), padding=(1,), bias=False)
    (enc4norm2): BatchNorm1d(512, eps=1e-05, momentum=0.1, affine=True, track_running_stats=True)
    (enc4tanh2): Tanh()
  )
  (pool4): MaxPool1d(kernel_size=2, stride=2, padding=0, dilation=1, ceil_mode=False)
  (bottleneck): Sequential(
    (bottleneckconv1): Conv1d(512, 1024, kernel_size=(3,), stride=(1,), padding=(1,), bias=False)
    (bottlenecknorm1): BatchNorm1d(1024, eps=1e-05, momentum=0.1, affine=True, track_running_stats=True)
    (bottlenecktanh1): Tanh()
    (bottleneckconv2): Conv1d(1024, 1024, kernel_size=(3,), stride=(1,), padding=(1,), bias=False)
    (bottlenecknorm2): BatchNorm1d(1024, eps=1e-05, momentum=0.1, affine=True, track_running_stats=True)
    (bottlenecktanh2): Tanh()
  )
  (upconv4): ConvTranspose1d(1024, 512, kernel_size=(2,), stride=(2,))
  (decoder4): Sequential(
    (dec4conv1): Conv1d(1024, 512, kernel_size=(3,), stride=(1,), padding=(1,), bias=False)
    (dec4norm1): BatchNorm1d(512, eps=1e-05, momentum=0.1, affine=True, track_running_stats=True)
    (dec4tanh1): Tanh()
    (dec4conv2): Conv1d(512, 512, kernel_size=(3,), stride=(1,), padding=(1,), bias=False)
    (dec4norm2): BatchNorm1d(512, eps=1e-05, momentum=0.1, affine=True, track_running_stats=True)
    (dec4tanh2): Tanh()
  )
  (upconv3): ConvTranspose1d(512, 256, kernel_size=(2,), stride=(2,))
  (decoder3): Sequential(
    (dec3conv1): Conv1d(512, 256, kernel_size=(3,), stride=(1,), padding=(1,), bias=False)
    (dec3norm1): BatchNorm1d(256, eps=1e-05, momentum=0.1, affine=True, track_running_stats=True)
    (dec3tanh1): Tanh()
    (dec3conv2): Conv1d(256, 256, kernel_size=(3,), stride=(1,), padding=(1,), bias=False)
    (dec3norm2): BatchNorm1d(256, eps=1e-05, momentum=0.1, affine=True, track_running_stats=True)
    (dec3tanh2): Tanh()
  )
  (upconv2): ConvTranspose1d(256, 128, kernel_size=(2,), stride=(2,))
  (decoder2): Sequential(
    (dec2conv1): Conv1d(256, 128, kernel_size=(3,), stride=(1,), padding=(1,), bias=False)
    (dec2norm1): BatchNorm1d(128, eps=1e-05, momentum=0.1, affine=True, track_running_stats=True)
    (dec2tanh1): Tanh()
    (dec2conv2): Conv1d(128, 128, kernel_size=(3,), stride=(1,), padding=(1,), bias=False)
    (dec2norm2): BatchNorm1d(128, eps=1e-05, momentum=0.1, affine=True, track_running_stats=True)
    (dec2tanh2): Tanh()
  )
  (upconv1): ConvTranspose1d(128, 64, kernel_size=(2,), stride=(2,))
  (decoder1): Sequential(
    (dec1conv1): Conv1d(128, 64, kernel_size=(3,), stride=(1,), padding=(1,), bias=False)
    (dec1norm1): BatchNorm1d(64, eps=1e-05, momentum=0.1, affine=True, track_running_stats=True)
    (dec1tanh1): Tanh()
    (dec1conv2): Conv1d(64, 64, kernel_size=(3,), stride=(1,), padding=(1,), bias=False)
    (dec1norm2): BatchNorm1d(64, eps=1e-05, momentum=0.1, affine=True, track_running_stats=True)
    (dec1tanh2): Tanh()
  )
  (conv): Conv1d(64, 1, kernel_size=(1,), stride=(1,))
)
Total Model Parameters: 10.82M
Trainable Parameters: 10.82M
Epoch 0, Train Loss: 0.33585566, Val Loss: 0.29475595
Epoch 10, Train Loss: 0.22229806, Val Loss: 0.23881684
Epoch 20, Train Loss: 0.20901954, Val Loss: 0.24613295
Epoch 30, Train Loss: 0.20124023, Val Loss: 0.24264960
Epoch 40, Train Loss: 0.19803817, Val Loss: 0.24350554
Epoch 50, Train Loss: 0.19492079, Val Loss: 0.25041592
Epoch 60, Train Loss: 0.18962520, Val Loss: 0.25686392
Epoch 70, Train Loss: 0.18552223, Val Loss: 0.24588673
Epoch 80, Train Loss: 0.18246860, Val Loss: 0.25145072
Epoch 90, Train Loss: 0.18094421, Val Loss: 0.25035310
Test L2 Loss: 0.248594
Model saved to checkpoints/unet1d/ks_5561168.pt
Created/verified figures directory: figures/5561168
Evaluating KS model at multiple resolutions
Using normalizer from training resolution 512
Testing resolutions: [32, 64, 128, 256, 512]
Loading from file: /data/user_data/rvk/ks/res_512/visc_0.075_L64.0_lmax8_et5.0_nte51_nt51/KS_train_2048.h5
Available data keys in 'train': ['dt', 'dx', 'pde_51-512', 't', 'x']
Original PDE data shape: (2048, 51, 512)
Time data shape: (2048, 51)
Original spatial coordinates shape: (512,)
dx shape: (2048,)
dt shape: (2048,)
Data shape after downsampling: (2048, 51, 32)
Final data shape: (2048, 51, 32)
x shape: torch.Size([102400, 1, 32])
y shape: torch.Size([102400, 1, 32])
spatial coordinates shape: (32,)
Loading from file: /data/user_data/rvk/ks/res_512/visc_0.075_L64.0_lmax8_et5.0_nte51_nt51/KS_valid.h5
Available data keys in 'valid': ['dt', 'dx', 'pde_51-512', 't', 'x']
Original PDE data shape: (256, 51, 512)
Time data shape: (256, 51)
Original spatial coordinates shape: (512,)
dx shape: (256,)
dt shape: (256,)
Data shape after downsampling: (256, 51, 32)
Final data shape: (256, 51, 32)
x shape: torch.Size([12800, 1, 32])
y shape: torch.Size([12800, 1, 32])
spatial coordinates shape: (32,)
Loading from file: /data/user_data/rvk/ks/res_512/visc_0.075_L64.0_lmax8_et5.0_nte51_nt51/KS_test.h5
Available data keys in 'test': ['dt', 'dx', 'pde_51-512', 't', 'x']
Original PDE data shape: (256, 51, 512)
Time data shape: (256, 51)
Original spatial coordinates shape: (512,)
dx shape: (256,)
dt shape: (256,)
Data shape after downsampling: (256, 51, 32)
Final data shape: (256, 51, 32)
x shape: torch.Size([12800, 1, 32])
y shape: torch.Size([12800, 1, 32])
spatial coordinates shape: (32,)

==================================================
CREATING ROLLOUT TEST DATASET
==================================================
Loading trajectories from file: /data/user_data/rvk/ks/res_512/visc_0.075_L64.0_lmax8_et5.0_nte51_nt51/KS_test.h5
Available data keys in 'test': ['dt', 'dx', 'pde_51-512', 't', 'x']
Original PDE data shape: (256, 51, 512)
Data shape after downsampling: (256, 51, 32)
Final data shape: (256, 51, 32)
Loaded 256 complete trajectories from test split
Trajectory shape: torch.Size([51, 32])
Rollout test dataset created with 256 trajectories

Final dataset sizes:
Train dataset size: 102400
Validation dataset size: 12800
Test dataset size: 12800
Rollout test dataset size: 256
Selected random indices for plotting: [2225, 4638, 10949, 3402, 3388, 599, 12489, 6508, 5956, 12784]
Collected 10 examples for resolution 32
Resolution 32 (downsample factor: 16) - Relative L2 Loss: 0.251815
Memory cleaned after resolution 32


Loading from file: /data/user_data/rvk/ks/res_512/visc_0.075_L64.0_lmax8_et5.0_nte51_nt51/KS_train_2048.h5
Available data keys in 'train': ['dt', 'dx', 'pde_51-512', 't', 'x']
Original PDE data shape: (2048, 51, 512)
Time data shape: (2048, 51)
Original spatial coordinates shape: (512,)
dx shape: (2048,)
dt shape: (2048,)
Data shape after downsampling: (2048, 51, 64)
Final data shape: (2048, 51, 64)
x shape: torch.Size([102400, 1, 64])
y shape: torch.Size([102400, 1, 64])
spatial coordinates shape: (64,)
Loading from file: /data/user_data/rvk/ks/res_512/visc_0.075_L64.0_lmax8_et5.0_nte51_nt51/KS_valid.h5
Available data keys in 'valid': ['dt', 'dx', 'pde_51-512', 't', 'x']
Original PDE data shape: (256, 51, 512)
Time data shape: (256, 51)
Original spatial coordinates shape: (512,)
dx shape: (256,)
dt shape: (256,)
Data shape after downsampling: (256, 51, 64)
Final data shape: (256, 51, 64)
x shape: torch.Size([12800, 1, 64])
y shape: torch.Size([12800, 1, 64])
spatial coordinates shape: (64,)
Loading from file: /data/user_data/rvk/ks/res_512/visc_0.075_L64.0_lmax8_et5.0_nte51_nt51/KS_test.h5
Available data keys in 'test': ['dt', 'dx', 'pde_51-512', 't', 'x']
Original PDE data shape: (256, 51, 512)
Time data shape: (256, 51)
Original spatial coordinates shape: (512,)
dx shape: (256,)
dt shape: (256,)
Data shape after downsampling: (256, 51, 64)
Final data shape: (256, 51, 64)
x shape: torch.Size([12800, 1, 64])
y shape: torch.Size([12800, 1, 64])
spatial coordinates shape: (64,)

==================================================
CREATING ROLLOUT TEST DATASET
==================================================
Loading trajectories from file: /data/user_data/rvk/ks/res_512/visc_0.075_L64.0_lmax8_et5.0_nte51_nt51/KS_test.h5
Available data keys in 'test': ['dt', 'dx', 'pde_51-512', 't', 'x']
Original PDE data shape: (256, 51, 512)
Data shape after downsampling: (256, 51, 64)
Final data shape: (256, 51, 64)
Loaded 256 complete trajectories from test split
Trajectory shape: torch.Size([51, 64])
Rollout test dataset created with 256 trajectories

Final dataset sizes:
Train dataset size: 102400
Validation dataset size: 12800
Test dataset size: 12800
Rollout test dataset size: 256
Collected 10 examples for resolution 64
Resolution 64 (downsample factor: 8) - Relative L2 Loss: 0.297072
Memory cleaned after resolution 64


Loading from file: /data/user_data/rvk/ks/res_512/visc_0.075_L64.0_lmax8_et5.0_nte51_nt51/KS_train_2048.h5
Available data keys in 'train': ['dt', 'dx', 'pde_51-512', 't', 'x']
Original PDE data shape: (2048, 51, 512)
Time data shape: (2048, 51)
Original spatial coordinates shape: (512,)
dx shape: (2048,)
dt shape: (2048,)
Data shape after downsampling: (2048, 51, 128)
Final data shape: (2048, 51, 128)
x shape: torch.Size([102400, 1, 128])
y shape: torch.Size([102400, 1, 128])
spatial coordinates shape: (128,)
Loading from file: /data/user_data/rvk/ks/res_512/visc_0.075_L64.0_lmax8_et5.0_nte51_nt51/KS_valid.h5
Available data keys in 'valid': ['dt', 'dx', 'pde_51-512', 't', 'x']
Original PDE data shape: (256, 51, 512)
Time data shape: (256, 51)
Original spatial coordinates shape: (512,)
dx shape: (256,)
dt shape: (256,)
Data shape after downsampling: (256, 51, 128)
Final data shape: (256, 51, 128)
x shape: torch.Size([12800, 1, 128])
y shape: torch.Size([12800, 1, 128])
spatial coordinates shape: (128,)
Loading from file: /data/user_data/rvk/ks/res_512/visc_0.075_L64.0_lmax8_et5.0_nte51_nt51/KS_test.h5
Available data keys in 'test': ['dt', 'dx', 'pde_51-512', 't', 'x']
Original PDE data shape: (256, 51, 512)
Time data shape: (256, 51)
Original spatial coordinates shape: (512,)
dx shape: (256,)
dt shape: (256,)
Data shape after downsampling: (256, 51, 128)
Final data shape: (256, 51, 128)
x shape: torch.Size([12800, 1, 128])
y shape: torch.Size([12800, 1, 128])
spatial coordinates shape: (128,)

==================================================
CREATING ROLLOUT TEST DATASET
==================================================
Loading trajectories from file: /data/user_data/rvk/ks/res_512/visc_0.075_L64.0_lmax8_et5.0_nte51_nt51/KS_test.h5
Available data keys in 'test': ['dt', 'dx', 'pde_51-512', 't', 'x']
Original PDE data shape: (256, 51, 512)
Data shape after downsampling: (256, 51, 128)
Final data shape: (256, 51, 128)
Loaded 256 complete trajectories from test split
Trajectory shape: torch.Size([51, 128])
Rollout test dataset created with 256 trajectories

Final dataset sizes:
Train dataset size: 102400
Validation dataset size: 12800
Test dataset size: 12800
Rollout test dataset size: 256
Collected 10 examples for resolution 128
Resolution 128 (downsample factor: 4) - Relative L2 Loss: 0.288411
Memory cleaned after resolution 128


Loading from file: /data/user_data/rvk/ks/res_512/visc_0.075_L64.0_lmax8_et5.0_nte51_nt51/KS_train_2048.h5
Available data keys in 'train': ['dt', 'dx', 'pde_51-512', 't', 'x']
Original PDE data shape: (2048, 51, 512)
Time data shape: (2048, 51)
Original spatial coordinates shape: (512,)
dx shape: (2048,)
dt shape: (2048,)
Data shape after downsampling: (2048, 51, 256)
Final data shape: (2048, 51, 256)
x shape: torch.Size([102400, 1, 256])
y shape: torch.Size([102400, 1, 256])
spatial coordinates shape: (256,)
Loading from file: /data/user_data/rvk/ks/res_512/visc_0.075_L64.0_lmax8_et5.0_nte51_nt51/KS_valid.h5
Available data keys in 'valid': ['dt', 'dx', 'pde_51-512', 't', 'x']
Original PDE data shape: (256, 51, 512)
Time data shape: (256, 51)
Original spatial coordinates shape: (512,)
dx shape: (256,)
dt shape: (256,)
Data shape after downsampling: (256, 51, 256)
Final data shape: (256, 51, 256)
x shape: torch.Size([12800, 1, 256])
y shape: torch.Size([12800, 1, 256])
spatial coordinates shape: (256,)
Loading from file: /data/user_data/rvk/ks/res_512/visc_0.075_L64.0_lmax8_et5.0_nte51_nt51/KS_test.h5
Available data keys in 'test': ['dt', 'dx', 'pde_51-512', 't', 'x']
Original PDE data shape: (256, 51, 512)
Time data shape: (256, 51)
Original spatial coordinates shape: (512,)
dx shape: (256,)
dt shape: (256,)
Data shape after downsampling: (256, 51, 256)
Final data shape: (256, 51, 256)
x shape: torch.Size([12800, 1, 256])
y shape: torch.Size([12800, 1, 256])
spatial coordinates shape: (256,)

==================================================
CREATING ROLLOUT TEST DATASET
==================================================
Loading trajectories from file: /data/user_data/rvk/ks/res_512/visc_0.075_L64.0_lmax8_et5.0_nte51_nt51/KS_test.h5
Available data keys in 'test': ['dt', 'dx', 'pde_51-512', 't', 'x']
Original PDE data shape: (256, 51, 512)
Data shape after downsampling: (256, 51, 256)
Final data shape: (256, 51, 256)
Loaded 256 complete trajectories from test split
Trajectory shape: torch.Size([51, 256])
Rollout test dataset created with 256 trajectories

Final dataset sizes:
Train dataset size: 102400
Validation dataset size: 12800
Test dataset size: 12800
Rollout test dataset size: 256
Collected 10 examples for resolution 256
Resolution 256 (downsample factor: 2) - Relative L2 Loss: 0.276474
Memory cleaned after resolution 256


Loading from file: /data/user_data/rvk/ks/res_512/visc_0.075_L64.0_lmax8_et5.0_nte51_nt51/KS_train_2048.h5
Available data keys in 'train': ['dt', 'dx', 'pde_51-512', 't', 'x']
Original PDE data shape: (2048, 51, 512)
Time data shape: (2048, 51)
Original spatial coordinates shape: (512,)
dx shape: (2048,)
dt shape: (2048,)
Data shape after downsampling: (2048, 51, 512)
Final data shape: (2048, 51, 512)
x shape: torch.Size([102400, 1, 512])
y shape: torch.Size([102400, 1, 512])
spatial coordinates shape: (512,)
Loading from file: /data/user_data/rvk/ks/res_512/visc_0.075_L64.0_lmax8_et5.0_nte51_nt51/KS_valid.h5
Available data keys in 'valid': ['dt', 'dx', 'pde_51-512', 't', 'x']
Original PDE data shape: (256, 51, 512)
Time data shape: (256, 51)
Original spatial coordinates shape: (512,)
dx shape: (256,)
dt shape: (256,)
Data shape after downsampling: (256, 51, 512)
Final data shape: (256, 51, 512)
x shape: torch.Size([12800, 1, 512])
y shape: torch.Size([12800, 1, 512])
spatial coordinates shape: (512,)
Loading from file: /data/user_data/rvk/ks/res_512/visc_0.075_L64.0_lmax8_et5.0_nte51_nt51/KS_test.h5
Available data keys in 'test': ['dt', 'dx', 'pde_51-512', 't', 'x']
Original PDE data shape: (256, 51, 512)
Time data shape: (256, 51)
Original spatial coordinates shape: (512,)
dx shape: (256,)
dt shape: (256,)
Data shape after downsampling: (256, 51, 512)
Final data shape: (256, 51, 512)
x shape: torch.Size([12800, 1, 512])
y shape: torch.Size([12800, 1, 512])
spatial coordinates shape: (512,)

==================================================
CREATING ROLLOUT TEST DATASET
==================================================
Loading trajectories from file: /data/user_data/rvk/ks/res_512/visc_0.075_L64.0_lmax8_et5.0_nte51_nt51/KS_test.h5
Available data keys in 'test': ['dt', 'dx', 'pde_51-512', 't', 'x']
Original PDE data shape: (256, 51, 512)
Data shape after downsampling: (256, 51, 512)
Final data shape: (256, 51, 512)
Loaded 256 complete trajectories from test split
Trajectory shape: torch.Size([51, 512])
Rollout test dataset created with 256 trajectories

Final dataset sizes:
Train dataset size: 102400
Validation dataset size: 12800
Test dataset size: 12800
Rollout test dataset size: 256
Collected 10 examples for resolution 512
Resolution 512 (downsample factor: 1) - Relative L2 Loss: 0.253922
Memory cleaned after resolution 512


Creating prediction vs target plots...
Saved prediction plot: figures/5561168/prediction_plots/ks_predictions_vs_targets_10_examples.png
Saved numerical results: figures/5561168/ks_1d_evaluation_results_20250921_043433.csv
Saved summary: figures/5561168/ks_1d_evaluation_summary_20250921_043433.txt

==================================================
KS EVALUATION SUMMARY
==================================================
Resolution  32: 0.251815
Resolution  64: 0.297072
Resolution 128: 0.288411
Resolution 256: 0.276474
Resolution 512: 0.253922
Evaluating KS model rollout at multiple resolutions
Using normalizer from training resolution 512
Rollout steps: 16
Testing resolutions: [32, 64, 128, 256, 512]

--- Evaluating Rollout at Resolution 32 (downsample factor: 16) ---
Loading dataset with config: dataloaders.ks_naive_markov.ks_markov_dataset
Loading from file: /data/user_data/rvk/ks/res_512/visc_0.075_L64.0_lmax8_et5.0_nte51_nt51/KS_train_2048.h5
Available data keys in 'train': ['dt', 'dx', 'pde_51-512', 't', 'x']
Original PDE data shape: (2048, 51, 512)
Time data shape: (2048, 51)
Original spatial coordinates shape: (512,)
dx shape: (2048,)
dt shape: (2048,)
Data shape after downsampling: (2048, 51, 32)
Final data shape: (2048, 51, 32)
x shape: torch.Size([102400, 1, 32])
y shape: torch.Size([102400, 1, 32])
spatial coordinates shape: (32,)
Loading from file: /data/user_data/rvk/ks/res_512/visc_0.075_L64.0_lmax8_et5.0_nte51_nt51/KS_valid.h5
Available data keys in 'valid': ['dt', 'dx', 'pde_51-512', 't', 'x']
Original PDE data shape: (256, 51, 512)
Time data shape: (256, 51)
Original spatial coordinates shape: (512,)
dx shape: (256,)
dt shape: (256,)
Data shape after downsampling: (256, 51, 32)
Final data shape: (256, 51, 32)
x shape: torch.Size([12800, 1, 32])
y shape: torch.Size([12800, 1, 32])
spatial coordinates shape: (32,)
Loading from file: /data/user_data/rvk/ks/res_512/visc_0.075_L64.0_lmax8_et5.0_nte51_nt51/KS_test.h5
Available data keys in 'test': ['dt', 'dx', 'pde_51-512', 't', 'x']
Original PDE data shape: (256, 51, 512)
Time data shape: (256, 51)
Original spatial coordinates shape: (512,)
dx shape: (256,)
dt shape: (256,)
Data shape after downsampling: (256, 51, 32)
Final data shape: (256, 51, 32)
x shape: torch.Size([12800, 1, 32])
y shape: torch.Size([12800, 1, 32])
spatial coordinates shape: (32,)

==================================================
CREATING ROLLOUT TEST DATASET
==================================================
Loading trajectories from file: /data/user_data/rvk/ks/res_512/visc_0.075_L64.0_lmax8_et5.0_nte51_nt51/KS_test.h5
Available data keys in 'test': ['dt', 'dx', 'pde_51-512', 't', 'x']
Original PDE data shape: (256, 51, 512)
Data shape after downsampling: (256, 51, 32)
Final data shape: (256, 51, 32)
Loaded 256 complete trajectories from test split
Trajectory shape: torch.Size([51, 32])
Rollout test dataset created with 256 trajectories

Final dataset sizes:
Train dataset size: 102400
Validation dataset size: 12800
Test dataset size: 12800
Rollout test dataset size: 256
Using rollout test dataset with 256 trajectories
Selected random indices for plotting: [34, 44, 12, 36, 5]
Collected 5 rollout examples for resolution 32
Resolution 32 (downsample factor: 16) - Rollout Loss (16 steps): 0.766322
Memory cleaned after resolution 32

--- Evaluating Rollout at Resolution 64 (downsample factor: 8) ---
Loading dataset with config: dataloaders.ks_naive_markov.ks_markov_dataset
Loading from file: /data/user_data/rvk/ks/res_512/visc_0.075_L64.0_lmax8_et5.0_nte51_nt51/KS_train_2048.h5
Available data keys in 'train': ['dt', 'dx', 'pde_51-512', 't', 'x']
Original PDE data shape: (2048, 51, 512)
Time data shape: (2048, 51)
Original spatial coordinates shape: (512,)
dx shape: (2048,)
dt shape: (2048,)
Data shape after downsampling: (2048, 51, 64)
Final data shape: (2048, 51, 64)
x shape: torch.Size([102400, 1, 64])
y shape: torch.Size([102400, 1, 64])
spatial coordinates shape: (64,)
Loading from file: /data/user_data/rvk/ks/res_512/visc_0.075_L64.0_lmax8_et5.0_nte51_nt51/KS_valid.h5
Available data keys in 'valid': ['dt', 'dx', 'pde_51-512', 't', 'x']
Original PDE data shape: (256, 51, 512)
Time data shape: (256, 51)
Original spatial coordinates shape: (512,)
dx shape: (256,)
dt shape: (256,)
Data shape after downsampling: (256, 51, 64)
Final data shape: (256, 51, 64)
x shape: torch.Size([12800, 1, 64])
y shape: torch.Size([12800, 1, 64])
spatial coordinates shape: (64,)
Loading from file: /data/user_data/rvk/ks/res_512/visc_0.075_L64.0_lmax8_et5.0_nte51_nt51/KS_test.h5
Available data keys in 'test': ['dt', 'dx', 'pde_51-512', 't', 'x']
Original PDE data shape: (256, 51, 512)
Time data shape: (256, 51)
Original spatial coordinates shape: (512,)
dx shape: (256,)
dt shape: (256,)
Data shape after downsampling: (256, 51, 64)
Final data shape: (256, 51, 64)
x shape: torch.Size([12800, 1, 64])
y shape: torch.Size([12800, 1, 64])
spatial coordinates shape: (64,)

==================================================
CREATING ROLLOUT TEST DATASET
==================================================
Loading trajectories from file: /data/user_data/rvk/ks/res_512/visc_0.075_L64.0_lmax8_et5.0_nte51_nt51/KS_test.h5
Available data keys in 'test': ['dt', 'dx', 'pde_51-512', 't', 'x']
Original PDE data shape: (256, 51, 512)
Data shape after downsampling: (256, 51, 64)
Final data shape: (256, 51, 64)
Loaded 256 complete trajectories from test split
Trajectory shape: torch.Size([51, 64])
Rollout test dataset created with 256 trajectories

Final dataset sizes:
Train dataset size: 102400
Validation dataset size: 12800
Test dataset size: 12800
Rollout test dataset size: 256
Using rollout test dataset with 256 trajectories
Collected 5 rollout examples for resolution 64
Resolution 64 (downsample factor: 8) - Rollout Loss (16 steps): 0.735564
Memory cleaned after resolution 64

--- Evaluating Rollout at Resolution 128 (downsample factor: 4) ---
Loading dataset with config: dataloaders.ks_naive_markov.ks_markov_dataset
Loading from file: /data/user_data/rvk/ks/res_512/visc_0.075_L64.0_lmax8_et5.0_nte51_nt51/KS_train_2048.h5
Available data keys in 'train': ['dt', 'dx', 'pde_51-512', 't', 'x']
Original PDE data shape: (2048, 51, 512)
Time data shape: (2048, 51)
Original spatial coordinates shape: (512,)
dx shape: (2048,)
dt shape: (2048,)
Data shape after downsampling: (2048, 51, 128)
Final data shape: (2048, 51, 128)
x shape: torch.Size([102400, 1, 128])
y shape: torch.Size([102400, 1, 128])
spatial coordinates shape: (128,)
Loading from file: /data/user_data/rvk/ks/res_512/visc_0.075_L64.0_lmax8_et5.0_nte51_nt51/KS_valid.h5
Available data keys in 'valid': ['dt', 'dx', 'pde_51-512', 't', 'x']
Original PDE data shape: (256, 51, 512)
Time data shape: (256, 51)
Original spatial coordinates shape: (512,)
dx shape: (256,)
dt shape: (256,)
Data shape after downsampling: (256, 51, 128)
Final data shape: (256, 51, 128)
x shape: torch.Size([12800, 1, 128])
y shape: torch.Size([12800, 1, 128])
spatial coordinates shape: (128,)
Loading from file: /data/user_data/rvk/ks/res_512/visc_0.075_L64.0_lmax8_et5.0_nte51_nt51/KS_test.h5
Available data keys in 'test': ['dt', 'dx', 'pde_51-512', 't', 'x']
Original PDE data shape: (256, 51, 512)
Time data shape: (256, 51)
Original spatial coordinates shape: (512,)
dx shape: (256,)
dt shape: (256,)
Data shape after downsampling: (256, 51, 128)
Final data shape: (256, 51, 128)
x shape: torch.Size([12800, 1, 128])
y shape: torch.Size([12800, 1, 128])
spatial coordinates shape: (128,)

==================================================
CREATING ROLLOUT TEST DATASET
==================================================
Loading trajectories from file: /data/user_data/rvk/ks/res_512/visc_0.075_L64.0_lmax8_et5.0_nte51_nt51/KS_test.h5
Available data keys in 'test': ['dt', 'dx', 'pde_51-512', 't', 'x']
Original PDE data shape: (256, 51, 512)
Data shape after downsampling: (256, 51, 128)
Final data shape: (256, 51, 128)
Loaded 256 complete trajectories from test split
Trajectory shape: torch.Size([51, 128])
Rollout test dataset created with 256 trajectories

Final dataset sizes:
Train dataset size: 102400
Validation dataset size: 12800
Test dataset size: 12800
Rollout test dataset size: 256
Using rollout test dataset with 256 trajectories
Collected 5 rollout examples for resolution 128
Resolution 128 (downsample factor: 4) - Rollout Loss (16 steps): 0.731715
Memory cleaned after resolution 128

--- Evaluating Rollout at Resolution 256 (downsample factor: 2) ---
Loading dataset with config: dataloaders.ks_naive_markov.ks_markov_dataset
Loading from file: /data/user_data/rvk/ks/res_512/visc_0.075_L64.0_lmax8_et5.0_nte51_nt51/KS_train_2048.h5
Available data keys in 'train': ['dt', 'dx', 'pde_51-512', 't', 'x']
Original PDE data shape: (2048, 51, 512)
Time data shape: (2048, 51)
Original spatial coordinates shape: (512,)
dx shape: (2048,)
dt shape: (2048,)
Data shape after downsampling: (2048, 51, 256)
Final data shape: (2048, 51, 256)
x shape: torch.Size([102400, 1, 256])
y shape: torch.Size([102400, 1, 256])
spatial coordinates shape: (256,)
Loading from file: /data/user_data/rvk/ks/res_512/visc_0.075_L64.0_lmax8_et5.0_nte51_nt51/KS_valid.h5
Available data keys in 'valid': ['dt', 'dx', 'pde_51-512', 't', 'x']
Original PDE data shape: (256, 51, 512)
Time data shape: (256, 51)
Original spatial coordinates shape: (512,)
dx shape: (256,)
dt shape: (256,)
Data shape after downsampling: (256, 51, 256)
Final data shape: (256, 51, 256)
x shape: torch.Size([12800, 1, 256])
y shape: torch.Size([12800, 1, 256])
spatial coordinates shape: (256,)
Loading from file: /data/user_data/rvk/ks/res_512/visc_0.075_L64.0_lmax8_et5.0_nte51_nt51/KS_test.h5
Available data keys in 'test': ['dt', 'dx', 'pde_51-512', 't', 'x']
Original PDE data shape: (256, 51, 512)
Time data shape: (256, 51)
Original spatial coordinates shape: (512,)
dx shape: (256,)
dt shape: (256,)
Data shape after downsampling: (256, 51, 256)
Final data shape: (256, 51, 256)
x shape: torch.Size([12800, 1, 256])
y shape: torch.Size([12800, 1, 256])
spatial coordinates shape: (256,)

==================================================
CREATING ROLLOUT TEST DATASET
==================================================
Loading trajectories from file: /data/user_data/rvk/ks/res_512/visc_0.075_L64.0_lmax8_et5.0_nte51_nt51/KS_test.h5
Available data keys in 'test': ['dt', 'dx', 'pde_51-512', 't', 'x']
Original PDE data shape: (256, 51, 512)
Data shape after downsampling: (256, 51, 256)
Final data shape: (256, 51, 256)
Loaded 256 complete trajectories from test split
Trajectory shape: torch.Size([51, 256])
Rollout test dataset created with 256 trajectories

Final dataset sizes:
Train dataset size: 102400
Validation dataset size: 12800
Test dataset size: 12800
Rollout test dataset size: 256
Using rollout test dataset with 256 trajectories
Collected 5 rollout examples for resolution 256
Resolution 256 (downsample factor: 2) - Rollout Loss (16 steps): 0.739529
Memory cleaned after resolution 256

--- Evaluating Rollout at Resolution 512 (downsample factor: 1) ---
Loading dataset with config: dataloaders.ks_naive_markov.ks_markov_dataset
Loading from file: /data/user_data/rvk/ks/res_512/visc_0.075_L64.0_lmax8_et5.0_nte51_nt51/KS_train_2048.h5
Available data keys in 'train': ['dt', 'dx', 'pde_51-512', 't', 'x']
Original PDE data shape: (2048, 51, 512)
Time data shape: (2048, 51)
Original spatial coordinates shape: (512,)
dx shape: (2048,)
dt shape: (2048,)
Data shape after downsampling: (2048, 51, 512)
Final data shape: (2048, 51, 512)
x shape: torch.Size([102400, 1, 512])
y shape: torch.Size([102400, 1, 512])
spatial coordinates shape: (512,)
Loading from file: /data/user_data/rvk/ks/res_512/visc_0.075_L64.0_lmax8_et5.0_nte51_nt51/KS_valid.h5
Available data keys in 'valid': ['dt', 'dx', 'pde_51-512', 't', 'x']
Original PDE data shape: (256, 51, 512)
Time data shape: (256, 51)
Original spatial coordinates shape: (512,)
dx shape: (256,)
dt shape: (256,)
Data shape after downsampling: (256, 51, 512)
Final data shape: (256, 51, 512)
x shape: torch.Size([12800, 1, 512])
y shape: torch.Size([12800, 1, 512])
spatial coordinates shape: (512,)
Loading from file: /data/user_data/rvk/ks/res_512/visc_0.075_L64.0_lmax8_et5.0_nte51_nt51/KS_test.h5
Available data keys in 'test': ['dt', 'dx', 'pde_51-512', 't', 'x']
Original PDE data shape: (256, 51, 512)
Time data shape: (256, 51)
Original spatial coordinates shape: (512,)
dx shape: (256,)
dt shape: (256,)
Data shape after downsampling: (256, 51, 512)
Final data shape: (256, 51, 512)
x shape: torch.Size([12800, 1, 512])
y shape: torch.Size([12800, 1, 512])
spatial coordinates shape: (512,)

==================================================
CREATING ROLLOUT TEST DATASET
==================================================
Loading trajectories from file: /data/user_data/rvk/ks/res_512/visc_0.075_L64.0_lmax8_et5.0_nte51_nt51/KS_test.h5
Available data keys in 'test': ['dt', 'dx', 'pde_51-512', 't', 'x']
Original PDE data shape: (256, 51, 512)
Data shape after downsampling: (256, 51, 512)
Final data shape: (256, 51, 512)
Loaded 256 complete trajectories from test split
Trajectory shape: torch.Size([51, 512])
Rollout test dataset created with 256 trajectories

Final dataset sizes:
Train dataset size: 102400
Validation dataset size: 12800
Test dataset size: 12800
Rollout test dataset size: 256
Using rollout test dataset with 256 trajectories
Collected 5 rollout examples for resolution 512
Resolution 512 (downsample factor: 1) - Rollout Loss (16 steps): 0.749738
Memory cleaned after resolution 512
Creating rollout prediction plots...
Rollout plots saved to: figures/5561168/rollout_plots/ks_rollout_examples.png
Rollout results saved to: figures/5561168/ks_rollout_results_trained_res_512_steps_16.csv

============================================================
KS ROLLOUT EVALUATION SUMMARY (16 steps)
============================================================
Resolution  32: 0.766322
Resolution  64: 0.735564
Resolution 128: 0.731715
Resolution 256: 0.739529
Resolution 512: 0.749738

Summary of Super-Resolution Evaluation:
Resolution factor 32: Relative L2 Loss = 0.251815
Resolution factor 64: Relative L2 Loss = 0.297072
Resolution factor 128: Relative L2 Loss = 0.288411
Resolution factor 256: Relative L2 Loss = 0.276474
Resolution factor 512: Relative L2 Loss = 0.253922

Evaluation plots saved to: figures/5561168
Wandb run: https://wandb.ai/rohanvk-carnegie-mellon-university/unet1d/runs/wm844dvc
Job completed at Sun Sep 21 04:34:44 EDT 2025
