Job started on shire-1-10 at Wed Sep 17 15:37:53 EDT 2025
Job ID: 5493868
GPU information:
Wed Sep 17 15:37:53 2025       
+-----------------------------------------------------------------------------------------+
| NVIDIA-SMI 575.51.03              Driver Version: 575.51.03      CUDA Version: 12.9     |
|-----------------------------------------+------------------------+----------------------+
| GPU  Name                 Persistence-M | Bus-Id          Disp.A | Volatile Uncorr. ECC |
| Fan  Temp   Perf          Pwr:Usage/Cap |           Memory-Usage | GPU-Util  Compute M. |
|                                         |                        |               MIG M. |
|=========================================+========================+======================|
|   0  NVIDIA RTX A6000               On  |   00000000:41:00.0 Off |                  Off |
| 30%   44C    P8             32W /  300W |       1MiB /  49140MiB |      0%      Default |
|                                         |                        |                  N/A |
+-----------------------------------------+------------------------+----------------------+
|   1  NVIDIA RTX A6000               On  |   00000000:81:00.0 Off |                  Off |
| 30%   45C    P8             31W /  300W |       1MiB /  49140MiB |      0%      Default |
|                                         |                        |                  N/A |
+-----------------------------------------+------------------------+----------------------+
                                                                                         
+-----------------------------------------------------------------------------------------+
| Processes:                                                                              |
|  GPU   GI   CI              PID   Type   Process name                        GPU Memory |
|        ID   ID                                                               Usage      |
|=========================================================================================|
|  No running processes found                                                             |
+-----------------------------------------------------------------------------------------+
CUDA devices:
CUDA_VISIBLE_DEVICES: 0,1
[2025-09-17 15:37:56,086][__main__][INFO] - Starting Burgers equation simulation...
[2025-09-17 15:37:56,086][__main__][INFO] - Configuration: nx=128, epsilon=0.0001, numbers=10000
[2025-09-17 15:37:57,040][jax._src.xla_bridge][INFO] - Unable to initialize backend 'rocm': module 'jaxlib.xla_extension' has no attribute 'GpuAllocatorConfig'
[2025-09-17 15:37:57,048][jax._src.xla_bridge][INFO] - Unable to initialize backend 'tpu': INTERNAL: Failed to open libtpu.so: libtpu.so: cannot open shared object file: No such file or directory
[2025-09-17 15:37:57,569][__main__][INFO] - epsilon: 0.000100
[2025-09-17 15:37:57,614][__main__][INFO] - Setup completed in 1.53 seconds
[2025-09-17 15:37:57,614][__main__][INFO] - Initializing simulation data...
[2025-09-17 15:37:58,912][__main__][INFO] - Initialization completed in 1.30 seconds
[2025-09-17 15:37:58,912][__main__][INFO] - Starting numerical simulation...
[2025-09-17 15:38:02,894][__main__][INFO] - Numerical simulation completed in 3.98 seconds (0.07 minutes)
[2025-09-17 15:38:03,764][__main__][INFO] - Starting data saving...
[2025-09-17 15:38:11,774][__main__][INFO] - Saving reshaped data...
[2025-09-17 15:38:13,635][__main__][INFO] - ============================================================
[2025-09-17 15:38:13,635][__main__][INFO] - TIMING SUMMARY
[2025-09-17 15:38:13,635][__main__][INFO] - ============================================================
[2025-09-17 15:38:13,635][__main__][INFO] - Setup time:               1.53 seconds
[2025-09-17 15:38:13,635][__main__][INFO] - Initialization time:      1.30 seconds
[2025-09-17 15:38:13,635][__main__][INFO] - Simulation time:          3.98 seconds (  0.07 minutes)
[2025-09-17 15:38:13,635][__main__][INFO] - I/O time:                 9.87 seconds
[2025-09-17 15:38:13,635][__main__][INFO] - Total time:              17.55 seconds (  0.29 minutes)
[2025-09-17 15:38:13,635][__main__][INFO] - ============================================================
[2025-09-17 15:38:13,635][__main__][INFO] - Data saved to: /data/user_data/rvk/pdebench_gen/burgers_128_0.0001/
[2025-09-17 15:38:13,635][__main__][INFO] - Simulation parameters: nx=128, epsilon=0.0001, numbers=10000
[2025-09-17 15:38:13,635][__main__][INFO] - Simulation completed successfully!
Job completed at Wed Sep 17 15:38:16 EDT 2025
