Job started on babel-7-25 at Sat Jun 28 15:19:27 EDT 2025
Job ID: 5164341
GPU information:
Sat Jun 28 15:19:27 2025       
+-----------------------------------------------------------------------------------------+
| NVIDIA-SMI 575.51.03              Driver Version: 575.51.03      CUDA Version: 12.9     |
|-----------------------------------------+------------------------+----------------------+
| GPU  Name                 Persistence-M | Bus-Id          Disp.A | Volatile Uncorr. ECC |
| Fan  Temp   Perf          Pwr:Usage/Cap |           Memory-Usage | GPU-Util  Compute M. |
|                                         |                        |               MIG M. |
|=========================================+========================+======================|
|   0  NVIDIA RTX A6000               On  |   00000000:02:00.0 Off |                  Off |
| 30%   28C    P8             17W /  270W |       1MiB /  49140MiB |      0%      Default |
|                                         |                        |                  N/A |
+-----------------------------------------+------------------------+----------------------+
|   1  NVIDIA RTX A6000               On  |   00000000:03:00.0 Off |                  Off |
| 30%   31C    P8             25W /  270W |       1MiB /  49140MiB |      0%      Default |
|                                         |                        |                  N/A |
+-----------------------------------------+------------------------+----------------------+
                                                                                         
+-----------------------------------------------------------------------------------------+
| Processes:                                                                              |
|  GPU   GI   CI              PID   Type   Process name                        GPU Memory |
|        ID   ID                                                               Usage      |
|=========================================================================================|
|  No running processes found                                                             |
+-----------------------------------------------------------------------------------------+
CUDA devices:
CUDA_VISIBLE_DEVICES: 0,1
Data Resolution: 32
Viscosity: 0.0001
Number of Solutions: 20
Setup 2d GRF successful!
Number of Steps: 200
Batch Size: 20
Generating Data at Viscosity: 0.0001
0 20 866.259676894013
Batch 1/1 | Samples: 20/20 | Time: 14m 26.3s
Save path: /data/user_data/rvk/ns_32_1e-04.mat
✅ Data Generation Successful!
Job completed at Sat Jun 28 15:51:44 EDT 2025
