Job started on babel-2-25 at Wed Apr  2 07:14:38 EDT 2025
Job ID: 4491305
Using device: cuda
[2025-04-02 07:14:42,442][root][INFO] - model:
  _target_: models.ffno.FFNO1D
  in_channels: 1
  out_channels: 1
  width: 32
  n_modes: 16
  factor: 4
  n_layers: 4
  ff_weight_norm: true
  n_ff_layers: 2
  layer_norm: false
  grid: null
  dropout: 0.0
  mode: full
dataset:
  reduced_batch: 1
  reduced_resolution: 4
  reduced_resolution_t: 4
  pde: burger_2.0
  data_path1: data/pdebench/1D_Burgers_Sols_Nu2.0.hdf5
training:
  batch_size: 64
  epochs: 100
  learning_rate: 0.001
  use_normalizer: false
project_name: ${dataset.pde}_${hydra:runtime.choices.model}
checkpoint_dir: checkpoints

Project name: burger_2.0_ffno_1d/ffno_1d
Model name: models.ffno.FFNO1D
PDE Dataset: burger_2.0
Loading from file: /home/rvk/data/pdebench/1D_Burgers_Sols_Nu2.0.hdf5
(10000, 201, 1024)
Total data shape: (10000, 51, 256)
x shape: (490000, 1, 256)
y shape: (490000, 1, 256)
grid shape: torch.Size([256, 1])
---------Using data normalizer---------------
Train dataset size: 392000
Validation dataset size: 49000
Test dataset size: 49000
<class 'torch.Tensor'> 0.14143234491348267 0.141465425491333 0.9545068740844727 0.9546617269515991
Sample Input shape: torch.Size([64, 1, 256])
Sample Output shape: torch.Size([64, 1, 256])
FFNO1D(
  (in_proj): WNLinear(in_features=2, out_features=32, bias=True)
  (fourier_layers): ModuleList(
    (0-3): 4 x FSpectralConv1d(
      (fourier_weight): ParameterList(  (0): Parameter containing: [torch.float32 of size 32x32x16x2 (cuda:0)])
      (backcast_ff): FeedForward(
        (layers): ModuleList(
          (0): Sequential(
            (0): Linear(in_features=32, out_features=128, bias=True)
            (1): Dropout(p=0.0, inplace=False)
            (2): GELU(approximate='none')
            (3): Identity()
          )
          (1): Sequential(
            (0): Linear(in_features=128, out_features=32, bias=True)
            (1): Dropout(p=0.0, inplace=False)
            (2): Identity()
            (3): Identity()
          )
        )
      )
      (act): Identity()
    )
  )
  (out_proj): WNLinear(in_features=32, out_features=1, bias=True)
)
Epoch 0, Train Loss: 0.08628598, Val Loss: 0.02313648
Epoch 10, Train Loss: 0.00995460, Val Loss: 0.01927366
Epoch 20, Train Loss: 0.00730630, Val Loss: 0.00263628
Epoch 30, Train Loss: 0.00632162, Val Loss: 0.01282328
Epoch 40, Train Loss: 0.00493015, Val Loss: 0.00108490
Epoch 50, Train Loss: 0.00371002, Val Loss: 0.00191738
Epoch 60, Train Loss: 0.00256081, Val Loss: 0.00144480
Epoch 70, Train Loss: 0.00164421, Val Loss: 0.00101057
Epoch 80, Train Loss: 0.00077915, Val Loss: 0.00065737
Epoch 90, Train Loss: 0.00024905, Val Loss: 0.00038935
Test L2 Loss: 0.000111
-----Visualizing Saved------
Figure saved to output_logs/predictions/burger_2.0_fno_4491305_predictions.png
Original test data shape: x=torch.Size([49000, 1, 256]), y=torch.Size([49000, 1, 256])

Evaluating at resolution factor: 1
Resolution factor 1 - Relative L2 Loss: 0.000111

Evaluating at resolution factor: 2
Downsampled shapes: x=torch.Size([49000, 1, 128]), y=torch.Size([49000, 1, 128])
Resolution factor 2 - Relative L2 Loss: 0.000375

Evaluating at resolution factor: 4
Downsampled shapes: x=torch.Size([49000, 1, 64]), y=torch.Size([49000, 1, 64])
Resolution factor 4 - Relative L2 Loss: 0.000375

Evaluating at resolution factor: 8
Downsampled shapes: x=torch.Size([49000, 1, 32]), y=torch.Size([49000, 1, 32])
Resolution factor 8 - Relative L2 Loss: 0.000389

Evaluating at resolution factor: 16
Downsampled shapes: x=torch.Size([49000, 1, 16]), y=torch.Size([49000, 1, 16])
[1;34mwandb[0m: 
[1;34mwandb[0m: 🚀 View run [33mvocal-grass-45[0m at: [34mhttps://wandb.ai/rohanvk-carnegie-mellon-university/ffno1d/runs/5s907xnd[0m
[1;34mwandb[0m: Find logs at: [1;35mwandb/run-20250402_071501-5s907xnd/logs[0m
Job completed at Wed Apr  2 08:31:49 EDT 2025
