Job started on babel-6-17 at Sun Sep 14 10:19:08 PM EDT 2025
Job ID: 5460543
GPU information:
Sun Sep 14 22:19:08 2025       
+-----------------------------------------------------------------------------------------+
| NVIDIA-SMI 575.51.03              Driver Version: 575.51.03      CUDA Version: 12.9     |
|-----------------------------------------+------------------------+----------------------+
| GPU  Name                 Persistence-M | Bus-Id          Disp.A | Volatile Uncorr. ECC |
| Fan  Temp   Perf          Pwr:Usage/Cap |           Memory-Usage | GPU-Util  Compute M. |
|                                         |                        |               MIG M. |
|=========================================+========================+======================|
|   0  NVIDIA RTX A6000               On  |   00000000:81:00.0 Off |                  Off |
| 30%   34C    P8             38W /  300W |       1MiB /  49140MiB |      0%      Default |
|                                         |                        |                  N/A |
+-----------------------------------------+------------------------+----------------------+
|   1  NVIDIA RTX A6000               On  |   00000000:A1:00.0 Off |                  Off |
| 30%   33C    P8             33W /  300W |       1MiB /  49140MiB |      0%      Default |
|                                         |                        |                  N/A |
+-----------------------------------------+------------------------+----------------------+
                                                                                         
+-----------------------------------------------------------------------------------------+
| Processes:                                                                              |
|  GPU   GI   CI              PID   Type   Process name                        GPU Memory |
|        ID   ID                                                               Usage      |
|=========================================================================================|
|  No running processes found                                                             |
+-----------------------------------------------------------------------------------------+
CUDA devices:
CUDA_VISIBLE_DEVICES: 0,1
/home/rvk
Using device: cuda
[2025-09-14 22:19:19,884][root][INFO] - model:
  _target_: models.ffno.FFNO1D
  in_channels: 1
  out_channels: 1
  factor: 4
  n_modes: 64
  width: 128
  n_layers: 4
  ff_weight_norm: true
  n_ff_layers: 3
  layer_norm: true
  dropout: 0.2
  mode: full
  activation: gelu
  use_grid: true
dataset:
  dataset_params:
    _target_: dataloaders.burger_naive_true_multires.burger_true_multires_markov_dataset
    filename_pattern: 1D_Burgers_Sols_Nu*.hdf5
    saved_folder: /data/user_data/rvk/pdebench_gen/
    viscosity: 0.001
    reduced_batch: 1
    reduced_resolution_t: 1
    data_mres_size:
      1024: 300
      512: 0
      256: 0
      128: 0
    add_res:
    - 32
    - 64
    add_res_samples:
      64: 0
      32: 1700
    downsample_from_res: 128
    data_normalizer: true
    normalization_type: simple
    num_samples_max: -1
    eval_dataset_target: dataloaders.burger_naive_markov.burger_markov_dataset
    eval_filename: 1D_Burgers_Sols_Nu0.001.hdf5
    eval_saved_folder: /data/user_data/rvk/pdebench_gen/burgers_1024_0.001/
  resize_to_train: false
  evaluation_type: naive_downsample
  window_size: 15
  original_res: 1024
  max_test_resolution: 1024
  train_mres: true
  pde: burger
training:
  batch_size: 16
  epochs: 100
  learning_rate: 0.001
  use_normalizer: false
project_name: ${dataset.pde}_${hydra:runtime.choices.model}
checkpoint_dir: checkpoints

Project name: burger_ffno_1d/ffno_1d
Model name: models.ffno.FFNO1D
PDE Dataset: burger
This is True Multi-Resolution Training. Train Resolution is the highest data resolution in the multi-resolution data
---------------------
Creating true multi-resolution dataset from /data/user_data/rvk/pdebench_gen/
Viscosity: 0.001
Target samples per resolution (from files): {1024: 300, 512: 0, 256: 0, 128: 0}
Additional downsampled resolutions: [32, 64]
Target samples per downsampled resolution: {64: 0, 32: 1700}
Will downsample from resolution: 128
Loading multi-resolution data from /data/user_data/rvk/pdebench_gen/
Viscosity: 0.001
Target samples per resolution (from files): {1024: 300, 512: 0, 256: 0, 128: 0}
Additional downsampled resolutions: [32, 64]
Target samples per downsampled resolution: {64: 0, 32: 1700}
Will downsample from resolution: 128
Loading resolution 1024 from /data/user_data/rvk/pdebench_gen/burgers_1024_0.001/1D_Burgers_Sols_Nu0.001.hdf5
  Original data shape for 1024: (10000, 201, 1024)
  After time reduction: (10000, 201, 1024)
  Split 'train' data shape: (8000, 201, 1024)
  Subsampled to 240 samples for train split
  Added 47760 sample pairs from resolution 1024
Adding downsampled resolutions: [32, 64]
Adding downsampled data from /data/user_data/rvk/pdebench_gen/burgers_128_0.001/1D_Burgers_Sols_Nu0.001.hdf5
  Added 270640 downsampled samples at resolution 32
  No downsampled samples allocated for train split at resolution 64
Total samples loaded: 318400
Resolution distribution:
  1024_file: 47760 samples
  32_downsampled: 270640 samples
Sample x shapes: [(1, 1024), (1, 1024), (1, 1024)]
Sample y shapes: [(1, 1024), (1, 1024), (1, 1024)]
Loading multi-resolution data from /data/user_data/rvk/pdebench_gen/
Viscosity: 0.001
Target samples per resolution (from files): {1024: 300, 512: 0, 256: 0, 128: 0}
Additional downsampled resolutions: [32, 64]
Target samples per downsampled resolution: {64: 0, 32: 1700}
Will downsample from resolution: 128
Loading resolution 1024 from /data/user_data/rvk/pdebench_gen/burgers_1024_0.001/1D_Burgers_Sols_Nu0.001.hdf5
  Original data shape for 1024: (10000, 201, 1024)
  After time reduction: (10000, 201, 1024)
  Split 'val' data shape: (1000, 201, 1024)
  Subsampled to 30 samples for val split
  Added 5970 sample pairs from resolution 1024
Adding downsampled resolutions: [32, 64]
Adding downsampled data from /data/user_data/rvk/pdebench_gen/burgers_128_0.001/1D_Burgers_Sols_Nu0.001.hdf5
  Added 33830 downsampled samples at resolution 32
  No downsampled samples allocated for val split at resolution 64
Total samples loaded: 39800
Resolution distribution:
  1024_file: 5970 samples
  32_downsampled: 33830 samples
Sample x shapes: [(1, 1024), (1, 1024), (1, 1024)]
Sample y shapes: [(1, 1024), (1, 1024), (1, 1024)]
Loading multi-resolution data from /data/user_data/rvk/pdebench_gen/
Viscosity: 0.001
Target samples per resolution (from files): {1024: 300, 512: 0, 256: 0, 128: 0}
Additional downsampled resolutions: [32, 64]
Target samples per downsampled resolution: {64: 0, 32: 1700}
Will downsample from resolution: 128
Loading resolution 1024 from /data/user_data/rvk/pdebench_gen/burgers_1024_0.001/1D_Burgers_Sols_Nu0.001.hdf5
  Original data shape for 1024: (10000, 201, 1024)
  After time reduction: (10000, 201, 1024)
  Split 'test' data shape: (1000, 201, 1024)
  Subsampled to 30 samples for test split
  Added 5970 sample pairs from resolution 1024
Adding downsampled resolutions: [32, 64]
Adding downsampled data from /data/user_data/rvk/pdebench_gen/burgers_128_0.001/1D_Burgers_Sols_Nu0.001.hdf5
  Added 33830 downsampled samples at resolution 32
  No downsampled samples allocated for test split at resolution 64
Total samples loaded: 39800
Resolution distribution:
  1024_file: 5970 samples
  32_downsampled: 33830 samples
Sample x shapes: [(1, 1024), (1, 1024), (1, 1024)]
Sample y shapes: [(1, 1024), (1, 1024), (1, 1024)]
---------Using simple global normalization---------------
Global statistics: X(mean=-0.014553, std=0.627781), Y(mean=-0.014553, std=0.626764)

Final dataset sizes:
Train dataset size: 318400
Validation dataset size: 39800
Test dataset size: 39800
<dataloaders.burger_naive_true_multires.burger_true_multires_markov_dataset.<locals>.SimpleNormalizedDataset object at 0x152bf0c442d0>
Created resolution groups:
  Resolution 1024: 47760 samples
  Resolution 32: 270640 samples
Created resolution groups:
  Resolution 1024: 5970 samples
  Resolution 32: 33830 samples
Created resolution groups:
  Resolution 1024: 5970 samples
  Resolution 32: 33830 samples
<class 'torch.Tensor'> 0.3171809911727905 0.3170853555202484 1.0706714391708374 1.0708504915237427
FFNO1D(
  (in_proj): WNLinear(in_features=1, out_features=128, bias=True)
  (fourier_layers): ModuleList(
    (0-3): 4 x FSpectralConv1d(
      (fourier_weight): ParameterList(  (0): Parameter containing: [torch.float32 of size 128x128x64x2 (cuda:0)])
      (backcast_ff): FeedForward(
        (layers): ModuleList(
          (0): Sequential(
            (0): Linear(in_features=128, out_features=512, bias=True)
            (1): Dropout(p=0.2, inplace=False)
            (2): GELU(approximate='none')
            (3): Identity()
          )
          (1): Sequential(
            (0): Linear(in_features=512, out_features=512, bias=True)
            (1): Dropout(p=0.2, inplace=False)
            (2): GELU(approximate='none')
            (3): Identity()
          )
          (2): Sequential(
            (0): Linear(in_features=512, out_features=128, bias=True)
            (1): Dropout(p=0.2, inplace=False)
            (2): Identity()
            (3): LayerNorm((128,), eps=1e-05, elementwise_affine=True)
          )
        )
      )
    )
  )
  (out_proj): WNLinear(in_features=128, out_features=1, bias=True)
)
Total Model Parameters: 9.97M
Trainable Parameters: 9.97M
Epoch 0, Train Loss: 0.02508469, Val Loss: 0.00980066
Epoch 10, Train Loss: 0.00558831, Val Loss: 0.00450195
Epoch 20, Train Loss: 0.00472848, Val Loss: 0.00451454
Epoch 30, Train Loss: 0.00423223, Val Loss: 0.00443406
Epoch 40, Train Loss: 0.00383576, Val Loss: 0.00424604
Epoch 50, Train Loss: 0.00344921, Val Loss: 0.00407446
Epoch 60, Train Loss: 0.00311895, Val Loss: 0.00345796
Epoch 70, Train Loss: 0.00284477, Val Loss: 0.00351769
Epoch 80, Train Loss: 0.00264571, Val Loss: 0.00341663
Epoch 90, Train Loss: 0.00252077, Val Loss: 0.00320846
Test L2 Loss: 0.003134
Model saved to checkpoints/ffno1d/burger_5460543.pt
Created/verified figures directory: figures/5460543
Evaluating BURGER model at multiple resolutions
Using normalizer from training resolution 1024
Testing resolutions: [32, 64, 128, 256, 512, 1024]
Loading from file: /data/user_data/rvk/pdebench_gen/burgers_1024_0.001/1D_Burgers_Sols_Nu0.001.hdf5
(10000, 201, 1024)
After downsampling data shape: (10000, 201, 32)
Total data shape: (10000, 201, 32)
x shape: (1990000, 1, 32)
y shape: (1990000, 1, 32)
grid shape: torch.Size([32, 1])
Train dataset size: 1592000
Validation dataset size: 199000
Test dataset size: 199000
Selected random indices for plotting: [28405, 71944, 63764, 129824, 125092, 121390, 28225, 116570, 43842, 95279]
Collected 10 examples for resolution 32
Resolution 32 (downsample factor: 32) - Relative L2 Loss: 0.025121
Memory cleaned after resolution 32


Loading from file: /data/user_data/rvk/pdebench_gen/burgers_1024_0.001/1D_Burgers_Sols_Nu0.001.hdf5
(10000, 201, 1024)
After downsampling data shape: (10000, 201, 64)
Total data shape: (10000, 201, 64)
x shape: (1990000, 1, 64)
y shape: (1990000, 1, 64)
grid shape: torch.Size([64, 1])
Train dataset size: 1592000
Validation dataset size: 199000
Test dataset size: 199000
Collected 10 examples for resolution 64
Resolution 64 (downsample factor: 16) - Relative L2 Loss: 0.025081
Memory cleaned after resolution 64


Loading from file: /data/user_data/rvk/pdebench_gen/burgers_1024_0.001/1D_Burgers_Sols_Nu0.001.hdf5
(10000, 201, 1024)
After downsampling data shape: (10000, 201, 128)
Total data shape: (10000, 201, 128)
x shape: (1990000, 1, 128)
y shape: (1990000, 1, 128)
grid shape: torch.Size([128, 1])
Train dataset size: 1592000
Validation dataset size: 199000
Test dataset size: 199000
Collected 10 examples for resolution 128
Resolution 128 (downsample factor: 8) - Relative L2 Loss: 0.013432
Memory cleaned after resolution 128


Loading from file: /data/user_data/rvk/pdebench_gen/burgers_1024_0.001/1D_Burgers_Sols_Nu0.001.hdf5
(10000, 201, 1024)
After downsampling data shape: (10000, 201, 256)
Total data shape: (10000, 201, 256)
x shape: (1990000, 1, 256)
y shape: (1990000, 1, 256)
grid shape: torch.Size([256, 1])
Train dataset size: 1592000
Validation dataset size: 199000
Test dataset size: 199000
Collected 10 examples for resolution 256
Resolution 256 (downsample factor: 4) - Relative L2 Loss: 0.004740
Memory cleaned after resolution 256


Loading from file: /data/user_data/rvk/pdebench_gen/burgers_1024_0.001/1D_Burgers_Sols_Nu0.001.hdf5
(10000, 201, 1024)
After downsampling data shape: (10000, 201, 512)
Total data shape: (10000, 201, 512)
x shape: (1990000, 1, 512)
y shape: (1990000, 1, 512)
grid shape: torch.Size([512, 1])
Train dataset size: 1592000
Validation dataset size: 199000
Test dataset size: 199000
Collected 10 examples for resolution 512
Resolution 512 (downsample factor: 2) - Relative L2 Loss: 0.003160
Memory cleaned after resolution 512


Loading from file: /data/user_data/rvk/pdebench_gen/burgers_1024_0.001/1D_Burgers_Sols_Nu0.001.hdf5
(10000, 201, 1024)
After downsampling data shape: (10000, 201, 1024)
Total data shape: (10000, 201, 1024)
x shape: (1990000, 1, 1024)
y shape: (1990000, 1, 1024)
grid shape: torch.Size([1024, 1])
Train dataset size: 1592000
Validation dataset size: 199000
Test dataset size: 199000
Collected 10 examples for resolution 1024
Resolution 1024 (downsample factor: 1) - Relative L2 Loss: 0.003077
Memory cleaned after resolution 1024


Creating prediction vs target plots...
Saved prediction plot: figures/5460543/prediction_plots/burger_predictions_vs_targets_10_examples.png
Saved numerical results: figures/5460543/burger_1d_evaluation_results_20250915_030811.csv
Saved summary: figures/5460543/burger_1d_evaluation_summary_20250915_030811.txt

==================================================
BURGER EVALUATION SUMMARY
==================================================
Resolution  32: 0.025121
Resolution  64: 0.025081
Resolution 128: 0.013432
Resolution 256: 0.004740
Resolution 512: 0.003160
Resolution 1024: 0.003077

Summary of Super-Resolution Evaluation:
Resolution factor 32: Relative L2 Loss = 0.025121
Resolution factor 64: Relative L2 Loss = 0.025081
Resolution factor 128: Relative L2 Loss = 0.013432
Resolution factor 256: Relative L2 Loss = 0.004740
Resolution factor 512: Relative L2 Loss = 0.003160
Resolution factor 1024: Relative L2 Loss = 0.003077

Evaluation plots saved to: figures/5460543
Wandb run: https://wandb.ai/rohanvk-carnegie-mellon-university/ffno1d/runs/k1jclyiw
Job completed at Mon Sep 15 03:08:16 AM EDT 2025
