Job started on babel-3-5 at Thu Mar 27 21:40:51 EDT 2025
Job ID: 4467140
Using device: cuda
[2025-03-27 21:40:58,779][root][INFO] - model:
  _target_: models.ffno.FFNO1D
  in_channels: 1
  out_channels: 1
  width: 32
  n_modes: 16
  factor: 4
  n_layers: 4
  ff_weight_norm: true
  n_ff_layers: 2
  layer_norm: false
  grid: null
  dropout: 0.0
  mode: full
dataset:
  reduced_batch: 1
  reduced_resolution: 1
  reduced_resolution_t: 1
  pde: burger_0.1
  data_path1: data/pdebench/1D_Burgers_Sols_Nu0.1.hdf5
training:
  batch_size: 64
  epochs: 100
  learning_rate: 0.001
  use_normalizer: false
project_name: ${dataset.pde}_${hydra:runtime.choices.model}
checkpoint_dir: checkpoints

Project name: burger_0.1_ffno_1d/ffno_1d
Model name: models.ffno.FFNO1D
PDE Dataset: burger_0.1
Loading from file: /home/rvk/data/pdebench/1D_Burgers_Sols_Nu0.1.hdf5
(10000, 201, 1024)
Total data shape: (10000, 201, 1024)
x shape: (1990000, 1, 1024)
y shape: (1990000, 1, 1024)
grid shape: torch.Size([1024, 1])
---------Using data normalizer---------------
Train dataset size: 1592000
Validation dataset size: 199000
Test dataset size: 199000
<class 'torch.Tensor'> 0.10544848442077637 0.10560177266597748 1.009811282157898 1.0092118978500366
Sample Input shape: torch.Size([64, 1, 1024])
Sample Output shape: torch.Size([64, 1, 1024])
FFNO1D(
  (in_proj): WNLinear(in_features=2, out_features=32, bias=True)
  (fourier_layers): ModuleList(
    (0-3): 4 x FSpectralConv1d(
      (fourier_weight): ParameterList(  (0): Parameter containing: [torch.float32 of size 32x32x16x2 (cuda:0)])
      (backcast_ff): FeedForward(
        (layers): ModuleList(
          (0): Sequential(
            (0): Linear(in_features=32, out_features=128, bias=True)
            (1): Dropout(p=0.0, inplace=False)
            (2): GELU(approximate='none')
            (3): Identity()
          )
          (1): Sequential(
            (0): Linear(in_features=128, out_features=32, bias=True)
            (1): Dropout(p=0.0, inplace=False)
            (2): Identity()
            (3): Identity()
          )
        )
      )
      (act): Identity()
    )
  )
  (out_proj): WNLinear(in_features=32, out_features=1, bias=True)
)
Epoch 0, Train Loss: 0.01234608, Val Loss: 0.00689711
Epoch 10, Train Loss: 0.00221572, Val Loss: 0.00061887
Epoch 20, Train Loss: 0.00162445, Val Loss: 0.00223514
Epoch 30, Train Loss: 0.00130402, Val Loss: 0.00102755
Epoch 40, Train Loss: 0.00103344, Val Loss: 0.00082792
Epoch 50, Train Loss: 0.00078394, Val Loss: 0.00112598
Epoch 60, Train Loss: 0.00053661, Val Loss: 0.00034438
Epoch 70, Train Loss: 0.00032330, Val Loss: 0.00113967
Epoch 80, Train Loss: 0.00016445, Val Loss: 0.00009079
Epoch 90, Train Loss: 0.00008085, Val Loss: 0.00010819
Test L2 Loss: 0.000058
-----Visualizing Saved------
Figure saved to output_logs/predictions/burger_0.1_fno_4467140_predictions.png
Original test data shape: x=torch.Size([199000, 1, 1024]), y=torch.Size([199000, 1, 1024])

Evaluating at resolution factor: 1
Resolution factor 1 - Relative L2 Loss: 0.000058

Evaluating at resolution factor: 2
Downsampled shapes: x=torch.Size([199000, 1, 512]), y=torch.Size([199000, 1, 512])
Resolution factor 2 - Relative L2 Loss: 0.000181

Evaluating at resolution factor: 4
Downsampled shapes: x=torch.Size([199000, 1, 256]), y=torch.Size([199000, 1, 256])
Resolution factor 4 - Relative L2 Loss: 0.000180

Evaluating at resolution factor: 8
Downsampled shapes: x=torch.Size([199000, 1, 128]), y=torch.Size([199000, 1, 128])
Resolution factor 8 - Relative L2 Loss: 0.000180

Evaluating at resolution factor: 16
Downsampled shapes: x=torch.Size([199000, 1, 64]), y=torch.Size([199000, 1, 64])
Resolution factor 16 - Relative L2 Loss: 0.000181

Evaluating at resolution factor: 32
Downsampled shapes: x=torch.Size([199000, 1, 32]), y=torch.Size([199000, 1, 32])
Resolution factor 32 - Relative L2 Loss: 0.000188

Summary of Super-Resolution Evaluation:
Resolution factor 1: Relative L2 Loss = 0.000058
Resolution factor 2: Relative L2 Loss = 0.000181
Resolution factor 4: Relative L2 Loss = 0.000180
Resolution factor 8: Relative L2 Loss = 0.000180
Resolution factor 16: Relative L2 Loss = 0.000181
Resolution factor 32: Relative L2 Loss = 0.000188
Model saved to checkpoints/ffno1d/burger_0.1_4467140.pt
[1;34mwandb[0m: 
[1;34mwandb[0m: 🚀 View run [33mabsurd-wind-25[0m at: [34mhttps://wandb.ai/rohanvk-carnegie-mellon-university/ffno1d/runs/3ii8g8ej[0m
[1;34mwandb[0m: Find logs at: [1;35mwandb/run-20250327_214149-3ii8g8ej/logs[0m
Job completed at Fri Mar 28 05:02:44 EDT 2025
