Job started on babel-3-21 at Wed Apr 23 14:15:52 EDT 2025
Job ID: 4630442
Using device: cuda
[2025-04-23 14:15:55,402][root][INFO] - model:
  _target_: models.s4_1d.S4Model
  d_input: 15
  d_output: 1
  d_model: 64
  n_layers: 4
  dropout: 0.2
  prenorm: false
dataset:
  reduced_batch: 4
  reduced_resolution: 32
  reduced_resolution_t: 1
  window_size: 15
  original_res: 1024
  pde: burger_2.0
  data_path1: data/pdebench/1D_Burgers_Sols_Nu2.0.hdf5
training:
  batch_size: 64
  epochs: 100
  learning_rate: 0.001
  use_normalizer: false
project_name: ${dataset.pde}_${hydra:runtime.choices.model}
checkpoint_dir: checkpoints

Project name: burger_2.0_s4_1d/s4_1d
Model name: models.s4_1d.S4Model
PDE Dataset: burger_2.0
Loading from file: /home/rvk/data/pdebench/1D_Burgers_Sols_Nu2.0.hdf5
(10000, 201, 1024)
Total data shape: (2500, 201, 32)
x shape: (465000, 15, 32)
y shape: (465000, 1, 32)
grid shape: torch.Size([32, 1])
---------Using data normalizer---------------
Train dataset size: 372000
Validation dataset size: 46500
Test dataset size: 46500
<class 'torch.Tensor'> 0.04480544105172157 0.04482026770710945 0.9791237711906433 0.979644238948822
Sample Input shape: torch.Size([64, 15, 32])
Sample Output shape: torch.Size([64, 1, 32])
[2025-04-23 14:16:16,721][models.s4][WARNING] - CUDA extension for structured kernels (Cauchy and Vandermonde multiplication) not found. Install by going to extensions/kernels/ and running `python setup.py install`, for improved speed and memory efficiency. Note that the kernel changed for state-spaces 4.0 and must be recompiled.
[2025-04-23 14:16:16,721][models.s4][WARNING] - Falling back on slow Cauchy and Vandermonde kernel. Install at least one of pykeops or the CUDA extension for better speed and memory efficiency.
[2025-04-23 14:16:16,745][models.s4][INFO] - Constructing S4 (H, N, L) = (64, 32, None)
[2025-04-23 14:16:16,766][models.s4][INFO] - Constructing S4 (H, N, L) = (64, 32, None)
[2025-04-23 14:16:16,785][models.s4][INFO] - Constructing S4 (H, N, L) = (64, 32, None)
[2025-04-23 14:16:17,001][models.s4][INFO] - Constructing S4 (H, N, L) = (64, 32, None)
S4Model(
  (encoder): Linear(in_features=16, out_features=64, bias=True)
  (s4_layers): ModuleList(
    (0-3): 4 x S4Block(
      (layer): FFTConv(
        (activation): GELU(approximate='none')
        (kernel): SSMKernelDPLR()
        (drop): Dropout(p=0.2, inplace=False)
        (drop_kernel): Identity()
      )
      (mult_activation): Identity()
      (drop): Dropout(p=0.2, inplace=False)
      (output_linear): Sequential(
        (0): Linear(in_features=64, out_features=128, bias=True)
        (1): GLU(dim=-1)
      )
      (residual_layer): ZeroLayer()
    )
  )
  (norms): ModuleList(
    (0-3): 4 x LayerNorm((64,), eps=1e-05, elementwise_affine=True)
  )
  (dropouts): ModuleList(
    (0-3): 4 x Dropout(p=0.2, inplace=False)
  )
  (decoder): Linear(in_features=64, out_features=1, bias=True)
)
[2025-04-23 14:16:25,044][models.s4][INFO] - S4: Initializing kernel to length 32
[2025-04-23 14:16:25,157][models.s4][INFO] - S4: Initializing kernel to length 32
[2025-04-23 14:16:25,162][models.s4][INFO] - S4: Initializing kernel to length 32
[2025-04-23 14:16:25,166][models.s4][INFO] - S4: Initializing kernel to length 32
Epoch 0, Train Loss: 0.03594731, Val Loss: 0.00376674
Epoch 10, Train Loss: 0.00492232, Val Loss: 0.00374181
Epoch 20, Train Loss: 0.00430747, Val Loss: 0.00266523
Epoch 30, Train Loss: 0.00393290, Val Loss: 0.00212661
Epoch 40, Train Loss: 0.00318922, Val Loss: 0.01245124
Epoch 50, Train Loss: 0.00223825, Val Loss: 0.00243104
Epoch 60, Train Loss: 0.00156696, Val Loss: 0.00585682
Epoch 70, Train Loss: 0.00103676, Val Loss: 0.00035494
Epoch 80, Train Loss: 0.00047322, Val Loss: 0.00032571
Epoch 90, Train Loss: 0.00016540, Val Loss: 0.00006994
Test L2 Loss: 0.000050
-----Visualizing Saved------
Figure saved to output_logs/predictions/burger_2.0_fno_4630442_predictions.png
Model saved to checkpoints/s4model/burger_2.0_4630442.pt
Original test data shape: x=torch.Size([46500, 15, 32]), y=torch.Size([46500, 1, 32])

Evaluating at resolution factor: 1
Resolution factor 1 - Relative L2 Loss: 0.000050

Evaluating at resolution factor: 2
Downsampled shapes: x=torch.Size([46500, 15, 16]), y=torch.Size([46500, 1, 16])
Resolution factor 2 - Relative L2 Loss: 0.001696

Evaluating at resolution factor: 4
Downsampled shapes: x=torch.Size([46500, 15, 8]), y=torch.Size([46500, 1, 8])
Resolution factor 4 - Relative L2 Loss: 0.005250

Evaluating at resolution factor: 8
Downsampled shapes: x=torch.Size([46500, 15, 4]), y=torch.Size([46500, 1, 4])
Resolution factor 8 - Relative L2 Loss: 0.007212

Evaluating at resolution factor: 16
Downsampled shapes: x=torch.Size([46500, 15, 2]), y=torch.Size([46500, 1, 2])
Resolution factor 16 - Relative L2 Loss: 0.006488

Evaluating at resolution factor: 32
Downsampled shapes: x=torch.Size([46500, 15, 1]), y=torch.Size([46500, 1, 1])
Resolution factor 32 - Relative L2 Loss: 0.008182
Loading from file: /home/rvk/data/pdebench/1D_Burgers_Sols_Nu2.0.hdf5
(10000, 201, 1024)
Total data shape: (2500, 201, 1024)
x shape: (465000, 15, 1024)
y shape: (465000, 1, 1024)
grid shape: torch.Size([1024, 1])
---------Using data normalizer---------------
Train dataset size: 372000
Validation dataset size: 46500
Test dataset size: 46500
Original test data shape: x=torch.Size([46500, 15, 1024]), y=torch.Size([46500, 1, 1024])
Testing resolutions: [64, 128, 256, 512, 1024]

Evaluating at resolution: 64
Downsampled shapes: x=torch.Size([46500, 15, 64]), y=torch.Size([46500, 1, 64])
[2025-04-23 17:12:18,152][models.s4][INFO] - S4: Doubling length from L = 32 to 64
[2025-04-23 17:12:18,163][models.s4][INFO] - S4: Doubling length from L = 32 to 64
[2025-04-23 17:12:18,167][models.s4][INFO] - S4: Doubling length from L = 32 to 64
[2025-04-23 17:12:18,170][models.s4][INFO] - S4: Doubling length from L = 32 to 64
Resolution 64 - Relative L2 Loss: 0.015530

Evaluating at resolution: 128
Downsampled shapes: x=torch.Size([46500, 15, 128]), y=torch.Size([46500, 1, 128])
[2025-04-23 17:12:22,577][models.s4][INFO] - S4: Doubling length from L = 64 to 128
[2025-04-23 17:12:22,586][models.s4][INFO] - S4: Doubling length from L = 64 to 128
[2025-04-23 17:12:22,590][models.s4][INFO] - S4: Doubling length from L = 64 to 128
[2025-04-23 17:12:22,593][models.s4][INFO] - S4: Doubling length from L = 64 to 128
Resolution 128 - Relative L2 Loss: 0.069343

Evaluating at resolution: 256
Downsampled shapes: x=torch.Size([46500, 15, 256]), y=torch.Size([46500, 1, 256])
[2025-04-23 17:12:27,372][models.s4][INFO] - S4: Doubling length from L = 128 to 256
[2025-04-23 17:12:27,380][models.s4][INFO] - S4: Doubling length from L = 128 to 256
[2025-04-23 17:12:27,384][models.s4][INFO] - S4: Doubling length from L = 128 to 256
[2025-04-23 17:12:27,387][models.s4][INFO] - S4: Doubling length from L = 128 to 256
Resolution 256 - Relative L2 Loss: 0.209483

Evaluating at resolution: 512
Downsampled shapes: x=torch.Size([46500, 15, 512]), y=torch.Size([46500, 1, 512])
[2025-04-23 17:12:33,342][models.s4][INFO] - S4: Doubling length from L = 256 to 512
[2025-04-23 17:12:33,354][models.s4][INFO] - S4: Doubling length from L = 256 to 512
[2025-04-23 17:12:33,358][models.s4][INFO] - S4: Doubling length from L = 256 to 512
[2025-04-23 17:12:33,361][models.s4][INFO] - S4: Doubling length from L = 256 to 512
Resolution 512 - Relative L2 Loss: 0.969209

Evaluating at resolution: 1024
Downsampled shapes: x=torch.Size([46500, 15, 1024]), y=torch.Size([46500, 1, 1024])
[2025-04-23 17:12:41,931][models.s4][INFO] - S4: Doubling length from L = 512 to 1024
[2025-04-23 17:12:41,942][models.s4][INFO] - S4: Doubling length from L = 512 to 1024
[2025-04-23 17:12:41,947][models.s4][INFO] - S4: Doubling length from L = 512 to 1024
[2025-04-23 17:12:41,952][models.s4][INFO] - S4: Doubling length from L = 512 to 1024
Resolution 1024 - Relative L2 Loss: 26.074244

Summary of Super-Resolution Evaluation:
Resolution factor 1: Relative L2 Loss = 0.000050
Resolution factor 2: Relative L2 Loss = 0.001696
Resolution factor 4: Relative L2 Loss = 0.005250
Resolution factor 8: Relative L2 Loss = 0.007212
Resolution factor 16: Relative L2 Loss = 0.006488
Resolution factor 32: Relative L2 Loss = 0.008182

Summary of Higher-Resolution Evaluation:
Resolution 64: Relative L2 Loss = 0.015530
Resolution 128: Relative L2 Loss = 0.069343
Resolution 256: Relative L2 Loss = 0.209483
Resolution 512: Relative L2 Loss = 0.969209
Resolution 1024: Relative L2 Loss = 26.074244
Job completed at Wed Apr 23 17:13:00 EDT 2025
