Job started on babel-8-34 at Wed Aug 27 13:57:02 EDT 2025
Job ID: 5404385
GPU information:
Wed Aug 27 13:57:02 2025       
+-----------------------------------------------------------------------------------------+
| NVIDIA-SMI 575.51.03              Driver Version: 575.51.03      CUDA Version: 12.9     |
|-----------------------------------------+------------------------+----------------------+
| GPU  Name                 Persistence-M | Bus-Id          Disp.A | Volatile Uncorr. ECC |
| Fan  Temp   Perf          Pwr:Usage/Cap |           Memory-Usage | GPU-Util  Compute M. |
|                                         |                        |               MIG M. |
|=========================================+========================+======================|
|   0  NVIDIA L40S                    On  |   00000000:21:00.0 Off |                    0 |
| N/A   37C    P8             23W /  280W |       0MiB /  46068MiB |      0%      Default |
|                                         |                        |                  N/A |
+-----------------------------------------+------------------------+----------------------+
|   1  NVIDIA L40S                    On  |   00000000:E1:00.0 Off |                    0 |
| N/A   36C    P8             34W /  280W |       0MiB /  46068MiB |      0%      Default |
|                                         |                        |                  N/A |
+-----------------------------------------+------------------------+----------------------+
                                                                                         
+-----------------------------------------------------------------------------------------+
| Processes:                                                                              |
|  GPU   GI   CI              PID   Type   Process name                        GPU Memory |
|        ID   ID                                                               Usage      |
|=========================================================================================|
|  No running processes found                                                             |
+-----------------------------------------------------------------------------------------+
CUDA devices:
CUDA_VISIBLE_DEVICES: 0,1
/home/rvk
Using device: cuda
[2025-08-27 13:58:21,602][root][INFO] - model:
  _target_: models.ffno.FFNO1D
  in_channels: 1
  out_channels: 1
  factor: 4
  n_modes: 16
  width: 128
  n_layers: 4
  ff_weight_norm: true
  n_ff_layers: 3
  layer_norm: true
  dropout: 0.1
  mode: full
  activation: gelu
  use_grid: true
dataset:
  dataset_params:
    _target_: dataloaders.burger_naive_true_multires.burger_true_multires_markov_dataset
    filename_pattern: 1D_Burgers_Sols_Nu*.hdf5
    saved_folder: /data/user_data/rvk/pdebench_gen/
    viscosity: 0.001
    reduced_batch: 1
    reduced_resolution_t: 1
    data_mres_size:
      1024: 150
      512: 150
      256: 1200
      128: 1200
    add_res:
    - 32
    - 64
    add_res_samples:
      64: 150
      32: 150
    data_normalizer: true
    normalization_type: simple
    num_samples_max: -1
    eval_dataset_target: dataloaders.burger_naive_markov.burger_markov_dataset
    eval_filename: 1D_Burgers_Sols_Nu0.001.hdf5
    eval_saved_folder: /data/user_data/rvk/pdebench_gen/burgers_1024_0.001/
  resize_to_train: false
  evaluation_type: naive_downsample
  window_size: 15
  original_res: 1024
  max_test_resolution: 1024
  train_mres: true
  pde: burger
training:
  batch_size: 64
  epochs: 100
  learning_rate: 0.001
  use_normalizer: false
project_name: ${dataset.pde}_${hydra:runtime.choices.model}
checkpoint_dir: checkpoints

Project name: burger_ffno_1d/ffno_1d
Model name: models.ffno.FFNO1D
PDE Dataset: burger
This is True Multi-Resolution Training. Train Resolution is the highest data resolution in the multi-resolution data
---------------------
Creating true multi-resolution dataset from /data/user_data/rvk/pdebench_gen/
Viscosity: 0.001
Target samples per resolution (from files): {1024: 150, 512: 150, 256: 1200, 128: 1200}
Additional downsampled resolutions: [32, 64]
Target samples per downsampled resolution: {64: 150, 32: 150}
Loading multi-resolution data from /data/user_data/rvk/pdebench_gen/
Viscosity: 0.001
Target samples per resolution (from files): {1024: 150, 512: 150, 256: 1200, 128: 1200}
Additional downsampled resolutions: [32, 64]
Target samples per downsampled resolution: {64: 150, 32: 150}
Loading resolution 1024 from /data/user_data/rvk/pdebench_gen/burgers_1024_0.001/1D_Burgers_Sols_Nu0.001.hdf5
  Original data shape for 1024: (10000, 201, 1024)
  After time reduction: (10000, 201, 1024)
  Selected 120 samples for train split
  Added 23880 sample pairs from resolution 1024
Loading resolution 512 from /data/user_data/rvk/pdebench_gen/burgers_512_0.001/1D_Burgers_Sols_Nu0.001.hdf5
  Original data shape for 512: (10000, 201, 512)
  After time reduction: (10000, 201, 512)
  Selected 120 samples for train split
  Added 23880 sample pairs from resolution 512
Loading resolution 256 from /data/user_data/rvk/pdebench_gen/burgers_256_0.001/1D_Burgers_Sols_Nu0.001.hdf5
  Original data shape for 256: (10000, 201, 256)
  After time reduction: (10000, 201, 256)
  Selected 960 samples for train split
  Added 191040 sample pairs from resolution 256
Loading resolution 128 from /data/user_data/rvk/pdebench_gen/burgers_128_0.001/1D_Burgers_Sols_Nu0.001.hdf5
  Original data shape for 128: (10000, 201, 128)
  After time reduction: (10000, 201, 128)
  Selected 960 samples for train split
  Added 191040 sample pairs from resolution 128
Adding downsampled resolutions: [32, 64]
Adding downsampled data from /data/user_data/rvk/pdebench_gen/burgers_1024_0.001/1D_Burgers_Sols_Nu0.001.hdf5
  Added 23880 downsampled samples at resolution 32
  Added 23880 downsampled samples at resolution 64
Total samples loaded: 477600
Resolution distribution:
  1024_file: 23880 samples
  128_file: 191040 samples
  256_file: 191040 samples
  32_downsampled: 23880 samples
  512_file: 23880 samples
  64_downsampled: 23880 samples
Sample x shapes: [(1, 1024), (1, 1024), (1, 1024)]
Sample y shapes: [(1, 1024), (1, 1024), (1, 1024)]
Loading multi-resolution data from /data/user_data/rvk/pdebench_gen/
Viscosity: 0.001
Target samples per resolution (from files): {1024: 150, 512: 150, 256: 1200, 128: 1200}
Additional downsampled resolutions: [32, 64]
Target samples per downsampled resolution: {64: 150, 32: 150}
Loading resolution 1024 from /data/user_data/rvk/pdebench_gen/burgers_1024_0.001/1D_Burgers_Sols_Nu0.001.hdf5
  Original data shape for 1024: (10000, 201, 1024)
  After time reduction: (10000, 201, 1024)
  Selected 15 samples for val split
  Added 2985 sample pairs from resolution 1024
Loading resolution 512 from /data/user_data/rvk/pdebench_gen/burgers_512_0.001/1D_Burgers_Sols_Nu0.001.hdf5
  Original data shape for 512: (10000, 201, 512)
  After time reduction: (10000, 201, 512)
  Selected 15 samples for val split
  Added 2985 sample pairs from resolution 512
Loading resolution 256 from /data/user_data/rvk/pdebench_gen/burgers_256_0.001/1D_Burgers_Sols_Nu0.001.hdf5
  Original data shape for 256: (10000, 201, 256)
  After time reduction: (10000, 201, 256)
  Selected 120 samples for val split
  Added 23880 sample pairs from resolution 256
Loading resolution 128 from /data/user_data/rvk/pdebench_gen/burgers_128_0.001/1D_Burgers_Sols_Nu0.001.hdf5
  Original data shape for 128: (10000, 201, 128)
  After time reduction: (10000, 201, 128)
  Selected 120 samples for val split
  Added 23880 sample pairs from resolution 128
Adding downsampled resolutions: [32, 64]
Adding downsampled data from /data/user_data/rvk/pdebench_gen/burgers_1024_0.001/1D_Burgers_Sols_Nu0.001.hdf5
  Added 2985 downsampled samples at resolution 32
  Added 2985 downsampled samples at resolution 64
Total samples loaded: 59700
Resolution distribution:
  1024_file: 2985 samples
  128_file: 23880 samples
  256_file: 23880 samples
  32_downsampled: 2985 samples
  512_file: 2985 samples
  64_downsampled: 2985 samples
Sample x shapes: [(1, 1024), (1, 1024), (1, 1024)]
Sample y shapes: [(1, 1024), (1, 1024), (1, 1024)]
Loading multi-resolution data from /data/user_data/rvk/pdebench_gen/
Viscosity: 0.001
Target samples per resolution (from files): {1024: 150, 512: 150, 256: 1200, 128: 1200}
Additional downsampled resolutions: [32, 64]
Target samples per downsampled resolution: {64: 150, 32: 150}
Loading resolution 1024 from /data/user_data/rvk/pdebench_gen/burgers_1024_0.001/1D_Burgers_Sols_Nu0.001.hdf5
  Original data shape for 1024: (10000, 201, 1024)
  After time reduction: (10000, 201, 1024)
  Selected 15 samples for test split
  Added 2985 sample pairs from resolution 1024
Loading resolution 512 from /data/user_data/rvk/pdebench_gen/burgers_512_0.001/1D_Burgers_Sols_Nu0.001.hdf5
  Original data shape for 512: (10000, 201, 512)
  After time reduction: (10000, 201, 512)
  Selected 15 samples for test split
  Added 2985 sample pairs from resolution 512
Loading resolution 256 from /data/user_data/rvk/pdebench_gen/burgers_256_0.001/1D_Burgers_Sols_Nu0.001.hdf5
  Original data shape for 256: (10000, 201, 256)
  After time reduction: (10000, 201, 256)
  Selected 120 samples for test split
  Added 23880 sample pairs from resolution 256
Loading resolution 128 from /data/user_data/rvk/pdebench_gen/burgers_128_0.001/1D_Burgers_Sols_Nu0.001.hdf5
  Original data shape for 128: (10000, 201, 128)
  After time reduction: (10000, 201, 128)
  Selected 120 samples for test split
  Added 23880 sample pairs from resolution 128
Adding downsampled resolutions: [32, 64]
Adding downsampled data from /data/user_data/rvk/pdebench_gen/burgers_1024_0.001/1D_Burgers_Sols_Nu0.001.hdf5
  Added 2985 downsampled samples at resolution 32
  Added 2985 downsampled samples at resolution 64
Total samples loaded: 59700
Resolution distribution:
  1024_file: 2985 samples
  128_file: 23880 samples
  256_file: 23880 samples
  32_downsampled: 2985 samples
  512_file: 2985 samples
  64_downsampled: 2985 samples
Sample x shapes: [(1, 1024), (1, 1024), (1, 1024)]
Sample y shapes: [(1, 1024), (1, 1024), (1, 1024)]
---------Using simple global normalization---------------
Global statistics: X(mean=0.005888, std=0.662183), Y(mean=0.005888, std=0.661206)

Final dataset sizes:
Train dataset size: 477600
Validation dataset size: 59700
Test dataset size: 59700
<dataloaders.burger_naive_true_multires.burger_true_multires_markov_dataset.<locals>.SimpleNormalizedDataset object at 0x14574f707ed0>
Created resolution groups:
  Resolution 1024: 23880 samples
  Resolution 512: 23880 samples
  Resolution 256: 191040 samples
  Resolution 128: 191040 samples
  Resolution 32: 23880 samples
  Resolution 64: 23880 samples
Created resolution groups:
  Resolution 1024: 2985 samples
  Resolution 512: 2985 samples
  Resolution 256: 23880 samples
  Resolution 128: 23880 samples
  Resolution 32: 2985 samples
  Resolution 64: 2985 samples
Created resolution groups:
  Resolution 1024: 2985 samples
  Resolution 512: 2985 samples
  Resolution 256: 23880 samples
  Resolution 128: 23880 samples
  Resolution 32: 2985 samples
  Resolution 64: 2985 samples
<class 'torch.Tensor'> -0.2539632320404053 -0.25433871150016785 1.011515736579895 1.0113824605941772
FFNO1D(
  (in_proj): WNLinear(in_features=1, out_features=128, bias=True)
  (fourier_layers): ModuleList(
    (0-3): 4 x FSpectralConv1d(
      (fourier_weight): ParameterList(  (0): Parameter containing: [torch.float32 of size 128x128x16x2 (cuda:0)])
      (backcast_ff): FeedForward(
        (layers): ModuleList(
          (0): Sequential(
            (0): Linear(in_features=128, out_features=512, bias=True)
            (1): Dropout(p=0.1, inplace=False)
            (2): GELU(approximate='none')
            (3): Identity()
          )
          (1): Sequential(
            (0): Linear(in_features=512, out_features=512, bias=True)
            (1): Dropout(p=0.1, inplace=False)
            (2): GELU(approximate='none')
            (3): Identity()
          )
          (2): Sequential(
            (0): Linear(in_features=512, out_features=128, bias=True)
            (1): Dropout(p=0.1, inplace=False)
            (2): Identity()
            (3): LayerNorm((128,), eps=1e-05, elementwise_affine=True)
          )
        )
      )
    )
  )
  (out_proj): WNLinear(in_features=128, out_features=1, bias=True)
)
Total Model Parameters: 3.68M
Trainable Parameters: 3.68M
Epoch 0, Train Loss: 0.04458526, Val Loss: 0.01385493
Epoch 10, Train Loss: 0.00582787, Val Loss: 0.00487102
Epoch 20, Train Loss: 0.00483573, Val Loss: 0.00447842
Epoch 30, Train Loss: 0.00431018, Val Loss: 0.00966052
Epoch 40, Train Loss: 0.00393821, Val Loss: 0.00424586
Epoch 50, Train Loss: 0.00354687, Val Loss: 0.00397807
Epoch 60, Train Loss: 0.00325573, Val Loss: 0.00382340
Epoch 70, Train Loss: 0.00300910, Val Loss: 0.00361962
Epoch 80, Train Loss: 0.00281557, Val Loss: 0.00356329
Epoch 90, Train Loss: 0.00269605, Val Loss: 0.00349341
Test L2 Loss: 0.003383
Model saved to checkpoints/ffno1d/burger_5404385.pt
Created/verified figures directory: figures/5404385
Evaluating BURGER model at multiple resolutions
Using normalizer from training resolution 1024
Testing resolutions: [32, 64, 128, 256, 512, 1024]
Loading from file: /data/user_data/rvk/pdebench_gen/burgers_1024_0.001/1D_Burgers_Sols_Nu0.001.hdf5
(10000, 201, 1024)
After downsampling data shape: (10000, 201, 32)
Total data shape: (10000, 201, 32)
x shape: (1990000, 1, 32)
y shape: (1990000, 1, 32)
grid shape: torch.Size([32, 1])
Train dataset size: 1592000
Validation dataset size: 199000
Test dataset size: 199000
Selected random indices for plotting: [58481, 59578, 181777, 51429, 104654, 44201, 12013, 175207, 109578, 22741]
Collected 10 examples for resolution 32
Resolution 32 (downsample factor: 32) - Relative L2 Loss: 0.016383
Memory cleaned after resolution 32


Loading from file: /data/user_data/rvk/pdebench_gen/burgers_1024_0.001/1D_Burgers_Sols_Nu0.001.hdf5
(10000, 201, 1024)
After downsampling data shape: (10000, 201, 64)
Total data shape: (10000, 201, 64)
x shape: (1990000, 1, 64)
y shape: (1990000, 1, 64)
grid shape: torch.Size([64, 1])
Train dataset size: 1592000
Validation dataset size: 199000
Test dataset size: 199000
Collected 10 examples for resolution 64
Resolution 64 (downsample factor: 16) - Relative L2 Loss: 0.011502
Memory cleaned after resolution 64


Loading from file: /data/user_data/rvk/pdebench_gen/burgers_1024_0.001/1D_Burgers_Sols_Nu0.001.hdf5
(10000, 201, 1024)
After downsampling data shape: (10000, 201, 128)
Total data shape: (10000, 201, 128)
x shape: (1990000, 1, 128)
y shape: (1990000, 1, 128)
grid shape: torch.Size([128, 1])
Train dataset size: 1592000
Validation dataset size: 199000
Test dataset size: 199000
Collected 10 examples for resolution 128
Resolution 128 (downsample factor: 8) - Relative L2 Loss: 0.024569
Memory cleaned after resolution 128


Loading from file: /data/user_data/rvk/pdebench_gen/burgers_1024_0.001/1D_Burgers_Sols_Nu0.001.hdf5
(10000, 201, 1024)
After downsampling data shape: (10000, 201, 256)
Total data shape: (10000, 201, 256)
x shape: (1990000, 1, 256)
y shape: (1990000, 1, 256)
grid shape: torch.Size([256, 1])
Train dataset size: 1592000
Validation dataset size: 199000
Test dataset size: 199000
Collected 10 examples for resolution 256
Resolution 256 (downsample factor: 4) - Relative L2 Loss: 0.011694
Memory cleaned after resolution 256


Loading from file: /data/user_data/rvk/pdebench_gen/burgers_1024_0.001/1D_Burgers_Sols_Nu0.001.hdf5
(10000, 201, 1024)
After downsampling data shape: (10000, 201, 512)
Total data shape: (10000, 201, 512)
x shape: (1990000, 1, 512)
y shape: (1990000, 1, 512)
grid shape: torch.Size([512, 1])
Train dataset size: 1592000
Validation dataset size: 199000
Test dataset size: 199000
Collected 10 examples for resolution 512
Resolution 512 (downsample factor: 2) - Relative L2 Loss: 0.003509
Memory cleaned after resolution 512


Loading from file: /data/user_data/rvk/pdebench_gen/burgers_1024_0.001/1D_Burgers_Sols_Nu0.001.hdf5
(10000, 201, 1024)
After downsampling data shape: (10000, 201, 1024)
Total data shape: (10000, 201, 1024)
x shape: (1990000, 1, 1024)
y shape: (1990000, 1, 1024)
grid shape: torch.Size([1024, 1])
Train dataset size: 1592000
Validation dataset size: 199000
Test dataset size: 199000
Collected 10 examples for resolution 1024
Resolution 1024 (downsample factor: 1) - Relative L2 Loss: 0.003376
Memory cleaned after resolution 1024


Creating prediction vs target plots...
Saved prediction plot: figures/5404385/prediction_plots/burger_predictions_vs_targets_10_examples.png
Saved numerical results: figures/5404385/burger_1d_evaluation_results_20250827_163641.csv
Saved summary: figures/5404385/burger_1d_evaluation_summary_20250827_163641.txt

==================================================
BURGER EVALUATION SUMMARY
==================================================
Resolution  32: 0.016383
Resolution  64: 0.011502
Resolution 128: 0.024569
Resolution 256: 0.011694
Resolution 512: 0.003509
Resolution 1024: 0.003376

Summary of Super-Resolution Evaluation:
Resolution factor 32: Relative L2 Loss = 0.016383
Resolution factor 64: Relative L2 Loss = 0.011502
Resolution factor 128: Relative L2 Loss = 0.024569
Resolution factor 256: Relative L2 Loss = 0.011694
Resolution factor 512: Relative L2 Loss = 0.003509
Resolution factor 1024: Relative L2 Loss = 0.003376

Evaluation plots saved to: figures/5404385
Wandb run: https://wandb.ai/rohanvk-carnegie-mellon-university/ffno1d/runs/d7t2vw06
Job completed at Wed Aug 27 16:36:50 EDT 2025
