Job started on babel-0-31 at Fri Mar 28 05:27:13 EDT 2025
Job ID: 4467191
Using device: cuda
[2025-03-28 05:27:18,399][root][INFO] - model:
  _target_: models.ffno.FFNO1D
  in_channels: 1
  out_channels: 1
  width: 32
  n_modes: 16
  factor: 4
  n_layers: 4
  ff_weight_norm: true
  n_ff_layers: 2
  layer_norm: false
  grid: null
  dropout: 0.0
  mode: full
dataset:
  reduced_batch: 1
  reduced_resolution: 1
  reduced_resolution_t: 16
  pde: burger_0.1
  data_path1: data/pdebench/1D_Burgers_Sols_Nu0.1.hdf5
training:
  batch_size: 64
  epochs: 100
  learning_rate: 0.001
  use_normalizer: false
project_name: ${dataset.pde}_${hydra:runtime.choices.model}
checkpoint_dir: checkpoints

Project name: burger_0.1_ffno_1d/ffno_1d
Model name: models.ffno.FFNO1D
PDE Dataset: burger_0.1
Loading from file: /home/rvk/data/pdebench/1D_Burgers_Sols_Nu0.1.hdf5
(10000, 201, 1024)
Total data shape: (10000, 13, 1024)
x shape: (110000, 1, 1024)
y shape: (110000, 1, 1024)
grid shape: torch.Size([1024, 1])
---------Using data normalizer---------------
Train dataset size: 88000
Validation dataset size: 11000
Test dataset size: 11000
<class 'torch.Tensor'> 0.044289279729127884 0.04459436610341072 1.0184563398361206 1.0193123817443848
Sample Input shape: torch.Size([64, 1, 1024])
Sample Output shape: torch.Size([64, 1, 1024])
FFNO1D(
  (in_proj): WNLinear(in_features=2, out_features=32, bias=True)
  (fourier_layers): ModuleList(
    (0-3): 4 x FSpectralConv1d(
      (fourier_weight): ParameterList(  (0): Parameter containing: [torch.float32 of size 32x32x16x2 (cuda:0)])
      (backcast_ff): FeedForward(
        (layers): ModuleList(
          (0): Sequential(
            (0): Linear(in_features=32, out_features=128, bias=True)
            (1): Dropout(p=0.0, inplace=False)
            (2): GELU(approximate='none')
            (3): Identity()
          )
          (1): Sequential(
            (0): Linear(in_features=128, out_features=32, bias=True)
            (1): Dropout(p=0.0, inplace=False)
            (2): Identity()
            (3): Identity()
          )
        )
      )
      (act): Identity()
    )
  )
  (out_proj): WNLinear(in_features=32, out_features=1, bias=True)
)
Epoch 0, Train Loss: 0.07700536, Val Loss: 0.05895762
Epoch 10, Train Loss: 0.00948130, Val Loss: 0.00503247
Epoch 20, Train Loss: 0.00684203, Val Loss: 0.00306164
Epoch 30, Train Loss: 0.00468082, Val Loss: 0.00404465
Epoch 40, Train Loss: 0.00360437, Val Loss: 0.00415769
Epoch 50, Train Loss: 0.00252422, Val Loss: 0.00413132
Epoch 60, Train Loss: 0.00203049, Val Loss: 0.00200987
Epoch 70, Train Loss: 0.00130830, Val Loss: 0.00113836
Epoch 80, Train Loss: 0.00090692, Val Loss: 0.00072979
Epoch 90, Train Loss: 0.00057134, Val Loss: 0.00054584
Test L2 Loss: 0.000488
-----Visualizing Saved------
Figure saved to output_logs/predictions/burger_0.1_fno_4467191_predictions.png
Original test data shape: x=torch.Size([11000, 1, 1024]), y=torch.Size([11000, 1, 1024])

Evaluating at resolution factor: 1
Resolution factor 1 - Relative L2 Loss: 0.000488

Evaluating at resolution factor: 2
Downsampled shapes: x=torch.Size([11000, 1, 512]), y=torch.Size([11000, 1, 512])
Resolution factor 2 - Relative L2 Loss: 0.001736

Evaluating at resolution factor: 4
Downsampled shapes: x=torch.Size([11000, 1, 256]), y=torch.Size([11000, 1, 256])
Resolution factor 4 - Relative L2 Loss: 0.001739

Evaluating at resolution factor: 8
Downsampled shapes: x=torch.Size([11000, 1, 128]), y=torch.Size([11000, 1, 128])
Resolution factor 8 - Relative L2 Loss: 0.001748

Evaluating at resolution factor: 16
Downsampled shapes: x=torch.Size([11000, 1, 64]), y=torch.Size([11000, 1, 64])
Resolution factor 16 - Relative L2 Loss: 0.001768

Evaluating at resolution factor: 32
Downsampled shapes: x=torch.Size([11000, 1, 32]), y=torch.Size([11000, 1, 32])
Resolution factor 32 - Relative L2 Loss: 0.001827

Summary of Super-Resolution Evaluation:
Resolution factor 1: Relative L2 Loss = 0.000488
Resolution factor 2: Relative L2 Loss = 0.001736
Resolution factor 4: Relative L2 Loss = 0.001739
Resolution factor 8: Relative L2 Loss = 0.001748
Resolution factor 16: Relative L2 Loss = 0.001768
Resolution factor 32: Relative L2 Loss = 0.001827
Model saved to checkpoints/ffno1d/burger_0.1_4467191.pt
[1;34mwandb[0m: 
[1;34mwandb[0m: 🚀 View run [33mrosy-galaxy-27[0m at: [34mhttps://wandb.ai/rohanvk-carnegie-mellon-university/ffno1d/runs/3p2taezr[0m
[1;34mwandb[0m: Find logs at: [1;35mwandb/run-20250328_052738-3p2taezr/logs[0m
Job completed at Fri Mar 28 05:51:46 EDT 2025
