Job started on babel-11-25 at Tue Jul  1 20:44:11 EDT 2025
Job ID: 5179386
GPU information:
Tue Jul  1 20:44:11 2025       
+-----------------------------------------------------------------------------------------+
| NVIDIA-SMI 575.51.03              Driver Version: 575.51.03      CUDA Version: 12.9     |
|-----------------------------------------+------------------------+----------------------+
| GPU  Name                 Persistence-M | Bus-Id          Disp.A | Volatile Uncorr. ECC |
| Fan  Temp   Perf          Pwr:Usage/Cap |           Memory-Usage | GPU-Util  Compute M. |
|                                         |                        |               MIG M. |
|=========================================+========================+======================|
|   0  NVIDIA L40S                    On  |   00000000:52:00.0 Off |                    0 |
| N/A   30C    P8             31W /  350W |       0MiB /  46068MiB |      0%      Default |
|                                         |                        |                  N/A |
+-----------------------------------------+------------------------+----------------------+
|   1  NVIDIA L40S                    On  |   00000000:56:00.0 Off |                    0 |
| N/A   28C    P8             31W /  350W |       0MiB /  46068MiB |      0%      Default |
|                                         |                        |                  N/A |
+-----------------------------------------+------------------------+----------------------+
                                                                                         
+-----------------------------------------------------------------------------------------+
| Processes:                                                                              |
|  GPU   GI   CI              PID   Type   Process name                        GPU Memory |
|        ID   ID                                                               Usage      |
|=========================================================================================|
|  No running processes found                                                             |
+-----------------------------------------------------------------------------------------+
CUDA devices:
CUDA_VISIBLE_DEVICES: 0,1
Using device: cuda
[2025-07-01 20:45:36,515][root][INFO] - model:
  _target_: models.ffno.FFNO2D
  in_channels: 1
  out_channels: 1
  width: 32
  factor: 4
  n_modes: 16
  n_layers: 4
  dropout: 0.1
  mode: full
  ff_weight_norm: true
  n_ff_layers: 2
  layer_norm: true
  use_grid: false
dataset:
  reduced_batch: 1
  reduced_resolution: 1
  reduced_resolution_t: 1
  window_size: 15
  original_res: 512
  train_resolution: 64
  multi_res:
  - 1
  - 16
  s: 64
  train_mres: false
  pde: navier_stokes_0
  data_path1: /data/user_data/rvk/ns_512_1e-4.mat
training:
  batch_size: 16
  epochs: 1
  learning_rate: 0.001
  use_normalizer: false
project_name: ${dataset.pde}_${hydra:runtime.choices.model}
checkpoint_dir: checkpoints

Project name: navier_stokes_0_ffno_2d/ns_ffno_2d
Model name: models.ffno.FFNO2D
PDE Dataset: navier_stokes_0
Model: ffno2d
Loading from file: /data/user_data/rvk/ns_512_1e-4.mat
a shape: (20, 512, 512)
u shape: (20, 512, 512, 200)
t shape: (1, 200)
Combined data shape: (20, 512, 512, 201)
Reshaped data shape: (20, 201, 512, 512, 1)
Grid shape: torch.Size([512, 512, 2])
Current Spatial Size: 512
Resizing from 512x512 to 64x64
Downsampling using downsample function
Data shape after resizing: (20, 201, 64, 64, 1)
x shape: torch.Size([4000, 1, 64, 64])
y shape: torch.Size([4000, 1, 64, 64])
grid shape: torch.Size([64, 64, 2])
---------Computing min-max normalization statistics---------------
Input data range: [-5.941226, 5.696210]
Output data range: [-5.961428, 5.713742]
Train dataset size: 3200
Validation dataset size: 400
Test dataset size: 400
<class 'torch.Tensor'> 0.5105270147323608 0.5106073617935181 0.13266830146312714 0.132550910115242
FFNO2D(
  (in_proj): WNLinear(in_features=1, out_features=32, bias=True)
  (fourier_layers): ModuleList(
    (0-3): 4 x FSpectralConv2d(
      (fourier_weight): ParameterList(
          (0): Parameter containing: [torch.float32 of size 32x32x16x2 (cuda:0)]
          (1): Parameter containing: [torch.float32 of size 32x32x16x2 (cuda:0)]
      )
      (backcast_ff): FeedForward(
        (layers): ModuleList(
          (0): Sequential(
            (0): Linear(in_features=32, out_features=128, bias=True)
            (1): Dropout(p=0.1, inplace=False)
            (2): GELU(approximate='none')
            (3): Identity()
          )
          (1): Sequential(
            (0): Linear(in_features=128, out_features=32, bias=True)
            (1): Dropout(p=0.1, inplace=False)
            (2): Identity()
            (3): LayerNorm((32,), eps=1e-05, elementwise_affine=True)
          )
        )
      )
    )
  )
  (out_proj): WNLinear(in_features=32, out_features=1, bias=True)
)
Total Model Parameters: 0.30M
Trainable Parameters: 0.30M
Epoch 0, Train Loss: 0.24576512, Val Loss: 0.16343638
Test L2 Loss: 0.944453
Model saved to checkpoints/ffno2d/navier_stokes_0_5179386.pt
Created/verified figures directory: figures/5179386
Using provided normalization statistics from training resolution 64:
  Input range: [-5.941226, 5.696210]
  Output range: [-5.961428, 5.713742]
Testing resolutions: [32, 64, 128, 256, 512]
Loading from file: /data/user_data/rvk/ns_512_1e-4.mat
a shape: (20, 512, 512)
u shape: (20, 512, 512, 200)
t shape: (1, 200)
Combined data shape: (20, 512, 512, 201)
Reshaped data shape: (20, 201, 512, 512, 1)
Grid shape: torch.Size([512, 512, 2])
Current Spatial Size: 512
Resizing from 512x512 to 32x32
Downsampling using downsample function
Data shape after resizing: (20, 201, 32, 32, 1)
x shape: torch.Size([4000, 1, 32, 32])
y shape: torch.Size([4000, 1, 32, 32])
grid shape: torch.Size([32, 32, 2])
Train dataset size: 3200
Validation dataset size: 400
Test dataset size: 400
Resolution 32 - Relative L2 Loss: 0.944237
Loading from file: /data/user_data/rvk/ns_512_1e-4.mat
a shape: (20, 512, 512)
u shape: (20, 512, 512, 200)
t shape: (1, 200)
Combined data shape: (20, 512, 512, 201)
Reshaped data shape: (20, 201, 512, 512, 1)
Grid shape: torch.Size([512, 512, 2])
Current Spatial Size: 512
Resizing from 512x512 to 64x64
Downsampling using downsample function
Data shape after resizing: (20, 201, 64, 64, 1)
x shape: torch.Size([4000, 1, 64, 64])
y shape: torch.Size([4000, 1, 64, 64])
grid shape: torch.Size([64, 64, 2])
Train dataset size: 3200
Validation dataset size: 400
Test dataset size: 400
Resolution 64 - Relative L2 Loss: 0.944453
Loading from file: /data/user_data/rvk/ns_512_1e-4.mat
a shape: (20, 512, 512)
u shape: (20, 512, 512, 200)
t shape: (1, 200)
Combined data shape: (20, 512, 512, 201)
Reshaped data shape: (20, 201, 512, 512, 1)
Grid shape: torch.Size([512, 512, 2])
Current Spatial Size: 512
Resizing from 512x512 to 128x128
Downsampling using downsample function
Data shape after resizing: (20, 201, 128, 128, 1)
x shape: torch.Size([4000, 1, 128, 128])
y shape: torch.Size([4000, 1, 128, 128])
grid shape: torch.Size([128, 128, 2])
Train dataset size: 3200
Validation dataset size: 400
Test dataset size: 400
Resolution 128 - Relative L2 Loss: 0.944454
Loading from file: /data/user_data/rvk/ns_512_1e-4.mat
a shape: (20, 512, 512)
u shape: (20, 512, 512, 200)
t shape: (1, 200)
Combined data shape: (20, 512, 512, 201)
Reshaped data shape: (20, 201, 512, 512, 1)
Grid shape: torch.Size([512, 512, 2])
Current Spatial Size: 512
Resizing from 512x512 to 256x256
Downsampling using downsample function
Data shape after resizing: (20, 201, 256, 256, 1)
x shape: torch.Size([4000, 1, 256, 256])
y shape: torch.Size([4000, 1, 256, 256])
grid shape: torch.Size([256, 256, 2])
Train dataset size: 3200
Validation dataset size: 400
Test dataset size: 400
Resolution 256 - Relative L2 Loss: 0.944454
Loading from file: /data/user_data/rvk/ns_512_1e-4.mat
a shape: (20, 512, 512)
u shape: (20, 512, 512, 200)
t shape: (1, 200)
Combined data shape: (20, 512, 512, 201)
Reshaped data shape: (20, 201, 512, 512, 1)
Grid shape: torch.Size([512, 512, 2])
Current Spatial Size: 512
x shape: torch.Size([4000, 1, 512, 512])
y shape: torch.Size([4000, 1, 512, 512])
grid shape: torch.Size([512, 512, 2])
Train dataset size: 3200
Validation dataset size: 400
Test dataset size: 400
Resolution 512 - Relative L2 Loss: 0.944454
Creating prediction vs target plots...
Detected 1 channel(s) in the data
Saved main comparison plot to: figures/5179386/prediction_plots/navier_stokes_comparison_20250701_205108.png
Saved error plot to: figures/5179386/prediction_plots/navier_stokes_error_20250701_205108.png
Saved individual plot for resolution 32 to: figures/5179386/prediction_plots/navier_stokes_res_32_20250701_205108.png
Saved individual plot for resolution 64 to: figures/5179386/prediction_plots/navier_stokes_res_64_20250701_205108.png
Saved individual plot for resolution 128 to: figures/5179386/prediction_plots/navier_stokes_res_128_20250701_205108.png
Saved individual plot for resolution 256 to: figures/5179386/prediction_plots/navier_stokes_res_256_20250701_205108.png
Saved individual plot for resolution 512 to: figures/5179386/prediction_plots/navier_stokes_res_512_20250701_205108.png
Performing frequency analysis...
Analyzing frequency distributions...
Training resolution: 64
Test resolutions: [32, 64, 128, 256, 512]

Analyzing 32→64 frequency distribution...
Saved frequency analysis: figures/5179386/frequency_analysis/frequency_analysis_32_to_64_20250701_205121.png

Analyzing 64→64 frequency distribution...
Saved frequency analysis: figures/5179386/frequency_analysis/frequency_analysis_64_to_64_20250701_205121.png

Analyzing 128→64 frequency distribution...
Saved frequency analysis: figures/5179386/frequency_analysis/frequency_analysis_128_to_64_20250701_205121.png

Analyzing 256→64 frequency distribution...
Saved frequency analysis: figures/5179386/frequency_analysis/frequency_analysis_256_to_64_20250701_205121.png

Analyzing 512→64 frequency distribution...
Saved frequency analysis: figures/5179386/frequency_analysis/frequency_analysis_512_to_64_20250701_205121.png
Creating multi-resolution frequency comparison...
Saved frequency comparison: figures/5179386/frequency_analysis/frequency_comparison_all_resolutions_20250701_205121.png
Saved numerical results: figures/5179386/evaluation_results_20250701_205815.csv
Saved summary: figures/5179386/evaluation_summary_20250701_205815.txt

==================================================
EVALUATION SUMMARY
==================================================
Resolution  32: 0.944237
Resolution  64: 0.944453
Resolution 128: 0.944454
Resolution 256: 0.944454
Resolution 512: 0.944454

Summary of Super-Resolution Evaluation:
Resolution factor 32: Relative L2 Loss = 0.944237
Resolution factor 64: Relative L2 Loss = 0.944453
Resolution factor 128: Relative L2 Loss = 0.944454
Resolution factor 256: Relative L2 Loss = 0.944454
Resolution factor 512: Relative L2 Loss = 0.944454

Evaluation plots saved to: figures/5179386
Wandb run: https://wandb.ai/rohanvk-carnegie-mellon-university/ffno2d/runs/gnrquzkj
Job completed at Tue Jul  1 20:58:53 EDT 2025
