Job started on babel-7-17 at Sat Jun 28 00:53:43 EDT 2025
Job ID: 5163324
GPU information:
Sat Jun 28 00:53:43 2025       
+-----------------------------------------------------------------------------------------+
| NVIDIA-SMI 575.51.03              Driver Version: 575.51.03      CUDA Version: 12.9     |
|-----------------------------------------+------------------------+----------------------+
| GPU  Name                 Persistence-M | Bus-Id          Disp.A | Volatile Uncorr. ECC |
| Fan  Temp   Perf          Pwr:Usage/Cap |           Memory-Usage | GPU-Util  Compute M. |
|                                         |                        |               MIG M. |
|=========================================+========================+======================|
|   0  NVIDIA RTX A6000               On  |   00000000:B3:00.0 Off |                  Off |
| 30%   33C    P8             26W /  300W |       1MiB /  49140MiB |      0%      Default |
|                                         |                        |                  N/A |
+-----------------------------------------+------------------------+----------------------+
|   1  NVIDIA RTX A6000               On  |   00000000:B4:00.0 Off |                  Off |
| 30%   31C    P8             23W /  300W |       1MiB /  49140MiB |      0%      Default |
|                                         |                        |                  N/A |
+-----------------------------------------+------------------------+----------------------+
                                                                                         
+-----------------------------------------------------------------------------------------+
| Processes:                                                                              |
|  GPU   GI   CI              PID   Type   Process name                        GPU Memory |
|        ID   ID                                                               Usage      |
|=========================================================================================|
|  No running processes found                                                             |
+-----------------------------------------------------------------------------------------+
CUDA devices:
CUDA_VISIBLE_DEVICES: 0,1
Using device: cuda
[2025-06-28 00:53:50,990][root][INFO] - model:
  _target_: CNO.CNO2d_original_version.CNOModule.CNO
  in_dim: 1
  out_dim: 1
  out_size: 1
  N_layers: 3
  N_res: 4
  N_res_neck: 6
  channel_multiplier: 32
  conv_kernel: 3
  cutoff_den: 2.0001
  filter_size: 6
  lrelu_upsampling: 2
  half_width_mult: 0.8
  radial: false
  batch_norm: true
  expand_input: false
  latent_lift_proj_dim: 64
  add_inv: true
  activation: cno_lrelu
dataset:
  reduced_batch: 1
  reduced_resolution: 1
  reduced_resolution_t: 1
  window_size: 15
  original_res: 512
  train_resolution: 128
  multi_res:
  - 1
  - 4
  s: 128
  train_mres: true
  pde: navier_stokes_0
  data_path1: /data/user_data/rvk/ns_512_1e-4.mat
training:
  batch_size: 16
  epochs: 100
  learning_rate: 0.001
  use_normalizer: false
project_name: ${dataset.pde}_${hydra:runtime.choices.model}
checkpoint_dir: checkpoints

Project name: navier_stokes_0_cno_2d/cno_2d_original
Model name: CNO.CNO2d_original_version.CNOModule.CNO
PDE Dataset: navier_stokes_0
Model: cno
Loading from file: /data/user_data/rvk/ns_512_1e-4.mat
a shape: (20, 512, 512)
u shape: (20, 512, 512, 200)
t shape: (1, 200)
Combined data shape: (20, 512, 512, 201)
Reshaped data shape: (20, 201, 512, 512, 1)
Grid shape: torch.Size([512, 512, 2])
Current Spatial Size: 512
Downsampling from 512x512 to 128x128
Data shape after downsampling: (20, 201, 128, 128, 1)
x shape: torch.Size([4000, 1, 128, 128])
y shape: torch.Size([4000, 1, 128, 128])
grid shape: torch.Size([128, 128, 2])
---------Computing min-max normalization statistics---------------
Input data range: [-5.945584, 5.697104]
Output data range: [-5.966502, 5.722327]
Train dataset size: 3200
Validation dataset size: 400
Test dataset size: 400
<class 'torch.Tensor'> 0.5106711387634277 0.5104447603225708 0.13493134081363678 0.13467025756835938
Total Model Parameters: 2.95M
Trainable Parameters: 2.95M
Setting up PyTorch plugin "filtered_lrelu_plugin"... Done.
Epoch 0, Train Loss: 0.08960690, Val Loss: 0.07583434
Epoch 10, Train Loss: 0.02545412, Val Loss: 0.03088999
Epoch 20, Train Loss: 0.01647285, Val Loss: 0.01662217
Epoch 30, Train Loss: 0.01116984, Val Loss: 0.01597259
Epoch 40, Train Loss: 0.00984621, Val Loss: 0.01370874
Epoch 50, Train Loss: 0.00755920, Val Loss: 0.00770110
Epoch 60, Train Loss: 0.00726754, Val Loss: 0.00762331
Epoch 70, Train Loss: 0.00657846, Val Loss: 0.00710981
Epoch 80, Train Loss: 0.00555815, Val Loss: 0.00742118
Epoch 90, Train Loss: 0.00531646, Val Loss: 0.00530258
Test L2 Loss: 0.035630
Model saved to checkpoints/cno/navier_stokes_0_5163324.pt
Using provided normalization statistics from training resolution 128:
  Input range: [-5.945584, 5.697104]
  Output range: [-5.966502, 5.722327]
Testing resolutions: [32, 64, 128, 256, 512]
Loading from file: /data/user_data/rvk/ns_512_1e-4.mat
a shape: (20, 512, 512)
u shape: (20, 512, 512, 200)
t shape: (1, 200)
Combined data shape: (20, 512, 512, 201)
Reshaped data shape: (20, 201, 512, 512, 1)
Grid shape: torch.Size([512, 512, 2])
Current Spatial Size: 512
Downsampling from 512x512 to 32x32
Data shape after downsampling: (20, 201, 32, 32, 1)
x shape: torch.Size([4000, 1, 32, 32])
y shape: torch.Size([4000, 1, 32, 32])
grid shape: torch.Size([32, 32, 2])
Train dataset size: 3200
Validation dataset size: 400
Test dataset size: 400
Resolution 32 - Relative L2 Loss: 0.034545
Loading from file: /data/user_data/rvk/ns_512_1e-4.mat
a shape: (20, 512, 512)
u shape: (20, 512, 512, 200)
t shape: (1, 200)
Combined data shape: (20, 512, 512, 201)
Reshaped data shape: (20, 201, 512, 512, 1)
Grid shape: torch.Size([512, 512, 2])
Current Spatial Size: 512
Downsampling from 512x512 to 64x64
Data shape after downsampling: (20, 201, 64, 64, 1)
x shape: torch.Size([4000, 1, 64, 64])
y shape: torch.Size([4000, 1, 64, 64])
grid shape: torch.Size([64, 64, 2])
Train dataset size: 3200
Validation dataset size: 400
Test dataset size: 400
Resolution 64 - Relative L2 Loss: 0.035277
Loading from file: /data/user_data/rvk/ns_512_1e-4.mat
a shape: (20, 512, 512)
u shape: (20, 512, 512, 200)
t shape: (1, 200)
Combined data shape: (20, 512, 512, 201)
Reshaped data shape: (20, 201, 512, 512, 1)
Grid shape: torch.Size([512, 512, 2])
Current Spatial Size: 512
Downsampling from 512x512 to 128x128
Data shape after downsampling: (20, 201, 128, 128, 1)
x shape: torch.Size([4000, 1, 128, 128])
y shape: torch.Size([4000, 1, 128, 128])
grid shape: torch.Size([128, 128, 2])
Train dataset size: 3200
Validation dataset size: 400
Test dataset size: 400
Resolution 128 - Relative L2 Loss: 0.035630
Loading from file: /data/user_data/rvk/ns_512_1e-4.mat
a shape: (20, 512, 512)
u shape: (20, 512, 512, 200)
t shape: (1, 200)
Combined data shape: (20, 512, 512, 201)
Reshaped data shape: (20, 201, 512, 512, 1)
Grid shape: torch.Size([512, 512, 2])
Current Spatial Size: 512
Downsampling from 512x512 to 256x256
Data shape after downsampling: (20, 201, 256, 256, 1)
x shape: torch.Size([4000, 1, 256, 256])
y shape: torch.Size([4000, 1, 256, 256])
grid shape: torch.Size([256, 256, 2])
Train dataset size: 3200
Validation dataset size: 400
Test dataset size: 400
Resolution 256 - Relative L2 Loss: 0.035631
Loading from file: /data/user_data/rvk/ns_512_1e-4.mat
a shape: (20, 512, 512)
u shape: (20, 512, 512, 200)
t shape: (1, 200)
Combined data shape: (20, 512, 512, 201)
Reshaped data shape: (20, 201, 512, 512, 1)
Grid shape: torch.Size([512, 512, 2])
Current Spatial Size: 512
x shape: torch.Size([4000, 1, 512, 512])
y shape: torch.Size([4000, 1, 512, 512])
grid shape: torch.Size([512, 512, 2])
Train dataset size: 3200
Validation dataset size: 400
Test dataset size: 400
Resolution 512 - Relative L2 Loss: 0.035631

==================================================
EVALUATION SUMMARY
==================================================
Resolution  32: 0.034545
Resolution  64: 0.035277
Resolution 128: 0.035630
Resolution 256: 0.035631
Resolution 512: 0.035631

Summary of Super-Resolution Evaluation:
Resolution factor 32: Relative L2 Loss = 0.034545
Resolution factor 64: Relative L2 Loss = 0.035277
Resolution factor 128: Relative L2 Loss = 0.035630
Resolution factor 256: Relative L2 Loss = 0.035631
Resolution factor 512: Relative L2 Loss = 0.035631
[1;34mwandb[0m: 
[1;34mwandb[0m: 🚀 View run [33mtwilight-totem-18[0m at: [34mhttps://wandb.ai/rohanvk-carnegie-mellon-university/cno/runs/1a6ayfiu[0m
[1;34mwandb[0m: Find logs at: [1;35mwandb/run-20250628_005607-1a6ayfiu/logs[0m
Job completed at Sat Jun 28 01:13:48 EDT 2025
