Job started on babel-15-36 at Thu Sep  4 05:45:48 PM EDT 2025
Job ID: 5434707
GPU information:
Thu Sep  4 17:45:48 2025       
+-----------------------------------------------------------------------------------------+
| NVIDIA-SMI 575.51.03              Driver Version: 575.51.03      CUDA Version: 12.9     |
|-----------------------------------------+------------------------+----------------------+
| GPU  Name                 Persistence-M | Bus-Id          Disp.A | Volatile Uncorr. ECC |
| Fan  Temp   Perf          Pwr:Usage/Cap |           Memory-Usage | GPU-Util  Compute M. |
|                                         |                        |               MIG M. |
|=========================================+========================+======================|
|   0  NVIDIA RTX A6000               On  |   00000000:1B:00.0 Off |                  Off |
| 30%   37C    P8             26W /  300W |       1MiB /  49140MiB |      0%      Default |
|                                         |                        |                  N/A |
+-----------------------------------------+------------------------+----------------------+
|   1  NVIDIA RTX A6000               On  |   00000000:B2:00.0 Off |                  Off |
| 32%   62C    P8             24W /  300W |       1MiB /  49140MiB |      0%      Default |
|                                         |                        |                  N/A |
+-----------------------------------------+------------------------+----------------------+
                                                                                         
+-----------------------------------------------------------------------------------------+
| Processes:                                                                              |
|  GPU   GI   CI              PID   Type   Process name                        GPU Memory |
|        ID   ID                                                               Usage      |
|=========================================================================================|
|  No running processes found                                                             |
+-----------------------------------------------------------------------------------------+
CUDA devices:
CUDA_VISIBLE_DEVICES: 0,1
/home/rvk
Using device: cuda
[2025-09-04 17:46:52,889][root][INFO] - model:
  _target_: models.ffno.FFNO1D
  in_channels: 1
  out_channels: 1
  factor: 4
  n_modes: 64
  width: 128
  n_layers: 4
  ff_weight_norm: true
  n_ff_layers: 3
  layer_norm: true
  dropout: 0.2
  mode: full
  activation: gelu
  use_grid: true
dataset:
  dataset_params:
    _target_: dataloaders.ks_naive_true_multires.ks_true_multires_markov_dataset
    saved_folder: /data/user_data/rvk/ks/
    viscosity: 0.075
    L: 64.0
    lmax: 8
    et: 5.0
    nte: 51
    nt: 51
    train_s: 2048
    reduced_batch: 1
    reduced_resolution_t: 1
    data_mres_size:
      512: 150
    add_res:
    - 32
    - 64
    - 128
    - 256
    add_res_samples:
      256: 150
      128: 150
      64: 150
      32: 150
    downsample_from_res: 512
    data_normalizer: true
    normalization_type: simple
    num_samples_max: -1
    eval_dataset_target: dataloaders.ks_naive_markov.ks_markov_dataset
    eval_filename: KS_train_2048.h5
    eval_saved_folder: /data/user_data/rvk/ks/res_512/visc_0.075_L64.0_lmax8_et5.0_nte51_nt51
  resize_to_train: false
  evaluation_type: naive_downsample
  window_size: 15
  original_res: 512
  max_test_resolution: 512
  train_mres: true
  pde: ks
training:
  batch_size: 64
  epochs: 100
  learning_rate: 0.001
  use_normalizer: false
project_name: ${dataset.pde}_${hydra:runtime.choices.model}
checkpoint_dir: checkpoints

Project name: ks_ffno_1d/ffno_1d
Model name: models.ffno.FFNO1D
PDE Dataset: ks
This is True Multi-Resolution Training. Train Resolution is the highest data resolution in the multi-resolution data
---------------------
Creating true multi-resolution KS dataset from /data/user_data/rvk/ks/
Parameters: visc_0.075_L64.0_lmax8_et5.0_nte51_nt51
Using filename pattern: KS_train_2048.h5
Target samples per resolution (from files): {512: 150}
Additional downsampled resolutions: [32, 64, 128, 256]
Target samples per downsampled resolution: {256: 150, 128: 150, 64: 150, 32: 150}
Will downsample from resolution: 512
Loading KS multi-resolution data from /data/user_data/rvk/ks/
Parameters: visc_0.075_L64.0_lmax8_et5.0_nte51_nt51
Target samples per resolution (from files): {512: 150}
Additional downsampled resolutions: [32, 64, 128, 256]
Target samples per downsampled resolution: {256: 150, 128: 150, 64: 150, 32: 150}
Will downsample from resolution: 512
Loading resolution 512 from /data/user_data/rvk/ks/res_512/visc_0.075_L64.0_lmax8_et5.0_nte51_nt51/KS_train_2048.h5
Available data keys in 'train': ['dt', 'dx', 'pde_51-512', 't', 'x']
  Original data shape for 512: (2048, 51, 512)
  After time reduction: (2048, 51, 512)
  Split 'train' data shape: (1638, 51, 512)
  Subsampled to 120 samples for train split
  Added 6000 sample pairs from resolution 512
Adding downsampled resolutions: [32, 64, 128, 256]
Adding downsampled data from /data/user_data/rvk/ks/res_512/visc_0.075_L64.0_lmax8_et5.0_nte51_nt51/KS_train_2048.h5
  Added 6000 downsampled samples at resolution 32
  Added 6000 downsampled samples at resolution 64
  Added 6000 downsampled samples at resolution 128
  Added 6000 downsampled samples at resolution 256
Total samples loaded: 30000
Resolution distribution:
  128_downsampled: 6000 samples
  256_downsampled: 6000 samples
  32_downsampled: 6000 samples
  512_file: 6000 samples
  64_downsampled: 6000 samples
Sample x shapes: [(1, 512), (1, 512), (1, 512)]
Sample y shapes: [(1, 512), (1, 512), (1, 512)]
Loading KS multi-resolution data from /data/user_data/rvk/ks/
Parameters: visc_0.075_L64.0_lmax8_et5.0_nte51_nt51
Target samples per resolution (from files): {512: 150}
Additional downsampled resolutions: [32, 64, 128, 256]
Target samples per downsampled resolution: {256: 150, 128: 150, 64: 150, 32: 150}
Will downsample from resolution: 512
Loading resolution 512 from /data/user_data/rvk/ks/res_512/visc_0.075_L64.0_lmax8_et5.0_nte51_nt51/KS_train_2048.h5
Available data keys in 'train': ['dt', 'dx', 'pde_51-512', 't', 'x']
  Original data shape for 512: (2048, 51, 512)
  After time reduction: (2048, 51, 512)
  Split 'val' data shape: (204, 51, 512)
  Subsampled to 15 samples for val split
  Added 750 sample pairs from resolution 512
Adding downsampled resolutions: [32, 64, 128, 256]
Adding downsampled data from /data/user_data/rvk/ks/res_512/visc_0.075_L64.0_lmax8_et5.0_nte51_nt51/KS_train_2048.h5
  Added 750 downsampled samples at resolution 32
  Added 750 downsampled samples at resolution 64
  Added 750 downsampled samples at resolution 128
  Added 750 downsampled samples at resolution 256
Total samples loaded: 3750
Resolution distribution:
  128_downsampled: 750 samples
  256_downsampled: 750 samples
  32_downsampled: 750 samples
  512_file: 750 samples
  64_downsampled: 750 samples
Sample x shapes: [(1, 512), (1, 512), (1, 512)]
Sample y shapes: [(1, 512), (1, 512), (1, 512)]
Loading KS multi-resolution data from /data/user_data/rvk/ks/
Parameters: visc_0.075_L64.0_lmax8_et5.0_nte51_nt51
Target samples per resolution (from files): {512: 150}
Additional downsampled resolutions: [32, 64, 128, 256]
Target samples per downsampled resolution: {256: 150, 128: 150, 64: 150, 32: 150}
Will downsample from resolution: 512
Loading resolution 512 from /data/user_data/rvk/ks/res_512/visc_0.075_L64.0_lmax8_et5.0_nte51_nt51/KS_train_2048.h5
Available data keys in 'train': ['dt', 'dx', 'pde_51-512', 't', 'x']
  Original data shape for 512: (2048, 51, 512)
  After time reduction: (2048, 51, 512)
  Split 'test' data shape: (206, 51, 512)
  Subsampled to 15 samples for test split
  Added 750 sample pairs from resolution 512
Adding downsampled resolutions: [32, 64, 128, 256]
Adding downsampled data from /data/user_data/rvk/ks/res_512/visc_0.075_L64.0_lmax8_et5.0_nte51_nt51/KS_train_2048.h5
  Added 750 downsampled samples at resolution 32
  Added 750 downsampled samples at resolution 64
  Added 750 downsampled samples at resolution 128
  Added 750 downsampled samples at resolution 256
Total samples loaded: 3750
Resolution distribution:
  128_downsampled: 750 samples
  256_downsampled: 750 samples
  32_downsampled: 750 samples
  512_file: 750 samples
  64_downsampled: 750 samples
Sample x shapes: [(1, 512), (1, 512), (1, 512)]
Sample y shapes: [(1, 512), (1, 512), (1, 512)]
---------Using simple global normalization---------------
Global statistics: X(mean=0.000443, std=3.316053), Y(mean=0.000477, std=3.382575)

Final dataset sizes:
Train dataset size: 30000
Validation dataset size: 3750
Test dataset size: 3750
<dataloaders.ks_naive_true_multires.ks_true_multires_markov_dataset.<locals>.SimpleNormalizedDataset object at 0x14599c85cb90>
Created resolution groups:
  Resolution 512: 6000 samples
  Resolution 32: 6000 samples
  Resolution 64: 6000 samples
  Resolution 128: 6000 samples
  Resolution 256: 6000 samples
Created resolution groups:
  Resolution 512: 750 samples
  Resolution 32: 750 samples
  Resolution 64: 750 samples
  Resolution 128: 750 samples
  Resolution 256: 750 samples
Created resolution groups:
  Resolution 512: 750 samples
  Resolution 32: 750 samples
  Resolution 64: 750 samples
  Resolution 128: 750 samples
  Resolution 256: 750 samples
<class 'torch.Tensor'> -0.00011750496923923492 -0.00012629968114197254 0.9836929440498352 0.9889729619026184
FFNO1D(
  (in_proj): WNLinear(in_features=1, out_features=128, bias=True)
  (fourier_layers): ModuleList(
    (0-3): 4 x FSpectralConv1d(
      (fourier_weight): ParameterList(  (0): Parameter containing: [torch.float32 of size 128x128x64x2 (cuda:0)])
      (backcast_ff): FeedForward(
        (layers): ModuleList(
          (0): Sequential(
            (0): Linear(in_features=128, out_features=512, bias=True)
            (1): Dropout(p=0.2, inplace=False)
            (2): GELU(approximate='none')
            (3): Identity()
          )
          (1): Sequential(
            (0): Linear(in_features=512, out_features=512, bias=True)
            (1): Dropout(p=0.2, inplace=False)
            (2): GELU(approximate='none')
            (3): Identity()
          )
          (2): Sequential(
            (0): Linear(in_features=512, out_features=128, bias=True)
            (1): Dropout(p=0.2, inplace=False)
            (2): Identity()
            (3): LayerNorm((128,), eps=1e-05, elementwise_affine=True)
          )
        )
      )
    )
  )
  (out_proj): WNLinear(in_features=128, out_features=1, bias=True)
)
Total Model Parameters: 9.97M
Trainable Parameters: 9.97M
Epoch 0, Train Loss: 0.30835612, Val Loss: 0.13653951
Epoch 10, Train Loss: 0.09446016, Val Loss: 0.09942358
Epoch 20, Train Loss: 0.07504208, Val Loss: 0.09690490
Epoch 30, Train Loss: 0.06247949, Val Loss: 0.09315909
Epoch 40, Train Loss: 0.05287218, Val Loss: 0.09191771
Epoch 50, Train Loss: 0.04607535, Val Loss: 0.09225577
Epoch 60, Train Loss: 0.04152847, Val Loss: 0.09371004
Epoch 70, Train Loss: 0.03830518, Val Loss: 0.09162073
Epoch 80, Train Loss: 0.03610537, Val Loss: 0.09162655
Epoch 90, Train Loss: 0.03496911, Val Loss: 0.09108335
Test L2 Loss: 0.087887
Model saved to checkpoints/ffno1d/ks_5434707.pt
Created/verified figures directory: figures/5434707
Evaluating KS model at multiple resolutions
Using normalizer from training resolution 512
Testing resolutions: [32, 64, 128, 256, 512]
Loading from file: /data/user_data/rvk/ks/res_512/visc_0.075_L64.0_lmax8_et5.0_nte51_nt51/KS_train_2048.h5
Available data keys in 'train': ['dt', 'dx', 'pde_51-512', 't', 'x']
Original PDE data shape: (2048, 51, 512)
Time data shape: (2048, 51)
Original spatial coordinates shape: (512,)
dx shape: (2048,)
dt shape: (2048,)
Data shape after downsampling: (2048, 51, 32)
Final data shape: (2048, 51, 32)
x shape: torch.Size([102400, 1, 32])
y shape: torch.Size([102400, 1, 32])
spatial coordinates shape: (32,)
Loading from file: /data/user_data/rvk/ks/res_512/visc_0.075_L64.0_lmax8_et5.0_nte51_nt51/KS_valid.h5
Available data keys in 'valid': ['dt', 'dx', 'pde_51-512', 't', 'x']
Original PDE data shape: (256, 51, 512)
Time data shape: (256, 51)
Original spatial coordinates shape: (512,)
dx shape: (256,)
dt shape: (256,)
Data shape after downsampling: (256, 51, 32)
Final data shape: (256, 51, 32)
x shape: torch.Size([12800, 1, 32])
y shape: torch.Size([12800, 1, 32])
spatial coordinates shape: (32,)
Loading from file: /data/user_data/rvk/ks/res_512/visc_0.075_L64.0_lmax8_et5.0_nte51_nt51/KS_test.h5
Available data keys in 'test': ['dt', 'dx', 'pde_51-512', 't', 'x']
Original PDE data shape: (256, 51, 512)
Time data shape: (256, 51)
Original spatial coordinates shape: (512,)
dx shape: (256,)
dt shape: (256,)
Data shape after downsampling: (256, 51, 32)
Final data shape: (256, 51, 32)
x shape: torch.Size([12800, 1, 32])
y shape: torch.Size([12800, 1, 32])
spatial coordinates shape: (32,)
Train dataset size: 102400
Validation dataset size: 12800
Test dataset size: 12800
Selected random indices for plotting: [12288, 5833, 12045, 6080, 5020, 2516, 1638, 4680, 12354, 4129]
Collected 10 examples for resolution 32
Resolution 32 (downsample factor: 16) - Relative L2 Loss: 0.243248
Memory cleaned after resolution 32


Loading from file: /data/user_data/rvk/ks/res_512/visc_0.075_L64.0_lmax8_et5.0_nte51_nt51/KS_train_2048.h5
Available data keys in 'train': ['dt', 'dx', 'pde_51-512', 't', 'x']
Original PDE data shape: (2048, 51, 512)
Time data shape: (2048, 51)
Original spatial coordinates shape: (512,)
dx shape: (2048,)
dt shape: (2048,)
Data shape after downsampling: (2048, 51, 64)
Final data shape: (2048, 51, 64)
x shape: torch.Size([102400, 1, 64])
y shape: torch.Size([102400, 1, 64])
spatial coordinates shape: (64,)
Loading from file: /data/user_data/rvk/ks/res_512/visc_0.075_L64.0_lmax8_et5.0_nte51_nt51/KS_valid.h5
Available data keys in 'valid': ['dt', 'dx', 'pde_51-512', 't', 'x']
Original PDE data shape: (256, 51, 512)
Time data shape: (256, 51)
Original spatial coordinates shape: (512,)
dx shape: (256,)
dt shape: (256,)
Data shape after downsampling: (256, 51, 64)
Final data shape: (256, 51, 64)
x shape: torch.Size([12800, 1, 64])
y shape: torch.Size([12800, 1, 64])
spatial coordinates shape: (64,)
Loading from file: /data/user_data/rvk/ks/res_512/visc_0.075_L64.0_lmax8_et5.0_nte51_nt51/KS_test.h5
Available data keys in 'test': ['dt', 'dx', 'pde_51-512', 't', 'x']
Original PDE data shape: (256, 51, 512)
Time data shape: (256, 51)
Original spatial coordinates shape: (512,)
dx shape: (256,)
dt shape: (256,)
Data shape after downsampling: (256, 51, 64)
Final data shape: (256, 51, 64)
x shape: torch.Size([12800, 1, 64])
y shape: torch.Size([12800, 1, 64])
spatial coordinates shape: (64,)
Train dataset size: 102400
Validation dataset size: 12800
Test dataset size: 12800
Collected 10 examples for resolution 64
Resolution 64 (downsample factor: 8) - Relative L2 Loss: 0.150510
Memory cleaned after resolution 64


Loading from file: /data/user_data/rvk/ks/res_512/visc_0.075_L64.0_lmax8_et5.0_nte51_nt51/KS_train_2048.h5
Available data keys in 'train': ['dt', 'dx', 'pde_51-512', 't', 'x']
Original PDE data shape: (2048, 51, 512)
Time data shape: (2048, 51)
Original spatial coordinates shape: (512,)
dx shape: (2048,)
dt shape: (2048,)
Data shape after downsampling: (2048, 51, 128)
Final data shape: (2048, 51, 128)
x shape: torch.Size([102400, 1, 128])
y shape: torch.Size([102400, 1, 128])
spatial coordinates shape: (128,)
Loading from file: /data/user_data/rvk/ks/res_512/visc_0.075_L64.0_lmax8_et5.0_nte51_nt51/KS_valid.h5
Available data keys in 'valid': ['dt', 'dx', 'pde_51-512', 't', 'x']
Original PDE data shape: (256, 51, 512)
Time data shape: (256, 51)
Original spatial coordinates shape: (512,)
dx shape: (256,)
dt shape: (256,)
Data shape after downsampling: (256, 51, 128)
Final data shape: (256, 51, 128)
x shape: torch.Size([12800, 1, 128])
y shape: torch.Size([12800, 1, 128])
spatial coordinates shape: (128,)
Loading from file: /data/user_data/rvk/ks/res_512/visc_0.075_L64.0_lmax8_et5.0_nte51_nt51/KS_test.h5
Available data keys in 'test': ['dt', 'dx', 'pde_51-512', 't', 'x']
Original PDE data shape: (256, 51, 512)
Time data shape: (256, 51)
Original spatial coordinates shape: (512,)
dx shape: (256,)
dt shape: (256,)
Data shape after downsampling: (256, 51, 128)
Final data shape: (256, 51, 128)
x shape: torch.Size([12800, 1, 128])
y shape: torch.Size([12800, 1, 128])
spatial coordinates shape: (128,)
Train dataset size: 102400
Validation dataset size: 12800
Test dataset size: 12800
Collected 10 examples for resolution 128
Resolution 128 (downsample factor: 4) - Relative L2 Loss: 0.018967
Memory cleaned after resolution 128


Loading from file: /data/user_data/rvk/ks/res_512/visc_0.075_L64.0_lmax8_et5.0_nte51_nt51/KS_train_2048.h5
Available data keys in 'train': ['dt', 'dx', 'pde_51-512', 't', 'x']
Original PDE data shape: (2048, 51, 512)
Time data shape: (2048, 51)
Original spatial coordinates shape: (512,)
dx shape: (2048,)
dt shape: (2048,)
Data shape after downsampling: (2048, 51, 256)
Final data shape: (2048, 51, 256)
x shape: torch.Size([102400, 1, 256])
y shape: torch.Size([102400, 1, 256])
spatial coordinates shape: (256,)
Loading from file: /data/user_data/rvk/ks/res_512/visc_0.075_L64.0_lmax8_et5.0_nte51_nt51/KS_valid.h5
Available data keys in 'valid': ['dt', 'dx', 'pde_51-512', 't', 'x']
Original PDE data shape: (256, 51, 512)
Time data shape: (256, 51)
Original spatial coordinates shape: (512,)
dx shape: (256,)
dt shape: (256,)
Data shape after downsampling: (256, 51, 256)
Final data shape: (256, 51, 256)
x shape: torch.Size([12800, 1, 256])
y shape: torch.Size([12800, 1, 256])
spatial coordinates shape: (256,)
Loading from file: /data/user_data/rvk/ks/res_512/visc_0.075_L64.0_lmax8_et5.0_nte51_nt51/KS_test.h5
Available data keys in 'test': ['dt', 'dx', 'pde_51-512', 't', 'x']
Original PDE data shape: (256, 51, 512)
Time data shape: (256, 51)
Original spatial coordinates shape: (512,)
dx shape: (256,)
dt shape: (256,)
Data shape after downsampling: (256, 51, 256)
Final data shape: (256, 51, 256)
x shape: torch.Size([12800, 1, 256])
y shape: torch.Size([12800, 1, 256])
spatial coordinates shape: (256,)
Train dataset size: 102400
Validation dataset size: 12800
Test dataset size: 12800
Collected 10 examples for resolution 256
Resolution 256 (downsample factor: 2) - Relative L2 Loss: 0.018978
Memory cleaned after resolution 256


Loading from file: /data/user_data/rvk/ks/res_512/visc_0.075_L64.0_lmax8_et5.0_nte51_nt51/KS_train_2048.h5
Available data keys in 'train': ['dt', 'dx', 'pde_51-512', 't', 'x']
Original PDE data shape: (2048, 51, 512)
Time data shape: (2048, 51)
Original spatial coordinates shape: (512,)
dx shape: (2048,)
dt shape: (2048,)
Data shape after downsampling: (2048, 51, 512)
Final data shape: (2048, 51, 512)
x shape: torch.Size([102400, 1, 512])
y shape: torch.Size([102400, 1, 512])
spatial coordinates shape: (512,)
Loading from file: /data/user_data/rvk/ks/res_512/visc_0.075_L64.0_lmax8_et5.0_nte51_nt51/KS_valid.h5
Available data keys in 'valid': ['dt', 'dx', 'pde_51-512', 't', 'x']
Original PDE data shape: (256, 51, 512)
Time data shape: (256, 51)
Original spatial coordinates shape: (512,)
dx shape: (256,)
dt shape: (256,)
Data shape after downsampling: (256, 51, 512)
Final data shape: (256, 51, 512)
x shape: torch.Size([12800, 1, 512])
y shape: torch.Size([12800, 1, 512])
spatial coordinates shape: (512,)
Loading from file: /data/user_data/rvk/ks/res_512/visc_0.075_L64.0_lmax8_et5.0_nte51_nt51/KS_test.h5
Available data keys in 'test': ['dt', 'dx', 'pde_51-512', 't', 'x']
Original PDE data shape: (256, 51, 512)
Time data shape: (256, 51)
Original spatial coordinates shape: (512,)
dx shape: (256,)
dt shape: (256,)
Data shape after downsampling: (256, 51, 512)
Final data shape: (256, 51, 512)
x shape: torch.Size([12800, 1, 512])
y shape: torch.Size([12800, 1, 512])
spatial coordinates shape: (512,)
Train dataset size: 102400
Validation dataset size: 12800
Test dataset size: 12800
Collected 10 examples for resolution 512
Resolution 512 (downsample factor: 1) - Relative L2 Loss: 0.019005
Memory cleaned after resolution 512


Creating prediction vs target plots...
Saved prediction plot: figures/5434707/prediction_plots/ks_predictions_vs_targets_10_examples.png
Saved numerical results: figures/5434707/ks_1d_evaluation_results_20250904_180241.csv
Saved summary: figures/5434707/ks_1d_evaluation_summary_20250904_180241.txt

==================================================
KS EVALUATION SUMMARY
==================================================
Resolution  32: 0.243248
Resolution  64: 0.150510
Resolution 128: 0.018967
Resolution 256: 0.018978
Resolution 512: 0.019005

Summary of Super-Resolution Evaluation:
Resolution factor 32: Relative L2 Loss = 0.243248
Resolution factor 64: Relative L2 Loss = 0.150510
Resolution factor 128: Relative L2 Loss = 0.018967
Resolution factor 256: Relative L2 Loss = 0.018978
Resolution factor 512: Relative L2 Loss = 0.019005

Evaluation plots saved to: figures/5434707
Wandb run: https://wandb.ai/rohanvk-carnegie-mellon-university/ffno1d/runs/7mixnk0a
Job completed at Thu Sep  4 06:02:52 PM EDT 2025
