Job started on babel-5-11 at Fri Apr  4 19:39:30 EDT 2025
Job ID: 4509529
Using device: cuda
[2025-04-04 19:39:34,530][root][INFO] - model:
  _target_: models.ffno.FFNO1D
  in_channels: 1
  out_channels: 1
  width: 32
  n_modes: 16
  factor: 4
  n_layers: 4
  ff_weight_norm: true
  n_ff_layers: 2
  layer_norm: false
  grid: null
  dropout: 0.0
  mode: full
dataset:
  reduced_batch: 1
  reduced_resolution: 16
  reduced_resolution_t: 4
  pde: burger_0.001
  data_path1: data/pdebench/1D_Burgers_Sols_Nu0.001.hdf5
training:
  batch_size: 64
  epochs: 100
  learning_rate: 0.001
  use_normalizer: false
project_name: ${dataset.pde}_${hydra:runtime.choices.model}
checkpoint_dir: checkpoints

Project name: burger_0.001_ffno_1d/ffno_1d
Model name: models.ffno.FFNO1D
PDE Dataset: burger_0.001
Loading from file: /home/rvk/data/pdebench/1D_Burgers_Sols_Nu0.001.hdf5
(10000, 201, 1024)
Total data shape: (10000, 51, 64)
x shape: (490000, 1, 64)
y shape: (490000, 1, 64)
grid shape: torch.Size([64, 1])
---------Using data normalizer---------------
Train dataset size: 392000
Validation dataset size: 49000
Test dataset size: 49000
<class 'torch.Tensor'> 0.12775136530399323 0.12831155955791473 1.049631118774414 1.0520449876785278
Sample Input shape: torch.Size([64, 1, 64])
Sample Output shape: torch.Size([64, 1, 64])
FFNO1D(
  (in_proj): WNLinear(in_features=2, out_features=32, bias=True)
  (fourier_layers): ModuleList(
    (0-3): 4 x FSpectralConv1d(
      (fourier_weight): ParameterList(  (0): Parameter containing: [torch.float32 of size 32x32x16x2 (cuda:0)])
      (backcast_ff): FeedForward(
        (layers): ModuleList(
          (0): Sequential(
            (0): Linear(in_features=32, out_features=128, bias=True)
            (1): Dropout(p=0.0, inplace=False)
            (2): GELU(approximate='none')
            (3): Identity()
          )
          (1): Sequential(
            (0): Linear(in_features=128, out_features=32, bias=True)
            (1): Dropout(p=0.0, inplace=False)
            (2): Identity()
            (3): Identity()
          )
        )
      )
      (act): Identity()
    )
  )
  (out_proj): WNLinear(in_features=32, out_features=1, bias=True)
)
Epoch 0, Train Loss: 0.05390311, Val Loss: 0.04119069
Epoch 10, Train Loss: 0.01998520, Val Loss: 0.01947686
Epoch 20, Train Loss: 0.01736350, Val Loss: 0.01851271
Epoch 30, Train Loss: 0.01566893, Val Loss: 0.01543194
Epoch 40, Train Loss: 0.01432885, Val Loss: 0.01455633
Epoch 50, Train Loss: 0.01300279, Val Loss: 0.01315928
Epoch 60, Train Loss: 0.01151933, Val Loss: 0.01150798
Epoch 70, Train Loss: 0.01025330, Val Loss: 0.01087980
Epoch 80, Train Loss: 0.00906822, Val Loss: 0.01037731
Epoch 90, Train Loss: 0.00830684, Val Loss: 0.00973890
Test L2 Loss: 0.009574
-----Visualizing Saved------
Figure saved to output_logs/predictions/burger_0.001_fno_4509529_predictions.png
Model saved to checkpoints/ffno1d/burger_0.001_4509529.pt
Original test data shape: x=torch.Size([49000, 1, 64]), y=torch.Size([49000, 1, 64])

Evaluating at resolution factor: 1
Resolution factor 1 - Relative L2 Loss: 0.009574

Evaluating at resolution factor: 2
Downsampled shapes: x=torch.Size([49000, 1, 32]), y=torch.Size([49000, 1, 32])
Resolution factor 2 - Relative L2 Loss: 0.091762

Evaluating at resolution factor: 4
Downsampled shapes: x=torch.Size([49000, 1, 16]), y=torch.Size([49000, 1, 16])
Skipping Resolution factor 4 because not enough modes

Evaluating at resolution factor: 8
Downsampled shapes: x=torch.Size([49000, 1, 8]), y=torch.Size([49000, 1, 8])
Skipping Resolution factor 8 because not enough modes

Evaluating at resolution factor: 16
Downsampled shapes: x=torch.Size([49000, 1, 4]), y=torch.Size([49000, 1, 4])
Skipping Resolution factor 16 because not enough modes

Evaluating at resolution factor: 32
Downsampled shapes: x=torch.Size([49000, 1, 2]), y=torch.Size([49000, 1, 2])
Skipping Resolution factor 32 because not enough modes

Summary of Super-Resolution Evaluation:
Resolution factor 1: Relative L2 Loss = 0.009574
Resolution factor 2: Relative L2 Loss = 0.091762
[1;34mwandb[0m: 
[1;34mwandb[0m: 🚀 View run [33mfaithful-pyramid-61[0m at: [34mhttps://wandb.ai/rohanvk-carnegie-mellon-university/ffno1d/runs/8r0hdojg[0m
[1;34mwandb[0m: Find logs at: [1;35mwandb/run-20250404_193953-8r0hdojg/logs[0m
Job completed at Fri Apr  4 20:38:04 EDT 2025
