Job started on babel-4-33 at Sun Apr 13 01:17:51 EDT 2025
Job ID: 4557124
Using device: cuda
[2025-04-13 01:17:53,895][root][INFO] - model:
  _target_: models.unet.UNet1d
  in_channels: 1
  out_channels: 1
  width: 32
dataset:
  reduced_batch: 1
  reduced_resolution: 8
  reduced_resolution_t: 4
  window_size: 15
  original_res: 1024
  pde: burger_1.0
  data_path1: data/pdebench/1D_Burgers_Sols_Nu1.0.hdf5
training:
  batch_size: 64
  epochs: 100
  learning_rate: 0.001
  use_normalizer: false
project_name: ${dataset.pde}_${hydra:runtime.choices.model}
checkpoint_dir: checkpoints

Project name: burger_1.0_unet/unet_1d
Model name: models.unet.UNet1d
PDE Dataset: burger_1.0
Loading from file: /home/rvk/data/pdebench/1D_Burgers_Sols_Nu1.0.hdf5
(10000, 201, 1024)
Total data shape: (10000, 51, 128)
x shape: (490000, 1, 128)
y shape: (490000, 1, 128)
grid shape: torch.Size([128, 1])
---------Using data normalizer---------------
Train dataset size: 392000
Validation dataset size: 49000
Test dataset size: 49000
<class 'torch.Tensor'> 0.2393234372138977 0.2394925355911255 0.8862496614456177 0.8846485018730164
Sample Input shape: torch.Size([64, 1, 128])
Sample Output shape: torch.Size([64, 1, 128])
UNet1d(
  (encoder1): Sequential(
    (enc1conv1): Conv1d(1, 32, kernel_size=(3,), stride=(1,), padding=(1,), bias=False)
    (enc1norm1): BatchNorm1d(32, eps=1e-05, momentum=0.1, affine=True, track_running_stats=True)
    (enc1tanh1): Tanh()
    (enc1conv2): Conv1d(32, 32, kernel_size=(3,), stride=(1,), padding=(1,), bias=False)
    (enc1norm2): BatchNorm1d(32, eps=1e-05, momentum=0.1, affine=True, track_running_stats=True)
    (enc1tanh2): Tanh()
  )
  (pool1): MaxPool1d(kernel_size=2, stride=2, padding=0, dilation=1, ceil_mode=False)
  (encoder2): Sequential(
    (enc2conv1): Conv1d(32, 64, kernel_size=(3,), stride=(1,), padding=(1,), bias=False)
    (enc2norm1): BatchNorm1d(64, eps=1e-05, momentum=0.1, affine=True, track_running_stats=True)
    (enc2tanh1): Tanh()
    (enc2conv2): Conv1d(64, 64, kernel_size=(3,), stride=(1,), padding=(1,), bias=False)
    (enc2norm2): BatchNorm1d(64, eps=1e-05, momentum=0.1, affine=True, track_running_stats=True)
    (enc2tanh2): Tanh()
  )
  (pool2): MaxPool1d(kernel_size=2, stride=2, padding=0, dilation=1, ceil_mode=False)
  (encoder3): Sequential(
    (enc3conv1): Conv1d(64, 128, kernel_size=(3,), stride=(1,), padding=(1,), bias=False)
    (enc3norm1): BatchNorm1d(128, eps=1e-05, momentum=0.1, affine=True, track_running_stats=True)
    (enc3tanh1): Tanh()
    (enc3conv2): Conv1d(128, 128, kernel_size=(3,), stride=(1,), padding=(1,), bias=False)
    (enc3norm2): BatchNorm1d(128, eps=1e-05, momentum=0.1, affine=True, track_running_stats=True)
    (enc3tanh2): Tanh()
  )
  (pool3): MaxPool1d(kernel_size=2, stride=2, padding=0, dilation=1, ceil_mode=False)
  (encoder4): Sequential(
    (enc4conv1): Conv1d(128, 256, kernel_size=(3,), stride=(1,), padding=(1,), bias=False)
    (enc4norm1): BatchNorm1d(256, eps=1e-05, momentum=0.1, affine=True, track_running_stats=True)
    (enc4tanh1): Tanh()
    (enc4conv2): Conv1d(256, 256, kernel_size=(3,), stride=(1,), padding=(1,), bias=False)
    (enc4norm2): BatchNorm1d(256, eps=1e-05, momentum=0.1, affine=True, track_running_stats=True)
    (enc4tanh2): Tanh()
  )
  (pool4): MaxPool1d(kernel_size=2, stride=2, padding=0, dilation=1, ceil_mode=False)
  (bottleneck): Sequential(
    (bottleneckconv1): Conv1d(256, 512, kernel_size=(3,), stride=(1,), padding=(1,), bias=False)
    (bottlenecknorm1): BatchNorm1d(512, eps=1e-05, momentum=0.1, affine=True, track_running_stats=True)
    (bottlenecktanh1): Tanh()
    (bottleneckconv2): Conv1d(512, 512, kernel_size=(3,), stride=(1,), padding=(1,), bias=False)
    (bottlenecknorm2): BatchNorm1d(512, eps=1e-05, momentum=0.1, affine=True, track_running_stats=True)
    (bottlenecktanh2): Tanh()
  )
  (upconv4): ConvTranspose1d(512, 256, kernel_size=(2,), stride=(2,))
  (decoder4): Sequential(
    (dec4conv1): Conv1d(512, 256, kernel_size=(3,), stride=(1,), padding=(1,), bias=False)
    (dec4norm1): BatchNorm1d(256, eps=1e-05, momentum=0.1, affine=True, track_running_stats=True)
    (dec4tanh1): Tanh()
    (dec4conv2): Conv1d(256, 256, kernel_size=(3,), stride=(1,), padding=(1,), bias=False)
    (dec4norm2): BatchNorm1d(256, eps=1e-05, momentum=0.1, affine=True, track_running_stats=True)
    (dec4tanh2): Tanh()
  )
  (upconv3): ConvTranspose1d(256, 128, kernel_size=(2,), stride=(2,))
  (decoder3): Sequential(
    (dec3conv1): Conv1d(256, 128, kernel_size=(3,), stride=(1,), padding=(1,), bias=False)
    (dec3norm1): BatchNorm1d(128, eps=1e-05, momentum=0.1, affine=True, track_running_stats=True)
    (dec3tanh1): Tanh()
    (dec3conv2): Conv1d(128, 128, kernel_size=(3,), stride=(1,), padding=(1,), bias=False)
    (dec3norm2): BatchNorm1d(128, eps=1e-05, momentum=0.1, affine=True, track_running_stats=True)
    (dec3tanh2): Tanh()
  )
  (upconv2): ConvTranspose1d(128, 64, kernel_size=(2,), stride=(2,))
  (decoder2): Sequential(
    (dec2conv1): Conv1d(128, 64, kernel_size=(3,), stride=(1,), padding=(1,), bias=False)
    (dec2norm1): BatchNorm1d(64, eps=1e-05, momentum=0.1, affine=True, track_running_stats=True)
    (dec2tanh1): Tanh()
    (dec2conv2): Conv1d(64, 64, kernel_size=(3,), stride=(1,), padding=(1,), bias=False)
    (dec2norm2): BatchNorm1d(64, eps=1e-05, momentum=0.1, affine=True, track_running_stats=True)
    (dec2tanh2): Tanh()
  )
  (upconv1): ConvTranspose1d(64, 32, kernel_size=(2,), stride=(2,))
  (decoder1): Sequential(
    (dec1conv1): Conv1d(64, 32, kernel_size=(3,), stride=(1,), padding=(1,), bias=False)
    (dec1norm1): BatchNorm1d(32, eps=1e-05, momentum=0.1, affine=True, track_running_stats=True)
    (dec1tanh1): Tanh()
    (dec1conv2): Conv1d(32, 32, kernel_size=(3,), stride=(1,), padding=(1,), bias=False)
    (dec1norm2): BatchNorm1d(32, eps=1e-05, momentum=0.1, affine=True, track_running_stats=True)
    (dec1tanh2): Tanh()
  )
  (conv): Conv1d(32, 1, kernel_size=(1,), stride=(1,))
)
Epoch 0, Train Loss: 0.59275009, Val Loss: 0.32306957
Epoch 10, Train Loss: 0.40476332, Val Loss: 0.35262063
Epoch 20, Train Loss: 0.14432817, Val Loss: 0.25846257
Epoch 30, Train Loss: 0.12000200, Val Loss: 0.09103122
Epoch 40, Train Loss: 0.11700124, Val Loss: 0.10807421
Epoch 50, Train Loss: 0.12531906, Val Loss: 0.06239855
Epoch 60, Train Loss: 0.10382948, Val Loss: 0.06209054
Epoch 70, Train Loss: 0.09277333, Val Loss: 0.13051592
Epoch 80, Train Loss: 0.08416129, Val Loss: 0.07318980
Epoch 90, Train Loss: 0.08307630, Val Loss: 0.04018128
Test L2 Loss: 0.072816
-----Visualizing Saved------
Figure saved to output_logs/predictions/burger_1.0_fno_4557124_predictions.png
Model saved to checkpoints/unet1d/burger_1.0_4557124.pt
Original test data shape: x=torch.Size([49000, 1, 128]), y=torch.Size([49000, 1, 128])

Evaluating at resolution factor: 1
Resolution factor 1 - Relative L2 Loss: 0.072816

Evaluating at resolution factor: 2
Downsampled shapes: x=torch.Size([49000, 1, 64]), y=torch.Size([49000, 1, 64])
Resolution factor 2 - Relative L2 Loss: 0.057522

Evaluating at resolution factor: 4
Downsampled shapes: x=torch.Size([49000, 1, 32]), y=torch.Size([49000, 1, 32])
Resolution factor 4 - Relative L2 Loss: 0.072159

Evaluating at resolution factor: 8
Downsampled shapes: x=torch.Size([49000, 1, 16]), y=torch.Size([49000, 1, 16])
Resolution factor 8 - Relative L2 Loss: 0.235469

Evaluating at resolution factor: 16
Downsampled shapes: x=torch.Size([49000, 1, 8]), y=torch.Size([49000, 1, 8])
Skipping Resolution factor 16 because not enough modes

Evaluating at resolution factor: 32
Downsampled shapes: x=torch.Size([49000, 1, 4]), y=torch.Size([49000, 1, 4])
Skipping Resolution factor 32 because not enough modes
Loading from file: /home/rvk/data/pdebench/1D_Burgers_Sols_Nu1.0.hdf5
(10000, 201, 1024)
Total data shape: (10000, 51, 1024)
x shape: (490000, 1, 1024)
y shape: (490000, 1, 1024)
grid shape: torch.Size([1024, 1])
---------Using data normalizer---------------
Train dataset size: 392000
Validation dataset size: 49000
Test dataset size: 49000
Original test data shape: x=torch.Size([49000, 1, 1024]), y=torch.Size([49000, 1, 1024])
Testing resolutions: [256, 512, 1024]

Evaluating at resolution: 256
Downsampled shapes: x=torch.Size([49000, 1, 256]), y=torch.Size([49000, 1, 256])
Resolution 256 - Relative L2 Loss: 0.055525

Evaluating at resolution: 512
Downsampled shapes: x=torch.Size([49000, 1, 512]), y=torch.Size([49000, 1, 512])
Resolution 512 - Relative L2 Loss: 0.056910

Evaluating at resolution: 1024
Downsampled shapes: x=torch.Size([49000, 1, 1024]), y=torch.Size([49000, 1, 1024])
Resolution 1024 - Relative L2 Loss: 0.057301

Summary of Super-Resolution Evaluation:
Resolution factor 1: Relative L2 Loss = 0.072816
Resolution factor 2: Relative L2 Loss = 0.057522
Resolution factor 4: Relative L2 Loss = 0.072159
Resolution factor 8: Relative L2 Loss = 0.235469

Summary of Higher-Resolution Evaluation:
Resolution factor 256: Relative L2 Loss = 0.055525
Resolution factor 512: Relative L2 Loss = 0.056910
Resolution factor 1024: Relative L2 Loss = 0.057301
[1;34mwandb[0m: 
[1;34mwandb[0m: 🚀 View run [33mcomic-dragon-29[0m at: [34mhttps://wandb.ai/rohanvk-carnegie-mellon-university/unet1d/runs/0my28lex[0m
[1;34mwandb[0m: Find logs at: [1;35mwandb/run-20250413_011811-0my28lex/logs[0m
Job completed at Sun Apr 13 02:47:44 EDT 2025
