Job started on babel-6-29 at Tue Jul  1 23:44:41 EDT 2025
Job ID: 5180274
GPU information:
Tue Jul  1 23:44:41 2025       
+-----------------------------------------------------------------------------------------+
| NVIDIA-SMI 575.51.03              Driver Version: 575.51.03      CUDA Version: 12.9     |
|-----------------------------------------+------------------------+----------------------+
| GPU  Name                 Persistence-M | Bus-Id          Disp.A | Volatile Uncorr. ECC |
| Fan  Temp   Perf          Pwr:Usage/Cap |           Memory-Usage | GPU-Util  Compute M. |
|                                         |                        |               MIG M. |
|=========================================+========================+======================|
|   0  NVIDIA L40S                    On  |   00000000:D2:00.0 Off |                    0 |
| N/A   32C    P8             32W /  350W |       0MiB /  46068MiB |      0%      Default |
|                                         |                        |                  N/A |
+-----------------------------------------+------------------------+----------------------+
|   1  NVIDIA L40S                    On  |   00000000:D6:00.0 Off |                    0 |
| N/A   33C    P8             32W /  350W |       0MiB /  46068MiB |      0%      Default |
|                                         |                        |                  N/A |
+-----------------------------------------+------------------------+----------------------+
                                                                                         
+-----------------------------------------------------------------------------------------+
| Processes:                                                                              |
|  GPU   GI   CI              PID   Type   Process name                        GPU Memory |
|        ID   ID                                                               Usage      |
|=========================================================================================|
|  No running processes found                                                             |
+-----------------------------------------------------------------------------------------+
CUDA devices:
CUDA_VISIBLE_DEVICES: 0,1
Using device: cuda
[2025-07-01 23:45:03,027][root][INFO] - model:
  _target_: models.ffno.FFNO2D
  in_channels: 3
  out_channels: 3
  width: 32
  factor: 4
  n_modes: 16
  n_layers: 4
  dropout: 0.1
  mode: full
  ff_weight_norm: true
  n_ff_layers: 2
  layer_norm: true
  use_grid: false
dataset:
  reduced_batch: 1
  reduced_resolution: 1
  reduced_resolution_t: 4
  window_size: 15
  original_res: 512
  train_resolution: 32
  multi_res:
  - 4
  - 8
  s: 32
  train_mres: false
  pde: navier_stokes_0
  data_path1: /data/user_data/rvk/data/pdebench/ns_incom_inhom_2d_512-0.hdf5
training:
  batch_size: 16
  epochs: 100
  learning_rate: 0.001
  use_normalizer: false
project_name: ${dataset.pde}_${hydra:runtime.choices.model}
checkpoint_dir: checkpoints

Project name: navier_stokes_0_ffno_2d/ns_ffno_2d
Model name: models.ffno.FFNO2D
PDE Dataset: navier_stokes_0
Model: ffno2d
Loading from file: /data/user_data/rvk/data/pdebench/ns_incom_inhom_2d_512-0.hdf5
Available keys: ['force', 'particles', 't', 'velocity']
Velocity data shape: (4, 1000, 512, 512, 2)
Particles data shape: (4, 1000, 512, 512, 1)
Combined data shape: (4, 250, 512, 512, 3)
Current Spatial Size: 512
Resizing from 512x512 to 32x32
Downsampling using downsample function
Data shape after resizing: (4, 250, 32, 32, 3)
x shape: torch.Size([996, 3, 32, 32])
y shape: torch.Size([996, 3, 32, 32])
---------Computing min-max normalization statistics---------------
Input data range: [-2.714358, 3.350614]
Output data range: [-2.714358, 2.423913]
Train dataset size: 796
Validation dataset size: 99
Test dataset size: 101
<class 'torch.Tensor'> 0.4479319155216217 0.5287205576896667 0.08215824514627457 0.09681981801986694
FFNO2D(
  (in_proj): WNLinear(in_features=3, out_features=32, bias=True)
  (fourier_layers): ModuleList(
    (0-3): 4 x FSpectralConv2d(
      (fourier_weight): ParameterList(
          (0): Parameter containing: [torch.float32 of size 32x32x16x2 (cuda:0)]
          (1): Parameter containing: [torch.float32 of size 32x32x16x2 (cuda:0)]
      )
      (backcast_ff): FeedForward(
        (layers): ModuleList(
          (0): Sequential(
            (0): Linear(in_features=32, out_features=128, bias=True)
            (1): Dropout(p=0.1, inplace=False)
            (2): GELU(approximate='none')
            (3): Identity()
          )
          (1): Sequential(
            (0): Linear(in_features=128, out_features=32, bias=True)
            (1): Dropout(p=0.1, inplace=False)
            (2): Identity()
            (3): LayerNorm((32,), eps=1e-05, elementwise_affine=True)
          )
        )
      )
    )
  )
  (out_proj): WNLinear(in_features=32, out_features=3, bias=True)
)
Total Model Parameters: 0.30M
Trainable Parameters: 0.30M
Epoch 0, Train Loss: 0.53862686, Val Loss: 0.10378270
Epoch 10, Train Loss: 0.04665358, Val Loss: 0.04445222
Epoch 20, Train Loss: 0.03087145, Val Loss: 0.05200805
Epoch 30, Train Loss: 0.02360264, Val Loss: 0.03399233
Epoch 40, Train Loss: 0.02145669, Val Loss: 0.02924264
Epoch 50, Train Loss: 0.01894151, Val Loss: 0.03076120
Epoch 60, Train Loss: 0.01729932, Val Loss: 0.02812609
Epoch 70, Train Loss: 0.01652292, Val Loss: 0.02627382
Epoch 80, Train Loss: 0.01556465, Val Loss: 0.02529501
Epoch 90, Train Loss: 0.01489438, Val Loss: 0.02297264
Test L2 Loss: 0.120748
Model saved to checkpoints/ffno2d/navier_stokes_0_5180274.pt
Created/verified figures directory: figures/5180274
Using provided normalization statistics from training resolution 32:
  Input range: [-2.714358, 3.350614]
  Output range: [-2.714358, 2.423913]
Testing resolutions: [32, 64, 128, 256, 512]
Loading from file: /data/user_data/rvk/data/pdebench/ns_incom_inhom_2d_512-0.hdf5
Available keys: ['force', 'particles', 't', 'velocity']
Velocity data shape: (4, 1000, 512, 512, 2)
Particles data shape: (4, 1000, 512, 512, 1)
Combined data shape: (4, 250, 512, 512, 3)
Current Spatial Size: 512
Resizing from 512x512 to 32x32
Downsampling using downsample function
Data shape after resizing: (4, 250, 32, 32, 3)
x shape: torch.Size([996, 3, 32, 32])
y shape: torch.Size([996, 3, 32, 32])
Train dataset size: 796
Validation dataset size: 99
Test dataset size: 101
Resolution 32 - Relative L2 Loss: 0.120748
Loading from file: /data/user_data/rvk/data/pdebench/ns_incom_inhom_2d_512-0.hdf5
Available keys: ['force', 'particles', 't', 'velocity']
Velocity data shape: (4, 1000, 512, 512, 2)
Particles data shape: (4, 1000, 512, 512, 1)
Combined data shape: (4, 250, 512, 512, 3)
Current Spatial Size: 512
Resizing from 512x512 to 64x64
Downsampling using downsample function
Data shape after resizing: (4, 250, 64, 64, 3)
x shape: torch.Size([996, 3, 64, 64])
y shape: torch.Size([996, 3, 64, 64])
Train dataset size: 796
Validation dataset size: 99
Test dataset size: 101
Resolution 64 - Relative L2 Loss: 0.172912
Loading from file: /data/user_data/rvk/data/pdebench/ns_incom_inhom_2d_512-0.hdf5
Available keys: ['force', 'particles', 't', 'velocity']
Velocity data shape: (4, 1000, 512, 512, 2)
Particles data shape: (4, 1000, 512, 512, 1)
Combined data shape: (4, 250, 512, 512, 3)
Current Spatial Size: 512
Resizing from 512x512 to 128x128
Downsampling using downsample function
Data shape after resizing: (4, 250, 128, 128, 3)
x shape: torch.Size([996, 3, 128, 128])
y shape: torch.Size([996, 3, 128, 128])
Train dataset size: 796
Validation dataset size: 99
Test dataset size: 101
Resolution 128 - Relative L2 Loss: 0.180339
Loading from file: /data/user_data/rvk/data/pdebench/ns_incom_inhom_2d_512-0.hdf5
Available keys: ['force', 'particles', 't', 'velocity']
Velocity data shape: (4, 1000, 512, 512, 2)
Particles data shape: (4, 1000, 512, 512, 1)
Combined data shape: (4, 250, 512, 512, 3)
Current Spatial Size: 512
Resizing from 512x512 to 256x256
Downsampling using downsample function
Data shape after resizing: (4, 250, 256, 256, 3)
x shape: torch.Size([996, 3, 256, 256])
y shape: torch.Size([996, 3, 256, 256])
Train dataset size: 796
Validation dataset size: 99
Test dataset size: 101
Resolution 256 - Relative L2 Loss: 0.181495
Loading from file: /data/user_data/rvk/data/pdebench/ns_incom_inhom_2d_512-0.hdf5
Available keys: ['force', 'particles', 't', 'velocity']
Velocity data shape: (4, 1000, 512, 512, 2)
Particles data shape: (4, 1000, 512, 512, 1)
Combined data shape: (4, 250, 512, 512, 3)
Current Spatial Size: 512
x shape: torch.Size([996, 3, 512, 512])
y shape: torch.Size([996, 3, 512, 512])
Train dataset size: 796
Validation dataset size: 99
Test dataset size: 101
Resolution 512 - Relative L2 Loss: 0.181606
Creating prediction vs target plots...
Detected 3 channel(s) in the data
Plotting Channel 0...
Saved main comparison plot to: figures/5180274/prediction_plots/navier_stokes_comparison_20250701_235111.png
Saved error plot to: figures/5180274/prediction_plots/navier_stokes_error_20250701_235111.png
Saved individual plot for resolution 32 to: figures/5180274/prediction_plots/navier_stokes_res_32_20250701_235111.png
Saved individual plot for resolution 64 to: figures/5180274/prediction_plots/navier_stokes_res_64_20250701_235111.png
Saved individual plot for resolution 128 to: figures/5180274/prediction_plots/navier_stokes_res_128_20250701_235111.png
Saved individual plot for resolution 256 to: figures/5180274/prediction_plots/navier_stokes_res_256_20250701_235111.png
Saved individual plot for resolution 512 to: figures/5180274/prediction_plots/navier_stokes_res_512_20250701_235111.png
Plotting Channel 1...
Saved main comparison plot to: figures/5180274/prediction_plots/navier_stokes_comparison_ch1_20250701_235111.png
Saved error plot to: figures/5180274/prediction_plots/navier_stokes_error_ch1_20250701_235111.png
Saved individual plot for resolution 32 to: figures/5180274/prediction_plots/navier_stokes_res_32_ch1_20250701_235111.png
Saved individual plot for resolution 64 to: figures/5180274/prediction_plots/navier_stokes_res_64_ch1_20250701_235111.png
Saved individual plot for resolution 128 to: figures/5180274/prediction_plots/navier_stokes_res_128_ch1_20250701_235111.png
Saved individual plot for resolution 256 to: figures/5180274/prediction_plots/navier_stokes_res_256_ch1_20250701_235111.png
Saved individual plot for resolution 512 to: figures/5180274/prediction_plots/navier_stokes_res_512_ch1_20250701_235111.png
Plotting Channel 2...
Saved main comparison plot to: figures/5180274/prediction_plots/navier_stokes_comparison_ch2_20250701_235111.png
Saved error plot to: figures/5180274/prediction_plots/navier_stokes_error_ch2_20250701_235111.png
Saved individual plot for resolution 32 to: figures/5180274/prediction_plots/navier_stokes_res_32_ch2_20250701_235111.png
Saved individual plot for resolution 64 to: figures/5180274/prediction_plots/navier_stokes_res_64_ch2_20250701_235111.png
Saved individual plot for resolution 128 to: figures/5180274/prediction_plots/navier_stokes_res_128_ch2_20250701_235111.png
Saved individual plot for resolution 256 to: figures/5180274/prediction_plots/navier_stokes_res_256_ch2_20250701_235111.png
Saved individual plot for resolution 512 to: figures/5180274/prediction_plots/navier_stokes_res_512_ch2_20250701_235111.png
Saved all channels comparison plot to: figures/5180274/prediction_plots/navier_stokes_all_channels_20250701_235111.png
Performing frequency analysis...
Analyzing frequency distributions...
Training resolution: 32
Test resolutions: [32, 64, 128, 256, 512]

Analyzing 32→32 frequency distribution...
Saved frequency analysis: figures/5180274/frequency_analysis/frequency_analysis_32_to_32_20250701_235151.png

Analyzing 64→32 frequency distribution...
Saved frequency analysis: figures/5180274/frequency_analysis/frequency_analysis_64_to_32_20250701_235151.png

Analyzing 128→32 frequency distribution...
Saved frequency analysis: figures/5180274/frequency_analysis/frequency_analysis_128_to_32_20250701_235151.png

Analyzing 256→32 frequency distribution...
Saved frequency analysis: figures/5180274/frequency_analysis/frequency_analysis_256_to_32_20250701_235151.png

Analyzing 512→32 frequency distribution...
Saved frequency analysis: figures/5180274/frequency_analysis/frequency_analysis_512_to_32_20250701_235151.png
Creating multi-resolution frequency comparison...
[1;34mwandb[0m: 
[1;34mwandb[0m: 🚀 View run [33mstellar-sun-76[0m at: [34mhttps://wandb.ai/rohanvk-carnegie-mellon-university/ffno2d/runs/ihzuwacm[0m
[1;34mwandb[0m: Find logs at: [1;35mwandb/run-20250701_234606-ihzuwacm/logs[0m
Job completed at Tue Jul  1 23:54:18 EDT 2025
