/home/rvk/miniconda3/envs/pde/lib/python3.13/site-packages/torch/nn/utils/weight_norm.py:143: FutureWarning: `torch.nn.utils.weight_norm` is deprecated in favor of `torch.nn.utils.parametrizations.weight_norm`.
  WeightNorm.apply(module, name, dim)
Error executing job with overrides: ['model=ffno_2d/ns_ffno_2d', 'dataset=navier_stokes/ns_512_0']
Traceback (most recent call last):
  File "/home/rvk/new_main.py", line 93, in main
    out = model(x_sample.to(device))
  File "/home/rvk/miniconda3/envs/pde/lib/python3.13/site-packages/torch/nn/modules/module.py", line 1739, in _wrapped_call_impl
    return self._call_impl(*args, **kwargs)
           ~~~~~~~~~~~~~~~^^^^^^^^^^^^^^^^^
  File "/home/rvk/miniconda3/envs/pde/lib/python3.13/site-packages/torch/nn/modules/module.py", line 1750, in _call_impl
    return forward_call(*args, **kwargs)
  File "/home/rvk/models/ffno.py", line 221, in forward
    x_new, _ = layer(x)
               ~~~~~^^^
  File "/home/rvk/miniconda3/envs/pde/lib/python3.13/site-packages/torch/nn/modules/module.py", line 1739, in _wrapped_call_impl
    return self._call_impl(*args, **kwargs)
           ~~~~~~~~~~~~~~~^^^^^^^^^^^^^^^^^
  File "/home/rvk/miniconda3/envs/pde/lib/python3.13/site-packages/torch/nn/modules/module.py", line 1750, in _call_impl
    return forward_call(*args, **kwargs)
  File "/home/rvk/models/spectral_convolution.py", line 236, in forward
    b = self.backcast_ff(x)
  File "/home/rvk/miniconda3/envs/pde/lib/python3.13/site-packages/torch/nn/modules/module.py", line 1739, in _wrapped_call_impl
    return self._call_impl(*args, **kwargs)
           ~~~~~~~~~~~~~~~^^^^^^^^^^^^^^^^^
  File "/home/rvk/miniconda3/envs/pde/lib/python3.13/site-packages/torch/nn/modules/module.py", line 1750, in _call_impl
    return forward_call(*args, **kwargs)
  File "/home/rvk/models/custom_layer.py", line 59, in forward
    x = layer(x)
  File "/home/rvk/miniconda3/envs/pde/lib/python3.13/site-packages/torch/nn/modules/module.py", line 1739, in _wrapped_call_impl
    return self._call_impl(*args, **kwargs)
           ~~~~~~~~~~~~~~~^^^^^^^^^^^^^^^^^
  File "/home/rvk/miniconda3/envs/pde/lib/python3.13/site-packages/torch/nn/modules/module.py", line 1750, in _call_impl
    return forward_call(*args, **kwargs)
  File "/home/rvk/miniconda3/envs/pde/lib/python3.13/site-packages/torch/nn/modules/container.py", line 250, in forward
    input = module(input)
  File "/home/rvk/miniconda3/envs/pde/lib/python3.13/site-packages/torch/nn/modules/module.py", line 1739, in _wrapped_call_impl
    return self._call_impl(*args, **kwargs)
           ~~~~~~~~~~~~~~~^^^^^^^^^^^^^^^^^
  File "/home/rvk/miniconda3/envs/pde/lib/python3.13/site-packages/torch/nn/modules/module.py", line 1750, in _call_impl
    return forward_call(*args, **kwargs)
  File "/home/rvk/miniconda3/envs/pde/lib/python3.13/site-packages/torch/nn/modules/activation.py", line 734, in forward
    return F.gelu(input, approximate=self.approximate)
           ~~~~~~^^^^^^^^^^^^^^^^^^^^^^^^^^^^^^^^^^^^^
torch.OutOfMemoryError: CUDA out of memory. Tried to allocate 8.00 GiB. GPU 0 has a total capacity of 79.25 GiB of which 5.68 GiB is free. Including non-PyTorch memory, this process has 73.56 GiB memory in use. Of the allocated memory 72.93 GiB is allocated by PyTorch, and 140.74 MiB is reserved by PyTorch but unallocated. If reserved but unallocated memory is large try setting PYTORCH_CUDA_ALLOC_CONF=expandable_segments:True to avoid fragmentation.  See documentation for Memory Management  (https://pytorch.org/docs/stable/notes/cuda.html#environment-variables)

Set the environment variable HYDRA_FULL_ERROR=1 for a complete stack trace.
srun: error: babel-5-27: task 0: Exited with exit code 1
