Job started on babel-2-17 at Sat Jul  5 16:45:58 EDT 2025
Job ID: 5190045
GPU information:
Sat Jul  5 16:45:58 2025       
+-----------------------------------------------------------------------------------------+
| NVIDIA-SMI 575.51.03              Driver Version: 575.51.03      CUDA Version: 12.9     |
|-----------------------------------------+------------------------+----------------------+
| GPU  Name                 Persistence-M | Bus-Id          Disp.A | Volatile Uncorr. ECC |
| Fan  Temp   Perf          Pwr:Usage/Cap |           Memory-Usage | GPU-Util  Compute M. |
|                                         |                        |               MIG M. |
|=========================================+========================+======================|
|   0  NVIDIA L40S                    On  |   00000000:57:00.0 Off |                    0 |
| N/A   28C    P8             32W /  350W |       0MiB /  46068MiB |      0%      Default |
|                                         |                        |                  N/A |
+-----------------------------------------+------------------------+----------------------+
|   1  NVIDIA L40S                    On  |   00000000:D1:00.0 Off |                    0 |
| N/A   25C    P8             32W /  350W |       0MiB /  46068MiB |      0%      Default |
|                                         |                        |                  N/A |
+-----------------------------------------+------------------------+----------------------+
                                                                                         
+-----------------------------------------------------------------------------------------+
| Processes:                                                                              |
|  GPU   GI   CI              PID   Type   Process name                        GPU Memory |
|        ID   ID                                                               Usage      |
|=========================================================================================|
|  No running processes found                                                             |
+-----------------------------------------------------------------------------------------+
CUDA devices:
CUDA_VISIBLE_DEVICES: 0,1
Using device: cuda
[2025-07-05 16:54:24,188][root][INFO] - model:
  _target_: CNO.CNO2d_original_version.CNOModule.CNO
  in_dim: 3
  out_dim: 3
  out_size: 1
  N_layers: 3
  N_res: 4
  N_res_neck: 6
  channel_multiplier: 32
  conv_kernel: 3
  cutoff_den: 2.0001
  filter_size: 6
  lrelu_upsampling: 2
  half_width_mult: 0.8
  radial: false
  batch_norm: true
  expand_input: false
  latent_lift_proj_dim: 64
  add_inv: true
  activation: cno_lrelu
dataset:
  dataset_params:
    _target_: dataloaders.active_matter_all_markov.multi_file_active_matter_markov_dataset
    file_pattern: active_matter_*.hdf5
    saved_folder: /data/user_data/rvk/well/datasets/active_matter/data/train/
    reduced_batch: 4
    reduced_resolution: 1
    reduced_resolution_t: 1
    s: 64
    data_normalizer: true
    num_samples_max: -1
  window_size: 15
  original_res: 256
  train_resolution: 64
  multi_res:
  - 1
  - 16
  train_mres: false
  pde: navier_stokes_0
training:
  batch_size: 16
  epochs: 100
  learning_rate: 0.001
  use_normalizer: false
project_name: ${dataset.pde}_${hydra:runtime.choices.model}
checkpoint_dir: checkpoints

Project name: navier_stokes_0_cno_2d/cno_2d_original
Model name: CNO.CNO2d_original_version.CNOModule.CNO
PDE Dataset: navier_stokes_0
---------------------
Found 45 files matching pattern: active_matter_*.hdf5
  1: active_matter_L_10.0_zeta_1.0_alpha_-1.0.hdf5
  2: active_matter_L_10.0_zeta_1.0_alpha_-2.0.hdf5
  3: active_matter_L_10.0_zeta_1.0_alpha_-3.0.hdf5
  4: active_matter_L_10.0_zeta_1.0_alpha_-4.0.hdf5
  5: active_matter_L_10.0_zeta_1.0_alpha_-5.0.hdf5
  ... and 40 more files
Concatenating data from all files...
Combined concentration shape: (58, 81, 256, 256)
Combined velocity shape: (58, 81, 256, 256, 2)
Final combined data shape: (58, 81, 256, 256, 3)
Channels: [concentration, vx, vy]
Total trajectories: 58
Grid shape: torch.Size([256, 256, 2])

Parameter Statistics:
Alpha range: -5.0 to -1.0
Unique alpha values: [np.float32(-5.0), np.float32(-4.0), np.float32(-3.0), np.float32(-2.0), np.float32(-1.0)]
Zeta range: 1.0 to 17.0
Unique zeta values: [np.float32(1.0), np.float32(3.0), np.float32(5.0), np.float32(7.0), np.float32(9.0), np.float32(11.0), np.float32(13.0), np.float32(15.0), np.float32(17.0)]
L values: [10.0]
Total files: 45
Total trajectories: 175
Current Spatial Size: 256
Resizing from 256x256 to 64x64
Downsampling using downsample function
Data shape after resizing: (58, 81, 64, 64, 3)
x shape: torch.Size([4640, 3, 64, 64])
y shape: torch.Size([4640, 3, 64, 64])
grid shape: torch.Size([64, 64, 2])
---------Computing min-max normalization statistics---------------
Input data range: [-4.488708, 4.538237]
Output data range: [-4.485606, 4.538237]
Train dataset size: 3712
Validation dataset size: 464
Test dataset size: 464
<dataloaders.active_matter_all_markov.multi_file_active_matter_markov_dataset.<locals>.MinMaxNormalizedDataset object at 0x1532638ec910>
<class 'torch.Tensor'> 0.5341830849647522 0.5340230464935303 0.07677215337753296 0.07817915081977844
Total Model Parameters: 2.95M
Trainable Parameters: 2.95M
Setting up PyTorch plugin "filtered_lrelu_plugin"... Done.
Epoch 0, Train Loss: 0.07745692, Val Loss: 0.04987319
Epoch 10, Train Loss: 0.01941848, Val Loss: 0.02075670
Epoch 20, Train Loss: 0.01670177, Val Loss: 0.02137079
Epoch 30, Train Loss: 0.01222670, Val Loss: 0.01434865
Epoch 40, Train Loss: 0.01118443, Val Loss: 0.02064746
Epoch 50, Train Loss: 0.00874856, Val Loss: 0.01542531
Epoch 60, Train Loss: 0.00832593, Val Loss: 0.01277095
Epoch 70, Train Loss: 0.00795994, Val Loss: 0.01085826
Epoch 80, Train Loss: 0.00695664, Val Loss: 0.01132001
Epoch 90, Train Loss: 0.00681203, Val Loss: 0.01781840
Test L2 Loss: 0.077092
Model saved to checkpoints/cno/navier_stokes_0_5190045.pt
Created/verified figures directory: figures/5190045
Using provided normalization statistics from training resolution 64:
  Input range: [-4.488708, 4.538237]
  Output range: [-4.485606, 4.538237]
Testing resolutions: [32, 64, 128, 256]
Found 45 files matching pattern: active_matter_*.hdf5
  1: active_matter_L_10.0_zeta_1.0_alpha_-1.0.hdf5
  2: active_matter_L_10.0_zeta_1.0_alpha_-2.0.hdf5
  3: active_matter_L_10.0_zeta_1.0_alpha_-3.0.hdf5
  4: active_matter_L_10.0_zeta_1.0_alpha_-4.0.hdf5
  5: active_matter_L_10.0_zeta_1.0_alpha_-5.0.hdf5
  ... and 40 more files
Concatenating data from all files...
Combined concentration shape: (175, 81, 256, 256)
Combined velocity shape: (175, 81, 256, 256, 2)
Final combined data shape: (175, 81, 256, 256, 3)
Channels: [concentration, vx, vy]
Total trajectories: 175
Grid shape: torch.Size([256, 256, 2])

Parameter Statistics:
Alpha range: -5.0 to -1.0
Unique alpha values: [np.float32(-5.0), np.float32(-4.0), np.float32(-3.0), np.float32(-2.0), np.float32(-1.0)]
Zeta range: 1.0 to 17.0
Unique zeta values: [np.float32(1.0), np.float32(3.0), np.float32(5.0), np.float32(7.0), np.float32(9.0), np.float32(11.0), np.float32(13.0), np.float32(15.0), np.float32(17.0)]
L values: [10.0]
Total files: 45
Total trajectories: 175
Current Spatial Size: 256
Resizing from 256x256 to 32x32
Downsampling using downsample function
Data shape after resizing: (175, 81, 32, 32, 3)
x shape: torch.Size([14000, 3, 32, 32])
y shape: torch.Size([14000, 3, 32, 32])
grid shape: torch.Size([32, 32, 2])
Train dataset size: 11200
Validation dataset size: 1400
Test dataset size: 1400
Resolution 32 - Relative L2 Loss: 0.098517
Memory cleaned after resolution 32
Found 45 files matching pattern: active_matter_*.hdf5
  1: active_matter_L_10.0_zeta_1.0_alpha_-1.0.hdf5
  2: active_matter_L_10.0_zeta_1.0_alpha_-2.0.hdf5
  3: active_matter_L_10.0_zeta_1.0_alpha_-3.0.hdf5
  4: active_matter_L_10.0_zeta_1.0_alpha_-4.0.hdf5
  5: active_matter_L_10.0_zeta_1.0_alpha_-5.0.hdf5
  ... and 40 more files
Concatenating data from all files...
Combined concentration shape: (175, 81, 256, 256)
Combined velocity shape: (175, 81, 256, 256, 2)
Final combined data shape: (175, 81, 256, 256, 3)
Channels: [concentration, vx, vy]
Total trajectories: 175
Grid shape: torch.Size([256, 256, 2])

Parameter Statistics:
Alpha range: -5.0 to -1.0
Unique alpha values: [np.float32(-5.0), np.float32(-4.0), np.float32(-3.0), np.float32(-2.0), np.float32(-1.0)]
Zeta range: 1.0 to 17.0
Unique zeta values: [np.float32(1.0), np.float32(3.0), np.float32(5.0), np.float32(7.0), np.float32(9.0), np.float32(11.0), np.float32(13.0), np.float32(15.0), np.float32(17.0)]
L values: [10.0]
Total files: 45
Total trajectories: 175
Current Spatial Size: 256
Resizing from 256x256 to 64x64
Downsampling using downsample function
Data shape after resizing: (175, 81, 64, 64, 3)
x shape: torch.Size([14000, 3, 64, 64])
y shape: torch.Size([14000, 3, 64, 64])
grid shape: torch.Size([64, 64, 2])
Train dataset size: 11200
Validation dataset size: 1400
Test dataset size: 1400
Resolution 64 - Relative L2 Loss: 0.099884
Memory cleaned after resolution 64
Found 45 files matching pattern: active_matter_*.hdf5
  1: active_matter_L_10.0_zeta_1.0_alpha_-1.0.hdf5
  2: active_matter_L_10.0_zeta_1.0_alpha_-2.0.hdf5
  3: active_matter_L_10.0_zeta_1.0_alpha_-3.0.hdf5
  4: active_matter_L_10.0_zeta_1.0_alpha_-4.0.hdf5
  5: active_matter_L_10.0_zeta_1.0_alpha_-5.0.hdf5
  ... and 40 more files
Concatenating data from all files...
Combined concentration shape: (175, 81, 256, 256)
Combined velocity shape: (175, 81, 256, 256, 2)
Final combined data shape: (175, 81, 256, 256, 3)
Channels: [concentration, vx, vy]
Total trajectories: 175
Grid shape: torch.Size([256, 256, 2])

Parameter Statistics:
Alpha range: -5.0 to -1.0
Unique alpha values: [np.float32(-5.0), np.float32(-4.0), np.float32(-3.0), np.float32(-2.0), np.float32(-1.0)]
Zeta range: 1.0 to 17.0
Unique zeta values: [np.float32(1.0), np.float32(3.0), np.float32(5.0), np.float32(7.0), np.float32(9.0), np.float32(11.0), np.float32(13.0), np.float32(15.0), np.float32(17.0)]
L values: [10.0]
Total files: 45
Total trajectories: 175
Current Spatial Size: 256
Resizing from 256x256 to 128x128
Downsampling using downsample function
Data shape after resizing: (175, 81, 128, 128, 3)
x shape: torch.Size([14000, 3, 128, 128])
y shape: torch.Size([14000, 3, 128, 128])
grid shape: torch.Size([128, 128, 2])
Train dataset size: 11200
Validation dataset size: 1400
Test dataset size: 1400
Resolution 128 - Relative L2 Loss: 0.099929
Memory cleaned after resolution 128
Found 45 files matching pattern: active_matter_*.hdf5
  1: active_matter_L_10.0_zeta_1.0_alpha_-1.0.hdf5
  2: active_matter_L_10.0_zeta_1.0_alpha_-2.0.hdf5
  3: active_matter_L_10.0_zeta_1.0_alpha_-3.0.hdf5
  4: active_matter_L_10.0_zeta_1.0_alpha_-4.0.hdf5
  5: active_matter_L_10.0_zeta_1.0_alpha_-5.0.hdf5
  ... and 40 more files
Concatenating data from all files...
Combined concentration shape: (175, 81, 256, 256)
Combined velocity shape: (175, 81, 256, 256, 2)
Final combined data shape: (175, 81, 256, 256, 3)
Channels: [concentration, vx, vy]
Total trajectories: 175
Grid shape: torch.Size([256, 256, 2])

Parameter Statistics:
Alpha range: -5.0 to -1.0
Unique alpha values: [np.float32(-5.0), np.float32(-4.0), np.float32(-3.0), np.float32(-2.0), np.float32(-1.0)]
Zeta range: 1.0 to 17.0
Unique zeta values: [np.float32(1.0), np.float32(3.0), np.float32(5.0), np.float32(7.0), np.float32(9.0), np.float32(11.0), np.float32(13.0), np.float32(15.0), np.float32(17.0)]
L values: [10.0]
Total files: 45
Total trajectories: 175
Current Spatial Size: 256
x shape: torch.Size([14000, 3, 256, 256])
y shape: torch.Size([14000, 3, 256, 256])
grid shape: torch.Size([256, 256, 2])
Train dataset size: 11200
Validation dataset size: 1400
Test dataset size: 1400
Resolution 256 - Relative L2 Loss: 0.099928
Memory cleaned after resolution 256
Creating prediction vs target plots...
Detected 3 channel(s) in the data
Plotting Channel 0...
Saved main comparison plot to: figures/5190045/prediction_plots/navier_stokes_comparison_20250705_172648.png
Saved error plot to: figures/5190045/prediction_plots/navier_stokes_error_20250705_172648.png
Saved individual plot for resolution 32 to: figures/5190045/prediction_plots/navier_stokes_res_32_20250705_172648.png
Saved individual plot for resolution 64 to: figures/5190045/prediction_plots/navier_stokes_res_64_20250705_172648.png
Saved individual plot for resolution 128 to: figures/5190045/prediction_plots/navier_stokes_res_128_20250705_172648.png
Saved individual plot for resolution 256 to: figures/5190045/prediction_plots/navier_stokes_res_256_20250705_172648.png
Plotting Channel 1...
Saved main comparison plot to: figures/5190045/prediction_plots/navier_stokes_comparison_ch1_20250705_172648.png
Saved error plot to: figures/5190045/prediction_plots/navier_stokes_error_ch1_20250705_172648.png
Saved individual plot for resolution 32 to: figures/5190045/prediction_plots/navier_stokes_res_32_ch1_20250705_172648.png
Saved individual plot for resolution 64 to: figures/5190045/prediction_plots/navier_stokes_res_64_ch1_20250705_172648.png
Saved individual plot for resolution 128 to: figures/5190045/prediction_plots/navier_stokes_res_128_ch1_20250705_172648.png
Saved individual plot for resolution 256 to: figures/5190045/prediction_plots/navier_stokes_res_256_ch1_20250705_172648.png
Plotting Channel 2...
Saved main comparison plot to: figures/5190045/prediction_plots/navier_stokes_comparison_ch2_20250705_172648.png
Saved error plot to: figures/5190045/prediction_plots/navier_stokes_error_ch2_20250705_172648.png
Saved individual plot for resolution 32 to: figures/5190045/prediction_plots/navier_stokes_res_32_ch2_20250705_172648.png
Saved individual plot for resolution 64 to: figures/5190045/prediction_plots/navier_stokes_res_64_ch2_20250705_172648.png
Saved individual plot for resolution 128 to: figures/5190045/prediction_plots/navier_stokes_res_128_ch2_20250705_172648.png
Saved individual plot for resolution 256 to: figures/5190045/prediction_plots/navier_stokes_res_256_ch2_20250705_172648.png
Saved all channels comparison plot to: figures/5190045/prediction_plots/navier_stokes_all_channels_20250705_172648.png
Saved numerical results: figures/5190045/evaluation_results_20250705_172712.csv
Saved summary: figures/5190045/evaluation_summary_20250705_172712.txt

==================================================
EVALUATION SUMMARY
==================================================
Resolution  32: 0.098517
Resolution  64: 0.099884
Resolution 128: 0.099929
Resolution 256: 0.099928

Summary of Super-Resolution Evaluation:
Resolution factor 32: Relative L2 Loss = 0.098517
Resolution factor 64: Relative L2 Loss = 0.099884
Resolution factor 128: Relative L2 Loss = 0.099929
Resolution factor 256: Relative L2 Loss = 0.099928

Evaluation plots saved to: figures/5190045
Wandb run: https://wandb.ai/rohanvk-carnegie-mellon-university/cno/runs/5riuep3y
Job completed at Sat Jul  5 17:27:36 EDT 2025
