Job started on babel-8-5 at Tue Sep  9 08:41:31 PM EDT 2025
Job ID: 5447950
GPU information:
Tue Sep  9 20:41:31 2025       
+-----------------------------------------------------------------------------------------+
| NVIDIA-SMI 575.51.03              Driver Version: 575.51.03      CUDA Version: 12.9     |
|-----------------------------------------+------------------------+----------------------+
| GPU  Name                 Persistence-M | Bus-Id          Disp.A | Volatile Uncorr. ECC |
| Fan  Temp   Perf          Pwr:Usage/Cap |           Memory-Usage | GPU-Util  Compute M. |
|                                         |                        |               MIG M. |
|=========================================+========================+======================|
|   0  NVIDIA L40S                    On  |   00000000:57:00.0 Off |                    0 |
| N/A   28C    P8             31W /  350W |       0MiB /  46068MiB |      0%      Default |
|                                         |                        |                  N/A |
+-----------------------------------------+------------------------+----------------------+
|   1  NVIDIA L40S                    On  |   00000000:D1:00.0 Off |                    0 |
| N/A   26C    P8             31W /  350W |       0MiB /  46068MiB |      0%      Default |
|                                         |                        |                  N/A |
+-----------------------------------------+------------------------+----------------------+
                                                                                         
+-----------------------------------------------------------------------------------------+
| Processes:                                                                              |
|  GPU   GI   CI              PID   Type   Process name                        GPU Memory |
|        ID   ID                                                               Usage      |
|=========================================================================================|
|  No running processes found                                                             |
+-----------------------------------------------------------------------------------------+
CUDA devices:
CUDA_VISIBLE_DEVICES: 0,1
/home/rvk
Using device: cuda
[2025-09-09 20:41:38,157][root][INFO] - model:
  _target_: models.ffno.FFNO2D
  in_channels: 1
  out_channels: 1
  factor: 4
  n_modes: 64
  width: 64
  n_layers: 4
  dropout: 0.1
  mode: full
  ff_weight_norm: true
  n_ff_layers: 3
  layer_norm: true
  use_grid: true
dataset:
  dataset_params:
    _target_: dataloaders.ns_naive_true_multires.ns_true_multires_markov_dataset
    saved_folder: /data/user_data/rvk/ns_data/
    file_extension: .h5
    viscosity: '0.001'
    reduced_batch: 1
    reduced_resolution_t: 4
    data_mres_size:
      256: 0
      128: 0
      64: 0
    add_res:
    - 32
    add_res_samples:
      32: 1000
    downsample_from_res: 64
    data_normalizer: true
    normalization_type: simple
    num_samples_max: -1
    eval_dataset_target: dataloaders.ns_naive_markov.ns_markov_dataset
    eval_filename: ns_256_0.001.h5
    eval_saved_folder: /data/user_data/rvk/ns_data/
  resize_to_train: false
  evaluation_type: naive_downsample
  window_size: 15
  original_res: 256
  max_test_resolution: 256
  train_mres: true
  pde: ns
training:
  batch_size: 32
  epochs: 35
  learning_rate: 0.001
  use_normalizer: false
project_name: ${dataset.pde}_${hydra:runtime.choices.model}
checkpoint_dir: checkpoints

Project name: ns_ffno_2d/ffno_2d
Model name: models.ffno.FFNO2D
PDE Dataset: ns
This is True Multi-Resolution Training. Train Resolution is the highest data resolution in the multi-resolution data
---------------------
Creating true multi-resolution Navier-Stokes dataset from /data/user_data/rvk/ns_data/
Viscosity: 0.001, File extension: .h5
Target samples per resolution: {256: 0, 128: 0, 64: 0}
Additional downsampled resolutions: [32]
Target samples per downsampled resolution: {32: 1000}
Will downsample from resolution: 64
Loading Navier-Stokes multi-resolution data from /data/user_data/rvk/ns_data/
Viscosity: 0.001, File extension: .h5
Target samples per resolution (from files): {256: 0, 128: 0, 64: 0}
Additional downsampled resolutions: [32]
Target samples per downsampled resolution: {32: 1000}
Will downsample from resolution: 64
Adding downsampled resolutions: [32]
Adding downsampled data from /data/user_data/rvk/ns_data/ns_64_0.001.h5
  Loading .h5 file...
  Available keys: ['a', 't', 'u']
  Detected (batch, height, width, time) format, transposing to (batch, time, height, width)
  Added 4800 downsampled samples at resolution 32
Total samples loaded: 4800
Resolution distribution:
  32_downsampled: 4800 samples
Sample x shapes: [(1, 32, 32), (1, 32, 32), (1, 32, 32)]
Sample y shapes: [(1, 32, 32), (1, 32, 32), (1, 32, 32)]
Loading Navier-Stokes multi-resolution data from /data/user_data/rvk/ns_data/
Viscosity: 0.001, File extension: .h5
Target samples per resolution (from files): {256: 0, 128: 0, 64: 0}
Additional downsampled resolutions: [32]
Target samples per downsampled resolution: {32: 1000}
Will downsample from resolution: 64
Adding downsampled resolutions: [32]
Adding downsampled data from /data/user_data/rvk/ns_data/ns_64_0.001.h5
  Loading .h5 file...
  Available keys: ['a', 't', 'u']
  Detected (batch, height, width, time) format, transposing to (batch, time, height, width)
  Added 600 downsampled samples at resolution 32
Total samples loaded: 600
Resolution distribution:
  32_downsampled: 600 samples
Sample x shapes: [(1, 32, 32), (1, 32, 32), (1, 32, 32)]
Sample y shapes: [(1, 32, 32), (1, 32, 32), (1, 32, 32)]
Loading Navier-Stokes multi-resolution data from /data/user_data/rvk/ns_data/
Viscosity: 0.001, File extension: .h5
Target samples per resolution (from files): {256: 0, 128: 0, 64: 0}
Additional downsampled resolutions: [32]
Target samples per downsampled resolution: {32: 1000}
Will downsample from resolution: 64
Adding downsampled resolutions: [32]
Adding downsampled data from /data/user_data/rvk/ns_data/ns_64_0.001.h5
  Loading .h5 file...
  Available keys: ['a', 't', 'u']
  Detected (batch, height, width, time) format, transposing to (batch, time, height, width)
  Added 600 downsampled samples at resolution 32
Total samples loaded: 600
Resolution distribution:
  32_downsampled: 600 samples
Sample x shapes: [(1, 32, 32), (1, 32, 32), (1, 32, 32)]
Sample y shapes: [(1, 32, 32), (1, 32, 32), (1, 32, 32)]
---------Using simple global normalization---------------
Global statistics: X(mean=0.000000, std=0.588613), Y(mean=0.000000, std=0.670229)

Final dataset sizes:
Train dataset size: 4800
Validation dataset size: 600
Test dataset size: 600
<dataloaders.ns_naive_true_multires.ns_true_multires_markov_dataset.<locals>.SimpleNormalizedDataset object at 0x15115bafccd0>
Created resolution groups:
  Resolution 32: 4800 samples
Created resolution groups:
  Resolution 32: 600 samples
Created resolution groups:
  Resolution 32: 600 samples
<class 'torch.Tensor'> 1.7171259969472885e-09 5.529727786779404e-10 1.0239359140396118 1.0173271894454956
FFNO2D(
  (in_proj): WNLinear(in_features=3, out_features=64, bias=True)
  (fourier_layers): ModuleList(
    (0-3): 4 x FSpectralConv2d(
      (fourier_weight): ParameterList(
          (0): Parameter containing: [torch.float32 of size 64x64x64x2 (cuda:0)]
          (1): Parameter containing: [torch.float32 of size 64x64x64x2 (cuda:0)]
      )
      (backcast_ff): FeedForward(
        (layers): ModuleList(
          (0): Sequential(
            (0): Linear(in_features=64, out_features=256, bias=True)
            (1): Dropout(p=0.1, inplace=False)
            (2): GELU(approximate='none')
            (3): Identity()
          )
          (1): Sequential(
            (0): Linear(in_features=256, out_features=256, bias=True)
            (1): Dropout(p=0.1, inplace=False)
            (2): GELU(approximate='none')
            (3): Identity()
          )
          (2): Sequential(
            (0): Linear(in_features=256, out_features=64, bias=True)
            (1): Dropout(p=0.1, inplace=False)
            (2): Identity()
            (3): LayerNorm((64,), eps=1e-05, elementwise_affine=True)
          )
        )
      )
    )
  )
  (out_proj): WNLinear(in_features=64, out_features=1, bias=True)
)
Total Model Parameters: 4.59M
Trainable Parameters: 4.59M
Epoch 0, Train Loss: 0.28048387, Val Loss: 0.09910720
Epoch 10, Train Loss: 0.02197643, Val Loss: 0.01726499
Epoch 20, Train Loss: 0.01386619, Val Loss: 0.01263270
Epoch 30, Train Loss: 0.00856653, Val Loss: 0.01790273
Test L2 Loss: 0.020499
Model saved to checkpoints/ffno2d/ns_5447950.pt
Created/verified figures directory: figures/5447950
Evaluating 2D NS model at multiple resolutions
Using normalizer from training resolution 256
Testing resolutions: [32, 64, 128, 256]
Loading from file: /data/user_data/rvk/ns_data/ns_256_0.001.h5
Loading .h5 file...
Available keys: ['a', 't', 'u']
H5 data shape before any processing: (1000, 256, 256, 32)
Detected (batch, height, width, time) format, transposing to (batch, time, height, width)
Raw data shape: (1000, 32, 256, 256)
Converted to shape: (1000, 32, 256, 256, 1)
After reduction: (1000, 8, 32, 32, 1)
Markov pairs - x: (1000, 6, 32, 32, 1), y: (1000, 6, 32, 32, 1)
Final x shape: torch.Size([6000, 1, 32, 32])
Final y shape: torch.Size([6000, 1, 32, 32])
Dataset splits - Train: 4800, Val: 600, Test: 600

Final dataset sizes:
Train dataset size: 4800
Validation dataset size: 600
Test dataset size: 600
Selected random indices for plotting: [108, 303, 79, 84, 266, 569, 597, 20, 66, 199]
Collected 10 examples for resolution 32
Resolution 32 (downsample factor: 8) - Relative L2 Loss: 0.020520
Memory cleaned after resolution 32


Loading from file: /data/user_data/rvk/ns_data/ns_256_0.001.h5
Loading .h5 file...
Available keys: ['a', 't', 'u']
H5 data shape before any processing: (1000, 256, 256, 32)
Detected (batch, height, width, time) format, transposing to (batch, time, height, width)
Raw data shape: (1000, 32, 256, 256)
Converted to shape: (1000, 32, 256, 256, 1)
After reduction: (1000, 8, 64, 64, 1)
Markov pairs - x: (1000, 6, 64, 64, 1), y: (1000, 6, 64, 64, 1)
Final x shape: torch.Size([6000, 1, 64, 64])
Final y shape: torch.Size([6000, 1, 64, 64])
Dataset splits - Train: 4800, Val: 600, Test: 600

Final dataset sizes:
Train dataset size: 4800
Validation dataset size: 600
Test dataset size: 600
Collected 10 examples for resolution 64
Resolution 64 (downsample factor: 4) - Relative L2 Loss: 0.037124
Memory cleaned after resolution 64


Loading from file: /data/user_data/rvk/ns_data/ns_256_0.001.h5
Loading .h5 file...
Available keys: ['a', 't', 'u']
H5 data shape before any processing: (1000, 256, 256, 32)
Detected (batch, height, width, time) format, transposing to (batch, time, height, width)
Raw data shape: (1000, 32, 256, 256)
Converted to shape: (1000, 32, 256, 256, 1)
After reduction: (1000, 8, 128, 128, 1)
Markov pairs - x: (1000, 6, 128, 128, 1), y: (1000, 6, 128, 128, 1)
Final x shape: torch.Size([6000, 1, 128, 128])
Final y shape: torch.Size([6000, 1, 128, 128])
Dataset splits - Train: 4800, Val: 600, Test: 600

Final dataset sizes:
Train dataset size: 4800
Validation dataset size: 600
Test dataset size: 600
Collected 10 examples for resolution 128
Resolution 128 (downsample factor: 2) - Relative L2 Loss: 0.050782
Memory cleaned after resolution 128


Loading from file: /data/user_data/rvk/ns_data/ns_256_0.001.h5
Loading .h5 file...
Available keys: ['a', 't', 'u']
H5 data shape before any processing: (1000, 256, 256, 32)
Detected (batch, height, width, time) format, transposing to (batch, time, height, width)
Raw data shape: (1000, 32, 256, 256)
Converted to shape: (1000, 32, 256, 256, 1)
After reduction: (1000, 8, 256, 256, 1)
Markov pairs - x: (1000, 6, 256, 256, 1), y: (1000, 6, 256, 256, 1)
Final x shape: torch.Size([6000, 1, 256, 256])
Final y shape: torch.Size([6000, 1, 256, 256])
Dataset splits - Train: 4800, Val: 600, Test: 600

Final dataset sizes:
Train dataset size: 4800
Validation dataset size: 600
Test dataset size: 600
Collected 10 examples for resolution 256
Resolution 256 (downsample factor: 1) - Relative L2 Loss: 0.057628
Memory cleaned after resolution 256


Creating 2D prediction vs target plots...
Saved main 2D comparison plot: figures/5447950/prediction_plots/ns_2d_main_comparison.png
Saved individual 2D plot: figures/5447950/prediction_plots/ns_2d_res_32_example_1_20250909_204323.png
Saved individual 2D plot: figures/5447950/prediction_plots/ns_2d_res_32_example_2_20250909_204323.png
Saved individual 2D plot: figures/5447950/prediction_plots/ns_2d_res_32_example_3_20250909_204323.png
Saved individual 2D plot: figures/5447950/prediction_plots/ns_2d_res_32_example_4_20250909_204323.png
Saved individual 2D plot: figures/5447950/prediction_plots/ns_2d_res_32_example_5_20250909_204323.png
Saved individual 2D plot: figures/5447950/prediction_plots/ns_2d_res_32_example_6_20250909_204323.png
Saved individual 2D plot: figures/5447950/prediction_plots/ns_2d_res_32_example_7_20250909_204323.png
Saved individual 2D plot: figures/5447950/prediction_plots/ns_2d_res_32_example_8_20250909_204323.png
Saved individual 2D plot: figures/5447950/prediction_plots/ns_2d_res_32_example_9_20250909_204323.png
Saved individual 2D plot: figures/5447950/prediction_plots/ns_2d_res_32_example_10_20250909_204323.png
Saved individual 2D plot: figures/5447950/prediction_plots/ns_2d_res_64_example_1_20250909_204323.png
Saved individual 2D plot: figures/5447950/prediction_plots/ns_2d_res_64_example_2_20250909_204323.png
Saved individual 2D plot: figures/5447950/prediction_plots/ns_2d_res_64_example_3_20250909_204323.png
Saved individual 2D plot: figures/5447950/prediction_plots/ns_2d_res_64_example_4_20250909_204323.png
Saved individual 2D plot: figures/5447950/prediction_plots/ns_2d_res_64_example_5_20250909_204323.png
Saved individual 2D plot: figures/5447950/prediction_plots/ns_2d_res_64_example_6_20250909_204323.png
Saved individual 2D plot: figures/5447950/prediction_plots/ns_2d_res_64_example_7_20250909_204323.png
Saved individual 2D plot: figures/5447950/prediction_plots/ns_2d_res_64_example_8_20250909_204323.png
Saved individual 2D plot: figures/5447950/prediction_plots/ns_2d_res_64_example_9_20250909_204323.png
Saved individual 2D plot: figures/5447950/prediction_plots/ns_2d_res_64_example_10_20250909_204323.png
Saved individual 2D plot: figures/5447950/prediction_plots/ns_2d_res_128_example_1_20250909_204323.png
Saved individual 2D plot: figures/5447950/prediction_plots/ns_2d_res_128_example_2_20250909_204323.png
Saved individual 2D plot: figures/5447950/prediction_plots/ns_2d_res_128_example_3_20250909_204323.png
Saved individual 2D plot: figures/5447950/prediction_plots/ns_2d_res_128_example_4_20250909_204323.png
Saved individual 2D plot: figures/5447950/prediction_plots/ns_2d_res_128_example_5_20250909_204323.png
Saved individual 2D plot: figures/5447950/prediction_plots/ns_2d_res_128_example_6_20250909_204323.png
Saved individual 2D plot: figures/5447950/prediction_plots/ns_2d_res_128_example_7_20250909_204323.png
Saved individual 2D plot: figures/5447950/prediction_plots/ns_2d_res_128_example_8_20250909_204323.png
Saved individual 2D plot: figures/5447950/prediction_plots/ns_2d_res_128_example_9_20250909_204323.png
Saved individual 2D plot: figures/5447950/prediction_plots/ns_2d_res_128_example_10_20250909_204323.png
Saved individual 2D plot: figures/5447950/prediction_plots/ns_2d_res_256_example_1_20250909_204323.png
Saved individual 2D plot: figures/5447950/prediction_plots/ns_2d_res_256_example_2_20250909_204323.png
Saved individual 2D plot: figures/5447950/prediction_plots/ns_2d_res_256_example_3_20250909_204323.png
Saved individual 2D plot: figures/5447950/prediction_plots/ns_2d_res_256_example_4_20250909_204323.png
Saved individual 2D plot: figures/5447950/prediction_plots/ns_2d_res_256_example_5_20250909_204323.png
Saved individual 2D plot: figures/5447950/prediction_plots/ns_2d_res_256_example_6_20250909_204323.png
Saved individual 2D plot: figures/5447950/prediction_plots/ns_2d_res_256_example_7_20250909_204323.png
Saved individual 2D plot: figures/5447950/prediction_plots/ns_2d_res_256_example_8_20250909_204323.png
Saved individual 2D plot: figures/5447950/prediction_plots/ns_2d_res_256_example_9_20250909_204323.png
Saved individual 2D plot: figures/5447950/prediction_plots/ns_2d_res_256_example_10_20250909_204323.png
Created individual plots for 10 examples at each resolution
Saved numerical results: figures/5447950/ns_1d_evaluation_results_20250909_204359.csv
Saved summary: figures/5447950/ns_1d_evaluation_summary_20250909_204359.txt

==================================================
2D NS EVALUATION SUMMARY
==================================================
Resolution  32x 32: 0.020520
Resolution  64x 64: 0.037124
Resolution 128x128: 0.050782
Resolution 256x256: 0.057628

Summary of Super-Resolution Evaluation:
Resolution factor 32: Relative L2 Loss = 0.020520
Resolution factor 64: Relative L2 Loss = 0.037124
Resolution factor 128: Relative L2 Loss = 0.050782
Resolution factor 256: Relative L2 Loss = 0.057628

Evaluation plots saved to: figures/5447950
Wandb run: https://wandb.ai/rohanvk-carnegie-mellon-university/ffno2d/runs/rlvmc5bw
Job completed at Tue Sep  9 08:44:08 PM EDT 2025
