Job started on babel-7-13 at Mon May 26 10:42:29 EDT 2025
Job ID: 4938488
GPU information:
Mon May 26 10:42:29 2025       
+-----------------------------------------------------------------------------------------+
| NVIDIA-SMI 575.51.03              Driver Version: 575.51.03      CUDA Version: 12.9     |
|-----------------------------------------+------------------------+----------------------+
| GPU  Name                 Persistence-M | Bus-Id          Disp.A | Volatile Uncorr. ECC |
| Fan  Temp   Perf          Pwr:Usage/Cap |           Memory-Usage | GPU-Util  Compute M. |
|                                         |                        |               MIG M. |
|=========================================+========================+======================|
|   0  NVIDIA RTX 6000 Ada Gene...    On  |   00000000:01:00.0 Off |                  Off |
| 30%   30C    P8             23W /  270W |       2MiB /  49140MiB |      0%      Default |
|                                         |                        |                  N/A |
+-----------------------------------------+------------------------+----------------------+
|   1  NVIDIA RTX 6000 Ada Gene...    On  |   00000000:41:00.0 Off |                  Off |
| 30%   28C    P8             24W /  270W |       2MiB /  49140MiB |      0%      Default |
|                                         |                        |                  N/A |
+-----------------------------------------+------------------------+----------------------+
                                                                                         
+-----------------------------------------------------------------------------------------+
| Processes:                                                                              |
|  GPU   GI   CI              PID   Type   Process name                        GPU Memory |
|        ID   ID                                                               Usage      |
|=========================================================================================|
|  No running processes found                                                             |
+-----------------------------------------------------------------------------------------+
CUDA devices:
CUDA_VISIBLE_DEVICES: 0,1
Using device: cuda
[2025-05-26 10:42:33,352][root][INFO] - model:
  _target_: models.s4_2d.S4NDModel
  d_input: 15
  d_output: 3
  d_model: 64
  n_layers: 4
  dropout: 0.2
  prenorm: false
dataset:
  reduced_batch: 1
  reduced_resolution: 16
  reduced_resolution_t: 4
  window_size: 15
  original_res: 512
  pde: navier_stokes_0
  data_path1: data/pdebench/ns_incom_inhom_2d_512-100.hdf5
training:
  batch_size: 4
  epochs: 100
  learning_rate: 0.001
  use_normalizer: false
project_name: ${dataset.pde}_${hydra:runtime.choices.model}
checkpoint_dir: checkpoints

Project name: navier_stokes_0_s4_2d/s4_2d
Model name: models.s4_2d.S4NDModel
PDE Dataset: navier_stokes_0
Loading from file: /home/rvk/data/pdebench/ns_incom_inhom_2d_512-100.hdf5
Available keys: ['force', 'particles', 't', 'velocity']
Velocity data shape: (4, 1000, 512, 512, 2)
Particles data shape: (4, 1000, 512, 512, 1)
Time data shape: (4, 250)
Combined data shape: (4, 250, 32, 32, 3)
--------Processing simulation 0----------
--------Processing simulation 1----------
--------Processing simulation 2----------
--------Processing simulation 3----------
Dataset initialized with 940 samples
Raw data shape: (4, 250, 32, 32, 3)
Window size: 15, Flatten window: True
--------started data123----------
---------Using data normalizer---------------
Train dataset size: 752
Validation dataset size: 94
Test dataset size: 94
<class 'torch.Tensor'> -0.02990099787712097 -0.03369291126728058 1.1455087661743164 1.182476282119751
Sample Input shape: torch.Size([4, 45, 32, 32])
Sample Output shape: torch.Size([4, 3, 32, 32])
[2025-05-26 10:43:16,284][models.s4][WARNING] - CUDA extension for structured kernels (Cauchy and Vandermonde multiplication) not found. Install by going to extensions/kernels/ and running `python setup.py install`, for improved speed and memory efficiency. Note that the kernel changed for state-spaces 4.0 and must be recompiled.
[2025-05-26 10:43:16,285][models.s4][WARNING] - Falling back on slow Cauchy and Vandermonde kernel. Install at least one of pykeops or the CUDA extension for better speed and memory efficiency.
[2025-05-26 10:43:16,288][models.s4nd][WARNING] - CUDA extension for structured kernels (Cauchy and Vandermonde multiplication) not found. Install by going to extensions/kernels/ and running `python setup.py install`, for improved speed and memory efficiency. Note that the kernel changed for state-spaces 4.0 and must be recompiled.
[2025-05-26 10:43:16,288][models.s4nd][WARNING] - Falling back on slow Cauchy and Vandermonde kernel. Install at least one of pykeops or the CUDA extension for better speed and memory efficiency.
Epoch 0, Train Loss: 0.42516682, Val Loss: 0.24029978
Epoch 10, Train Loss: 0.08861315, Val Loss: 0.22281101
Epoch 20, Train Loss: 0.07144135, Val Loss: 0.12811938
Epoch 30, Train Loss: 0.06662245, Val Loss: 0.10350879
Epoch 40, Train Loss: 0.06447677, Val Loss: 0.09073389
Epoch 50, Train Loss: 0.06321014, Val Loss: 0.08748486
Epoch 60, Train Loss: 0.06232997, Val Loss: 0.08260031
Epoch 70, Train Loss: 0.06179301, Val Loss: 0.08162338
Epoch 80, Train Loss: 0.06152617, Val Loss: 0.07869748
Epoch 90, Train Loss: 0.06127015, Val Loss: 0.07782428
Test L2 Loss: 0.047917
Model saved to checkpoints/s4ndmodel/navier_stokes_0_4938488.pt
Original test data shape: x=torch.Size([94, 45, 32, 32]), y=torch.Size([94, 3, 32, 32])

Evaluating at resolution factor: 1
Resolution factor 1 - Relative L2 Loss: 0.047727

Evaluating at resolution factor: 2
Downsampled shapes: x=torch.Size([94, 45, 16, 16]), y=torch.Size([94, 3, 16, 16])
Resolution factor 2 - Relative L2 Loss: 0.099988

Evaluating at resolution factor: 4
Downsampled shapes: x=torch.Size([94, 45, 8, 8]), y=torch.Size([94, 3, 8, 8])
Resolution factor 4 - Relative L2 Loss: 0.140684

Evaluating at resolution factor: 8
Downsampled shapes: x=torch.Size([94, 45, 4, 4]), y=torch.Size([94, 3, 4, 4])
Resolution factor 8 - Relative L2 Loss: 0.152694

Evaluating at resolution factor: 16
Downsampled shapes: x=torch.Size([94, 45, 2, 2]), y=torch.Size([94, 3, 2, 2])
Resolution factor 16 - Relative L2 Loss: 0.175423

Evaluating at resolution factor: 32
Downsampled shapes: x=torch.Size([94, 45, 1, 1]), y=torch.Size([94, 3, 1, 1])
Resolution factor 32 - Relative L2 Loss: 0.143628
--------Evaluating Higher Resolution------------
Loading from file: /home/rvk/data/pdebench/ns_incom_inhom_2d_512-100.hdf5
Available keys: ['force', 'particles', 't', 'velocity']
Velocity data shape: (4, 1000, 512, 512, 2)
Particles data shape: (4, 1000, 512, 512, 1)
Time data shape: (4, 250)
Combined data shape: (4, 250, 512, 512, 3)
--------Processing simulation 0----------
--------Processing simulation 1----------
--------Processing simulation 2----------
--------Processing simulation 3----------
Dataset initialized with 940 samples
Raw data shape: (4, 250, 512, 512, 3)
Window size: 15, Flatten window: True
--------started data123----------
Train dataset size: 752
Validation dataset size: 94
Test dataset size: 94
Original test data shape: x=torch.Size([4, 45, 512, 512]), y=torch.Size([4, 3, 512, 512])
Testing resolutions: [64, 128, 256, 512]

Evaluating at resolution: 64
Downsampled shapes: x=torch.Size([4, 45, 64, 64]), y=torch.Size([4, 3, 64, 64])
Resolution 64 - Relative L2 Loss: 0.144691

Evaluating at resolution: 128
Downsampled shapes: x=torch.Size([4, 45, 128, 128]), y=torch.Size([4, 3, 128, 128])
Resolution 128 - Relative L2 Loss: 0.381733

Evaluating at resolution: 256
Downsampled shapes: x=torch.Size([4, 45, 256, 256]), y=torch.Size([4, 3, 256, 256])
Resolution 256 - Relative L2 Loss: 0.608530

Evaluating at resolution: 512
Downsampled shapes: x=torch.Size([4, 45, 512, 512]), y=torch.Size([4, 3, 512, 512])
Resolution 512 - Relative L2 Loss: 0.649755

Summary of Super-Resolution Evaluation:
Resolution factor 1: Relative L2 Loss = 0.047727
Resolution factor 2: Relative L2 Loss = 0.099988
Resolution factor 4: Relative L2 Loss = 0.140684
Resolution factor 8: Relative L2 Loss = 0.152694
Resolution factor 16: Relative L2 Loss = 0.175423
Resolution factor 32: Relative L2 Loss = 0.143628

Summary of Higher-Resolution Evaluation:
Resolution 64: Relative L2 Loss = 0.144691
Resolution 128: Relative L2 Loss = 0.381733
Resolution 256: Relative L2 Loss = 0.608530
Resolution 512: Relative L2 Loss = 0.649755
Job completed at Mon May 26 10:48:43 EDT 2025
