Job started on babel-4-1 at Tue Mar 25 10:15:56 EDT 2025
Job ID: 4446145
Using device: cuda
[2025-03-25 10:16:06,174][root][INFO] - model:
  _target_: models.ffno.FFNO1D
  in_channels: 1
  out_channels: 1
  width: 32
  n_modes: 16
  factor: 4
  n_layers: 4
  ff_weight_norm: true
  n_ff_layers: 2
  layer_norm: false
  grid: null
  dropout: 0.0
  mode: full
dataset:
  reduced_batch: 1
  reduced_resolution: 1
  reduced_resolution_t: 8
  pde: burger_0.1
  data_path1: data/pdebench/1D_Burgers_Sols_Nu0.1.hdf5
training:
  batch_size: 64
  epochs: 100
  learning_rate: 0.001
  use_normalizer: false
project_name: ${dataset.pde}_${hydra:runtime.choices.model}
checkpoint_dir: checkpoints

Project name: burger_0.1_ffno_1d/ffno_1d
Model name: models.ffno.FFNO1D
PDE Dataset: burger_0.1
Loading from file: /home/rvk/data/pdebench/1D_Burgers_Sols_Nu0.1.hdf5
(10000, 201, 1024)
Total data shape: (10000, 26, 1024)
x shape: (240000, 1, 1024)
y shape: (240000, 1, 1024)
grid shape: torch.Size([1024, 1])
---------Using data normalizer---------------
Train dataset size: 192000
Validation dataset size: 24000
Test dataset size: 24000
<class 'torch.Tensor'> 0.140762597322464 0.14147044718265533 1.1144603490829468 1.117983341217041
Sample Input shape: torch.Size([64, 1, 1024])
Sample Output shape: torch.Size([64, 1, 1024])
FFNO1D(
  (in_proj): WNLinear(in_features=2, out_features=32, bias=True)
  (fourier_layers): ModuleList(
    (0-3): 4 x FSpectralConv1d(
      (fourier_weight): ParameterList(  (0): Parameter containing: [torch.float32 of size 32x32x16x2 (cuda:0)])
      (backcast_ff): FeedForward(
        (layers): ModuleList(
          (0): Sequential(
            (0): Linear(in_features=32, out_features=128, bias=True)
            (1): Dropout(p=0.0, inplace=False)
            (2): GELU(approximate='none')
            (3): Identity()
          )
          (1): Sequential(
            (0): Linear(in_features=128, out_features=32, bias=True)
            (1): Dropout(p=0.0, inplace=False)
            (2): Identity()
            (3): Identity()
          )
        )
      )
      (act): Identity()
    )
  )
  (out_proj): WNLinear(in_features=32, out_features=1, bias=True)
)
Epoch 0, Train Loss: 0.03591751, Val Loss: 0.02765188
Epoch 10, Train Loss: 0.00578744, Val Loss: 0.00461427
Epoch 20, Train Loss: 0.00394736, Val Loss: 0.00398683
Epoch 30, Train Loss: 0.00306413, Val Loss: 0.00074564
Epoch 40, Train Loss: 0.00236032, Val Loss: 0.00487741
Epoch 50, Train Loss: 0.00165172, Val Loss: 0.00076286
Epoch 60, Train Loss: 0.00117672, Val Loss: 0.00068373
Epoch 70, Train Loss: 0.00081719, Val Loss: 0.00253883
Epoch 80, Train Loss: 0.00050318, Val Loss: 0.00035412
Epoch 90, Train Loss: 0.00033986, Val Loss: 0.00031192
Test L2 Loss: 0.000291
Figure saved to output_logs/predictions/burger_0.1_fno_4446145_predictions.png
Original test data shape: x=torch.Size([24000, 1, 1024]), y=torch.Size([24000, 1, 1024])

Evaluating at resolution factor: 1
Resolution factor 1 - Relative L2 Loss: 0.000291

Evaluating at resolution factor: 2
Downsampled shapes: x=torch.Size([24000, 1, 512]), y=torch.Size([24000, 1, 512])
Resolution factor 2 - Relative L2 Loss: 0.001728

Evaluating at resolution factor: 4
Downsampled shapes: x=torch.Size([24000, 1, 256]), y=torch.Size([24000, 1, 256])
Resolution factor 4 - Relative L2 Loss: 0.001730

Evaluating at resolution factor: 8
Downsampled shapes: x=torch.Size([24000, 1, 128]), y=torch.Size([24000, 1, 128])
Resolution factor 8 - Relative L2 Loss: 0.001733

Evaluating at resolution factor: 16
Downsampled shapes: x=torch.Size([24000, 1, 64]), y=torch.Size([24000, 1, 64])
Resolution factor 16 - Relative L2 Loss: 0.001741

Evaluating at resolution factor: 32
Downsampled shapes: x=torch.Size([24000, 1, 32]), y=torch.Size([24000, 1, 32])
Resolution factor 32 - Relative L2 Loss: 0.001762

Summary of Super-Resolution Evaluation:
Resolution factor 1: Relative L2 Loss = 0.000291
Resolution factor 2: Relative L2 Loss = 0.001728
Resolution factor 4: Relative L2 Loss = 0.001730
Resolution factor 8: Relative L2 Loss = 0.001733
Resolution factor 16: Relative L2 Loss = 0.001741
Resolution factor 32: Relative L2 Loss = 0.001762
Model saved to checkpoints/ffno1d/burger_0.1_4446145.pt
[1;34mwandb[0m: 
[1;34mwandb[0m: 🚀 View run [33mtough-breeze-14[0m at: [34mhttps://wandb.ai/rohanvk-carnegie-mellon-university/ffno1d/runs/b69ae7t9[0m
[1;34mwandb[0m: Find logs at: [1;35mwandb/run-20250325_101636-b69ae7t9/logs[0m
Job completed at Tue Mar 25 10:50:11 EDT 2025
