Job started on babel-4-29 at Wed Apr  2 06:18:21 EDT 2025
Job ID: 4491301
Using device: cuda
[2025-04-02 06:18:25,213][root][INFO] - model:
  _target_: models.ffno.FFNO1D
  in_channels: 1
  out_channels: 1
  width: 32
  n_modes: 16
  factor: 4
  n_layers: 4
  ff_weight_norm: true
  n_ff_layers: 2
  layer_norm: false
  grid: null
  dropout: 0.0
  mode: full
dataset:
  reduced_batch: 1
  reduced_resolution: 4
  reduced_resolution_t: 4
  pde: burger_1.0
  data_path1: data/pdebench/1D_Burgers_Sols_Nu1.0.hdf5
training:
  batch_size: 64
  epochs: 100
  learning_rate: 0.001
  use_normalizer: false
project_name: ${dataset.pde}_${hydra:runtime.choices.model}
checkpoint_dir: checkpoints

Project name: burger_1.0_ffno_1d/ffno_1d
Model name: models.ffno.FFNO1D
PDE Dataset: burger_1.0
Loading from file: /home/rvk/data/pdebench/1D_Burgers_Sols_Nu1.0.hdf5
(10000, 201, 1024)
Total data shape: (10000, 51, 256)
x shape: (490000, 1, 256)
y shape: (490000, 1, 256)
grid shape: torch.Size([256, 1])
---------Using data normalizer---------------
Train dataset size: 392000
Validation dataset size: 49000
Test dataset size: 49000
<class 'torch.Tensor'> 0.061327509582042694 0.061369456350803375 1.0143567323684692 1.0148876905441284
Sample Input shape: torch.Size([64, 1, 256])
Sample Output shape: torch.Size([64, 1, 256])
FFNO1D(
  (in_proj): WNLinear(in_features=2, out_features=32, bias=True)
  (fourier_layers): ModuleList(
    (0-3): 4 x FSpectralConv1d(
      (fourier_weight): ParameterList(  (0): Parameter containing: [torch.float32 of size 32x32x16x2 (cuda:0)])
      (backcast_ff): FeedForward(
        (layers): ModuleList(
          (0): Sequential(
            (0): Linear(in_features=32, out_features=128, bias=True)
            (1): Dropout(p=0.0, inplace=False)
            (2): GELU(approximate='none')
            (3): Identity()
          )
          (1): Sequential(
            (0): Linear(in_features=128, out_features=32, bias=True)
            (1): Dropout(p=0.0, inplace=False)
            (2): Identity()
            (3): Identity()
          )
        )
      )
      (act): Identity()
    )
  )
  (out_proj): WNLinear(in_features=32, out_features=1, bias=True)
)
Epoch 0, Train Loss: 0.08965168, Val Loss: 0.01308134
Epoch 10, Train Loss: 0.01332218, Val Loss: 0.03803086
Epoch 20, Train Loss: 0.00871481, Val Loss: 0.00232037
Epoch 30, Train Loss: 0.00567857, Val Loss: 0.00351212
Epoch 40, Train Loss: 0.00483863, Val Loss: 0.00322406
Epoch 50, Train Loss: 0.00364323, Val Loss: 0.00665318
Epoch 60, Train Loss: 0.00254627, Val Loss: 0.00073668
Epoch 70, Train Loss: 0.00145924, Val Loss: 0.00067480
Epoch 80, Train Loss: 0.00079585, Val Loss: 0.00112031
Epoch 90, Train Loss: 0.00040965, Val Loss: 0.00034160
Test L2 Loss: 0.000335
-----Visualizing Saved------
Figure saved to output_logs/predictions/burger_1.0_fno_4491301_predictions.png
Original test data shape: x=torch.Size([49000, 1, 256]), y=torch.Size([49000, 1, 256])

Evaluating at resolution factor: 1
Resolution factor 1 - Relative L2 Loss: 0.000335

Evaluating at resolution factor: 2
Downsampled shapes: x=torch.Size([49000, 1, 128]), y=torch.Size([49000, 1, 128])
Resolution factor 2 - Relative L2 Loss: 0.000517

Evaluating at resolution factor: 4
Downsampled shapes: x=torch.Size([49000, 1, 64]), y=torch.Size([49000, 1, 64])
Resolution factor 4 - Relative L2 Loss: 0.000514

Evaluating at resolution factor: 8
Downsampled shapes: x=torch.Size([49000, 1, 32]), y=torch.Size([49000, 1, 32])
Resolution factor 8 - Relative L2 Loss: 0.000511

Evaluating at resolution factor: 16
Downsampled shapes: x=torch.Size([49000, 1, 16]), y=torch.Size([49000, 1, 16])
[1;34mwandb[0m: 
[1;34mwandb[0m: 🚀 View run [33mskilled-pond-44[0m at: [34mhttps://wandb.ai/rohanvk-carnegie-mellon-university/ffno1d/runs/cmkpl0n7[0m
[1;34mwandb[0m: Find logs at: [1;35mwandb/run-20250402_061843-cmkpl0n7/logs[0m
Job completed at Wed Apr  2 07:14:37 EDT 2025
