Job started on babel-5-31 at Mon Apr 14 10:33:34 EDT 2025
Job ID: 4563971
Using device: cuda
[2025-04-14 10:33:39,556][root][INFO] - model:
  _target_: models.s4_1d.S4Model
  d_input: 15
  d_output: 1
  d_model: 64
  n_layers: 4
  dropout: 0.2
  prenorm: false
dataset:
  reduced_batch: 4
  reduced_resolution: 1
  reduced_resolution_t: 1
  window_size: 15
  original_res: 1024
  pde: burger_0.1
  data_path1: data/pdebench/1D_Burgers_Sols_Nu0.1.hdf5
training:
  batch_size: 64
  epochs: 100
  learning_rate: 0.001
  use_normalizer: false
project_name: ${dataset.pde}_${hydra:runtime.choices.model}
checkpoint_dir: checkpoints

Project name: burger_0.1_s4_1d/s4_1d
Model name: models.s4_1d.S4Model
PDE Dataset: burger_0.1
Loading from file: /home/rvk/data/pdebench/1D_Burgers_Sols_Nu0.1.hdf5
(10000, 201, 1024)
Total data shape: (2500, 201, 1024)
x shape: (465000, 15, 1024)
y shape: (465000, 1, 1024)
grid shape: torch.Size([1024, 1])
---------Using data normalizer---------------
Train dataset size: 372000
Validation dataset size: 46500
Test dataset size: 46500
<class 'torch.Tensor'> -0.1601724773645401 -0.16104598343372345 0.9958491325378418 0.9940440654754639
Sample Input shape: torch.Size([64, 15, 1024])
Sample Output shape: torch.Size([64, 1, 1024])
[2025-04-14 10:34:12,489][models.s4][WARNING] - CUDA extension for structured kernels (Cauchy and Vandermonde multiplication) not found. Install by going to extensions/kernels/ and running `python setup.py install`, for improved speed and memory efficiency. Note that the kernel changed for state-spaces 4.0 and must be recompiled.
[2025-04-14 10:34:12,490][models.s4][WARNING] - Falling back on slow Cauchy and Vandermonde kernel. Install at least one of pykeops or the CUDA extension for better speed and memory efficiency.
[2025-04-14 10:34:12,650][models.s4][INFO] - Constructing S4 (H, N, L) = (64, 32, None)
[2025-04-14 10:34:12,792][models.s4][INFO] - Constructing S4 (H, N, L) = (64, 32, None)
[2025-04-14 10:34:12,940][models.s4][INFO] - Constructing S4 (H, N, L) = (64, 32, None)
[2025-04-14 10:34:13,065][models.s4][INFO] - Constructing S4 (H, N, L) = (64, 32, None)
S4Model(
  (encoder): Linear(in_features=16, out_features=64, bias=True)
  (s4_layers): ModuleList(
    (0-3): 4 x S4Block(
      (layer): FFTConv(
        (activation): GELU(approximate='none')
        (kernel): SSMKernelDPLR()
        (drop): Dropout(p=0.2, inplace=False)
        (drop_kernel): Identity()
      )
      (mult_activation): Identity()
      (drop): Dropout(p=0.2, inplace=False)
      (output_linear): Sequential(
        (0): Linear(in_features=64, out_features=128, bias=True)
        (1): GLU(dim=-1)
      )
      (residual_layer): ZeroLayer()
    )
  )
  (norms): ModuleList(
    (0-3): 4 x LayerNorm((64,), eps=1e-05, elementwise_affine=True)
  )
  (dropouts): ModuleList(
    (0-3): 4 x Dropout(p=0.2, inplace=False)
  )
  (decoder): Linear(in_features=64, out_features=1, bias=True)
)
[2025-04-14 10:34:21,569][models.s4][INFO] - S4: Initializing kernel to length 1024
[2025-04-14 10:34:22,053][models.s4][INFO] - S4: Initializing kernel to length 1024
[2025-04-14 10:34:22,059][models.s4][INFO] - S4: Initializing kernel to length 1024
[2025-04-14 10:34:22,064][models.s4][INFO] - S4: Initializing kernel to length 1024
Epoch 0, Train Loss: 0.01336901, Val Loss: 0.00336276
Epoch 10, Train Loss: 0.00193277, Val Loss: 0.00093558
Epoch 20, Train Loss: 0.00150685, Val Loss: 0.00099877
Epoch 30, Train Loss: 0.00126272, Val Loss: 0.00059501
Epoch 40, Train Loss: 0.00105289, Val Loss: 0.00125603
Epoch 50, Train Loss: 0.00080777, Val Loss: 0.00106290
Epoch 60, Train Loss: 0.00055856, Val Loss: 0.00075645
Epoch 70, Train Loss: 0.00034586, Val Loss: 0.00015354
Epoch 80, Train Loss: 0.00016630, Val Loss: 0.00009889
Epoch 90, Train Loss: 0.00007583, Val Loss: 0.00004448
Test L2 Loss: 0.000035
-----Visualizing Saved------
Figure saved to output_logs/predictions/burger_0.1_fno_4563971_predictions.png
Model saved to checkpoints/s4model/burger_0.1_4563971.pt
Original test data shape: x=torch.Size([46500, 15, 1024]), y=torch.Size([46500, 1, 1024])

Evaluating at resolution factor: 1
Resolution factor 1 - Relative L2 Loss: 0.000035

Evaluating at resolution factor: 2
Downsampled shapes: x=torch.Size([46500, 15, 512]), y=torch.Size([46500, 1, 512])
Resolution factor 2 - Relative L2 Loss: 0.000573

Evaluating at resolution factor: 4
Downsampled shapes: x=torch.Size([46500, 15, 256]), y=torch.Size([46500, 1, 256])
Resolution factor 4 - Relative L2 Loss: 0.001108

Evaluating at resolution factor: 8
Downsampled shapes: x=torch.Size([46500, 15, 128]), y=torch.Size([46500, 1, 128])
Resolution factor 8 - Relative L2 Loss: 0.001352

Evaluating at resolution factor: 16
Downsampled shapes: x=torch.Size([46500, 15, 64]), y=torch.Size([46500, 1, 64])
Resolution factor 16 - Relative L2 Loss: 0.001321

Evaluating at resolution factor: 32
Downsampled shapes: x=torch.Size([46500, 15, 32]), y=torch.Size([46500, 1, 32])
Resolution factor 32 - Relative L2 Loss: 0.001249
Loading from file: /home/rvk/data/pdebench/1D_Burgers_Sols_Nu0.1.hdf5
(10000, 201, 1024)
Total data shape: (2500, 201, 1024)
x shape: (465000, 15, 1024)
y shape: (465000, 1, 1024)
grid shape: torch.Size([1024, 1])
---------Using data normalizer---------------
Train dataset size: 372000
Validation dataset size: 46500
Test dataset size: 46500
Original test data shape: x=torch.Size([46500, 15, 1024]), y=torch.Size([46500, 1, 1024])
Testing resolutions: []

Summary of Super-Resolution Evaluation:
Resolution factor 1: Relative L2 Loss = 0.000035
Resolution factor 2: Relative L2 Loss = 0.000573
Resolution factor 4: Relative L2 Loss = 0.001108
Resolution factor 8: Relative L2 Loss = 0.001352
Resolution factor 16: Relative L2 Loss = 0.001321
Resolution factor 32: Relative L2 Loss = 0.001249

Summary of Higher-Resolution Evaluation:
Job completed at Mon Apr 14 14:41:48 EDT 2025
