Job started on babel-3-9 at Thu Aug 14 15:36:10 EDT 2025
Job ID: 5322852
GPU information:
Thu Aug 14 15:36:10 2025       
+-----------------------------------------------------------------------------------------+
| NVIDIA-SMI 575.51.03              Driver Version: 575.51.03      CUDA Version: 12.9     |
|-----------------------------------------+------------------------+----------------------+
| GPU  Name                 Persistence-M | Bus-Id          Disp.A | Volatile Uncorr. ECC |
| Fan  Temp   Perf          Pwr:Usage/Cap |           Memory-Usage | GPU-Util  Compute M. |
|                                         |                        |               MIG M. |
|=========================================+========================+======================|
|   0  NVIDIA L40S                    On  |   00000000:52:00.0 Off |                    0 |
| N/A   24C    P8             32W /  350W |       0MiB /  46068MiB |      0%      Default |
|                                         |                        |                  N/A |
+-----------------------------------------+------------------------+----------------------+
|   1  NVIDIA L40S                    On  |   00000000:D1:00.0 Off |                    0 |
| N/A   21C    P8             32W /  350W |       0MiB /  46068MiB |      0%      Default |
|                                         |                        |                  N/A |
+-----------------------------------------+------------------------+----------------------+
                                                                                         
+-----------------------------------------------------------------------------------------+
| Processes:                                                                              |
|  GPU   GI   CI              PID   Type   Process name                        GPU Memory |
|        ID   ID                                                               Usage      |
|=========================================================================================|
|  No running processes found                                                             |
+-----------------------------------------------------------------------------------------+
CUDA devices:
CUDA_VISIBLE_DEVICES: 0,1
Using device: cuda
[2025-08-14 15:36:18,078][root][INFO] - model:
  _target_: models.ffno.FFNO1D
  in_channels: 1
  out_channels: 1
  factor: 4
  n_modes: 16
  width: 128
  n_layers: 4
  ff_weight_norm: true
  n_ff_layers: 3
  layer_norm: true
  dropout: 0.1
  mode: full
  activation: gelu
  use_grid: true
dataset:
  dataset_params:
    _target_: dataloaders.ks_naive_multires.ks_multires_markov_dataset
    filename: KS_train_2048.h5
    saved_folder: /data/user_data/rvk/ks/res_512/visc_0.1_L64_lmax8_et5_51
    val_filename: KS_valid.h5
    test_filename: KS_test.h5
    reduced_batch: 1
    reduced_resolution_t: 1
    reduced_resolution: 8
    add_res: 512
    num_add_res_samples: 1000
    data_normalizer: true
    num_samples_max: -1
    eval_dataset_target: dataloaders.ks_naive.ks_markov_dataset
  train_mres: true
  window_size: 15
  original_res: 512
  max_test_resolution: 512
  pde: ks
training:
  batch_size: 64
  epochs: 100
  learning_rate: 0.001
  use_normalizer: false
project_name: ${dataset.pde}_${hydra:runtime.choices.model}
checkpoint_dir: checkpoints

Project name: ks_ffno_1d/ffno_1d
Model name: models.ffno.FFNO1D
PDE Dataset: ks
---------------------
Loading from file: /data/user_data/rvk/ks/res_512/visc_0.1_L64_lmax8_et5_51/KS_train_2048.h5
Available data keys in 'train': ['dt', 'dx', 'pde_51-512', 't', 'x']
Original PDE data shape: (2048, 51, 512)
Stored original full-resolution data with shape: (2048, 51, 512)
Data shape after downsampling: (2048, 51, 64)
Final data shape: (2048, 51, 64)
True Original Spatial Size: 512
Generating multi-resolution data with additional resolutions: 512
Using original data with spatial size: 512
Generating 800 additional samples at resolutions [512] for train split
Generating data at resolution 512
Resolution 512 matches original spatial size 512, no downsampling needed
Generated 800 samples at resolution 512
Total additional multi-resolution datasets: 1
Generated 1 additional resolution datasets
Total samples: 142400
Sample spatial dimensions: [(1, 64), (1, 64), (1, 64)]
Loading from file: /data/user_data/rvk/ks/res_512/visc_0.1_L64_lmax8_et5_51/KS_valid.h5
Available data keys in 'valid': ['dt', 'dx', 'pde_51-512', 't', 'x']
Original PDE data shape: (256, 51, 512)
Stored original full-resolution data with shape: (256, 51, 512)
Data shape after downsampling: (256, 51, 64)
Final data shape: (256, 51, 64)
True Original Spatial Size: 512
Generating multi-resolution data with additional resolutions: 512
Using original data with spatial size: 512
Generating 100 additional samples at resolutions [512] for valid split
Generating data at resolution 512
Resolution 512 matches original spatial size 512, no downsampling needed
Generated 100 samples at resolution 512
Total additional multi-resolution datasets: 1
Generated 1 additional resolution datasets
Total samples: 17800
Sample spatial dimensions: [(1, 64), (1, 64), (1, 64)]
Loading from file: /data/user_data/rvk/ks/res_512/visc_0.1_L64_lmax8_et5_51/KS_test.h5
Available data keys in 'test': ['dt', 'dx', 'pde_51-512', 't', 'x']
Original PDE data shape: (256, 51, 512)
Stored original full-resolution data with shape: (256, 51, 512)
Data shape after downsampling: (256, 51, 64)
Final data shape: (256, 51, 64)
True Original Spatial Size: 512
Generating multi-resolution data with additional resolutions: 512
Using original data with spatial size: 512
Generating 100 additional samples at resolutions [512] for test split
Generating data at resolution 512
Resolution 512 matches original spatial size 512, no downsampling needed
Generated 100 samples at resolution 512
Total additional multi-resolution datasets: 1
Generated 1 additional resolution datasets
Total samples: 17800
Sample spatial dimensions: [(1, 64), (1, 64), (1, 64)]
---------Using simple global normalization---------------
Global statistics: X(mean=-0.000005, std=2.768552), Y(mean=-0.000007, std=2.825170)
Computed from 142400 samples
Train dataset size: 142400
Validation dataset size: 17800
Test dataset size: 17800
Multi-resolution training enabled with additional resolutions: 512
Additional samples per resolution: 1000
Distribution: Train=800, Val=100, Test=100
<dataloaders.ks_naive_multires.ks_multires_markov_dataset.<locals>.NormalizedDataset object at 0x14a9cf767ed0>
Created resolution groups:
  Resolution 64: 102400 samples
  Resolution 512: 40000 samples
Created resolution groups:
  Resolution 64: 12800 samples
  Resolution 512: 5000 samples
Created resolution groups:
  Resolution 64: 12800 samples
  Resolution 512: 5000 samples
<class 'torch.Tensor'> 0.0009576873853802681 0.00035454658791422844 1.0875998735427856 1.0960649251937866
FFNO1D(
  (in_proj): WNLinear(in_features=1, out_features=128, bias=True)
  (fourier_layers): ModuleList(
    (0-3): 4 x FSpectralConv1d(
      (fourier_weight): ParameterList(  (0): Parameter containing: [torch.float32 of size 128x128x16x2 (cuda:0)])
      (backcast_ff): FeedForward(
        (layers): ModuleList(
          (0): Sequential(
            (0): Linear(in_features=128, out_features=512, bias=True)
            (1): Dropout(p=0.1, inplace=False)
            (2): GELU(approximate='none')
            (3): Identity()
          )
          (1): Sequential(
            (0): Linear(in_features=512, out_features=512, bias=True)
            (1): Dropout(p=0.1, inplace=False)
            (2): GELU(approximate='none')
            (3): Identity()
          )
          (2): Sequential(
            (0): Linear(in_features=512, out_features=128, bias=True)
            (1): Dropout(p=0.1, inplace=False)
            (2): Identity()
            (3): LayerNorm((128,), eps=1e-05, elementwise_affine=True)
          )
        )
      )
    )
  )
  (out_proj): WNLinear(in_features=128, out_features=1, bias=True)
)
Total Model Parameters: 3.68M
Trainable Parameters: 3.68M
Epoch 0, Train Loss: 0.19524869, Val Loss: 0.16535190
Epoch 10, Train Loss: 0.11232766, Val Loss: 0.12305704
Epoch 20, Train Loss: 0.09637430, Val Loss: 0.12599959
Epoch 30, Train Loss: 0.08691085, Val Loss: 0.12940474
Epoch 40, Train Loss: 0.08046599, Val Loss: 0.12904689
Epoch 50, Train Loss: 0.07579106, Val Loss: 0.12894032
Epoch 60, Train Loss: 0.07216777, Val Loss: 0.12935931
Epoch 70, Train Loss: 0.06948241, Val Loss: 0.12925224
Epoch 80, Train Loss: 0.06776639, Val Loss: 0.12952801
Epoch 90, Train Loss: 0.06685243, Val Loss: 0.12933183
Test L2 Loss: 0.129180
Model saved to checkpoints/ffno1d/ks_5322852.pt
Created/verified figures directory: figures/5322852
Evaluating KS model at multiple resolutions
Using UnitGaussianNormalizer from training resolution 64
Testing resolutions: [32, 64, 128, 256, 512]
Loading from file: /data/user_data/rvk/ks/res_512/visc_0.1_L64_lmax8_et5_51/KS_train_2048.h5
Available data keys in 'train': ['dt', 'dx', 'pde_51-512', 't', 'x']
Original PDE data shape: (2048, 51, 512)
Time data shape: (2048, 51)
Original spatial coordinates shape: (512,)
dx shape: (2048,)
dt shape: (2048,)
Data shape after downsampling: (2048, 51, 32)
Final data shape: (2048, 51, 32)
x shape: torch.Size([102400, 1, 32])
y shape: torch.Size([102400, 1, 32])
spatial coordinates shape: (32,)
Loading from file: /data/user_data/rvk/ks/res_512/visc_0.1_L64_lmax8_et5_51/KS_valid.h5
Available data keys in 'valid': ['dt', 'dx', 'pde_51-512', 't', 'x']
Original PDE data shape: (256, 51, 512)
Time data shape: (256, 51)
Original spatial coordinates shape: (512,)
dx shape: (256,)
dt shape: (256,)
Data shape after downsampling: (256, 51, 32)
Final data shape: (256, 51, 32)
x shape: torch.Size([12800, 1, 32])
y shape: torch.Size([12800, 1, 32])
spatial coordinates shape: (32,)
Loading from file: /data/user_data/rvk/ks/res_512/visc_0.1_L64_lmax8_et5_51/KS_test.h5
Available data keys in 'test': ['dt', 'dx', 'pde_51-512', 't', 'x']
Original PDE data shape: (256, 51, 512)
Time data shape: (256, 51)
Original spatial coordinates shape: (512,)
dx shape: (256,)
dt shape: (256,)
Data shape after downsampling: (256, 51, 32)
Final data shape: (256, 51, 32)
x shape: torch.Size([12800, 1, 32])
y shape: torch.Size([12800, 1, 32])
spatial coordinates shape: (32,)
Train dataset size: 102400
Validation dataset size: 12800
Test dataset size: 12800
Selected random indices for plotting: [2528, 6613, 10689, 10225, 10674, 10271, 7083, 10927, 7399, 11785]
Collected 10 examples for resolution 32
Resolution 32 (downsample factor: 16) - Relative L2 Loss: 0.305225
Memory cleaned after resolution 32


Loading from file: /data/user_data/rvk/ks/res_512/visc_0.1_L64_lmax8_et5_51/KS_train_2048.h5
Available data keys in 'train': ['dt', 'dx', 'pde_51-512', 't', 'x']
Original PDE data shape: (2048, 51, 512)
Time data shape: (2048, 51)
Original spatial coordinates shape: (512,)
dx shape: (2048,)
dt shape: (2048,)
Data shape after downsampling: (2048, 51, 64)
Final data shape: (2048, 51, 64)
x shape: torch.Size([102400, 1, 64])
y shape: torch.Size([102400, 1, 64])
spatial coordinates shape: (64,)
Loading from file: /data/user_data/rvk/ks/res_512/visc_0.1_L64_lmax8_et5_51/KS_valid.h5
Available data keys in 'valid': ['dt', 'dx', 'pde_51-512', 't', 'x']
Original PDE data shape: (256, 51, 512)
Time data shape: (256, 51)
Original spatial coordinates shape: (512,)
dx shape: (256,)
dt shape: (256,)
Data shape after downsampling: (256, 51, 64)
Final data shape: (256, 51, 64)
x shape: torch.Size([12800, 1, 64])
y shape: torch.Size([12800, 1, 64])
spatial coordinates shape: (64,)
Loading from file: /data/user_data/rvk/ks/res_512/visc_0.1_L64_lmax8_et5_51/KS_test.h5
Available data keys in 'test': ['dt', 'dx', 'pde_51-512', 't', 'x']
Original PDE data shape: (256, 51, 512)
Time data shape: (256, 51)
Original spatial coordinates shape: (512,)
dx shape: (256,)
dt shape: (256,)
Data shape after downsampling: (256, 51, 64)
Final data shape: (256, 51, 64)
x shape: torch.Size([12800, 1, 64])
y shape: torch.Size([12800, 1, 64])
spatial coordinates shape: (64,)
Train dataset size: 102400
Validation dataset size: 12800
Test dataset size: 12800
Collected 10 examples for resolution 64
Resolution 64 (downsample factor: 8) - Relative L2 Loss: 0.130810
Memory cleaned after resolution 64


Loading from file: /data/user_data/rvk/ks/res_512/visc_0.1_L64_lmax8_et5_51/KS_train_2048.h5
Available data keys in 'train': ['dt', 'dx', 'pde_51-512', 't', 'x']
Original PDE data shape: (2048, 51, 512)
Time data shape: (2048, 51)
Original spatial coordinates shape: (512,)
dx shape: (2048,)
dt shape: (2048,)
Data shape after downsampling: (2048, 51, 128)
Final data shape: (2048, 51, 128)
x shape: torch.Size([102400, 1, 128])
y shape: torch.Size([102400, 1, 128])
spatial coordinates shape: (128,)
Loading from file: /data/user_data/rvk/ks/res_512/visc_0.1_L64_lmax8_et5_51/KS_valid.h5
Available data keys in 'valid': ['dt', 'dx', 'pde_51-512', 't', 'x']
Original PDE data shape: (256, 51, 512)
Time data shape: (256, 51)
Original spatial coordinates shape: (512,)
dx shape: (256,)
dt shape: (256,)
Data shape after downsampling: (256, 51, 128)
Final data shape: (256, 51, 128)
x shape: torch.Size([12800, 1, 128])
y shape: torch.Size([12800, 1, 128])
spatial coordinates shape: (128,)
Loading from file: /data/user_data/rvk/ks/res_512/visc_0.1_L64_lmax8_et5_51/KS_test.h5
Available data keys in 'test': ['dt', 'dx', 'pde_51-512', 't', 'x']
Original PDE data shape: (256, 51, 512)
Time data shape: (256, 51)
Original spatial coordinates shape: (512,)
dx shape: (256,)
dt shape: (256,)
Data shape after downsampling: (256, 51, 128)
Final data shape: (256, 51, 128)
x shape: torch.Size([12800, 1, 128])
y shape: torch.Size([12800, 1, 128])
spatial coordinates shape: (128,)
Train dataset size: 102400
Validation dataset size: 12800
Test dataset size: 12800
Collected 10 examples for resolution 128
Resolution 128 (downsample factor: 4) - Relative L2 Loss: 0.122186
Memory cleaned after resolution 128


Loading from file: /data/user_data/rvk/ks/res_512/visc_0.1_L64_lmax8_et5_51/KS_train_2048.h5
Available data keys in 'train': ['dt', 'dx', 'pde_51-512', 't', 'x']
Original PDE data shape: (2048, 51, 512)
Time data shape: (2048, 51)
Original spatial coordinates shape: (512,)
dx shape: (2048,)
dt shape: (2048,)
Data shape after downsampling: (2048, 51, 256)
Final data shape: (2048, 51, 256)
x shape: torch.Size([102400, 1, 256])
y shape: torch.Size([102400, 1, 256])
spatial coordinates shape: (256,)
Loading from file: /data/user_data/rvk/ks/res_512/visc_0.1_L64_lmax8_et5_51/KS_valid.h5
Available data keys in 'valid': ['dt', 'dx', 'pde_51-512', 't', 'x']
Original PDE data shape: (256, 51, 512)
Time data shape: (256, 51)
Original spatial coordinates shape: (512,)
dx shape: (256,)
dt shape: (256,)
Data shape after downsampling: (256, 51, 256)
Final data shape: (256, 51, 256)
x shape: torch.Size([12800, 1, 256])
y shape: torch.Size([12800, 1, 256])
spatial coordinates shape: (256,)
Loading from file: /data/user_data/rvk/ks/res_512/visc_0.1_L64_lmax8_et5_51/KS_test.h5
Available data keys in 'test': ['dt', 'dx', 'pde_51-512', 't', 'x']
Original PDE data shape: (256, 51, 512)
Time data shape: (256, 51)
Original spatial coordinates shape: (512,)
dx shape: (256,)
dt shape: (256,)
Data shape after downsampling: (256, 51, 256)
Final data shape: (256, 51, 256)
x shape: torch.Size([12800, 1, 256])
y shape: torch.Size([12800, 1, 256])
spatial coordinates shape: (256,)
Train dataset size: 102400
Validation dataset size: 12800
Test dataset size: 12800
Collected 10 examples for resolution 256
Resolution 256 (downsample factor: 2) - Relative L2 Loss: 0.121797
Memory cleaned after resolution 256


Loading from file: /data/user_data/rvk/ks/res_512/visc_0.1_L64_lmax8_et5_51/KS_train_2048.h5
Available data keys in 'train': ['dt', 'dx', 'pde_51-512', 't', 'x']
Original PDE data shape: (2048, 51, 512)
Time data shape: (2048, 51)
Original spatial coordinates shape: (512,)
dx shape: (2048,)
dt shape: (2048,)
Data shape after downsampling: (2048, 51, 512)
Final data shape: (2048, 51, 512)
x shape: torch.Size([102400, 1, 512])
y shape: torch.Size([102400, 1, 512])
spatial coordinates shape: (512,)
Loading from file: /data/user_data/rvk/ks/res_512/visc_0.1_L64_lmax8_et5_51/KS_valid.h5
Available data keys in 'valid': ['dt', 'dx', 'pde_51-512', 't', 'x']
Original PDE data shape: (256, 51, 512)
Time data shape: (256, 51)
Original spatial coordinates shape: (512,)
dx shape: (256,)
dt shape: (256,)
Data shape after downsampling: (256, 51, 512)
Final data shape: (256, 51, 512)
x shape: torch.Size([12800, 1, 512])
y shape: torch.Size([12800, 1, 512])
spatial coordinates shape: (512,)
Loading from file: /data/user_data/rvk/ks/res_512/visc_0.1_L64_lmax8_et5_51/KS_test.h5
Available data keys in 'test': ['dt', 'dx', 'pde_51-512', 't', 'x']
Original PDE data shape: (256, 51, 512)
Time data shape: (256, 51)
Original spatial coordinates shape: (512,)
dx shape: (256,)
dt shape: (256,)
Data shape after downsampling: (256, 51, 512)
Final data shape: (256, 51, 512)
x shape: torch.Size([12800, 1, 512])
y shape: torch.Size([12800, 1, 512])
spatial coordinates shape: (512,)
Train dataset size: 102400
Validation dataset size: 12800
Test dataset size: 12800
Collected 10 examples for resolution 512
Resolution 512 (downsample factor: 1) - Relative L2 Loss: 0.121670
Memory cleaned after resolution 512


Creating prediction vs target plots...
Saved prediction plot: figures/5322852/prediction_plots/ks_predictions_vs_targets_10_examples.png
Saved numerical results: figures/5322852/ks_1d_evaluation_results_20250814_162206.csv
Saved summary: figures/5322852/ks_1d_evaluation_summary_20250814_162206.txt

==================================================
KS EVALUATION SUMMARY
==================================================
Resolution  32: 0.305225
Resolution  64: 0.130810
Resolution 128: 0.122186
Resolution 256: 0.121797
Resolution 512: 0.121670

Summary of Super-Resolution Evaluation:
Resolution factor 32: Relative L2 Loss = 0.305225
Resolution factor 64: Relative L2 Loss = 0.130810
Resolution factor 128: Relative L2 Loss = 0.122186
Resolution factor 256: Relative L2 Loss = 0.121797
Resolution factor 512: Relative L2 Loss = 0.121670

Evaluation plots saved to: figures/5322852
Wandb run: https://wandb.ai/rohanvk-carnegie-mellon-university/ffno1d/runs/gtbwj9f5
Job completed at Thu Aug 14 16:22:11 EDT 2025
