Job started on babel-6-17 at Sun Mar 30 23:03:43 EDT 2025
Job ID: 4481318
Using device: cuda
[2025-03-30 23:03:46,181][root][INFO] - model:
  _target_: models.s4_1d.S4Model
  d_input: 1
  d_output: 1
  d_model: 256
  n_layers: 4
  dropout: 0.2
  prenorm: false
dataset:
  reduced_batch: 1
  reduced_resolution: 1
  reduced_resolution_t: 4
  pde: burger_0.001
  data_path1: data/pdebench/1D_Burgers_Sols_Nu0.001.hdf5
training:
  batch_size: 64
  epochs: 100
  learning_rate: 0.001
  use_normalizer: false
project_name: ${dataset.pde}_${hydra:runtime.choices.model}
checkpoint_dir: checkpoints

Project name: burger_0.001_s4_1d/s4_1d
Model name: models.s4_1d.S4Model
PDE Dataset: burger_0.001
Loading from file: /home/rvk/data/pdebench/1D_Burgers_Sols_Nu0.001.hdf5
(10000, 201, 1024)
Total data shape: (10000, 51, 1024)
x shape: (490000, 1, 1024)
y shape: (490000, 1, 1024)
grid shape: torch.Size([1024, 1])
---------Using data normalizer---------------
Train dataset size: 392000
Validation dataset size: 49000
Test dataset size: 49000
<class 'torch.Tensor'> 0.05033162236213684 0.05065280944108963 0.9274159669876099 0.9270837306976318
Sample Input shape: torch.Size([64, 1, 1024])
Sample Output shape: torch.Size([64, 1, 1024])
S4Model(
  (encoder): Linear(in_features=2, out_features=256, bias=True)
  (s4_layers): ModuleList(
    (0-3): 4 x S4D(
      (kernel): S4DKernel()
      (activation): GELU(approximate='none')
      (dropout): DropoutNd()
      (output_linear): Sequential(
        (0): Conv1d(256, 512, kernel_size=(1,), stride=(1,))
        (1): GLU(dim=-2)
      )
    )
  )
  (norms): ModuleList(
    (0-3): 4 x LayerNorm((256,), eps=1e-05, elementwise_affine=True)
  )
  (dropouts): ModuleList(
    (0-3): 4 x Dropout(p=0.2, inplace=False)
  )
  (decoder): Linear(in_features=256, out_features=1, bias=True)
)
first x: torch.Size([64, 1024, 2])
second x: torch.Size([64, 1024, 256])
third x: torch.Size([64, 256, 1024])
fourth x: torch.Size([64, 1024, 256])
Sample Output: torch.Size([64, 1024, 1])
Loss: tensor(1.5709, device='cuda:0')
Job completed at Sun Mar 30 23:03:57 EDT 2025
