Job started on babel-13-37 at Fri Apr 18 19:16:05 EDT 2025
Job ID: 4590450
Using device: cuda
[2025-04-18 19:16:10,790][root][INFO] - model:
  _target_: models.s4_1d.S4Model
  d_input: 15
  d_output: 1
  d_model: 64
  n_layers: 4
  dropout: 0.2
  prenorm: false
dataset:
  reduced_batch: 4
  reduced_resolution: 4
  reduced_resolution_t: 1
  window_size: 15
  original_res: 1024
  pde: burger_1.0
  data_path1: data/pdebench/1D_Burgers_Sols_Nu1.0.hdf5
training:
  batch_size: 64
  epochs: 100
  learning_rate: 0.001
  use_normalizer: false
project_name: ${dataset.pde}_${hydra:runtime.choices.model}
checkpoint_dir: checkpoints

Project name: burger_1.0_s4_1d/s4_1d
Model name: models.s4_1d.S4Model
PDE Dataset: burger_1.0
Loading from file: /home/rvk/data/pdebench/1D_Burgers_Sols_Nu1.0.hdf5
(10000, 201, 1024)
Total data shape: (2500, 201, 256)
x shape: (465000, 15, 256)
y shape: (465000, 1, 256)
grid shape: torch.Size([256, 1])
---------Using data normalizer---------------
Train dataset size: 372000
Validation dataset size: 46500
Test dataset size: 46500
<class 'torch.Tensor'> -0.01983719691634178 -0.01985197886824608 0.9711920619010925 0.9719198346138
Sample Input shape: torch.Size([64, 15, 256])
Sample Output shape: torch.Size([64, 1, 256])
[2025-04-18 19:16:36,243][models.s4][WARNING] - CUDA extension for structured kernels (Cauchy and Vandermonde multiplication) not found. Install by going to extensions/kernels/ and running `python setup.py install`, for improved speed and memory efficiency. Note that the kernel changed for state-spaces 4.0 and must be recompiled.
[2025-04-18 19:16:36,244][models.s4][WARNING] - Falling back on slow Cauchy and Vandermonde kernel. Install at least one of pykeops or the CUDA extension for better speed and memory efficiency.
[2025-04-18 19:16:36,588][models.s4][INFO] - Constructing S4 (H, N, L) = (64, 32, None)
[2025-04-18 19:16:36,792][models.s4][INFO] - Constructing S4 (H, N, L) = (64, 32, None)
[2025-04-18 19:16:37,002][models.s4][INFO] - Constructing S4 (H, N, L) = (64, 32, None)
[2025-04-18 19:16:37,264][models.s4][INFO] - Constructing S4 (H, N, L) = (64, 32, None)
S4Model(
  (encoder): Linear(in_features=16, out_features=64, bias=True)
  (s4_layers): ModuleList(
    (0-3): 4 x S4Block(
      (layer): FFTConv(
        (activation): GELU(approximate='none')
        (kernel): SSMKernelDPLR()
        (drop): Dropout(p=0.2, inplace=False)
        (drop_kernel): Identity()
      )
      (mult_activation): Identity()
      (drop): Dropout(p=0.2, inplace=False)
      (output_linear): Sequential(
        (0): Linear(in_features=64, out_features=128, bias=True)
        (1): GLU(dim=-1)
      )
      (residual_layer): ZeroLayer()
    )
  )
  (norms): ModuleList(
    (0-3): 4 x LayerNorm((64,), eps=1e-05, elementwise_affine=True)
  )
  (dropouts): ModuleList(
    (0-3): 4 x Dropout(p=0.2, inplace=False)
  )
  (decoder): Linear(in_features=64, out_features=1, bias=True)
)
[2025-04-18 19:16:45,868][models.s4][INFO] - S4: Initializing kernel to length 256
[2025-04-18 19:16:46,288][models.s4][INFO] - S4: Initializing kernel to length 256
[2025-04-18 19:16:46,293][models.s4][INFO] - S4: Initializing kernel to length 256
[2025-04-18 19:16:46,297][models.s4][INFO] - S4: Initializing kernel to length 256
Epoch 0, Train Loss: 0.02755961, Val Loss: 0.01197128
Epoch 10, Train Loss: 0.00472262, Val Loss: 0.00204214
Epoch 20, Train Loss: 0.00357049, Val Loss: 0.00162353
Epoch 30, Train Loss: 0.00308071, Val Loss: 0.00262452
Epoch 40, Train Loss: 0.00235329, Val Loss: 0.00269093
Epoch 50, Train Loss: 0.00180864, Val Loss: 0.00099385
Epoch 60, Train Loss: 0.00127577, Val Loss: 0.00102241
Epoch 70, Train Loss: 0.00073763, Val Loss: 0.00048112
Epoch 80, Train Loss: 0.00037434, Val Loss: 0.00019838
Epoch 90, Train Loss: 0.00014856, Val Loss: 0.00014012
Test L2 Loss: 0.000050
-----Visualizing Saved------
Figure saved to output_logs/predictions/burger_1.0_fno_4590450_predictions.png
Model saved to checkpoints/s4model/burger_1.0_4590450.pt
Original test data shape: x=torch.Size([46500, 15, 256]), y=torch.Size([46500, 1, 256])

Evaluating at resolution factor: 1
Resolution factor 1 - Relative L2 Loss: 0.000050

Evaluating at resolution factor: 2
Downsampled shapes: x=torch.Size([46500, 15, 128]), y=torch.Size([46500, 1, 128])
Resolution factor 2 - Relative L2 Loss: 0.001968

Evaluating at resolution factor: 4
Downsampled shapes: x=torch.Size([46500, 15, 64]), y=torch.Size([46500, 1, 64])
Resolution factor 4 - Relative L2 Loss: 0.004480

Evaluating at resolution factor: 8
Downsampled shapes: x=torch.Size([46500, 15, 32]), y=torch.Size([46500, 1, 32])
Resolution factor 8 - Relative L2 Loss: 0.004914

Evaluating at resolution factor: 16
Downsampled shapes: x=torch.Size([46500, 15, 16]), y=torch.Size([46500, 1, 16])
Resolution factor 16 - Relative L2 Loss: 0.004843

Evaluating at resolution factor: 32
Downsampled shapes: x=torch.Size([46500, 15, 8]), y=torch.Size([46500, 1, 8])
Resolution factor 32 - Relative L2 Loss: 0.004821
Loading from file: /home/rvk/data/pdebench/1D_Burgers_Sols_Nu1.0.hdf5
(10000, 201, 1024)
Total data shape: (2500, 201, 1024)
x shape: (465000, 15, 1024)
y shape: (465000, 1, 1024)
grid shape: torch.Size([1024, 1])
---------Using data normalizer---------------
Train dataset size: 372000
Validation dataset size: 46500
Test dataset size: 46500
Original test data shape: x=torch.Size([46500, 15, 1024]), y=torch.Size([46500, 1, 1024])
Testing resolutions: [512, 1024]

Evaluating at resolution: 512
Downsampled shapes: x=torch.Size([46500, 15, 512]), y=torch.Size([46500, 1, 512])
[2025-04-18 21:59:13,849][models.s4][INFO] - S4: Doubling length from L = 256 to 512
[2025-04-18 21:59:13,860][models.s4][INFO] - S4: Doubling length from L = 256 to 512
[2025-04-18 21:59:13,863][models.s4][INFO] - S4: Doubling length from L = 256 to 512
[2025-04-18 21:59:13,867][models.s4][INFO] - S4: Doubling length from L = 256 to 512
Resolution 512 - Relative L2 Loss: 0.009858

Evaluating at resolution: 1024
Downsampled shapes: x=torch.Size([46500, 15, 1024]), y=torch.Size([46500, 1, 1024])
[2025-04-18 21:59:20,143][models.s4][INFO] - S4: Doubling length from L = 512 to 1024
[2025-04-18 21:59:20,154][models.s4][INFO] - S4: Doubling length from L = 512 to 1024
[2025-04-18 21:59:20,158][models.s4][INFO] - S4: Doubling length from L = 512 to 1024
[2025-04-18 21:59:20,161][models.s4][INFO] - S4: Doubling length from L = 512 to 1024
Resolution 1024 - Relative L2 Loss: 0.529168

Summary of Super-Resolution Evaluation:
Resolution factor 1: Relative L2 Loss = 0.000050
Resolution factor 2: Relative L2 Loss = 0.001968
Resolution factor 4: Relative L2 Loss = 0.004480
Resolution factor 8: Relative L2 Loss = 0.004914
Resolution factor 16: Relative L2 Loss = 0.004843
Resolution factor 32: Relative L2 Loss = 0.004821

Summary of Higher-Resolution Evaluation:
Resolution 512: Relative L2 Loss = 0.009858
Resolution 1024: Relative L2 Loss = 0.529168
Job completed at Fri Apr 18 21:59:39 EDT 2025
