Job started on babel-4-37 at Thu Jul 31 22:59:48 EDT 2025
Job ID: 5290076
GPU information:
Thu Jul 31 22:59:48 2025       
+-----------------------------------------------------------------------------------------+
| NVIDIA-SMI 575.51.03              Driver Version: 575.51.03      CUDA Version: 12.9     |
|-----------------------------------------+------------------------+----------------------+
| GPU  Name                 Persistence-M | Bus-Id          Disp.A | Volatile Uncorr. ECC |
| Fan  Temp   Perf          Pwr:Usage/Cap |           Memory-Usage | GPU-Util  Compute M. |
|                                         |                        |               MIG M. |
|=========================================+========================+======================|
|   0  NVIDIA RTX A6000               On  |   00000000:C1:00.0 Off |                  Off |
| 30%   45C    P8             37W /  300W |       1MiB /  49140MiB |      0%      Default |
|                                         |                        |                  N/A |
+-----------------------------------------+------------------------+----------------------+
|   1  NVIDIA RTX A6000               On  |   00000000:E1:00.0 Off |                  Off |
| 30%   44C    P8             40W /  300W |       1MiB /  49140MiB |      0%      Default |
|                                         |                        |                  N/A |
+-----------------------------------------+------------------------+----------------------+
                                                                                         
+-----------------------------------------------------------------------------------------+
| Processes:                                                                              |
|  GPU   GI   CI              PID   Type   Process name                        GPU Memory |
|        ID   ID                                                               Usage      |
|=========================================================================================|
|  No running processes found                                                             |
+-----------------------------------------------------------------------------------------+
CUDA devices:
CUDA_VISIBLE_DEVICES: 0,1
Using device: cuda
[2025-07-31 23:00:14,203][root][INFO] - model:
  _target_: models.ffno.FFNO1D
  in_channels: 1
  out_channels: 1
  factor: 4
  n_modes: 16
  width: 64
  n_layers: 8
  ff_weight_norm: true
  n_ff_layers: 2
  layer_norm: true
  dropout: 0.0
  mode: full
  activation: relu
  use_grid: false
dataset:
  dataset_params:
    _target_: dataloaders.ks.ks_markov_dataset
    filename: KS_train_2048.h5
    saved_folder: /data/user_data/rvk/ks/res_32/visc_0.01_L2.0_lmax30
    val_filename: KS_valid.h5
    test_filename: KS_test.h5
    reduced_batch: 2
    reduced_resolution: 1
    reduced_resolution_t: 1
    s: 32
    data_normalizer: true
    num_samples_max: -1
  window_size: 15
  original_res: 32
  multi_res:
  - 1
  - 16
  train_mres: false
  pde: ks
training:
  batch_size: 64
  epochs: 3
  learning_rate: 0.001
  use_normalizer: false
project_name: ${dataset.pde}_${hydra:runtime.choices.model}
checkpoint_dir: checkpoints

Project name: ks_ffno_1d/ffno_1d
Model name: models.ffno.FFNO1D
PDE Dataset: ks
---------------------
Loading from file: /data/user_data/rvk/ks/res_32/visc_0.01_L2.0_lmax30/KS_train_2048.h5
Available data keys in 'train': ['dt', 'dx', 'pde_51-32', 't', 'x']
PDE data shape: (2048, 51, 32)
Time data shape: (2048, 51)
Spatial coordinates shape: (32,)
dx shape: (2048,)
dt shape: (2048,)
Final data shape: (1024, 51, 32)
Current Spatial Size: 32
x shape: torch.Size([51200, 1, 32])
y shape: torch.Size([51200, 1, 32])
spatial coordinates shape: (32,)
Loading from file: /data/user_data/rvk/ks/res_32/visc_0.01_L2.0_lmax30/KS_valid.h5
Available data keys in 'valid': ['dt', 'dx', 'pde_51-32', 't', 'x']
PDE data shape: (256, 51, 32)
Time data shape: (256, 51)
Spatial coordinates shape: (32,)
dx shape: (256,)
dt shape: (256,)
Final data shape: (128, 51, 32)
Current Spatial Size: 32
x shape: torch.Size([6400, 1, 32])
y shape: torch.Size([6400, 1, 32])
spatial coordinates shape: (32,)
Loading from file: /data/user_data/rvk/ks/res_32/visc_0.01_L2.0_lmax30/KS_test.h5
Available data keys in 'test': ['dt', 'dx', 'pde_51-32', 't', 'x']
PDE data shape: (256, 51, 32)
Time data shape: (256, 51)
Spatial coordinates shape: (32,)
dx shape: (256,)
dt shape: (256,)
Final data shape: (128, 51, 32)
Current Spatial Size: 32
x shape: torch.Size([6400, 1, 32])
y shape: torch.Size([6400, 1, 32])
spatial coordinates shape: (32,)
---------Computing min-max normalization statistics---------------
Input data range: [-84.142288, 79.899933]
Output data range: [-98.243515, 93.732834]
Train dataset size: 51200
Validation dataset size: 6400
Test dataset size: 6400
<dataloaders.ks.ks_markov_dataset.<locals>.MinMaxNormalizedDataset object at 0x14e72b278a50>
<class 'torch.Tensor'> 0.5129306316375732 0.5117480158805847 0.07720278948545456 0.06890235096216202
FFNO1D(
  (in_proj): WNLinear(in_features=1, out_features=64, bias=True)
  (fourier_layers): ModuleList(
    (0-7): 8 x FSpectralConv1d(
      (fourier_weight): ParameterList(  (0): Parameter containing: [torch.float32 of size 64x64x16x2 (cuda:0)])
      (backcast_ff): FeedForward(
        (layers): ModuleList(
          (0): Sequential(
            (0): Linear(in_features=64, out_features=256, bias=True)
            (1): Dropout(p=0.0, inplace=False)
            (2): GELU(approximate='none')
            (3): Identity()
          )
          (1): Sequential(
            (0): Linear(in_features=256, out_features=64, bias=True)
            (1): Dropout(p=0.0, inplace=False)
            (2): Identity()
            (3): LayerNorm((64,), eps=1e-05, elementwise_affine=True)
          )
        )
      )
    )
  )
  (out_proj): WNLinear(in_features=64, out_features=1, bias=True)
)
Total Model Parameters: 1.31M
Trainable Parameters: 1.31M
Epoch 0, Train Loss: 0.31731815, Val Loss: 0.16037037
Test L2 Loss: 199.492872
Model saved to checkpoints/ffno1d/ks_5290076.pt
Created/verified figures directory: figures/5290076
Evaluating KS model at multiple resolutions
Using provided normalization statistics from training resolution 32:
  Input range: [-84.142288, 79.899933]
  Output range: [-98.243515, 93.732834]
Testing resolutions: [32, 64, 128, 256, 512]
Loading from file: /data/user_data/rvk/ks/res_32/visc_0.01_L2.0_lmax30/KS_train_2048.h5
Available data keys in 'train': ['dt', 'dx', 'pde_51-32', 't', 'x']
PDE data shape: (2048, 51, 32)
Time data shape: (2048, 51)
Spatial coordinates shape: (32,)
dx shape: (2048,)
dt shape: (2048,)
Final data shape: (1024, 51, 32)
Current Spatial Size: 32
x shape: torch.Size([51200, 1, 32])
y shape: torch.Size([51200, 1, 32])
spatial coordinates shape: (32,)
Loading from file: /data/user_data/rvk/ks/res_32/visc_0.01_L2.0_lmax30/KS_valid.h5
Available data keys in 'valid': ['dt', 'dx', 'pde_51-32', 't', 'x']
PDE data shape: (256, 51, 32)
Time data shape: (256, 51)
Spatial coordinates shape: (32,)
dx shape: (256,)
dt shape: (256,)
Final data shape: (128, 51, 32)
Current Spatial Size: 32
x shape: torch.Size([6400, 1, 32])
y shape: torch.Size([6400, 1, 32])
spatial coordinates shape: (32,)
Loading from file: /data/user_data/rvk/ks/res_32/visc_0.01_L2.0_lmax30/KS_test.h5
Available data keys in 'test': ['dt', 'dx', 'pde_51-32', 't', 'x']
PDE data shape: (256, 51, 32)
Time data shape: (256, 51)
Spatial coordinates shape: (32,)
dx shape: (256,)
dt shape: (256,)
Final data shape: (128, 51, 32)
Current Spatial Size: 32
x shape: torch.Size([6400, 1, 32])
y shape: torch.Size([6400, 1, 32])
spatial coordinates shape: (32,)
Train dataset size: 51200
Validation dataset size: 6400
Test dataset size: 6400
Selected random indices for plotting: [3068, 1974, 4739, 5675, 3193, 6055, 4568, 6328, 4489, 4547]
Collected 10 examples for resolution 32
Resolution 32 - Relative L2 Loss: 197.285906
Memory cleaned after resolution 32
Loading from file: /data/user_data/rvk/ks/res_32/visc_0.01_L2.0_lmax30/KS_train_2048.h5
Available data keys in 'train': ['dt', 'dx', 'pde_51-32', 't', 'x']
PDE data shape: (2048, 51, 32)
Time data shape: (2048, 51)
Spatial coordinates shape: (32,)
dx shape: (2048,)
dt shape: (2048,)
Final data shape: (1024, 51, 32)
Current Spatial Size: 32
Resizing from 32 to 64
Upsampling using FFT-based resize_1d function
Data shape after resizing: (1024, 51, 64)
Updated spatial coordinates shape: (64,)
x shape: torch.Size([51200, 1, 64])
y shape: torch.Size([51200, 1, 64])
spatial coordinates shape: (64,)
Loading from file: /data/user_data/rvk/ks/res_32/visc_0.01_L2.0_lmax30/KS_valid.h5
Available data keys in 'valid': ['dt', 'dx', 'pde_51-32', 't', 'x']
PDE data shape: (256, 51, 32)
Time data shape: (256, 51)
Spatial coordinates shape: (32,)
dx shape: (256,)
dt shape: (256,)
Final data shape: (128, 51, 32)
Current Spatial Size: 32
Resizing from 32 to 64
Upsampling using FFT-based resize_1d function
Data shape after resizing: (128, 51, 64)
Updated spatial coordinates shape: (64,)
x shape: torch.Size([6400, 1, 64])
y shape: torch.Size([6400, 1, 64])
spatial coordinates shape: (64,)
Loading from file: /data/user_data/rvk/ks/res_32/visc_0.01_L2.0_lmax30/KS_test.h5
Available data keys in 'test': ['dt', 'dx', 'pde_51-32', 't', 'x']
PDE data shape: (256, 51, 32)
Time data shape: (256, 51)
Spatial coordinates shape: (32,)
dx shape: (256,)
dt shape: (256,)
Final data shape: (128, 51, 32)
Current Spatial Size: 32
Resizing from 32 to 64
Upsampling using FFT-based resize_1d function
Data shape after resizing: (128, 51, 64)
Updated spatial coordinates shape: (64,)
x shape: torch.Size([6400, 1, 64])
y shape: torch.Size([6400, 1, 64])
spatial coordinates shape: (64,)
Train dataset size: 51200
Validation dataset size: 6400
Test dataset size: 6400
Collected 10 examples for resolution 64
Resolution 64 - Relative L2 Loss: 189.096879
Memory cleaned after resolution 64
Loading from file: /data/user_data/rvk/ks/res_32/visc_0.01_L2.0_lmax30/KS_train_2048.h5
Available data keys in 'train': ['dt', 'dx', 'pde_51-32', 't', 'x']
PDE data shape: (2048, 51, 32)
Time data shape: (2048, 51)
Spatial coordinates shape: (32,)
dx shape: (2048,)
dt shape: (2048,)
Final data shape: (1024, 51, 32)
Current Spatial Size: 32
Resizing from 32 to 128
Upsampling using FFT-based resize_1d function
Data shape after resizing: (1024, 51, 128)
Updated spatial coordinates shape: (128,)
x shape: torch.Size([51200, 1, 128])
y shape: torch.Size([51200, 1, 128])
spatial coordinates shape: (128,)
Loading from file: /data/user_data/rvk/ks/res_32/visc_0.01_L2.0_lmax30/KS_valid.h5
Available data keys in 'valid': ['dt', 'dx', 'pde_51-32', 't', 'x']
PDE data shape: (256, 51, 32)
Time data shape: (256, 51)
Spatial coordinates shape: (32,)
dx shape: (256,)
dt shape: (256,)
Final data shape: (128, 51, 32)
Current Spatial Size: 32
Resizing from 32 to 128
Upsampling using FFT-based resize_1d function
Data shape after resizing: (128, 51, 128)
Updated spatial coordinates shape: (128,)
x shape: torch.Size([6400, 1, 128])
y shape: torch.Size([6400, 1, 128])
spatial coordinates shape: (128,)
Loading from file: /data/user_data/rvk/ks/res_32/visc_0.01_L2.0_lmax30/KS_test.h5
Available data keys in 'test': ['dt', 'dx', 'pde_51-32', 't', 'x']
PDE data shape: (256, 51, 32)
Time data shape: (256, 51)
Spatial coordinates shape: (32,)
dx shape: (256,)
dt shape: (256,)
Final data shape: (128, 51, 32)
Current Spatial Size: 32
Resizing from 32 to 128
Upsampling using FFT-based resize_1d function
Data shape after resizing: (128, 51, 128)
Updated spatial coordinates shape: (128,)
x shape: torch.Size([6400, 1, 128])
y shape: torch.Size([6400, 1, 128])
spatial coordinates shape: (128,)
Train dataset size: 51200
Validation dataset size: 6400
Test dataset size: 6400
Collected 10 examples for resolution 128
Resolution 128 - Relative L2 Loss: 189.098017
Memory cleaned after resolution 128
Loading from file: /data/user_data/rvk/ks/res_32/visc_0.01_L2.0_lmax30/KS_train_2048.h5
Available data keys in 'train': ['dt', 'dx', 'pde_51-32', 't', 'x']
PDE data shape: (2048, 51, 32)
Time data shape: (2048, 51)
Spatial coordinates shape: (32,)
dx shape: (2048,)
dt shape: (2048,)
Final data shape: (1024, 51, 32)
Current Spatial Size: 32
Resizing from 32 to 256
Upsampling using FFT-based resize_1d function
Data shape after resizing: (1024, 51, 256)
Updated spatial coordinates shape: (256,)
x shape: torch.Size([51200, 1, 256])
y shape: torch.Size([51200, 1, 256])
spatial coordinates shape: (256,)
Loading from file: /data/user_data/rvk/ks/res_32/visc_0.01_L2.0_lmax30/KS_valid.h5
Available data keys in 'valid': ['dt', 'dx', 'pde_51-32', 't', 'x']
PDE data shape: (256, 51, 32)
Time data shape: (256, 51)
Spatial coordinates shape: (32,)
dx shape: (256,)
dt shape: (256,)
Final data shape: (128, 51, 32)
Current Spatial Size: 32
Resizing from 32 to 256
Upsampling using FFT-based resize_1d function
Data shape after resizing: (128, 51, 256)
Updated spatial coordinates shape: (256,)
x shape: torch.Size([6400, 1, 256])
y shape: torch.Size([6400, 1, 256])
spatial coordinates shape: (256,)
Loading from file: /data/user_data/rvk/ks/res_32/visc_0.01_L2.0_lmax30/KS_test.h5
Available data keys in 'test': ['dt', 'dx', 'pde_51-32', 't', 'x']
PDE data shape: (256, 51, 32)
Time data shape: (256, 51)
Spatial coordinates shape: (32,)
dx shape: (256,)
dt shape: (256,)
Final data shape: (128, 51, 32)
Current Spatial Size: 32
Resizing from 32 to 256
Upsampling using FFT-based resize_1d function
Data shape after resizing: (128, 51, 256)
Updated spatial coordinates shape: (256,)
x shape: torch.Size([6400, 1, 256])
y shape: torch.Size([6400, 1, 256])
spatial coordinates shape: (256,)
Train dataset size: 51200
Validation dataset size: 6400
Test dataset size: 6400
Collected 10 examples for resolution 256
Resolution 256 - Relative L2 Loss: 189.099050
Memory cleaned after resolution 256
Loading from file: /data/user_data/rvk/ks/res_32/visc_0.01_L2.0_lmax30/KS_train_2048.h5
Available data keys in 'train': ['dt', 'dx', 'pde_51-32', 't', 'x']
PDE data shape: (2048, 51, 32)
Time data shape: (2048, 51)
Spatial coordinates shape: (32,)
dx shape: (2048,)
dt shape: (2048,)
Final data shape: (1024, 51, 32)
Current Spatial Size: 32
Resizing from 32 to 512
Upsampling using FFT-based resize_1d function
Data shape after resizing: (1024, 51, 512)
Updated spatial coordinates shape: (512,)
x shape: torch.Size([51200, 1, 512])
y shape: torch.Size([51200, 1, 512])
spatial coordinates shape: (512,)
Loading from file: /data/user_data/rvk/ks/res_32/visc_0.01_L2.0_lmax30/KS_valid.h5
Available data keys in 'valid': ['dt', 'dx', 'pde_51-32', 't', 'x']
PDE data shape: (256, 51, 32)
Time data shape: (256, 51)
Spatial coordinates shape: (32,)
dx shape: (256,)
dt shape: (256,)
Final data shape: (128, 51, 32)
Current Spatial Size: 32
Resizing from 32 to 512
Upsampling using FFT-based resize_1d function
Data shape after resizing: (128, 51, 512)
Updated spatial coordinates shape: (512,)
x shape: torch.Size([6400, 1, 512])
y shape: torch.Size([6400, 1, 512])
spatial coordinates shape: (512,)
Loading from file: /data/user_data/rvk/ks/res_32/visc_0.01_L2.0_lmax30/KS_test.h5
Available data keys in 'test': ['dt', 'dx', 'pde_51-32', 't', 'x']
PDE data shape: (256, 51, 32)
Time data shape: (256, 51)
Spatial coordinates shape: (32,)
dx shape: (256,)
dt shape: (256,)
Final data shape: (128, 51, 32)
Current Spatial Size: 32
Resizing from 32 to 512
Upsampling using FFT-based resize_1d function
Data shape after resizing: (128, 51, 512)
Updated spatial coordinates shape: (512,)
x shape: torch.Size([6400, 1, 512])
y shape: torch.Size([6400, 1, 512])
spatial coordinates shape: (512,)
Train dataset size: 51200
Validation dataset size: 6400
Test dataset size: 6400
Collected 10 examples for resolution 512
Resolution 512 - Relative L2 Loss: 189.099766
Memory cleaned after resolution 512
Creating prediction vs target plots...
Saved prediction plot: figures/5290076/prediction_plots/ks_predictions_vs_targets_10_examples.png
Saved numerical results: figures/5290076/ks_1d_evaluation_results_20250731_230127.csv
Saved summary: figures/5290076/ks_1d_evaluation_summary_20250731_230127.txt

==================================================
KS EVALUATION SUMMARY
==================================================
Resolution  32: 197.285906
Resolution  64: 189.096879
Resolution 128: 189.098017
Resolution 256: 189.099050
Resolution 512: 189.099766

Summary of Super-Resolution Evaluation:
Resolution factor 32: Relative L2 Loss = 197.285906
Resolution factor 64: Relative L2 Loss = 189.096879
Resolution factor 128: Relative L2 Loss = 189.098017
Resolution factor 256: Relative L2 Loss = 189.099050
Resolution factor 512: Relative L2 Loss = 189.099766

Evaluation plots saved to: figures/5290076
Wandb run: https://wandb.ai/rohanvk-carnegie-mellon-university/ffno1d/runs/o9iohr6m
Job completed at Thu Jul 31 23:01:31 EDT 2025
