Job started on babel-15-32 at Sat Aug  2 16:48:17 EDT 2025
Job ID: 5294117
GPU information:
Sat Aug  2 16:48:17 2025       
+-----------------------------------------------------------------------------------------+
| NVIDIA-SMI 575.51.03              Driver Version: 575.51.03      CUDA Version: 12.9     |
|-----------------------------------------+------------------------+----------------------+
| GPU  Name                 Persistence-M | Bus-Id          Disp.A | Volatile Uncorr. ECC |
| Fan  Temp   Perf          Pwr:Usage/Cap |           Memory-Usage | GPU-Util  Compute M. |
|                                         |                        |               MIG M. |
|=========================================+========================+======================|
|   0  NVIDIA RTX A6000               On  |   00000000:B2:00.0 Off |                  Off |
| 30%   38C    P8             18W /  300W |       1MiB /  49140MiB |      0%      Default |
|                                         |                        |                  N/A |
+-----------------------------------------+------------------------+----------------------+
|   1  NVIDIA RTX A6000               On  |   00000000:DA:00.0 Off |                  Off |
| 30%   35C    P8             23W /  300W |       1MiB /  49140MiB |      0%      Default |
|                                         |                        |                  N/A |
+-----------------------------------------+------------------------+----------------------+
                                                                                         
+-----------------------------------------------------------------------------------------+
| Processes:                                                                              |
|  GPU   GI   CI              PID   Type   Process name                        GPU Memory |
|        ID   ID                                                               Usage      |
|=========================================================================================|
|  No running processes found                                                             |
+-----------------------------------------------------------------------------------------+
CUDA devices:
CUDA_VISIBLE_DEVICES: 0,1
============================================================
ARGUMENTS:
============================================================
experiment          : KS
device              : cpu
end_time            : 100.0
nt                  : 500
nt_effective        : 140
nx                  : 65
L                   : 64.0
train_samples       : 8
valid_samples       : 8
test_samples        : 8
batch_size          : 1
suffix              : 
log                 : False
viscosity           : 1.0
lmax                : 3
create_plots        : True
num_plots           : 10
plot_resolutions    : [32, 64, 128, 256, 512]
============================================================
Data directory /data/user_data/rvk/ks/res_65/visc_1.0_L64.0_lmax3_et100.0_nte140_nt500 exists and will be written to.
Generating data
File /data/user_data/rvk/ks/res_65/visc_1.0_L64.0_lmax3_et100.0_nte140_nt500/KS_valid.h5 is deleted.
File /data/user_data/rvk/ks/res_65/visc_1.0_L64.0_lmax3_et100.0_nte140_nt500/KS_train_8.h5 is deleted.
File /data/user_data/rvk/ks/res_65/visc_1.0_L64.0_lmax3_et100.0_nte140_nt500/KS_test.h5 is deleted.
Equation: KS
Mode: valid
Number of samples: 8

Data saved


Equation: KS
Mode: train
Number of samples: 8

Data saved


Equation: KS
Mode: test
Number of samples: 8

Data saved



Generating validation plots...
Auto-generated job_id: job_5294117_visc_1.0_L64.0_lmax3_et100.0_nte140_nt500
Created figure directory: ./figures/job_5294117_visc_1.0_L64.0_lmax3_et100.0_nte140_nt500
Loaded valid data with shape: (8, 140, 65)
Warning: Only 8 samples available, using all of them.
Selected random sample indices: [0, 1, 2, 3, 4, 5, 6, 7]
Selected time indices: [0, 10, 21, 32, 42, 53, 64, 74, 85, 96, 106, 117, 128, 139]
Calculating temporal distances...
Distance plot saved to: ./figures/job_5294117_visc_1.0_L64.0_lmax3_et100.0_nte140_nt500/temporal_distances_valid_visc_1.0_L64.0_lmax3_et100.0_nte140_nt500.png

Generating plots for resolution 32...

Generating plots for resolution 64...

Generating plots for resolution 128...

Generating plots for resolution 256...

Generating plots for resolution 512...

Visualization Summary:
  - Dataset: valid
  - Random samples plotted: [0, 1, 2, 3, 4, 5, 6, 7]
  - Time points per sample: 14
  - Original resolution: 65
  - Plot resolutions: [32, 64, 128, 256, 512]
  - Distance analysis: Calculated 139 temporal transitions
  - Total plots saved: 6
  - Output directory: ./figures/job_5294117_visc_1.0_L64.0_lmax3_et100.0_nte140_nt500
    1. temporal_distances_valid_visc_1.0_L64.0_lmax3_et100.0_nte140_nt500.png
    2. ks_evolution_samples_0-1-2-3-4-5-6-7_res_32_visc_1.0_L64.0_lmax3_et100.0_nte140_nt500_valid_20250802_164952.png
    3. ks_evolution_samples_0-1-2-3-4-5-6-7_res_64_visc_1.0_L64.0_lmax3_et100.0_nte140_nt500_valid_20250802_165010.png
    4. ks_evolution_samples_0-1-2-3-4-5-6-7_res_128_visc_1.0_L64.0_lmax3_et100.0_nte140_nt500_valid_20250802_165028.png
    5. ks_evolution_samples_0-1-2-3-4-5-6-7_res_256_visc_1.0_L64.0_lmax3_et100.0_nte140_nt500_valid_20250802_165045.png
    6. ks_evolution_samples_0-1-2-3-4-5-6-7_res_512_visc_1.0_L64.0_lmax3_et100.0_nte140_nt500_valid_20250802_165103.png

Generating test plots...
Auto-generated job_id: job_5294117_visc_1.0_L64.0_lmax3_et100.0_nte140_nt500
Created figure directory: ./figures/job_5294117_visc_1.0_L64.0_lmax3_et100.0_nte140_nt500
Loaded test data with shape: (8, 140, 65)
Warning: Only 8 samples available, using all of them.
Selected random sample indices: [0, 1, 2, 3, 4, 5, 6, 7]
Selected time indices: [0, 10, 21, 32, 42, 53, 64, 74, 85, 96, 106, 117, 128, 139]
Calculating temporal distances...
Distance plot saved to: ./figures/job_5294117_visc_1.0_L64.0_lmax3_et100.0_nte140_nt500/temporal_distances_test_visc_1.0_L64.0_lmax3_et100.0_nte140_nt500.png

Generating plots for resolution 32...

Generating plots for resolution 64...

Generating plots for resolution 128...

Generating plots for resolution 256...

Generating plots for resolution 512...

Visualization Summary:
  - Dataset: test
  - Random samples plotted: [0, 1, 2, 3, 4, 5, 6, 7]
  - Time points per sample: 14
  - Original resolution: 65
  - Plot resolutions: [32, 64, 128, 256, 512]
  - Distance analysis: Calculated 139 temporal transitions
  - Total plots saved: 6
  - Output directory: ./figures/job_5294117_visc_1.0_L64.0_lmax3_et100.0_nte140_nt500
    1. temporal_distances_test_visc_1.0_L64.0_lmax3_et100.0_nte140_nt500.png
    2. ks_evolution_samples_0-1-2-3-4-5-6-7_res_32_visc_1.0_L64.0_lmax3_et100.0_nte140_nt500_test_20250802_165121.png
    3. ks_evolution_samples_0-1-2-3-4-5-6-7_res_64_visc_1.0_L64.0_lmax3_et100.0_nte140_nt500_test_20250802_165138.png
    4. ks_evolution_samples_0-1-2-3-4-5-6-7_res_128_visc_1.0_L64.0_lmax3_et100.0_nte140_nt500_test_20250802_165156.png
    5. ks_evolution_samples_0-1-2-3-4-5-6-7_res_256_visc_1.0_L64.0_lmax3_et100.0_nte140_nt500_test_20250802_165213.png
    6. ks_evolution_samples_0-1-2-3-4-5-6-7_res_512_visc_1.0_L64.0_lmax3_et100.0_nte140_nt500_test_20250802_165230.png
Job completed at Sat Aug  2 16:52:42 EDT 2025
