Job started on babel-6-5 at Tue Sep  9 02:01:56 EDT 2025
Job ID: 5444191
GPU information:
Tue Sep  9 02:01:56 2025       
+-----------------------------------------------------------------------------------------+
| NVIDIA-SMI 575.51.03              Driver Version: 575.51.03      CUDA Version: 12.9     |
|-----------------------------------------+------------------------+----------------------+
| GPU  Name                 Persistence-M | Bus-Id          Disp.A | Volatile Uncorr. ECC |
| Fan  Temp   Perf          Pwr:Usage/Cap |           Memory-Usage | GPU-Util  Compute M. |
|                                         |                        |               MIG M. |
|=========================================+========================+======================|
|   0  NVIDIA L40S                    On  |   00000000:01:00.0 Off |                    0 |
| N/A   30C    P8             33W /  350W |       0MiB /  46068MiB |      0%      Default |
|                                         |                        |                  N/A |
+-----------------------------------------+------------------------+----------------------+
|   1  NVIDIA L40S                    On  |   00000000:A1:00.0 Off |                    0 |
| N/A   29C    P8             34W /  350W |       0MiB /  46068MiB |      0%      Default |
|                                         |                        |                  N/A |
+-----------------------------------------+------------------------+----------------------+
                                                                                         
+-----------------------------------------------------------------------------------------+
| Processes:                                                                              |
|  GPU   GI   CI              PID   Type   Process name                        GPU Memory |
|        ID   ID                                                               Usage      |
|=========================================================================================|
|  No running processes found                                                             |
+-----------------------------------------------------------------------------------------+
CUDA devices:
CUDA_VISIBLE_DEVICES: 0,1
Using device: cuda
Available GPUs: 2
[2025-09-09 02:02:01,642][root][INFO] - model:
  _target_: models.ffno.FFNO2D
  in_channels: 1
  out_channels: 1
  width: 64
  factor: 4
  n_modes: 64
  n_layers: 4
  dropout: 0.2
  mode: full
  ff_weight_norm: true
  n_ff_layers: 3
  layer_norm: true
  use_grid: true
dataset:
  dataset_params:
    _target_: dataloaders.ns_naive_true_multires.ns_true_multires_markov_dataset
    saved_folder: /data/user_data/rvk/ns_data/
    file_extension: .h5
    viscosity: '0.00001'
    reduced_batch: 1
    reduced_resolution_t: 1
    data_mres_size:
      256: 100
      128: 400
      64: 400
    add_res:
    - 32
    add_res_samples:
      32: 100
    downsample_from_res: 64
    data_normalizer: true
    normalization_type: simple
    num_samples_max: -1
    eval_dataset_target: dataloaders.ns_naive_markov.ns_markov_dataset
    eval_filename: ns_256_0.00001.h5
    eval_saved_folder: /data/user_data/rvk/ns_data/
  resize_to_train: false
  evaluation_type: naive_downsample
  window_size: 15
  original_res: 256
  max_test_resolution: 256
  train_mres: true
  pde: ns
training:
  batch_size: 4
  epochs: 100
  learning_rate: 0.001
  use_normalizer: false
project_name: ${dataset.pde}_${hydra:runtime.choices.model}
checkpoint_dir: checkpoints

Project name: ns_ffno_2d/ffno_2d
Model name: models.ffno.FFNO2D
PDE Dataset: ns
This is True Multi-Resolution Training. Train Resolution is the highest data resolution in the multi-resolution data
---------------------
Creating true multi-resolution Navier-Stokes dataset from /data/user_data/rvk/ns_data/
Viscosity: 0.00001, File extension: .h5
Target samples per resolution: {256: 100, 128: 400, 64: 400}
Additional downsampled resolutions: [32]
Target samples per downsampled resolution: {32: 100}
Will downsample from resolution: 64
Loading Navier-Stokes multi-resolution data from /data/user_data/rvk/ns_data/
Viscosity: 0.00001, File extension: .h5
Target samples per resolution (from files): {256: 100, 128: 400, 64: 400}
Additional downsampled resolutions: [32]
Target samples per downsampled resolution: {32: 100}
Will downsample from resolution: 64
Loading resolution 256 from /data/user_data/rvk/ns_data/ns_256_0.00001.h5
  Loading .h5 file...
  Available keys: ['a', 't', 'u']
  Raw data shape for 256: (1024, 256, 256, 32)
  Detected (batch, height, width, time) format, transposing to (batch, time, height, width)
  Converted to shape: (1024, 32, 256, 256, 1)
  After reduction: (1024, 32, 256, 256, 1)
  Split 'train' data shape: (819, 32, 256, 256, 1)
  Subsampled to 80 samples for train split
  Added 2400 sample pairs from resolution 256
Loading resolution 128 from /data/user_data/rvk/ns_data/ns_128_0.00001.h5
  Loading .h5 file...
  Available keys: ['a', 't', 'u']
  Raw data shape for 128: (1024, 128, 128, 32)
  Detected (batch, height, width, time) format, transposing to (batch, time, height, width)
  Converted to shape: (1024, 32, 128, 128, 1)
  After reduction: (1024, 32, 128, 128, 1)
  Split 'train' data shape: (819, 32, 128, 128, 1)
  Subsampled to 320 samples for train split
  Added 9600 sample pairs from resolution 128
Loading resolution 64 from /data/user_data/rvk/ns_data/ns_64_0.00001.h5
  Loading .h5 file...
  Available keys: ['a', 't', 'u']
  Raw data shape for 64: (1024, 64, 64, 32)
  Detected (batch, height, width, time) format, transposing to (batch, time, height, width)
  Converted to shape: (1024, 32, 64, 64, 1)
  After reduction: (1024, 32, 64, 64, 1)
  Split 'train' data shape: (819, 32, 64, 64, 1)
  Subsampled to 320 samples for train split
  Added 9600 sample pairs from resolution 64
Adding downsampled resolutions: [32]
Adding downsampled data from /data/user_data/rvk/ns_data/ns_64_0.00001.h5
  Loading .h5 file...
  Available keys: ['a', 't', 'u']
  Detected (batch, height, width, time) format, transposing to (batch, time, height, width)
  Added 2400 downsampled samples at resolution 32
Total samples loaded: 24000
Resolution distribution:
  128_file: 9600 samples
  256_file: 2400 samples
  32_downsampled: 2400 samples
  64_file: 9600 samples
Sample x shapes: [(1, 256, 256), (1, 256, 256), (1, 256, 256)]
Sample y shapes: [(1, 256, 256), (1, 256, 256), (1, 256, 256)]
Loading Navier-Stokes multi-resolution data from /data/user_data/rvk/ns_data/
Viscosity: 0.00001, File extension: .h5
Target samples per resolution (from files): {256: 100, 128: 400, 64: 400}
Additional downsampled resolutions: [32]
Target samples per downsampled resolution: {32: 100}
Will downsample from resolution: 64
Loading resolution 256 from /data/user_data/rvk/ns_data/ns_256_0.00001.h5
  Loading .h5 file...
  Available keys: ['a', 't', 'u']
  Raw data shape for 256: (1024, 256, 256, 32)
  Detected (batch, height, width, time) format, transposing to (batch, time, height, width)
  Converted to shape: (1024, 32, 256, 256, 1)
  After reduction: (1024, 32, 256, 256, 1)
  Split 'val' data shape: (102, 32, 256, 256, 1)
  Subsampled to 10 samples for val split
  Added 300 sample pairs from resolution 256
Loading resolution 128 from /data/user_data/rvk/ns_data/ns_128_0.00001.h5
  Loading .h5 file...
  Available keys: ['a', 't', 'u']
  Raw data shape for 128: (1024, 128, 128, 32)
  Detected (batch, height, width, time) format, transposing to (batch, time, height, width)
  Converted to shape: (1024, 32, 128, 128, 1)
  After reduction: (1024, 32, 128, 128, 1)
  Split 'val' data shape: (102, 32, 128, 128, 1)
  Using all 102 samples for val split
  Added 3060 sample pairs from resolution 128
Loading resolution 64 from /data/user_data/rvk/ns_data/ns_64_0.00001.h5
  Loading .h5 file...
  Available keys: ['a', 't', 'u']
  Raw data shape for 64: (1024, 64, 64, 32)
  Detected (batch, height, width, time) format, transposing to (batch, time, height, width)
  Converted to shape: (1024, 32, 64, 64, 1)
  After reduction: (1024, 32, 64, 64, 1)
  Split 'val' data shape: (102, 32, 64, 64, 1)
  Using all 102 samples for val split
  Added 3060 sample pairs from resolution 64
Adding downsampled resolutions: [32]
Adding downsampled data from /data/user_data/rvk/ns_data/ns_64_0.00001.h5
  Loading .h5 file...
  Available keys: ['a', 't', 'u']
  Detected (batch, height, width, time) format, transposing to (batch, time, height, width)
  Added 300 downsampled samples at resolution 32
Total samples loaded: 6720
Resolution distribution:
  128_file: 3060 samples
  256_file: 300 samples
  32_downsampled: 300 samples
  64_file: 3060 samples
Sample x shapes: [(1, 256, 256), (1, 256, 256), (1, 256, 256)]
Sample y shapes: [(1, 256, 256), (1, 256, 256), (1, 256, 256)]
Loading Navier-Stokes multi-resolution data from /data/user_data/rvk/ns_data/
Viscosity: 0.00001, File extension: .h5
Target samples per resolution (from files): {256: 100, 128: 400, 64: 400}
Additional downsampled resolutions: [32]
Target samples per downsampled resolution: {32: 100}
Will downsample from resolution: 64
Loading resolution 256 from /data/user_data/rvk/ns_data/ns_256_0.00001.h5
  Loading .h5 file...
  Available keys: ['a', 't', 'u']
  Raw data shape for 256: (1024, 256, 256, 32)
  Detected (batch, height, width, time) format, transposing to (batch, time, height, width)
  Converted to shape: (1024, 32, 256, 256, 1)
  After reduction: (1024, 32, 256, 256, 1)
  Split 'test' data shape: (103, 32, 256, 256, 1)
  Subsampled to 10 samples for test split
  Added 300 sample pairs from resolution 256
Loading resolution 128 from /data/user_data/rvk/ns_data/ns_128_0.00001.h5
  Loading .h5 file...
  Available keys: ['a', 't', 'u']
  Raw data shape for 128: (1024, 128, 128, 32)
  Detected (batch, height, width, time) format, transposing to (batch, time, height, width)
  Converted to shape: (1024, 32, 128, 128, 1)
  After reduction: (1024, 32, 128, 128, 1)
  Split 'test' data shape: (103, 32, 128, 128, 1)
  Using all 103 samples for test split
  Added 3090 sample pairs from resolution 128
Loading resolution 64 from /data/user_data/rvk/ns_data/ns_64_0.00001.h5
  Loading .h5 file...
  Available keys: ['a', 't', 'u']
  Raw data shape for 64: (1024, 64, 64, 32)
  Detected (batch, height, width, time) format, transposing to (batch, time, height, width)
  Converted to shape: (1024, 32, 64, 64, 1)
  After reduction: (1024, 32, 64, 64, 1)
  Split 'test' data shape: (103, 32, 64, 64, 1)
  Using all 103 samples for test split
  Added 3090 sample pairs from resolution 64
Adding downsampled resolutions: [32]
Adding downsampled data from /data/user_data/rvk/ns_data/ns_64_0.00001.h5
  Loading .h5 file...
  Available keys: ['a', 't', 'u']
  Detected (batch, height, width, time) format, transposing to (batch, time, height, width)
  Added 300 downsampled samples at resolution 32
Total samples loaded: 6780
Resolution distribution:
  128_file: 3090 samples
  256_file: 300 samples
  32_downsampled: 300 samples
  64_file: 3090 samples
Sample x shapes: [(1, 256, 256), (1, 256, 256), (1, 256, 256)]
Sample y shapes: [(1, 256, 256), (1, 256, 256), (1, 256, 256)]
---------Using simple global normalization---------------
Global statistics: X(mean=0.000000, std=0.319560), Y(mean=0.000000, std=0.324746)

Final dataset sizes:
Train dataset size: 24000
Validation dataset size: 6720
Test dataset size: 6780
<dataloaders.ns_naive_true_multires.ns_true_multires_markov_dataset.<locals>.SimpleNormalizedDataset object at 0x1488bdafcb90>
Detected 2 GPUs. Adjusting batch size from 4 to 8
Created resolution groups:
  Resolution 256: 2400 samples
  Resolution 128: 9600 samples
  Resolution 64: 9600 samples
  Resolution 32: 2400 samples
Created resolution groups:
  Resolution 256: 300 samples
  Resolution 128: 3060 samples
  Resolution 64: 3060 samples
  Resolution 32: 300 samples
Created resolution groups:
  Resolution 256: 300 samples
  Resolution 128: 3090 samples
  Resolution 64: 3090 samples
  Resolution 32: 300 samples
<class 'torch.Tensor'> -1.5133991837501526e-09 -4.249159246683121e-09 1.084168791770935 1.0824131965637207
FFNO2D(
  (in_proj): WNLinear(in_features=3, out_features=64, bias=True)
  (fourier_layers): ModuleList(
    (0-3): 4 x FSpectralConv2d(
      (fourier_weight): ParameterList(
          (0): Parameter containing: [torch.float32 of size 64x64x64x2 (cuda:0)]
          (1): Parameter containing: [torch.float32 of size 64x64x64x2 (cuda:0)]
      )
      (backcast_ff): FeedForward(
        (layers): ModuleList(
          (0): Sequential(
            (0): Linear(in_features=64, out_features=256, bias=True)
            (1): Dropout(p=0.2, inplace=False)
            (2): GELU(approximate='none')
            (3): Identity()
          )
          (1): Sequential(
            (0): Linear(in_features=256, out_features=256, bias=True)
            (1): Dropout(p=0.2, inplace=False)
            (2): GELU(approximate='none')
            (3): Identity()
          )
          (2): Sequential(
            (0): Linear(in_features=256, out_features=64, bias=True)
            (1): Dropout(p=0.2, inplace=False)
            (2): Identity()
            (3): LayerNorm((64,), eps=1e-05, elementwise_affine=True)
          )
        )
      )
    )
  )
  (out_proj): WNLinear(in_features=64, out_features=1, bias=True)
)
Using DataParallel with 2 GPUs
Total Model Parameters: 4.59M
Trainable Parameters: 4.59M
Epoch 0, Train Loss: 0.04184317, Val Loss: 0.01031797
Epoch 10, Train Loss: 0.00266683, Val Loss: 0.00475005
Epoch 20, Train Loss: 0.00211714, Val Loss: 0.00418756
Epoch 30, Train Loss: 0.00150025, Val Loss: 0.00422862
Epoch 40, Train Loss: 0.00148474, Val Loss: 0.00408347
Epoch 50, Train Loss: 0.00142521, Val Loss: 0.00456943
Epoch 60, Train Loss: 0.00118790, Val Loss: 0.00439457
Epoch 70, Train Loss: 0.00118203, Val Loss: 0.00456955
Epoch 80, Train Loss: 0.00115990, Val Loss: 0.00461222
Epoch 90, Train Loss: 0.00104641, Val Loss: 0.00471470
Test L2 Loss: 26928172.549368
Model saved to checkpoints/ffno2d/ns_5444191.pt
Created/verified figures directory: figures/5444191
Evaluating 2D NS model at multiple resolutions
Using normalizer from training resolution 256
Testing resolutions: [32, 64, 128, 256]
Loading from file: /data/user_data/rvk/ns_data/ns_256_0.00001.h5
Loading .h5 file...
Available keys: ['a', 't', 'u']
H5 data shape before any processing: (1024, 256, 256, 32)
Detected (batch, height, width, time) format, transposing to (batch, time, height, width)
Raw data shape: (1024, 32, 256, 256)
Converted to shape: (1024, 32, 256, 256, 1)
After reduction: (1024, 32, 32, 32, 1)
Markov pairs - x: (1024, 30, 32, 32, 1), y: (1024, 30, 32, 32, 1)
Final x shape: torch.Size([30720, 1, 32, 32])
Final y shape: torch.Size([30720, 1, 32, 32])
Dataset splits - Train: 24576, Val: 3072, Test: 3072

Final dataset sizes:
Train dataset size: 24576
Validation dataset size: 3072
Test dataset size: 3072
Selected random indices for plotting: [1365, 1536, 2020, 2282, 546, 1611, 2336, 510, 2160, 2393]
Collected 10 examples for resolution 32
Resolution 32 (downsample factor: 8) - Relative L2 Loss: 750949.923534
Memory cleaned after resolution 32


Loading from file: /data/user_data/rvk/ns_data/ns_256_0.00001.h5
Loading .h5 file...
Available keys: ['a', 't', 'u']
H5 data shape before any processing: (1024, 256, 256, 32)
Detected (batch, height, width, time) format, transposing to (batch, time, height, width)
Raw data shape: (1024, 32, 256, 256)
Converted to shape: (1024, 32, 256, 256, 1)
After reduction: (1024, 32, 64, 64, 1)
Markov pairs - x: (1024, 30, 64, 64, 1), y: (1024, 30, 64, 64, 1)
Final x shape: torch.Size([30720, 1, 64, 64])
Final y shape: torch.Size([30720, 1, 64, 64])
Dataset splits - Train: 24576, Val: 3072, Test: 3072

Final dataset sizes:
Train dataset size: 24576
Validation dataset size: 3072
Test dataset size: 3072
Collected 10 examples for resolution 64
Resolution 64 (downsample factor: 4) - Relative L2 Loss: 1506127.005008
Memory cleaned after resolution 64


Loading from file: /data/user_data/rvk/ns_data/ns_256_0.00001.h5
Loading .h5 file...
Available keys: ['a', 't', 'u']
H5 data shape before any processing: (1024, 256, 256, 32)
Detected (batch, height, width, time) format, transposing to (batch, time, height, width)
Raw data shape: (1024, 32, 256, 256)
Converted to shape: (1024, 32, 256, 256, 1)
After reduction: (1024, 32, 128, 128, 1)
Markov pairs - x: (1024, 30, 128, 128, 1), y: (1024, 30, 128, 128, 1)
Final x shape: torch.Size([30720, 1, 128, 128])
Final y shape: torch.Size([30720, 1, 128, 128])
Dataset splits - Train: 24576, Val: 3072, Test: 3072

Final dataset sizes:
Train dataset size: 24576
Validation dataset size: 3072
Test dataset size: 3072
Collected 10 examples for resolution 128
Resolution 128 (downsample factor: 2) - Relative L2 Loss: 3001088.337386
Memory cleaned after resolution 128


Loading from file: /data/user_data/rvk/ns_data/ns_256_0.00001.h5
Loading .h5 file...
Available keys: ['a', 't', 'u']
H5 data shape before any processing: (1024, 256, 256, 32)
Detected (batch, height, width, time) format, transposing to (batch, time, height, width)
Raw data shape: (1024, 32, 256, 256)
Converted to shape: (1024, 32, 256, 256, 1)
After reduction: (1024, 32, 256, 256, 1)
Markov pairs - x: (1024, 30, 256, 256, 1), y: (1024, 30, 256, 256, 1)
Final x shape: torch.Size([30720, 1, 256, 256])
Final y shape: torch.Size([30720, 1, 256, 256])
Dataset splits - Train: 24576, Val: 3072, Test: 3072

Final dataset sizes:
Train dataset size: 24576
Validation dataset size: 3072
Test dataset size: 3072
Collected 10 examples for resolution 256
Resolution 256 (downsample factor: 1) - Relative L2 Loss: 6028976.670912
Memory cleaned after resolution 256


Creating 2D prediction vs target plots...
Saved main 2D comparison plot: figures/5444191/prediction_plots/ns_2d_main_comparison.png
Saved individual 2D plot: figures/5444191/prediction_plots/ns_2d_res_32_example_1_20250909_050529.png
Saved individual 2D plot: figures/5444191/prediction_plots/ns_2d_res_32_example_2_20250909_050529.png
Saved individual 2D plot: figures/5444191/prediction_plots/ns_2d_res_32_example_3_20250909_050529.png
Saved individual 2D plot: figures/5444191/prediction_plots/ns_2d_res_32_example_4_20250909_050529.png
Saved individual 2D plot: figures/5444191/prediction_plots/ns_2d_res_32_example_5_20250909_050529.png
Saved individual 2D plot: figures/5444191/prediction_plots/ns_2d_res_32_example_6_20250909_050529.png
Saved individual 2D plot: figures/5444191/prediction_plots/ns_2d_res_32_example_7_20250909_050529.png
Saved individual 2D plot: figures/5444191/prediction_plots/ns_2d_res_32_example_8_20250909_050529.png
Saved individual 2D plot: figures/5444191/prediction_plots/ns_2d_res_32_example_9_20250909_050529.png
Saved individual 2D plot: figures/5444191/prediction_plots/ns_2d_res_32_example_10_20250909_050529.png
Saved individual 2D plot: figures/5444191/prediction_plots/ns_2d_res_64_example_1_20250909_050529.png
Saved individual 2D plot: figures/5444191/prediction_plots/ns_2d_res_64_example_2_20250909_050529.png
Saved individual 2D plot: figures/5444191/prediction_plots/ns_2d_res_64_example_3_20250909_050529.png
Saved individual 2D plot: figures/5444191/prediction_plots/ns_2d_res_64_example_4_20250909_050529.png
Saved individual 2D plot: figures/5444191/prediction_plots/ns_2d_res_64_example_5_20250909_050529.png
Saved individual 2D plot: figures/5444191/prediction_plots/ns_2d_res_64_example_6_20250909_050529.png
Saved individual 2D plot: figures/5444191/prediction_plots/ns_2d_res_64_example_7_20250909_050529.png
Saved individual 2D plot: figures/5444191/prediction_plots/ns_2d_res_64_example_8_20250909_050529.png
Saved individual 2D plot: figures/5444191/prediction_plots/ns_2d_res_64_example_9_20250909_050529.png
Saved individual 2D plot: figures/5444191/prediction_plots/ns_2d_res_64_example_10_20250909_050529.png
Saved individual 2D plot: figures/5444191/prediction_plots/ns_2d_res_128_example_1_20250909_050529.png
Saved individual 2D plot: figures/5444191/prediction_plots/ns_2d_res_128_example_2_20250909_050529.png
Saved individual 2D plot: figures/5444191/prediction_plots/ns_2d_res_128_example_3_20250909_050529.png
Saved individual 2D plot: figures/5444191/prediction_plots/ns_2d_res_128_example_4_20250909_050529.png
Saved individual 2D plot: figures/5444191/prediction_plots/ns_2d_res_128_example_5_20250909_050529.png
Saved individual 2D plot: figures/5444191/prediction_plots/ns_2d_res_128_example_6_20250909_050529.png
Saved individual 2D plot: figures/5444191/prediction_plots/ns_2d_res_128_example_7_20250909_050529.png
Saved individual 2D plot: figures/5444191/prediction_plots/ns_2d_res_128_example_8_20250909_050529.png
Saved individual 2D plot: figures/5444191/prediction_plots/ns_2d_res_128_example_9_20250909_050529.png
Saved individual 2D plot: figures/5444191/prediction_plots/ns_2d_res_128_example_10_20250909_050529.png
Saved individual 2D plot: figures/5444191/prediction_plots/ns_2d_res_256_example_1_20250909_050529.png
Saved individual 2D plot: figures/5444191/prediction_plots/ns_2d_res_256_example_2_20250909_050529.png
Saved individual 2D plot: figures/5444191/prediction_plots/ns_2d_res_256_example_3_20250909_050529.png
Saved individual 2D plot: figures/5444191/prediction_plots/ns_2d_res_256_example_4_20250909_050529.png
Saved individual 2D plot: figures/5444191/prediction_plots/ns_2d_res_256_example_5_20250909_050529.png
Saved individual 2D plot: figures/5444191/prediction_plots/ns_2d_res_256_example_6_20250909_050529.png
Saved individual 2D plot: figures/5444191/prediction_plots/ns_2d_res_256_example_7_20250909_050529.png
Saved individual 2D plot: figures/5444191/prediction_plots/ns_2d_res_256_example_8_20250909_050529.png
Saved individual 2D plot: figures/5444191/prediction_plots/ns_2d_res_256_example_9_20250909_050529.png
Saved individual 2D plot: figures/5444191/prediction_plots/ns_2d_res_256_example_10_20250909_050529.png
Created individual plots for 10 examples at each resolution
Saved numerical results: figures/5444191/ns_1d_evaluation_results_20250909_050610.csv
Saved summary: figures/5444191/ns_1d_evaluation_summary_20250909_050610.txt

==================================================
2D NS EVALUATION SUMMARY
==================================================
Resolution  32x 32: 750949.923534
Resolution  64x 64: 1506127.005008
Resolution 128x128: 3001088.337386
Resolution 256x256: 6028976.670912

Summary of Super-Resolution Evaluation:
Resolution factor 32: Relative L2 Loss = 750949.923534
Resolution factor 64: Relative L2 Loss = 1506127.005008
Resolution factor 128: Relative L2 Loss = 3001088.337386
Resolution factor 256: Relative L2 Loss = 6028976.670912

Evaluation plots saved to: figures/5444191
Wandb run: https://wandb.ai/rohanvk-carnegie-mellon-university/ffno2d/runs/b5xdq8s5
Job completed at Tue Sep  9 05:06:29 EDT 2025
