Job started on babel-10-13 at Fri Aug 15 01:25:43 EDT 2025
Job ID: 5328366
GPU information:
Fri Aug 15 01:25:43 2025       
+-----------------------------------------------------------------------------------------+
| NVIDIA-SMI 575.51.03              Driver Version: 575.51.03      CUDA Version: 12.9     |
|-----------------------------------------+------------------------+----------------------+
| GPU  Name                 Persistence-M | Bus-Id          Disp.A | Volatile Uncorr. ECC |
| Fan  Temp   Perf          Pwr:Usage/Cap |           Memory-Usage | GPU-Util  Compute M. |
|                                         |                        |               MIG M. |
|=========================================+========================+======================|
|   0  NVIDIA L40S                    On  |   00000000:D1:00.0 Off |                    0 |
| N/A   30C    P8             32W /  350W |       0MiB /  46068MiB |      0%      Default |
|                                         |                        |                  N/A |
+-----------------------------------------+------------------------+----------------------+
|   1  NVIDIA L40S                    On  |   00000000:D2:00.0 Off |                    0 |
| N/A   33C    P8             32W /  350W |       0MiB /  46068MiB |      0%      Default |
|                                         |                        |                  N/A |
+-----------------------------------------+------------------------+----------------------+
                                                                                         
+-----------------------------------------------------------------------------------------+
| Processes:                                                                              |
|  GPU   GI   CI              PID   Type   Process name                        GPU Memory |
|        ID   ID                                                               Usage      |
|=========================================================================================|
|  No running processes found                                                             |
+-----------------------------------------------------------------------------------------+
CUDA devices:
CUDA_VISIBLE_DEVICES: 0,1
/home/rvk
Using device: cuda
[2025-08-15 01:25:51,438][root][INFO] - model:
  _target_: models.ffno.FFNO1D
  in_channels: 1
  out_channels: 1
  factor: 4
  n_modes: 16
  width: 128
  n_layers: 4
  ff_weight_norm: true
  n_ff_layers: 3
  layer_norm: true
  dropout: 0.1
  mode: full
  activation: gelu
  use_grid: true
dataset:
  dataset_params:
    _target_: dataloaders.burger_multires.burger_multires_markov_dataset
    filename: 1D_Burgers_Sols_Nu0.001.hdf5
    saved_folder: /data/user_data/rvk/data/pdebench/
    reduced_batch: 16
    reduced_resolution_t: 1
    reduced_resolution: 32
    add_res: 1024
    num_add_res_samples: 200
    data_normalizer: true
    normalization_type: simple
    num_samples_max: -1
    eval_dataset_target: dataloaders.burger_markov.burger_markov_dataset
  resize_to_train: false
  window_size: 15
  original_res: 1024
  max_test_resolution: 1024
  multi_res:
  - 1
  - 16
  train_mres: true
  pde: ks
training:
  batch_size: 64
  epochs: 100
  learning_rate: 0.001
  use_normalizer: false
project_name: ${dataset.pde}_${hydra:runtime.choices.model}
checkpoint_dir: checkpoints

Project name: ks_ffno_1d/ffno_1d
Model name: models.ffno.FFNO1D
PDE Dataset: ks
---------------------
Loading from file: /data/user_data/rvk/data/pdebench/1D_Burgers_Sols_Nu0.001.hdf5
Original data shape: (10000, 201, 1024)
Original Spatial Size: 1024
Data shape after reductions: (625, 201, 32)
Generating multi-resolution data with additional resolutions: 1024
Generating 160 additional samples at resolutions [1024] for train split
Generating data at resolution 1024
Using downsampling factor: 1 (original: 1024 -> target: 1024)
Generated 160 samples at resolution 1024, final shape: (160, 201, 1024)
Total additional multi-resolution datasets: 1
Generated 1 additional resolution datasets
Total samples: 156215 (main: 124375, additional: 31840)
Sample x shapes: [(1, 32), (1, 32), (1, 32)]
Sample y shapes: [(1, 32), (1, 32), (1, 32)]
grid shape: torch.Size([32, 1])
---------Using simple global normalization---------------
Global statistics: X(mean=-0.020334, std=0.657706), Y(mean=-0.020333, std=0.656630)
Computed from 124972 samples
Train dataset size: 124972
Validation dataset size: 15621
Test dataset size: 15622
Multi-resolution training enabled with additional resolutions: 1024
Additional samples per resolution: 200
Distribution: Train=160, Val=20, Test=20
<dataloaders.burger_multires.burger_multires_markov_dataset.<locals>.SimpleNormalizedDataset object at 0x14c5a60751d0>
<dataloaders.burger_multires.burger_multires_markov_dataset.<locals>.SimpleNormalizedDataset object at 0x14c5a60751d0>
Created resolution groups:
  Resolution 32: 99474 samples
  Resolution 1024: 25498 samples
Created resolution groups:
  Resolution 32: 12400 samples
  Resolution 1024: 3221 samples
Created resolution groups:
  Resolution 32: 12501 samples
  Resolution 1024: 3121 samples
<class 'torch.Tensor'> -0.019415047019720078 -0.01944739744067192 0.9054362773895264 0.9051817655563354
FFNO1D(
  (in_proj): WNLinear(in_features=1, out_features=128, bias=True)
  (fourier_layers): ModuleList(
    (0-3): 4 x FSpectralConv1d(
      (fourier_weight): ParameterList(  (0): Parameter containing: [torch.float32 of size 128x128x16x2 (cuda:0)])
      (backcast_ff): FeedForward(
        (layers): ModuleList(
          (0): Sequential(
            (0): Linear(in_features=128, out_features=512, bias=True)
            (1): Dropout(p=0.1, inplace=False)
            (2): GELU(approximate='none')
            (3): Identity()
          )
          (1): Sequential(
            (0): Linear(in_features=512, out_features=512, bias=True)
            (1): Dropout(p=0.1, inplace=False)
            (2): GELU(approximate='none')
            (3): Identity()
          )
          (2): Sequential(
            (0): Linear(in_features=512, out_features=128, bias=True)
            (1): Dropout(p=0.1, inplace=False)
            (2): Identity()
            (3): LayerNorm((128,), eps=1e-05, elementwise_affine=True)
          )
        )
      )
    )
  )
  (out_proj): WNLinear(in_features=128, out_features=1, bias=True)
)
Total Model Parameters: 3.68M
Trainable Parameters: 3.68M
Epoch 0, Train Loss: 0.09242743, Val Loss: 0.03847835
Epoch 10, Train Loss: 0.01954997, Val Loss: 0.01822859
Epoch 20, Train Loss: 0.01675168, Val Loss: 0.01652684
Epoch 30, Train Loss: 0.01507983, Val Loss: 0.01363742
Epoch 40, Train Loss: 0.01358058, Val Loss: 0.01326690
Epoch 50, Train Loss: 0.01260656, Val Loss: 0.01272236
Epoch 60, Train Loss: 0.01136368, Val Loss: 0.01281590
Epoch 70, Train Loss: 0.01026855, Val Loss: 0.01091011
Epoch 80, Train Loss: 0.00927679, Val Loss: 0.01003691
Epoch 90, Train Loss: 0.00875971, Val Loss: 0.00984168
Test L2 Loss: 0.009791
Model saved to checkpoints/ffno1d/ks_5328366.pt
Created/verified figures directory: figures/5328366
Evaluating KS model at multiple resolutions
Using normalizer from training resolution 32
Testing resolutions: [32, 64, 128, 256, 512, 1024]
Loading from file: /data/user_data/rvk/data/pdebench/1D_Burgers_Sols_Nu0.001.hdf5
(10000, 201, 1024)
After downsampling data shape: (625, 201, 32)
Total data shape: (625, 201, 32)
x shape: (124375, 1, 32)
y shape: (124375, 1, 32)
grid shape: torch.Size([32, 1])
Train dataset size: 99500
Validation dataset size: 12437
Test dataset size: 12438
Selected random indices for plotting: [4596, 6139, 2768, 25, 11885, 9387, 11736, 7931, 6770, 6217]
Collected 10 examples for resolution 32
Resolution 32 (downsample factor: 32) - Relative L2 Loss: 0.008529
Memory cleaned after resolution 32


Loading from file: /data/user_data/rvk/data/pdebench/1D_Burgers_Sols_Nu0.001.hdf5
(10000, 201, 1024)
After downsampling data shape: (625, 201, 64)
Total data shape: (625, 201, 64)
x shape: (124375, 1, 64)
y shape: (124375, 1, 64)
grid shape: torch.Size([64, 1])
Train dataset size: 99500
Validation dataset size: 12437
Test dataset size: 12438
Collected 10 examples for resolution 64
Resolution 64 (downsample factor: 16) - Relative L2 Loss: 0.028698
Memory cleaned after resolution 64


Loading from file: /data/user_data/rvk/data/pdebench/1D_Burgers_Sols_Nu0.001.hdf5
(10000, 201, 1024)
After downsampling data shape: (625, 201, 128)
Total data shape: (625, 201, 128)
x shape: (124375, 1, 128)
y shape: (124375, 1, 128)
grid shape: torch.Size([128, 1])
Train dataset size: 99500
Validation dataset size: 12437
Test dataset size: 12438
Collected 10 examples for resolution 128
Resolution 128 (downsample factor: 8) - Relative L2 Loss: 0.012029
Memory cleaned after resolution 128


Loading from file: /data/user_data/rvk/data/pdebench/1D_Burgers_Sols_Nu0.001.hdf5
(10000, 201, 1024)
After downsampling data shape: (625, 201, 256)
Total data shape: (625, 201, 256)
x shape: (124375, 1, 256)
y shape: (124375, 1, 256)
grid shape: torch.Size([256, 1])
Train dataset size: 99500
Validation dataset size: 12437
Test dataset size: 12438
Collected 10 examples for resolution 256
Resolution 256 (downsample factor: 4) - Relative L2 Loss: 0.006324
Memory cleaned after resolution 256


Loading from file: /data/user_data/rvk/data/pdebench/1D_Burgers_Sols_Nu0.001.hdf5
(10000, 201, 1024)
After downsampling data shape: (625, 201, 512)
Total data shape: (625, 201, 512)
x shape: (124375, 1, 512)
y shape: (124375, 1, 512)
grid shape: torch.Size([512, 1])
Train dataset size: 99500
Validation dataset size: 12437
Test dataset size: 12438
Collected 10 examples for resolution 512
Resolution 512 (downsample factor: 2) - Relative L2 Loss: 0.005188
Memory cleaned after resolution 512


Loading from file: /data/user_data/rvk/data/pdebench/1D_Burgers_Sols_Nu0.001.hdf5
(10000, 201, 1024)
After downsampling data shape: (625, 201, 1024)
Total data shape: (625, 201, 1024)
x shape: (124375, 1, 1024)
y shape: (124375, 1, 1024)
grid shape: torch.Size([1024, 1])
Train dataset size: 99500
Validation dataset size: 12437
Test dataset size: 12438
Collected 10 examples for resolution 1024
Resolution 1024 (downsample factor: 1) - Relative L2 Loss: 0.005155
Memory cleaned after resolution 1024


Creating prediction vs target plots...
Saved prediction plot: figures/5328366/prediction_plots/ks_predictions_vs_targets_10_examples.png
Saved numerical results: figures/5328366/ks_1d_evaluation_results_20250815_021731.csv
Saved summary: figures/5328366/ks_1d_evaluation_summary_20250815_021731.txt

==================================================
KS EVALUATION SUMMARY
==================================================
Resolution  32: 0.008529
Resolution  64: 0.028698
Resolution 128: 0.012029
Resolution 256: 0.006324
Resolution 512: 0.005188
Resolution 1024: 0.005155

Summary of Super-Resolution Evaluation:
Resolution factor 32: Relative L2 Loss = 0.008529
Resolution factor 64: Relative L2 Loss = 0.028698
Resolution factor 128: Relative L2 Loss = 0.012029
Resolution factor 256: Relative L2 Loss = 0.006324
Resolution factor 512: Relative L2 Loss = 0.005188
Resolution factor 1024: Relative L2 Loss = 0.005155

Evaluation plots saved to: figures/5328366
Wandb run: https://wandb.ai/rohanvk-carnegie-mellon-university/ffno1d/runs/qnuhuqd0
Job completed at Fri Aug 15 02:17:36 EDT 2025
