Job started on babel-1-31 at Sun Sep 28 02:44:08 PM EDT 2025
Job ID: 5591598
GPU information:
Sun Sep 28 14:44:08 2025       
+-----------------------------------------------------------------------------------------+
| NVIDIA-SMI 575.51.03              Driver Version: 575.51.03      CUDA Version: 12.9     |
|-----------------------------------------+------------------------+----------------------+
| GPU  Name                 Persistence-M | Bus-Id          Disp.A | Volatile Uncorr. ECC |
| Fan  Temp   Perf          Pwr:Usage/Cap |           Memory-Usage | GPU-Util  Compute M. |
|                                         |                        |               MIG M. |
|=========================================+========================+======================|
|   0  NVIDIA RTX A6000               On  |   00000000:01:00.0 Off |                  Off |
| 30%   40C    P8             29W /  300W |       1MiB /  49140MiB |      0%      Default |
|                                         |                        |                  N/A |
+-----------------------------------------+------------------------+----------------------+
                                                                                         
+-----------------------------------------------------------------------------------------+
| Processes:                                                                              |
|  GPU   GI   CI              PID   Type   Process name                        GPU Memory |
|        ID   ID                                                               Usage      |
|=========================================================================================|
|  No running processes found                                                             |
+-----------------------------------------------------------------------------------------+
CUDA devices:
CUDA_VISIBLE_DEVICES: 0
/home/rvk
Using device: cuda
[2025-09-28 14:44:19,445][root][INFO] - model:
  _target_: models.unet.UNet2d
  in_channels: 1
  out_channels: 1
  width: 64
dataset:
  dataset_params:
    _target_: dataloaders.ns_naive_true_multires.ns_true_multires_markov_dataset
    saved_folder: /data/user_data/rvk/ns_data
    file_extension: .h5
    viscosity: '0.001'
    reduced_batch: 1
    reduced_resolution_t: 1
    data_mres_size:
      256: 0
      128: 0
      64: 1000
    add_res:
    - 32
    add_res_samples:
      32: 0
    downsample_from_res: 64
    data_normalizer: true
    normalization_type: simple
    num_samples_max: -1
    eval_dataset_target: dataloaders.ns_naive_markov.ns_markov_dataset
    eval_filename: ns_256_0.001.h5
    eval_saved_folder: /data/user_data/rvk/ns_data
  resize_to_train: false
  evaluation_type: naive_downsample
  window_size: 15
  original_res: 256
  max_test_resolution: 256
  train_mres: true
  pde: nss
training:
  batch_size: 16
  epochs: 100
  learning_rate: 0.001
  use_normalizer: false
project_name: ${dataset.pde}_${hydra:runtime.choices.model}
checkpoint_dir: checkpoints

Project name: nss_unet/unet_2d
Model name: models.unet.UNet2d
PDE Dataset: nss
This is True Multi-Resolution Training. Train Resolution is the highest data resolution in the multi-resolution data
---------------------
Creating true multi-resolution Navier-Stokes dataset from /data/user_data/rvk/ns_data
Viscosity: 0.001, File extension: .h5
Target samples per resolution: {256: 0, 128: 0, 64: 1000}
Additional downsampled resolutions: [32]
Target samples per downsampled resolution: {32: 0}
Will downsample from resolution: 64
Loading Navier-Stokes multi-resolution data from /data/user_data/rvk/ns_data
Viscosity: 0.001, File extension: .h5
Target samples per resolution (from files): {256: 0, 128: 0, 64: 1000}
Additional downsampled resolutions: [32]
Target samples per downsampled resolution: {32: 0}
Will downsample from resolution: 64
Loading resolution 64 from /data/user_data/rvk/ns_data/ns_64_0.001.h5
  Loading .h5 file...
  Available keys: ['a', 't', 'u']
  Raw data shape for 64: (1000, 64, 64, 32)
  Detected (batch, height, width, time) format, transposing to (batch, time, height, width)
  Converted to shape: (1000, 32, 64, 64, 1)
  After reduction: (1000, 32, 64, 64, 1)
  Split 'train' data shape: (800, 32, 64, 64, 1)
  Using all 800 samples for train split
  Added 24000 sample pairs from resolution 64
Adding downsampled resolutions: [32]
Adding downsampled data from /data/user_data/rvk/ns_data/ns_64_0.001.h5
  Loading .h5 file...
  Available keys: ['a', 't', 'u']
  Detected (batch, height, width, time) format, transposing to (batch, time, height, width)
  No downsampled samples allocated for train split at resolution 32
Total samples loaded: 24000
Resolution distribution:
  64_file: 24000 samples
Sample x shapes: [(1, 64, 64), (1, 64, 64), (1, 64, 64)]
Sample y shapes: [(1, 64, 64), (1, 64, 64), (1, 64, 64)]
Loading Navier-Stokes multi-resolution data from /data/user_data/rvk/ns_data
Viscosity: 0.001, File extension: .h5
Target samples per resolution (from files): {256: 0, 128: 0, 64: 1000}
Additional downsampled resolutions: [32]
Target samples per downsampled resolution: {32: 0}
Will downsample from resolution: 64
Loading resolution 64 from /data/user_data/rvk/ns_data/ns_64_0.001.h5
  Loading .h5 file...
  Available keys: ['a', 't', 'u']
  Raw data shape for 64: (1000, 64, 64, 32)
  Detected (batch, height, width, time) format, transposing to (batch, time, height, width)
  Converted to shape: (1000, 32, 64, 64, 1)
  After reduction: (1000, 32, 64, 64, 1)
  Split 'val' data shape: (100, 32, 64, 64, 1)
  Using all 100 samples for val split
  Added 3000 sample pairs from resolution 64
Adding downsampled resolutions: [32]
Adding downsampled data from /data/user_data/rvk/ns_data/ns_64_0.001.h5
  Loading .h5 file...
  Available keys: ['a', 't', 'u']
  Detected (batch, height, width, time) format, transposing to (batch, time, height, width)
  No downsampled samples allocated for val split at resolution 32
Total samples loaded: 3000
Resolution distribution:
  64_file: 3000 samples
Sample x shapes: [(1, 64, 64), (1, 64, 64), (1, 64, 64)]
Sample y shapes: [(1, 64, 64), (1, 64, 64), (1, 64, 64)]
Loading Navier-Stokes multi-resolution data from /data/user_data/rvk/ns_data
Viscosity: 0.001, File extension: .h5
Target samples per resolution (from files): {256: 0, 128: 0, 64: 1000}
Additional downsampled resolutions: [32]
Target samples per downsampled resolution: {32: 0}
Will downsample from resolution: 64
Loading resolution 64 from /data/user_data/rvk/ns_data/ns_64_0.001.h5
  Loading .h5 file...
  Available keys: ['a', 't', 'u']
  Raw data shape for 64: (1000, 64, 64, 32)
  Detected (batch, height, width, time) format, transposing to (batch, time, height, width)
  Converted to shape: (1000, 32, 64, 64, 1)
  After reduction: (1000, 32, 64, 64, 1)
  Split 'test' data shape: (100, 32, 64, 64, 1)
  Using all 100 samples for test split
  Added 3000 sample pairs from resolution 64
Adding downsampled resolutions: [32]
Adding downsampled data from /data/user_data/rvk/ns_data/ns_64_0.001.h5
  Loading .h5 file...
  Available keys: ['a', 't', 'u']
  Detected (batch, height, width, time) format, transposing to (batch, time, height, width)
  No downsampled samples allocated for test split at resolution 32
Total samples loaded: 3000
Resolution distribution:
  64_file: 3000 samples
Sample x shapes: [(1, 64, 64), (1, 64, 64), (1, 64, 64)]
Sample y shapes: [(1, 64, 64), (1, 64, 64), (1, 64, 64)]
---------Using simple global normalization---------------
Global statistics: X(mean=0.000000, std=0.622630), Y(mean=0.000000, std=0.641410)

Final dataset sizes:
Train dataset size: 24000
Validation dataset size: 3000
Test dataset size: 3000
<dataloaders.ns_naive_true_multires.ns_true_multires_markov_dataset.<locals>.SimpleNormalizedDataset object at 0x14f31575ccd0>
Created resolution groups:
  Resolution 64: 24000 samples
Created resolution groups:
  Resolution 64: 3000 samples
Created resolution groups:
  Resolution 64: 3000 samples
<class 'torch.Tensor'> 1.36969902087003e-09 8.308234100695699e-10 1.0612505674362183 1.0564137697219849
UNet2d(
  (encoder1): Sequential(
    (enc1conv1): Conv2d(1, 64, kernel_size=(3, 3), stride=(1, 1), padding=(1, 1), bias=False)
    (enc1norm1): BatchNorm2d(64, eps=1e-05, momentum=0.1, affine=True, track_running_stats=True)
    (enc1tanh1): Tanh()
    (enc1conv2): Conv2d(64, 64, kernel_size=(3, 3), stride=(1, 1), padding=(1, 1), bias=False)
    (enc1norm2): BatchNorm2d(64, eps=1e-05, momentum=0.1, affine=True, track_running_stats=True)
    (enc1tanh2): Tanh()
  )
  (pool1): MaxPool2d(kernel_size=2, stride=2, padding=0, dilation=1, ceil_mode=False)
  (encoder2): Sequential(
    (enc2conv1): Conv2d(64, 128, kernel_size=(3, 3), stride=(1, 1), padding=(1, 1), bias=False)
    (enc2norm1): BatchNorm2d(128, eps=1e-05, momentum=0.1, affine=True, track_running_stats=True)
    (enc2tanh1): Tanh()
    (enc2conv2): Conv2d(128, 128, kernel_size=(3, 3), stride=(1, 1), padding=(1, 1), bias=False)
    (enc2norm2): BatchNorm2d(128, eps=1e-05, momentum=0.1, affine=True, track_running_stats=True)
    (enc2tanh2): Tanh()
  )
  (pool2): MaxPool2d(kernel_size=2, stride=2, padding=0, dilation=1, ceil_mode=False)
  (encoder3): Sequential(
    (enc3conv1): Conv2d(128, 256, kernel_size=(3, 3), stride=(1, 1), padding=(1, 1), bias=False)
    (enc3norm1): BatchNorm2d(256, eps=1e-05, momentum=0.1, affine=True, track_running_stats=True)
    (enc3tanh1): Tanh()
    (enc3conv2): Conv2d(256, 256, kernel_size=(3, 3), stride=(1, 1), padding=(1, 1), bias=False)
    (enc3norm2): BatchNorm2d(256, eps=1e-05, momentum=0.1, affine=True, track_running_stats=True)
    (enc3tanh2): Tanh()
  )
  (pool3): MaxPool2d(kernel_size=2, stride=2, padding=0, dilation=1, ceil_mode=False)
  (encoder4): Sequential(
    (enc4conv1): Conv2d(256, 512, kernel_size=(3, 3), stride=(1, 1), padding=(1, 1), bias=False)
    (enc4norm1): BatchNorm2d(512, eps=1e-05, momentum=0.1, affine=True, track_running_stats=True)
    (enc4tanh1): Tanh()
    (enc4conv2): Conv2d(512, 512, kernel_size=(3, 3), stride=(1, 1), padding=(1, 1), bias=False)
    (enc4norm2): BatchNorm2d(512, eps=1e-05, momentum=0.1, affine=True, track_running_stats=True)
    (enc4tanh2): Tanh()
  )
  (pool4): MaxPool2d(kernel_size=2, stride=2, padding=0, dilation=1, ceil_mode=False)
  (bottleneck): Sequential(
    (bottleneckconv1): Conv2d(512, 1024, kernel_size=(3, 3), stride=(1, 1), padding=(1, 1), bias=False)
    (bottlenecknorm1): BatchNorm2d(1024, eps=1e-05, momentum=0.1, affine=True, track_running_stats=True)
    (bottlenecktanh1): Tanh()
    (bottleneckconv2): Conv2d(1024, 1024, kernel_size=(3, 3), stride=(1, 1), padding=(1, 1), bias=False)
    (bottlenecknorm2): BatchNorm2d(1024, eps=1e-05, momentum=0.1, affine=True, track_running_stats=True)
    (bottlenecktanh2): Tanh()
  )
  (upconv4): ConvTranspose2d(1024, 512, kernel_size=(2, 2), stride=(2, 2))
  (decoder4): Sequential(
    (dec4conv1): Conv2d(1024, 512, kernel_size=(3, 3), stride=(1, 1), padding=(1, 1), bias=False)
    (dec4norm1): BatchNorm2d(512, eps=1e-05, momentum=0.1, affine=True, track_running_stats=True)
    (dec4tanh1): Tanh()
    (dec4conv2): Conv2d(512, 512, kernel_size=(3, 3), stride=(1, 1), padding=(1, 1), bias=False)
    (dec4norm2): BatchNorm2d(512, eps=1e-05, momentum=0.1, affine=True, track_running_stats=True)
    (dec4tanh2): Tanh()
  )
  (upconv3): ConvTranspose2d(512, 256, kernel_size=(2, 2), stride=(2, 2))
  (decoder3): Sequential(
    (dec3conv1): Conv2d(512, 256, kernel_size=(3, 3), stride=(1, 1), padding=(1, 1), bias=False)
    (dec3norm1): BatchNorm2d(256, eps=1e-05, momentum=0.1, affine=True, track_running_stats=True)
    (dec3tanh1): Tanh()
    (dec3conv2): Conv2d(256, 256, kernel_size=(3, 3), stride=(1, 1), padding=(1, 1), bias=False)
    (dec3norm2): BatchNorm2d(256, eps=1e-05, momentum=0.1, affine=True, track_running_stats=True)
    (dec3tanh2): Tanh()
  )
  (upconv2): ConvTranspose2d(256, 128, kernel_size=(2, 2), stride=(2, 2))
  (decoder2): Sequential(
    (dec2conv1): Conv2d(256, 128, kernel_size=(3, 3), stride=(1, 1), padding=(1, 1), bias=False)
    (dec2norm1): BatchNorm2d(128, eps=1e-05, momentum=0.1, affine=True, track_running_stats=True)
    (dec2tanh1): Tanh()
    (dec2conv2): Conv2d(128, 128, kernel_size=(3, 3), stride=(1, 1), padding=(1, 1), bias=False)
    (dec2norm2): BatchNorm2d(128, eps=1e-05, momentum=0.1, affine=True, track_running_stats=True)
    (dec2tanh2): Tanh()
  )
  (upconv1): ConvTranspose2d(128, 64, kernel_size=(2, 2), stride=(2, 2))
  (decoder1): Sequential(
    (dec1conv1): Conv2d(128, 64, kernel_size=(3, 3), stride=(1, 1), padding=(1, 1), bias=False)
    (dec1norm1): BatchNorm2d(64, eps=1e-05, momentum=0.1, affine=True, track_running_stats=True)
    (dec1tanh1): Tanh()
    (dec1conv2): Conv2d(64, 64, kernel_size=(3, 3), stride=(1, 1), padding=(1, 1), bias=False)
    (dec1norm2): BatchNorm2d(64, eps=1e-05, momentum=0.1, affine=True, track_running_stats=True)
    (dec1tanh2): Tanh()
  )
  (conv): Conv2d(64, 1, kernel_size=(1, 1), stride=(1, 1))
)
Total Model Parameters: 31.04M
Trainable Parameters: 31.04M
Epoch 0, Train Loss: 0.12454960, Val Loss: 0.23497893
Epoch 10, Train Loss: 0.04533625, Val Loss: 0.03959365
Epoch 20, Train Loss: 0.03597343, Val Loss: 0.02302160
Epoch 30, Train Loss: 0.02329828, Val Loss: 0.01592403
Epoch 40, Train Loss: 0.01817337, Val Loss: 0.03317539
Epoch 50, Train Loss: 0.01839035, Val Loss: 0.03404012
Epoch 60, Train Loss: 0.01234221, Val Loss: 0.01212160
Epoch 70, Train Loss: 0.01082590, Val Loss: 0.01057201
Epoch 80, Train Loss: 0.01072416, Val Loss: 0.00625884
Epoch 90, Train Loss: 0.00786129, Val Loss: 0.01918416
Test L2 Loss: 0.030966
Model saved to checkpoints/unet2d/nss_5591598.pt
Created/verified figures directory: figures/5591598
Evaluating 2D NSS model at multiple resolutions
Using normalizer from training resolution 256
Testing resolutions: [32, 64, 128, 256]
Loading from file: /data/user_data/rvk/ns_data/ns_256_0.001.h5
Loading .h5 file...
Available keys: ['a', 't', 'u']
H5 data shape before any processing: (1000, 256, 256, 32)
Detected (batch, height, width, time) format, transposing to (batch, time, height, width)
Raw data shape: (1000, 32, 256, 256)
Converted to shape: (1000, 32, 256, 256, 1)
After reduction: (1000, 32, 32, 32, 1)
Markov pairs - x: (1000, 30, 32, 32, 1), y: (1000, 30, 32, 32, 1)
Final x shape: torch.Size([30000, 1, 32, 32])
Final y shape: torch.Size([30000, 1, 32, 32])
Dataset splits - Train: 24000, Val: 3000, Test: 3000

Final dataset sizes:
Train dataset size: 24000
Validation dataset size: 3000
Test dataset size: 3000
Selected random indices for plotting: [1794, 1078, 407, 2223, 1825, 324, 142, 2510, 679, 839]
Collected 10 examples for resolution 32
Resolution 32 (downsample factor: 8) - Relative L2 Loss: 0.194903
Memory cleaned after resolution 32


Loading from file: /data/user_data/rvk/ns_data/ns_256_0.001.h5
Loading .h5 file...
Available keys: ['a', 't', 'u']
H5 data shape before any processing: (1000, 256, 256, 32)
Detected (batch, height, width, time) format, transposing to (batch, time, height, width)
Raw data shape: (1000, 32, 256, 256)
Converted to shape: (1000, 32, 256, 256, 1)
After reduction: (1000, 32, 64, 64, 1)
Markov pairs - x: (1000, 30, 64, 64, 1), y: (1000, 30, 64, 64, 1)
Final x shape: torch.Size([30000, 1, 64, 64])
Final y shape: torch.Size([30000, 1, 64, 64])
Dataset splits - Train: 24000, Val: 3000, Test: 3000

Final dataset sizes:
Train dataset size: 24000
Validation dataset size: 3000
Test dataset size: 3000
Collected 10 examples for resolution 64
Resolution 64 (downsample factor: 4) - Relative L2 Loss: 0.031009
Memory cleaned after resolution 64


Loading from file: /data/user_data/rvk/ns_data/ns_256_0.001.h5
Loading .h5 file...
Available keys: ['a', 't', 'u']
H5 data shape before any processing: (1000, 256, 256, 32)
Detected (batch, height, width, time) format, transposing to (batch, time, height, width)
Raw data shape: (1000, 32, 256, 256)
Converted to shape: (1000, 32, 256, 256, 1)
After reduction: (1000, 32, 128, 128, 1)
Markov pairs - x: (1000, 30, 128, 128, 1), y: (1000, 30, 128, 128, 1)
Final x shape: torch.Size([30000, 1, 128, 128])
Final y shape: torch.Size([30000, 1, 128, 128])
Dataset splits - Train: 24000, Val: 3000, Test: 3000

Final dataset sizes:
Train dataset size: 24000
Validation dataset size: 3000
Test dataset size: 3000
Collected 10 examples for resolution 128
Resolution 128 (downsample factor: 2) - Relative L2 Loss: 0.122963
Memory cleaned after resolution 128


Loading from file: /data/user_data/rvk/ns_data/ns_256_0.001.h5
Loading .h5 file...
Available keys: ['a', 't', 'u']
H5 data shape before any processing: (1000, 256, 256, 32)
Detected (batch, height, width, time) format, transposing to (batch, time, height, width)
Raw data shape: (1000, 32, 256, 256)
Converted to shape: (1000, 32, 256, 256, 1)
After reduction: (1000, 32, 256, 256, 1)
Markov pairs - x: (1000, 30, 256, 256, 1), y: (1000, 30, 256, 256, 1)
Final x shape: torch.Size([30000, 1, 256, 256])
Final y shape: torch.Size([30000, 1, 256, 256])
Dataset splits - Train: 24000, Val: 3000, Test: 3000

Final dataset sizes:
Train dataset size: 24000
Validation dataset size: 3000
Test dataset size: 3000
Collected 10 examples for resolution 256
Resolution 256 (downsample factor: 1) - Relative L2 Loss: 0.127086
Memory cleaned after resolution 256


Creating 2D prediction vs target plots...
Saved main 2D comparison plot: figures/5591598/prediction_plots/nss_2d_main_comparison.png
Saved individual 2D plot: figures/5591598/prediction_plots/nss_2d_res_32_example_1_20250928_153651.png
Saved individual 2D plot: figures/5591598/prediction_plots/nss_2d_res_32_example_2_20250928_153651.png
Saved individual 2D plot: figures/5591598/prediction_plots/nss_2d_res_32_example_3_20250928_153651.png
Saved individual 2D plot: figures/5591598/prediction_plots/nss_2d_res_32_example_4_20250928_153651.png
Saved individual 2D plot: figures/5591598/prediction_plots/nss_2d_res_32_example_5_20250928_153651.png
Saved individual 2D plot: figures/5591598/prediction_plots/nss_2d_res_32_example_6_20250928_153651.png
Saved individual 2D plot: figures/5591598/prediction_plots/nss_2d_res_32_example_7_20250928_153651.png
Saved individual 2D plot: figures/5591598/prediction_plots/nss_2d_res_32_example_8_20250928_153651.png
Saved individual 2D plot: figures/5591598/prediction_plots/nss_2d_res_32_example_9_20250928_153651.png
Saved individual 2D plot: figures/5591598/prediction_plots/nss_2d_res_32_example_10_20250928_153651.png
Saved individual 2D plot: figures/5591598/prediction_plots/nss_2d_res_64_example_1_20250928_153651.png
Saved individual 2D plot: figures/5591598/prediction_plots/nss_2d_res_64_example_2_20250928_153651.png
Saved individual 2D plot: figures/5591598/prediction_plots/nss_2d_res_64_example_3_20250928_153651.png
Saved individual 2D plot: figures/5591598/prediction_plots/nss_2d_res_64_example_4_20250928_153651.png
Saved individual 2D plot: figures/5591598/prediction_plots/nss_2d_res_64_example_5_20250928_153651.png
Saved individual 2D plot: figures/5591598/prediction_plots/nss_2d_res_64_example_6_20250928_153651.png
Saved individual 2D plot: figures/5591598/prediction_plots/nss_2d_res_64_example_7_20250928_153651.png
Saved individual 2D plot: figures/5591598/prediction_plots/nss_2d_res_64_example_8_20250928_153651.png
Saved individual 2D plot: figures/5591598/prediction_plots/nss_2d_res_64_example_9_20250928_153651.png
Saved individual 2D plot: figures/5591598/prediction_plots/nss_2d_res_64_example_10_20250928_153651.png
Saved individual 2D plot: figures/5591598/prediction_plots/nss_2d_res_128_example_1_20250928_153651.png
Saved individual 2D plot: figures/5591598/prediction_plots/nss_2d_res_128_example_2_20250928_153651.png
Saved individual 2D plot: figures/5591598/prediction_plots/nss_2d_res_128_example_3_20250928_153651.png
Saved individual 2D plot: figures/5591598/prediction_plots/nss_2d_res_128_example_4_20250928_153651.png
Saved individual 2D plot: figures/5591598/prediction_plots/nss_2d_res_128_example_5_20250928_153651.png
Saved individual 2D plot: figures/5591598/prediction_plots/nss_2d_res_128_example_6_20250928_153651.png
Saved individual 2D plot: figures/5591598/prediction_plots/nss_2d_res_128_example_7_20250928_153651.png
Saved individual 2D plot: figures/5591598/prediction_plots/nss_2d_res_128_example_8_20250928_153651.png
Saved individual 2D plot: figures/5591598/prediction_plots/nss_2d_res_128_example_9_20250928_153651.png
Saved individual 2D plot: figures/5591598/prediction_plots/nss_2d_res_128_example_10_20250928_153651.png
Saved individual 2D plot: figures/5591598/prediction_plots/nss_2d_res_256_example_1_20250928_153651.png
Saved individual 2D plot: figures/5591598/prediction_plots/nss_2d_res_256_example_2_20250928_153651.png
Saved individual 2D plot: figures/5591598/prediction_plots/nss_2d_res_256_example_3_20250928_153651.png
Saved individual 2D plot: figures/5591598/prediction_plots/nss_2d_res_256_example_4_20250928_153651.png
Saved individual 2D plot: figures/5591598/prediction_plots/nss_2d_res_256_example_5_20250928_153651.png
Saved individual 2D plot: figures/5591598/prediction_plots/nss_2d_res_256_example_6_20250928_153651.png
Saved individual 2D plot: figures/5591598/prediction_plots/nss_2d_res_256_example_7_20250928_153651.png
Saved individual 2D plot: figures/5591598/prediction_plots/nss_2d_res_256_example_8_20250928_153651.png
Saved individual 2D plot: figures/5591598/prediction_plots/nss_2d_res_256_example_9_20250928_153651.png
Saved individual 2D plot: figures/5591598/prediction_plots/nss_2d_res_256_example_10_20250928_153651.png
Created individual plots for 10 examples at each resolution
Saved numerical results: figures/5591598/nss_1d_evaluation_results_20250928_153722.csv
Saved summary: figures/5591598/nss_1d_evaluation_summary_20250928_153722.txt

==================================================
2D NSS EVALUATION SUMMARY
==================================================
Resolution  32x 32: 0.194903
Resolution  64x 64: 0.031009
Resolution 128x128: 0.122963
Resolution 256x256: 0.127086
[2025-09-28 15:37:22,652][numexpr.utils][INFO] - Note: detected 128 virtual cores but NumExpr set to maximum of 64, check "NUMEXPR_MAX_THREADS" environment variable.
[2025-09-28 15:37:22,653][numexpr.utils][INFO] - Note: NumExpr detected 128 cores but "NUMEXPR_MAX_THREADS" not set, so enforcing safe limit of 16.
[2025-09-28 15:37:22,653][numexpr.utils][INFO] - NumExpr defaulting to 16 threads.

Summary of Super-Resolution Evaluation:
Resolution factor 32: Relative L2 Loss = 0.194903
Resolution factor 64: Relative L2 Loss = 0.031009
Resolution factor 128: Relative L2 Loss = 0.122963
Resolution factor 256: Relative L2 Loss = 0.127086

Evaluation plots saved to: figures/5591598
Wandb run: https://wandb.ai/rohanvk-carnegie-mellon-university/unet2d/runs/t6sqi0al
Job completed at Sun Sep 28 03:37:34 PM EDT 2025
