Job started on babel-5-27 at Mon May 26 02:59:49 EDT 2025
Job ID: 4937638
GPU information:
Mon May 26 02:59:49 2025       
+-----------------------------------------------------------------------------------------+
| NVIDIA-SMI 575.51.03              Driver Version: 575.51.03      CUDA Version: 12.9     |
|-----------------------------------------+------------------------+----------------------+
| GPU  Name                 Persistence-M | Bus-Id          Disp.A | Volatile Uncorr. ECC |
| Fan  Temp   Perf          Pwr:Usage/Cap |           Memory-Usage | GPU-Util  Compute M. |
|                                         |                        |               MIG M. |
|=========================================+========================+======================|
|   0  NVIDIA A100 80GB PCIe          On  |   00000000:41:00.0 Off |                    0 |
| N/A   36C    P0             57W /  270W |       0MiB /  81920MiB |      0%      Default |
|                                         |                        |             Disabled |
+-----------------------------------------+------------------------+----------------------+
|   1  NVIDIA A100 80GB PCIe          On  |   00000000:61:00.0 Off |                    0 |
| N/A   34C    P0             54W /  270W |       0MiB /  81920MiB |      0%      Default |
|                                         |                        |             Disabled |
+-----------------------------------------+------------------------+----------------------+
                                                                                         
+-----------------------------------------------------------------------------------------+
| Processes:                                                                              |
|  GPU   GI   CI              PID   Type   Process name                        GPU Memory |
|        ID   ID                                                               Usage      |
|=========================================================================================|
|  No running processes found                                                             |
+-----------------------------------------------------------------------------------------+
CUDA devices:
CUDA_VISIBLE_DEVICES: 0,1
Using device: cuda
[2025-05-26 02:59:55,317][root][INFO] - model:
  _target_: models.s4_2d.S4NDModel
  d_input: 15
  d_output: 3
  d_model: 64
  n_layers: 4
  dropout: 0.2
  prenorm: false
dataset:
  reduced_batch: 1
  reduced_resolution: 16
  reduced_resolution_t: 1
  window_size: 15
  original_res: 512
  pde: navier_stokes_0
  data_path1: data/pdebench/ns_incom_inhom_2d_512-100.hdf5
training:
  batch_size: 4
  epochs: 2
  learning_rate: 0.001
  use_normalizer: false
project_name: ${dataset.pde}_${hydra:runtime.choices.model}
checkpoint_dir: checkpoints

Project name: navier_stokes_0_s4_2d/s4_2d
Model name: models.s4_2d.S4NDModel
PDE Dataset: navier_stokes_0
Loading from file: /home/rvk/data/pdebench/ns_incom_inhom_2d_512-100.hdf5
Available keys: ['force', 'particles', 't', 'velocity']
Velocity data shape: (4, 1000, 512, 512, 2)
Particles data shape: (4, 1000, 512, 512, 1)
Time data shape: (4, 1000)
Combined data shape: (4, 1000, 32, 32, 3)
--------Processing simulation 0----------
--------Processing simulation 1----------
--------Processing simulation 2----------
--------Processing simulation 3----------
Dataset initialized with 3940 samples
Raw data shape: (4, 1000, 32, 32, 3)
Window size: 15, Flatten window: True
--------started data123----------
---------Using data normalizer---------------
Test dataset size: 394
<class 'torch.Tensor'> -0.017307069152593613 -0.01650707982480526 0.8406071662902832 0.8540991544723511
Sample Input shape: torch.Size([4, 45, 32, 32])
Sample Output shape: torch.Size([4, 3, 32, 32])
[2025-05-26 03:00:39,542][models.s4][WARNING] - CUDA extension for structured kernels (Cauchy and Vandermonde multiplication) not found. Install by going to extensions/kernels/ and running `python setup.py install`, for improved speed and memory efficiency. Note that the kernel changed for state-spaces 4.0 and must be recompiled.
[2025-05-26 03:00:39,543][models.s4][WARNING] - Falling back on slow Cauchy and Vandermonde kernel. Install at least one of pykeops or the CUDA extension for better speed and memory efficiency.
[2025-05-26 03:00:39,548][models.s4nd][WARNING] - CUDA extension for structured kernels (Cauchy and Vandermonde multiplication) not found. Install by going to extensions/kernels/ and running `python setup.py install`, for improved speed and memory efficiency. Note that the kernel changed for state-spaces 4.0 and must be recompiled.
[2025-05-26 03:00:39,548][models.s4nd][WARNING] - Falling back on slow Cauchy and Vandermonde kernel. Install at least one of pykeops or the CUDA extension for better speed and memory efficiency.
Epoch 0, Train Loss: 0.52397407, Val Loss: 0.34123255
Test L2 Loss: 0.239328
Model saved to checkpoints/s4ndmodel/navier_stokes_0_4937638.pt
Original test data shape: x=torch.Size([394, 45, 32, 32]), y=torch.Size([394, 3, 32, 32])

Evaluating at resolution factor: 1
Resolution factor 1 - Relative L2 Loss: 0.241247

Evaluating at resolution factor: 2
Downsampled shapes: x=torch.Size([394, 45, 16, 16]), y=torch.Size([394, 3, 16, 16])
Resolution factor 2 - Relative L2 Loss: 0.256268

Evaluating at resolution factor: 4
Downsampled shapes: x=torch.Size([394, 45, 8, 8]), y=torch.Size([394, 3, 8, 8])
Resolution factor 4 - Relative L2 Loss: 0.281155

Evaluating at resolution factor: 8
Downsampled shapes: x=torch.Size([394, 45, 4, 4]), y=torch.Size([394, 3, 4, 4])
Resolution factor 8 - Relative L2 Loss: 0.281238

Evaluating at resolution factor: 16
Downsampled shapes: x=torch.Size([394, 45, 2, 2]), y=torch.Size([394, 3, 2, 2])
Resolution factor 16 - Relative L2 Loss: 0.282239

Evaluating at resolution factor: 32
Downsampled shapes: x=torch.Size([394, 45, 1, 1]), y=torch.Size([394, 3, 1, 1])
Resolution factor 32 - Relative L2 Loss: 0.658943
--------Evaluating Higher Resolution------------
Loading from file: /home/rvk/data/pdebench/ns_incom_inhom_2d_512-100.hdf5
Available keys: ['force', 'particles', 't', 'velocity']
Velocity data shape: (4, 1000, 512, 512, 2)
Particles data shape: (4, 1000, 512, 512, 1)
Time data shape: (4, 1000)
Combined data shape: (4, 1000, 512, 512, 3)
--------Processing simulation 0----------
--------Processing simulation 1----------
--------Processing simulation 2----------
--------Processing simulation 3----------
Dataset initialized with 3940 samples
Raw data shape: (4, 1000, 512, 512, 3)
Window size: 15, Flatten window: True
--------started data123----------
Test dataset size: 394
Original test data shape: x=torch.Size([4, 45, 512, 512]), y=torch.Size([4, 3, 512, 512])
Testing resolutions: [64, 128, 256, 512]

Evaluating at resolution: 64
Downsampled shapes: x=torch.Size([4, 45, 64, 64]), y=torch.Size([4, 3, 64, 64])
Resolution 64 - Relative L2 Loss: 0.307837

Evaluating at resolution: 128
Downsampled shapes: x=torch.Size([4, 45, 128, 128]), y=torch.Size([4, 3, 128, 128])
Resolution 128 - Relative L2 Loss: 0.341061

Evaluating at resolution: 256
Downsampled shapes: x=torch.Size([4, 45, 256, 256]), y=torch.Size([4, 3, 256, 256])
Resolution 256 - Relative L2 Loss: 0.451144

Evaluating at resolution: 512
Downsampled shapes: x=torch.Size([4, 45, 512, 512]), y=torch.Size([4, 3, 512, 512])
Resolution 512 - Relative L2 Loss: 0.620107

Summary of Super-Resolution Evaluation:
Resolution factor 1: Relative L2 Loss = 0.241247
Resolution factor 2: Relative L2 Loss = 0.256268
Resolution factor 4: Relative L2 Loss = 0.281155
Resolution factor 8: Relative L2 Loss = 0.281238
Resolution factor 16: Relative L2 Loss = 0.282239
Resolution factor 32: Relative L2 Loss = 0.658943

Summary of Higher-Resolution Evaluation:
Resolution 64: Relative L2 Loss = 0.307837
Resolution 128: Relative L2 Loss = 0.341061
Resolution 256: Relative L2 Loss = 0.451144
Resolution 512: Relative L2 Loss = 0.620107
Job completed at Mon May 26 03:01:42 EDT 2025
