Job started on babel-5-31 at Mon Jun  9 18:49:39 EDT 2025
Job ID: 5046758
GPU information:
Mon Jun  9 18:49:39 2025       
+-----------------------------------------------------------------------------------------+
| NVIDIA-SMI 575.51.03              Driver Version: 575.51.03      CUDA Version: 12.9     |
|-----------------------------------------+------------------------+----------------------+
| GPU  Name                 Persistence-M | Bus-Id          Disp.A | Volatile Uncorr. ECC |
| Fan  Temp   Perf          Pwr:Usage/Cap |           Memory-Usage | GPU-Util  Compute M. |
|                                         |                        |               MIG M. |
|=========================================+========================+======================|
|   0  NVIDIA A100 80GB PCIe          On  |   00000000:C1:00.0 Off |                    0 |
| N/A   37C    P0             56W /  300W |       0MiB /  81920MiB |      0%      Default |
|                                         |                        |             Disabled |
+-----------------------------------------+------------------------+----------------------+
|   1  NVIDIA A100 80GB PCIe          On  |   00000000:E1:00.0 Off |                    0 |
| N/A   38C    P0             59W /  300W |       0MiB /  81920MiB |      0%      Default |
|                                         |                        |             Disabled |
+-----------------------------------------+------------------------+----------------------+
                                                                                         
+-----------------------------------------------------------------------------------------+
| Processes:                                                                              |
|  GPU   GI   CI              PID   Type   Process name                        GPU Memory |
|        ID   ID                                                               Usage      |
|=========================================================================================|
|  No running processes found                                                             |
+-----------------------------------------------------------------------------------------+
CUDA devices:
CUDA_VISIBLE_DEVICES: 0,1
Using device: cuda
[2025-06-09 18:49:44,967][root][INFO] - model:
  _target_: models.ffno.FFNO1D
  in_channels: 1
  out_channels: 1
  width: 32
  n_modes: 16
  factor: 4
  n_layers: 4
  ff_weight_norm: true
  n_ff_layers: 2
  layer_norm: false
  grid: null
  dropout: 0.0
  mode: full
dataset:
  reduced_batch: 4
  reduced_resolution: 1
  reduced_resolution_t: 1
  window_size: 15
  original_res: 1024
  multi_res:
  - 4
  - 8
  train_mres: true
  pde: burger_0.001
  data_path1: data/pdebench/1D_Burgers_Sols_Nu0.001.hdf5
training:
  batch_size: 32
  epochs: 150
  learning_rate: 0.001
  use_normalizer: false
project_name: ${dataset.pde}_${hydra:runtime.choices.model}
checkpoint_dir: checkpoints

Project name: burger_0.001_ffno_1d/ffno_1d
Model name: models.ffno.FFNO1D
PDE Dataset: burger_0.001
Loading from file: /home/rvk/data/pdebench/1D_Burgers_Sols_Nu0.001.hdf5
(10000, 201, 1024)
Total data shape: (2500, 201, 1024)
x shape: (497500, 1, 1024)
y shape: (497500, 1, 1024)
grid shape: torch.Size([1024, 1])
---------Using data normalizer---------------
Train dataset size: 398000
Validation dataset size: 49750
Test dataset size: 49750
<class 'torch.Tensor'> 0.004359858576208353 0.004369265865534544 0.9945120215415955 0.995053768157959
Sample Input shape: torch.Size([32, 1, 1024])
Sample Output shape: torch.Size([32, 1, 1024])
FFNO1D(
  (in_proj): WNLinear(in_features=2, out_features=32, bias=True)
  (fourier_layers): ModuleList(
    (0-3): 4 x FSpectralConv1d(
      (fourier_weight): ParameterList(  (0): Parameter containing: [torch.float32 of size 32x32x16x2 (cuda:0)])
      (backcast_ff): FeedForward(
        (layers): ModuleList(
          (0): Sequential(
            (0): Linear(in_features=32, out_features=128, bias=True)
            (1): Dropout(p=0.0, inplace=False)
            (2): GELU(approximate='none')
            (3): Identity()
          )
          (1): Sequential(
            (0): Linear(in_features=128, out_features=32, bias=True)
            (1): Dropout(p=0.0, inplace=False)
            (2): Identity()
            (3): Identity()
          )
        )
      )
      (act): Identity()
    )
  )
  (out_proj): WNLinear(in_features=32, out_features=1, bias=True)
)
Epoch 0, Train Loss: 0.02424487, Val Loss: 0.01964125
Epoch 10, Train Loss: 0.00847462, Val Loss: 0.00997475
Epoch 20, Train Loss: 0.00732652, Val Loss: 0.00733112
Epoch 30, Train Loss: 0.00646925, Val Loss: 0.00629308
Epoch 40, Train Loss: 0.00604538, Val Loss: 0.00550201
Epoch 50, Train Loss: 0.00559757, Val Loss: 0.00535316
Epoch 60, Train Loss: 0.00520956, Val Loss: 0.00543920
Epoch 70, Train Loss: 0.00485904, Val Loss: 0.00459397
Epoch 80, Train Loss: 0.00448444, Val Loss: 0.00454086
Epoch 90, Train Loss: 0.00411235, Val Loss: 0.00439920
Epoch 100, Train Loss: 0.00374025, Val Loss: 0.00379442
Epoch 110, Train Loss: 0.00342648, Val Loss: 0.00350808
Epoch 120, Train Loss: 0.00312977, Val Loss: 0.00342196
Epoch 130, Train Loss: 0.00294455, Val Loss: 0.00307699
Epoch 140, Train Loss: 0.00280091, Val Loss: 0.00299971
Test L2 Loss: 0.002564
-----Visualizing Saved------
Figure saved to output_logs/predictions/burger_0.001_fno_5046758_predictions.png
Model saved to checkpoints/ffno1d/burger_0.001_5046758.pt
Original test data shape: x=torch.Size([49750, 1, 1024]), y=torch.Size([49750, 1, 1024])

Evaluating at resolution factor: 1
Resolution factor 1 - Relative L2 Loss: 0.008621

Evaluating at resolution factor: 2
Downsampled shapes: x=torch.Size([49750, 1, 512]), y=torch.Size([49750, 1, 512])
Resolution factor 2 - Relative L2 Loss: 0.003469

Evaluating at resolution factor: 4
Downsampled shapes: x=torch.Size([49750, 1, 256]), y=torch.Size([49750, 1, 256])
Resolution factor 4 - Relative L2 Loss: 0.003197

Evaluating at resolution factor: 8
Downsampled shapes: x=torch.Size([49750, 1, 128]), y=torch.Size([49750, 1, 128])
Resolution factor 8 - Relative L2 Loss: 0.004289

Evaluating at resolution factor: 16
Downsampled shapes: x=torch.Size([49750, 1, 64]), y=torch.Size([49750, 1, 64])
Resolution factor 16 - Relative L2 Loss: 0.024841

Evaluating at resolution factor: 32
Downsampled shapes: x=torch.Size([49750, 1, 32]), y=torch.Size([49750, 1, 32])
Resolution factor 32 - Relative L2 Loss: 0.067732
Loading from file: /home/rvk/data/pdebench/1D_Burgers_Sols_Nu0.001.hdf5
(10000, 201, 1024)
Total data shape: (2500, 201, 1024)
x shape: (497500, 1, 1024)
y shape: (497500, 1, 1024)
grid shape: torch.Size([1024, 1])
---------Using data normalizer---------------
Train dataset size: 398000
Validation dataset size: 49750
Test dataset size: 49750
Original test data shape: x=torch.Size([49750, 1, 1024]), y=torch.Size([49750, 1, 1024])
Testing resolutions: []

Summary of Super-Resolution Evaluation:
Resolution factor 1: Relative L2 Loss = 0.008621
Resolution factor 2: Relative L2 Loss = 0.003469
Resolution factor 4: Relative L2 Loss = 0.003197
Resolution factor 8: Relative L2 Loss = 0.004289
Resolution factor 16: Relative L2 Loss = 0.024841
Resolution factor 32: Relative L2 Loss = 0.067732

Summary of Higher-Resolution Evaluation:
[1;34mwandb[0m: 
[1;34mwandb[0m: 🚀 View run [33mgentle-lion-91[0m at: [34mhttps://wandb.ai/rohanvk-carnegie-mellon-university/ffno1d/runs/c5mxmik5[0m
[1;34mwandb[0m: Find logs at: [1;35mwandb/run-20250609_185001-c5mxmik5/logs[0m
Job completed at Mon Jun  9 22:32:23 EDT 2025
