Job started on babel-11-9 at Sat Sep  6 02:33:43 PM EDT 2025
Job ID: 5438806
GPU information:
Sat Sep  6 14:33:43 2025       
+-----------------------------------------------------------------------------------------+
| NVIDIA-SMI 575.51.03              Driver Version: 575.51.03      CUDA Version: 12.9     |
|-----------------------------------------+------------------------+----------------------+
| GPU  Name                 Persistence-M | Bus-Id          Disp.A | Volatile Uncorr. ECC |
| Fan  Temp   Perf          Pwr:Usage/Cap |           Memory-Usage | GPU-Util  Compute M. |
|                                         |                        |               MIG M. |
|=========================================+========================+======================|
|   0  NVIDIA RTX A6000               On  |   00000000:1B:00.0 Off |                  Off |
| 31%   53C    P8             41W /  300W |       1MiB /  49140MiB |      0%      Default |
|                                         |                        |                  N/A |
+-----------------------------------------+------------------------+----------------------+
|   1  NVIDIA RTX A6000               On  |   00000000:1D:00.0 Off |                  Off |
| 30%   38C    P8             28W /  300W |       1MiB /  49140MiB |      0%      Default |
|                                         |                        |                  N/A |
+-----------------------------------------+------------------------+----------------------+
                                                                                         
+-----------------------------------------------------------------------------------------+
| Processes:                                                                              |
|  GPU   GI   CI              PID   Type   Process name                        GPU Memory |
|        ID   ID                                                               Usage      |
|=========================================================================================|
|  No running processes found                                                             |
+-----------------------------------------------------------------------------------------+
CUDA devices:
CUDA_VISIBLE_DEVICES: 0,1
/home/rvk
Data Resolution: 256
Viscosity: 0.001
Number of Solutions: 1000
Setup 2d GRF successful!
Number of Steps: 32
Batch Size: 25
Generating Data at Viscosity: 0.001
0 25 373.10647805803455
Batch 1/40 | Samples: 25/1000 | Time: 6m 13.1s
Generating Data at Viscosity: 0.001
1 50 745.8994511750061
Batch 2/40 | Samples: 50/1000 | Time: 12m 25.9s
Generating Data at Viscosity: 0.001
2 75 1118.6346865720116
Batch 3/40 | Samples: 75/1000 | Time: 18m 38.6s
Generating Data at Viscosity: 0.001
3 100 1491.452470378019
Batch 4/40 | Samples: 100/1000 | Time: 24m 51.5s
Generating Data at Viscosity: 0.001
4 125 1864.1556789879687
Batch 5/40 | Samples: 125/1000 | Time: 31m 4.2s
Generating Data at Viscosity: 0.001
5 150 2236.9521993908565
Batch 6/40 | Samples: 150/1000 | Time: 37m 17.0s
Generating Data at Viscosity: 0.001
6 175 2609.6383417088073
Batch 7/40 | Samples: 175/1000 | Time: 43m 29.6s
Generating Data at Viscosity: 0.001
7 200 2982.37145118881
Batch 8/40 | Samples: 200/1000 | Time: 49m 42.4s
Generating Data at Viscosity: 0.001
8 225 3354.975986400852
Batch 9/40 | Samples: 225/1000 | Time: 55m 55.0s
Generating Data at Viscosity: 0.001
9 250 3727.765857337974
Batch 10/40 | Samples: 250/1000 | Time: 62m 7.8s
Generating Data at Viscosity: 0.001
10 275 4100.459892941872
Batch 11/40 | Samples: 275/1000 | Time: 68m 20.5s
Generating Data at Viscosity: 0.001
11 300 4473.235335333971
Batch 12/40 | Samples: 300/1000 | Time: 74m 33.2s
Generating Data at Viscosity: 0.001
12 325 4845.834899263922
Batch 13/40 | Samples: 325/1000 | Time: 80m 45.8s
Generating Data at Viscosity: 0.001
13 350 5218.511206037831
Batch 14/40 | Samples: 350/1000 | Time: 86m 58.5s
Generating Data at Viscosity: 0.001
14 375 5591.141115949955
Batch 15/40 | Samples: 375/1000 | Time: 93m 11.1s
Generating Data at Viscosity: 0.001
15 400 5963.843950520037
Batch 16/40 | Samples: 400/1000 | Time: 99m 23.8s
Generating Data at Viscosity: 0.001
16 425 6336.421344653936
Batch 17/40 | Samples: 425/1000 | Time: 105m 36.4s
Generating Data at Viscosity: 0.001
17 450 6708.951809627004
Batch 18/40 | Samples: 450/1000 | Time: 111m 49.0s
Generating Data at Viscosity: 0.001
18 475 7081.34880748298
Batch 19/40 | Samples: 475/1000 | Time: 118m 1.3s
Generating Data at Viscosity: 0.001
19 500 7453.82552672294
Batch 20/40 | Samples: 500/1000 | Time: 124m 13.8s
Generating Data at Viscosity: 0.001
20 525 7826.194599566981
Batch 21/40 | Samples: 525/1000 | Time: 130m 26.2s
Generating Data at Viscosity: 0.001
21 550 8198.643138645915
Batch 22/40 | Samples: 550/1000 | Time: 136m 38.6s
Generating Data at Viscosity: 0.001
22 575 8571.084627073025
Batch 23/40 | Samples: 575/1000 | Time: 142m 51.1s
Generating Data at Viscosity: 0.001
23 600 8943.665447597858
Batch 24/40 | Samples: 600/1000 | Time: 149m 3.7s
Generating Data at Viscosity: 0.001
24 625 9316.156692161923
Batch 25/40 | Samples: 625/1000 | Time: 155m 16.2s
Generating Data at Viscosity: 0.001
25 650 9688.736615175847
Batch 26/40 | Samples: 650/1000 | Time: 161m 28.7s
Generating Data at Viscosity: 0.001
26 675 10061.234372945037
Batch 27/40 | Samples: 675/1000 | Time: 167m 41.2s
Generating Data at Viscosity: 0.001
27 700 10433.796165003907
Batch 28/40 | Samples: 700/1000 | Time: 173m 53.8s
Generating Data at Viscosity: 0.001
28 725 10806.271145582898
Batch 29/40 | Samples: 725/1000 | Time: 180m 6.3s
Generating Data at Viscosity: 0.001
29 750 11178.814287540037
Batch 30/40 | Samples: 750/1000 | Time: 186m 18.8s
Generating Data at Viscosity: 0.001
30 775 11551.281046385877
Batch 31/40 | Samples: 775/1000 | Time: 192m 31.3s
Generating Data at Viscosity: 0.001
31 800 11923.847853814019
Batch 32/40 | Samples: 800/1000 | Time: 198m 43.8s
Generating Data at Viscosity: 0.001
32 825 12296.336264601909
Batch 33/40 | Samples: 825/1000 | Time: 204m 56.3s
Generating Data at Viscosity: 0.001
33 850 12668.932305771858
Batch 34/40 | Samples: 850/1000 | Time: 211m 8.9s
Generating Data at Viscosity: 0.001
34 875 13041.455688079819
Batch 35/40 | Samples: 875/1000 | Time: 217m 21.5s
Generating Data at Viscosity: 0.001
35 900 13414.044930592878
Batch 36/40 | Samples: 900/1000 | Time: 223m 34.0s
Generating Data at Viscosity: 0.001
36 925 13786.57719138288
Batch 37/40 | Samples: 925/1000 | Time: 229m 46.6s
Generating Data at Viscosity: 0.001
37 950 14159.182650338858
Batch 38/40 | Samples: 950/1000 | Time: 235m 59.2s
Generating Data at Viscosity: 0.001
38 975 14531.68719726801
Batch 39/40 | Samples: 975/1000 | Time: 242m 11.7s
Generating Data at Viscosity: 0.001
39 1000 14904.225164195988
Batch 40/40 | Samples: 1000/1000 | Time: 248m 24.2s
MATLAB format failed (Matrix too large to save with Matlab 5 format), saving as HDF5...
Saved as HDF5 format: /data/user_data/rvk/ns_256_1e-03.h5
Save path: /data/user_data/rvk/ns_256_1e-03
✅ Data Generation Successful!
Job completed at Sat Sep  6 06:44:28 PM EDT 2025
