Job started on babel-8-17 at Tue Apr 22 20:45:40 EDT 2025
Job ID: 4624549
Using device: cuda
[2025-04-22 20:45:43,763][root][INFO] - model:
  _target_: models.s4_1d.S4Model
  d_input: 15
  d_output: 1
  d_model: 64
  n_layers: 4
  dropout: 0.2
  prenorm: false
dataset:
  reduced_batch: 4
  reduced_resolution: 16
  reduced_resolution_t: 1
  window_size: 15
  original_res: 1024
  pde: burger_2.0
  data_path1: data/pdebench/1D_Burgers_Sols_Nu2.0.hdf5
training:
  batch_size: 64
  epochs: 100
  learning_rate: 0.001
  use_normalizer: false
project_name: ${dataset.pde}_${hydra:runtime.choices.model}
checkpoint_dir: checkpoints

Project name: burger_2.0_s4_1d/s4_1d
Model name: models.s4_1d.S4Model
PDE Dataset: burger_2.0
Loading from file: /home/rvk/data/pdebench/1D_Burgers_Sols_Nu2.0.hdf5
(10000, 201, 1024)
Total data shape: (2500, 201, 64)
x shape: (465000, 15, 64)
y shape: (465000, 1, 64)
grid shape: torch.Size([64, 1])
---------Using data normalizer---------------
Train dataset size: 372000
Validation dataset size: 46500
Test dataset size: 46500
<class 'torch.Tensor'> 0.036907535046339035 0.03691650182008743 1.1895198822021484 1.1894067525863647
Sample Input shape: torch.Size([64, 15, 64])
Sample Output shape: torch.Size([64, 1, 64])
[2025-04-22 20:46:04,280][models.s4][WARNING] - CUDA extension for structured kernels (Cauchy and Vandermonde multiplication) not found. Install by going to extensions/kernels/ and running `python setup.py install`, for improved speed and memory efficiency. Note that the kernel changed for state-spaces 4.0 and must be recompiled.
[2025-04-22 20:46:04,280][models.s4][WARNING] - Falling back on slow Cauchy and Vandermonde kernel. Install at least one of pykeops or the CUDA extension for better speed and memory efficiency.
[2025-04-22 20:46:04,449][models.s4][INFO] - Constructing S4 (H, N, L) = (64, 32, None)
[2025-04-22 20:46:04,625][models.s4][INFO] - Constructing S4 (H, N, L) = (64, 32, None)
[2025-04-22 20:46:04,803][models.s4][INFO] - Constructing S4 (H, N, L) = (64, 32, None)
[2025-04-22 20:46:05,071][models.s4][INFO] - Constructing S4 (H, N, L) = (64, 32, None)
S4Model(
  (encoder): Linear(in_features=16, out_features=64, bias=True)
  (s4_layers): ModuleList(
    (0-3): 4 x S4Block(
      (layer): FFTConv(
        (activation): GELU(approximate='none')
        (kernel): SSMKernelDPLR()
        (drop): Dropout(p=0.2, inplace=False)
        (drop_kernel): Identity()
      )
      (mult_activation): Identity()
      (drop): Dropout(p=0.2, inplace=False)
      (output_linear): Sequential(
        (0): Linear(in_features=64, out_features=128, bias=True)
        (1): GLU(dim=-1)
      )
      (residual_layer): ZeroLayer()
    )
  )
  (norms): ModuleList(
    (0-3): 4 x LayerNorm((64,), eps=1e-05, elementwise_affine=True)
  )
  (dropouts): ModuleList(
    (0-3): 4 x Dropout(p=0.2, inplace=False)
  )
  (decoder): Linear(in_features=64, out_features=1, bias=True)
)
[2025-04-22 20:46:13,094][models.s4][INFO] - S4: Initializing kernel to length 64
[2025-04-22 20:46:13,211][models.s4][INFO] - S4: Initializing kernel to length 64
[2025-04-22 20:46:13,215][models.s4][INFO] - S4: Initializing kernel to length 64
[2025-04-22 20:46:13,219][models.s4][INFO] - S4: Initializing kernel to length 64
Epoch 0, Train Loss: 0.03155087, Val Loss: 0.00621048
Epoch 10, Train Loss: 0.00540307, Val Loss: 0.00220512
Epoch 20, Train Loss: 0.00432637, Val Loss: 0.00268559
Epoch 30, Train Loss: 0.00385673, Val Loss: 0.00168024
Epoch 40, Train Loss: 0.00298699, Val Loss: 0.00645872
Epoch 50, Train Loss: 0.00200745, Val Loss: 0.00420341
Epoch 60, Train Loss: 0.00147972, Val Loss: 0.00328808
Epoch 70, Train Loss: 0.00089967, Val Loss: 0.00305101
Epoch 80, Train Loss: 0.00042054, Val Loss: 0.00026516
Epoch 90, Train Loss: 0.00015009, Val Loss: 0.00013112
Test L2 Loss: 0.000047
-----Visualizing Saved------
Figure saved to output_logs/predictions/burger_2.0_fno_4624549_predictions.png
Model saved to checkpoints/s4model/burger_2.0_4624549.pt
Original test data shape: x=torch.Size([46500, 15, 64]), y=torch.Size([46500, 1, 64])

Evaluating at resolution factor: 1
Resolution factor 1 - Relative L2 Loss: 0.000047

Evaluating at resolution factor: 2
Downsampled shapes: x=torch.Size([46500, 15, 32]), y=torch.Size([46500, 1, 32])
Resolution factor 2 - Relative L2 Loss: 0.000748

Evaluating at resolution factor: 4
Downsampled shapes: x=torch.Size([46500, 15, 16]), y=torch.Size([46500, 1, 16])
Resolution factor 4 - Relative L2 Loss: 0.000817

Evaluating at resolution factor: 8
Downsampled shapes: x=torch.Size([46500, 15, 8]), y=torch.Size([46500, 1, 8])
Resolution factor 8 - Relative L2 Loss: 0.000934

Evaluating at resolution factor: 16
Downsampled shapes: x=torch.Size([46500, 15, 4]), y=torch.Size([46500, 1, 4])
Resolution factor 16 - Relative L2 Loss: 0.000928

Evaluating at resolution factor: 32
Downsampled shapes: x=torch.Size([46500, 15, 2]), y=torch.Size([46500, 1, 2])
Resolution factor 32 - Relative L2 Loss: 0.000871
Loading from file: /home/rvk/data/pdebench/1D_Burgers_Sols_Nu2.0.hdf5
(10000, 201, 1024)
Total data shape: (2500, 201, 1024)
x shape: (465000, 15, 1024)
y shape: (465000, 1, 1024)
grid shape: torch.Size([1024, 1])
---------Using data normalizer---------------
Train dataset size: 372000
Validation dataset size: 46500
Test dataset size: 46500
Original test data shape: x=torch.Size([46500, 15, 1024]), y=torch.Size([46500, 1, 1024])
Testing resolutions: [128, 256, 512, 1024]

Evaluating at resolution: 128
Downsampled shapes: x=torch.Size([46500, 15, 128]), y=torch.Size([46500, 1, 128])
[2025-04-22 23:39:27,620][models.s4][INFO] - S4: Doubling length from L = 64 to 128
[2025-04-22 23:39:27,629][models.s4][INFO] - S4: Doubling length from L = 64 to 128
[2025-04-22 23:39:27,632][models.s4][INFO] - S4: Doubling length from L = 64 to 128
[2025-04-22 23:39:27,636][models.s4][INFO] - S4: Doubling length from L = 64 to 128
Resolution 128 - Relative L2 Loss: 0.083526

Evaluating at resolution: 256
Downsampled shapes: x=torch.Size([46500, 15, 256]), y=torch.Size([46500, 1, 256])
[2025-04-22 23:39:32,421][models.s4][INFO] - S4: Doubling length from L = 128 to 256
[2025-04-22 23:39:32,428][models.s4][INFO] - S4: Doubling length from L = 128 to 256
[2025-04-22 23:39:32,432][models.s4][INFO] - S4: Doubling length from L = 128 to 256
[2025-04-22 23:39:32,435][models.s4][INFO] - S4: Doubling length from L = 128 to 256
Resolution 256 - Relative L2 Loss: 1.770538

Evaluating at resolution: 512
Downsampled shapes: x=torch.Size([46500, 15, 512]), y=torch.Size([46500, 1, 512])
[2025-04-22 23:39:39,465][models.s4][INFO] - S4: Doubling length from L = 256 to 512
[2025-04-22 23:39:39,473][models.s4][INFO] - S4: Doubling length from L = 256 to 512
[2025-04-22 23:39:39,476][models.s4][INFO] - S4: Doubling length from L = 256 to 512
[2025-04-22 23:39:39,480][models.s4][INFO] - S4: Doubling length from L = 256 to 512
Resolution 512 - Relative L2 Loss: 5.892588

Evaluating at resolution: 1024
Downsampled shapes: x=torch.Size([46500, 15, 1024]), y=torch.Size([46500, 1, 1024])
[2025-04-22 23:39:46,792][models.s4][INFO] - S4: Doubling length from L = 512 to 1024
[2025-04-22 23:39:46,800][models.s4][INFO] - S4: Doubling length from L = 512 to 1024
[2025-04-22 23:39:46,804][models.s4][INFO] - S4: Doubling length from L = 512 to 1024
[2025-04-22 23:39:46,807][models.s4][INFO] - S4: Doubling length from L = 512 to 1024
Resolution 1024 - Relative L2 Loss: 14.813019

Summary of Super-Resolution Evaluation:
Resolution factor 1: Relative L2 Loss = 0.000047
Resolution factor 2: Relative L2 Loss = 0.000748
Resolution factor 4: Relative L2 Loss = 0.000817
Resolution factor 8: Relative L2 Loss = 0.000934
Resolution factor 16: Relative L2 Loss = 0.000928
Resolution factor 32: Relative L2 Loss = 0.000871

Summary of Higher-Resolution Evaluation:
Resolution 128: Relative L2 Loss = 0.083526
Resolution 256: Relative L2 Loss = 1.770538
Resolution 512: Relative L2 Loss = 5.892588
Resolution 1024: Relative L2 Loss = 14.813019
Job completed at Tue Apr 22 23:40:04 EDT 2025
