Job started on babel-3-21 at Wed Apr 23 08:21:00 EDT 2025
Job ID: 4630439
Using device: cuda
[2025-04-23 08:21:03,449][root][INFO] - model:
  _target_: models.s4_1d.S4Model
  d_input: 15
  d_output: 1
  d_model: 64
  n_layers: 4
  dropout: 0.2
  prenorm: false
dataset:
  reduced_batch: 4
  reduced_resolution: 32
  reduced_resolution_t: 1
  window_size: 15
  original_res: 1024
  pde: burger_0.1
  data_path1: data/pdebench/1D_Burgers_Sols_Nu0.1.hdf5
training:
  batch_size: 64
  epochs: 100
  learning_rate: 0.001
  use_normalizer: false
project_name: ${dataset.pde}_${hydra:runtime.choices.model}
checkpoint_dir: checkpoints

Project name: burger_0.1_s4_1d/s4_1d
Model name: models.s4_1d.S4Model
PDE Dataset: burger_0.1
Loading from file: /home/rvk/data/pdebench/1D_Burgers_Sols_Nu0.1.hdf5
(10000, 201, 1024)
Total data shape: (2500, 201, 32)
x shape: (465000, 15, 32)
y shape: (465000, 1, 32)
grid shape: torch.Size([32, 1])
---------Using data normalizer---------------
Train dataset size: 372000
Validation dataset size: 46500
Test dataset size: 46500
<class 'torch.Tensor'> -0.23763743042945862 -0.2388995885848999 0.9012925028800964 0.9018614292144775
Sample Input shape: torch.Size([64, 15, 32])
Sample Output shape: torch.Size([64, 1, 32])
[2025-04-23 08:21:25,702][models.s4][WARNING] - CUDA extension for structured kernels (Cauchy and Vandermonde multiplication) not found. Install by going to extensions/kernels/ and running `python setup.py install`, for improved speed and memory efficiency. Note that the kernel changed for state-spaces 4.0 and must be recompiled.
[2025-04-23 08:21:25,702][models.s4][WARNING] - Falling back on slow Cauchy and Vandermonde kernel. Install at least one of pykeops or the CUDA extension for better speed and memory efficiency.
[2025-04-23 08:21:25,928][models.s4][INFO] - Constructing S4 (H, N, L) = (64, 32, None)
[2025-04-23 08:21:26,219][models.s4][INFO] - Constructing S4 (H, N, L) = (64, 32, None)
[2025-04-23 08:21:26,386][models.s4][INFO] - Constructing S4 (H, N, L) = (64, 32, None)
[2025-04-23 08:21:26,633][models.s4][INFO] - Constructing S4 (H, N, L) = (64, 32, None)
S4Model(
  (encoder): Linear(in_features=16, out_features=64, bias=True)
  (s4_layers): ModuleList(
    (0-3): 4 x S4Block(
      (layer): FFTConv(
        (activation): GELU(approximate='none')
        (kernel): SSMKernelDPLR()
        (drop): Dropout(p=0.2, inplace=False)
        (drop_kernel): Identity()
      )
      (mult_activation): Identity()
      (drop): Dropout(p=0.2, inplace=False)
      (output_linear): Sequential(
        (0): Linear(in_features=64, out_features=128, bias=True)
        (1): GLU(dim=-1)
      )
      (residual_layer): ZeroLayer()
    )
  )
  (norms): ModuleList(
    (0-3): 4 x LayerNorm((64,), eps=1e-05, elementwise_affine=True)
  )
  (dropouts): ModuleList(
    (0-3): 4 x Dropout(p=0.2, inplace=False)
  )
  (decoder): Linear(in_features=64, out_features=1, bias=True)
)
[2025-04-23 08:21:34,718][models.s4][INFO] - S4: Initializing kernel to length 32
[2025-04-23 08:21:34,803][models.s4][INFO] - S4: Initializing kernel to length 32
[2025-04-23 08:21:34,808][models.s4][INFO] - S4: Initializing kernel to length 32
[2025-04-23 08:21:34,812][models.s4][INFO] - S4: Initializing kernel to length 32
Epoch 0, Train Loss: 0.01343027, Val Loss: 0.00697778
Epoch 10, Train Loss: 0.00173713, Val Loss: 0.00113612
Epoch 20, Train Loss: 0.00133434, Val Loss: 0.00121656
Epoch 30, Train Loss: 0.00111235, Val Loss: 0.00097222
Epoch 40, Train Loss: 0.00093048, Val Loss: 0.00123125
Epoch 50, Train Loss: 0.00069313, Val Loss: 0.00023269
Epoch 60, Train Loss: 0.00049199, Val Loss: 0.00041845
Epoch 70, Train Loss: 0.00030805, Val Loss: 0.00021576
Epoch 80, Train Loss: 0.00017222, Val Loss: 0.00020691
Epoch 90, Train Loss: 0.00009310, Val Loss: 0.00004852
Test L2 Loss: 0.000037
-----Visualizing Saved------
Figure saved to output_logs/predictions/burger_0.1_fno_4630439_predictions.png
Model saved to checkpoints/s4model/burger_0.1_4630439.pt
Original test data shape: x=torch.Size([46500, 15, 32]), y=torch.Size([46500, 1, 32])

Evaluating at resolution factor: 1
Resolution factor 1 - Relative L2 Loss: 0.000037

Evaluating at resolution factor: 2
Downsampled shapes: x=torch.Size([46500, 15, 16]), y=torch.Size([46500, 1, 16])
Resolution factor 2 - Relative L2 Loss: 0.000516

Evaluating at resolution factor: 4
Downsampled shapes: x=torch.Size([46500, 15, 8]), y=torch.Size([46500, 1, 8])
Resolution factor 4 - Relative L2 Loss: 0.000785

Evaluating at resolution factor: 8
Downsampled shapes: x=torch.Size([46500, 15, 4]), y=torch.Size([46500, 1, 4])
Resolution factor 8 - Relative L2 Loss: 0.001105

Evaluating at resolution factor: 16
Downsampled shapes: x=torch.Size([46500, 15, 2]), y=torch.Size([46500, 1, 2])
Resolution factor 16 - Relative L2 Loss: 0.001095

Evaluating at resolution factor: 32
Downsampled shapes: x=torch.Size([46500, 15, 1]), y=torch.Size([46500, 1, 1])
Resolution factor 32 - Relative L2 Loss: 0.002109
Loading from file: /home/rvk/data/pdebench/1D_Burgers_Sols_Nu0.1.hdf5
(10000, 201, 1024)
Total data shape: (2500, 201, 1024)
x shape: (465000, 15, 1024)
y shape: (465000, 1, 1024)
grid shape: torch.Size([1024, 1])
---------Using data normalizer---------------
Train dataset size: 372000
Validation dataset size: 46500
Test dataset size: 46500
Original test data shape: x=torch.Size([46500, 15, 1024]), y=torch.Size([46500, 1, 1024])
Testing resolutions: [64, 128, 256, 512, 1024]

Evaluating at resolution: 64
Downsampled shapes: x=torch.Size([46500, 15, 64]), y=torch.Size([46500, 1, 64])
[2025-04-23 11:18:40,343][models.s4][INFO] - S4: Doubling length from L = 32 to 64
[2025-04-23 11:18:40,353][models.s4][INFO] - S4: Doubling length from L = 32 to 64
[2025-04-23 11:18:40,356][models.s4][INFO] - S4: Doubling length from L = 32 to 64
[2025-04-23 11:18:40,360][models.s4][INFO] - S4: Doubling length from L = 32 to 64
Resolution 64 - Relative L2 Loss: 0.001935

Evaluating at resolution: 128
Downsampled shapes: x=torch.Size([46500, 15, 128]), y=torch.Size([46500, 1, 128])
[2025-04-23 11:18:44,822][models.s4][INFO] - S4: Doubling length from L = 64 to 128
[2025-04-23 11:18:44,829][models.s4][INFO] - S4: Doubling length from L = 64 to 128
[2025-04-23 11:18:44,833][models.s4][INFO] - S4: Doubling length from L = 64 to 128
[2025-04-23 11:18:44,837][models.s4][INFO] - S4: Doubling length from L = 64 to 128
Resolution 128 - Relative L2 Loss: 0.225113

Evaluating at resolution: 256
Downsampled shapes: x=torch.Size([46500, 15, 256]), y=torch.Size([46500, 1, 256])
[2025-04-23 11:18:49,664][models.s4][INFO] - S4: Doubling length from L = 128 to 256
[2025-04-23 11:18:49,673][models.s4][INFO] - S4: Doubling length from L = 128 to 256
[2025-04-23 11:18:49,676][models.s4][INFO] - S4: Doubling length from L = 128 to 256
[2025-04-23 11:18:49,680][models.s4][INFO] - S4: Doubling length from L = 128 to 256
Resolution 256 - Relative L2 Loss: 3.871773

Evaluating at resolution: 512
Downsampled shapes: x=torch.Size([46500, 15, 512]), y=torch.Size([46500, 1, 512])
[2025-04-23 11:18:56,322][models.s4][INFO] - S4: Doubling length from L = 256 to 512
[2025-04-23 11:18:56,330][models.s4][INFO] - S4: Doubling length from L = 256 to 512
[2025-04-23 11:18:56,334][models.s4][INFO] - S4: Doubling length from L = 256 to 512
[2025-04-23 11:18:56,338][models.s4][INFO] - S4: Doubling length from L = 256 to 512
Resolution 512 - Relative L2 Loss: 47.676749

Evaluating at resolution: 1024
Downsampled shapes: x=torch.Size([46500, 15, 1024]), y=torch.Size([46500, 1, 1024])
[2025-04-23 11:19:04,750][models.s4][INFO] - S4: Doubling length from L = 512 to 1024
[2025-04-23 11:19:04,765][models.s4][INFO] - S4: Doubling length from L = 512 to 1024
[2025-04-23 11:19:04,770][models.s4][INFO] - S4: Doubling length from L = 512 to 1024
[2025-04-23 11:19:04,775][models.s4][INFO] - S4: Doubling length from L = 512 to 1024
Resolution 1024 - Relative L2 Loss: 336.789687

Summary of Super-Resolution Evaluation:
Resolution factor 1: Relative L2 Loss = 0.000037
Resolution factor 2: Relative L2 Loss = 0.000516
Resolution factor 4: Relative L2 Loss = 0.000785
Resolution factor 8: Relative L2 Loss = 0.001105
Resolution factor 16: Relative L2 Loss = 0.001095
Resolution factor 32: Relative L2 Loss = 0.002109

Summary of Higher-Resolution Evaluation:
Resolution 64: Relative L2 Loss = 0.001935
Resolution 128: Relative L2 Loss = 0.225113
Resolution 256: Relative L2 Loss = 3.871773
Resolution 512: Relative L2 Loss = 47.676749
Resolution 1024: Relative L2 Loss = 336.789687
Job completed at Wed Apr 23 11:19:24 EDT 2025
