Job started on babel-12-13 at Sun Jun 22 21:20:13 EDT 2025
Job ID: 5148303
GPU information:
Sun Jun 22 21:20:13 2025       
+-----------------------------------------------------------------------------------------+
| NVIDIA-SMI 575.51.03              Driver Version: 575.51.03      CUDA Version: 12.9     |
|-----------------------------------------+------------------------+----------------------+
| GPU  Name                 Persistence-M | Bus-Id          Disp.A | Volatile Uncorr. ECC |
| Fan  Temp   Perf          Pwr:Usage/Cap |           Memory-Usage | GPU-Util  Compute M. |
|                                         |                        |               MIG M. |
|=========================================+========================+======================|
|   0  NVIDIA L40S                    On  |   00000000:61:00.0 Off |                    0 |
| N/A   32C    P8             33W /  350W |       0MiB /  46068MiB |      0%      Default |
|                                         |                        |                  N/A |
+-----------------------------------------+------------------------+----------------------+
|   1  NVIDIA L40S                    On  |   00000000:E1:00.0 Off |                    0 |
| N/A   34C    P8             33W /  350W |       0MiB /  46068MiB |      0%      Default |
|                                         |                        |                  N/A |
+-----------------------------------------+------------------------+----------------------+
                                                                                         
+-----------------------------------------------------------------------------------------+
| Processes:                                                                              |
|  GPU   GI   CI              PID   Type   Process name                        GPU Memory |
|        ID   ID                                                               Usage      |
|=========================================================================================|
|  No running processes found                                                             |
+-----------------------------------------------------------------------------------------+
CUDA devices:
CUDA_VISIBLE_DEVICES: 0,1
Using device: cuda
[2025-06-22 21:20:17,737][root][INFO] - model:
  _target_: CNO.CNO2d_original_version.CNOModule.CNO
  in_dim: 3
  out_dim: 3
  out_size: 1
  N_layers: 3
  N_res: 4
  N_res_neck: 6
  channel_multiplier: 32
  conv_kernel: 3
  cutoff_den: 2.0001
  filter_size: 6
  lrelu_upsampling: 2
  half_width_mult: 0.8
  radial: false
  batch_norm: true
  expand_input: false
  latent_lift_proj_dim: 64
  add_inv: true
  activation: cno_lrelu
dataset:
  reduced_batch: 1
  reduced_resolution: 16
  reduced_resolution_t: 1
  window_size: 15
  original_res: 512
  train_resolution: 32
  multi_res:
  - 4
  - 8
  s: 32
  train_mres: false
  pde: navier_stokes_0
  data_path1: data/pdebench/ns_incom_inhom_2d_512-0.hdf5
training:
  batch_size: 16
  epochs: 100
  learning_rate: 0.001
  use_normalizer: false
project_name: ${dataset.pde}_${hydra:runtime.choices.model}
checkpoint_dir: checkpoints

Project name: navier_stokes_0_cno_2d/cno_2d_original
Model name: CNO.CNO2d_original_version.CNOModule.CNO
PDE Dataset: navier_stokes_0
Loading from file: /home/rvk/data/pdebench/ns_incom_inhom_2d_512-0.hdf5
Available keys: ['force', 'particles', 't', 'velocity']
Velocity data shape: (4, 1000, 512, 512, 2)
Particles data shape: (4, 1000, 512, 512, 1)
Combined data shape: (4, 1000, 512, 512, 3)
Current Spatial Size: 512
Downsampling from 512x512 to 32x32
Data shape after downsampling: (4, 1000, 32, 32, 3)
x shape: torch.Size([3992, 3, 32, 32])
y shape: torch.Size([3992, 3, 32, 32])
---------Computing min-max normalization statistics---------------
Input data range: [-2.729954, 2.476336]
Output data range: [-2.729954, 2.436164]
Train dataset size: 3193
Validation dataset size: 399
Test dataset size: 400
<class 'torch.Tensor'> 0.5247959494590759 0.528877317905426 0.09854710102081299 0.09927140921354294
Total Model Parameters: 2.95M
Trainable Parameters: 2.95M
Setting up PyTorch plugin "filtered_lrelu_plugin"... Done.
Epoch 0, Train Loss: 0.08754393, Val Loss: 0.06240930
Epoch 10, Train Loss: 0.01832114, Val Loss: 0.01760065
Epoch 20, Train Loss: 0.01136640, Val Loss: 0.01312796
Epoch 30, Train Loss: 0.00654661, Val Loss: 0.00719832
Epoch 40, Train Loss: 0.00603975, Val Loss: 0.00806301
Epoch 50, Train Loss: 0.00426281, Val Loss: 0.00436467
Epoch 60, Train Loss: 0.00385449, Val Loss: 0.00440869
Epoch 70, Train Loss: 0.00376792, Val Loss: 0.00367077
Epoch 80, Train Loss: 0.00274070, Val Loss: 0.00257730
Epoch 90, Train Loss: 0.00271356, Val Loss: 0.00282709
Test L2 Loss: 0.013488
Model saved to checkpoints/cno/navier_stokes_0_5148303.pt
Using provided normalization statistics from training resolution 32:
  Input range: [-2.729954, 2.476336]
  Output range: [-2.729954, 2.436164]
Testing resolutions: [32, 64, 128, 256, 512]
Loading from file: /home/rvk/data/pdebench/ns_incom_inhom_2d_512-0.hdf5
Available keys: ['force', 'particles', 't', 'velocity']
Velocity data shape: (4, 1000, 512, 512, 2)
Particles data shape: (4, 1000, 512, 512, 1)
Combined data shape: (4, 1000, 512, 512, 3)
Current Spatial Size: 512
Downsampling from 512x512 to 32x32
Data shape after downsampling: (4, 1000, 32, 32, 3)
x shape: torch.Size([3992, 3, 32, 32])
y shape: torch.Size([3992, 3, 32, 32])
Train dataset size: 3193
Validation dataset size: 399
Test dataset size: 400
Resolution 32 - Relative L2 Loss: 0.013488
Loading from file: /home/rvk/data/pdebench/ns_incom_inhom_2d_512-0.hdf5
Available keys: ['force', 'particles', 't', 'velocity']
Velocity data shape: (4, 1000, 512, 512, 2)
Particles data shape: (4, 1000, 512, 512, 1)
Combined data shape: (4, 1000, 512, 512, 3)
Current Spatial Size: 512
Downsampling from 512x512 to 64x64
Data shape after downsampling: (4, 1000, 64, 64, 3)
x shape: torch.Size([3992, 3, 64, 64])
y shape: torch.Size([3992, 3, 64, 64])
Train dataset size: 3193
Validation dataset size: 399
Test dataset size: 400
Resolution 64 - Relative L2 Loss: 0.123886
Loading from file: /home/rvk/data/pdebench/ns_incom_inhom_2d_512-0.hdf5
Available keys: ['force', 'particles', 't', 'velocity']
Velocity data shape: (4, 1000, 512, 512, 2)
Particles data shape: (4, 1000, 512, 512, 1)
Combined data shape: (4, 1000, 512, 512, 3)
Current Spatial Size: 512
Downsampling from 512x512 to 128x128
Data shape after downsampling: (4, 1000, 128, 128, 3)
x shape: torch.Size([3992, 3, 128, 128])
y shape: torch.Size([3992, 3, 128, 128])
Train dataset size: 3193
Validation dataset size: 399
Test dataset size: 400
Resolution 128 - Relative L2 Loss: 0.134275
Loading from file: /home/rvk/data/pdebench/ns_incom_inhom_2d_512-0.hdf5
Available keys: ['force', 'particles', 't', 'velocity']
Velocity data shape: (4, 1000, 512, 512, 2)
Particles data shape: (4, 1000, 512, 512, 1)
Combined data shape: (4, 1000, 512, 512, 3)
Current Spatial Size: 512
Downsampling from 512x512 to 256x256
Data shape after downsampling: (4, 1000, 256, 256, 3)
x shape: torch.Size([3992, 3, 256, 256])
y shape: torch.Size([3992, 3, 256, 256])
Train dataset size: 3193
Validation dataset size: 399
Test dataset size: 400
Resolution 256 - Relative L2 Loss: 0.135784
Loading from file: /home/rvk/data/pdebench/ns_incom_inhom_2d_512-0.hdf5
Available keys: ['force', 'particles', 't', 'velocity']
Velocity data shape: (4, 1000, 512, 512, 2)
Particles data shape: (4, 1000, 512, 512, 1)
Combined data shape: (4, 1000, 512, 512, 3)
Current Spatial Size: 512
x shape: torch.Size([3992, 3, 512, 512])
y shape: torch.Size([3992, 3, 512, 512])
Train dataset size: 3193
Validation dataset size: 399
Test dataset size: 400
Resolution 512 - Relative L2 Loss: 0.135882

==================================================
EVALUATION SUMMARY
==================================================
Resolution  32: 0.013488
Resolution  64: 0.123886
Resolution 128: 0.134275
Resolution 256: 0.135784
Resolution 512: 0.135882

Summary of Super-Resolution Evaluation:
Resolution factor 32: Relative L2 Loss = 0.013488
Resolution factor 64: Relative L2 Loss = 0.123886
Resolution factor 128: Relative L2 Loss = 0.134275
Resolution factor 256: Relative L2 Loss = 0.135784
Resolution factor 512: Relative L2 Loss = 0.135882
[1;34mwandb[0m: 
[1;34mwandb[0m: 🚀 View run [33mplayful-monkey-7[0m at: [34mhttps://wandb.ai/rohanvk-carnegie-mellon-university/cno/runs/f6q8vd51[0m
[1;34mwandb[0m: Find logs at: [1;35mwandb/run-20250622_212118-f6q8vd51/logs[0m
Job completed at Sun Jun 22 21:32:53 EDT 2025
