Job started on babel-5-11 at Tue Sep  9 05:16:12 EDT 2025
Job ID: 5444203
GPU information:
Tue Sep  9 05:16:12 2025       
+-----------------------------------------------------------------------------------------+
| NVIDIA-SMI 575.51.03              Driver Version: 575.51.03      CUDA Version: 12.9     |
|-----------------------------------------+------------------------+----------------------+
| GPU  Name                 Persistence-M | Bus-Id          Disp.A | Volatile Uncorr. ECC |
| Fan  Temp   Perf          Pwr:Usage/Cap |           Memory-Usage | GPU-Util  Compute M. |
|                                         |                        |               MIG M. |
|=========================================+========================+======================|
|   0  NVIDIA RTX 6000 Ada Gene...    On  |   00000000:85:00.0 Off |                  Off |
| 30%   30C    P8             26W /  300W |       2MiB /  49140MiB |      0%      Default |
|                                         |                        |                  N/A |
+-----------------------------------------+------------------------+----------------------+
|   1  NVIDIA RTX 6000 Ada Gene...    On  |   00000000:87:00.0 Off |                  Off |
| 30%   30C    P8             23W /  300W |       2MiB /  49140MiB |      0%      Default |
|                                         |                        |                  N/A |
+-----------------------------------------+------------------------+----------------------+
                                                                                         
+-----------------------------------------------------------------------------------------+
| Processes:                                                                              |
|  GPU   GI   CI              PID   Type   Process name                        GPU Memory |
|        ID   ID                                                               Usage      |
|=========================================================================================|
|  No running processes found                                                             |
+-----------------------------------------------------------------------------------------+
CUDA devices:
CUDA_VISIBLE_DEVICES: 0,1
Using device: cuda
Available GPUs: 2
[2025-09-09 05:16:19,981][root][INFO] - model:
  _target_: models.ffno.FFNO2D
  in_channels: 1
  out_channels: 1
  width: 64
  factor: 4
  n_modes: 64
  n_layers: 4
  dropout: 0.2
  mode: full
  ff_weight_norm: true
  n_ff_layers: 3
  layer_norm: true
  use_grid: true
dataset:
  dataset_params:
    _target_: dataloaders.ns_naive_true_multires.ns_true_multires_markov_dataset
    saved_folder: /data/user_data/rvk/ns_data/
    file_extension: .h5
    viscosity: '0.00001'
    reduced_batch: 1
    reduced_resolution_t: 1
    data_mres_size:
      256: 1000
      128: 0
      64: 0
    add_res:
    - 32
    add_res_samples:
      32: 0
    downsample_from_res: 64
    data_normalizer: true
    normalization_type: simple
    num_samples_max: -1
    eval_dataset_target: dataloaders.ns_naive_markov.ns_markov_dataset
    eval_filename: ns_256_0.00001.h5
    eval_saved_folder: /data/user_data/rvk/ns_data/
  resize_to_train: false
  evaluation_type: naive_downsample
  window_size: 15
  original_res: 256
  max_test_resolution: 256
  train_mres: true
  pde: ns
training:
  batch_size: 4
  epochs: 100
  learning_rate: 0.001
  use_normalizer: false
project_name: ${dataset.pde}_${hydra:runtime.choices.model}
checkpoint_dir: checkpoints

Project name: ns_ffno_2d/ffno_2d
Model name: models.ffno.FFNO2D
PDE Dataset: ns
This is True Multi-Resolution Training. Train Resolution is the highest data resolution in the multi-resolution data
---------------------
Creating true multi-resolution Navier-Stokes dataset from /data/user_data/rvk/ns_data/
Viscosity: 0.00001, File extension: .h5
Target samples per resolution: {256: 1000, 128: 0, 64: 0}
Additional downsampled resolutions: [32]
Target samples per downsampled resolution: {32: 0}
Will downsample from resolution: 64
Loading Navier-Stokes multi-resolution data from /data/user_data/rvk/ns_data/
Viscosity: 0.00001, File extension: .h5
Target samples per resolution (from files): {256: 1000, 128: 0, 64: 0}
Additional downsampled resolutions: [32]
Target samples per downsampled resolution: {32: 0}
Will downsample from resolution: 64
Loading resolution 256 from /data/user_data/rvk/ns_data/ns_256_0.00001.h5
  Loading .h5 file...
  Available keys: ['a', 't', 'u']
  Raw data shape for 256: (1024, 256, 256, 32)
  Detected (batch, height, width, time) format, transposing to (batch, time, height, width)
  Converted to shape: (1024, 32, 256, 256, 1)
  After reduction: (1024, 32, 256, 256, 1)
  Split 'train' data shape: (819, 32, 256, 256, 1)
  Using all 819 samples for train split
  Added 24570 sample pairs from resolution 256
Adding downsampled resolutions: [32]
Adding downsampled data from /data/user_data/rvk/ns_data/ns_64_0.00001.h5
  Loading .h5 file...
  Available keys: ['a', 't', 'u']
  Detected (batch, height, width, time) format, transposing to (batch, time, height, width)
  No downsampled samples allocated for train split at resolution 32
Total samples loaded: 24570
Resolution distribution:
  256_file: 24570 samples
Sample x shapes: [(1, 256, 256), (1, 256, 256), (1, 256, 256)]
Sample y shapes: [(1, 256, 256), (1, 256, 256), (1, 256, 256)]
Loading Navier-Stokes multi-resolution data from /data/user_data/rvk/ns_data/
Viscosity: 0.00001, File extension: .h5
Target samples per resolution (from files): {256: 1000, 128: 0, 64: 0}
Additional downsampled resolutions: [32]
Target samples per downsampled resolution: {32: 0}
Will downsample from resolution: 64
Loading resolution 256 from /data/user_data/rvk/ns_data/ns_256_0.00001.h5
  Loading .h5 file...
  Available keys: ['a', 't', 'u']
  Raw data shape for 256: (1024, 256, 256, 32)
  Detected (batch, height, width, time) format, transposing to (batch, time, height, width)
  Converted to shape: (1024, 32, 256, 256, 1)
  After reduction: (1024, 32, 256, 256, 1)
  Split 'val' data shape: (102, 32, 256, 256, 1)
  Using all 102 samples for val split
  Added 3060 sample pairs from resolution 256
Adding downsampled resolutions: [32]
Adding downsampled data from /data/user_data/rvk/ns_data/ns_64_0.00001.h5
  Loading .h5 file...
  Available keys: ['a', 't', 'u']
  Detected (batch, height, width, time) format, transposing to (batch, time, height, width)
  No downsampled samples allocated for val split at resolution 32
Total samples loaded: 3060
Resolution distribution:
  256_file: 3060 samples
Sample x shapes: [(1, 256, 256), (1, 256, 256), (1, 256, 256)]
Sample y shapes: [(1, 256, 256), (1, 256, 256), (1, 256, 256)]
Loading Navier-Stokes multi-resolution data from /data/user_data/rvk/ns_data/
Viscosity: 0.00001, File extension: .h5
Target samples per resolution (from files): {256: 1000, 128: 0, 64: 0}
Additional downsampled resolutions: [32]
Target samples per downsampled resolution: {32: 0}
Will downsample from resolution: 64
Loading resolution 256 from /data/user_data/rvk/ns_data/ns_256_0.00001.h5
  Loading .h5 file...
  Available keys: ['a', 't', 'u']
  Raw data shape for 256: (1024, 256, 256, 32)
  Detected (batch, height, width, time) format, transposing to (batch, time, height, width)
  Converted to shape: (1024, 32, 256, 256, 1)
  After reduction: (1024, 32, 256, 256, 1)
  Split 'test' data shape: (103, 32, 256, 256, 1)
  Using all 103 samples for test split
  Added 3090 sample pairs from resolution 256
Adding downsampled resolutions: [32]
Adding downsampled data from /data/user_data/rvk/ns_data/ns_64_0.00001.h5
  Loading .h5 file...
  Available keys: ['a', 't', 'u']
  Detected (batch, height, width, time) format, transposing to (batch, time, height, width)
  No downsampled samples allocated for test split at resolution 32
Total samples loaded: 3090
Resolution distribution:
  256_file: 3090 samples
Sample x shapes: [(1, 256, 256), (1, 256, 256), (1, 256, 256)]
Sample y shapes: [(1, 256, 256), (1, 256, 256), (1, 256, 256)]
---------Using simple global normalization---------------
Global statistics: X(mean=-0.000000, std=0.318905), Y(mean=-0.000000, std=0.324067)

Final dataset sizes:
Train dataset size: 24570
Validation dataset size: 3060
Test dataset size: 3090
<dataloaders.ns_naive_true_multires.ns_true_multires_markov_dataset.<locals>.SimpleNormalizedDataset object at 0x14c37ec88b90>
Detected 2 GPUs. Adjusting batch size from 4 to 8
Created resolution groups:
  Resolution 256: 24570 samples
Created resolution groups:
  Resolution 256: 3060 samples
Created resolution groups:
  Resolution 256: 3090 samples
<class 'torch.Tensor'> 6.693881005048752e-10 1.5643308870494366e-09 0.8091356158256531 0.8085558414459229
FFNO2D(
  (in_proj): WNLinear(in_features=3, out_features=64, bias=True)
  (fourier_layers): ModuleList(
    (0-3): 4 x FSpectralConv2d(
      (fourier_weight): ParameterList(
          (0): Parameter containing: [torch.float32 of size 64x64x64x2 (cuda:0)]
          (1): Parameter containing: [torch.float32 of size 64x64x64x2 (cuda:0)]
      )
      (backcast_ff): FeedForward(
        (layers): ModuleList(
          (0): Sequential(
            (0): Linear(in_features=64, out_features=256, bias=True)
            (1): Dropout(p=0.2, inplace=False)
            (2): GELU(approximate='none')
            (3): Identity()
          )
          (1): Sequential(
            (0): Linear(in_features=256, out_features=256, bias=True)
            (1): Dropout(p=0.2, inplace=False)
            (2): GELU(approximate='none')
            (3): Identity()
          )
          (2): Sequential(
            (0): Linear(in_features=256, out_features=64, bias=True)
            (1): Dropout(p=0.2, inplace=False)
            (2): Identity()
            (3): LayerNorm((64,), eps=1e-05, elementwise_affine=True)
          )
        )
      )
    )
  )
  (out_proj): WNLinear(in_features=64, out_features=1, bias=True)
)
Using DataParallel with 2 GPUs
Total Model Parameters: 4.59M
Trainable Parameters: 4.59M
Epoch 0, Train Loss: 0.03014862, Val Loss: 0.00565663
Epoch 10, Train Loss: 0.00219285, Val Loss: 0.00519873
Epoch 20, Train Loss: 0.00169615, Val Loss: 0.00511366
Epoch 30, Train Loss: 0.00115058, Val Loss: 0.00502532
Epoch 40, Train Loss: 0.00111195, Val Loss: 0.00494832
Epoch 50, Train Loss: 0.00108039, Val Loss: 0.00488500
Epoch 60, Train Loss: 0.00095444, Val Loss: 0.00485512
Epoch 70, Train Loss: 0.00094484, Val Loss: 0.00493449
Epoch 80, Train Loss: 0.00093616, Val Loss: 0.00483294
Epoch 90, Train Loss: 0.00088318, Val Loss: 0.00492589
Test L2 Loss: 66390287.507590
Model saved to checkpoints/ffno2d/ns_5444203.pt
Created/verified figures directory: figures/5444203
Evaluating 2D NS model at multiple resolutions
Using normalizer from training resolution 256
Testing resolutions: [32, 64, 128, 256]
Loading from file: /data/user_data/rvk/ns_data/ns_256_0.00001.h5
Loading .h5 file...
Available keys: ['a', 't', 'u']
H5 data shape before any processing: (1024, 256, 256, 32)
Detected (batch, height, width, time) format, transposing to (batch, time, height, width)
Raw data shape: (1024, 32, 256, 256)
Converted to shape: (1024, 32, 256, 256, 1)
After reduction: (1024, 32, 32, 32, 1)
Markov pairs - x: (1024, 30, 32, 32, 1), y: (1024, 30, 32, 32, 1)
Final x shape: torch.Size([30720, 1, 32, 32])
Final y shape: torch.Size([30720, 1, 32, 32])
Dataset splits - Train: 24576, Val: 3072, Test: 3072

Final dataset sizes:
Train dataset size: 24576
Validation dataset size: 3072
Test dataset size: 3072
Selected random indices for plotting: [2121, 2569, 2898, 2793, 1682, 952, 2510, 2184, 747, 2219]
Collected 10 examples for resolution 32
Resolution 32 (downsample factor: 8) - Relative L2 Loss: 733868.259248
Memory cleaned after resolution 32


Loading from file: /data/user_data/rvk/ns_data/ns_256_0.00001.h5
Loading .h5 file...
Available keys: ['a', 't', 'u']
H5 data shape before any processing: (1024, 256, 256, 32)
Detected (batch, height, width, time) format, transposing to (batch, time, height, width)
Raw data shape: (1024, 32, 256, 256)
Converted to shape: (1024, 32, 256, 256, 1)
After reduction: (1024, 32, 64, 64, 1)
Markov pairs - x: (1024, 30, 64, 64, 1), y: (1024, 30, 64, 64, 1)
Final x shape: torch.Size([30720, 1, 64, 64])
Final y shape: torch.Size([30720, 1, 64, 64])
Dataset splits - Train: 24576, Val: 3072, Test: 3072

Final dataset sizes:
Train dataset size: 24576
Validation dataset size: 3072
Test dataset size: 3072
Collected 10 examples for resolution 64
Resolution 64 (downsample factor: 4) - Relative L2 Loss: 1472628.672179
Memory cleaned after resolution 64


Loading from file: /data/user_data/rvk/ns_data/ns_256_0.00001.h5
Loading .h5 file...
Available keys: ['a', 't', 'u']
H5 data shape before any processing: (1024, 256, 256, 32)
Detected (batch, height, width, time) format, transposing to (batch, time, height, width)
Raw data shape: (1024, 32, 256, 256)
Converted to shape: (1024, 32, 256, 256, 1)
After reduction: (1024, 32, 128, 128, 1)
Markov pairs - x: (1024, 30, 128, 128, 1), y: (1024, 30, 128, 128, 1)
Final x shape: torch.Size([30720, 1, 128, 128])
Final y shape: torch.Size([30720, 1, 128, 128])
Dataset splits - Train: 24576, Val: 3072, Test: 3072

Final dataset sizes:
Train dataset size: 24576
Validation dataset size: 3072
Test dataset size: 3072
Collected 10 examples for resolution 128
Resolution 128 (downsample factor: 2) - Relative L2 Loss: 2947965.337933
Memory cleaned after resolution 128


Loading from file: /data/user_data/rvk/ns_data/ns_256_0.00001.h5
Loading .h5 file...
Available keys: ['a', 't', 'u']
H5 data shape before any processing: (1024, 256, 256, 32)
Detected (batch, height, width, time) format, transposing to (batch, time, height, width)
Raw data shape: (1024, 32, 256, 256)
Converted to shape: (1024, 32, 256, 256, 1)
After reduction: (1024, 32, 256, 256, 1)
Markov pairs - x: (1024, 30, 256, 256, 1), y: (1024, 30, 256, 256, 1)
Final x shape: torch.Size([30720, 1, 256, 256])
Final y shape: torch.Size([30720, 1, 256, 256])
Dataset splits - Train: 24576, Val: 3072, Test: 3072

Final dataset sizes:
Train dataset size: 24576
Validation dataset size: 3072
Test dataset size: 3072
Collected 10 examples for resolution 256
Resolution 256 (downsample factor: 1) - Relative L2 Loss: 5898310.671190
Memory cleaned after resolution 256


Creating 2D prediction vs target plots...
Saved main 2D comparison plot: figures/5444203/prediction_plots/ns_2d_main_comparison.png
Saved individual 2D plot: figures/5444203/prediction_plots/ns_2d_res_32_example_1_20250909_152956.png
Saved individual 2D plot: figures/5444203/prediction_plots/ns_2d_res_32_example_2_20250909_152956.png
Saved individual 2D plot: figures/5444203/prediction_plots/ns_2d_res_32_example_3_20250909_152956.png
Saved individual 2D plot: figures/5444203/prediction_plots/ns_2d_res_32_example_4_20250909_152956.png
Saved individual 2D plot: figures/5444203/prediction_plots/ns_2d_res_32_example_5_20250909_152956.png
Saved individual 2D plot: figures/5444203/prediction_plots/ns_2d_res_32_example_6_20250909_152956.png
Saved individual 2D plot: figures/5444203/prediction_plots/ns_2d_res_32_example_7_20250909_152956.png
Saved individual 2D plot: figures/5444203/prediction_plots/ns_2d_res_32_example_8_20250909_152956.png
Saved individual 2D plot: figures/5444203/prediction_plots/ns_2d_res_32_example_9_20250909_152956.png
Saved individual 2D plot: figures/5444203/prediction_plots/ns_2d_res_32_example_10_20250909_152956.png
Saved individual 2D plot: figures/5444203/prediction_plots/ns_2d_res_64_example_1_20250909_152956.png
Saved individual 2D plot: figures/5444203/prediction_plots/ns_2d_res_64_example_2_20250909_152956.png
Saved individual 2D plot: figures/5444203/prediction_plots/ns_2d_res_64_example_3_20250909_152956.png
Saved individual 2D plot: figures/5444203/prediction_plots/ns_2d_res_64_example_4_20250909_152956.png
Saved individual 2D plot: figures/5444203/prediction_plots/ns_2d_res_64_example_5_20250909_152956.png
Saved individual 2D plot: figures/5444203/prediction_plots/ns_2d_res_64_example_6_20250909_152956.png
Saved individual 2D plot: figures/5444203/prediction_plots/ns_2d_res_64_example_7_20250909_152956.png
Saved individual 2D plot: figures/5444203/prediction_plots/ns_2d_res_64_example_8_20250909_152956.png
Saved individual 2D plot: figures/5444203/prediction_plots/ns_2d_res_64_example_9_20250909_152956.png
Saved individual 2D plot: figures/5444203/prediction_plots/ns_2d_res_64_example_10_20250909_152956.png
Saved individual 2D plot: figures/5444203/prediction_plots/ns_2d_res_128_example_1_20250909_152956.png
Saved individual 2D plot: figures/5444203/prediction_plots/ns_2d_res_128_example_2_20250909_152956.png
Saved individual 2D plot: figures/5444203/prediction_plots/ns_2d_res_128_example_3_20250909_152956.png
Saved individual 2D plot: figures/5444203/prediction_plots/ns_2d_res_128_example_4_20250909_152956.png
Saved individual 2D plot: figures/5444203/prediction_plots/ns_2d_res_128_example_5_20250909_152956.png
Saved individual 2D plot: figures/5444203/prediction_plots/ns_2d_res_128_example_6_20250909_152956.png
Saved individual 2D plot: figures/5444203/prediction_plots/ns_2d_res_128_example_7_20250909_152956.png
Saved individual 2D plot: figures/5444203/prediction_plots/ns_2d_res_128_example_8_20250909_152956.png
Saved individual 2D plot: figures/5444203/prediction_plots/ns_2d_res_128_example_9_20250909_152956.png
Saved individual 2D plot: figures/5444203/prediction_plots/ns_2d_res_128_example_10_20250909_152956.png
Saved individual 2D plot: figures/5444203/prediction_plots/ns_2d_res_256_example_1_20250909_152956.png
Saved individual 2D plot: figures/5444203/prediction_plots/ns_2d_res_256_example_2_20250909_152956.png
Saved individual 2D plot: figures/5444203/prediction_plots/ns_2d_res_256_example_3_20250909_152956.png
Saved individual 2D plot: figures/5444203/prediction_plots/ns_2d_res_256_example_4_20250909_152956.png
Saved individual 2D plot: figures/5444203/prediction_plots/ns_2d_res_256_example_5_20250909_152956.png
Saved individual 2D plot: figures/5444203/prediction_plots/ns_2d_res_256_example_6_20250909_152956.png
Saved individual 2D plot: figures/5444203/prediction_plots/ns_2d_res_256_example_7_20250909_152956.png
Saved individual 2D plot: figures/5444203/prediction_plots/ns_2d_res_256_example_8_20250909_152956.png
Saved individual 2D plot: figures/5444203/prediction_plots/ns_2d_res_256_example_9_20250909_152956.png
Saved individual 2D plot: figures/5444203/prediction_plots/ns_2d_res_256_example_10_20250909_152956.png
Created individual plots for 10 examples at each resolution
Saved numerical results: figures/5444203/ns_1d_evaluation_results_20250909_153022.csv
Saved summary: figures/5444203/ns_1d_evaluation_summary_20250909_153022.txt

==================================================
2D NS EVALUATION SUMMARY
==================================================
Resolution  32x 32: 733868.259248
Resolution  64x 64: 1472628.672179
Resolution 128x128: 2947965.337933
Resolution 256x256: 5898310.671190

Summary of Super-Resolution Evaluation:
Resolution factor 32: Relative L2 Loss = 733868.259248
Resolution factor 64: Relative L2 Loss = 1472628.672179
Resolution factor 128: Relative L2 Loss = 2947965.337933
Resolution factor 256: Relative L2 Loss = 5898310.671190

Evaluation plots saved to: figures/5444203
Wandb run: https://wandb.ai/rohanvk-carnegie-mellon-university/ffno2d/runs/krmp6d5s
Job completed at Tue Sep  9 15:30:41 EDT 2025
