Job started on babel-4-37 at Wed Apr  2 03:20:32 EDT 2025
Job ID: 4491299
Using device: cuda
[2025-04-02 03:20:36,707][root][INFO] - model:
  _target_: models.ffno.FFNO1D
  in_channels: 1
  out_channels: 1
  width: 32
  n_modes: 16
  factor: 4
  n_layers: 4
  ff_weight_norm: true
  n_ff_layers: 2
  layer_norm: false
  grid: null
  dropout: 0.0
  mode: full
dataset:
  reduced_batch: 1
  reduced_resolution: 4
  reduced_resolution_t: 4
  pde: burger_0.01
  data_path1: data/pdebench/1D_Burgers_Sols_Nu0.01.hdf5
training:
  batch_size: 64
  epochs: 100
  learning_rate: 0.001
  use_normalizer: false
project_name: ${dataset.pde}_${hydra:runtime.choices.model}
checkpoint_dir: checkpoints

Project name: burger_0.01_ffno_1d/ffno_1d
Model name: models.ffno.FFNO1D
PDE Dataset: burger_0.01
Loading from file: /home/rvk/data/pdebench/1D_Burgers_Sols_Nu0.01.hdf5
(10000, 201, 1024)
Total data shape: (10000, 51, 256)
x shape: (490000, 1, 256)
y shape: (490000, 1, 256)
grid shape: torch.Size([256, 1])
---------Using data normalizer---------------
Train dataset size: 392000
Validation dataset size: 49000
Test dataset size: 49000
<class 'torch.Tensor'> -0.14551372826099396 -0.14639213681221008 0.847638726234436 0.8477328419685364
Sample Input shape: torch.Size([64, 1, 256])
Sample Output shape: torch.Size([64, 1, 256])
FFNO1D(
  (in_proj): WNLinear(in_features=2, out_features=32, bias=True)
  (fourier_layers): ModuleList(
    (0-3): 4 x FSpectralConv1d(
      (fourier_weight): ParameterList(  (0): Parameter containing: [torch.float32 of size 32x32x16x2 (cuda:0)])
      (backcast_ff): FeedForward(
        (layers): ModuleList(
          (0): Sequential(
            (0): Linear(in_features=32, out_features=128, bias=True)
            (1): Dropout(p=0.0, inplace=False)
            (2): GELU(approximate='none')
            (3): Identity()
          )
          (1): Sequential(
            (0): Linear(in_features=128, out_features=32, bias=True)
            (1): Dropout(p=0.0, inplace=False)
            (2): Identity()
            (3): Identity()
          )
        )
      )
      (act): Identity()
    )
  )
  (out_proj): WNLinear(in_features=32, out_features=1, bias=True)
)
Epoch 0, Train Loss: 0.01770155, Val Loss: 0.00965602
Epoch 10, Train Loss: 0.00297997, Val Loss: 0.00191880
Epoch 20, Train Loss: 0.00228188, Val Loss: 0.00141376
Epoch 30, Train Loss: 0.00178162, Val Loss: 0.00118935
Epoch 40, Train Loss: 0.00138663, Val Loss: 0.00163872
Epoch 50, Train Loss: 0.00108240, Val Loss: 0.00076746
Epoch 60, Train Loss: 0.00075861, Val Loss: 0.00072523
Epoch 70, Train Loss: 0.00046355, Val Loss: 0.00024551
Epoch 80, Train Loss: 0.00026781, Val Loss: 0.00022539
Epoch 90, Train Loss: 0.00015271, Val Loss: 0.00015653
Test L2 Loss: 0.000135
-----Visualizing Saved------
Figure saved to output_logs/predictions/burger_0.01_fno_4491299_predictions.png
Original test data shape: x=torch.Size([49000, 1, 256]), y=torch.Size([49000, 1, 256])

Evaluating at resolution factor: 1
Resolution factor 1 - Relative L2 Loss: 0.000135

Evaluating at resolution factor: 2
Downsampled shapes: x=torch.Size([49000, 1, 128]), y=torch.Size([49000, 1, 128])
Resolution factor 2 - Relative L2 Loss: 0.001819

Evaluating at resolution factor: 4
Downsampled shapes: x=torch.Size([49000, 1, 64]), y=torch.Size([49000, 1, 64])
Resolution factor 4 - Relative L2 Loss: 0.002012

Evaluating at resolution factor: 8
Downsampled shapes: x=torch.Size([49000, 1, 32]), y=torch.Size([49000, 1, 32])
Resolution factor 8 - Relative L2 Loss: 0.008029

Evaluating at resolution factor: 16
Downsampled shapes: x=torch.Size([49000, 1, 16]), y=torch.Size([49000, 1, 16])
[1;34mwandb[0m: 
[1;34mwandb[0m: 🚀 View run [33msunny-tree-42[0m at: [34mhttps://wandb.ai/rohanvk-carnegie-mellon-university/ffno1d/runs/963d6yi8[0m
[1;34mwandb[0m: Find logs at: [1;35mwandb/run-20250402_032100-963d6yi8/logs[0m
Job completed at Wed Apr  2 04:37:20 EDT 2025
