Job started on babel-4-1 at Mon Mar 24 16:15:05 EDT 2025
Job ID: 4437316
Using device: cuda
[2025-03-24 16:15:08,493][root][INFO] - model:
  _target_: models.ffno.FFNO1D
  in_channels: 1
  out_channels: 1
  width: 32
  n_modes: 16
  factor: 4
  n_layers: 4
  ff_weight_norm: true
  n_ff_layers: 2
  layer_norm: false
  grid: null
  dropout: 0.0
  mode: full
dataset:
  reduced_batch: 1
  reduced_resolution: 1
  reduced_resolution_t: 4
  pde: burger_0.001
  data_path1: data/pdebench/1D_Burgers_Sols_Nu0.001.hdf5
training:
  batch_size: 64
  epochs: 100
  learning_rate: 0.001
  use_normalizer: false
project_name: ${dataset.pde}_${hydra:runtime.choices.model}
checkpoint_dir: checkpoints

Project name: burger_0.001_ffno_1d/ffno_1d
Model name: models.ffno.FFNO1D
PDE Dataset: burger_0.001
Loading from file: /home/rvk/data/pdebench/1D_Burgers_Sols_Nu0.001.hdf5
(10000, 201, 1024)
Total data shape: (10000, 51, 1024)
x shape: (490000, 1, 1024)
y shape: (490000, 1, 1024)
grid shape: torch.Size([1024, 1])
---------Using data normalizer---------------
Train dataset size: 392000
Validation dataset size: 49000
Test dataset size: 49000
<class 'torch.Tensor'> -0.23983147740364075 -0.24141235649585724 0.9723120331764221 0.9693478941917419
Sample Input shape: torch.Size([64, 1, 1024])
Sample Output shape: torch.Size([64, 1, 1024])
FFNO1D(
  (in_proj): WNLinear(in_features=2, out_features=32, bias=True)
  (fourier_layers): ModuleList(
    (0-3): 4 x FSpectralConv1d(
      (fourier_weight): ParameterList(  (0): Parameter containing: [torch.float32 of size 32x32x16x2 (cuda:0)])
      (backcast_ff): FeedForward(
        (layers): ModuleList(
          (0): Sequential(
            (0): Linear(in_features=32, out_features=128, bias=True)
            (1): Dropout(p=0.0, inplace=False)
            (2): GELU(approximate='none')
            (3): Identity()
          )
          (1): Sequential(
            (0): Linear(in_features=128, out_features=32, bias=True)
            (1): Dropout(p=0.0, inplace=False)
            (2): Identity()
            (3): Identity()
          )
        )
      )
      (act): Identity()
    )
  )
  (out_proj): WNLinear(in_features=32, out_features=1, bias=True)
)
Epoch 0, Train Loss: 0.02990430, Val Loss: 0.01736245
Epoch 10, Train Loss: 0.00692065, Val Loss: 0.00661771
Epoch 20, Train Loss: 0.00505178, Val Loss: 0.00549294
Epoch 30, Train Loss: 0.00404679, Val Loss: 0.00301907
Epoch 40, Train Loss: 0.00332642, Val Loss: 0.00352597
Epoch 50, Train Loss: 0.00269797, Val Loss: 0.00263683
Epoch 60, Train Loss: 0.00216376, Val Loss: 0.00215997
Epoch 70, Train Loss: 0.00171510, Val Loss: 0.00162667
Epoch 80, Train Loss: 0.00140837, Val Loss: 0.00161969
Epoch 90, Train Loss: 0.00126882, Val Loss: 0.00127599
Test L2 Loss: 0.001217
Figure saved to output_logs/predictions/burger_0.001_fno_4437316_predictions.png
Original test data shape: x=torch.Size([49000, 1, 1024]), y=torch.Size([49000, 1, 1024])

Evaluating at resolution factor: 1
Resolution factor 1 - Relative L2 Loss: 0.001217

Evaluating at resolution factor: 2
Downsampled shapes: x=torch.Size([49000, 1, 512]), y=torch.Size([49000, 1, 512])
Resolution factor 2 - Relative L2 Loss: 0.003643

Evaluating at resolution factor: 4
Downsampled shapes: x=torch.Size([49000, 1, 256]), y=torch.Size([49000, 1, 256])
Resolution factor 4 - Relative L2 Loss: 0.004975

Evaluating at resolution factor: 8
Downsampled shapes: x=torch.Size([49000, 1, 128]), y=torch.Size([49000, 1, 128])
Resolution factor 8 - Relative L2 Loss: 0.013050

Evaluating at resolution factor: 16
Downsampled shapes: x=torch.Size([49000, 1, 64]), y=torch.Size([49000, 1, 64])
Resolution factor 16 - Relative L2 Loss: 0.035495

Evaluating at resolution factor: 32
Downsampled shapes: x=torch.Size([49000, 1, 32]), y=torch.Size([49000, 1, 32])
Resolution factor 32 - Relative L2 Loss: 0.079384

Summary of Super-Resolution Evaluation:
Resolution factor 1: Relative L2 Loss = 0.001217
Resolution factor 2: Relative L2 Loss = 0.003643
Resolution factor 4: Relative L2 Loss = 0.004975
Resolution factor 8: Relative L2 Loss = 0.013050
Resolution factor 16: Relative L2 Loss = 0.035495
Resolution factor 32: Relative L2 Loss = 0.079384
Model saved to checkpoints/ffno1d/burger_0.001_4437316.pt
[1;34mwandb[0m: 
[1;34mwandb[0m: 🚀 View run [33mcharmed-jazz-9[0m at: [34mhttps://wandb.ai/rohanvk-carnegie-mellon-university/ffno1d/runs/rrgms0y8[0m
[1;34mwandb[0m: Find logs at: [1;35mwandb/run-20250324_161521-rrgms0y8/logs[0m
Job completed at Mon Mar 24 17:23:23 EDT 2025
