Job started on babel-5-27 at Wed May 28 14:03:34 EDT 2025
Job ID: 4950525
GPU information:
Wed May 28 14:03:34 2025       
+-----------------------------------------------------------------------------------------+
| NVIDIA-SMI 575.51.03              Driver Version: 575.51.03      CUDA Version: 12.9     |
|-----------------------------------------+------------------------+----------------------+
| GPU  Name                 Persistence-M | Bus-Id          Disp.A | Volatile Uncorr. ECC |
| Fan  Temp   Perf          Pwr:Usage/Cap |           Memory-Usage | GPU-Util  Compute M. |
|                                         |                        |               MIG M. |
|=========================================+========================+======================|
|   0  NVIDIA A100 80GB PCIe          On  |   00000000:41:00.0 Off |                    0 |
| N/A   41C    P0             84W /  300W |       0MiB /  81920MiB |    100%      Default |
|                                         |                        |             Disabled |
+-----------------------------------------+------------------------+----------------------+
|   1  NVIDIA A100 80GB PCIe          On  |   00000000:E1:00.0 Off |                    0 |
| N/A   31C    P0             53W /  300W |       0MiB /  81920MiB |      0%      Default |
|                                         |                        |             Disabled |
+-----------------------------------------+------------------------+----------------------+
                                                                                         
+-----------------------------------------------------------------------------------------+
| Processes:                                                                              |
|  GPU   GI   CI              PID   Type   Process name                        GPU Memory |
|        ID   ID                                                               Usage      |
|=========================================================================================|
|  No running processes found                                                             |
+-----------------------------------------------------------------------------------------+
CUDA devices:
CUDA_VISIBLE_DEVICES: 0,1
Using device: cuda
[2025-05-28 14:03:38,994][root][INFO] - model:
  _target_: models.unet.UNet2d
  in_channels: 3
  out_channels: 3
  width: 32
dataset:
  reduced_batch: 1
  reduced_resolution: 8
  reduced_resolution_t: 1
  window_size: 15
  original_res: 512
  pde: navier_stokes_0
  data_path1: data/pdebench/ns_incom_inhom_2d_512-100.hdf5
training:
  batch_size: 4
  epochs: 100
  learning_rate: 0.001
  use_normalizer: false
project_name: ${dataset.pde}_${hydra:runtime.choices.model}
checkpoint_dir: checkpoints

Project name: navier_stokes_0_unet/unet_2d
Model name: models.unet.UNet2d
PDE Dataset: navier_stokes_0
Loading from file: /home/rvk/data/pdebench/ns_incom_inhom_2d_512-100.hdf5
Available keys: ['force', 'particles', 't', 'velocity']
Velocity data shape: (4, 1000, 512, 512, 2)
Particles data shape: (4, 1000, 512, 512, 1)
Combined data shape: (4, 1000, 64, 64, 3)
x shape: torch.Size([3992, 3, 64, 64])
y shape: torch.Size([3992, 3, 64, 64])
---------Using data normalizer---------------
Train dataset size: 3193
Validation dataset size: 399
Test dataset size: 400
<class 'torch.Tensor'> -0.01878654956817627 -0.01920465938746929 0.8937889337539673 0.8992000818252563
Sample Input shape: torch.Size([4, 3, 64, 64])
Sample Output shape: torch.Size([4, 3, 64, 64])
UNet2d(
  (encoder1): Sequential(
    (enc1conv1): Conv2d(3, 32, kernel_size=(3, 3), stride=(1, 1), padding=(1, 1), bias=False)
    (enc1norm1): BatchNorm2d(32, eps=1e-05, momentum=0.1, affine=True, track_running_stats=True)
    (enc1tanh1): Tanh()
    (enc1conv2): Conv2d(32, 32, kernel_size=(3, 3), stride=(1, 1), padding=(1, 1), bias=False)
    (enc1norm2): BatchNorm2d(32, eps=1e-05, momentum=0.1, affine=True, track_running_stats=True)
    (enc1tanh2): Tanh()
  )
  (pool1): MaxPool2d(kernel_size=2, stride=2, padding=0, dilation=1, ceil_mode=False)
  (encoder2): Sequential(
    (enc2conv1): Conv2d(32, 64, kernel_size=(3, 3), stride=(1, 1), padding=(1, 1), bias=False)
    (enc2norm1): BatchNorm2d(64, eps=1e-05, momentum=0.1, affine=True, track_running_stats=True)
    (enc2tanh1): Tanh()
    (enc2conv2): Conv2d(64, 64, kernel_size=(3, 3), stride=(1, 1), padding=(1, 1), bias=False)
    (enc2norm2): BatchNorm2d(64, eps=1e-05, momentum=0.1, affine=True, track_running_stats=True)
    (enc2tanh2): Tanh()
  )
  (pool2): MaxPool2d(kernel_size=2, stride=2, padding=0, dilation=1, ceil_mode=False)
  (encoder3): Sequential(
    (enc3conv1): Conv2d(64, 128, kernel_size=(3, 3), stride=(1, 1), padding=(1, 1), bias=False)
    (enc3norm1): BatchNorm2d(128, eps=1e-05, momentum=0.1, affine=True, track_running_stats=True)
    (enc3tanh1): Tanh()
    (enc3conv2): Conv2d(128, 128, kernel_size=(3, 3), stride=(1, 1), padding=(1, 1), bias=False)
    (enc3norm2): BatchNorm2d(128, eps=1e-05, momentum=0.1, affine=True, track_running_stats=True)
    (enc3tanh2): Tanh()
  )
  (pool3): MaxPool2d(kernel_size=2, stride=2, padding=0, dilation=1, ceil_mode=False)
  (encoder4): Sequential(
    (enc4conv1): Conv2d(128, 256, kernel_size=(3, 3), stride=(1, 1), padding=(1, 1), bias=False)
    (enc4norm1): BatchNorm2d(256, eps=1e-05, momentum=0.1, affine=True, track_running_stats=True)
    (enc4tanh1): Tanh()
    (enc4conv2): Conv2d(256, 256, kernel_size=(3, 3), stride=(1, 1), padding=(1, 1), bias=False)
    (enc4norm2): BatchNorm2d(256, eps=1e-05, momentum=0.1, affine=True, track_running_stats=True)
    (enc4tanh2): Tanh()
  )
  (pool4): MaxPool2d(kernel_size=2, stride=2, padding=0, dilation=1, ceil_mode=False)
  (bottleneck): Sequential(
    (bottleneckconv1): Conv2d(256, 512, kernel_size=(3, 3), stride=(1, 1), padding=(1, 1), bias=False)
    (bottlenecknorm1): BatchNorm2d(512, eps=1e-05, momentum=0.1, affine=True, track_running_stats=True)
    (bottlenecktanh1): Tanh()
    (bottleneckconv2): Conv2d(512, 512, kernel_size=(3, 3), stride=(1, 1), padding=(1, 1), bias=False)
    (bottlenecknorm2): BatchNorm2d(512, eps=1e-05, momentum=0.1, affine=True, track_running_stats=True)
    (bottlenecktanh2): Tanh()
  )
  (upconv4): ConvTranspose2d(512, 256, kernel_size=(2, 2), stride=(2, 2))
  (decoder4): Sequential(
    (dec4conv1): Conv2d(512, 256, kernel_size=(3, 3), stride=(1, 1), padding=(1, 1), bias=False)
    (dec4norm1): BatchNorm2d(256, eps=1e-05, momentum=0.1, affine=True, track_running_stats=True)
    (dec4tanh1): Tanh()
    (dec4conv2): Conv2d(256, 256, kernel_size=(3, 3), stride=(1, 1), padding=(1, 1), bias=False)
    (dec4norm2): BatchNorm2d(256, eps=1e-05, momentum=0.1, affine=True, track_running_stats=True)
    (dec4tanh2): Tanh()
  )
  (upconv3): ConvTranspose2d(256, 128, kernel_size=(2, 2), stride=(2, 2))
  (decoder3): Sequential(
    (dec3conv1): Conv2d(256, 128, kernel_size=(3, 3), stride=(1, 1), padding=(1, 1), bias=False)
    (dec3norm1): BatchNorm2d(128, eps=1e-05, momentum=0.1, affine=True, track_running_stats=True)
    (dec3tanh1): Tanh()
    (dec3conv2): Conv2d(128, 128, kernel_size=(3, 3), stride=(1, 1), padding=(1, 1), bias=False)
    (dec3norm2): BatchNorm2d(128, eps=1e-05, momentum=0.1, affine=True, track_running_stats=True)
    (dec3tanh2): Tanh()
  )
  (upconv2): ConvTranspose2d(128, 64, kernel_size=(2, 2), stride=(2, 2))
  (decoder2): Sequential(
    (dec2conv1): Conv2d(128, 64, kernel_size=(3, 3), stride=(1, 1), padding=(1, 1), bias=False)
    (dec2norm1): BatchNorm2d(64, eps=1e-05, momentum=0.1, affine=True, track_running_stats=True)
    (dec2tanh1): Tanh()
    (dec2conv2): Conv2d(64, 64, kernel_size=(3, 3), stride=(1, 1), padding=(1, 1), bias=False)
    (dec2norm2): BatchNorm2d(64, eps=1e-05, momentum=0.1, affine=True, track_running_stats=True)
    (dec2tanh2): Tanh()
  )
  (upconv1): ConvTranspose2d(64, 32, kernel_size=(2, 2), stride=(2, 2))
  (decoder1): Sequential(
    (dec1conv1): Conv2d(64, 32, kernel_size=(3, 3), stride=(1, 1), padding=(1, 1), bias=False)
    (dec1norm1): BatchNorm2d(32, eps=1e-05, momentum=0.1, affine=True, track_running_stats=True)
    (dec1tanh1): Tanh()
    (dec1conv2): Conv2d(32, 32, kernel_size=(3, 3), stride=(1, 1), padding=(1, 1), bias=False)
    (dec1norm2): BatchNorm2d(32, eps=1e-05, momentum=0.1, affine=True, track_running_stats=True)
    (dec1tanh2): Tanh()
  )
  (conv): Conv2d(32, 3, kernel_size=(1, 1), stride=(1, 1))
)
Epoch 0, Train Loss: 0.23622227, Val Loss: 0.13919112
Epoch 10, Train Loss: 0.06984370, Val Loss: 0.06973041
Epoch 20, Train Loss: 0.05581402, Val Loss: 0.05785047
Epoch 30, Train Loss: 0.04927513, Val Loss: 0.05189726
Epoch 40, Train Loss: 0.04594286, Val Loss: 0.05846339
Epoch 50, Train Loss: 0.04054774, Val Loss: 0.04392700
Epoch 60, Train Loss: 0.03875594, Val Loss: 0.04813028
Epoch 70, Train Loss: 0.03619680, Val Loss: 0.07168097
Epoch 80, Train Loss: 0.03497073, Val Loss: 0.04651791
Epoch 90, Train Loss: 0.03430497, Val Loss: 0.03754941
Test L2 Loss: 0.015862
Model saved to checkpoints/unet2d/navier_stokes_0_4950525.pt
Original test data shape: x=torch.Size([400, 3, 64, 64]), y=torch.Size([400, 3, 64, 64])

Evaluating at resolution factor: 1
Resolution factor 1 - Relative L2 Loss: 0.015605

Evaluating at resolution factor: 2
Downsampled shapes: x=torch.Size([400, 3, 32, 32]), y=torch.Size([400, 3, 32, 32])
Resolution factor 2 - Relative L2 Loss: 0.104123

Evaluating at resolution factor: 4
Downsampled shapes: x=torch.Size([400, 3, 16, 16]), y=torch.Size([400, 3, 16, 16])
Resolution factor 4 - Relative L2 Loss: 0.166319

Evaluating at resolution factor: 8
Downsampled shapes: x=torch.Size([400, 3, 8, 8]), y=torch.Size([400, 3, 8, 8])
Skipping Resolution factor 8 because not enough modes

Evaluating at resolution factor: 16
Downsampled shapes: x=torch.Size([400, 3, 4, 4]), y=torch.Size([400, 3, 4, 4])
Skipping Resolution factor 16 because not enough modes

Evaluating at resolution factor: 32
Downsampled shapes: x=torch.Size([400, 3, 2, 2]), y=torch.Size([400, 3, 2, 2])
Skipping Resolution factor 32 because not enough modes
Loading from file: /home/rvk/data/pdebench/ns_incom_inhom_2d_512-100.hdf5
Available keys: ['force', 'particles', 't', 'velocity']
Velocity data shape: (4, 1000, 512, 512, 2)
Particles data shape: (4, 1000, 512, 512, 1)
Combined data shape: (4, 1000, 512, 512, 3)
x shape: torch.Size([3992, 3, 512, 512])
y shape: torch.Size([3992, 3, 512, 512])
---------Using data normalizer---------------
Train dataset size: 3193
Validation dataset size: 399
Test dataset size: 400
Original test data shape: x=torch.Size([400, 3, 512, 512]), y=torch.Size([400, 3, 512, 512])
Testing resolutions: [128, 256, 512]

Evaluating at resolution: 128
Downsampled shapes: x=torch.Size([400, 3, 128, 128]), y=torch.Size([400, 3, 128, 128])
Resolution 128 - Relative L2 Loss: 0.067067

Evaluating at resolution: 256
Downsampled shapes: x=torch.Size([400, 3, 256, 256]), y=torch.Size([400, 3, 256, 256])
Resolution 256 - Relative L2 Loss: 0.066710

Evaluating at resolution: 512
Downsampled shapes: x=torch.Size([400, 3, 512, 512]), y=torch.Size([400, 3, 512, 512])
Resolution 512 - Relative L2 Loss: 0.067354

Summary of Super-Resolution Evaluation:
Resolution factor 1: Relative L2 Loss = 0.015605
Resolution factor 2: Relative L2 Loss = 0.104123
Resolution factor 4: Relative L2 Loss = 0.166319

Summary of Higher-Resolution Evaluation:
Resolution 128: Relative L2 Loss = 0.067067
Resolution 256: Relative L2 Loss = 0.066710
Resolution 512: Relative L2 Loss = 0.067354
[1;34mwandb[0m: 
[1;34mwandb[0m: 🚀 View run [33mmorning-darkness-8[0m at: [34mhttps://wandb.ai/rohanvk-carnegie-mellon-university/unet2d/runs/m1s5jah0[0m
[1;34mwandb[0m: Find logs at: [1;35mwandb/run-20250528_140440-m1s5jah0/logs[0m
Job completed at Wed May 28 14:21:12 EDT 2025
