Job started on babel-5-31 at Mon Jun  9 03:19:27 EDT 2025
Job ID: 5041679
GPU information:
Mon Jun  9 03:19:27 2025       
+-----------------------------------------------------------------------------------------+
| NVIDIA-SMI 575.51.03              Driver Version: 575.51.03      CUDA Version: 12.9     |
|-----------------------------------------+------------------------+----------------------+
| GPU  Name                 Persistence-M | Bus-Id          Disp.A | Volatile Uncorr. ECC |
| Fan  Temp   Perf          Pwr:Usage/Cap |           Memory-Usage | GPU-Util  Compute M. |
|                                         |                        |               MIG M. |
|=========================================+========================+======================|
|   0  NVIDIA A100 80GB PCIe          On  |   00000000:41:00.0 Off |                    0 |
| N/A   33C    P0             55W /  300W |       0MiB /  81920MiB |      0%      Default |
|                                         |                        |             Disabled |
+-----------------------------------------+------------------------+----------------------+
|   1  NVIDIA A100 80GB PCIe          On  |   00000000:61:00.0 Off |                    0 |
| N/A   34C    P0             55W /  300W |       0MiB /  81920MiB |      0%      Default |
|                                         |                        |             Disabled |
+-----------------------------------------+------------------------+----------------------+
                                                                                         
+-----------------------------------------------------------------------------------------+
| Processes:                                                                              |
|  GPU   GI   CI              PID   Type   Process name                        GPU Memory |
|        ID   ID                                                               Usage      |
|=========================================================================================|
|  No running processes found                                                             |
+-----------------------------------------------------------------------------------------+
CUDA devices:
CUDA_VISIBLE_DEVICES: 0,1
Using device: cuda
[2025-06-09 03:19:33,466][root][INFO] - model:
  _target_: models.ffno.FFNO2D
  in_channels: 3
  out_channels: 3
  width: 32
  factor: 4
  n_modes: 16
  n_layers: 4
  dropout: 0.0
  mode: full
  ff_weight_norm: true
  n_ff_layers: 2
  layer_norm: true
dataset:
  reduced_batch: 1
  reduced_resolution: 1
  reduced_resolution_t: 1
  window_size: 15
  original_res: 512
  multi_res:
  - 1
  - 4
  train_mres: true
  pde: navier_stokes_0
  data_path1: data/pdebench/ns_incom_inhom_2d_512-100.hdf5
training:
  batch_size: 16
  epochs: 150
  learning_rate: 0.001
  use_normalizer: false
project_name: ${dataset.pde}_${hydra:runtime.choices.model}
checkpoint_dir: checkpoints

Project name: navier_stokes_0_ffno_2d/ns_ffno_2d
Model name: models.ffno.FFNO2D
PDE Dataset: navier_stokes_0
Loading from file: /home/rvk/data/pdebench/ns_incom_inhom_2d_512-100.hdf5
Available keys: ['force', 'particles', 't', 'velocity']
Velocity data shape: (4, 1000, 512, 512, 2)
Particles data shape: (4, 1000, 512, 512, 1)
Combined data shape: (4, 1000, 512, 512, 3)
x shape: torch.Size([3992, 3, 512, 512])
y shape: torch.Size([3992, 3, 512, 512])
---------Using data normalizer---------------
Train dataset size: 3193
Validation dataset size: 399
Test dataset size: 400
<class 'torch.Tensor'> 0.009700743481516838 0.009471692144870758 1.3670796155929565 1.3555490970611572
Sample Input shape: torch.Size([16, 3, 512, 512])
Sample Output shape: torch.Size([16, 3, 512, 512])
FFNO2D(
  (in_proj): WNLinear(in_features=5, out_features=32, bias=True)
  (fourier_layers): ModuleList(
    (0-3): 4 x FSpectralConv2d(
      (fourier_weight): ParameterList(
          (0): Parameter containing: [torch.float32 of size 32x32x16x2 (cuda:0)]
          (1): Parameter containing: [torch.float32 of size 32x32x16x2 (cuda:0)]
      )
      (backcast_ff): FeedForward(
        (layers): ModuleList(
          (0): Sequential(
            (0): Linear(in_features=32, out_features=128, bias=True)
            (1): Dropout(p=0.0, inplace=False)
            (2): GELU(approximate='none')
            (3): Identity()
          )
          (1): Sequential(
            (0): Linear(in_features=128, out_features=32, bias=True)
            (1): Dropout(p=0.0, inplace=False)
            (2): Identity()
            (3): LayerNorm((32,), eps=1e-05, elementwise_affine=True)
          )
        )
      )
    )
  )
  (out_proj): WNLinear(in_features=32, out_features=3, bias=True)
)
Epoch 0, Train Loss: 0.15655401, Val Loss: 0.09077805
Epoch 10, Train Loss: 0.02803026, Val Loss: 0.02656043
Epoch 20, Train Loss: 0.02483388, Val Loss: 0.02121144
Epoch 30, Train Loss: 0.02203708, Val Loss: 0.02230727
Epoch 40, Train Loss: 0.02112237, Val Loss: 0.02028347
Epoch 50, Train Loss: 0.02043891, Val Loss: 0.01984864
Epoch 60, Train Loss: 0.01954074, Val Loss: 0.02058809
Epoch 70, Train Loss: 0.01985930, Val Loss: 0.01886587
Epoch 80, Train Loss: 0.01935902, Val Loss: 0.01824566
Epoch 90, Train Loss: 0.01835717, Val Loss: 0.01899789
Epoch 100, Train Loss: 0.01892952, Val Loss: 0.01739783
Epoch 110, Train Loss: 0.01814128, Val Loss: 0.01973678
Epoch 120, Train Loss: 0.01839159, Val Loss: 0.01824956
Epoch 130, Train Loss: 0.01838765, Val Loss: 0.01883937
Epoch 140, Train Loss: 0.01819010, Val Loss: 0.01930362
Test L2 Loss: 0.004692
Model saved to checkpoints/ffno2d/navier_stokes_0_5041679.pt
Original test data shape: x=torch.Size([400, 3, 512, 512]), y=torch.Size([400, 3, 512, 512])

Evaluating at resolution factor: 1
Resolution factor 1 - Relative L2 Loss: 0.004600

Evaluating at resolution factor: 2
Downsampled shapes: x=torch.Size([400, 3, 256, 256]), y=torch.Size([400, 3, 256, 256])
Resolution factor 2 - Relative L2 Loss: 0.021358

Evaluating at resolution factor: 4
Downsampled shapes: x=torch.Size([400, 3, 128, 128]), y=torch.Size([400, 3, 128, 128])
Resolution factor 4 - Relative L2 Loss: 0.026271

Evaluating at resolution factor: 8
Downsampled shapes: x=torch.Size([400, 3, 64, 64]), y=torch.Size([400, 3, 64, 64])
Resolution factor 8 - Relative L2 Loss: 0.035961

Evaluating at resolution factor: 16
Downsampled shapes: x=torch.Size([400, 3, 32, 32]), y=torch.Size([400, 3, 32, 32])
Resolution factor 16 - Relative L2 Loss: 0.052347

Evaluating at resolution factor: 32
Downsampled shapes: x=torch.Size([400, 3, 16, 16]), y=torch.Size([400, 3, 16, 16])
Skipping Resolution factor 32 because not enough modes
Loading from file: /home/rvk/data/pdebench/ns_incom_inhom_2d_512-100.hdf5
Available keys: ['force', 'particles', 't', 'velocity']
Velocity data shape: (4, 1000, 512, 512, 2)
Particles data shape: (4, 1000, 512, 512, 1)
Combined data shape: (4, 1000, 512, 512, 3)
x shape: torch.Size([3992, 3, 512, 512])
y shape: torch.Size([3992, 3, 512, 512])
---------Using data normalizer---------------
Train dataset size: 3193
Validation dataset size: 399
Test dataset size: 400
Original test data shape: x=torch.Size([400, 3, 512, 512]), y=torch.Size([400, 3, 512, 512])
Testing resolutions: []

Summary of Super-Resolution Evaluation:
Resolution factor 1: Relative L2 Loss = 0.004600
Resolution factor 2: Relative L2 Loss = 0.021358
Resolution factor 4: Relative L2 Loss = 0.026271
Resolution factor 8: Relative L2 Loss = 0.035961
Resolution factor 16: Relative L2 Loss = 0.052347

Summary of Higher-Resolution Evaluation:
[1;34mwandb[0m: 
[1;34mwandb[0m: 🚀 View run [33mdevoted-pyramid-19[0m at: [34mhttps://wandb.ai/rohanvk-carnegie-mellon-university/ffno2d/runs/9m6wgky8[0m
[1;34mwandb[0m: Find logs at: [1;35mwandb/run-20250609_032056-9m6wgky8/logs[0m
Job completed at Mon Jun  9 06:16:50 EDT 2025
