Job started on babel-5-31 at Mon Jun  9 06:17:11 EDT 2025
Job ID: 5041680
GPU information:
Mon Jun  9 06:17:11 2025       
+-----------------------------------------------------------------------------------------+
| NVIDIA-SMI 575.51.03              Driver Version: 575.51.03      CUDA Version: 12.9     |
|-----------------------------------------+------------------------+----------------------+
| GPU  Name                 Persistence-M | Bus-Id          Disp.A | Volatile Uncorr. ECC |
| Fan  Temp   Perf          Pwr:Usage/Cap |           Memory-Usage | GPU-Util  Compute M. |
|                                         |                        |               MIG M. |
|=========================================+========================+======================|
|   0  NVIDIA A100 80GB PCIe          On  |   00000000:41:00.0 Off |                    0 |
| N/A   39C    P0             57W /  300W |       0MiB /  81920MiB |      0%      Default |
|                                         |                        |             Disabled |
+-----------------------------------------+------------------------+----------------------+
|   1  NVIDIA A100 80GB PCIe          On  |   00000000:61:00.0 Off |                    0 |
| N/A   32C    P0             54W /  300W |       0MiB /  81920MiB |      0%      Default |
|                                         |                        |             Disabled |
+-----------------------------------------+------------------------+----------------------+
                                                                                         
+-----------------------------------------------------------------------------------------+
| Processes:                                                                              |
|  GPU   GI   CI              PID   Type   Process name                        GPU Memory |
|        ID   ID                                                               Usage      |
|=========================================================================================|
|  No running processes found                                                             |
+-----------------------------------------------------------------------------------------+
CUDA devices:
CUDA_VISIBLE_DEVICES: 0,1
Using device: cuda
[2025-06-09 06:17:14,883][root][INFO] - model:
  _target_: models.ffno.FFNO2D
  in_channels: 3
  out_channels: 3
  width: 32
  factor: 4
  n_modes: 16
  n_layers: 4
  dropout: 0.0
  mode: full
  ff_weight_norm: true
  n_ff_layers: 2
  layer_norm: true
dataset:
  reduced_batch: 1
  reduced_resolution: 1
  reduced_resolution_t: 1
  window_size: 15
  original_res: 512
  multi_res:
  - 1
  - 16
  train_mres: true
  pde: navier_stokes_0
  data_path1: data/pdebench/ns_incom_inhom_2d_512-100.hdf5
training:
  batch_size: 16
  epochs: 150
  learning_rate: 0.001
  use_normalizer: false
project_name: ${dataset.pde}_${hydra:runtime.choices.model}
checkpoint_dir: checkpoints

Project name: navier_stokes_0_ffno_2d/ns_ffno_2d
Model name: models.ffno.FFNO2D
PDE Dataset: navier_stokes_0
Loading from file: /home/rvk/data/pdebench/ns_incom_inhom_2d_512-100.hdf5
Available keys: ['force', 'particles', 't', 'velocity']
Velocity data shape: (4, 1000, 512, 512, 2)
Particles data shape: (4, 1000, 512, 512, 1)
Combined data shape: (4, 1000, 512, 512, 3)
x shape: torch.Size([3992, 3, 512, 512])
y shape: torch.Size([3992, 3, 512, 512])
---------Using data normalizer---------------
Train dataset size: 3193
Validation dataset size: 399
Test dataset size: 400
<class 'torch.Tensor'> -0.0019621094688773155 -0.0017439170042052865 1.0797359943389893 1.0825377702713013
Sample Input shape: torch.Size([16, 3, 512, 512])
Sample Output shape: torch.Size([16, 3, 512, 512])
FFNO2D(
  (in_proj): WNLinear(in_features=5, out_features=32, bias=True)
  (fourier_layers): ModuleList(
    (0-3): 4 x FSpectralConv2d(
      (fourier_weight): ParameterList(
          (0): Parameter containing: [torch.float32 of size 32x32x16x2 (cuda:0)]
          (1): Parameter containing: [torch.float32 of size 32x32x16x2 (cuda:0)]
      )
      (backcast_ff): FeedForward(
        (layers): ModuleList(
          (0): Sequential(
            (0): Linear(in_features=32, out_features=128, bias=True)
            (1): Dropout(p=0.0, inplace=False)
            (2): GELU(approximate='none')
            (3): Identity()
          )
          (1): Sequential(
            (0): Linear(in_features=128, out_features=32, bias=True)
            (1): Dropout(p=0.0, inplace=False)
            (2): Identity()
            (3): LayerNorm((32,), eps=1e-05, elementwise_affine=True)
          )
        )
      )
    )
  )
  (out_proj): WNLinear(in_features=32, out_features=3, bias=True)
)
Epoch 0, Train Loss: 0.13390538, Val Loss: 0.08421643
Epoch 10, Train Loss: 0.03728999, Val Loss: 0.03275744
Epoch 20, Train Loss: 0.03230649, Val Loss: 0.03485579
Epoch 30, Train Loss: 0.03292615, Val Loss: 0.03277733
Epoch 40, Train Loss: 0.03012575, Val Loss: 0.02692980
Epoch 50, Train Loss: 0.02924921, Val Loss: 0.02968760
Epoch 60, Train Loss: 0.02948864, Val Loss: 0.02604996
Epoch 70, Train Loss: 0.02850253, Val Loss: 0.02895939
Epoch 80, Train Loss: 0.02733326, Val Loss: 0.02977098
Epoch 90, Train Loss: 0.02614898, Val Loss: 0.03355237
Epoch 100, Train Loss: 0.02525968, Val Loss: 0.03428704
Epoch 110, Train Loss: 0.02440032, Val Loss: 0.03077704
Epoch 120, Train Loss: 0.02486612, Val Loss: 0.02807535
Epoch 130, Train Loss: 0.02429415, Val Loss: 0.03099441
Epoch 140, Train Loss: 0.02392995, Val Loss: 0.02626982
Test L2 Loss: 0.005580
Model saved to checkpoints/ffno2d/navier_stokes_0_5041680.pt
Original test data shape: x=torch.Size([400, 3, 512, 512]), y=torch.Size([400, 3, 512, 512])

Evaluating at resolution factor: 1
Resolution factor 1 - Relative L2 Loss: 0.005493

Evaluating at resolution factor: 2
Downsampled shapes: x=torch.Size([400, 3, 256, 256]), y=torch.Size([400, 3, 256, 256])
Resolution factor 2 - Relative L2 Loss: 0.026016

Evaluating at resolution factor: 4
Downsampled shapes: x=torch.Size([400, 3, 128, 128]), y=torch.Size([400, 3, 128, 128])
Resolution factor 4 - Relative L2 Loss: 0.031110

Evaluating at resolution factor: 8
Downsampled shapes: x=torch.Size([400, 3, 64, 64]), y=torch.Size([400, 3, 64, 64])
Resolution factor 8 - Relative L2 Loss: 0.037307

Evaluating at resolution factor: 16
Downsampled shapes: x=torch.Size([400, 3, 32, 32]), y=torch.Size([400, 3, 32, 32])
Resolution factor 16 - Relative L2 Loss: 0.047326

Evaluating at resolution factor: 32
Downsampled shapes: x=torch.Size([400, 3, 16, 16]), y=torch.Size([400, 3, 16, 16])
Skipping Resolution factor 32 because not enough modes
Loading from file: /home/rvk/data/pdebench/ns_incom_inhom_2d_512-100.hdf5
Available keys: ['force', 'particles', 't', 'velocity']
Velocity data shape: (4, 1000, 512, 512, 2)
Particles data shape: (4, 1000, 512, 512, 1)
Combined data shape: (4, 1000, 512, 512, 3)
x shape: torch.Size([3992, 3, 512, 512])
y shape: torch.Size([3992, 3, 512, 512])
---------Using data normalizer---------------
Train dataset size: 3193
Validation dataset size: 399
Test dataset size: 400
Original test data shape: x=torch.Size([400, 3, 512, 512]), y=torch.Size([400, 3, 512, 512])
Testing resolutions: []

Summary of Super-Resolution Evaluation:
Resolution factor 1: Relative L2 Loss = 0.005493
Resolution factor 2: Relative L2 Loss = 0.026016
Resolution factor 4: Relative L2 Loss = 0.031110
Resolution factor 8: Relative L2 Loss = 0.037307
Resolution factor 16: Relative L2 Loss = 0.047326

Summary of Higher-Resolution Evaluation:
[1;34mwandb[0m: 
[1;34mwandb[0m: 🚀 View run [33mgiddy-fire-20[0m at: [34mhttps://wandb.ai/rohanvk-carnegie-mellon-university/ffno2d/runs/o7btagsp[0m
[1;34mwandb[0m: Find logs at: [1;35mwandb/run-20250609_061817-o7btagsp/logs[0m
Job completed at Mon Jun  9 09:02:24 EDT 2025
