Job started on babel-5-27 at Tue May 13 04:01:22 EDT 2025
Job ID: 4863592
Using device: cuda
[2025-05-13 04:01:26,488][root][INFO] - model:
  _target_: models.s4_2d.S4NDModel
  d_input: 15
  d_output: 3
  d_model: 64
  n_layers: 4
  dropout: 0.2
  prenorm: false
dataset:
  reduced_batch: 1
  reduced_resolution: 4
  reduced_resolution_t: 4
  window_size: 15
  original_res: 512
  pde: navier_stokes_0
  data_path1: data/pdebench/ns_incom_inhom_2d_512-100.hdf5
training:
  batch_size: 16
  epochs: 100
  learning_rate: 0.001
  use_normalizer: false
project_name: ${dataset.pde}_${hydra:runtime.choices.model}
checkpoint_dir: checkpoints

Project name: navier_stokes_0_s4_2d/s4_2d
Model name: models.s4_2d.S4NDModel
PDE Dataset: navier_stokes_0
Loading from file: /home/rvk/data/pdebench/ns_incom_inhom_2d_512-100.hdf5
Available keys: ['force', 'particles', 't', 'velocity']
Velocity data shape: (4, 1000, 512, 512, 2)
Particles data shape: (4, 1000, 512, 512, 1)
Time data shape: (4, 250)
Combined data shape: (4, 250, 128, 128, 3)
x shape: torch.Size([940, 45, 128, 128])
y shape: torch.Size([940, 3, 128, 128])
---------Using data normalizer---------------
Train dataset size: 752
Validation dataset size: 94
Test dataset size: 94
<class 'torch.Tensor'> -0.00020196338300593197 0.0011370923602953553 1.0256553888320923 1.0322625637054443
Sample Input shape: torch.Size([16, 45, 128, 128])
Sample Output shape: torch.Size([16, 3, 128, 128])
[2025-05-13 04:02:03,265][models.s4][WARNING] - CUDA extension for structured kernels (Cauchy and Vandermonde multiplication) not found. Install by going to extensions/kernels/ and running `python setup.py install`, for improved speed and memory efficiency. Note that the kernel changed for state-spaces 4.0 and must be recompiled.
[2025-05-13 04:02:03,265][models.s4][WARNING] - Falling back on slow Cauchy and Vandermonde kernel. Install at least one of pykeops or the CUDA extension for better speed and memory efficiency.
[2025-05-13 04:02:03,269][models.s4nd][WARNING] - CUDA extension for structured kernels (Cauchy and Vandermonde multiplication) not found. Install by going to extensions/kernels/ and running `python setup.py install`, for improved speed and memory efficiency. Note that the kernel changed for state-spaces 4.0 and must be recompiled.
[2025-05-13 04:02:03,270][models.s4nd][WARNING] - Falling back on slow Cauchy and Vandermonde kernel. Install at least one of pykeops or the CUDA extension for better speed and memory efficiency.
S4NDModel(
  (encoder): Linear(in_features=47, out_features=64, bias=True)
  (s4_layers): ModuleList(
    (0-3): 4 x S4ND(
      (kernel): ModuleList(
        (0-1): 2 x SSMKernelDPLR()
      )
    )
  )
  (norms): ModuleList(
    (0-3): 4 x LayerNorm((64,), eps=1e-05, elementwise_affine=True)
  )
  (dropouts): ModuleList(
    (0-3): 4 x Dropout(p=0.2, inplace=False)
  )
  (decoder): Linear(in_features=64, out_features=3, bias=True)
)
Epoch 0, Train Loss: 0.64151530, Val Loss: 0.40881715
Epoch 10, Train Loss: 0.10467888, Val Loss: 0.34785714
Epoch 20, Train Loss: 0.06919378, Val Loss: 0.35351118
Epoch 30, Train Loss: 0.05746799, Val Loss: 0.36425107
Epoch 40, Train Loss: 0.04907234, Val Loss: 0.38033062
Epoch 50, Train Loss: 0.04530621, Val Loss: 0.41613251
Epoch 60, Train Loss: 0.04336333, Val Loss: 0.43519788
Epoch 70, Train Loss: 0.04220375, Val Loss: 0.43701287
Epoch 80, Train Loss: 0.04162449, Val Loss: 0.44226076
Epoch 90, Train Loss: 0.04135870, Val Loss: 0.44244436
Test L2 Loss: 0.389677
Model saved to checkpoints/s4ndmodel/navier_stokes_0_4863592.pt
Original test data shape: x=torch.Size([94, 45, 128, 128]), y=torch.Size([94, 3, 128, 128])

Evaluating at resolution factor: 1
Resolution factor 1 - Relative L2 Loss: 0.390407

Evaluating at resolution factor: 2
Downsampled shapes: x=torch.Size([94, 45, 64, 64]), y=torch.Size([94, 3, 64, 64])
Resolution factor 2 - Relative L2 Loss: 0.262702

Evaluating at resolution factor: 4
Downsampled shapes: x=torch.Size([94, 45, 32, 32]), y=torch.Size([94, 3, 32, 32])
Resolution factor 4 - Relative L2 Loss: 0.174043

Evaluating at resolution factor: 8
Downsampled shapes: x=torch.Size([94, 45, 16, 16]), y=torch.Size([94, 3, 16, 16])
Resolution factor 8 - Relative L2 Loss: 0.135530

Evaluating at resolution factor: 16
Downsampled shapes: x=torch.Size([94, 45, 8, 8]), y=torch.Size([94, 3, 8, 8])
Resolution factor 16 - Relative L2 Loss: 0.151054

Evaluating at resolution factor: 32
Downsampled shapes: x=torch.Size([94, 45, 4, 4]), y=torch.Size([94, 3, 4, 4])
Resolution factor 32 - Relative L2 Loss: 0.178529
Loading from file: /home/rvk/data/pdebench/ns_incom_inhom_2d_512-100.hdf5
Available keys: ['force', 'particles', 't', 'velocity']
Velocity data shape: (4, 1000, 512, 512, 2)
Particles data shape: (4, 1000, 512, 512, 1)
Time data shape: (4, 250)
Combined data shape: (4, 250, 512, 512, 3)
x shape: torch.Size([940, 45, 512, 512])
y shape: torch.Size([940, 3, 512, 512])
---------Using data normalizer---------------
Train dataset size: 752
Validation dataset size: 94
Test dataset size: 94
Original test data shape: x=torch.Size([94, 45, 512, 512]), y=torch.Size([94, 3, 512, 512])
Testing resolutions: [256, 512]

Evaluating at resolution: 256
Downsampled shapes: x=torch.Size([94, 45, 256, 256]), y=torch.Size([94, 3, 256, 256])
Resolution 256 - Relative L2 Loss: 0.572868

Evaluating at resolution: 512
Downsampled shapes: x=torch.Size([94, 45, 512, 512]), y=torch.Size([94, 3, 512, 512])
Error evaluating resolution 512: CUDA out of memory. Tried to allocate 16.03 GiB. GPU 0 has a total capacity of 79.25 GiB of which 6.00 GiB is free. Including non-PyTorch memory, this process has 73.24 GiB memory in use. Of the allocated memory 71.53 GiB is allocated by PyTorch, and 1.20 GiB is reserved by PyTorch but unallocated. If reserved but unallocated memory is large try setting PYTORCH_CUDA_ALLOC_CONF=expandable_segments:True to avoid fragmentation.  See documentation for Memory Management  (https://pytorch.org/docs/stable/notes/cuda.html#environment-variables)

Summary of Super-Resolution Evaluation:
Resolution factor 1: Relative L2 Loss = 0.390407
Resolution factor 2: Relative L2 Loss = 0.262702
Resolution factor 4: Relative L2 Loss = 0.174043
Resolution factor 8: Relative L2 Loss = 0.135530
Resolution factor 16: Relative L2 Loss = 0.151054
Resolution factor 32: Relative L2 Loss = 0.178529

Summary of Higher-Resolution Evaluation:
Resolution 256: Relative L2 Loss = 0.572868
Job completed at Tue May 13 04:11:46 EDT 2025
