Job started on babel-10-9 at Sun Jun  8 22:07:02 EDT 2025
Job ID: 5041530
GPU information:
Sun Jun  8 22:07:02 2025       
+-----------------------------------------------------------------------------------------+
| NVIDIA-SMI 575.51.03              Driver Version: 575.51.03      CUDA Version: 12.9     |
|-----------------------------------------+------------------------+----------------------+
| GPU  Name                 Persistence-M | Bus-Id          Disp.A | Volatile Uncorr. ECC |
| Fan  Temp   Perf          Pwr:Usage/Cap |           Memory-Usage | GPU-Util  Compute M. |
|                                         |                        |               MIG M. |
|=========================================+========================+======================|
|   0  NVIDIA L40S                    On  |   00000000:D5:00.0 Off |                    0 |
| N/A   26C    P8             31W /  350W |       0MiB /  46068MiB |      0%      Default |
|                                         |                        |                  N/A |
+-----------------------------------------+------------------------+----------------------+
|   1  NVIDIA L40S                    On  |   00000000:D6:00.0 Off |                    0 |
| N/A   27C    P8             32W /  350W |       0MiB /  46068MiB |      0%      Default |
|                                         |                        |                  N/A |
+-----------------------------------------+------------------------+----------------------+
                                                                                         
+-----------------------------------------------------------------------------------------+
| Processes:                                                                              |
|  GPU   GI   CI              PID   Type   Process name                        GPU Memory |
|        ID   ID                                                               Usage      |
|=========================================================================================|
|  No running processes found                                                             |
+-----------------------------------------------------------------------------------------+
CUDA devices:
CUDA_VISIBLE_DEVICES: 0,1
Using device: cuda
[2025-06-08 22:07:05,130][root][INFO] - model:
  _target_: models.ffno.FFNO2D
  in_channels: 3
  out_channels: 3
  width: 32
  factor: 4
  n_modes: 16
  n_layers: 4
  dropout: 0.0
  mode: full
  ff_weight_norm: true
  n_ff_layers: 2
  layer_norm: true
dataset:
  reduced_batch: 1
  reduced_resolution: 1
  reduced_resolution_t: 1
  window_size: 15
  original_res: 512
  multi_res:
  - 4
  - 8
  train_mres: true
  pde: navier_stokes_0
  data_path1: data/pdebench/ns_incom_inhom_2d_512-100.hdf5
training:
  batch_size: 32
  epochs: 150
  learning_rate: 0.001
  use_normalizer: false
project_name: ${dataset.pde}_${hydra:runtime.choices.model}
checkpoint_dir: checkpoints

Project name: navier_stokes_0_ffno_2d/ns_ffno_2d
Model name: models.ffno.FFNO2D
PDE Dataset: navier_stokes_0
Loading from file: /home/rvk/data/pdebench/ns_incom_inhom_2d_512-100.hdf5
Available keys: ['force', 'particles', 't', 'velocity']
Velocity data shape: (4, 1000, 512, 512, 2)
Particles data shape: (4, 1000, 512, 512, 1)
Combined data shape: (4, 1000, 512, 512, 3)
x shape: torch.Size([3992, 3, 512, 512])
y shape: torch.Size([3992, 3, 512, 512])
---------Using data normalizer---------------
Train dataset size: 3193
Validation dataset size: 399
Test dataset size: 400
<class 'torch.Tensor'> -0.0007324506877921522 -0.0005797155317850411 0.9914377927780151 0.9917741417884827
Sample Input shape: torch.Size([32, 3, 512, 512])
Sample Output shape: torch.Size([32, 3, 512, 512])
FFNO2D(
  (in_proj): WNLinear(in_features=5, out_features=32, bias=True)
  (fourier_layers): ModuleList(
    (0-3): 4 x FSpectralConv2d(
      (fourier_weight): ParameterList(
          (0): Parameter containing: [torch.float32 of size 32x32x16x2 (cuda:0)]
          (1): Parameter containing: [torch.float32 of size 32x32x16x2 (cuda:0)]
      )
      (backcast_ff): FeedForward(
        (layers): ModuleList(
          (0): Sequential(
            (0): Linear(in_features=32, out_features=128, bias=True)
            (1): Dropout(p=0.0, inplace=False)
            (2): GELU(approximate='none')
            (3): Identity()
          )
          (1): Sequential(
            (0): Linear(in_features=128, out_features=32, bias=True)
            (1): Dropout(p=0.0, inplace=False)
            (2): Identity()
            (3): LayerNorm((32,), eps=1e-05, elementwise_affine=True)
          )
        )
      )
    )
  )
  (out_proj): WNLinear(in_features=32, out_features=3, bias=True)
)
Epoch 0, Train Loss: 0.21048947, Val Loss: 0.08180109
Epoch 10, Train Loss: 0.03900715, Val Loss: 0.03283280
Epoch 20, Train Loss: 0.03449950, Val Loss: 0.03496651
Epoch 30, Train Loss: 0.03386463, Val Loss: 0.02905761
Epoch 40, Train Loss: 0.03061945, Val Loss: 0.03185411
Epoch 50, Train Loss: 0.02894274, Val Loss: 0.02794229
Epoch 60, Train Loss: 0.02823692, Val Loss: 0.03149679
Epoch 70, Train Loss: 0.02785999, Val Loss: 0.03003615
Epoch 80, Train Loss: 0.02669831, Val Loss: 0.02736099
Epoch 90, Train Loss: 0.02696695, Val Loss: 0.02681994
Epoch 100, Train Loss: 0.02701492, Val Loss: 0.02711581
Epoch 110, Train Loss: 0.02631168, Val Loss: 0.02565446
Epoch 120, Train Loss: 0.02677230, Val Loss: 0.02499842
Epoch 130, Train Loss: 0.02616873, Val Loss: 0.02670442
Epoch 140, Train Loss: 0.02550453, Val Loss: 0.02739329
Test L2 Loss: 0.006232
Model saved to checkpoints/ffno2d/navier_stokes_0_5041530.pt
Original test data shape: x=torch.Size([400, 3, 512, 512]), y=torch.Size([400, 3, 512, 512])

Evaluating at resolution factor: 1
Resolution factor 1 - Relative L2 Loss: 0.006169

Evaluating at resolution factor: 2
Downsampled shapes: x=torch.Size([400, 3, 256, 256]), y=torch.Size([400, 3, 256, 256])
Resolution factor 2 - Relative L2 Loss: 0.022817

Evaluating at resolution factor: 4
Downsampled shapes: x=torch.Size([400, 3, 128, 128]), y=torch.Size([400, 3, 128, 128])
Resolution factor 4 - Relative L2 Loss: 0.027003

Evaluating at resolution factor: 8
Downsampled shapes: x=torch.Size([400, 3, 64, 64]), y=torch.Size([400, 3, 64, 64])
Resolution factor 8 - Relative L2 Loss: 0.034804

Evaluating at resolution factor: 16
Downsampled shapes: x=torch.Size([400, 3, 32, 32]), y=torch.Size([400, 3, 32, 32])
Resolution factor 16 - Relative L2 Loss: 0.048258

Evaluating at resolution factor: 32
Downsampled shapes: x=torch.Size([400, 3, 16, 16]), y=torch.Size([400, 3, 16, 16])
Skipping Resolution factor 32 because not enough modes
Loading from file: /home/rvk/data/pdebench/ns_incom_inhom_2d_512-100.hdf5
Available keys: ['force', 'particles', 't', 'velocity']
Velocity data shape: (4, 1000, 512, 512, 2)
Particles data shape: (4, 1000, 512, 512, 1)
Combined data shape: (4, 1000, 512, 512, 3)
x shape: torch.Size([3992, 3, 512, 512])
y shape: torch.Size([3992, 3, 512, 512])
---------Using data normalizer---------------
Train dataset size: 3193
Validation dataset size: 399
Test dataset size: 400
Original test data shape: x=torch.Size([400, 3, 512, 512]), y=torch.Size([400, 3, 512, 512])
Testing resolutions: []

Summary of Super-Resolution Evaluation:
Resolution factor 1: Relative L2 Loss = 0.006169
Resolution factor 2: Relative L2 Loss = 0.022817
Resolution factor 4: Relative L2 Loss = 0.027003
Resolution factor 8: Relative L2 Loss = 0.034804
Resolution factor 16: Relative L2 Loss = 0.048258

Summary of Higher-Resolution Evaluation:
[1;34mwandb[0m: 
[1;34mwandb[0m: 🚀 View run [33mcomfy-sound-16[0m at: [34mhttps://wandb.ai/rohanvk-carnegie-mellon-university/ffno2d/runs/fuwj9v47[0m
[1;34mwandb[0m: Find logs at: [1;35mwandb/run-20250608_220822-fuwj9v47/logs[0m
Job completed at Sun Jun  8 22:48:17 EDT 2025
