Job started on babel-8-13 at Wed Aug 13 22:28:58 EDT 2025
Job ID: 5321280
GPU information:
Wed Aug 13 22:28:58 2025       
+-----------------------------------------------------------------------------------------+
| NVIDIA-SMI 575.51.03              Driver Version: 575.51.03      CUDA Version: 12.9     |
|-----------------------------------------+------------------------+----------------------+
| GPU  Name                 Persistence-M | Bus-Id          Disp.A | Volatile Uncorr. ECC |
| Fan  Temp   Perf          Pwr:Usage/Cap |           Memory-Usage | GPU-Util  Compute M. |
|                                         |                        |               MIG M. |
|=========================================+========================+======================|
|   0  NVIDIA L40S                    On  |   00000000:D1:00.0 Off |                    0 |
| N/A   22C    P8             31W /  350W |       0MiB /  46068MiB |      0%      Default |
|                                         |                        |                  N/A |
+-----------------------------------------+------------------------+----------------------+
|   1  NVIDIA L40S                    On  |   00000000:D6:00.0 Off |                    0 |
| N/A   23C    P8             45W /  350W |       0MiB /  46068MiB |      0%      Default |
|                                         |                        |                  N/A |
+-----------------------------------------+------------------------+----------------------+
                                                                                         
+-----------------------------------------------------------------------------------------+
| Processes:                                                                              |
|  GPU   GI   CI              PID   Type   Process name                        GPU Memory |
|        ID   ID                                                               Usage      |
|=========================================================================================|
|  No running processes found                                                             |
+-----------------------------------------------------------------------------------------+
CUDA devices:
CUDA_VISIBLE_DEVICES: 0,1
/home/rvk
Using device: cuda
[2025-08-13 22:29:06,651][root][INFO] - model:
  _target_: models.ffno.FFNO1D
  in_channels: 1
  out_channels: 1
  factor: 4
  n_modes: 16
  width: 128
  n_layers: 4
  ff_weight_norm: true
  n_ff_layers: 3
  layer_norm: true
  dropout: 0.1
  mode: full
  activation: gelu
  use_grid: true
dataset:
  dataset_params:
    _target_: dataloaders.ks_pino_markov.ks_pino_markov_dataset
    filename: T=20,niu=0.01,N=1024,dt=0.001,6pi,dtsave=0.1,sample=600_ut.pt
    saved_folder: /data/user_data/rvk/pino/ks/
    reduced_batch: 1
    reduced_resolution: 1
    reduced_resolution_t: 1
    s: 512
    data_normalizer: true
    num_samples_max: -1
  window_size: 15
  original_res: 1024
  max_test_resolution: 1024
  multi_res:
  - 1
  - 16
  train_mres: false
  pde: ks
training:
  batch_size: 64
  epochs: 100
  learning_rate: 0.001
  use_normalizer: false
project_name: ${dataset.pde}_${hydra:runtime.choices.model}
checkpoint_dir: checkpoints

Project name: ks_ffno_1d/ffno_1d
Model name: models.ffno.FFNO1D
PDE Dataset: ks
---------------------
Loading from file: /data/user_data/rvk/pino/ks/T=20,niu=0.01,N=1024,dt=0.001,6pi,dtsave=0.1,sample=600_ut.pt
Original data shape: (600, 201, 1024)
Original grid shape: torch.Size([1024, 1])
Data shape after batch/time reduction: (600, 201, 1024)
Current Spatial Size: 1024
Resizing from 1024 to 512
Downsampling using FFT-based downsample_1d function
Data shape after resizing: (600, 201, 512)
Updated grid shape: torch.Size([512, 1])
x shape: (120000, 1, 512)
y shape: (120000, 1, 512)
grid shape: torch.Size([512, 1])
Time step between input-output pairs: dt_save from your simulation
Dataset splits - Train: 96000, Val: 12000, Test: 12000
---------Computing min-max normalization statistics---------------
Input data range: [-36.310986, 37.958019]
Output data range: [-36.310986, 37.958019]
Train dataset size: 96000
Validation dataset size: 12000
Test dataset size: 12000
<dataloaders.ks_pino_markov.ks_pino_markov_dataset.<locals>.MinMaxNormalizedDataset object at 0x14fb3668a490>
<class 'torch.Tensor'> 0.4889117479324341 0.4889117181301117 0.17611132562160492 0.17595793306827545
FFNO1D(
  (in_proj): WNLinear(in_features=1, out_features=128, bias=True)
  (fourier_layers): ModuleList(
    (0-3): 4 x FSpectralConv1d(
      (fourier_weight): ParameterList(  (0): Parameter containing: [torch.float32 of size 128x128x16x2 (cuda:0)])
      (backcast_ff): FeedForward(
        (layers): ModuleList(
          (0): Sequential(
            (0): Linear(in_features=128, out_features=512, bias=True)
            (1): Dropout(p=0.1, inplace=False)
            (2): GELU(approximate='none')
            (3): Identity()
          )
          (1): Sequential(
            (0): Linear(in_features=512, out_features=512, bias=True)
            (1): Dropout(p=0.1, inplace=False)
            (2): GELU(approximate='none')
            (3): Identity()
          )
          (2): Sequential(
            (0): Linear(in_features=512, out_features=128, bias=True)
            (1): Dropout(p=0.1, inplace=False)
            (2): Identity()
            (3): LayerNorm((128,), eps=1e-05, elementwise_affine=True)
          )
        )
      )
    )
  )
  (out_proj): WNLinear(in_features=128, out_features=1, bias=True)
)
Total Model Parameters: 3.68M
Trainable Parameters: 3.68M
Epoch 0, Train Loss: 0.35333899, Val Loss: 0.32372294
Epoch 10, Train Loss: 0.30426589, Val Loss: 0.30749441
Epoch 20, Train Loss: 0.28264288, Val Loss: 0.31896985
Epoch 30, Train Loss: 0.25760012, Val Loss: 0.33393600
Epoch 40, Train Loss: 0.23996248, Val Loss: 0.34707393
Epoch 50, Train Loss: 0.22659632, Val Loss: 0.35390430
Epoch 60, Train Loss: 0.21594937, Val Loss: 0.36067621
Epoch 70, Train Loss: 0.20797468, Val Loss: 0.36376949
Epoch 80, Train Loss: 0.20223365, Val Loss: 0.36725312
Epoch 90, Train Loss: 0.19898514, Val Loss: 0.36899520
Test L2 Loss: 1.091578
Model saved to checkpoints/ffno1d/ks_5321280.pt
Created/verified figures directory: figures/5321280
Evaluating KS model at multiple resolutions
Using provided normalization statistics from training resolution 512:
  Input range: [-36.310986, 37.958019]
  Output range: [-36.310986, 37.958019]
Testing resolutions: [32, 64, 128, 256, 512, 1024]
Loading from file: /data/user_data/rvk/pino/ks/T=20,niu=0.01,N=1024,dt=0.001,6pi,dtsave=0.1,sample=600_ut.pt
Original data shape: (600, 201, 1024)
Original grid shape: torch.Size([1024, 1])
Data shape after batch/time reduction: (600, 201, 1024)
Current Spatial Size: 1024
Resizing from 1024 to 32
Downsampling using FFT-based downsample_1d function
Data shape after resizing: (600, 201, 32)
Updated grid shape: torch.Size([32, 1])
x shape: (120000, 1, 32)
y shape: (120000, 1, 32)
grid shape: torch.Size([32, 1])
Time step between input-output pairs: dt_save from your simulation
Dataset splits - Train: 96000, Val: 12000, Test: 12000
Train dataset size: 96000
Validation dataset size: 12000
Test dataset size: 12000
Selected random indices for plotting: [56, 11279, 8779, 2832, 1912, 708, 8596, 8552, 6741, 3427]
Collected 10 examples for resolution 32
Resolution 32 - Relative L2 Loss: 1.020821
Memory cleaned after resolution 32
Loading from file: /data/user_data/rvk/pino/ks/T=20,niu=0.01,N=1024,dt=0.001,6pi,dtsave=0.1,sample=600_ut.pt
Original data shape: (600, 201, 1024)
Original grid shape: torch.Size([1024, 1])
Data shape after batch/time reduction: (600, 201, 1024)
Current Spatial Size: 1024
Resizing from 1024 to 64
Downsampling using FFT-based downsample_1d function
Data shape after resizing: (600, 201, 64)
Updated grid shape: torch.Size([64, 1])
x shape: (120000, 1, 64)
y shape: (120000, 1, 64)
grid shape: torch.Size([64, 1])
Time step between input-output pairs: dt_save from your simulation
Dataset splits - Train: 96000, Val: 12000, Test: 12000
Train dataset size: 96000
Validation dataset size: 12000
Test dataset size: 12000
Collected 10 examples for resolution 64
Resolution 64 - Relative L2 Loss: 1.081736
Memory cleaned after resolution 64
Loading from file: /data/user_data/rvk/pino/ks/T=20,niu=0.01,N=1024,dt=0.001,6pi,dtsave=0.1,sample=600_ut.pt
Original data shape: (600, 201, 1024)
Original grid shape: torch.Size([1024, 1])
Data shape after batch/time reduction: (600, 201, 1024)
Current Spatial Size: 1024
Resizing from 1024 to 128
Downsampling using FFT-based downsample_1d function
Data shape after resizing: (600, 201, 128)
Updated grid shape: torch.Size([128, 1])
x shape: (120000, 1, 128)
y shape: (120000, 1, 128)
grid shape: torch.Size([128, 1])
Time step between input-output pairs: dt_save from your simulation
Dataset splits - Train: 96000, Val: 12000, Test: 12000
Train dataset size: 96000
Validation dataset size: 12000
Test dataset size: 12000
Collected 10 examples for resolution 128
Resolution 128 - Relative L2 Loss: 1.090796
Memory cleaned after resolution 128
Loading from file: /data/user_data/rvk/pino/ks/T=20,niu=0.01,N=1024,dt=0.001,6pi,dtsave=0.1,sample=600_ut.pt
Original data shape: (600, 201, 1024)
Original grid shape: torch.Size([1024, 1])
Data shape after batch/time reduction: (600, 201, 1024)
Current Spatial Size: 1024
Resizing from 1024 to 256
Downsampling using FFT-based downsample_1d function
Data shape after resizing: (600, 201, 256)
Updated grid shape: torch.Size([256, 1])
x shape: (120000, 1, 256)
y shape: (120000, 1, 256)
grid shape: torch.Size([256, 1])
Time step between input-output pairs: dt_save from your simulation
Dataset splits - Train: 96000, Val: 12000, Test: 12000
Train dataset size: 96000
Validation dataset size: 12000
Test dataset size: 12000
Collected 10 examples for resolution 256
Resolution 256 - Relative L2 Loss: 1.091537
Memory cleaned after resolution 256
Loading from file: /data/user_data/rvk/pino/ks/T=20,niu=0.01,N=1024,dt=0.001,6pi,dtsave=0.1,sample=600_ut.pt
Original data shape: (600, 201, 1024)
Original grid shape: torch.Size([1024, 1])
Data shape after batch/time reduction: (600, 201, 1024)
Current Spatial Size: 1024
Resizing from 1024 to 512
Downsampling using FFT-based downsample_1d function
Data shape after resizing: (600, 201, 512)
Updated grid shape: torch.Size([512, 1])
x shape: (120000, 1, 512)
y shape: (120000, 1, 512)
grid shape: torch.Size([512, 1])
Time step between input-output pairs: dt_save from your simulation
Dataset splits - Train: 96000, Val: 12000, Test: 12000
Train dataset size: 96000
Validation dataset size: 12000
Test dataset size: 12000
Collected 10 examples for resolution 512
Resolution 512 - Relative L2 Loss: 1.091578
Memory cleaned after resolution 512
Loading from file: /data/user_data/rvk/pino/ks/T=20,niu=0.01,N=1024,dt=0.001,6pi,dtsave=0.1,sample=600_ut.pt
Original data shape: (600, 201, 1024)
Original grid shape: torch.Size([1024, 1])
Data shape after batch/time reduction: (600, 201, 1024)
Current Spatial Size: 1024
x shape: (120000, 1, 1024)
y shape: (120000, 1, 1024)
grid shape: torch.Size([1024, 1])
Time step between input-output pairs: dt_save from your simulation
Dataset splits - Train: 96000, Val: 12000, Test: 12000
Train dataset size: 96000
Validation dataset size: 12000
Test dataset size: 12000
Collected 10 examples for resolution 1024
Resolution 1024 - Relative L2 Loss: 1.091578
Memory cleaned after resolution 1024
Creating prediction vs target plots...
Saved prediction plot: figures/5321280/prediction_plots/ks_predictions_vs_targets_10_examples.png
Saved numerical results: figures/5321280/ks_1d_evaluation_results_20250813_233520.csv
Saved summary: figures/5321280/ks_1d_evaluation_summary_20250813_233520.txt

==================================================
KS EVALUATION SUMMARY
==================================================
Resolution  32: 1.020821
Resolution  64: 1.081736
Resolution 128: 1.090796
Resolution 256: 1.091537
Resolution 512: 1.091578
Resolution 1024: 1.091578

Summary of Super-Resolution Evaluation:
Resolution factor 32: Relative L2 Loss = 1.020821
Resolution factor 64: Relative L2 Loss = 1.081736
Resolution factor 128: Relative L2 Loss = 1.090796
Resolution factor 256: Relative L2 Loss = 1.091537
Resolution factor 512: Relative L2 Loss = 1.091578
Resolution factor 1024: Relative L2 Loss = 1.091578

Evaluation plots saved to: figures/5321280
Wandb run: https://wandb.ai/rohanvk-carnegie-mellon-university/ffno1d/runs/2g9iar0b
Job completed at Wed Aug 13 23:35:24 EDT 2025
