Job started on babel-8-9 at Sun Aug  3 23:21:22 EDT 2025
Job ID: 5295495
GPU information:
Sun Aug  3 23:21:22 2025       
+-----------------------------------------------------------------------------------------+
| NVIDIA-SMI 575.51.03              Driver Version: 575.51.03      CUDA Version: 12.9     |
|-----------------------------------------+------------------------+----------------------+
| GPU  Name                 Persistence-M | Bus-Id          Disp.A | Volatile Uncorr. ECC |
| Fan  Temp   Perf          Pwr:Usage/Cap |           Memory-Usage | GPU-Util  Compute M. |
|                                         |                        |               MIG M. |
|=========================================+========================+======================|
|   0  NVIDIA L40S                    On  |   00000000:4F:00.0 Off |                    0 |
| N/A   35C    P8             32W /  350W |       0MiB /  46068MiB |      0%      Default |
|                                         |                        |                  N/A |
+-----------------------------------------+------------------------+----------------------+
|   1  NVIDIA L40S                    On  |   00000000:56:00.0 Off |                    0 |
| N/A   23C    P8             30W /  350W |       0MiB /  46068MiB |      0%      Default |
|                                         |                        |                  N/A |
+-----------------------------------------+------------------------+----------------------+
                                                                                         
+-----------------------------------------------------------------------------------------+
| Processes:                                                                              |
|  GPU   GI   CI              PID   Type   Process name                        GPU Memory |
|        ID   ID                                                               Usage      |
|=========================================================================================|
|  No running processes found                                                             |
+-----------------------------------------------------------------------------------------+
CUDA devices:
CUDA_VISIBLE_DEVICES: 0,1
/home/rvk
Using device: cuda
[2025-08-03 23:21:26,745][root][INFO] - model:
  _target_: models.ffno.FFNO1D
  in_channels: 1
  out_channels: 1
  factor: 4
  n_modes: 16
  width: 64
  n_layers: 8
  ff_weight_norm: true
  n_ff_layers: 2
  layer_norm: true
  dropout: 0.0
  mode: full
  activation: relu
  use_grid: false
dataset:
  dataset_params:
    _target_: dataloaders.ks.ks_markov_dataset
    filename: KS_train_2048.h5
    saved_folder: /data/user_data/rvk/ks/res_32/visc_0.1_L4.0_lmax15_et8.0_nte100_nt200
    val_filename: KS_valid.h5
    test_filename: KS_test.h5
    reduced_batch: 2
    reduced_resolution: 1
    reduced_resolution_t: 1
    s: 256
    data_normalizer: true
    num_samples_max: -1
  window_size: 15
  original_res: 32
  multi_res:
  - 1
  - 16
  train_mres: false
  pde: ks
training:
  batch_size: 64
  epochs: 100
  learning_rate: 0.001
  use_normalizer: false
project_name: ${dataset.pde}_${hydra:runtime.choices.model}
checkpoint_dir: checkpoints

Project name: ks_ffno_1d/ffno_1d
Model name: models.ffno.FFNO1D
PDE Dataset: ks
---------------------
Loading from file: /data/user_data/rvk/ks/res_32/visc_0.1_L4.0_lmax15_et8.0_nte100_nt200/KS_train_2048.h5
Available data keys in 'train': ['dt', 'dx', 'pde_100-32', 't', 'x']
PDE data shape: (2048, 100, 32)
Time data shape: (2048, 100)
Spatial coordinates shape: (32,)
dx shape: (2048,)
dt shape: (2048,)
Final data shape: (1024, 100, 32)
Current Spatial Size: 32
Resizing from 32 to 256
Upsampling using FFT-based resize_1d function
Data shape after resizing: (1024, 100, 256)
Updated spatial coordinates shape: (256,)
x shape: torch.Size([101376, 1, 256])
y shape: torch.Size([101376, 1, 256])
spatial coordinates shape: (256,)
Loading from file: /data/user_data/rvk/ks/res_32/visc_0.1_L4.0_lmax15_et8.0_nte100_nt200/KS_valid.h5
Available data keys in 'valid': ['dt', 'dx', 'pde_100-32', 't', 'x']
PDE data shape: (256, 100, 32)
Time data shape: (256, 100)
Spatial coordinates shape: (32,)
dx shape: (256,)
dt shape: (256,)
Final data shape: (128, 100, 32)
Current Spatial Size: 32
Resizing from 32 to 256
Upsampling using FFT-based resize_1d function
Data shape after resizing: (128, 100, 256)
Updated spatial coordinates shape: (256,)
x shape: torch.Size([12672, 1, 256])
y shape: torch.Size([12672, 1, 256])
spatial coordinates shape: (256,)
Loading from file: /data/user_data/rvk/ks/res_32/visc_0.1_L4.0_lmax15_et8.0_nte100_nt200/KS_test.h5
Available data keys in 'test': ['dt', 'dx', 'pde_100-32', 't', 'x']
PDE data shape: (256, 100, 32)
Time data shape: (256, 100)
Spatial coordinates shape: (32,)
dx shape: (256,)
dt shape: (256,)
Final data shape: (128, 100, 32)
Current Spatial Size: 32
Resizing from 32 to 256
Upsampling using FFT-based resize_1d function
Data shape after resizing: (128, 100, 256)
Updated spatial coordinates shape: (256,)
x shape: torch.Size([12672, 1, 256])
y shape: torch.Size([12672, 1, 256])
spatial coordinates shape: (256,)
---------Computing min-max normalization statistics---------------
Input data range: [-8.100426, 8.100276]
Output data range: [-8.100426, 8.100276]
Train dataset size: 101376
Validation dataset size: 12672
Test dataset size: 12672
<dataloaders.ks.ks_markov_dataset.<locals>.MinMaxNormalizedDataset object at 0x14bdef17fd90>
<class 'torch.Tensor'> 0.5000045299530029 0.5000045895576477 0.18807795643806458 0.18881015479564667
FFNO1D(
  (in_proj): WNLinear(in_features=1, out_features=64, bias=True)
  (fourier_layers): ModuleList(
    (0-7): 8 x FSpectralConv1d(
      (fourier_weight): ParameterList(  (0): Parameter containing: [torch.float32 of size 64x64x16x2 (cuda:0)])
      (backcast_ff): FeedForward(
        (layers): ModuleList(
          (0): Sequential(
            (0): Linear(in_features=64, out_features=256, bias=True)
            (1): Dropout(p=0.0, inplace=False)
            (2): GELU(approximate='none')
            (3): Identity()
          )
          (1): Sequential(
            (0): Linear(in_features=256, out_features=64, bias=True)
            (1): Dropout(p=0.0, inplace=False)
            (2): Identity()
            (3): LayerNorm((64,), eps=1e-05, elementwise_affine=True)
          )
        )
      )
    )
  )
  (out_proj): WNLinear(in_features=64, out_features=1, bias=True)
)
Total Model Parameters: 1.31M
Trainable Parameters: 1.31M
Epoch 0, Train Loss: 0.10520122, Val Loss: 0.04023417
Epoch 10, Train Loss: 0.00475840, Val Loss: 0.00395075
Epoch 20, Train Loss: 0.00230386, Val Loss: 0.00238904
Epoch 30, Train Loss: 0.00091475, Val Loss: 0.00099288
Epoch 40, Train Loss: 0.00087481, Val Loss: 0.00088433
Epoch 50, Train Loss: 0.00039692, Val Loss: 0.00046093
Epoch 60, Train Loss: 0.00040108, Val Loss: 0.00023779
Epoch 70, Train Loss: 0.00038537, Val Loss: 0.00037111
Epoch 80, Train Loss: 0.00019452, Val Loss: 0.00016618
Epoch 90, Train Loss: 0.00019788, Val Loss: 0.00017847
Test L2 Loss: 0.005233
Model saved to checkpoints/ffno1d/ks_5295495.pt
Created/verified figures directory: figures/5295495
Evaluating KS model at multiple resolutions
Using provided normalization statistics from training resolution 256:
  Input range: [-8.100426, 8.100276]
  Output range: [-8.100426, 8.100276]
Testing resolutions: [32, 64, 128, 256, 512]
Loading from file: /data/user_data/rvk/ks/res_32/visc_0.1_L4.0_lmax15_et8.0_nte100_nt200/KS_train_2048.h5
Available data keys in 'train': ['dt', 'dx', 'pde_100-32', 't', 'x']
PDE data shape: (2048, 100, 32)
Time data shape: (2048, 100)
Spatial coordinates shape: (32,)
dx shape: (2048,)
dt shape: (2048,)
Final data shape: (1024, 100, 32)
Current Spatial Size: 32
x shape: torch.Size([101376, 1, 32])
y shape: torch.Size([101376, 1, 32])
spatial coordinates shape: (32,)
Loading from file: /data/user_data/rvk/ks/res_32/visc_0.1_L4.0_lmax15_et8.0_nte100_nt200/KS_valid.h5
Available data keys in 'valid': ['dt', 'dx', 'pde_100-32', 't', 'x']
PDE data shape: (256, 100, 32)
Time data shape: (256, 100)
Spatial coordinates shape: (32,)
dx shape: (256,)
dt shape: (256,)
Final data shape: (128, 100, 32)
Current Spatial Size: 32
x shape: torch.Size([12672, 1, 32])
y shape: torch.Size([12672, 1, 32])
spatial coordinates shape: (32,)
Loading from file: /data/user_data/rvk/ks/res_32/visc_0.1_L4.0_lmax15_et8.0_nte100_nt200/KS_test.h5
Available data keys in 'test': ['dt', 'dx', 'pde_100-32', 't', 'x']
PDE data shape: (256, 100, 32)
Time data shape: (256, 100)
Spatial coordinates shape: (32,)
dx shape: (256,)
dt shape: (256,)
Final data shape: (128, 100, 32)
Current Spatial Size: 32
x shape: torch.Size([12672, 1, 32])
y shape: torch.Size([12672, 1, 32])
spatial coordinates shape: (32,)
Train dataset size: 101376
Validation dataset size: 12672
Test dataset size: 12672
Selected random indices for plotting: [9583, 11376, 2790, 792, 5037, 2865, 8404, 9882, 7441, 2889]
Collected 10 examples for resolution 32
Resolution 32 - Relative L2 Loss: 0.005229
Memory cleaned after resolution 32
Loading from file: /data/user_data/rvk/ks/res_32/visc_0.1_L4.0_lmax15_et8.0_nte100_nt200/KS_train_2048.h5
Available data keys in 'train': ['dt', 'dx', 'pde_100-32', 't', 'x']
PDE data shape: (2048, 100, 32)
Time data shape: (2048, 100)
Spatial coordinates shape: (32,)
dx shape: (2048,)
dt shape: (2048,)
Final data shape: (1024, 100, 32)
Current Spatial Size: 32
Resizing from 32 to 64
Upsampling using FFT-based resize_1d function
Data shape after resizing: (1024, 100, 64)
Updated spatial coordinates shape: (64,)
x shape: torch.Size([101376, 1, 64])
y shape: torch.Size([101376, 1, 64])
spatial coordinates shape: (64,)
Loading from file: /data/user_data/rvk/ks/res_32/visc_0.1_L4.0_lmax15_et8.0_nte100_nt200/KS_valid.h5
Available data keys in 'valid': ['dt', 'dx', 'pde_100-32', 't', 'x']
PDE data shape: (256, 100, 32)
Time data shape: (256, 100)
Spatial coordinates shape: (32,)
dx shape: (256,)
dt shape: (256,)
Final data shape: (128, 100, 32)
Current Spatial Size: 32
Resizing from 32 to 64
Upsampling using FFT-based resize_1d function
Data shape after resizing: (128, 100, 64)
Updated spatial coordinates shape: (64,)
x shape: torch.Size([12672, 1, 64])
y shape: torch.Size([12672, 1, 64])
spatial coordinates shape: (64,)
Loading from file: /data/user_data/rvk/ks/res_32/visc_0.1_L4.0_lmax15_et8.0_nte100_nt200/KS_test.h5
Available data keys in 'test': ['dt', 'dx', 'pde_100-32', 't', 'x']
PDE data shape: (256, 100, 32)
Time data shape: (256, 100)
Spatial coordinates shape: (32,)
dx shape: (256,)
dt shape: (256,)
Final data shape: (128, 100, 32)
Current Spatial Size: 32
Resizing from 32 to 64
Upsampling using FFT-based resize_1d function
Data shape after resizing: (128, 100, 64)
Updated spatial coordinates shape: (64,)
x shape: torch.Size([12672, 1, 64])
y shape: torch.Size([12672, 1, 64])
spatial coordinates shape: (64,)
Train dataset size: 101376
Validation dataset size: 12672
Test dataset size: 12672
Collected 10 examples for resolution 64
Resolution 64 - Relative L2 Loss: 0.005231
Memory cleaned after resolution 64
Loading from file: /data/user_data/rvk/ks/res_32/visc_0.1_L4.0_lmax15_et8.0_nte100_nt200/KS_train_2048.h5
Available data keys in 'train': ['dt', 'dx', 'pde_100-32', 't', 'x']
PDE data shape: (2048, 100, 32)
Time data shape: (2048, 100)
Spatial coordinates shape: (32,)
dx shape: (2048,)
dt shape: (2048,)
Final data shape: (1024, 100, 32)
Current Spatial Size: 32
Resizing from 32 to 128
Upsampling using FFT-based resize_1d function
Data shape after resizing: (1024, 100, 128)
Updated spatial coordinates shape: (128,)
x shape: torch.Size([101376, 1, 128])
y shape: torch.Size([101376, 1, 128])
spatial coordinates shape: (128,)
Loading from file: /data/user_data/rvk/ks/res_32/visc_0.1_L4.0_lmax15_et8.0_nte100_nt200/KS_valid.h5
Available data keys in 'valid': ['dt', 'dx', 'pde_100-32', 't', 'x']
PDE data shape: (256, 100, 32)
Time data shape: (256, 100)
Spatial coordinates shape: (32,)
dx shape: (256,)
dt shape: (256,)
Final data shape: (128, 100, 32)
Current Spatial Size: 32
Resizing from 32 to 128
Upsampling using FFT-based resize_1d function
Data shape after resizing: (128, 100, 128)
Updated spatial coordinates shape: (128,)
x shape: torch.Size([12672, 1, 128])
y shape: torch.Size([12672, 1, 128])
spatial coordinates shape: (128,)
Loading from file: /data/user_data/rvk/ks/res_32/visc_0.1_L4.0_lmax15_et8.0_nte100_nt200/KS_test.h5
Available data keys in 'test': ['dt', 'dx', 'pde_100-32', 't', 'x']
PDE data shape: (256, 100, 32)
Time data shape: (256, 100)
Spatial coordinates shape: (32,)
dx shape: (256,)
dt shape: (256,)
Final data shape: (128, 100, 32)
Current Spatial Size: 32
Resizing from 32 to 128
Upsampling using FFT-based resize_1d function
Data shape after resizing: (128, 100, 128)
Updated spatial coordinates shape: (128,)
x shape: torch.Size([12672, 1, 128])
y shape: torch.Size([12672, 1, 128])
spatial coordinates shape: (128,)
Train dataset size: 101376
Validation dataset size: 12672
Test dataset size: 12672
Collected 10 examples for resolution 128
Resolution 128 - Relative L2 Loss: 0.005232
Memory cleaned after resolution 128
Loading from file: /data/user_data/rvk/ks/res_32/visc_0.1_L4.0_lmax15_et8.0_nte100_nt200/KS_train_2048.h5
Available data keys in 'train': ['dt', 'dx', 'pde_100-32', 't', 'x']
PDE data shape: (2048, 100, 32)
Time data shape: (2048, 100)
Spatial coordinates shape: (32,)
dx shape: (2048,)
dt shape: (2048,)
Final data shape: (1024, 100, 32)
Current Spatial Size: 32
Resizing from 32 to 256
Upsampling using FFT-based resize_1d function
Data shape after resizing: (1024, 100, 256)
Updated spatial coordinates shape: (256,)
x shape: torch.Size([101376, 1, 256])
y shape: torch.Size([101376, 1, 256])
spatial coordinates shape: (256,)
Loading from file: /data/user_data/rvk/ks/res_32/visc_0.1_L4.0_lmax15_et8.0_nte100_nt200/KS_valid.h5
Available data keys in 'valid': ['dt', 'dx', 'pde_100-32', 't', 'x']
PDE data shape: (256, 100, 32)
Time data shape: (256, 100)
Spatial coordinates shape: (32,)
dx shape: (256,)
dt shape: (256,)
Final data shape: (128, 100, 32)
Current Spatial Size: 32
Resizing from 32 to 256
Upsampling using FFT-based resize_1d function
Data shape after resizing: (128, 100, 256)
Updated spatial coordinates shape: (256,)
x shape: torch.Size([12672, 1, 256])
y shape: torch.Size([12672, 1, 256])
spatial coordinates shape: (256,)
Loading from file: /data/user_data/rvk/ks/res_32/visc_0.1_L4.0_lmax15_et8.0_nte100_nt200/KS_test.h5
Available data keys in 'test': ['dt', 'dx', 'pde_100-32', 't', 'x']
PDE data shape: (256, 100, 32)
Time data shape: (256, 100)
Spatial coordinates shape: (32,)
dx shape: (256,)
dt shape: (256,)
Final data shape: (128, 100, 32)
Current Spatial Size: 32
Resizing from 32 to 256
Upsampling using FFT-based resize_1d function
Data shape after resizing: (128, 100, 256)
Updated spatial coordinates shape: (256,)
x shape: torch.Size([12672, 1, 256])
y shape: torch.Size([12672, 1, 256])
spatial coordinates shape: (256,)
Train dataset size: 101376
Validation dataset size: 12672
Test dataset size: 12672
Collected 10 examples for resolution 256
Resolution 256 - Relative L2 Loss: 0.005234
Memory cleaned after resolution 256
Loading from file: /data/user_data/rvk/ks/res_32/visc_0.1_L4.0_lmax15_et8.0_nte100_nt200/KS_train_2048.h5
Available data keys in 'train': ['dt', 'dx', 'pde_100-32', 't', 'x']
PDE data shape: (2048, 100, 32)
Time data shape: (2048, 100)
Spatial coordinates shape: (32,)
dx shape: (2048,)
dt shape: (2048,)
Final data shape: (1024, 100, 32)
Current Spatial Size: 32
Resizing from 32 to 512
Upsampling using FFT-based resize_1d function
Data shape after resizing: (1024, 100, 512)
Updated spatial coordinates shape: (512,)
x shape: torch.Size([101376, 1, 512])
y shape: torch.Size([101376, 1, 512])
spatial coordinates shape: (512,)
Loading from file: /data/user_data/rvk/ks/res_32/visc_0.1_L4.0_lmax15_et8.0_nte100_nt200/KS_valid.h5
Available data keys in 'valid': ['dt', 'dx', 'pde_100-32', 't', 'x']
PDE data shape: (256, 100, 32)
Time data shape: (256, 100)
Spatial coordinates shape: (32,)
dx shape: (256,)
dt shape: (256,)
Final data shape: (128, 100, 32)
Current Spatial Size: 32
Resizing from 32 to 512
Upsampling using FFT-based resize_1d function
Data shape after resizing: (128, 100, 512)
Updated spatial coordinates shape: (512,)
x shape: torch.Size([12672, 1, 512])
y shape: torch.Size([12672, 1, 512])
spatial coordinates shape: (512,)
Loading from file: /data/user_data/rvk/ks/res_32/visc_0.1_L4.0_lmax15_et8.0_nte100_nt200/KS_test.h5
Available data keys in 'test': ['dt', 'dx', 'pde_100-32', 't', 'x']
PDE data shape: (256, 100, 32)
Time data shape: (256, 100)
Spatial coordinates shape: (32,)
dx shape: (256,)
dt shape: (256,)
Final data shape: (128, 100, 32)
Current Spatial Size: 32
Resizing from 32 to 512
Upsampling using FFT-based resize_1d function
Data shape after resizing: (128, 100, 512)
Updated spatial coordinates shape: (512,)
x shape: torch.Size([12672, 1, 512])
y shape: torch.Size([12672, 1, 512])
spatial coordinates shape: (512,)
Train dataset size: 101376
Validation dataset size: 12672
Test dataset size: 12672
Collected 10 examples for resolution 512
Resolution 512 - Relative L2 Loss: 0.005234
Memory cleaned after resolution 512
Creating prediction vs target plots...
Saved prediction plot: figures/5295495/prediction_plots/ks_predictions_vs_targets_10_examples.png
Saved numerical results: figures/5295495/ks_1d_evaluation_results_20250803_235828.csv
Saved summary: figures/5295495/ks_1d_evaluation_summary_20250803_235828.txt

==================================================
KS EVALUATION SUMMARY
==================================================
Resolution  32: 0.005229
Resolution  64: 0.005231
Resolution 128: 0.005232
Resolution 256: 0.005234
Resolution 512: 0.005234

Summary of Super-Resolution Evaluation:
Resolution factor 32: Relative L2 Loss = 0.005229
Resolution factor 64: Relative L2 Loss = 0.005231
Resolution factor 128: Relative L2 Loss = 0.005232
Resolution factor 256: Relative L2 Loss = 0.005234
Resolution factor 512: Relative L2 Loss = 0.005234

Evaluation plots saved to: figures/5295495
Wandb run: https://wandb.ai/rohanvk-carnegie-mellon-university/ffno1d/runs/a8qzbfap
Job completed at Sun Aug  3 23:58:32 EDT 2025
