Job started on babel-4-5 at Mon May 12 17:34:03 EDT 2025
Job ID: 4860537
Using device: cuda
[2025-05-12 17:34:06,355][root][INFO] - model:
  _target_: models.ffno.FFNO2D
  in_channels: 3
  out_channels: 3
  width: 32
  factor: 4
  n_modes: 16
  n_layers: 4
  dropout: 0.0
  mode: full
  ff_weight_norm: true
  n_ff_layers: 2
  layer_norm: true
dataset:
  reduced_batch: 1
  reduced_resolution: 2
  reduced_resolution_t: 4
  window_size: 15
  original_res: 512
  pde: navier_stokes_0
  data_path1: data/pdebench/ns_incom_inhom_2d_512-100.hdf5
training:
  batch_size: 16
  epochs: 100
  learning_rate: 0.001
  use_normalizer: false
project_name: ${dataset.pde}_${hydra:runtime.choices.model}
checkpoint_dir: checkpoints

Project name: navier_stokes_0_ffno_2d/ns_ffno_2d
Model name: models.ffno.FFNO2D
PDE Dataset: navier_stokes_0
Loading from file: /home/rvk/data/pdebench/ns_incom_inhom_2d_512-100.hdf5
Available keys: ['force', 'particles', 't', 'velocity']
Velocity data shape: (4, 1000, 512, 512, 2)
Particles data shape: (4, 1000, 512, 512, 1)
Combined data shape: (4, 250, 256, 256, 3)
x shape: torch.Size([992, 3, 256, 256])
y shape: torch.Size([992, 3, 256, 256])
---------Using data normalizer---------------
Train dataset size: 793
Validation dataset size: 99
Test dataset size: 100
<class 'torch.Tensor'> 0.00036908374750055373 0.00029312772676348686 0.9222449064254761 0.927173912525177
Sample Input shape: torch.Size([16, 3, 256, 256])
Sample Output shape: torch.Size([16, 3, 256, 256])
FFNO2D(
  (in_proj): WNLinear(in_features=5, out_features=32, bias=True)
  (fourier_layers): ModuleList(
    (0-3): 4 x FSpectralConv2d(
      (fourier_weight): ParameterList(
          (0): Parameter containing: [torch.float32 of size 32x32x16x2 (cuda:0)]
          (1): Parameter containing: [torch.float32 of size 32x32x16x2 (cuda:0)]
      )
      (backcast_ff): FeedForward(
        (layers): ModuleList(
          (0): Sequential(
            (0): Linear(in_features=32, out_features=128, bias=True)
            (1): Dropout(p=0.0, inplace=False)
            (2): GELU(approximate='none')
            (3): Identity()
          )
          (1): Sequential(
            (0): Linear(in_features=128, out_features=32, bias=True)
            (1): Dropout(p=0.0, inplace=False)
            (2): Identity()
            (3): LayerNorm((32,), eps=1e-05, elementwise_affine=True)
          )
        )
      )
    )
  )
  (out_proj): WNLinear(in_features=32, out_features=3, bias=True)
)
Epoch 0, Train Loss: 0.27442097, Val Loss: 0.12291633
Epoch 10, Train Loss: 0.05078592, Val Loss: 0.04711888
Epoch 20, Train Loss: 0.03888123, Val Loss: 0.03733916
Epoch 30, Train Loss: 0.03786892, Val Loss: 0.03479738
Epoch 40, Train Loss: 0.03313018, Val Loss: 0.03286537
Epoch 50, Train Loss: 0.03190404, Val Loss: 0.03103231
Epoch 60, Train Loss: 0.03092228, Val Loss: 0.03016409
Epoch 70, Train Loss: 0.03034236, Val Loss: 0.02958521
Epoch 80, Train Loss: 0.03003924, Val Loss: 0.02922982
Epoch 90, Train Loss: 0.02992910, Val Loss: 0.02907891
Test L2 Loss: 0.021117
Model saved to checkpoints/ffno2d/navier_stokes_0_4860537.pt
Original test data shape: x=torch.Size([100, 3, 256, 256]), y=torch.Size([100, 3, 256, 256])

Evaluating at resolution factor: 1
Resolution factor 1 - Relative L2 Loss: 0.020046

Evaluating at resolution factor: 2
Downsampled shapes: x=torch.Size([100, 3, 128, 128]), y=torch.Size([100, 3, 128, 128])
Resolution factor 2 - Relative L2 Loss: 0.048583

Evaluating at resolution factor: 4
Downsampled shapes: x=torch.Size([100, 3, 64, 64]), y=torch.Size([100, 3, 64, 64])
Resolution factor 4 - Relative L2 Loss: 0.063167

Evaluating at resolution factor: 8
Downsampled shapes: x=torch.Size([100, 3, 32, 32]), y=torch.Size([100, 3, 32, 32])
Resolution factor 8 - Relative L2 Loss: 0.075827

Evaluating at resolution factor: 16
Downsampled shapes: x=torch.Size([100, 3, 16, 16]), y=torch.Size([100, 3, 16, 16])
Skipping Resolution factor 16 because not enough modes

Evaluating at resolution factor: 32
Downsampled shapes: x=torch.Size([100, 3, 8, 8]), y=torch.Size([100, 3, 8, 8])
Skipping Resolution factor 32 because not enough modes
Loading from file: /home/rvk/data/pdebench/ns_incom_inhom_2d_512-100.hdf5
Available keys: ['force', 'particles', 't', 'velocity']
Velocity data shape: (4, 1000, 512, 512, 2)
Particles data shape: (4, 1000, 512, 512, 1)
Combined data shape: (4, 250, 512, 512, 3)
x shape: torch.Size([992, 3, 512, 512])
y shape: torch.Size([992, 3, 512, 512])
---------Using data normalizer---------------
Train dataset size: 793
Validation dataset size: 99
Test dataset size: 100
Original test data shape: x=torch.Size([100, 3, 512, 512]), y=torch.Size([100, 3, 512, 512])
Testing resolutions: [512]

Evaluating at resolution: 512
Downsampled shapes: x=torch.Size([100, 3, 512, 512]), y=torch.Size([100, 3, 512, 512])
Resolution 512 - Relative L2 Loss: 0.047368

Summary of Super-Resolution Evaluation:
Resolution factor 1: Relative L2 Loss = 0.020046
Resolution factor 2: Relative L2 Loss = 0.048583
Resolution factor 4: Relative L2 Loss = 0.063167
Resolution factor 8: Relative L2 Loss = 0.075827

Summary of Higher-Resolution Evaluation:
Resolution 512: Relative L2 Loss = 0.047368
[1;34mwandb[0m: 
[1;34mwandb[0m: 🚀 View run [33mleafy-lake-8[0m at: [34mhttps://wandb.ai/rohanvk-carnegie-mellon-university/ffno2d/runs/w9zgc0jz[0m
[1;34mwandb[0m: Find logs at: [1;35mwandb/run-20250512_173507-w9zgc0jz/logs[0m
Job completed at Mon May 12 17:52:22 EDT 2025
