Job started on babel-4-5 at Mon May 12 17:57:02 EDT 2025
Job ID: 4860541
Using device: cuda
[2025-05-12 17:57:05,566][root][INFO] - model:
  _target_: models.ffno.FFNO2D
  in_channels: 3
  out_channels: 3
  width: 32
  factor: 4
  n_modes: 16
  n_layers: 4
  dropout: 0.0
  mode: full
  ff_weight_norm: true
  n_ff_layers: 2
  layer_norm: true
dataset:
  reduced_batch: 1
  reduced_resolution: 8
  reduced_resolution_t: 4
  window_size: 15
  original_res: 512
  pde: navier_stokes_0
  data_path1: data/pdebench/ns_incom_inhom_2d_512-100.hdf5
training:
  batch_size: 16
  epochs: 100
  learning_rate: 0.001
  use_normalizer: false
project_name: ${dataset.pde}_${hydra:runtime.choices.model}
checkpoint_dir: checkpoints

Project name: navier_stokes_0_ffno_2d/ns_ffno_2d
Model name: models.ffno.FFNO2D
PDE Dataset: navier_stokes_0
Loading from file: /home/rvk/data/pdebench/ns_incom_inhom_2d_512-100.hdf5
Available keys: ['force', 'particles', 't', 'velocity']
Velocity data shape: (4, 1000, 512, 512, 2)
Particles data shape: (4, 1000, 512, 512, 1)
Combined data shape: (4, 250, 64, 64, 3)
x shape: torch.Size([992, 3, 64, 64])
y shape: torch.Size([992, 3, 64, 64])
---------Using data normalizer---------------
Train dataset size: 793
Validation dataset size: 99
Test dataset size: 100
<class 'torch.Tensor'> -0.007084285374730825 -0.007273583207279444 0.9052925109863281 0.9139266014099121
Sample Input shape: torch.Size([16, 3, 64, 64])
Sample Output shape: torch.Size([16, 3, 64, 64])
FFNO2D(
  (in_proj): WNLinear(in_features=5, out_features=32, bias=True)
  (fourier_layers): ModuleList(
    (0-3): 4 x FSpectralConv2d(
      (fourier_weight): ParameterList(
          (0): Parameter containing: [torch.float32 of size 32x32x16x2 (cuda:0)]
          (1): Parameter containing: [torch.float32 of size 32x32x16x2 (cuda:0)]
      )
      (backcast_ff): FeedForward(
        (layers): ModuleList(
          (0): Sequential(
            (0): Linear(in_features=32, out_features=128, bias=True)
            (1): Dropout(p=0.0, inplace=False)
            (2): GELU(approximate='none')
            (3): Identity()
          )
          (1): Sequential(
            (0): Linear(in_features=128, out_features=32, bias=True)
            (1): Dropout(p=0.0, inplace=False)
            (2): Identity()
            (3): LayerNorm((32,), eps=1e-05, elementwise_affine=True)
          )
        )
      )
    )
  )
  (out_proj): WNLinear(in_features=32, out_features=3, bias=True)
)
Epoch 0, Train Loss: 0.34748712, Val Loss: 0.12433336
Epoch 10, Train Loss: 0.06356446, Val Loss: 0.05894158
Epoch 20, Train Loss: 0.05356865, Val Loss: 0.04892627
Epoch 30, Train Loss: 0.05477190, Val Loss: 0.06331478
Epoch 40, Train Loss: 0.04680211, Val Loss: 0.04462380
Epoch 50, Train Loss: 0.04593608, Val Loss: 0.04344318
Epoch 60, Train Loss: 0.04398064, Val Loss: 0.04254631
Epoch 70, Train Loss: 0.04286376, Val Loss: 0.04212596
Epoch 80, Train Loss: 0.04216192, Val Loss: 0.04190406
Epoch 90, Train Loss: 0.04170258, Val Loss: 0.04174741
Test L2 Loss: 0.023042
Model saved to checkpoints/ffno2d/navier_stokes_0_4860541.pt
Original test data shape: x=torch.Size([100, 3, 64, 64]), y=torch.Size([100, 3, 64, 64])

Evaluating at resolution factor: 1
Resolution factor 1 - Relative L2 Loss: 0.022029

Evaluating at resolution factor: 2
Downsampled shapes: x=torch.Size([100, 3, 32, 32]), y=torch.Size([100, 3, 32, 32])
Resolution factor 2 - Relative L2 Loss: 0.075128

Evaluating at resolution factor: 4
Downsampled shapes: x=torch.Size([100, 3, 16, 16]), y=torch.Size([100, 3, 16, 16])
Skipping Resolution factor 4 because not enough modes

Evaluating at resolution factor: 8
Downsampled shapes: x=torch.Size([100, 3, 8, 8]), y=torch.Size([100, 3, 8, 8])
Skipping Resolution factor 8 because not enough modes

Evaluating at resolution factor: 16
Downsampled shapes: x=torch.Size([100, 3, 4, 4]), y=torch.Size([100, 3, 4, 4])
Skipping Resolution factor 16 because not enough modes

Evaluating at resolution factor: 32
Downsampled shapes: x=torch.Size([100, 3, 2, 2]), y=torch.Size([100, 3, 2, 2])
Skipping Resolution factor 32 because not enough modes
Loading from file: /home/rvk/data/pdebench/ns_incom_inhom_2d_512-100.hdf5
Available keys: ['force', 'particles', 't', 'velocity']
Velocity data shape: (4, 1000, 512, 512, 2)
Particles data shape: (4, 1000, 512, 512, 1)
Combined data shape: (4, 250, 512, 512, 3)
x shape: torch.Size([992, 3, 512, 512])
y shape: torch.Size([992, 3, 512, 512])
---------Using data normalizer---------------
Train dataset size: 793
Validation dataset size: 99
Test dataset size: 100
Original test data shape: x=torch.Size([100, 3, 512, 512]), y=torch.Size([100, 3, 512, 512])
Testing resolutions: [128, 256, 512]

Evaluating at resolution: 128
Downsampled shapes: x=torch.Size([100, 3, 128, 128]), y=torch.Size([100, 3, 128, 128])
Resolution 128 - Relative L2 Loss: 0.209771

Evaluating at resolution: 256
Downsampled shapes: x=torch.Size([100, 3, 256, 256]), y=torch.Size([100, 3, 256, 256])
Resolution 256 - Relative L2 Loss: 0.208899

Evaluating at resolution: 512
Downsampled shapes: x=torch.Size([100, 3, 512, 512]), y=torch.Size([100, 3, 512, 512])
Resolution 512 - Relative L2 Loss: 0.046628

Summary of Super-Resolution Evaluation:
Resolution factor 1: Relative L2 Loss = 0.022029
Resolution factor 2: Relative L2 Loss = 0.075128

Summary of Higher-Resolution Evaluation:
Resolution 128: Relative L2 Loss = 0.209771
Resolution 256: Relative L2 Loss = 0.208899
Resolution 512: Relative L2 Loss = 0.046628
[1;34mwandb[0m: 
[1;34mwandb[0m: 🚀 View run [33mavid-frost-10[0m at: [34mhttps://wandb.ai/rohanvk-carnegie-mellon-university/ffno2d/runs/fipseyr1[0m
[1;34mwandb[0m: Find logs at: [1;35mwandb/run-20250512_175738-fipseyr1/logs[0m
Job completed at Mon May 12 17:59:05 EDT 2025
