Job started on babel-0-37 at Wed Apr  9 00:37:21 EDT 2025
Job ID: 4532650
GPU information:
Wed Apr  9 00:37:21 2025       
+-----------------------------------------------------------------------------------------+
| NVIDIA-SMI 560.35.03              Driver Version: 560.35.03      CUDA Version: 12.6     |
|-----------------------------------------+------------------------+----------------------+
| GPU  Name                 Persistence-M | Bus-Id          Disp.A | Volatile Uncorr. ECC |
| Fan  Temp   Perf          Pwr:Usage/Cap |           Memory-Usage | GPU-Util  Compute M. |
|                                         |                        |               MIG M. |
|=========================================+========================+======================|
|   0  NVIDIA RTX A6000               On  |   00000000:25:00.0 Off |                  Off |
| 43%   59C    P0             88W /  300W |       2MiB /  49140MiB |      0%      Default |
|                                         |                        |                  N/A |
+-----------------------------------------+------------------------+----------------------+
|   1  NVIDIA RTX A6000               On  |   00000000:41:00.0 Off |                  Off |
| 30%   43C    P8             22W /  300W |       2MiB /  49140MiB |      0%      Default |
|                                         |                        |                  N/A |
+-----------------------------------------+------------------------+----------------------+
                                                                                         
+-----------------------------------------------------------------------------------------+
| Processes:                                                                              |
|  GPU   GI   CI        PID   Type   Process name                              GPU Memory |
|        ID   ID                                                               Usage      |
|=========================================================================================|
|  No running processes found                                                             |
+-----------------------------------------------------------------------------------------+
CUDA devices:
CUDA_VISIBLE_DEVICES: 0,1
Using device: cuda
[2025-04-09 00:37:25,089][root][INFO] - model:
  _target_: models.s4_1d.S4Model
  d_input: 10
  d_output: 1
  d_model: 64
  n_layers: 4
  dropout: 0.2
  prenorm: false
dataset:
  reduced_batch: 4
  reduced_resolution: 1
  reduced_resolution_t: 1
  window_size: 10
  pde: burger_0.001
  data_path1: data/pdebench/1D_Burgers_Sols_Nu0.001.hdf5
training:
  batch_size: 64
  epochs: 100
  learning_rate: 0.001
  use_normalizer: false
project_name: ${dataset.pde}_${hydra:runtime.choices.model}
checkpoint_dir: checkpoints

Project name: burger_0.001_s4_1d/s4_1d
Model name: models.s4_1d.S4Model
PDE Dataset: burger_0.001
Loading from file: /home/rvk/data/pdebench/1D_Burgers_Sols_Nu0.001.hdf5
(10000, 201, 1024)
Total data shape: (2500, 201, 1024)
x shape: (477500, 10, 1024)
y shape: (477500, 1, 1024)
grid shape: torch.Size([1024, 1])
---------Using data normalizer---------------
Train dataset size: 382000
Validation dataset size: 47750
Test dataset size: 47750
<class 'torch.Tensor'> -0.08442433178424835 -0.08514213562011719 0.9953741431236267 0.9992387890815735
Sample Input shape: torch.Size([64, 10, 1024])
Sample Output shape: torch.Size([64, 1, 1024])
S4Model(
  (encoder): Linear(in_features=11, out_features=64, bias=True)
  (s4_layers): ModuleList(
    (0-3): 4 x S4D(
      (kernel): S4DKernel()
      (activation): GELU(approximate='none')
      (dropout): DropoutNd()
      (output_linear): Sequential(
        (0): Conv1d(64, 128, kernel_size=(1,), stride=(1,))
        (1): GLU(dim=-2)
      )
    )
  )
  (norms): ModuleList(
    (0-3): 4 x LayerNorm((64,), eps=1e-05, elementwise_affine=True)
  )
  (dropouts): ModuleList(
    (0-3): 4 x Dropout(p=0.2, inplace=False)
  )
  (decoder): Linear(in_features=64, out_features=1, bias=True)
)
Epoch 0, Train Loss: 0.05610339, Val Loss: 0.02728614
Epoch 10, Train Loss: 0.01372236, Val Loss: 0.00992607
Epoch 20, Train Loss: 0.01213009, Val Loss: 0.01051264
Epoch 30, Train Loss: 0.01137542, Val Loss: 0.01032640
Epoch 40, Train Loss: 0.01089774, Val Loss: 0.00995251
Epoch 50, Train Loss: 0.01049223, Val Loss: 0.01007495
Epoch 60, Train Loss: 0.01016019, Val Loss: 0.00888173
Epoch 70, Train Loss: 0.00991652, Val Loss: 0.00915027
Epoch 80, Train Loss: 0.00975584, Val Loss: 0.00911542
Epoch 90, Train Loss: 0.00966655, Val Loss: 0.00908812
Test L2 Loss: 0.008953
-----Visualizing Saved------
Figure saved to output_logs/predictions/burger_0.001_fno_4532650_predictions.png
Model saved to checkpoints/s4model/burger_0.001_4532650.pt
Original test data shape: x=torch.Size([47750, 10, 1024]), y=torch.Size([47750, 1, 1024])

Evaluating at resolution factor: 1
Resolution factor 1 - Relative L2 Loss: 0.008953

Evaluating at resolution factor: 2
Downsampled shapes: x=torch.Size([47750, 10, 512]), y=torch.Size([47750, 1, 512])
Resolution factor 2 - Relative L2 Loss: 0.251702

Evaluating at resolution factor: 4
Downsampled shapes: x=torch.Size([47750, 10, 256]), y=torch.Size([47750, 1, 256])
Resolution factor 4 - Relative L2 Loss: 0.464771

Evaluating at resolution factor: 8
Downsampled shapes: x=torch.Size([47750, 10, 128]), y=torch.Size([47750, 1, 128])
Resolution factor 8 - Relative L2 Loss: 0.577715

Evaluating at resolution factor: 16
Downsampled shapes: x=torch.Size([47750, 10, 64]), y=torch.Size([47750, 1, 64])
Resolution factor 16 - Relative L2 Loss: 0.490899

Evaluating at resolution factor: 32
Downsampled shapes: x=torch.Size([47750, 10, 32]), y=torch.Size([47750, 1, 32])
Resolution factor 32 - Relative L2 Loss: 0.396022

Summary of Super-Resolution Evaluation:
Resolution factor 1: Relative L2 Loss = 0.008953
Resolution factor 2: Relative L2 Loss = 0.251702
Resolution factor 4: Relative L2 Loss = 0.464771
Resolution factor 8: Relative L2 Loss = 0.577715
Resolution factor 16: Relative L2 Loss = 0.490899
Resolution factor 32: Relative L2 Loss = 0.396022
Job completed at Wed Apr  9 04:26:14 EDT 2025
