Job started on babel-4-1 at Sat Jun 21 09:58:13 EDT 2025
Job ID: 5139440
GPU information:
Sat Jun 21 09:58:13 2025       
+-----------------------------------------------------------------------------------------+
| NVIDIA-SMI 575.51.03              Driver Version: 575.51.03      CUDA Version: 12.9     |
|-----------------------------------------+------------------------+----------------------+
| GPU  Name                 Persistence-M | Bus-Id          Disp.A | Volatile Uncorr. ECC |
| Fan  Temp   Perf          Pwr:Usage/Cap |           Memory-Usage | GPU-Util  Compute M. |
|                                         |                        |               MIG M. |
|=========================================+========================+======================|
|   0  NVIDIA L40S                    On  |   00000000:01:00.0 Off |                    0 |
| N/A   24C    P8             31W /  350W |       0MiB /  46068MiB |      0%      Default |
|                                         |                        |                  N/A |
+-----------------------------------------+------------------------+----------------------+
|   1  NVIDIA L40S                    On  |   00000000:41:00.0 Off |                    0 |
| N/A   22C    P8             32W /  350W |       0MiB /  46068MiB |      0%      Default |
|                                         |                        |                  N/A |
+-----------------------------------------+------------------------+----------------------+
                                                                                         
+-----------------------------------------------------------------------------------------+
| Processes:                                                                              |
|  GPU   GI   CI              PID   Type   Process name                        GPU Memory |
|        ID   ID                                                               Usage      |
|=========================================================================================|
|  No running processes found                                                             |
+-----------------------------------------------------------------------------------------+
CUDA devices:
CUDA_VISIBLE_DEVICES: 0,1
Using device: cuda
[2025-06-21 09:58:17,901][root][INFO] - model:
  _target_: models.CNO2d.CNO2d
  in_dim: 3
  out_dim: 3
  N_layers: 4
  N_res: 4
  N_res_neck: 4
  channel_multiplier: 16
  use_bn: false
dataset:
  reduced_batch: 1
  reduced_resolution: 1
  reduced_resolution_t: 1
  window_size: 15
  original_res: 512
  train_resolution: 64
  multi_res:
  - 1
  - 16
  s: 64
  train_mres: false
  pde: navier_stokes_0
  data_path1: data/pdebench/ns_incom_inhom_2d_512-0.hdf5
training:
  batch_size: 16
  epochs: 100
  learning_rate: 0.001
  use_normalizer: false
project_name: ${dataset.pde}_${hydra:runtime.choices.model}
checkpoint_dir: checkpoints

Project name: navier_stokes_0_cno_2d/cno_2d
Model name: models.CNO2d.CNO2d
PDE Dataset: navier_stokes_0
Loading from file: /home/rvk/data/pdebench/ns_incom_inhom_2d_512-0.hdf5
Available keys: ['force', 'particles', 't', 'velocity']
Velocity data shape: (4, 1000, 512, 512, 2)
Particles data shape: (4, 1000, 512, 512, 1)
Combined data shape: (4, 1000, 512, 512, 3)
Current Spatial Size: 512
Downsampling from 512x512 to 64x64
Data shape after downsampling: (4, 1000, 64, 64, 3)
x shape: torch.Size([3992, 3, 64, 64])
y shape: torch.Size([3992, 3, 64, 64])
---------Computing min-max normalization statistics---------------
Input data range: [-2.712723, 2.470622]
Output data range: [-2.712723, 2.468047]
Train dataset size: 3193
Validation dataset size: 399
Test dataset size: 400
<class 'torch.Tensor'> 0.5237975716590881 0.5240586400032043 0.10164469480514526 0.1016492247581482
Total Model Parameters: 2.01M
Trainable Parameters: 2.01M
Epoch 0, Train Loss: 0.12213197, Val Loss: 0.04346845
Epoch 10, Train Loss: 0.01154565, Val Loss: 0.01174380
Epoch 20, Train Loss: 0.00837182, Val Loss: 0.00545933
Epoch 30, Train Loss: 0.00460926, Val Loss: 0.00367460
Epoch 40, Train Loss: 0.00700113, Val Loss: 0.00384786
Epoch 50, Train Loss: 0.00260271, Val Loss: 0.00230481
Epoch 60, Train Loss: 0.00242664, Val Loss: 0.00250045
Epoch 70, Train Loss: 0.00233772, Val Loss: 0.00209771
Epoch 80, Train Loss: 0.00165458, Val Loss: 0.00174776
Epoch 90, Train Loss: 0.00159598, Val Loss: 0.00173593
Test L2 Loss: 0.008005
Model saved to checkpoints/cno2d/navier_stokes_0_5139440.pt
Using provided normalization statistics from training resolution 64:
  Input range: [-2.712723, 2.470622]
  Output range: [-2.712723, 2.468047]
Loading original resolution (512) test data...
Loading from file: /home/rvk/data/pdebench/ns_incom_inhom_2d_512-0.hdf5
Available keys: ['force', 'particles', 't', 'velocity']
Velocity data shape: (4, 1000, 512, 512, 2)
Particles data shape: (4, 1000, 512, 512, 1)
Combined data shape: (4, 1000, 512, 512, 3)
Current Spatial Size: 512
x shape: torch.Size([3992, 3, 512, 512])
y shape: torch.Size([3992, 3, 512, 512])
Train dataset size: 3193
Validation dataset size: 399
Test dataset size: 400
Original test data shape: x=torch.Size([400, 3, 512, 512]), y=torch.Size([400, 3, 512, 512])
Testing resolutions: [32, 64, 128, 256, 512]

Evaluating at resolution: 32
Resizing data...
Resized shapes: x=torch.Size([400, 3, 32, 32]), y=torch.Size([400, 3, 32, 32])
Resolution 32 - Relative L2 Loss: 0.305461

Evaluating at resolution: 64
Resizing data...
Resized shapes: x=torch.Size([400, 3, 64, 64]), y=torch.Size([400, 3, 64, 64])
Resolution 64 - Relative L2 Loss: 0.008026

Evaluating at resolution: 128
Resizing data...
Resized shapes: x=torch.Size([400, 3, 128, 128]), y=torch.Size([400, 3, 128, 128])
Resolution 128 - Relative L2 Loss: 0.201657

Evaluating at resolution: 256
Resizing data...
Resized shapes: x=torch.Size([400, 3, 256, 256]), y=torch.Size([400, 3, 256, 256])
Resolution 256 - Relative L2 Loss: 0.300663

Evaluating at resolution: 512
Resizing data...
Resized shapes: x=torch.Size([400, 3, 512, 512]), y=torch.Size([400, 3, 512, 512])
Resolution 512 - Relative L2 Loss: 0.346171

==================================================
EVALUATION SUMMARY
==================================================
Resolution  32: 0.305461
Resolution  64: 0.008026
Resolution 128: 0.201657
Resolution 256: 0.300663
Resolution 512: 0.346171

Summary of Super-Resolution Evaluation:
Resolution factor 32: Relative L2 Loss = 0.305461
Resolution factor 64: Relative L2 Loss = 0.008026
Resolution factor 128: Relative L2 Loss = 0.201657
Resolution factor 256: Relative L2 Loss = 0.300663
Resolution factor 512: Relative L2 Loss = 0.346171
[1;34mwandb[0m: 
[1;34mwandb[0m: 🚀 View run [33mgiddy-jazz-11[0m at: [34mhttps://wandb.ai/rohanvk-carnegie-mellon-university/cno2d/runs/2ovlrxz1[0m
[1;34mwandb[0m: Find logs at: [1;35mwandb/run-20250621_095928-2ovlrxz1/logs[0m
Job completed at Sat Jun 21 10:06:06 EDT 2025
