Job started on babel-6-25 at Wed Jun 11 11:29:31 EDT 2025
Job ID: 5058090
GPU information:
Wed Jun 11 11:29:31 2025       
+-----------------------------------------------------------------------------------------+
| NVIDIA-SMI 575.51.03              Driver Version: 575.51.03      CUDA Version: 12.9     |
|-----------------------------------------+------------------------+----------------------+
| GPU  Name                 Persistence-M | Bus-Id          Disp.A | Volatile Uncorr. ECC |
| Fan  Temp   Perf          Pwr:Usage/Cap |           Memory-Usage | GPU-Util  Compute M. |
|                                         |                        |               MIG M. |
|=========================================+========================+======================|
|   0  NVIDIA RTX A6000               On  |   00000000:02:00.0 Off |                  Off |
| 30%   29C    P8             20W /  300W |       1MiB /  49140MiB |      0%      Default |
|                                         |                        |                  N/A |
+-----------------------------------------+------------------------+----------------------+
|   1  NVIDIA RTX A6000               On  |   00000000:03:00.0 Off |                  Off |
| 30%   30C    P8             28W /  300W |       1MiB /  49140MiB |      0%      Default |
|                                         |                        |                  N/A |
+-----------------------------------------+------------------------+----------------------+
                                                                                         
+-----------------------------------------------------------------------------------------+
| Processes:                                                                              |
|  GPU   GI   CI              PID   Type   Process name                        GPU Memory |
|        ID   ID                                                               Usage      |
|=========================================================================================|
|  No running processes found                                                             |
+-----------------------------------------------------------------------------------------+
CUDA devices:
CUDA_VISIBLE_DEVICES: 0,1
Using device: cuda
[2025-06-11 11:29:40,346][root][INFO] - model:
  image_size: 64
  patch_size: 4
  num_channels: 3
  num_out_channels: 3
  embed_dim: 96
  depths:
  - 8
  - 8
  - 8
  - 8
  num_heads:
  - 3
  - 6
  - 12
  - 24
  skip_connections:
  - 2
  - 2
  - 2
  - 0
  window_size: 16
  mlp_ratio: 4.0
  qkv_bias: true
  hidden_dropout_prob: 0.0
  attention_probs_dropout_prob: 0.0
  drop_path_rate: 0.0
  hidden_act: gelu
  use_absolute_embeddings: false
  initializer_range: 0.02
  layer_norm_eps: 1.0e-05
  p: 1
  channel_slice_list_normalized_loss:
  - 0
  - 1
  - 2
  - 3
  residual_model: convnext
  use_conditioning: true
  learn_residual: false
dataset:
  reduced_batch: 1
  reduced_resolution: 4
  reduced_resolution_t: 1
  window_size: 15
  original_res: 512
  multi_res:
  - 1
  - 16
  train_mres: true
  pde: navier_stokes_0
  data_path1: data/pdebench/ns_incom_inhom_2d_512-0.hdf5
training:
  batch_size: 16
  epochs: 100
  learning_rate: 0.0001
  use_normalizer: false
project_name: ${dataset.pde}_${hydra:runtime.choices.model}
checkpoint_dir: checkpoints

Project name: navier_stokes_0_pos/pos
PDE Dataset: navier_stokes_0
Loading from file: /home/rvk/data/pdebench/ns_incom_inhom_2d_512-0.hdf5
Available keys: ['force', 'particles', 't', 'velocity']
Velocity data shape: (4, 1000, 512, 512, 2)
Particles data shape: (4, 1000, 512, 512, 1)
Combined data shape: (4, 1000, 128, 128, 3)
x shape: torch.Size([3992, 3, 128, 128])
y shape: torch.Size([3992, 3, 128, 128])
---------Using data normalizer---------------
Train dataset size: 3193
Validation dataset size: 399
Test dataset size: 400
<class 'torch.Tensor'> -0.003291834844276309 -0.003550492925569415 1.4413470029830933 1.4434330463409424
Sample Input shape: torch.Size([16, 3, 128, 128])
Sample Output shape: torch.Size([16, 3, 128, 128])
Total Parameters: 157726740
Epoch 0, Train Loss: 0.46847560, Val Loss: 0.25906304
Epoch 10, Train Loss: 0.10140322, Val Loss: 0.10130980
Epoch 20, Train Loss: 0.09256193, Val Loss: 0.09186427
Epoch 30, Train Loss: 0.08799556, Val Loss: 0.09136374
Epoch 40, Train Loss: 0.08701677, Val Loss: 0.08779994
Epoch 50, Train Loss: 0.08614739, Val Loss: 0.08898668
Epoch 60, Train Loss: 0.08548778, Val Loss: 0.08644258
Epoch 70, Train Loss: 0.08504390, Val Loss: 0.08620503
Epoch 80, Train Loss: 0.08473329, Val Loss: 0.08604149
Epoch 90, Train Loss: 0.08462595, Val Loss: 0.08597222
Test L2 Loss: 0.057127
Original test data shape: x=torch.Size([400, 3, 128, 128]), y=torch.Size([400, 3, 128, 128])

Evaluating at resolution factor: 1
Resolution factor 1 - Relative L2 Loss: 0.056968

Evaluating at resolution factor: 2
Downsampled shapes: x=torch.Size([400, 3, 64, 64]), y=torch.Size([400, 3, 64, 64])
Resolution factor 2 - Relative L2 Loss: 0.070854

Evaluating at resolution factor: 4
Downsampled shapes: x=torch.Size([400, 3, 32, 32]), y=torch.Size([400, 3, 32, 32])
Resolution factor 4 - Relative L2 Loss: 0.101842

Evaluating at resolution factor: 8
Downsampled shapes: x=torch.Size([400, 3, 16, 16]), y=torch.Size([400, 3, 16, 16])
Resolution factor 8 - Relative L2 Loss: 0.112048

Evaluating at resolution factor: 16
Downsampled shapes: x=torch.Size([400, 3, 8, 8]), y=torch.Size([400, 3, 8, 8])
Resolution factor 16 - Relative L2 Loss: 0.187387

Evaluating at resolution factor: 32
Downsampled shapes: x=torch.Size([400, 3, 4, 4]), y=torch.Size([400, 3, 4, 4])
Resolution factor 32 - Relative L2 Loss: 0.337792
Loading from file: /home/rvk/data/pdebench/ns_incom_inhom_2d_512-0.hdf5
Available keys: ['force', 'particles', 't', 'velocity']
Velocity data shape: (4, 1000, 512, 512, 2)
Particles data shape: (4, 1000, 512, 512, 1)
Combined data shape: (4, 1000, 512, 512, 3)
x shape: torch.Size([3992, 3, 512, 512])
y shape: torch.Size([3992, 3, 512, 512])
---------Using data normalizer---------------
Train dataset size: 3193
Validation dataset size: 399
Test dataset size: 400
Original test data shape: x=torch.Size([400, 3, 512, 512]), y=torch.Size([400, 3, 512, 512])
Testing resolutions: [256, 512]

Evaluating at resolution: 256
Downsampled shapes: x=torch.Size([400, 3, 256, 256]), y=torch.Size([400, 3, 256, 256])
Resolution 256 - Relative L2 Loss: 0.091936

Evaluating at resolution: 512
Downsampled shapes: x=torch.Size([400, 3, 512, 512]), y=torch.Size([400, 3, 512, 512])
Resolution 512 - Relative L2 Loss: 0.093184

Summary of Super-Resolution Evaluation:
Resolution factor 1: Relative L2 Loss = 0.056968
Resolution factor 2: Relative L2 Loss = 0.070854
Resolution factor 4: Relative L2 Loss = 0.101842
Resolution factor 8: Relative L2 Loss = 0.112048
Resolution factor 16: Relative L2 Loss = 0.187387
Resolution factor 32: Relative L2 Loss = 0.337792

Summary of Higher-Resolution Evaluation:
Resolution 256: Relative L2 Loss = 0.091936
Resolution 512: Relative L2 Loss = 0.093184
Job completed at Wed Jun 11 14:25:00 EDT 2025
