Job started on babel-8-34 at Fri Sep  5 11:39:27 EDT 2025
Job ID: 5436430
GPU information:
Fri Sep  5 11:39:27 2025       
+-----------------------------------------------------------------------------------------+
| NVIDIA-SMI 575.51.03              Driver Version: 575.51.03      CUDA Version: 12.9     |
|-----------------------------------------+------------------------+----------------------+
| GPU  Name                 Persistence-M | Bus-Id          Disp.A | Volatile Uncorr. ECC |
| Fan  Temp   Perf          Pwr:Usage/Cap |           Memory-Usage | GPU-Util  Compute M. |
|                                         |                        |               MIG M. |
|=========================================+========================+======================|
|   0  NVIDIA L40S                    On  |   00000000:81:00.0 Off |                    0 |
| N/A   36C    P8             34W /  350W |       0MiB /  46068MiB |      0%      Default |
|                                         |                        |                  N/A |
+-----------------------------------------+------------------------+----------------------+
|   1  NVIDIA L40S                    On  |   00000000:C1:00.0 Off |                    0 |
| N/A   36C    P8             33W /  350W |       0MiB /  46068MiB |      0%      Default |
|                                         |                        |                  N/A |
+-----------------------------------------+------------------------+----------------------+
                                                                                         
+-----------------------------------------------------------------------------------------+
| Processes:                                                                              |
|  GPU   GI   CI              PID   Type   Process name                        GPU Memory |
|        ID   ID                                                               Usage      |
|=========================================================================================|
|  No running processes found                                                             |
+-----------------------------------------------------------------------------------------+
CUDA devices:
CUDA_VISIBLE_DEVICES: 0,1
/home/rvk
Using device: cuda
[2025-09-05 11:39:44,854][root][INFO] - model:
  _target_: models.ffno.FFNO1D
  in_channels: 1
  out_channels: 1
  factor: 4
  n_modes: 64
  width: 128
  n_layers: 4
  ff_weight_norm: true
  n_ff_layers: 3
  layer_norm: true
  dropout: 0.2
  mode: full
  activation: gelu
  use_grid: true
dataset:
  dataset_params:
    _target_: dataloaders.ks_naive_true_multires.ks_true_multires_markov_dataset
    saved_folder: /data/user_data/rvk/ks/
    viscosity: 0.1
    L: 64.0
    lmax: 8
    et: 5.0
    nte: 51
    nt: 51
    train_s: 2048
    reduced_batch: 1
    reduced_resolution_t: 1
    data_mres_size:
      256: 1024
      512: 256
    add_res:
    - 32
    - 64
    - 128
    - 256
    add_res_samples:
      128: 256
      64: 256
      32: 1024
    downsample_from_res: 256
    data_normalizer: true
    normalization_type: simple
    num_samples_max: -1
    eval_dataset_target: dataloaders.ks_naive_markov.ks_markov_dataset
    eval_filename: KS_train_2048.h5
    eval_saved_folder: /data/user_data/rvk/ks/res_512/visc_0.1_L64.0_lmax8_et5.0_nte51_nt51
  resize_to_train: false
  evaluation_type: naive_downsample
  window_size: 15
  original_res: 512
  max_test_resolution: 512
  train_mres: true
  pde: ks
training:
  batch_size: 64
  epochs: 100
  learning_rate: 0.001
  use_normalizer: false
project_name: ${dataset.pde}_${hydra:runtime.choices.model}
checkpoint_dir: checkpoints

Project name: ks_ffno_1d/ffno_1d
Model name: models.ffno.FFNO1D
PDE Dataset: ks
This is True Multi-Resolution Training. Train Resolution is the highest data resolution in the multi-resolution data
---------------------
Creating true multi-resolution KS dataset from /data/user_data/rvk/ks/
Parameters: visc_0.1_L64.0_lmax8_et5.0_nte51_nt51
Using filename pattern: KS_train_2048.h5
Target samples per resolution (from files): {256: 1024, 512: 256}
Additional downsampled resolutions: [32, 64, 128, 256]
Target samples per downsampled resolution: {128: 256, 64: 256, 32: 1024}
Will downsample from resolution: 256
Loading KS multi-resolution data from /data/user_data/rvk/ks/
Parameters: visc_0.1_L64.0_lmax8_et5.0_nte51_nt51
Target samples per resolution (from files): {256: 1024, 512: 256}
Additional downsampled resolutions: [32, 64, 128, 256]
Target samples per downsampled resolution: {128: 256, 64: 256, 32: 1024}
Will downsample from resolution: 256
Loading resolution 256 from /data/user_data/rvk/ks/res_256/visc_0.1_L64.0_lmax8_et5.0_nte51_nt51/KS_train_2048.h5
Available data keys in 'train': ['dt', 'dx', 'pde_51-256', 't', 'x']
  Original data shape for 256: (2048, 51, 256)
  After time reduction: (2048, 51, 256)
  Split 'train' data shape: (1638, 51, 256)
  Subsampled to 819 samples for train split
  Added 40950 sample pairs from resolution 256
Loading resolution 512 from /data/user_data/rvk/ks/res_512/visc_0.1_L64.0_lmax8_et5.0_nte51_nt51/KS_train_2048.h5
Available data keys in 'train': ['dt', 'dx', 'pde_51-512', 't', 'x']
  Original data shape for 512: (2048, 51, 512)
  After time reduction: (2048, 51, 512)
  Split 'train' data shape: (1638, 51, 512)
  Subsampled to 204 samples for train split
  Added 10200 sample pairs from resolution 512
Adding downsampled resolutions: [32, 64, 128, 256]
Adding downsampled data from /data/user_data/rvk/ks/res_256/visc_0.1_L64.0_lmax8_et5.0_nte51_nt51/KS_train_2048.h5
  Added 40950 downsampled samples at resolution 32
  Added 10200 downsampled samples at resolution 64
  Added 10200 downsampled samples at resolution 128
  Warning: Target resolution 256 >= original 256. Skipping.
Total samples loaded: 112500
Resolution distribution:
  128_downsampled: 10200 samples
  256_file: 40950 samples
  32_downsampled: 40950 samples
  512_file: 10200 samples
  64_downsampled: 10200 samples
Sample x shapes: [(1, 256), (1, 256), (1, 256)]
Sample y shapes: [(1, 256), (1, 256), (1, 256)]
Loading KS multi-resolution data from /data/user_data/rvk/ks/
Parameters: visc_0.1_L64.0_lmax8_et5.0_nte51_nt51
Target samples per resolution (from files): {256: 1024, 512: 256}
Additional downsampled resolutions: [32, 64, 128, 256]
Target samples per downsampled resolution: {128: 256, 64: 256, 32: 1024}
Will downsample from resolution: 256
Loading resolution 256 from /data/user_data/rvk/ks/res_256/visc_0.1_L64.0_lmax8_et5.0_nte51_nt51/KS_train_2048.h5
Available data keys in 'train': ['dt', 'dx', 'pde_51-256', 't', 'x']
  Original data shape for 256: (2048, 51, 256)
  After time reduction: (2048, 51, 256)
  Split 'val' data shape: (204, 51, 256)
  Using all 204 samples for val split
  Added 10200 sample pairs from resolution 256
Loading resolution 512 from /data/user_data/rvk/ks/res_512/visc_0.1_L64.0_lmax8_et5.0_nte51_nt51/KS_train_2048.h5
Available data keys in 'train': ['dt', 'dx', 'pde_51-512', 't', 'x']
  Original data shape for 512: (2048, 51, 512)
  After time reduction: (2048, 51, 512)
  Split 'val' data shape: (204, 51, 512)
  Using all 204 samples for val split
  Added 10200 sample pairs from resolution 512
Adding downsampled resolutions: [32, 64, 128, 256]
Adding downsampled data from /data/user_data/rvk/ks/res_256/visc_0.1_L64.0_lmax8_et5.0_nte51_nt51/KS_train_2048.h5
  Added 5100 downsampled samples at resolution 32
  Added 1250 downsampled samples at resolution 64
  Added 1250 downsampled samples at resolution 128
  Warning: Target resolution 256 >= original 256. Skipping.
Total samples loaded: 28000
Resolution distribution:
  128_downsampled: 1250 samples
  256_file: 10200 samples
  32_downsampled: 5100 samples
  512_file: 10200 samples
  64_downsampled: 1250 samples
Sample x shapes: [(1, 256), (1, 256), (1, 256)]
Sample y shapes: [(1, 256), (1, 256), (1, 256)]
Loading KS multi-resolution data from /data/user_data/rvk/ks/
Parameters: visc_0.1_L64.0_lmax8_et5.0_nte51_nt51
Target samples per resolution (from files): {256: 1024, 512: 256}
Additional downsampled resolutions: [32, 64, 128, 256]
Target samples per downsampled resolution: {128: 256, 64: 256, 32: 1024}
Will downsample from resolution: 256
Loading resolution 256 from /data/user_data/rvk/ks/res_256/visc_0.1_L64.0_lmax8_et5.0_nte51_nt51/KS_train_2048.h5
Available data keys in 'train': ['dt', 'dx', 'pde_51-256', 't', 'x']
  Original data shape for 256: (2048, 51, 256)
  After time reduction: (2048, 51, 256)
  Split 'test' data shape: (206, 51, 256)
  Using all 206 samples for test split
  Added 10300 sample pairs from resolution 256
Loading resolution 512 from /data/user_data/rvk/ks/res_512/visc_0.1_L64.0_lmax8_et5.0_nte51_nt51/KS_train_2048.h5
Available data keys in 'train': ['dt', 'dx', 'pde_51-512', 't', 'x']
  Original data shape for 512: (2048, 51, 512)
  After time reduction: (2048, 51, 512)
  Split 'test' data shape: (206, 51, 512)
  Using all 206 samples for test split
  Added 10300 sample pairs from resolution 512
Adding downsampled resolutions: [32, 64, 128, 256]
Adding downsampled data from /data/user_data/rvk/ks/res_256/visc_0.1_L64.0_lmax8_et5.0_nte51_nt51/KS_train_2048.h5
  Added 5100 downsampled samples at resolution 32
  Added 1250 downsampled samples at resolution 64
  Added 1250 downsampled samples at resolution 128
  Warning: Target resolution 256 >= original 256. Skipping.
Total samples loaded: 28200
Resolution distribution:
  128_downsampled: 1250 samples
  256_file: 10300 samples
  32_downsampled: 5100 samples
  512_file: 10300 samples
  64_downsampled: 1250 samples
Sample x shapes: [(1, 256), (1, 256), (1, 256)]
Sample y shapes: [(1, 256), (1, 256), (1, 256)]
---------Using simple global normalization---------------
Global statistics: X(mean=0.000208, std=2.763244), Y(mean=0.000268, std=2.819895)

Final dataset sizes:
Train dataset size: 112500
Validation dataset size: 28000
Test dataset size: 28200
<dataloaders.ks_naive_true_multires.ks_true_multires_markov_dataset.<locals>.SimpleNormalizedDataset object at 0x14b9bc27fb10>
Created resolution groups:
  Resolution 256: 40950 samples
  Resolution 512: 10200 samples
  Resolution 32: 40950 samples
  Resolution 64: 10200 samples
  Resolution 128: 10200 samples
Created resolution groups:
  Resolution 256: 10200 samples
  Resolution 512: 10200 samples
  Resolution 32: 5100 samples
  Resolution 64: 1250 samples
  Resolution 128: 1250 samples
Created resolution groups:
  Resolution 256: 10300 samples
  Resolution 512: 10300 samples
  Resolution 32: 5100 samples
  Resolution 64: 1250 samples
  Resolution 128: 1250 samples
<class 'torch.Tensor'> -7.540080696344376e-05 -9.502936154603958e-05 0.8692172765731812 0.8793049454689026
FFNO1D(
  (in_proj): WNLinear(in_features=1, out_features=128, bias=True)
  (fourier_layers): ModuleList(
    (0-3): 4 x FSpectralConv1d(
      (fourier_weight): ParameterList(  (0): Parameter containing: [torch.float32 of size 128x128x64x2 (cuda:0)])
      (backcast_ff): FeedForward(
        (layers): ModuleList(
          (0): Sequential(
            (0): Linear(in_features=128, out_features=512, bias=True)
            (1): Dropout(p=0.2, inplace=False)
            (2): GELU(approximate='none')
            (3): Identity()
          )
          (1): Sequential(
            (0): Linear(in_features=512, out_features=512, bias=True)
            (1): Dropout(p=0.2, inplace=False)
            (2): GELU(approximate='none')
            (3): Identity()
          )
          (2): Sequential(
            (0): Linear(in_features=512, out_features=128, bias=True)
            (1): Dropout(p=0.2, inplace=False)
            (2): Identity()
            (3): LayerNorm((128,), eps=1e-05, elementwise_affine=True)
          )
        )
      )
    )
  )
  (out_proj): WNLinear(in_features=128, out_features=1, bias=True)
)
Total Model Parameters: 9.97M
Trainable Parameters: 9.97M
Epoch 0, Train Loss: 0.15494392, Val Loss: 0.08469553
Epoch 10, Train Loss: 0.05359858, Val Loss: 0.04373987
Epoch 20, Train Loss: 0.04400463, Val Loss: 0.04036878
Epoch 30, Train Loss: 0.03881583, Val Loss: 0.03681369
Epoch 40, Train Loss: 0.03527799, Val Loss: 0.03513851
Epoch 50, Train Loss: 0.03257820, Val Loss: 0.03461334
Epoch 60, Train Loss: 0.03048083, Val Loss: 0.03388042
Epoch 70, Train Loss: 0.02901477, Val Loss: 0.03288526
Epoch 80, Train Loss: 0.02798810, Val Loss: 0.03258212
Epoch 90, Train Loss: 0.02746776, Val Loss: 0.03251391
Test L2 Loss: 0.032362
Model saved to checkpoints/ffno1d/ks_5436430.pt
Created/verified figures directory: figures/5436430
Evaluating KS model at multiple resolutions
Using normalizer from training resolution 512
Testing resolutions: [32, 64, 128, 256, 512]
Loading from file: /data/user_data/rvk/ks/res_512/visc_0.1_L64.0_lmax8_et5.0_nte51_nt51/KS_train_2048.h5
Available data keys in 'train': ['dt', 'dx', 'pde_51-512', 't', 'x']
Original PDE data shape: (2048, 51, 512)
Time data shape: (2048, 51)
Original spatial coordinates shape: (512,)
dx shape: (2048,)
dt shape: (2048,)
Data shape after downsampling: (2048, 51, 32)
Final data shape: (2048, 51, 32)
x shape: torch.Size([102400, 1, 32])
y shape: torch.Size([102400, 1, 32])
spatial coordinates shape: (32,)
Loading from file: /data/user_data/rvk/ks/res_512/visc_0.1_L64.0_lmax8_et5.0_nte51_nt51/KS_valid.h5
Available data keys in 'valid': ['dt', 'dx', 'pde_51-512', 't', 'x']
Original PDE data shape: (256, 51, 512)
Time data shape: (256, 51)
Original spatial coordinates shape: (512,)
dx shape: (256,)
dt shape: (256,)
Data shape after downsampling: (256, 51, 32)
Final data shape: (256, 51, 32)
x shape: torch.Size([12800, 1, 32])
y shape: torch.Size([12800, 1, 32])
spatial coordinates shape: (32,)
Loading from file: /data/user_data/rvk/ks/res_512/visc_0.1_L64.0_lmax8_et5.0_nte51_nt51/KS_test.h5
Available data keys in 'test': ['dt', 'dx', 'pde_51-512', 't', 'x']
Original PDE data shape: (256, 51, 512)
Time data shape: (256, 51)
Original spatial coordinates shape: (512,)
dx shape: (256,)
dt shape: (256,)
Data shape after downsampling: (256, 51, 32)
Final data shape: (256, 51, 32)
x shape: torch.Size([12800, 1, 32])
y shape: torch.Size([12800, 1, 32])
spatial coordinates shape: (32,)
Train dataset size: 102400
Validation dataset size: 12800
Test dataset size: 12800
Selected random indices for plotting: [45, 1447, 2272, 2458, 10604, 11255, 7846, 7548, 558, 3298]
Collected 10 examples for resolution 32
Resolution 32 (downsample factor: 16) - Relative L2 Loss: 0.124519
Memory cleaned after resolution 32


Loading from file: /data/user_data/rvk/ks/res_512/visc_0.1_L64.0_lmax8_et5.0_nte51_nt51/KS_train_2048.h5
Available data keys in 'train': ['dt', 'dx', 'pde_51-512', 't', 'x']
Original PDE data shape: (2048, 51, 512)
Time data shape: (2048, 51)
Original spatial coordinates shape: (512,)
dx shape: (2048,)
dt shape: (2048,)
Data shape after downsampling: (2048, 51, 64)
Final data shape: (2048, 51, 64)
x shape: torch.Size([102400, 1, 64])
y shape: torch.Size([102400, 1, 64])
spatial coordinates shape: (64,)
Loading from file: /data/user_data/rvk/ks/res_512/visc_0.1_L64.0_lmax8_et5.0_nte51_nt51/KS_valid.h5
Available data keys in 'valid': ['dt', 'dx', 'pde_51-512', 't', 'x']
Original PDE data shape: (256, 51, 512)
Time data shape: (256, 51)
Original spatial coordinates shape: (512,)
dx shape: (256,)
dt shape: (256,)
Data shape after downsampling: (256, 51, 64)
Final data shape: (256, 51, 64)
x shape: torch.Size([12800, 1, 64])
y shape: torch.Size([12800, 1, 64])
spatial coordinates shape: (64,)
Loading from file: /data/user_data/rvk/ks/res_512/visc_0.1_L64.0_lmax8_et5.0_nte51_nt51/KS_test.h5
Available data keys in 'test': ['dt', 'dx', 'pde_51-512', 't', 'x']
Original PDE data shape: (256, 51, 512)
Time data shape: (256, 51)
Original spatial coordinates shape: (512,)
dx shape: (256,)
dt shape: (256,)
Data shape after downsampling: (256, 51, 64)
Final data shape: (256, 51, 64)
x shape: torch.Size([12800, 1, 64])
y shape: torch.Size([12800, 1, 64])
spatial coordinates shape: (64,)
Train dataset size: 102400
Validation dataset size: 12800
Test dataset size: 12800
Collected 10 examples for resolution 64
Resolution 64 (downsample factor: 8) - Relative L2 Loss: 0.042489
Memory cleaned after resolution 64


Loading from file: /data/user_data/rvk/ks/res_512/visc_0.1_L64.0_lmax8_et5.0_nte51_nt51/KS_train_2048.h5
Available data keys in 'train': ['dt', 'dx', 'pde_51-512', 't', 'x']
Original PDE data shape: (2048, 51, 512)
Time data shape: (2048, 51)
Original spatial coordinates shape: (512,)
dx shape: (2048,)
dt shape: (2048,)
Data shape after downsampling: (2048, 51, 128)
Final data shape: (2048, 51, 128)
x shape: torch.Size([102400, 1, 128])
y shape: torch.Size([102400, 1, 128])
spatial coordinates shape: (128,)
Loading from file: /data/user_data/rvk/ks/res_512/visc_0.1_L64.0_lmax8_et5.0_nte51_nt51/KS_valid.h5
Available data keys in 'valid': ['dt', 'dx', 'pde_51-512', 't', 'x']
Original PDE data shape: (256, 51, 512)
Time data shape: (256, 51)
Original spatial coordinates shape: (512,)
dx shape: (256,)
dt shape: (256,)
Data shape after downsampling: (256, 51, 128)
Final data shape: (256, 51, 128)
x shape: torch.Size([12800, 1, 128])
y shape: torch.Size([12800, 1, 128])
spatial coordinates shape: (128,)
Loading from file: /data/user_data/rvk/ks/res_512/visc_0.1_L64.0_lmax8_et5.0_nte51_nt51/KS_test.h5
Available data keys in 'test': ['dt', 'dx', 'pde_51-512', 't', 'x']
Original PDE data shape: (256, 51, 512)
Time data shape: (256, 51)
Original spatial coordinates shape: (512,)
dx shape: (256,)
dt shape: (256,)
Data shape after downsampling: (256, 51, 128)
Final data shape: (256, 51, 128)
x shape: torch.Size([12800, 1, 128])
y shape: torch.Size([12800, 1, 128])
spatial coordinates shape: (128,)
Train dataset size: 102400
Validation dataset size: 12800
Test dataset size: 12800
Collected 10 examples for resolution 128
Resolution 128 (downsample factor: 4) - Relative L2 Loss: 0.011251
Memory cleaned after resolution 128


Loading from file: /data/user_data/rvk/ks/res_512/visc_0.1_L64.0_lmax8_et5.0_nte51_nt51/KS_train_2048.h5
Available data keys in 'train': ['dt', 'dx', 'pde_51-512', 't', 'x']
Original PDE data shape: (2048, 51, 512)
Time data shape: (2048, 51)
Original spatial coordinates shape: (512,)
dx shape: (2048,)
dt shape: (2048,)
Data shape after downsampling: (2048, 51, 256)
Final data shape: (2048, 51, 256)
x shape: torch.Size([102400, 1, 256])
y shape: torch.Size([102400, 1, 256])
spatial coordinates shape: (256,)
Loading from file: /data/user_data/rvk/ks/res_512/visc_0.1_L64.0_lmax8_et5.0_nte51_nt51/KS_valid.h5
Available data keys in 'valid': ['dt', 'dx', 'pde_51-512', 't', 'x']
Original PDE data shape: (256, 51, 512)
Time data shape: (256, 51)
Original spatial coordinates shape: (512,)
dx shape: (256,)
dt shape: (256,)
Data shape after downsampling: (256, 51, 256)
Final data shape: (256, 51, 256)
x shape: torch.Size([12800, 1, 256])
y shape: torch.Size([12800, 1, 256])
spatial coordinates shape: (256,)
Loading from file: /data/user_data/rvk/ks/res_512/visc_0.1_L64.0_lmax8_et5.0_nte51_nt51/KS_test.h5
Available data keys in 'test': ['dt', 'dx', 'pde_51-512', 't', 'x']
Original PDE data shape: (256, 51, 512)
Time data shape: (256, 51)
Original spatial coordinates shape: (512,)
dx shape: (256,)
dt shape: (256,)
Data shape after downsampling: (256, 51, 256)
Final data shape: (256, 51, 256)
x shape: torch.Size([12800, 1, 256])
y shape: torch.Size([12800, 1, 256])
spatial coordinates shape: (256,)
Train dataset size: 102400
Validation dataset size: 12800
Test dataset size: 12800
Collected 10 examples for resolution 256
Resolution 256 (downsample factor: 2) - Relative L2 Loss: 0.011286
Memory cleaned after resolution 256


Loading from file: /data/user_data/rvk/ks/res_512/visc_0.1_L64.0_lmax8_et5.0_nte51_nt51/KS_train_2048.h5
Available data keys in 'train': ['dt', 'dx', 'pde_51-512', 't', 'x']
Original PDE data shape: (2048, 51, 512)
Time data shape: (2048, 51)
Original spatial coordinates shape: (512,)
dx shape: (2048,)
dt shape: (2048,)
Data shape after downsampling: (2048, 51, 512)
Final data shape: (2048, 51, 512)
x shape: torch.Size([102400, 1, 512])
y shape: torch.Size([102400, 1, 512])
spatial coordinates shape: (512,)
Loading from file: /data/user_data/rvk/ks/res_512/visc_0.1_L64.0_lmax8_et5.0_nte51_nt51/KS_valid.h5
Available data keys in 'valid': ['dt', 'dx', 'pde_51-512', 't', 'x']
Original PDE data shape: (256, 51, 512)
Time data shape: (256, 51)
Original spatial coordinates shape: (512,)
dx shape: (256,)
dt shape: (256,)
Data shape after downsampling: (256, 51, 512)
Final data shape: (256, 51, 512)
x shape: torch.Size([12800, 1, 512])
y shape: torch.Size([12800, 1, 512])
spatial coordinates shape: (512,)
Loading from file: /data/user_data/rvk/ks/res_512/visc_0.1_L64.0_lmax8_et5.0_nte51_nt51/KS_test.h5
Available data keys in 'test': ['dt', 'dx', 'pde_51-512', 't', 'x']
Original PDE data shape: (256, 51, 512)
Time data shape: (256, 51)
Original spatial coordinates shape: (512,)
dx shape: (256,)
dt shape: (256,)
Data shape after downsampling: (256, 51, 512)
Final data shape: (256, 51, 512)
x shape: torch.Size([12800, 1, 512])
y shape: torch.Size([12800, 1, 512])
spatial coordinates shape: (512,)
Train dataset size: 102400
Validation dataset size: 12800
Test dataset size: 12800
Collected 10 examples for resolution 512
Resolution 512 (downsample factor: 1) - Relative L2 Loss: 0.011307
Memory cleaned after resolution 512


Creating prediction vs target plots...
Saved prediction plot: figures/5436430/prediction_plots/ks_predictions_vs_targets_10_examples.png
Saved numerical results: figures/5436430/ks_1d_evaluation_results_20250905_121215.csv
Saved summary: figures/5436430/ks_1d_evaluation_summary_20250905_121215.txt

==================================================
KS EVALUATION SUMMARY
==================================================
Resolution  32: 0.124519
Resolution  64: 0.042489
Resolution 128: 0.011251
Resolution 256: 0.011286
Resolution 512: 0.011307

Summary of Super-Resolution Evaluation:
Resolution factor 32: Relative L2 Loss = 0.124519
Resolution factor 64: Relative L2 Loss = 0.042489
Resolution factor 128: Relative L2 Loss = 0.011251
Resolution factor 256: Relative L2 Loss = 0.011286
Resolution factor 512: Relative L2 Loss = 0.011307

Evaluation plots saved to: figures/5436430
Wandb run: https://wandb.ai/rohanvk-carnegie-mellon-university/ffno1d/runs/lhucxbsn
Job completed at Fri Sep  5 12:12:20 EDT 2025
