Job started on babel-3-13 at Sat Apr  5 15:35:47 EDT 2025
Job ID: 4510831
Using device: cuda
[2025-04-05 15:35:50,436][root][INFO] - model:
  _target_: models.ffno.FFNO1D
  in_channels: 1
  out_channels: 1
  width: 32
  n_modes: 16
  factor: 4
  n_layers: 4
  ff_weight_norm: true
  n_ff_layers: 2
  layer_norm: false
  grid: null
  dropout: 0.0
  mode: full
dataset:
  reduced_batch: 1
  reduced_resolution: 32
  reduced_resolution_t: 4
  pde: burger_2.0
  data_path1: data/pdebench/1D_Burgers_Sols_Nu2.0.hdf5
training:
  batch_size: 64
  epochs: 100
  learning_rate: 0.001
  use_normalizer: false
project_name: ${dataset.pde}_${hydra:runtime.choices.model}
checkpoint_dir: checkpoints

Project name: burger_2.0_ffno_1d/ffno_1d
Model name: models.ffno.FFNO1D
PDE Dataset: burger_2.0
Loading from file: /home/rvk/data/pdebench/1D_Burgers_Sols_Nu2.0.hdf5
(10000, 201, 1024)
Total data shape: (10000, 51, 32)
x shape: (490000, 1, 32)
y shape: (490000, 1, 32)
grid shape: torch.Size([32, 1])
---------Using data normalizer---------------
Train dataset size: 392000
Validation dataset size: 49000
Test dataset size: 49000
<class 'torch.Tensor'> -0.09293138980865479 -0.09295220673084259 0.8991791605949402 0.8982546329498291
Sample Input shape: torch.Size([64, 1, 32])
Sample Output shape: torch.Size([64, 1, 32])
FFNO1D(
  (in_proj): WNLinear(in_features=2, out_features=32, bias=True)
  (fourier_layers): ModuleList(
    (0-3): 4 x FSpectralConv1d(
      (fourier_weight): ParameterList(  (0): Parameter containing: [torch.float32 of size 32x32x16x2 (cuda:0)])
      (backcast_ff): FeedForward(
        (layers): ModuleList(
          (0): Sequential(
            (0): Linear(in_features=32, out_features=128, bias=True)
            (1): Dropout(p=0.0, inplace=False)
            (2): GELU(approximate='none')
            (3): Identity()
          )
          (1): Sequential(
            (0): Linear(in_features=128, out_features=32, bias=True)
            (1): Dropout(p=0.0, inplace=False)
            (2): Identity()
            (3): Identity()
          )
        )
      )
      (act): Identity()
    )
  )
  (out_proj): WNLinear(in_features=32, out_features=1, bias=True)
)
Epoch 0, Train Loss: 0.10174129, Val Loss: 0.01955484
Epoch 10, Train Loss: 0.01236564, Val Loss: 0.00238523
Epoch 20, Train Loss: 0.00854774, Val Loss: 0.00590628
Epoch 30, Train Loss: 0.00738083, Val Loss: 0.01317062
Epoch 40, Train Loss: 0.00582290, Val Loss: 0.00317779
Epoch 50, Train Loss: 0.00443347, Val Loss: 0.00268586
Epoch 60, Train Loss: 0.00314923, Val Loss: 0.00223608
Epoch 70, Train Loss: 0.00184235, Val Loss: 0.00049261
Epoch 80, Train Loss: 0.00101873, Val Loss: 0.00050380
Epoch 90, Train Loss: 0.00038851, Val Loss: 0.00040096
Test L2 Loss: 0.000222
-----Visualizing Saved------
Figure saved to output_logs/predictions/burger_2.0_fno_4510831_predictions.png
Model saved to checkpoints/ffno1d/burger_2.0_4510831.pt
Original test data shape: x=torch.Size([49000, 1, 32]), y=torch.Size([49000, 1, 32])

Evaluating at resolution factor: 1
Resolution factor 1 - Relative L2 Loss: 0.000222

Evaluating at resolution factor: 2
Downsampled shapes: x=torch.Size([49000, 1, 16]), y=torch.Size([49000, 1, 16])
Skipping Resolution factor 2 because not enough modes

Evaluating at resolution factor: 4
Downsampled shapes: x=torch.Size([49000, 1, 8]), y=torch.Size([49000, 1, 8])
Skipping Resolution factor 4 because not enough modes

Evaluating at resolution factor: 8
Downsampled shapes: x=torch.Size([49000, 1, 4]), y=torch.Size([49000, 1, 4])
Skipping Resolution factor 8 because not enough modes

Evaluating at resolution factor: 16
Downsampled shapes: x=torch.Size([49000, 1, 2]), y=torch.Size([49000, 1, 2])
Skipping Resolution factor 16 because not enough modes

Evaluating at resolution factor: 32
Downsampled shapes: x=torch.Size([49000, 1, 1]), y=torch.Size([49000, 1, 1])
Skipping Resolution factor 32 because not enough modes

Summary of Super-Resolution Evaluation:
Resolution factor 1: Relative L2 Loss = 0.000222
[1;34mwandb[0m: 
[1;34mwandb[0m: 🚀 View run [33mbajoran-spot-71[0m at: [34mhttps://wandb.ai/rohanvk-carnegie-mellon-university/ffno1d/runs/lj5zv1i5[0m
[1;34mwandb[0m: Find logs at: [1;35mwandb/run-20250405_153559-lj5zv1i5/logs[0m
Job completed at Sat Apr  5 16:51:26 EDT 2025
