Job started on babel-3-13 at Sun Jun 22 10:56:27 EDT 2025
Job ID: 5145982
GPU information:
Sun Jun 22 10:56:27 2025       
+-----------------------------------------------------------------------------------------+
| NVIDIA-SMI 575.51.03              Driver Version: 575.51.03      CUDA Version: 12.9     |
|-----------------------------------------+------------------------+----------------------+
| GPU  Name                 Persistence-M | Bus-Id          Disp.A | Volatile Uncorr. ECC |
| Fan  Temp   Perf          Pwr:Usage/Cap |           Memory-Usage | GPU-Util  Compute M. |
|                                         |                        |               MIG M. |
|=========================================+========================+======================|
|   0  NVIDIA L40S                    On  |   00000000:4F:00.0 Off |                    0 |
| N/A   23C    P8             31W /  350W |       0MiB /  46068MiB |      0%      Default |
|                                         |                        |                  N/A |
+-----------------------------------------+------------------------+----------------------+
|   1  NVIDIA L40S                    On  |   00000000:52:00.0 Off |                    0 |
| N/A   22C    P8             31W /  350W |       0MiB /  46068MiB |      0%      Default |
|                                         |                        |                  N/A |
+-----------------------------------------+------------------------+----------------------+
                                                                                         
+-----------------------------------------------------------------------------------------+
| Processes:                                                                              |
|  GPU   GI   CI              PID   Type   Process name                        GPU Memory |
|        ID   ID                                                               Usage      |
|=========================================================================================|
|  No running processes found                                                             |
+-----------------------------------------------------------------------------------------+
CUDA devices:
CUDA_VISIBLE_DEVICES: 0,1
Using device: cuda
[2025-06-22 10:56:33,373][root][INFO] - model:
  _target_: models.CNO2d.CNO2d
  in_dim: 3
  out_dim: 3
  N_layers: 4
  N_res: 4
  N_res_neck: 4
  channel_multiplier: 16
  use_bn: false
dataset:
  reduced_batch: 1
  reduced_resolution: 1
  reduced_resolution_t: 1
  window_size: 15
  original_res: 512
  train_resolution: 512
  multi_res:
  - 1
  - 4
  s: 512
  train_mres: false
  pde: navier_stokes_0
  data_path1: data/pdebench/ns_incom_inhom_2d_512-0.hdf5
training:
  batch_size: 16
  epochs: 100
  learning_rate: 0.0001
  use_normalizer: false
project_name: ${dataset.pde}_${hydra:runtime.choices.model}
checkpoint_dir: checkpoints

Project name: navier_stokes_0_cno_2d/cno_2d
Model name: models.CNO2d.CNO2d
PDE Dataset: navier_stokes_0
Loading from file: /home/rvk/data/pdebench/ns_incom_inhom_2d_512-0.hdf5
Available keys: ['force', 'particles', 't', 'velocity']
Velocity data shape: (4, 1000, 512, 512, 2)
Particles data shape: (4, 1000, 512, 512, 1)
Combined data shape: (4, 1000, 512, 512, 3)
Current Spatial Size: 512
x shape: torch.Size([3992, 3, 512, 512])
y shape: torch.Size([3992, 3, 512, 512])
---------Computing min-max normalization statistics---------------
Input data range: [-2.759037, 2.506686]
Output data range: [-2.752234, 2.492671]
Train dataset size: 3193
Validation dataset size: 399
Test dataset size: 400
<class 'torch.Tensor'> 0.5239424705505371 0.5247250199317932 0.10363544523715973 0.10393992811441422
Total Model Parameters: 2.01M
Trainable Parameters: 2.01M
Epoch 0, Train Loss: 0.20089180, Val Loss: 0.06052317
Epoch 10, Train Loss: 0.00669298, Val Loss: 0.00650849
Epoch 20, Train Loss: 0.00520775, Val Loss: 0.00493417
Epoch 30, Train Loss: 0.00339622, Val Loss: 0.00328458
Epoch 40, Train Loss: 0.00298275, Val Loss: 0.00329082
Epoch 50, Train Loss: 0.00261768, Val Loss: 0.00258358
Epoch 60, Train Loss: 0.00219296, Val Loss: 0.00214092
Epoch 70, Train Loss: 0.00205651, Val Loss: 0.00201467
Epoch 80, Train Loss: 0.00180563, Val Loss: 0.00185456
Epoch 90, Train Loss: 0.00173847, Val Loss: 0.00172984
Test L2 Loss: 0.009000
Model saved to checkpoints/cno2d/navier_stokes_0_5145982.pt
Using provided normalization statistics from training resolution 512:
  Input range: [-2.759037, 2.506686]
  Output range: [-2.752234, 2.492671]
Loading original resolution (512) test data...
Loading from file: /home/rvk/data/pdebench/ns_incom_inhom_2d_512-0.hdf5
Available keys: ['force', 'particles', 't', 'velocity']
Velocity data shape: (4, 1000, 512, 512, 2)
Particles data shape: (4, 1000, 512, 512, 1)
Combined data shape: (4, 1000, 512, 512, 3)
Current Spatial Size: 512
x shape: torch.Size([3992, 3, 512, 512])
y shape: torch.Size([3992, 3, 512, 512])
Train dataset size: 3193
Validation dataset size: 399
Test dataset size: 400
Original test data shape: x=torch.Size([400, 3, 512, 512]), y=torch.Size([400, 3, 512, 512])
Testing resolutions: [32, 64, 128, 256, 512]

Evaluating at resolution: 32
Resizing data...
Resized shapes: x=torch.Size([400, 3, 32, 32]), y=torch.Size([400, 3, 32, 32])
Resolution 32 - Relative L2 Loss: 0.489384

Evaluating at resolution: 64
Resizing data...
Resized shapes: x=torch.Size([400, 3, 64, 64]), y=torch.Size([400, 3, 64, 64])
Resolution 64 - Relative L2 Loss: 0.307890

Evaluating at resolution: 128
Resizing data...
Resized shapes: x=torch.Size([400, 3, 128, 128]), y=torch.Size([400, 3, 128, 128])
Resolution 128 - Relative L2 Loss: 0.177316

Evaluating at resolution: 256
Resizing data...
Resized shapes: x=torch.Size([400, 3, 256, 256]), y=torch.Size([400, 3, 256, 256])
Resolution 256 - Relative L2 Loss: 0.070097

Evaluating at resolution: 512
Resizing data...
Resized shapes: x=torch.Size([400, 3, 512, 512]), y=torch.Size([400, 3, 512, 512])
Resolution 512 - Relative L2 Loss: 0.009000

==================================================
EVALUATION SUMMARY
==================================================
Resolution  32: 0.489384
Resolution  64: 0.307890
Resolution 128: 0.177316
Resolution 256: 0.070097
Resolution 512: 0.009000

Summary of Super-Resolution Evaluation:
Resolution factor 32: Relative L2 Loss = 0.489384
Resolution factor 64: Relative L2 Loss = 0.307890
Resolution factor 128: Relative L2 Loss = 0.177316
Resolution factor 256: Relative L2 Loss = 0.070097
Resolution factor 512: Relative L2 Loss = 0.009000
[1;34mwandb[0m: 
[1;34mwandb[0m: 🚀 View run [33mfrosty-flower-16[0m at: [34mhttps://wandb.ai/rohanvk-carnegie-mellon-university/cno2d/runs/hlya0j1t[0m
[1;34mwandb[0m: Find logs at: [1;35mwandb/run-20250622_105759-hlya0j1t/logs[0m
Job completed at Sun Jun 22 16:36:25 EDT 2025
