Job started on babel-13-37 at Wed Jun 25 19:13:59 EDT 2025
Job ID: 5159568
GPU information:
Wed Jun 25 19:13:59 2025       
+-----------------------------------------------------------------------------------------+
| NVIDIA-SMI 575.51.03              Driver Version: 575.51.03      CUDA Version: 12.9     |
|-----------------------------------------+------------------------+----------------------+
| GPU  Name                 Persistence-M | Bus-Id          Disp.A | Volatile Uncorr. ECC |
| Fan  Temp   Perf          Pwr:Usage/Cap |           Memory-Usage | GPU-Util  Compute M. |
|                                         |                        |               MIG M. |
|=========================================+========================+======================|
|   0  NVIDIA L40                     On  |   00000000:61:00.0 Off |                    0 |
| N/A   40C    P8             37W /  300W |       0MiB /  46068MiB |      0%      Default |
|                                         |                        |                  N/A |
+-----------------------------------------+------------------------+----------------------+
|   1  NVIDIA L40                     On  |   00000000:E1:00.0 Off |                    0 |
| N/A   39C    P8             38W /  300W |       0MiB /  46068MiB |      0%      Default |
|                                         |                        |                  N/A |
+-----------------------------------------+------------------------+----------------------+
                                                                                         
+-----------------------------------------------------------------------------------------+
| Processes:                                                                              |
|  GPU   GI   CI              PID   Type   Process name                        GPU Memory |
|        ID   ID                                                               Usage      |
|=========================================================================================|
|  No running processes found                                                             |
+-----------------------------------------------------------------------------------------+
CUDA devices:
CUDA_VISIBLE_DEVICES: 0,1
Using device: cuda
[2025-06-25 19:14:05,402][root][INFO] - model:
  _target_: null
  image_size: 64
  patch_size: 4
  num_channels: 3
  num_out_channels: 3
  embed_dim: 96
  depths:
  - 8
  - 8
  - 8
  - 8
  num_heads:
  - 3
  - 6
  - 12
  - 24
  skip_connections:
  - 2
  - 2
  - 2
  - 0
  window_size: 16
  mlp_ratio: 4.0
  qkv_bias: true
  hidden_dropout_prob: 0.0
  attention_probs_dropout_prob: 0.0
  drop_path_rate: 0.0
  hidden_act: gelu
  use_absolute_embeddings: false
  initializer_range: 0.02
  layer_norm_eps: 1.0e-05
  p: 1
  channel_slice_list_normalized_loss:
  - 0
  - 1
  - 2
  - 3
  residual_model: convnext
  use_conditioning: true
  learn_residual: false
dataset:
  reduced_batch: 1
  reduced_resolution: 16
  reduced_resolution_t: 1
  window_size: 15
  original_res: 512
  train_resolution: 32
  multi_res:
  - 4
  - 8
  s: 32
  train_mres: false
  pde: navier_stokes_0
  data_path1: data/pdebench/ns_incom_inhom_2d_512-0.hdf5
training:
  batch_size: 16
  epochs: 100
  learning_rate: 0.001
  use_normalizer: false
project_name: ${dataset.pde}_${hydra:runtime.choices.model}
checkpoint_dir: checkpoints

Project name: navier_stokes_0_pos/pos
PDE Dataset: navier_stokes_0
Model: pos
Loading from file: /home/rvk/data/pdebench/ns_incom_inhom_2d_512-0.hdf5
Available keys: ['force', 'particles', 't', 'velocity']
Velocity data shape: (4, 1000, 512, 512, 2)
Particles data shape: (4, 1000, 512, 512, 1)
Combined data shape: (4, 1000, 512, 512, 3)
Current Spatial Size: 512
Downsampling from 512x512 to 32x32
Data shape after downsampling: (4, 1000, 32, 32, 3)
x shape: torch.Size([3992, 3, 32, 32])
y shape: torch.Size([3992, 3, 32, 32])
---------Computing min-max normalization statistics---------------
Input data range: [-2.729954, 2.476336]
Output data range: [-2.729954, 2.436164]
Train dataset size: 3193
Validation dataset size: 399
Test dataset size: 400
<class 'torch.Tensor'> 0.5247495174407959 0.5288307070732117 0.0976424440741539 0.09832478314638138
Total Model Parameters: 157.73M
Trainable Parameters: 157.73M
