Job started on babel-12-25 at Sat Jul  5 16:19:56 EDT 2025
Job ID: 5190030
GPU information:
Sat Jul  5 16:19:56 2025       
+-----------------------------------------------------------------------------------------+
| NVIDIA-SMI 575.51.03              Driver Version: 575.51.03      CUDA Version: 12.9     |
|-----------------------------------------+------------------------+----------------------+
| GPU  Name                 Persistence-M | Bus-Id          Disp.A | Volatile Uncorr. ECC |
| Fan  Temp   Perf          Pwr:Usage/Cap |           Memory-Usage | GPU-Util  Compute M. |
|                                         |                        |               MIG M. |
|=========================================+========================+======================|
|   0  NVIDIA RTX A6000               On  |   00000000:02:00.0 Off |                  Off |
| 30%   31C    P8             25W /  300W |       1MiB /  49140MiB |      0%      Default |
|                                         |                        |                  N/A |
+-----------------------------------------+------------------------+----------------------+
|   1  NVIDIA RTX A6000               On  |   00000000:03:00.0 Off |                  Off |
| 30%   32C    P8             22W /  300W |       1MiB /  49140MiB |      0%      Default |
|                                         |                        |                  N/A |
+-----------------------------------------+------------------------+----------------------+
                                                                                         
+-----------------------------------------------------------------------------------------+
| Processes:                                                                              |
|  GPU   GI   CI              PID   Type   Process name                        GPU Memory |
|        ID   ID                                                               Usage      |
|=========================================================================================|
|  No running processes found                                                             |
+-----------------------------------------------------------------------------------------+
CUDA devices:
CUDA_VISIBLE_DEVICES: 0,1
Using device: cuda
[2025-07-05 16:20:04,680][root][INFO] - model:
  _target_: models.ffno.FFNO2D
  in_channels: 3
  out_channels: 3
  width: 32
  factor: 4
  n_modes: 16
  n_layers: 4
  dropout: 0.1
  mode: full
  ff_weight_norm: true
  n_ff_layers: 2
  layer_norm: true
  use_grid: false
dataset:
  dataset_params:
    _target_: dataloaders.active_matter_all_markov.multi_file_active_matter_markov_dataset
    file_pattern: active_matter_*.hdf5
    saved_folder: /data/user_data/rvk/well/datasets/active_matter/data/train/
    reduced_batch: 4
    reduced_resolution: 1
    reduced_resolution_t: 1
    s: 64
    data_normalizer: true
    num_samples_max: -1
  window_size: 15
  original_res: 256
  train_resolution: 64
  multi_res:
  - 1
  - 16
  train_mres: false
  pde: navier_stokes_0
training:
  batch_size: 16
  epochs: 100
  learning_rate: 0.001
  use_normalizer: false
project_name: ${dataset.pde}_${hydra:runtime.choices.model}
checkpoint_dir: checkpoints

Project name: navier_stokes_0_ffno_2d/ns_ffno_2d
Model name: models.ffno.FFNO2D
PDE Dataset: navier_stokes_0
---------------------
Found 45 files matching pattern: active_matter_*.hdf5
  1: active_matter_L_10.0_zeta_1.0_alpha_-1.0.hdf5
  2: active_matter_L_10.0_zeta_1.0_alpha_-2.0.hdf5
  3: active_matter_L_10.0_zeta_1.0_alpha_-3.0.hdf5
  4: active_matter_L_10.0_zeta_1.0_alpha_-4.0.hdf5
  5: active_matter_L_10.0_zeta_1.0_alpha_-5.0.hdf5
  ... and 40 more files
Concatenating data from all files...
Combined concentration shape: (58, 81, 256, 256)
Combined velocity shape: (58, 81, 256, 256, 2)
Final combined data shape: (58, 81, 256, 256, 3)
Channels: [concentration, vx, vy]
Total trajectories: 58
Grid shape: torch.Size([256, 256, 2])

Parameter Statistics:
Alpha range: -5.0 to -1.0
Unique alpha values: [np.float32(-5.0), np.float32(-4.0), np.float32(-3.0), np.float32(-2.0), np.float32(-1.0)]
Zeta range: 1.0 to 17.0
Unique zeta values: [np.float32(1.0), np.float32(3.0), np.float32(5.0), np.float32(7.0), np.float32(9.0), np.float32(11.0), np.float32(13.0), np.float32(15.0), np.float32(17.0)]
L values: [10.0]
Total files: 45
Total trajectories: 175
Current Spatial Size: 256
Resizing from 256x256 to 64x64
Downsampling using downsample function
Data shape after resizing: (58, 81, 64, 64, 3)
x shape: torch.Size([4640, 3, 64, 64])
y shape: torch.Size([4640, 3, 64, 64])
grid shape: torch.Size([64, 64, 2])
---------Computing min-max normalization statistics---------------
Input data range: [-4.488708, 4.538237]
Output data range: [-4.485606, 4.538237]
Train dataset size: 3712
Validation dataset size: 464
Test dataset size: 464
<dataloaders.active_matter_all_markov.multi_file_active_matter_markov_dataset.<locals>.MinMaxNormalizedDataset object at 0x147c2b7dc910>
<class 'torch.Tensor'> 0.5341830849647522 0.5340229868888855 0.07144885510206223 0.0707915872335434
FFNO2D(
  (in_proj): WNLinear(in_features=3, out_features=32, bias=True)
  (fourier_layers): ModuleList(
    (0-3): 4 x FSpectralConv2d(
      (fourier_weight): ParameterList(
          (0): Parameter containing: [torch.float32 of size 32x32x16x2 (cuda:0)]
          (1): Parameter containing: [torch.float32 of size 32x32x16x2 (cuda:0)]
      )
      (backcast_ff): FeedForward(
        (layers): ModuleList(
          (0): Sequential(
            (0): Linear(in_features=32, out_features=128, bias=True)
            (1): Dropout(p=0.1, inplace=False)
            (2): GELU(approximate='none')
            (3): Identity()
          )
          (1): Sequential(
            (0): Linear(in_features=128, out_features=32, bias=True)
            (1): Dropout(p=0.1, inplace=False)
            (2): Identity()
            (3): LayerNorm((32,), eps=1e-05, elementwise_affine=True)
          )
        )
      )
    )
  )
  (out_proj): WNLinear(in_features=32, out_features=3, bias=True)
)
Total Model Parameters: 0.30M
Trainable Parameters: 0.30M
Epoch 0, Train Loss: 0.29426374, Val Loss: 0.07122250
Epoch 10, Train Loss: 0.02405288, Val Loss: 0.01886345
Epoch 20, Train Loss: 0.01847145, Val Loss: 0.01878474
Epoch 30, Train Loss: 0.01456588, Val Loss: 0.01262173
Epoch 40, Train Loss: 0.01380657, Val Loss: 0.01191256
Epoch 50, Train Loss: 0.01222887, Val Loss: 0.01075957
Epoch 60, Train Loss: 0.01204717, Val Loss: 0.00993174
Epoch 70, Train Loss: 0.01155717, Val Loss: 0.01021553
Epoch 80, Train Loss: 0.01112579, Val Loss: 0.00969620
Epoch 90, Train Loss: 0.01093850, Val Loss: 0.01002632
Test L2 Loss: 0.064900
Model saved to checkpoints/ffno2d/navier_stokes_0_5190030.pt
Created/verified figures directory: figures/5190030
Using provided normalization statistics from training resolution 64:
  Input range: [-4.488708, 4.538237]
  Output range: [-4.485606, 4.538237]
Testing resolutions: [32, 64, 128, 256]
Found 45 files matching pattern: active_matter_*.hdf5
  1: active_matter_L_10.0_zeta_1.0_alpha_-1.0.hdf5
  2: active_matter_L_10.0_zeta_1.0_alpha_-2.0.hdf5
  3: active_matter_L_10.0_zeta_1.0_alpha_-3.0.hdf5
  4: active_matter_L_10.0_zeta_1.0_alpha_-4.0.hdf5
  5: active_matter_L_10.0_zeta_1.0_alpha_-5.0.hdf5
  ... and 40 more files
Concatenating data from all files...
Combined concentration shape: (175, 81, 256, 256)
Combined velocity shape: (175, 81, 256, 256, 2)
Final combined data shape: (175, 81, 256, 256, 3)
Channels: [concentration, vx, vy]
Total trajectories: 175
Grid shape: torch.Size([256, 256, 2])

Parameter Statistics:
Alpha range: -5.0 to -1.0
Unique alpha values: [np.float32(-5.0), np.float32(-4.0), np.float32(-3.0), np.float32(-2.0), np.float32(-1.0)]
Zeta range: 1.0 to 17.0
Unique zeta values: [np.float32(1.0), np.float32(3.0), np.float32(5.0), np.float32(7.0), np.float32(9.0), np.float32(11.0), np.float32(13.0), np.float32(15.0), np.float32(17.0)]
L values: [10.0]
Total files: 45
Total trajectories: 175
Current Spatial Size: 256
Resizing from 256x256 to 32x32
Downsampling using downsample function
Data shape after resizing: (175, 81, 32, 32, 3)
x shape: torch.Size([14000, 3, 32, 32])
y shape: torch.Size([14000, 3, 32, 32])
grid shape: torch.Size([32, 32, 2])
Train dataset size: 11200
Validation dataset size: 1400
Test dataset size: 1400
Resolution 32 - Relative L2 Loss: 0.062416
Memory cleaned after resolution 32
Found 45 files matching pattern: active_matter_*.hdf5
  1: active_matter_L_10.0_zeta_1.0_alpha_-1.0.hdf5
  2: active_matter_L_10.0_zeta_1.0_alpha_-2.0.hdf5
  3: active_matter_L_10.0_zeta_1.0_alpha_-3.0.hdf5
  4: active_matter_L_10.0_zeta_1.0_alpha_-4.0.hdf5
  5: active_matter_L_10.0_zeta_1.0_alpha_-5.0.hdf5
  ... and 40 more files
Concatenating data from all files...
Combined concentration shape: (175, 81, 256, 256)
Combined velocity shape: (175, 81, 256, 256, 2)
Final combined data shape: (175, 81, 256, 256, 3)
Channels: [concentration, vx, vy]
Total trajectories: 175
Grid shape: torch.Size([256, 256, 2])

Parameter Statistics:
Alpha range: -5.0 to -1.0
Unique alpha values: [np.float32(-5.0), np.float32(-4.0), np.float32(-3.0), np.float32(-2.0), np.float32(-1.0)]
Zeta range: 1.0 to 17.0
Unique zeta values: [np.float32(1.0), np.float32(3.0), np.float32(5.0), np.float32(7.0), np.float32(9.0), np.float32(11.0), np.float32(13.0), np.float32(15.0), np.float32(17.0)]
L values: [10.0]
Total files: 45
Total trajectories: 175
Current Spatial Size: 256
Resizing from 256x256 to 64x64
Downsampling using downsample function
Data shape after resizing: (175, 81, 64, 64, 3)
x shape: torch.Size([14000, 3, 64, 64])
y shape: torch.Size([14000, 3, 64, 64])
grid shape: torch.Size([64, 64, 2])
Train dataset size: 11200
Validation dataset size: 1400
Test dataset size: 1400
Resolution 64 - Relative L2 Loss: 0.063417
Memory cleaned after resolution 64
Found 45 files matching pattern: active_matter_*.hdf5
  1: active_matter_L_10.0_zeta_1.0_alpha_-1.0.hdf5
  2: active_matter_L_10.0_zeta_1.0_alpha_-2.0.hdf5
  3: active_matter_L_10.0_zeta_1.0_alpha_-3.0.hdf5
  4: active_matter_L_10.0_zeta_1.0_alpha_-4.0.hdf5
  5: active_matter_L_10.0_zeta_1.0_alpha_-5.0.hdf5
  ... and 40 more files
Concatenating data from all files...
Combined concentration shape: (175, 81, 256, 256)
Combined velocity shape: (175, 81, 256, 256, 2)
Final combined data shape: (175, 81, 256, 256, 3)
Channels: [concentration, vx, vy]
Total trajectories: 175
Grid shape: torch.Size([256, 256, 2])

Parameter Statistics:
Alpha range: -5.0 to -1.0
Unique alpha values: [np.float32(-5.0), np.float32(-4.0), np.float32(-3.0), np.float32(-2.0), np.float32(-1.0)]
Zeta range: 1.0 to 17.0
Unique zeta values: [np.float32(1.0), np.float32(3.0), np.float32(5.0), np.float32(7.0), np.float32(9.0), np.float32(11.0), np.float32(13.0), np.float32(15.0), np.float32(17.0)]
L values: [10.0]
Total files: 45
Total trajectories: 175
Current Spatial Size: 256
Resizing from 256x256 to 128x128
Downsampling using downsample function
Data shape after resizing: (175, 81, 128, 128, 3)
x shape: torch.Size([14000, 3, 128, 128])
y shape: torch.Size([14000, 3, 128, 128])
grid shape: torch.Size([128, 128, 2])
Train dataset size: 11200
Validation dataset size: 1400
Test dataset size: 1400
Resolution 128 - Relative L2 Loss: 0.063451
Memory cleaned after resolution 128
Found 45 files matching pattern: active_matter_*.hdf5
  1: active_matter_L_10.0_zeta_1.0_alpha_-1.0.hdf5
  2: active_matter_L_10.0_zeta_1.0_alpha_-2.0.hdf5
  3: active_matter_L_10.0_zeta_1.0_alpha_-3.0.hdf5
  4: active_matter_L_10.0_zeta_1.0_alpha_-4.0.hdf5
  5: active_matter_L_10.0_zeta_1.0_alpha_-5.0.hdf5
  ... and 40 more files
Concatenating data from all files...
Combined concentration shape: (175, 81, 256, 256)
Combined velocity shape: (175, 81, 256, 256, 2)
Final combined data shape: (175, 81, 256, 256, 3)
Channels: [concentration, vx, vy]
Total trajectories: 175
Grid shape: torch.Size([256, 256, 2])

Parameter Statistics:
Alpha range: -5.0 to -1.0
Unique alpha values: [np.float32(-5.0), np.float32(-4.0), np.float32(-3.0), np.float32(-2.0), np.float32(-1.0)]
Zeta range: 1.0 to 17.0
Unique zeta values: [np.float32(1.0), np.float32(3.0), np.float32(5.0), np.float32(7.0), np.float32(9.0), np.float32(11.0), np.float32(13.0), np.float32(15.0), np.float32(17.0)]
L values: [10.0]
Total files: 45
Total trajectories: 175
Current Spatial Size: 256
x shape: torch.Size([14000, 3, 256, 256])
y shape: torch.Size([14000, 3, 256, 256])
grid shape: torch.Size([256, 256, 2])
Train dataset size: 11200
Validation dataset size: 1400
Test dataset size: 1400
Resolution 256 - Relative L2 Loss: 0.063451
Memory cleaned after resolution 256
Creating prediction vs target plots...
Detected 3 channel(s) in the data
Plotting Channel 0...
Saved main comparison plot to: figures/5190030/prediction_plots/navier_stokes_comparison_20250705_163110.png
Saved error plot to: figures/5190030/prediction_plots/navier_stokes_error_20250705_163110.png
Saved individual plot for resolution 32 to: figures/5190030/prediction_plots/navier_stokes_res_32_20250705_163110.png
Saved individual plot for resolution 64 to: figures/5190030/prediction_plots/navier_stokes_res_64_20250705_163110.png
Saved individual plot for resolution 128 to: figures/5190030/prediction_plots/navier_stokes_res_128_20250705_163110.png
Saved individual plot for resolution 256 to: figures/5190030/prediction_plots/navier_stokes_res_256_20250705_163110.png
Plotting Channel 1...
Saved main comparison plot to: figures/5190030/prediction_plots/navier_stokes_comparison_ch1_20250705_163110.png
Saved error plot to: figures/5190030/prediction_plots/navier_stokes_error_ch1_20250705_163110.png
Saved individual plot for resolution 32 to: figures/5190030/prediction_plots/navier_stokes_res_32_ch1_20250705_163110.png
Saved individual plot for resolution 64 to: figures/5190030/prediction_plots/navier_stokes_res_64_ch1_20250705_163110.png
Saved individual plot for resolution 128 to: figures/5190030/prediction_plots/navier_stokes_res_128_ch1_20250705_163110.png
Saved individual plot for resolution 256 to: figures/5190030/prediction_plots/navier_stokes_res_256_ch1_20250705_163110.png
Plotting Channel 2...
Saved main comparison plot to: figures/5190030/prediction_plots/navier_stokes_comparison_ch2_20250705_163110.png
Saved error plot to: figures/5190030/prediction_plots/navier_stokes_error_ch2_20250705_163110.png
Saved individual plot for resolution 32 to: figures/5190030/prediction_plots/navier_stokes_res_32_ch2_20250705_163110.png
Saved individual plot for resolution 64 to: figures/5190030/prediction_plots/navier_stokes_res_64_ch2_20250705_163110.png
Saved individual plot for resolution 128 to: figures/5190030/prediction_plots/navier_stokes_res_128_ch2_20250705_163110.png
Saved individual plot for resolution 256 to: figures/5190030/prediction_plots/navier_stokes_res_256_ch2_20250705_163110.png
Saved all channels comparison plot to: figures/5190030/prediction_plots/navier_stokes_all_channels_20250705_163110.png
Saved numerical results: figures/5190030/evaluation_results_20250705_163144.csv
Saved summary: figures/5190030/evaluation_summary_20250705_163144.txt

==================================================
EVALUATION SUMMARY
==================================================
Resolution  32: 0.062416
Resolution  64: 0.063417
Resolution 128: 0.063451
Resolution 256: 0.063451

Summary of Super-Resolution Evaluation:
Resolution factor 32: Relative L2 Loss = 0.062416
Resolution factor 64: Relative L2 Loss = 0.063417
Resolution factor 128: Relative L2 Loss = 0.063451
Resolution factor 256: Relative L2 Loss = 0.063451

Evaluation plots saved to: figures/5190030
Wandb run: https://wandb.ai/rohanvk-carnegie-mellon-university/ffno2d/runs/r2qdax4q
Job completed at Sat Jul  5 16:31:49 EDT 2025
