Job started on babel-5-31 at Mon Aug  4 18:19:38 EDT 2025
Job ID: 5298257
GPU information:
Mon Aug  4 18:19:38 2025       
+-----------------------------------------------------------------------------------------+
| NVIDIA-SMI 575.51.03              Driver Version: 575.51.03      CUDA Version: 12.9     |
|-----------------------------------------+------------------------+----------------------+
| GPU  Name                 Persistence-M | Bus-Id          Disp.A | Volatile Uncorr. ECC |
| Fan  Temp   Perf          Pwr:Usage/Cap |           Memory-Usage | GPU-Util  Compute M. |
|                                         |                        |               MIG M. |
|=========================================+========================+======================|
|   0  NVIDIA A100 80GB PCIe          On  |   00000000:81:00.0 Off |                    0 |
| N/A   42C    P0             58W /  300W |       0MiB /  81920MiB |      0%      Default |
|                                         |                        |             Disabled |
+-----------------------------------------+------------------------+----------------------+
|   1  NVIDIA A100 80GB PCIe          On  |   00000000:E1:00.0 Off |                    0 |
| N/A   41C    P0             60W /  300W |       0MiB /  81920MiB |      0%      Default |
|                                         |                        |             Disabled |
+-----------------------------------------+------------------------+----------------------+
                                                                                         
+-----------------------------------------------------------------------------------------+
| Processes:                                                                              |
|  GPU   GI   CI              PID   Type   Process name                        GPU Memory |
|        ID   ID                                                               Usage      |
|=========================================================================================|
|  No running processes found                                                             |
+-----------------------------------------------------------------------------------------+
CUDA devices:
CUDA_VISIBLE_DEVICES: 0,1
/home/rvk
Using device: cuda
[2025-08-04 18:19:46,092][root][INFO] - model:
  _target_: models.ffno.FFNO1D
  in_channels: 1
  out_channels: 1
  factor: 4
  n_modes: 16
  width: 128
  n_layers: 8
  ff_weight_norm: true
  n_ff_layers: 4
  layer_norm: true
  dropout: 0.1
  mode: full
  activation: relu
  use_grid: false
dataset:
  dataset_params:
    _target_: dataloaders.ks.ks_markov_dataset
    filename: KS_train_2048.h5
    saved_folder: /data/user_data/rvk/ks/res_512/visc_0.075_L64.0_lmax8_et5.0_nte51_nt51
    val_filename: KS_valid.h5
    test_filename: KS_test.h5
    reduced_batch: 1
    reduced_resolution: 1
    reduced_resolution_t: 4
    s: 256
    data_normalizer: true
    num_samples_max: -1
  window_size: 15
  original_res: 512
  multi_res:
  - 1
  - 16
  train_mres: false
  pde: ks
training:
  batch_size: 64
  epochs: 100
  learning_rate: 0.001
  use_normalizer: false
project_name: ${dataset.pde}_${hydra:runtime.choices.model}
checkpoint_dir: checkpoints

Project name: ks_ffno_1d/ffno_1d
Model name: models.ffno.FFNO1D
PDE Dataset: ks
---------------------
Loading from file: /data/user_data/rvk/ks/res_512/visc_0.075_L64.0_lmax8_et5.0_nte51_nt51/KS_train_2048.h5
Available data keys in 'train': ['dt', 'dx', 'pde_51-512', 't', 'x']
PDE data shape: (2048, 51, 512)
Time data shape: (2048, 51)
Spatial coordinates shape: (512,)
dx shape: (2048,)
dt shape: (2048,)
Final data shape: (2048, 13, 512)
Current Spatial Size: 512
Resizing from 512 to 256
Downsampling using FFT-based downsample_1d function
Data shape after resizing: (2048, 13, 256)
Updated spatial coordinates shape: (256,)
x shape: torch.Size([24576, 1, 256])
y shape: torch.Size([24576, 1, 256])
spatial coordinates shape: (256,)
Loading from file: /data/user_data/rvk/ks/res_512/visc_0.075_L64.0_lmax8_et5.0_nte51_nt51/KS_valid.h5
Available data keys in 'valid': ['dt', 'dx', 'pde_51-512', 't', 'x']
PDE data shape: (256, 51, 512)
Time data shape: (256, 51)
Spatial coordinates shape: (512,)
dx shape: (256,)
dt shape: (256,)
Final data shape: (256, 13, 512)
Current Spatial Size: 512
Resizing from 512 to 256
Downsampling using FFT-based downsample_1d function
Data shape after resizing: (256, 13, 256)
Updated spatial coordinates shape: (256,)
x shape: torch.Size([3072, 1, 256])
y shape: torch.Size([3072, 1, 256])
spatial coordinates shape: (256,)
Loading from file: /data/user_data/rvk/ks/res_512/visc_0.075_L64.0_lmax8_et5.0_nte51_nt51/KS_test.h5
Available data keys in 'test': ['dt', 'dx', 'pde_51-512', 't', 'x']
PDE data shape: (256, 51, 512)
Time data shape: (256, 51)
Spatial coordinates shape: (512,)
dx shape: (256,)
dt shape: (256,)
Final data shape: (256, 13, 512)
Current Spatial Size: 512
Resizing from 512 to 256
Downsampling using FFT-based downsample_1d function
Data shape after resizing: (256, 13, 256)
Updated spatial coordinates shape: (256,)
x shape: torch.Size([3072, 1, 256])
y shape: torch.Size([3072, 1, 256])
spatial coordinates shape: (256,)
---------Computing min-max normalization statistics---------------
Input data range: [-14.159794, 13.536011]
Output data range: [-14.159794, 14.091070]
Train dataset size: 24576
Validation dataset size: 3072
Test dataset size: 3072
<dataloaders.ks.ks_markov_dataset.<locals>.MinMaxNormalizedDataset object at 0x14c9fb187d90>
<class 'torch.Tensor'> 0.5112613439559937 0.5012163519859314 0.1103663295507431 0.12207997590303421
FFNO1D(
  (in_proj): WNLinear(in_features=1, out_features=128, bias=True)
  (fourier_layers): ModuleList(
    (0-7): 8 x FSpectralConv1d(
      (fourier_weight): ParameterList(  (0): Parameter containing: [torch.float32 of size 128x128x16x2 (cuda:0)])
      (backcast_ff): FeedForward(
        (layers): ModuleList(
          (0): Sequential(
            (0): Linear(in_features=128, out_features=512, bias=True)
            (1): Dropout(p=0.1, inplace=False)
            (2): GELU(approximate='none')
            (3): Identity()
          )
          (1-2): 2 x Sequential(
            (0): Linear(in_features=512, out_features=512, bias=True)
            (1): Dropout(p=0.1, inplace=False)
            (2): GELU(approximate='none')
            (3): Identity()
          )
          (3): Sequential(
            (0): Linear(in_features=512, out_features=128, bias=True)
            (1): Dropout(p=0.1, inplace=False)
            (2): Identity()
            (3): LayerNorm((128,), eps=1e-05, elementwise_affine=True)
          )
        )
      )
    )
  )
  (out_proj): WNLinear(in_features=128, out_features=1, bias=True)
)
Total Model Parameters: 9.45M
Trainable Parameters: 9.45M
Epoch 0, Train Loss: 0.45174613, Val Loss: 0.16879097
Epoch 10, Train Loss: 0.13365385, Val Loss: 0.12951118
Epoch 20, Train Loss: 0.11726802, Val Loss: 0.12089650
Epoch 30, Train Loss: 0.09755396, Val Loss: 0.12128942
Epoch 40, Train Loss: 0.08372822, Val Loss: 0.12728332
Epoch 50, Train Loss: 0.06889013, Val Loss: 0.12875954
Epoch 60, Train Loss: 0.06089563, Val Loss: 0.13022710
Epoch 70, Train Loss: 0.05656256, Val Loss: 0.13228001
Epoch 80, Train Loss: 0.05057154, Val Loss: 0.13305214
Epoch 90, Train Loss: 0.04875874, Val Loss: 0.13234948
Test L2 Loss: 0.464091
Model saved to checkpoints/ffno1d/ks_5298257.pt
Created/verified figures directory: figures/5298257
Evaluating KS model at multiple resolutions
Using provided normalization statistics from training resolution 256:
  Input range: [-14.159794, 13.536011]
  Output range: [-14.159794, 14.091070]
Testing resolutions: [32, 64, 128, 256, 512]
Loading from file: /data/user_data/rvk/ks/res_512/visc_0.075_L64.0_lmax8_et5.0_nte51_nt51/KS_train_2048.h5
Available data keys in 'train': ['dt', 'dx', 'pde_51-512', 't', 'x']
PDE data shape: (2048, 51, 512)
Time data shape: (2048, 51)
Spatial coordinates shape: (512,)
dx shape: (2048,)
dt shape: (2048,)
Final data shape: (2048, 13, 512)
Current Spatial Size: 512
Resizing from 512 to 32
Downsampling using FFT-based downsample_1d function
Data shape after resizing: (2048, 13, 32)
Updated spatial coordinates shape: (32,)
x shape: torch.Size([24576, 1, 32])
y shape: torch.Size([24576, 1, 32])
spatial coordinates shape: (32,)
Loading from file: /data/user_data/rvk/ks/res_512/visc_0.075_L64.0_lmax8_et5.0_nte51_nt51/KS_valid.h5
Available data keys in 'valid': ['dt', 'dx', 'pde_51-512', 't', 'x']
PDE data shape: (256, 51, 512)
Time data shape: (256, 51)
Spatial coordinates shape: (512,)
dx shape: (256,)
dt shape: (256,)
Final data shape: (256, 13, 512)
Current Spatial Size: 512
Resizing from 512 to 32
Downsampling using FFT-based downsample_1d function
Data shape after resizing: (256, 13, 32)
Updated spatial coordinates shape: (32,)
x shape: torch.Size([3072, 1, 32])
y shape: torch.Size([3072, 1, 32])
spatial coordinates shape: (32,)
Loading from file: /data/user_data/rvk/ks/res_512/visc_0.075_L64.0_lmax8_et5.0_nte51_nt51/KS_test.h5
Available data keys in 'test': ['dt', 'dx', 'pde_51-512', 't', 'x']
PDE data shape: (256, 51, 512)
Time data shape: (256, 51)
Spatial coordinates shape: (512,)
dx shape: (256,)
dt shape: (256,)
Final data shape: (256, 13, 512)
Current Spatial Size: 512
Resizing from 512 to 32
Downsampling using FFT-based downsample_1d function
Data shape after resizing: (256, 13, 32)
Updated spatial coordinates shape: (32,)
x shape: torch.Size([3072, 1, 32])
y shape: torch.Size([3072, 1, 32])
spatial coordinates shape: (32,)
Train dataset size: 24576
Validation dataset size: 3072
Test dataset size: 3072
Selected random indices for plotting: [2695, 1964, 792, 2830, 1390, 1442, 872, 2799, 743, 1457]
Collected 10 examples for resolution 32
Resolution 32 - Relative L2 Loss: 0.370783
Memory cleaned after resolution 32
Loading from file: /data/user_data/rvk/ks/res_512/visc_0.075_L64.0_lmax8_et5.0_nte51_nt51/KS_train_2048.h5
Available data keys in 'train': ['dt', 'dx', 'pde_51-512', 't', 'x']
PDE data shape: (2048, 51, 512)
Time data shape: (2048, 51)
Spatial coordinates shape: (512,)
dx shape: (2048,)
dt shape: (2048,)
Final data shape: (2048, 13, 512)
Current Spatial Size: 512
Resizing from 512 to 64
Downsampling using FFT-based downsample_1d function
Data shape after resizing: (2048, 13, 64)
Updated spatial coordinates shape: (64,)
x shape: torch.Size([24576, 1, 64])
y shape: torch.Size([24576, 1, 64])
spatial coordinates shape: (64,)
Loading from file: /data/user_data/rvk/ks/res_512/visc_0.075_L64.0_lmax8_et5.0_nte51_nt51/KS_valid.h5
Available data keys in 'valid': ['dt', 'dx', 'pde_51-512', 't', 'x']
PDE data shape: (256, 51, 512)
Time data shape: (256, 51)
Spatial coordinates shape: (512,)
dx shape: (256,)
dt shape: (256,)
Final data shape: (256, 13, 512)
Current Spatial Size: 512
Resizing from 512 to 64
Downsampling using FFT-based downsample_1d function
Data shape after resizing: (256, 13, 64)
Updated spatial coordinates shape: (64,)
x shape: torch.Size([3072, 1, 64])
y shape: torch.Size([3072, 1, 64])
spatial coordinates shape: (64,)
Loading from file: /data/user_data/rvk/ks/res_512/visc_0.075_L64.0_lmax8_et5.0_nte51_nt51/KS_test.h5
Available data keys in 'test': ['dt', 'dx', 'pde_51-512', 't', 'x']
PDE data shape: (256, 51, 512)
Time data shape: (256, 51)
Spatial coordinates shape: (512,)
dx shape: (256,)
dt shape: (256,)
Final data shape: (256, 13, 512)
Current Spatial Size: 512
Resizing from 512 to 64
Downsampling using FFT-based downsample_1d function
Data shape after resizing: (256, 13, 64)
Updated spatial coordinates shape: (64,)
x shape: torch.Size([3072, 1, 64])
y shape: torch.Size([3072, 1, 64])
spatial coordinates shape: (64,)
Train dataset size: 24576
Validation dataset size: 3072
Test dataset size: 3072
Collected 10 examples for resolution 64
Resolution 64 - Relative L2 Loss: 0.428928
Memory cleaned after resolution 64
Loading from file: /data/user_data/rvk/ks/res_512/visc_0.075_L64.0_lmax8_et5.0_nte51_nt51/KS_train_2048.h5
Available data keys in 'train': ['dt', 'dx', 'pde_51-512', 't', 'x']
PDE data shape: (2048, 51, 512)
Time data shape: (2048, 51)
Spatial coordinates shape: (512,)
dx shape: (2048,)
dt shape: (2048,)
Final data shape: (2048, 13, 512)
Current Spatial Size: 512
Resizing from 512 to 128
Downsampling using FFT-based downsample_1d function
Data shape after resizing: (2048, 13, 128)
Updated spatial coordinates shape: (128,)
x shape: torch.Size([24576, 1, 128])
y shape: torch.Size([24576, 1, 128])
spatial coordinates shape: (128,)
Loading from file: /data/user_data/rvk/ks/res_512/visc_0.075_L64.0_lmax8_et5.0_nte51_nt51/KS_valid.h5
Available data keys in 'valid': ['dt', 'dx', 'pde_51-512', 't', 'x']
PDE data shape: (256, 51, 512)
Time data shape: (256, 51)
Spatial coordinates shape: (512,)
dx shape: (256,)
dt shape: (256,)
Final data shape: (256, 13, 512)
Current Spatial Size: 512
Resizing from 512 to 128
Downsampling using FFT-based downsample_1d function
Data shape after resizing: (256, 13, 128)
Updated spatial coordinates shape: (128,)
x shape: torch.Size([3072, 1, 128])
y shape: torch.Size([3072, 1, 128])
spatial coordinates shape: (128,)
Loading from file: /data/user_data/rvk/ks/res_512/visc_0.075_L64.0_lmax8_et5.0_nte51_nt51/KS_test.h5
Available data keys in 'test': ['dt', 'dx', 'pde_51-512', 't', 'x']
PDE data shape: (256, 51, 512)
Time data shape: (256, 51)
Spatial coordinates shape: (512,)
dx shape: (256,)
dt shape: (256,)
Final data shape: (256, 13, 512)
Current Spatial Size: 512
Resizing from 512 to 128
Downsampling using FFT-based downsample_1d function
Data shape after resizing: (256, 13, 128)
Updated spatial coordinates shape: (128,)
x shape: torch.Size([3072, 1, 128])
y shape: torch.Size([3072, 1, 128])
spatial coordinates shape: (128,)
Train dataset size: 24576
Validation dataset size: 3072
Test dataset size: 3072
Collected 10 examples for resolution 128
Resolution 128 - Relative L2 Loss: 0.462588
Memory cleaned after resolution 128
Loading from file: /data/user_data/rvk/ks/res_512/visc_0.075_L64.0_lmax8_et5.0_nte51_nt51/KS_train_2048.h5
Available data keys in 'train': ['dt', 'dx', 'pde_51-512', 't', 'x']
PDE data shape: (2048, 51, 512)
Time data shape: (2048, 51)
Spatial coordinates shape: (512,)
dx shape: (2048,)
dt shape: (2048,)
Final data shape: (2048, 13, 512)
Current Spatial Size: 512
Resizing from 512 to 256
Downsampling using FFT-based downsample_1d function
Data shape after resizing: (2048, 13, 256)
Updated spatial coordinates shape: (256,)
x shape: torch.Size([24576, 1, 256])
y shape: torch.Size([24576, 1, 256])
spatial coordinates shape: (256,)
Loading from file: /data/user_data/rvk/ks/res_512/visc_0.075_L64.0_lmax8_et5.0_nte51_nt51/KS_valid.h5
Available data keys in 'valid': ['dt', 'dx', 'pde_51-512', 't', 'x']
PDE data shape: (256, 51, 512)
Time data shape: (256, 51)
Spatial coordinates shape: (512,)
dx shape: (256,)
dt shape: (256,)
Final data shape: (256, 13, 512)
Current Spatial Size: 512
Resizing from 512 to 256
Downsampling using FFT-based downsample_1d function
Data shape after resizing: (256, 13, 256)
Updated spatial coordinates shape: (256,)
x shape: torch.Size([3072, 1, 256])
y shape: torch.Size([3072, 1, 256])
spatial coordinates shape: (256,)
Loading from file: /data/user_data/rvk/ks/res_512/visc_0.075_L64.0_lmax8_et5.0_nte51_nt51/KS_test.h5
Available data keys in 'test': ['dt', 'dx', 'pde_51-512', 't', 'x']
PDE data shape: (256, 51, 512)
Time data shape: (256, 51)
Spatial coordinates shape: (512,)
dx shape: (256,)
dt shape: (256,)
Final data shape: (256, 13, 512)
Current Spatial Size: 512
Resizing from 512 to 256
Downsampling using FFT-based downsample_1d function
Data shape after resizing: (256, 13, 256)
Updated spatial coordinates shape: (256,)
x shape: torch.Size([3072, 1, 256])
y shape: torch.Size([3072, 1, 256])
spatial coordinates shape: (256,)
Train dataset size: 24576
Validation dataset size: 3072
Test dataset size: 3072
Collected 10 examples for resolution 256
Resolution 256 - Relative L2 Loss: 0.464092
Memory cleaned after resolution 256
Loading from file: /data/user_data/rvk/ks/res_512/visc_0.075_L64.0_lmax8_et5.0_nte51_nt51/KS_train_2048.h5
Available data keys in 'train': ['dt', 'dx', 'pde_51-512', 't', 'x']
PDE data shape: (2048, 51, 512)
Time data shape: (2048, 51)
Spatial coordinates shape: (512,)
dx shape: (2048,)
dt shape: (2048,)
Final data shape: (2048, 13, 512)
Current Spatial Size: 512
x shape: torch.Size([24576, 1, 512])
y shape: torch.Size([24576, 1, 512])
spatial coordinates shape: (512,)
Loading from file: /data/user_data/rvk/ks/res_512/visc_0.075_L64.0_lmax8_et5.0_nte51_nt51/KS_valid.h5
Available data keys in 'valid': ['dt', 'dx', 'pde_51-512', 't', 'x']
PDE data shape: (256, 51, 512)
Time data shape: (256, 51)
Spatial coordinates shape: (512,)
dx shape: (256,)
dt shape: (256,)
Final data shape: (256, 13, 512)
Current Spatial Size: 512
x shape: torch.Size([3072, 1, 512])
y shape: torch.Size([3072, 1, 512])
spatial coordinates shape: (512,)
Loading from file: /data/user_data/rvk/ks/res_512/visc_0.075_L64.0_lmax8_et5.0_nte51_nt51/KS_test.h5
Available data keys in 'test': ['dt', 'dx', 'pde_51-512', 't', 'x']
PDE data shape: (256, 51, 512)
Time data shape: (256, 51)
Spatial coordinates shape: (512,)
dx shape: (256,)
dt shape: (256,)
Final data shape: (256, 13, 512)
Current Spatial Size: 512
x shape: torch.Size([3072, 1, 512])
y shape: torch.Size([3072, 1, 512])
spatial coordinates shape: (512,)
Train dataset size: 24576
Validation dataset size: 3072
Test dataset size: 3072
Collected 10 examples for resolution 512
Resolution 512 - Relative L2 Loss: 0.464096
Memory cleaned after resolution 512
Creating prediction vs target plots...
Saved prediction plot: figures/5298257/prediction_plots/ks_predictions_vs_targets_10_examples.png
Saved numerical results: figures/5298257/ks_1d_evaluation_results_20250804_185227.csv
Saved summary: figures/5298257/ks_1d_evaluation_summary_20250804_185227.txt

==================================================
KS EVALUATION SUMMARY
==================================================
Resolution  32: 0.370783
Resolution  64: 0.428928
Resolution 128: 0.462588
Resolution 256: 0.464092
Resolution 512: 0.464096

Summary of Super-Resolution Evaluation:
Resolution factor 32: Relative L2 Loss = 0.370783
Resolution factor 64: Relative L2 Loss = 0.428928
Resolution factor 128: Relative L2 Loss = 0.462588
Resolution factor 256: Relative L2 Loss = 0.464092
Resolution factor 512: Relative L2 Loss = 0.464096

Evaluation plots saved to: figures/5298257
Wandb run: https://wandb.ai/rohanvk-carnegie-mellon-university/ffno1d/runs/76qzrv8s
Job completed at Mon Aug  4 18:52:33 EDT 2025
