Job started on babel-1-23 at Thu Apr 10 14:35:16 EDT 2025
Job ID: 4542790
Using device: cuda
[2025-04-10 14:35:21,717][root][INFO] - model:
  _target_: models.s4_1d.S4Model
  d_input: 15
  d_output: 1
  d_model: 64
  n_layers: 4
  dropout: 0.2
  prenorm: false
dataset:
  reduced_batch: 4
  reduced_resolution: 1
  reduced_resolution_t: 1
  window_size: 15
  pde: burger_0.01
  data_path1: data/pdebench/1D_Burgers_Sols_Nu0.01.hdf5
training:
  batch_size: 64
  epochs: 100
  learning_rate: 0.001
  use_normalizer: false
project_name: ${dataset.pde}_${hydra:runtime.choices.model}
checkpoint_dir: checkpoints

Project name: burger_0.01_s4_1d/s4_1d
Model name: models.s4_1d.S4Model
PDE Dataset: burger_0.01
Loading from file: /home/rvk/data/pdebench/1D_Burgers_Sols_Nu0.01.hdf5
(10000, 201, 1024)
Total data shape: (2500, 201, 1024)
x shape: (465000, 15, 1024)
y shape: (465000, 1, 1024)
grid shape: torch.Size([1024, 1])
---------Using data normalizer---------------
Train dataset size: 372000
Validation dataset size: 46500
Test dataset size: 46500
<class 'torch.Tensor'> 0.0915512889623642 0.09246367961168289 0.9077839851379395 0.9056586623191833
Sample Input shape: torch.Size([64, 15, 1024])
Sample Output shape: torch.Size([64, 1, 1024])
[2025-04-10 14:35:58,125][models.s4][WARNING] - CUDA extension for structured kernels (Cauchy and Vandermonde multiplication) not found. Install by going to extensions/kernels/ and running `python setup.py install`, for improved speed and memory efficiency. Note that the kernel changed for state-spaces 4.0 and must be recompiled.
[2025-04-10 14:35:58,126][models.s4][WARNING] - Falling back on slow Cauchy and Vandermonde kernel. Install at least one of pykeops or the CUDA extension for better speed and memory efficiency.
[2025-04-10 14:35:58,340][models.s4][INFO] - Constructing S4 (H, N, L) = (64, 32, None)
[2025-04-10 14:35:58,525][models.s4][INFO] - Constructing S4 (H, N, L) = (64, 32, None)
[2025-04-10 14:35:58,692][models.s4][INFO] - Constructing S4 (H, N, L) = (64, 32, None)
[2025-04-10 14:35:58,815][models.s4][INFO] - Constructing S4 (H, N, L) = (64, 32, None)
S4Model(
  (encoder): Linear(in_features=16, out_features=64, bias=True)
  (s4_layers): ModuleList(
    (0-3): 4 x S4Block(
      (layer): FFTConv(
        (activation): GELU(approximate='none')
        (kernel): SSMKernelDPLR()
        (drop): Dropout(p=0.2, inplace=False)
        (drop_kernel): Identity()
      )
      (mult_activation): Identity()
      (drop): Dropout(p=0.2, inplace=False)
      (output_linear): Sequential(
        (0): Linear(in_features=64, out_features=128, bias=True)
        (1): GLU(dim=-1)
      )
      (residual_layer): ZeroLayer()
    )
  )
  (norms): ModuleList(
    (0-3): 4 x LayerNorm((64,), eps=1e-05, elementwise_affine=True)
  )
  (dropouts): ModuleList(
    (0-3): 4 x Dropout(p=0.2, inplace=False)
  )
  (decoder): Linear(in_features=64, out_features=1, bias=True)
)
[2025-04-10 14:36:09,421][models.s4][INFO] - S4: Initializing kernel to length 1024
[2025-04-10 14:36:09,704][models.s4][INFO] - S4: Initializing kernel to length 1024
[2025-04-10 14:36:09,710][models.s4][INFO] - S4: Initializing kernel to length 1024
[2025-04-10 14:36:09,716][models.s4][INFO] - S4: Initializing kernel to length 1024
Epoch 0, Train Loss: 0.01432925, Val Loss: 0.00325474
Epoch 10, Train Loss: 0.00244529, Val Loss: 0.00163093
Epoch 20, Train Loss: 0.00185650, Val Loss: 0.00081185
Epoch 30, Train Loss: 0.00147923, Val Loss: 0.00086957
Epoch 40, Train Loss: 0.00119938, Val Loss: 0.00082244
Epoch 50, Train Loss: 0.00097198, Val Loss: 0.00091370
Epoch 60, Train Loss: 0.00076598, Val Loss: 0.00063169
Epoch 70, Train Loss: 0.00058601, Val Loss: 0.00040036
Epoch 80, Train Loss: 0.00046913, Val Loss: 0.00033086
Epoch 90, Train Loss: 0.00041311, Val Loss: 0.00032821
Test L2 Loss: 0.000318
-----Visualizing Saved------
Figure saved to output_logs/predictions/burger_0.01_fno_4542790_predictions.png
Model saved to checkpoints/s4model/burger_0.01_4542790.pt
Original test data shape: x=torch.Size([46500, 15, 1024]), y=torch.Size([46500, 1, 1024])

Evaluating at resolution factor: 1
Resolution factor 1 - Relative L2 Loss: 0.000318

Evaluating at resolution factor: 2
Downsampled shapes: x=torch.Size([46500, 15, 512]), y=torch.Size([46500, 1, 512])
Resolution factor 2 - Relative L2 Loss: 0.001966

Evaluating at resolution factor: 4
Downsampled shapes: x=torch.Size([46500, 15, 256]), y=torch.Size([46500, 1, 256])
Resolution factor 4 - Relative L2 Loss: 0.003774

Evaluating at resolution factor: 8
Downsampled shapes: x=torch.Size([46500, 15, 128]), y=torch.Size([46500, 1, 128])
Resolution factor 8 - Relative L2 Loss: 0.005301

Evaluating at resolution factor: 16
Downsampled shapes: x=torch.Size([46500, 15, 64]), y=torch.Size([46500, 1, 64])
Resolution factor 16 - Relative L2 Loss: 0.005900

Evaluating at resolution factor: 32
Downsampled shapes: x=torch.Size([46500, 15, 32]), y=torch.Size([46500, 1, 32])
Resolution factor 32 - Relative L2 Loss: 0.006062

Summary of Super-Resolution Evaluation:
Resolution factor 1: Relative L2 Loss = 0.000318
Resolution factor 2: Relative L2 Loss = 0.001966
Resolution factor 4: Relative L2 Loss = 0.003774
Resolution factor 8: Relative L2 Loss = 0.005301
Resolution factor 16: Relative L2 Loss = 0.005900
Resolution factor 32: Relative L2 Loss = 0.006062
Job completed at Thu Apr 10 21:56:30 EDT 2025
