Job started on babel-2-17 at Sat Jun 21 09:58:08 EDT 2025
Job ID: 5139439
GPU information:
Sat Jun 21 09:58:08 2025       
+-----------------------------------------------------------------------------------------+
| NVIDIA-SMI 575.51.03              Driver Version: 575.51.03      CUDA Version: 12.9     |
|-----------------------------------------+------------------------+----------------------+
| GPU  Name                 Persistence-M | Bus-Id          Disp.A | Volatile Uncorr. ECC |
| Fan  Temp   Perf          Pwr:Usage/Cap |           Memory-Usage | GPU-Util  Compute M. |
|                                         |                        |               MIG M. |
|=========================================+========================+======================|
|   0  NVIDIA L40S                    On  |   00000000:D2:00.0 Off |                    0 |
| N/A   23C    P8             31W /  350W |       0MiB /  46068MiB |      0%      Default |
|                                         |                        |                  N/A |
+-----------------------------------------+------------------------+----------------------+
|   1  NVIDIA L40S                    On  |   00000000:D5:00.0 Off |                    0 |
| N/A   24C    P8             31W /  350W |       0MiB /  46068MiB |      0%      Default |
|                                         |                        |                  N/A |
+-----------------------------------------+------------------------+----------------------+
                                                                                         
+-----------------------------------------------------------------------------------------+
| Processes:                                                                              |
|  GPU   GI   CI              PID   Type   Process name                        GPU Memory |
|        ID   ID                                                               Usage      |
|=========================================================================================|
|  No running processes found                                                             |
+-----------------------------------------------------------------------------------------+
CUDA devices:
CUDA_VISIBLE_DEVICES: 0,1
Using device: cuda
[2025-06-21 09:58:12,039][root][INFO] - model:
  _target_: models.CNO2d.CNO2d
  in_dim: 3
  out_dim: 3
  N_layers: 4
  N_res: 4
  N_res_neck: 4
  channel_multiplier: 16
  use_bn: false
dataset:
  reduced_batch: 1
  reduced_resolution: 1
  reduced_resolution_t: 1
  window_size: 15
  original_res: 512
  train_resolution: 128
  multi_res:
  - 1
  - 4
  s: 128
  train_mres: true
  pde: navier_stokes_0
  data_path1: data/pdebench/ns_incom_inhom_2d_512-0.hdf5
training:
  batch_size: 16
  epochs: 100
  learning_rate: 0.001
  use_normalizer: false
project_name: ${dataset.pde}_${hydra:runtime.choices.model}
checkpoint_dir: checkpoints

Project name: navier_stokes_0_cno_2d/cno_2d
Model name: models.CNO2d.CNO2d
PDE Dataset: navier_stokes_0
Loading from file: /home/rvk/data/pdebench/ns_incom_inhom_2d_512-0.hdf5
Available keys: ['force', 'particles', 't', 'velocity']
Velocity data shape: (4, 1000, 512, 512, 2)
Particles data shape: (4, 1000, 512, 512, 1)
Combined data shape: (4, 1000, 512, 512, 3)
Current Spatial Size: 512
Downsampling from 512x512 to 128x128
Data shape after downsampling: (4, 1000, 128, 128, 3)
x shape: torch.Size([3992, 3, 128, 128])
y shape: torch.Size([3992, 3, 128, 128])
---------Computing min-max normalization statistics---------------
Input data range: [-2.752928, 2.491420]
Output data range: [-2.750494, 2.477920]
Train dataset size: 3193
Validation dataset size: 399
Test dataset size: 400
<class 'torch.Tensor'> 0.5253420472145081 0.5264780521392822 0.09939845651388168 0.09965743869543076
Total Model Parameters: 2.01M
Trainable Parameters: 2.01M
Epoch 0, Train Loss: 0.10571377, Val Loss: 0.03971735
Epoch 10, Train Loss: 0.01016899, Val Loss: 0.01525671
Epoch 20, Train Loss: 0.01428195, Val Loss: 0.01274253
Epoch 30, Train Loss: 0.00407667, Val Loss: 0.00388496
Epoch 40, Train Loss: 0.00502187, Val Loss: 0.00589095
Epoch 50, Train Loss: 0.00382767, Val Loss: 0.00403422
Epoch 60, Train Loss: 0.00219762, Val Loss: 0.00227043
Epoch 70, Train Loss: 0.00217919, Val Loss: 0.00187995
Epoch 80, Train Loss: 0.00151658, Val Loss: 0.00139115
Epoch 90, Train Loss: 0.00144240, Val Loss: 0.00143338
Test L2 Loss: 0.007686
Model saved to checkpoints/cno2d/navier_stokes_0_5139439.pt
Using provided normalization statistics from training resolution 128:
  Input range: [-2.752928, 2.491420]
  Output range: [-2.750494, 2.477920]
Loading original resolution (512) test data...
Loading from file: /home/rvk/data/pdebench/ns_incom_inhom_2d_512-0.hdf5
Available keys: ['force', 'particles', 't', 'velocity']
Velocity data shape: (4, 1000, 512, 512, 2)
Particles data shape: (4, 1000, 512, 512, 1)
Combined data shape: (4, 1000, 512, 512, 3)
Current Spatial Size: 512
x shape: torch.Size([3992, 3, 512, 512])
y shape: torch.Size([3992, 3, 512, 512])
Train dataset size: 3193
Validation dataset size: 399
Test dataset size: 400
Original test data shape: x=torch.Size([400, 3, 512, 512]), y=torch.Size([400, 3, 512, 512])
Testing resolutions: [32, 64, 128, 256, 512]

Evaluating at resolution: 32
Resizing data...
Resized shapes: x=torch.Size([400, 3, 32, 32]), y=torch.Size([400, 3, 32, 32])
Resolution 32 - Relative L2 Loss: 0.429760

Evaluating at resolution: 64
Resizing data...
Resized shapes: x=torch.Size([400, 3, 64, 64]), y=torch.Size([400, 3, 64, 64])
Resolution 64 - Relative L2 Loss: 0.213611

Evaluating at resolution: 128
Resizing data...
Resized shapes: x=torch.Size([400, 3, 128, 128]), y=torch.Size([400, 3, 128, 128])
Resolution 128 - Relative L2 Loss: 0.007692

Evaluating at resolution: 256
Resizing data...
Resized shapes: x=torch.Size([400, 3, 256, 256]), y=torch.Size([400, 3, 256, 256])
Resolution 256 - Relative L2 Loss: 0.110316

Evaluating at resolution: 512
Resizing data...
Resized shapes: x=torch.Size([400, 3, 512, 512]), y=torch.Size([400, 3, 512, 512])
Resolution 512 - Relative L2 Loss: 0.196366

==================================================
EVALUATION SUMMARY
==================================================
Resolution  32: 0.429760
Resolution  64: 0.213611
Resolution 128: 0.007692
Resolution 256: 0.110316
Resolution 512: 0.196366

Summary of Super-Resolution Evaluation:
Resolution factor 32: Relative L2 Loss = 0.429760
Resolution factor 64: Relative L2 Loss = 0.213611
Resolution factor 128: Relative L2 Loss = 0.007692
Resolution factor 256: Relative L2 Loss = 0.110316
Resolution factor 512: Relative L2 Loss = 0.196366
[1;34mwandb[0m: 
[1;34mwandb[0m: 🚀 View run [33mdeft-cosmos-12[0m at: [34mhttps://wandb.ai/rohanvk-carnegie-mellon-university/cno2d/runs/inmp7di7[0m
[1;34mwandb[0m: Find logs at: [1;35mwandb/run-20250621_095939-inmp7di7/logs[0m
Job completed at Sat Jun 21 10:20:44 EDT 2025
