Job started on babel-7-17 at Sun Jun 29 15:00:48 EDT 2025
Job ID: 5169918
GPU information:
Sun Jun 29 15:00:48 2025       
+-----------------------------------------------------------------------------------------+
| NVIDIA-SMI 575.51.03              Driver Version: 575.51.03      CUDA Version: 12.9     |
|-----------------------------------------+------------------------+----------------------+
| GPU  Name                 Persistence-M | Bus-Id          Disp.A | Volatile Uncorr. ECC |
| Fan  Temp   Perf          Pwr:Usage/Cap |           Memory-Usage | GPU-Util  Compute M. |
|                                         |                        |               MIG M. |
|=========================================+========================+======================|
|   0  NVIDIA RTX A6000               On  |   00000000:B3:00.0 Off |                  Off |
| 30%   28C    P8             25W /  300W |       1MiB /  49140MiB |      0%      Default |
|                                         |                        |                  N/A |
+-----------------------------------------+------------------------+----------------------+
|   1  NVIDIA RTX A6000               On  |   00000000:B4:00.0 Off |                  Off |
| 30%   27C    P8             23W /  300W |       1MiB /  49140MiB |      0%      Default |
|                                         |                        |                  N/A |
+-----------------------------------------+------------------------+----------------------+
                                                                                         
+-----------------------------------------------------------------------------------------+
| Processes:                                                                              |
|  GPU   GI   CI              PID   Type   Process name                        GPU Memory |
|        ID   ID                                                               Usage      |
|=========================================================================================|
|  No running processes found                                                             |
+-----------------------------------------------------------------------------------------+
CUDA devices:
CUDA_VISIBLE_DEVICES: 0,1
Using device: cuda
[2025-06-29 15:01:41,980][root][INFO] - model:
  _target_: null
  image_size: 64
  patch_size: 4
  num_channels: 1
  num_out_channels: 1
  embed_dim: 96
  depths:
  - 8
  - 8
  - 8
  - 8
  num_heads:
  - 3
  - 6
  - 12
  - 24
  skip_connections:
  - 2
  - 2
  - 2
  - 0
  window_size: 16
  mlp_ratio: 4.0
  qkv_bias: true
  hidden_dropout_prob: 0.0
  attention_probs_dropout_prob: 0.0
  drop_path_rate: 0.0
  hidden_act: gelu
  use_absolute_embeddings: false
  initializer_range: 0.02
  layer_norm_eps: 1.0e-05
  p: 1
  channel_slice_list_normalized_loss:
  - 0
  - 1
  - 2
  - 3
  residual_model: convnext
  use_conditioning: true
  learn_residual: false
dataset:
  reduced_batch: 1
  reduced_resolution: 1
  reduced_resolution_t: 1
  window_size: 15
  original_res: 512
  train_resolution: 128
  multi_res:
  - 1
  - 4
  s: 128
  train_mres: true
  pde: navier_stokes_0
  data_path1: /data/user_data/rvk/ns_512_1e-4.mat
training:
  batch_size: 16
  epochs: 100
  learning_rate: 0.001
  use_normalizer: false
project_name: ${dataset.pde}_${hydra:runtime.choices.model}
checkpoint_dir: checkpoints

Project name: navier_stokes_0_pos/pos
PDE Dataset: navier_stokes_0
Model: pos
Loading from file: /data/user_data/rvk/ns_512_1e-4.mat
a shape: (20, 512, 512)
u shape: (20, 512, 512, 200)
t shape: (1, 200)
Combined data shape: (20, 512, 512, 201)
Reshaped data shape: (20, 201, 512, 512, 1)
Grid shape: torch.Size([512, 512, 2])
Current Spatial Size: 512
Downsampling from 512x512 to 128x128
Data shape after downsampling: (20, 201, 128, 128, 1)
x shape: torch.Size([4000, 1, 128, 128])
y shape: torch.Size([4000, 1, 128, 128])
grid shape: torch.Size([128, 128, 2])
---------Computing min-max normalization statistics---------------
Input data range: [-5.945584, 5.697104]
Output data range: [-5.966502, 5.722327]
Train dataset size: 3200
Validation dataset size: 400
Test dataset size: 400
<class 'torch.Tensor'> 0.5106711387634277 0.5104448199272156 0.140961155295372 0.14054550230503082
Total Model Parameters: 157.72M
Trainable Parameters: 157.72M
Epoch 0, Train Loss: 0.82046728, Val Loss: 0.24277486
Epoch 10, Train Loss: 0.03881134, Val Loss: 0.03260815
Epoch 20, Train Loss: 0.01981540, Val Loss: 0.02030910
Epoch 30, Train Loss: 0.01189023, Val Loss: 0.01404722
Epoch 40, Train Loss: 0.01069689, Val Loss: 0.01239437
Epoch 50, Train Loss: 0.00685441, Val Loss: 0.00908274
Epoch 60, Train Loss: 0.00639047, Val Loss: 0.00892046
Epoch 70, Train Loss: 0.00585124, Val Loss: 0.00885179
Epoch 80, Train Loss: 0.00402695, Val Loss: 0.00795000
Epoch 90, Train Loss: 0.00379544, Val Loss: 0.00802643
Test L2 Loss: 0.029879
Model saved to checkpoints/pos/navier_stokes_0_5169918.pt
Using provided normalization statistics from training resolution 128:
  Input range: [-5.945584, 5.697104]
  Output range: [-5.966502, 5.722327]
Testing resolutions: [32, 64, 128, 256, 512]
Loading from file: /data/user_data/rvk/ns_512_1e-4.mat
a shape: (20, 512, 512)
u shape: (20, 512, 512, 200)
t shape: (1, 200)
Combined data shape: (20, 512, 512, 201)
Reshaped data shape: (20, 201, 512, 512, 1)
Grid shape: torch.Size([512, 512, 2])
Current Spatial Size: 512
Downsampling from 512x512 to 32x32
Data shape after downsampling: (20, 201, 32, 32, 1)
x shape: torch.Size([4000, 1, 32, 32])
y shape: torch.Size([4000, 1, 32, 32])
grid shape: torch.Size([32, 32, 2])
Train dataset size: 3200
Validation dataset size: 400
Test dataset size: 400
Resolution 32 - Relative L2 Loss: 0.022950
Loading from file: /data/user_data/rvk/ns_512_1e-4.mat
a shape: (20, 512, 512)
u shape: (20, 512, 512, 200)
t shape: (1, 200)
Combined data shape: (20, 512, 512, 201)
Reshaped data shape: (20, 201, 512, 512, 1)
Grid shape: torch.Size([512, 512, 2])
Current Spatial Size: 512
Downsampling from 512x512 to 64x64
Data shape after downsampling: (20, 201, 64, 64, 1)
x shape: torch.Size([4000, 1, 64, 64])
y shape: torch.Size([4000, 1, 64, 64])
grid shape: torch.Size([64, 64, 2])
Train dataset size: 3200
Validation dataset size: 400
Test dataset size: 400
Resolution 64 - Relative L2 Loss: 0.029690
Loading from file: /data/user_data/rvk/ns_512_1e-4.mat
a shape: (20, 512, 512)
u shape: (20, 512, 512, 200)
t shape: (1, 200)
Combined data shape: (20, 512, 512, 201)
Reshaped data shape: (20, 201, 512, 512, 1)
Grid shape: torch.Size([512, 512, 2])
Current Spatial Size: 512
Downsampling from 512x512 to 128x128
Data shape after downsampling: (20, 201, 128, 128, 1)
x shape: torch.Size([4000, 1, 128, 128])
y shape: torch.Size([4000, 1, 128, 128])
grid shape: torch.Size([128, 128, 2])
Train dataset size: 3200
Validation dataset size: 400
Test dataset size: 400
Resolution 128 - Relative L2 Loss: 0.029879
Loading from file: /data/user_data/rvk/ns_512_1e-4.mat
a shape: (20, 512, 512)
u shape: (20, 512, 512, 200)
t shape: (1, 200)
Combined data shape: (20, 512, 512, 201)
Reshaped data shape: (20, 201, 512, 512, 1)
Grid shape: torch.Size([512, 512, 2])
Current Spatial Size: 512
Downsampling from 512x512 to 256x256
Data shape after downsampling: (20, 201, 256, 256, 1)
x shape: torch.Size([4000, 1, 256, 256])
y shape: torch.Size([4000, 1, 256, 256])
grid shape: torch.Size([256, 256, 2])
Train dataset size: 3200
Validation dataset size: 400
Test dataset size: 400
Resolution 256 - Relative L2 Loss: 0.029879
Loading from file: /data/user_data/rvk/ns_512_1e-4.mat
a shape: (20, 512, 512)
u shape: (20, 512, 512, 200)
t shape: (1, 200)
Combined data shape: (20, 512, 512, 201)
Reshaped data shape: (20, 201, 512, 512, 1)
Grid shape: torch.Size([512, 512, 2])
Current Spatial Size: 512
x shape: torch.Size([4000, 1, 512, 512])
y shape: torch.Size([4000, 1, 512, 512])
grid shape: torch.Size([512, 512, 2])
Train dataset size: 3200
Validation dataset size: 400
Test dataset size: 400
Resolution 512 - Relative L2 Loss: 0.029879

==================================================
EVALUATION SUMMARY
==================================================
Resolution  32: 0.022950
Resolution  64: 0.029690
Resolution 128: 0.029879
Resolution 256: 0.029879
Resolution 512: 0.029879

Summary of Super-Resolution Evaluation:
Resolution factor 32: Relative L2 Loss = 0.022950
Resolution factor 64: Relative L2 Loss = 0.029690
Resolution factor 128: Relative L2 Loss = 0.029879
Resolution factor 256: Relative L2 Loss = 0.029879
Resolution factor 512: Relative L2 Loss = 0.029879
Job completed at Sun Jun 29 16:55:35 EDT 2025
