Job started on babel-3-21 at Sun Aug  3 23:16:57 EDT 2025
Job ID: 5295494
GPU information:
Sun Aug  3 23:16:57 2025       
+-----------------------------------------------------------------------------------------+
| NVIDIA-SMI 575.51.03              Driver Version: 575.51.03      CUDA Version: 12.9     |
|-----------------------------------------+------------------------+----------------------+
| GPU  Name                 Persistence-M | Bus-Id          Disp.A | Volatile Uncorr. ECC |
| Fan  Temp   Perf          Pwr:Usage/Cap |           Memory-Usage | GPU-Util  Compute M. |
|                                         |                        |               MIG M. |
|=========================================+========================+======================|
|   0  NVIDIA RTX A6000               On  |   00000000:25:00.0 Off |                  Off |
| 30%   29C    P8             27W /  300W |       1MiB /  49140MiB |      0%      Default |
|                                         |                        |                  N/A |
+-----------------------------------------+------------------------+----------------------+
|   1  NVIDIA RTX A6000               On  |   00000000:C1:00.0 Off |                  Off |
| 30%   31C    P8             30W /  300W |       1MiB /  49140MiB |      0%      Default |
|                                         |                        |                  N/A |
+-----------------------------------------+------------------------+----------------------+
                                                                                         
+-----------------------------------------------------------------------------------------+
| Processes:                                                                              |
|  GPU   GI   CI              PID   Type   Process name                        GPU Memory |
|        ID   ID                                                               Usage      |
|=========================================================================================|
|  No running processes found                                                             |
+-----------------------------------------------------------------------------------------+
CUDA devices:
CUDA_VISIBLE_DEVICES: 0,1
Using device: cuda
[2025-08-03 23:17:28,189][root][INFO] - model:
  _target_: models.ffno.FFNO1D
  in_channels: 1
  out_channels: 1
  factor: 4
  n_modes: 16
  width: 64
  n_layers: 8
  ff_weight_norm: true
  n_ff_layers: 2
  layer_norm: true
  dropout: 0.0
  mode: full
  activation: relu
  use_grid: false
dataset:
  dataset_params:
    _target_: dataloaders.ks.ks_markov_dataset
    filename: KS_train_2048.h5
    saved_folder: /data/user_data/rvk/ks/res_32/visc_0.1_L4.0_lmax15_et8.0_nte100_nt200
    val_filename: KS_valid.h5
    test_filename: KS_test.h5
    reduced_batch: 2
    reduced_resolution: 1
    reduced_resolution_t: 1
    s: 128
    data_normalizer: true
    num_samples_max: -1
  window_size: 15
  original_res: 32
  multi_res:
  - 1
  - 16
  train_mres: false
  pde: ks
training:
  batch_size: 64
  epochs: 100
  learning_rate: 0.001
  use_normalizer: false
project_name: ${dataset.pde}_${hydra:runtime.choices.model}
checkpoint_dir: checkpoints

Project name: ks_ffno_1d/ffno_1d
Model name: models.ffno.FFNO1D
PDE Dataset: ks
---------------------
Loading from file: /data/user_data/rvk/ks/res_32/visc_0.1_L4.0_lmax15_et8.0_nte100_nt200/KS_train_2048.h5
Available data keys in 'train': ['dt', 'dx', 'pde_100-32', 't', 'x']
PDE data shape: (2048, 100, 32)
Time data shape: (2048, 100)
Spatial coordinates shape: (32,)
dx shape: (2048,)
dt shape: (2048,)
Final data shape: (1024, 100, 32)
Current Spatial Size: 32
Resizing from 32 to 128
Upsampling using FFT-based resize_1d function
Data shape after resizing: (1024, 100, 128)
Updated spatial coordinates shape: (128,)
x shape: torch.Size([101376, 1, 128])
y shape: torch.Size([101376, 1, 128])
spatial coordinates shape: (128,)
Loading from file: /data/user_data/rvk/ks/res_32/visc_0.1_L4.0_lmax15_et8.0_nte100_nt200/KS_valid.h5
Available data keys in 'valid': ['dt', 'dx', 'pde_100-32', 't', 'x']
PDE data shape: (256, 100, 32)
Time data shape: (256, 100)
Spatial coordinates shape: (32,)
dx shape: (256,)
dt shape: (256,)
Final data shape: (128, 100, 32)
Current Spatial Size: 32
Resizing from 32 to 128
Upsampling using FFT-based resize_1d function
Data shape after resizing: (128, 100, 128)
Updated spatial coordinates shape: (128,)
x shape: torch.Size([12672, 1, 128])
y shape: torch.Size([12672, 1, 128])
spatial coordinates shape: (128,)
Loading from file: /data/user_data/rvk/ks/res_32/visc_0.1_L4.0_lmax15_et8.0_nte100_nt200/KS_test.h5
Available data keys in 'test': ['dt', 'dx', 'pde_100-32', 't', 'x']
PDE data shape: (256, 100, 32)
Time data shape: (256, 100)
Spatial coordinates shape: (32,)
dx shape: (256,)
dt shape: (256,)
Final data shape: (128, 100, 32)
Current Spatial Size: 32
Resizing from 32 to 128
Upsampling using FFT-based resize_1d function
Data shape after resizing: (128, 100, 128)
Updated spatial coordinates shape: (128,)
x shape: torch.Size([12672, 1, 128])
y shape: torch.Size([12672, 1, 128])
spatial coordinates shape: (128,)
---------Computing min-max normalization statistics---------------
Input data range: [-8.099816, 8.100275]
Output data range: [-8.099816, 8.100275]
Train dataset size: 101376
Validation dataset size: 12672
Test dataset size: 12672
<dataloaders.ks.ks_markov_dataset.<locals>.MinMaxNormalizedDataset object at 0x1475007cbd90>
<class 'torch.Tensor'> 0.49998578429222107 0.49998584389686584 0.18897536396980286 0.19090677797794342
FFNO1D(
  (in_proj): WNLinear(in_features=1, out_features=64, bias=True)
  (fourier_layers): ModuleList(
    (0-7): 8 x FSpectralConv1d(
      (fourier_weight): ParameterList(  (0): Parameter containing: [torch.float32 of size 64x64x16x2 (cuda:0)])
      (backcast_ff): FeedForward(
        (layers): ModuleList(
          (0): Sequential(
            (0): Linear(in_features=64, out_features=256, bias=True)
            (1): Dropout(p=0.0, inplace=False)
            (2): GELU(approximate='none')
            (3): Identity()
          )
          (1): Sequential(
            (0): Linear(in_features=256, out_features=64, bias=True)
            (1): Dropout(p=0.0, inplace=False)
            (2): Identity()
            (3): LayerNorm((64,), eps=1e-05, elementwise_affine=True)
          )
        )
      )
    )
  )
  (out_proj): WNLinear(in_features=64, out_features=1, bias=True)
)
Total Model Parameters: 1.31M
Trainable Parameters: 1.31M
Epoch 0, Train Loss: 0.13051378, Val Loss: 0.01666306
Epoch 10, Train Loss: 0.00599262, Val Loss: 0.00559169
Epoch 20, Train Loss: 0.00274688, Val Loss: 0.00292486
Epoch 30, Train Loss: 0.00109408, Val Loss: 0.00098067
Epoch 40, Train Loss: 0.00100545, Val Loss: 0.00106636
Epoch 50, Train Loss: 0.00047153, Val Loss: 0.00063389
Epoch 60, Train Loss: 0.00045809, Val Loss: 0.00071286
Epoch 70, Train Loss: 0.00044305, Val Loss: 0.00034049
Epoch 80, Train Loss: 0.00022241, Val Loss: 0.00025137
Epoch 90, Train Loss: 0.00022767, Val Loss: 0.00021534
Test L2 Loss: 0.002521
Model saved to checkpoints/ffno1d/ks_5295494.pt
Created/verified figures directory: figures/5295494
Evaluating KS model at multiple resolutions
Using provided normalization statistics from training resolution 128:
  Input range: [-8.099816, 8.100275]
  Output range: [-8.099816, 8.100275]
Testing resolutions: [32, 64, 128, 256, 512]
Loading from file: /data/user_data/rvk/ks/res_32/visc_0.1_L4.0_lmax15_et8.0_nte100_nt200/KS_train_2048.h5
Available data keys in 'train': ['dt', 'dx', 'pde_100-32', 't', 'x']
PDE data shape: (2048, 100, 32)
Time data shape: (2048, 100)
Spatial coordinates shape: (32,)
dx shape: (2048,)
dt shape: (2048,)
Final data shape: (1024, 100, 32)
Current Spatial Size: 32
x shape: torch.Size([101376, 1, 32])
y shape: torch.Size([101376, 1, 32])
spatial coordinates shape: (32,)
Loading from file: /data/user_data/rvk/ks/res_32/visc_0.1_L4.0_lmax15_et8.0_nte100_nt200/KS_valid.h5
Available data keys in 'valid': ['dt', 'dx', 'pde_100-32', 't', 'x']
PDE data shape: (256, 100, 32)
Time data shape: (256, 100)
Spatial coordinates shape: (32,)
dx shape: (256,)
dt shape: (256,)
Final data shape: (128, 100, 32)
Current Spatial Size: 32
x shape: torch.Size([12672, 1, 32])
y shape: torch.Size([12672, 1, 32])
spatial coordinates shape: (32,)
Loading from file: /data/user_data/rvk/ks/res_32/visc_0.1_L4.0_lmax15_et8.0_nte100_nt200/KS_test.h5
Available data keys in 'test': ['dt', 'dx', 'pde_100-32', 't', 'x']
PDE data shape: (256, 100, 32)
Time data shape: (256, 100)
Spatial coordinates shape: (32,)
dx shape: (256,)
dt shape: (256,)
Final data shape: (128, 100, 32)
Current Spatial Size: 32
x shape: torch.Size([12672, 1, 32])
y shape: torch.Size([12672, 1, 32])
spatial coordinates shape: (32,)
Train dataset size: 101376
Validation dataset size: 12672
Test dataset size: 12672
Selected random indices for plotting: [3935, 3956, 2752, 9986, 11473, 5669, 7249, 7930, 12641, 5699]
Collected 10 examples for resolution 32
Resolution 32 - Relative L2 Loss: 0.002510
Memory cleaned after resolution 32
Loading from file: /data/user_data/rvk/ks/res_32/visc_0.1_L4.0_lmax15_et8.0_nte100_nt200/KS_train_2048.h5
Available data keys in 'train': ['dt', 'dx', 'pde_100-32', 't', 'x']
PDE data shape: (2048, 100, 32)
Time data shape: (2048, 100)
Spatial coordinates shape: (32,)
dx shape: (2048,)
dt shape: (2048,)
Final data shape: (1024, 100, 32)
Current Spatial Size: 32
Resizing from 32 to 64
Upsampling using FFT-based resize_1d function
Data shape after resizing: (1024, 100, 64)
Updated spatial coordinates shape: (64,)
x shape: torch.Size([101376, 1, 64])
y shape: torch.Size([101376, 1, 64])
spatial coordinates shape: (64,)
Loading from file: /data/user_data/rvk/ks/res_32/visc_0.1_L4.0_lmax15_et8.0_nte100_nt200/KS_valid.h5
Available data keys in 'valid': ['dt', 'dx', 'pde_100-32', 't', 'x']
PDE data shape: (256, 100, 32)
Time data shape: (256, 100)
Spatial coordinates shape: (32,)
dx shape: (256,)
dt shape: (256,)
Final data shape: (128, 100, 32)
Current Spatial Size: 32
Resizing from 32 to 64
Upsampling using FFT-based resize_1d function
Data shape after resizing: (128, 100, 64)
Updated spatial coordinates shape: (64,)
x shape: torch.Size([12672, 1, 64])
y shape: torch.Size([12672, 1, 64])
spatial coordinates shape: (64,)
Loading from file: /data/user_data/rvk/ks/res_32/visc_0.1_L4.0_lmax15_et8.0_nte100_nt200/KS_test.h5
Available data keys in 'test': ['dt', 'dx', 'pde_100-32', 't', 'x']
PDE data shape: (256, 100, 32)
Time data shape: (256, 100)
Spatial coordinates shape: (32,)
dx shape: (256,)
dt shape: (256,)
Final data shape: (128, 100, 32)
Current Spatial Size: 32
Resizing from 32 to 64
Upsampling using FFT-based resize_1d function
Data shape after resizing: (128, 100, 64)
Updated spatial coordinates shape: (64,)
x shape: torch.Size([12672, 1, 64])
y shape: torch.Size([12672, 1, 64])
spatial coordinates shape: (64,)
Train dataset size: 101376
Validation dataset size: 12672
Test dataset size: 12672
Collected 10 examples for resolution 64
Resolution 64 - Relative L2 Loss: 0.002519
Memory cleaned after resolution 64
Loading from file: /data/user_data/rvk/ks/res_32/visc_0.1_L4.0_lmax15_et8.0_nte100_nt200/KS_train_2048.h5
Available data keys in 'train': ['dt', 'dx', 'pde_100-32', 't', 'x']
PDE data shape: (2048, 100, 32)
Time data shape: (2048, 100)
Spatial coordinates shape: (32,)
dx shape: (2048,)
dt shape: (2048,)
Final data shape: (1024, 100, 32)
Current Spatial Size: 32
Resizing from 32 to 128
Upsampling using FFT-based resize_1d function
Data shape after resizing: (1024, 100, 128)
Updated spatial coordinates shape: (128,)
x shape: torch.Size([101376, 1, 128])
y shape: torch.Size([101376, 1, 128])
spatial coordinates shape: (128,)
Loading from file: /data/user_data/rvk/ks/res_32/visc_0.1_L4.0_lmax15_et8.0_nte100_nt200/KS_valid.h5
Available data keys in 'valid': ['dt', 'dx', 'pde_100-32', 't', 'x']
PDE data shape: (256, 100, 32)
Time data shape: (256, 100)
Spatial coordinates shape: (32,)
dx shape: (256,)
dt shape: (256,)
Final data shape: (128, 100, 32)
Current Spatial Size: 32
Resizing from 32 to 128
Upsampling using FFT-based resize_1d function
Data shape after resizing: (128, 100, 128)
Updated spatial coordinates shape: (128,)
x shape: torch.Size([12672, 1, 128])
y shape: torch.Size([12672, 1, 128])
spatial coordinates shape: (128,)
Loading from file: /data/user_data/rvk/ks/res_32/visc_0.1_L4.0_lmax15_et8.0_nte100_nt200/KS_test.h5
Available data keys in 'test': ['dt', 'dx', 'pde_100-32', 't', 'x']
PDE data shape: (256, 100, 32)
Time data shape: (256, 100)
Spatial coordinates shape: (32,)
dx shape: (256,)
dt shape: (256,)
Final data shape: (128, 100, 32)
Current Spatial Size: 32
Resizing from 32 to 128
Upsampling using FFT-based resize_1d function
Data shape after resizing: (128, 100, 128)
Updated spatial coordinates shape: (128,)
x shape: torch.Size([12672, 1, 128])
y shape: torch.Size([12672, 1, 128])
spatial coordinates shape: (128,)
Train dataset size: 101376
Validation dataset size: 12672
Test dataset size: 12672
Collected 10 examples for resolution 128
Resolution 128 - Relative L2 Loss: 0.002521
Memory cleaned after resolution 128
Loading from file: /data/user_data/rvk/ks/res_32/visc_0.1_L4.0_lmax15_et8.0_nte100_nt200/KS_train_2048.h5
Available data keys in 'train': ['dt', 'dx', 'pde_100-32', 't', 'x']
PDE data shape: (2048, 100, 32)
Time data shape: (2048, 100)
Spatial coordinates shape: (32,)
dx shape: (2048,)
dt shape: (2048,)
Final data shape: (1024, 100, 32)
Current Spatial Size: 32
Resizing from 32 to 256
Upsampling using FFT-based resize_1d function
Data shape after resizing: (1024, 100, 256)
Updated spatial coordinates shape: (256,)
x shape: torch.Size([101376, 1, 256])
y shape: torch.Size([101376, 1, 256])
spatial coordinates shape: (256,)
Loading from file: /data/user_data/rvk/ks/res_32/visc_0.1_L4.0_lmax15_et8.0_nte100_nt200/KS_valid.h5
Available data keys in 'valid': ['dt', 'dx', 'pde_100-32', 't', 'x']
PDE data shape: (256, 100, 32)
Time data shape: (256, 100)
Spatial coordinates shape: (32,)
dx shape: (256,)
dt shape: (256,)
Final data shape: (128, 100, 32)
Current Spatial Size: 32
Resizing from 32 to 256
Upsampling using FFT-based resize_1d function
Data shape after resizing: (128, 100, 256)
Updated spatial coordinates shape: (256,)
x shape: torch.Size([12672, 1, 256])
y shape: torch.Size([12672, 1, 256])
spatial coordinates shape: (256,)
Loading from file: /data/user_data/rvk/ks/res_32/visc_0.1_L4.0_lmax15_et8.0_nte100_nt200/KS_test.h5
Available data keys in 'test': ['dt', 'dx', 'pde_100-32', 't', 'x']
PDE data shape: (256, 100, 32)
Time data shape: (256, 100)
Spatial coordinates shape: (32,)
dx shape: (256,)
dt shape: (256,)
Final data shape: (128, 100, 32)
Current Spatial Size: 32
Resizing from 32 to 256
Upsampling using FFT-based resize_1d function
Data shape after resizing: (128, 100, 256)
Updated spatial coordinates shape: (256,)
x shape: torch.Size([12672, 1, 256])
y shape: torch.Size([12672, 1, 256])
spatial coordinates shape: (256,)
Train dataset size: 101376
Validation dataset size: 12672
Test dataset size: 12672
Collected 10 examples for resolution 256
Resolution 256 - Relative L2 Loss: 0.002521
Memory cleaned after resolution 256
Loading from file: /data/user_data/rvk/ks/res_32/visc_0.1_L4.0_lmax15_et8.0_nte100_nt200/KS_train_2048.h5
Available data keys in 'train': ['dt', 'dx', 'pde_100-32', 't', 'x']
PDE data shape: (2048, 100, 32)
Time data shape: (2048, 100)
Spatial coordinates shape: (32,)
dx shape: (2048,)
dt shape: (2048,)
Final data shape: (1024, 100, 32)
Current Spatial Size: 32
Resizing from 32 to 512
Upsampling using FFT-based resize_1d function
Data shape after resizing: (1024, 100, 512)
Updated spatial coordinates shape: (512,)
x shape: torch.Size([101376, 1, 512])
y shape: torch.Size([101376, 1, 512])
spatial coordinates shape: (512,)
Loading from file: /data/user_data/rvk/ks/res_32/visc_0.1_L4.0_lmax15_et8.0_nte100_nt200/KS_valid.h5
Available data keys in 'valid': ['dt', 'dx', 'pde_100-32', 't', 'x']
PDE data shape: (256, 100, 32)
Time data shape: (256, 100)
Spatial coordinates shape: (32,)
dx shape: (256,)
dt shape: (256,)
Final data shape: (128, 100, 32)
Current Spatial Size: 32
Resizing from 32 to 512
Upsampling using FFT-based resize_1d function
Data shape after resizing: (128, 100, 512)
Updated spatial coordinates shape: (512,)
x shape: torch.Size([12672, 1, 512])
y shape: torch.Size([12672, 1, 512])
spatial coordinates shape: (512,)
Loading from file: /data/user_data/rvk/ks/res_32/visc_0.1_L4.0_lmax15_et8.0_nte100_nt200/KS_test.h5
Available data keys in 'test': ['dt', 'dx', 'pde_100-32', 't', 'x']
PDE data shape: (256, 100, 32)
Time data shape: (256, 100)
Spatial coordinates shape: (32,)
dx shape: (256,)
dt shape: (256,)
Final data shape: (128, 100, 32)
Current Spatial Size: 32
Resizing from 32 to 512
Upsampling using FFT-based resize_1d function
Data shape after resizing: (128, 100, 512)
Updated spatial coordinates shape: (512,)
x shape: torch.Size([12672, 1, 512])
y shape: torch.Size([12672, 1, 512])
spatial coordinates shape: (512,)
Train dataset size: 101376
Validation dataset size: 12672
Test dataset size: 12672
Collected 10 examples for resolution 512
Resolution 512 - Relative L2 Loss: 0.002521
Memory cleaned after resolution 512
Creating prediction vs target plots...
Saved prediction plot: figures/5295494/prediction_plots/ks_predictions_vs_targets_10_examples.png
Saved numerical results: figures/5295494/ks_1d_evaluation_results_20250803_235728.csv
Saved summary: figures/5295494/ks_1d_evaluation_summary_20250803_235728.txt

==================================================
KS EVALUATION SUMMARY
==================================================
Resolution  32: 0.002510
Resolution  64: 0.002519
Resolution 128: 0.002521
Resolution 256: 0.002521
Resolution 512: 0.002521

Summary of Super-Resolution Evaluation:
Resolution factor 32: Relative L2 Loss = 0.002510
Resolution factor 64: Relative L2 Loss = 0.002519
Resolution factor 128: Relative L2 Loss = 0.002521
Resolution factor 256: Relative L2 Loss = 0.002521
Resolution factor 512: Relative L2 Loss = 0.002521

Evaluation plots saved to: figures/5295494
Wandb run: https://wandb.ai/rohanvk-carnegie-mellon-university/ffno1d/runs/rha9xky5
Job completed at Sun Aug  3 23:57:35 EDT 2025
