Job started on babel-8-9 at Mon Sep  8 12:56:55 AM EDT 2025
Job ID: 5441592
GPU information:
Mon Sep  8 00:56:55 2025       
+-----------------------------------------------------------------------------------------+
| NVIDIA-SMI 575.51.03              Driver Version: 575.51.03      CUDA Version: 12.9     |
|-----------------------------------------+------------------------+----------------------+
| GPU  Name                 Persistence-M | Bus-Id          Disp.A | Volatile Uncorr. ECC |
| Fan  Temp   Perf          Pwr:Usage/Cap |           Memory-Usage | GPU-Util  Compute M. |
|                                         |                        |               MIG M. |
|=========================================+========================+======================|
|   0  NVIDIA L40S                    On  |   00000000:52:00.0 Off |                    0 |
| N/A   27C    P8             30W /  350W |       0MiB /  46068MiB |      0%      Default |
|                                         |                        |                  N/A |
+-----------------------------------------+------------------------+----------------------+
|   1  NVIDIA L40S                    On  |   00000000:56:00.0 Off |                    0 |
| N/A   23C    P8             30W /  350W |       0MiB /  46068MiB |      0%      Default |
|                                         |                        |                  N/A |
+-----------------------------------------+------------------------+----------------------+
                                                                                         
+-----------------------------------------------------------------------------------------+
| Processes:                                                                              |
|  GPU   GI   CI              PID   Type   Process name                        GPU Memory |
|        ID   ID                                                               Usage      |
|=========================================================================================|
|  No running processes found                                                             |
+-----------------------------------------------------------------------------------------+
CUDA devices:
CUDA_VISIBLE_DEVICES: 0,1
Using device: cuda
[2025-09-08 00:57:01,679][root][INFO] - model:
  _target_: models.ffno.FFNO2D
  in_channels: 1
  out_channels: 1
  width: 64
  factor: 4
  n_modes: 64
  n_layers: 4
  dropout: 0.2
  mode: full
  ff_weight_norm: true
  n_ff_layers: 3
  layer_norm: true
  use_grid: true
dataset:
  dataset_params:
    _target_: dataloaders.ns_naive_true_multires.ns_true_multires_markov_dataset
    saved_folder: /data/user_data/rvk/ns_data/
    file_extension: .h5
    viscosity: 0.001
    reduced_batch: 1
    reduced_resolution_t: 1
    data_mres_size:
      512: 0
      256: 0
      128: 0
      64: 0
    add_res:
    - 32
    add_res_samples:
      32: 1000
    downsample_from_res: 64
    data_normalizer: true
    normalization_type: simple
    num_samples_max: -1
    eval_dataset_target: dataloaders.ns_naive_markov.ns_markov_dataset
    eval_filename: ns_512_0.001.h5
    eval_saved_folder: /data/user_data/rvk/ns_data/
  resize_to_train: false
  evaluation_type: naive_downsample
  window_size: 15
  original_res: 512
  max_test_resolution: 512
  train_mres: true
  pde: ns
training:
  batch_size: 32
  epochs: 100
  learning_rate: 0.001
  use_normalizer: false
project_name: ${dataset.pde}_${hydra:runtime.choices.model}
checkpoint_dir: checkpoints

Project name: ns_ffno_2d/ffno_2d
Model name: models.ffno.FFNO2D
PDE Dataset: ns
This is True Multi-Resolution Training. Train Resolution is the highest data resolution in the multi-resolution data
---------------------
Creating true multi-resolution Navier-Stokes dataset from /data/user_data/rvk/ns_data/
Viscosity: 0.001, File extension: .h5
Target samples per resolution: {512: 0, 256: 0, 128: 0, 64: 0}
Additional downsampled resolutions: [32]
Target samples per downsampled resolution: {32: 1000}
Will downsample from resolution: 64
Loading Navier-Stokes multi-resolution data from /data/user_data/rvk/ns_data/
Viscosity: 0.001, File extension: .h5
Target samples per resolution (from files): {512: 0, 256: 0, 128: 0, 64: 0}
Additional downsampled resolutions: [32]
Target samples per downsampled resolution: {32: 1000}
Will downsample from resolution: 64
Adding downsampled resolutions: [32]
Adding downsampled data from /data/user_data/rvk/ns_data/ns_64_0.001.h5
  Loading .h5 file...
  Available keys: ['a', 't', 'u']
  Detected (batch, height, width, time) format, transposing to (batch, time, height, width)
  Added 24000 downsampled samples at resolution 32
Total samples loaded: 24000
Resolution distribution:
  32_downsampled: 24000 samples
Sample x shapes: [(1, 32, 32), (1, 32, 32), (1, 32, 32)]
Sample y shapes: [(1, 32, 32), (1, 32, 32), (1, 32, 32)]
Loading Navier-Stokes multi-resolution data from /data/user_data/rvk/ns_data/
Viscosity: 0.001, File extension: .h5
Target samples per resolution (from files): {512: 0, 256: 0, 128: 0, 64: 0}
Additional downsampled resolutions: [32]
Target samples per downsampled resolution: {32: 1000}
Will downsample from resolution: 64
Adding downsampled resolutions: [32]
Adding downsampled data from /data/user_data/rvk/ns_data/ns_64_0.001.h5
  Loading .h5 file...
  Available keys: ['a', 't', 'u']
  Detected (batch, height, width, time) format, transposing to (batch, time, height, width)
  Added 3000 downsampled samples at resolution 32
Total samples loaded: 3000
Resolution distribution:
  32_downsampled: 3000 samples
Sample x shapes: [(1, 32, 32), (1, 32, 32), (1, 32, 32)]
Sample y shapes: [(1, 32, 32), (1, 32, 32), (1, 32, 32)]
Loading Navier-Stokes multi-resolution data from /data/user_data/rvk/ns_data/
Viscosity: 0.001, File extension: .h5
Target samples per resolution (from files): {512: 0, 256: 0, 128: 0, 64: 0}
Additional downsampled resolutions: [32]
Target samples per downsampled resolution: {32: 1000}
Will downsample from resolution: 64
Adding downsampled resolutions: [32]
Adding downsampled data from /data/user_data/rvk/ns_data/ns_64_0.001.h5
  Loading .h5 file...
  Available keys: ['a', 't', 'u']
  Detected (batch, height, width, time) format, transposing to (batch, time, height, width)
  Added 3000 downsampled samples at resolution 32
Total samples loaded: 3000
Resolution distribution:
  32_downsampled: 3000 samples
Sample x shapes: [(1, 32, 32), (1, 32, 32), (1, 32, 32)]
Sample y shapes: [(1, 32, 32), (1, 32, 32), (1, 32, 32)]
---------Using simple global normalization---------------
Global statistics: X(mean=0.000000, std=0.623367), Y(mean=0.000000, std=0.642137)

Final dataset sizes:
Train dataset size: 24000
Validation dataset size: 3000
Test dataset size: 3000
<dataloaders.ns_naive_true_multires.ns_true_multires_markov_dataset.<locals>.SimpleNormalizedDataset object at 0x14a4c8d6ccd0>
Created resolution groups:
  Resolution 32: 24000 samples
Created resolution groups:
  Resolution 32: 3000 samples
Created resolution groups:
  Resolution 32: 3000 samples
<class 'torch.Tensor'> 5.820766091346741e-11 3.259629011154175e-09 0.954813539981842 0.9560222029685974
FFNO2D(
  (in_proj): WNLinear(in_features=3, out_features=64, bias=True)
  (fourier_layers): ModuleList(
    (0-3): 4 x FSpectralConv2d(
      (fourier_weight): ParameterList(
          (0): Parameter containing: [torch.float32 of size 64x64x64x2 (cuda:0)]
          (1): Parameter containing: [torch.float32 of size 64x64x64x2 (cuda:0)]
      )
      (backcast_ff): FeedForward(
        (layers): ModuleList(
          (0): Sequential(
            (0): Linear(in_features=64, out_features=256, bias=True)
            (1): Dropout(p=0.2, inplace=False)
            (2): GELU(approximate='none')
            (3): Identity()
          )
          (1): Sequential(
            (0): Linear(in_features=256, out_features=256, bias=True)
            (1): Dropout(p=0.2, inplace=False)
            (2): GELU(approximate='none')
            (3): Identity()
          )
          (2): Sequential(
            (0): Linear(in_features=256, out_features=64, bias=True)
            (1): Dropout(p=0.2, inplace=False)
            (2): Identity()
            (3): LayerNorm((64,), eps=1e-05, elementwise_affine=True)
          )
        )
      )
    )
  )
  (out_proj): WNLinear(in_features=64, out_features=1, bias=True)
)
Total Model Parameters: 4.59M
Trainable Parameters: 4.59M
Epoch 0, Train Loss: 0.09030999, Val Loss: 0.04330510
Epoch 10, Train Loss: 0.00540096, Val Loss: 0.00648659
Epoch 20, Train Loss: 0.00366342, Val Loss: 0.00749529
Epoch 30, Train Loss: 0.00178677, Val Loss: 0.00624738
Epoch 40, Train Loss: 0.00172239, Val Loss: 0.00730322
Epoch 50, Train Loss: 0.00160799, Val Loss: 0.00579014
Epoch 60, Train Loss: 0.00124521, Val Loss: 0.00658142
Epoch 70, Train Loss: 0.00123429, Val Loss: 0.00663231
Epoch 80, Train Loss: 0.00119632, Val Loss: 0.00653991
Epoch 90, Train Loss: 0.00103659, Val Loss: 0.00639742
Test L2 Loss: 0.006498
Model saved to checkpoints/ffno2d/ns_5441592.pt
Created/verified figures directory: figures/5441592
Evaluating 2D NS model at multiple resolutions
Using normalizer from training resolution 512
Testing resolutions: [32, 64, 128, 256, 512]
Loading from file: /data/user_data/rvk/ns_data/ns_512_0.001.h5
Loading .h5 file...
Available keys: ['a', 't', 'u']
H5 data shape before any processing: (1000, 512, 512, 32)
Detected (batch, height, width, time) format, transposing to (batch, time, height, width)
Raw data shape: (1000, 32, 512, 512)
Converted to shape: (1000, 32, 512, 512, 1)
After reduction: (1000, 32, 32, 32, 1)
Markov pairs - x: (1000, 30, 32, 32, 1), y: (1000, 30, 32, 32, 1)
Final x shape: torch.Size([30000, 1, 32, 32])
Final y shape: torch.Size([30000, 1, 32, 32])
Dataset splits - Train: 24000, Val: 3000, Test: 3000

Final dataset sizes:
Train dataset size: 24000
Validation dataset size: 3000
Test dataset size: 3000
Selected random indices for plotting: [615, 1594, 344, 1069, 382, 1134, 1928, 1897, 1484, 889]
Collected 10 examples for resolution 32
Resolution 32 (downsample factor: 16) - Relative L2 Loss: 0.006524
Memory cleaned after resolution 32


Loading from file: /data/user_data/rvk/ns_data/ns_512_0.001.h5
Loading .h5 file...
Available keys: ['a', 't', 'u']
H5 data shape before any processing: (1000, 512, 512, 32)
Detected (batch, height, width, time) format, transposing to (batch, time, height, width)
Raw data shape: (1000, 32, 512, 512)
Converted to shape: (1000, 32, 512, 512, 1)
After reduction: (1000, 32, 64, 64, 1)
Markov pairs - x: (1000, 30, 64, 64, 1), y: (1000, 30, 64, 64, 1)
Final x shape: torch.Size([30000, 1, 64, 64])
Final y shape: torch.Size([30000, 1, 64, 64])
Dataset splits - Train: 24000, Val: 3000, Test: 3000

Final dataset sizes:
Train dataset size: 24000
Validation dataset size: 3000
Test dataset size: 3000
Collected 10 examples for resolution 64
Resolution 64 (downsample factor: 8) - Relative L2 Loss: 0.011522
Memory cleaned after resolution 64


Loading from file: /data/user_data/rvk/ns_data/ns_512_0.001.h5
Loading .h5 file...
Available keys: ['a', 't', 'u']
H5 data shape before any processing: (1000, 512, 512, 32)
Detected (batch, height, width, time) format, transposing to (batch, time, height, width)
Raw data shape: (1000, 32, 512, 512)
Converted to shape: (1000, 32, 512, 512, 1)
After reduction: (1000, 32, 128, 128, 1)
Markov pairs - x: (1000, 30, 128, 128, 1), y: (1000, 30, 128, 128, 1)
Final x shape: torch.Size([30000, 1, 128, 128])
Final y shape: torch.Size([30000, 1, 128, 128])
Dataset splits - Train: 24000, Val: 3000, Test: 3000

Final dataset sizes:
Train dataset size: 24000
Validation dataset size: 3000
Test dataset size: 3000
Collected 10 examples for resolution 128
Resolution 128 (downsample factor: 4) - Relative L2 Loss: 0.015908
Memory cleaned after resolution 128


Loading from file: /data/user_data/rvk/ns_data/ns_512_0.001.h5
Loading .h5 file...
Available keys: ['a', 't', 'u']
H5 data shape before any processing: (1000, 512, 512, 32)
Detected (batch, height, width, time) format, transposing to (batch, time, height, width)
Raw data shape: (1000, 32, 512, 512)
Converted to shape: (1000, 32, 512, 512, 1)
After reduction: (1000, 32, 256, 256, 1)
Markov pairs - x: (1000, 30, 256, 256, 1), y: (1000, 30, 256, 256, 1)
Final x shape: torch.Size([30000, 1, 256, 256])
Final y shape: torch.Size([30000, 1, 256, 256])
Dataset splits - Train: 24000, Val: 3000, Test: 3000

Final dataset sizes:
Train dataset size: 24000
Validation dataset size: 3000
Test dataset size: 3000
Collected 10 examples for resolution 256
Resolution 256 (downsample factor: 2) - Relative L2 Loss: 0.017892
Memory cleaned after resolution 256


Loading from file: /data/user_data/rvk/ns_data/ns_512_0.001.h5
Loading .h5 file...
Available keys: ['a', 't', 'u']
H5 data shape before any processing: (1000, 512, 512, 32)
Detected (batch, height, width, time) format, transposing to (batch, time, height, width)
Raw data shape: (1000, 32, 512, 512)
Converted to shape: (1000, 32, 512, 512, 1)
After reduction: (1000, 32, 512, 512, 1)
Markov pairs - x: (1000, 30, 512, 512, 1), y: (1000, 30, 512, 512, 1)
Final x shape: torch.Size([30000, 1, 512, 512])
Final y shape: torch.Size([30000, 1, 512, 512])
Dataset splits - Train: 24000, Val: 3000, Test: 3000

Final dataset sizes:
Train dataset size: 24000
Validation dataset size: 3000
Test dataset size: 3000
Collected 10 examples for resolution 512
Resolution 512 (downsample factor: 1) - Relative L2 Loss: 0.018491
Memory cleaned after resolution 512


Creating 2D prediction vs target plots...
Saved main 2D comparison plot: figures/5441592/prediction_plots/ns_2d_main_comparison.png
Saved individual 2D plot: figures/5441592/prediction_plots/ns_2d_res_32_example_1_20250908_011834.png
Saved individual 2D plot: figures/5441592/prediction_plots/ns_2d_res_32_example_2_20250908_011834.png
Saved individual 2D plot: figures/5441592/prediction_plots/ns_2d_res_32_example_3_20250908_011834.png
Saved individual 2D plot: figures/5441592/prediction_plots/ns_2d_res_32_example_4_20250908_011834.png
Saved individual 2D plot: figures/5441592/prediction_plots/ns_2d_res_32_example_5_20250908_011834.png
Saved individual 2D plot: figures/5441592/prediction_plots/ns_2d_res_32_example_6_20250908_011834.png
Saved individual 2D plot: figures/5441592/prediction_plots/ns_2d_res_32_example_7_20250908_011834.png
Saved individual 2D plot: figures/5441592/prediction_plots/ns_2d_res_32_example_8_20250908_011834.png
Saved individual 2D plot: figures/5441592/prediction_plots/ns_2d_res_32_example_9_20250908_011834.png
Saved individual 2D plot: figures/5441592/prediction_plots/ns_2d_res_32_example_10_20250908_011834.png
Saved individual 2D plot: figures/5441592/prediction_plots/ns_2d_res_64_example_1_20250908_011834.png
Saved individual 2D plot: figures/5441592/prediction_plots/ns_2d_res_64_example_2_20250908_011834.png
Saved individual 2D plot: figures/5441592/prediction_plots/ns_2d_res_64_example_3_20250908_011834.png
Saved individual 2D plot: figures/5441592/prediction_plots/ns_2d_res_64_example_4_20250908_011834.png
Saved individual 2D plot: figures/5441592/prediction_plots/ns_2d_res_64_example_5_20250908_011834.png
Saved individual 2D plot: figures/5441592/prediction_plots/ns_2d_res_64_example_6_20250908_011834.png
Saved individual 2D plot: figures/5441592/prediction_plots/ns_2d_res_64_example_7_20250908_011834.png
Saved individual 2D plot: figures/5441592/prediction_plots/ns_2d_res_64_example_8_20250908_011834.png
Saved individual 2D plot: figures/5441592/prediction_plots/ns_2d_res_64_example_9_20250908_011834.png
Saved individual 2D plot: figures/5441592/prediction_plots/ns_2d_res_64_example_10_20250908_011834.png
Saved individual 2D plot: figures/5441592/prediction_plots/ns_2d_res_128_example_1_20250908_011834.png
Saved individual 2D plot: figures/5441592/prediction_plots/ns_2d_res_128_example_2_20250908_011834.png
Saved individual 2D plot: figures/5441592/prediction_plots/ns_2d_res_128_example_3_20250908_011834.png
Saved individual 2D plot: figures/5441592/prediction_plots/ns_2d_res_128_example_4_20250908_011834.png
Saved individual 2D plot: figures/5441592/prediction_plots/ns_2d_res_128_example_5_20250908_011834.png
Saved individual 2D plot: figures/5441592/prediction_plots/ns_2d_res_128_example_6_20250908_011834.png
Saved individual 2D plot: figures/5441592/prediction_plots/ns_2d_res_128_example_7_20250908_011834.png
Saved individual 2D plot: figures/5441592/prediction_plots/ns_2d_res_128_example_8_20250908_011834.png
Saved individual 2D plot: figures/5441592/prediction_plots/ns_2d_res_128_example_9_20250908_011834.png
Saved individual 2D plot: figures/5441592/prediction_plots/ns_2d_res_128_example_10_20250908_011834.png
Saved individual 2D plot: figures/5441592/prediction_plots/ns_2d_res_256_example_1_20250908_011834.png
Saved individual 2D plot: figures/5441592/prediction_plots/ns_2d_res_256_example_2_20250908_011834.png
Saved individual 2D plot: figures/5441592/prediction_plots/ns_2d_res_256_example_3_20250908_011834.png
Saved individual 2D plot: figures/5441592/prediction_plots/ns_2d_res_256_example_4_20250908_011834.png
Saved individual 2D plot: figures/5441592/prediction_plots/ns_2d_res_256_example_5_20250908_011834.png
Saved individual 2D plot: figures/5441592/prediction_plots/ns_2d_res_256_example_6_20250908_011834.png
Saved individual 2D plot: figures/5441592/prediction_plots/ns_2d_res_256_example_7_20250908_011834.png
Saved individual 2D plot: figures/5441592/prediction_plots/ns_2d_res_256_example_8_20250908_011834.png
Saved individual 2D plot: figures/5441592/prediction_plots/ns_2d_res_256_example_9_20250908_011834.png
Saved individual 2D plot: figures/5441592/prediction_plots/ns_2d_res_256_example_10_20250908_011834.png
Saved individual 2D plot: figures/5441592/prediction_plots/ns_2d_res_512_example_1_20250908_011834.png
Saved individual 2D plot: figures/5441592/prediction_plots/ns_2d_res_512_example_2_20250908_011834.png
Saved individual 2D plot: figures/5441592/prediction_plots/ns_2d_res_512_example_3_20250908_011834.png
Saved individual 2D plot: figures/5441592/prediction_plots/ns_2d_res_512_example_4_20250908_011834.png
Saved individual 2D plot: figures/5441592/prediction_plots/ns_2d_res_512_example_5_20250908_011834.png
Saved individual 2D plot: figures/5441592/prediction_plots/ns_2d_res_512_example_6_20250908_011834.png
Saved individual 2D plot: figures/5441592/prediction_plots/ns_2d_res_512_example_7_20250908_011834.png
Saved individual 2D plot: figures/5441592/prediction_plots/ns_2d_res_512_example_8_20250908_011834.png
Saved individual 2D plot: figures/5441592/prediction_plots/ns_2d_res_512_example_9_20250908_011834.png
Saved individual 2D plot: figures/5441592/prediction_plots/ns_2d_res_512_example_10_20250908_011834.png
Created individual plots for 10 examples at each resolution
Saved numerical results: figures/5441592/ns_1d_evaluation_results_20250908_011939.csv
Saved summary: figures/5441592/ns_1d_evaluation_summary_20250908_011939.txt

==================================================
2D NS EVALUATION SUMMARY
==================================================
Resolution  32x 32: 0.006524
Resolution  64x 64: 0.011522
Resolution 128x128: 0.015908
Resolution 256x256: 0.017892
Resolution 512x512: 0.018491

Summary of Super-Resolution Evaluation:
Resolution factor 32: Relative L2 Loss = 0.006524
Resolution factor 64: Relative L2 Loss = 0.011522
Resolution factor 128: Relative L2 Loss = 0.015908
Resolution factor 256: Relative L2 Loss = 0.017892
Resolution factor 512: Relative L2 Loss = 0.018491

Evaluation plots saved to: figures/5441592
Wandb run: https://wandb.ai/rohanvk-carnegie-mellon-university/ffno2d/runs/hxugxin9
Job completed at Mon Sep  8 01:19:59 AM EDT 2025
