Job started on babel-7-9 at Thu Mar 13 15:56:03 EDT 2025
Job ID: 4369894
Using device: cuda
[2025-03-13 15:56:06,963][root][INFO] - model:
  modes: 12
  width: 32
  n_blocks: 4
  name: fno_2d
dataset:
  pde: darcy_flow_0.01
  data_path1: data/pdebench/darcy_flow_beta_0.01.h5
batch_size: 64
epochs: 500
learning_rate: 0.001
use_normalizer: false
res_scale: 1
model_type: fno
project_name: ${dataset.pde}_${model.name}$
checkpoint_dir: checkpoints

Top level keys: ['force', 'particles', 't', 'velocity']
Dataset 'force' has shape: (4, 512, 512, 2)
Data type: float32
Dataset 'particles' has shape: (4, 1000, 512, 512, 1)
Data type: float32
Values of 't':
[[0.    0.005 0.01  ... 4.985 4.99  4.995]
 [0.    0.005 0.01  ... 4.985 4.99  4.995]
 [0.    0.005 0.01  ... 4.985 4.99  4.995]
 [0.    0.005 0.01  ... 4.985 4.99  4.995]]
Dataset 't' has shape: (4, 1000)
Data type: float32
Dataset 'velocity' has shape: (4, 1000, 512, 512, 2)
Data type: float32
Job completed at Thu Mar 13 15:56:07 EDT 2025
