Job started on shire-1-6 at Tue Mar 18 20:54:57 EDT 2025
Job ID: 4399912
Using device: cuda:0
Target features are normalized using pointwise unit normalizer
Input features are normalized using unit transformer
Target features are normalized using pointwise unit normalizer
Input features are normalized using unit transformer
Graph(num_nodes=25600, num_edges=0,
      ndata_schemes={'x': Scheme(shape=(1,), dtype=torch.float32), 'y': Scheme(shape=(1,), dtype=torch.float32), 'u_flag': Scheme(shape=(1,), dtype=torch.float32)}
      edata_schemes={}) tensor([[0.],
        [0.],
        [0.],
        [0.],
        [0.],
        [0.],
        [0.],
        [0.],
        [0.],
        [0.],
        [0.],
        [0.],
        [0.],
        [0.],
        [0.],
        [0.],
        [0.],
        [0.],
        [0.],
        [0.],
        [0.],
        [0.],
        [0.],
        [0.],
        [0.]]) Graph(num_nodes=25600, num_edges=0,
      ndata_schemes={'x': Scheme(shape=(1,), dtype=torch.float32), 'u': Scheme(shape=(1,), dtype=torch.float32)}
      edata_schemes={})
Graph g: 25600 nodes, 0 edges
Node features shape: torch.Size([25600, 1])
Node targets shape: torch.Size([25600, 1])
Parameters u_p shape: torch.Size([25, 1])
Graph g_u: 25600 nodes, 0 edges
g_u node features shape: torch.Size([25600, 1])
Using Linear Attention
Using Linear Attention
Using Linear Attention

Model: MoEGPT	 Number of params: 737863
Saving model and result in ./data/checkpoints/burgers_all_MoEGPTNO_burgers_test_0318_20_55_04.pt

Using cycle learning rate schedule
Job completed at Tue Mar 18 20:55:07 EDT 2025
