Job started on babel-7-1 at Thu Mar  6 11:03:12 EST 2025
Using device: cuda
Loading data from data/darcy_data_mat/piececonst_r241_N1024_smooth1.mat and data/darcy_data_mat/piececonst_r241_N1024_smooth2.mat
Loaded data shapes: X=(2048, 241, 241), y=(2048, 241, 241)
Training set: 1638 samples
Validation set: 204 samples
Test set: 206 samples
Input shape: torch.Size([16, 1, 241, 241])
Output shape: torch.Size([16, 1, 241, 241])
Epoch 0, Train Loss: 2.00307530, Val Loss: 0.12745623
Epoch 10, Train Loss: 0.00922142, Val Loss: 0.01387360
Epoch 20, Train Loss: 0.00416995, Val Loss: 0.00912164
Epoch 30, Train Loss: 0.00419898, Val Loss: 0.01473825
Epoch 40, Train Loss: 0.00401755, Val Loss: 0.00231030
Epoch 50, Train Loss: 0.00221907, Val Loss: 0.00301133
Epoch 60, Train Loss: 0.00156981, Val Loss: 0.00266636
Epoch 70, Train Loss: 0.00183584, Val Loss: 0.00184585
Epoch 80, Train Loss: 0.00195648, Val Loss: 0.00220127
Epoch 90, Train Loss: 0.00117529, Val Loss: 0.00120035
Epoch 100, Train Loss: 0.00055007, Val Loss: 0.00088833
Epoch 110, Train Loss: 0.00112952, Val Loss: 0.00116145
Epoch 120, Train Loss: 0.00042202, Val Loss: 0.00082526
Epoch 130, Train Loss: 0.00029198, Val Loss: 0.00073305
Epoch 140, Train Loss: 0.00040790, Val Loss: 0.00055357
Epoch 150, Train Loss: 0.00017702, Val Loss: 0.00047262
Epoch 160, Train Loss: 0.00015274, Val Loss: 0.00046949
Epoch 170, Train Loss: 0.00012899, Val Loss: 0.00041805
Epoch 180, Train Loss: 0.00011198, Val Loss: 0.00039242
Epoch 190, Train Loss: 0.00010694, Val Loss: 0.00038474
Test L2 Loss: 0.000053
Figure saved to output_logs/predictions/darcy_flow_fno_4337696_predictions.png
Model saved to checkpoints/darcy_flow_fno2d/darcy_flow_fno2d_ffno_4337696.pt
[1;34mwandb[0m: 
[1;34mwandb[0m: 🚀 View run [33mrich-shape-13[0m at: [34mhttps://wandb.ai/rohanvk-carnegie-mellon-university/darcy_flow_fno2d/runs/6ipzk0zc[0m
[1;34mwandb[0m: Find logs at: [1;35mwandb/run-20250306_110329-6ipzk0zc/logs[0m
Job completed at Thu Mar  6 14:06:15 EST 2025
